************************************************************
FileName: reports/Regional_Reports_APAC/YPO_Renewal_Projection_Report_APAC.report
FullName/Id: Regional_Reports_APAC/YPO_Renewal_Projection_Report_APAC/00O61000004EL92EAG
Manageable State: unmanaged
Namespace Prefix: null
Created By (Name/Id): Danny Smith/00561000002BqLRAA0
Last Modified By (Name/Id): Danny Smith/00561000002BqLRAA0
************************************************************
************************************************************
FileName: reports/Regional_Reports_APAC/YPO_Chapter_Health_Metrics_APAC.report
FullName/Id: Regional_Reports_APAC/YPO_Chapter_Health_Metrics_APAC/00O610000042p8sEAA
Manageable State: unmanaged
Namespace Prefix: null
Created By (Name/Id): Danny Smith/00561000002BqLRAA0
Last Modified By (Name/Id): Danny Smith/00561000002BqLRAA0
************************************************************
************************************************************
FileName: reports/Regional_Reports_APAC/FY19_Chapter_Off_ID_Not_Registered_APAC.report
FullName/Id: Regional_Reports_APAC/FY19_Chapter_Off_ID_Not_Registered_APAC/00O610000042x4UEAQ
Manageable State: unmanaged
Namespace Prefix: null
Created By (Name/Id): Danny Smith/00561000002BqLRAA0
Last Modified By (Name/Id): Danny Smith/00561000002BqLRAA0
************************************************************
************************************************************
FileName: reports/Regional_Reports_APAC/FY19_Chapter_Officers_Attd_GLC_APAC.report
FullName/Id: Regional_Reports_APAC/FY19_Chapter_Officers_Attd_GLC_APAC/00O610000042p3TEAQ
Manageable State: unmanaged
Namespace Prefix: null
Created By (Name/Id): Danny Smith/00561000002BqLRAA0
Last Modified By (Name/Id): Danny Smith/00561000002BqLRAA0
************************************************************
************************************************************
FileName: reports/Regional_Reports_APAC/FY19_Regional_Off_ID_Not_Registered_APAC.report
FullName/Id: Regional_Reports_APAC/FY19_Regional_Off_ID_Not_Registered_APAC/00O610000042x53EAA
Manageable State: unmanaged
Namespace Prefix: null
Created By (Name/Id): Danny Smith/00561000002BqLRAA0
Last Modified By (Name/Id): Danny Smith/00561000002BqLRAA0
************************************************************
************************************************************
FileName: reports/Regional_Reports_APAC/FY19_Officers_Attd_CLW_Americas_APAC.report
FullName/Id: Regional_Reports_APAC/FY19_Officers_Attd_CLW_Americas_APAC/00O610000042p55EAA
Manageable State: unmanaged
Namespace Prefix: null
Created By (Name/Id): Danny Smith/00561000002BqLRAA0
Last Modified By (Name/Id): Danny Smith/00561000002BqLRAA0
************************************************************
************************************************************
FileName: reports/Regional_Reports_APAC/FY19_Regional_Officer_ID_APAC.report
FullName/Id: Regional_Reports_APAC/FY19_Regional_Officer_ID_APAC/00O610000042mXpEAI
Manageable State: unmanaged
Namespace Prefix: null
Created By (Name/Id): Danny Smith/00561000002BqLRAA0
Last Modified By (Name/Id): Danny Smith/00561000002BqLRAA0
************************************************************
************************************************************
FileName: reports/Regional_Reports_APAC/Renewal_Report_All_APAC_Members_FY18.report
FullName/Id: Regional_Reports_APAC/Renewal_Report_All_APAC_Members_FY18/00O61000004Dy8zEAC
Manageable State: unmanaged
Namespace Prefix: null
Created By (Name/Id): Danny Smith/00561000002BqLRAA0
Last Modified By (Name/Id): Danny Smith/00561000002BqLRAA0
************************************************************
************************************************************
FileName: reports/Regional_Reports_APAC/FY19_Officer_Attd_CLW_Europe_APAC.report
FullName/Id: Regional_Reports_APAC/FY19_Officer_Attd_CLW_Europe_APAC/00O610000042p68EAA
Manageable State: unmanaged
Namespace Prefix: null
Created By (Name/Id): Danny Smith/00561000002BqLRAA0
Last Modified By (Name/Id): Danny Smith/00561000002BqLRAA0
************************************************************
************************************************************
FileName: reports/Regional_Reports_APAC/YPO_Chapter_Health_Data_APAC.report
FullName/Id: Regional_Reports_APAC/YPO_Chapter_Health_Data_APAC/00O610000042p8dEAA
Manageable State: unmanaged
Namespace Prefix: null
Created By (Name/Id): Danny Smith/00561000002BqLRAA0
Last Modified By (Name/Id): Danny Smith/00561000002BqLRAA0
************************************************************
************************************************************
FileName: reports/Regional_Reports_APAC/FY19_Chapter_Officers_ID_APAC.report
FullName/Id: Regional_Reports_APAC/FY19_Chapter_Officers_ID_APAC/00O610000042p1mEAA
Manageable State: unmanaged
Namespace Prefix: null
Created By (Name/Id): Danny Smith/00561000002BqLRAA0
Last Modified By (Name/Id): Danny Smith/00561000002BqLRAA0
************************************************************
************************************************************
FileName: reports/Regional_Reports_APAC/FY19_Reg_Officers_Reg_for_GLC_APAC.report
FullName/Id: Regional_Reports_APAC/FY19_Reg_Officers_Reg_for_GLC_APAC/00O610000042kvaEAA
Manageable State: unmanaged
Namespace Prefix: null
Created By (Name/Id): Danny Smith/00561000002BqLRAA0
Last Modified By (Name/Id): Danny Smith/00561000002BqLRAA0
************************************************************
************************************************************
FileName: reports/Regional_Reports_APAC/FY18_Lifetime_Members_APAC.report
FullName/Id: Regional_Reports_APAC/FY18_Lifetime_Members_APAC/00O61000004ELJ7EAO
Manageable State: unmanaged
Namespace Prefix: null
Created By (Name/Id): Danny Smith/00561000002BqLRAA0
Last Modified By (Name/Id): Danny Smith/00561000002BqLRAA0
************************************************************
************************************************************
FileName: reports/Regional_Reports_APAC/FY18_Chapter_Officers_stats_for_ROW.report
FullName/Id: Regional_Reports_APAC/FY18_Chapter_Officers_stats_for_ROW/00O61000004347HEAQ
Manageable State: unmanaged
Namespace Prefix: null
Created By (Name/Id): Wayne Robertson/00561000002Dp34AAC
Last Modified By (Name/Id): Wayne Robertson/00561000002Dp34AAC
************************************************************
************************************************************
FileName: reports/Regional_Reports_APAC/YPO_CBMS5.report
FullName/Id: Regional_Reports_APAC/YPO_CBMS5/00O610000042kyAEAQ
Manageable State: unmanaged
Namespace Prefix: null
Created By (Name/Id): Danny Smith/00561000002BqLRAA0
Last Modified By (Name/Id): Danny Smith/00561000002BqLRAA0
************************************************************
************************************************************
FileName: reports/Regional_Reports_APAC/APAC_Regional_Goals.report
FullName/Id: Regional_Reports_APAC/APAC_Regional_Goals/00O6100000435oDEAQ
Manageable State: unmanaged
Namespace Prefix: null
Created By (Name/Id): Danny Smith/00561000002BqLRAA0
Last Modified By (Name/Id): Danny Smith/00561000002BqLRAA0
************************************************************
************************************************************
FileName: reports/Regional_Reports_APAC/YPO_Chapter_Visits_APAC.report
FullName/Id: Regional_Reports_APAC/YPO_Chapter_Visits_APAC/00O610000043AVBEA2
Manageable State: unmanaged
Namespace Prefix: null
Created By (Name/Id): Danny Smith/00561000002BqLRAA0
Last Modified By (Name/Id): Danny Smith/00561000002BqLRAA0
************************************************************
************************************************************
FileName: reports/Regional_Reports_APAC/YPO_Gold_CBMS4.report
FullName/Id: Regional_Reports_APAC/YPO_Gold_CBMS4/00O610000042jQ2EAI
Manageable State: unmanaged
Namespace Prefix: null
Created By (Name/Id): Danny Smith/00561000002BqLRAA0
Last Modified By (Name/Id): Danny Smith/00561000002BqLRAA0
************************************************************
