************************************************************
FileName: documents/APXTConga4__CongaSP_Invoice_Opportunity_QS
FullName/Id: APXTConga4__CongaSP_Invoice_Opportunity_QS/00l61000000bS6cAAE
Manageable State: installed
Namespace Prefix: APXTConga4
Created By (Name/Id): TEMPORARY FF Onboarding Login/00561000002zrVwAAI
Last Modified By (Name/Id): TEMPORARY FF Onboarding Login/00561000002zrVwAAI
************************************************************
************************************************************
FileName: documents/ffr__Icons
FullName/Id: ffr__Icons/00l61000000bS2HAAU
Manageable State: installed
Namespace Prefix: ffr
Created By (Name/Id): TEMPORARY FF Onboarding Login/00561000002zrVwAAI
Last Modified By (Name/Id): TEMPORARY FF Onboarding Login/00561000002zrVwAAI
************************************************************
************************************************************
FileName: documents/DocuSignSP__CongaSP_DocuSign_Quote
FullName/Id: DocuSignSP__CongaSP_DocuSign_Quote/00l61000000OJMzAAO
Manageable State: installed
Namespace Prefix: DocuSignSP
Created By (Name/Id): Andrew Aasen/00561000001cqr9AAA
Last Modified By (Name/Id): Andrew Aasen/00561000001cqr9AAA
************************************************************
************************************************************
FileName: documents/ffaci__CongaSP_Statement_Email
FullName/Id: ffaci__CongaSP_Statement_Email/00l61000000bS6QAAU
Manageable State: installed
Namespace Prefix: ffaci
Created By (Name/Id): TEMPORARY FF Onboarding Login/00561000002zrVwAAI
Last Modified By (Name/Id): TEMPORARY FF Onboarding Login/00561000002zrVwAAI
************************************************************
************************************************************
FileName: documents/KGRenewal__CustomTabIcons
FullName/Id: KGRenewal__CustomTabIcons/00l61000000kwI7AAI
Manageable State: installed
Namespace Prefix: KGRenewal
Created By (Name/Id): Kinetic Growth (YPO Prod)/00561000001NqIIAA0
Last Modified By (Name/Id): Kinetic Growth (YPO Prod)/00561000001NqIIAA0
************************************************************
************************************************************
FileName: documents/APXTConga4__CongaSP_Account_Brief_QS
FullName/Id: APXTConga4__CongaSP_Account_Brief_QS/00l61000000bS6YAAU
Manageable State: installed
Namespace Prefix: APXTConga4
Created By (Name/Id): TEMPORARY FF Onboarding Login/00561000002zrVwAAI
Last Modified By (Name/Id): TEMPORARY FF Onboarding Login/00561000002zrVwAAI
************************************************************
************************************************************
FileName: documents/ffr__FinancialForceDocuments
FullName/Id: ffr__FinancialForceDocuments/00l61000000bS2FAAU
Manageable State: installed
Namespace Prefix: ffr
Created By (Name/Id): TEMPORARY FF Onboarding Login/00561000002zrVwAAI
Last Modified By (Name/Id): TEMPORARY FF Onboarding Login/00561000002zrVwAAI
************************************************************
************************************************************
FileName: documents/SharedDocuments
FullName/Id: SharedDocuments/00l61000000R8gpAAC
Manageable State: unmanaged
Namespace Prefix: null
Created By (Name/Id): Todd Reed/00561000000IfUJAA0
Last Modified By (Name/Id): Todd Reed/00561000000IfUJAA0
************************************************************
************************************************************
FileName: documents/APXT_BPM__Conga_Resources
FullName/Id: APXT_BPM__Conga_Resources/00l61000000bS67AAE
Manageable State: installed
Namespace Prefix: APXT_BPM
Created By (Name/Id): TEMPORARY FF Onboarding Login/00561000002zrVwAAI
Last Modified By (Name/Id): TEMPORARY FF Onboarding Login/00561000002zrVwAAI
************************************************************
************************************************************
FileName: documents/ffaci__CongaSP_BDOC_Eml
FullName/Id: ffaci__CongaSP_BDOC_Eml/00l61000000bS6EAAU
Manageable State: installed
Namespace Prefix: ffaci
Created By (Name/Id): TEMPORARY FF Onboarding Login/00561000002zrVwAAI
Last Modified By (Name/Id): TEMPORARY FF Onboarding Login/00561000002zrVwAAI
************************************************************
************************************************************
FileName: documents/APXTConga4__CongaSP_Sales_Quote
FullName/Id: APXTConga4__CongaSP_Sales_Quote/00l61000000bS6fAAE
Manageable State: installed
Namespace Prefix: APXTConga4
Created By (Name/Id): TEMPORARY FF Onboarding Login/00561000002zrVwAAI
Last Modified By (Name/Id): TEMPORARY FF Onboarding Login/00561000002zrVwAAI
************************************************************
************************************************************
FileName: documents/NVMContactWorld__NewVoiceMedia
FullName/Id: NVMContactWorld__NewVoiceMedia/00l610000016biYAAQ
Manageable State: installed
Namespace Prefix: NVMContactWorld
Created By (Name/Id): Kelli Do/00561000001PrKOAA0
Last Modified By (Name/Id): Kelli Do/00561000001PrKOAA0
************************************************************
************************************************************
FileName: documents/alm_pm2__Bluewolf_ALM
FullName/Id: alm_pm2__Bluewolf_ALM/00l61000000MlfnAAC
Manageable State: installed
Namespace Prefix: alm_pm2
Created By (Name/Id): Lily Kubota/00561000000ImxXAAS
Last Modified By (Name/Id): Lily Kubota/00561000000ImxXAAS
************************************************************
************************************************************
FileName: documents/ffaci__CongaSP_SINV_Email
FullName/Id: ffaci__CongaSP_SINV_Email/00l61000000bS6OAAU
Manageable State: installed
Namespace Prefix: ffaci
Created By (Name/Id): TEMPORARY FF Onboarding Login/00561000002zrVwAAI
Last Modified By (Name/Id): TEMPORARY FF Onboarding Login/00561000002zrVwAAI
************************************************************
************************************************************
FileName: documents/ffaci__CongaSP_SCRN
FullName/Id: ffaci__CongaSP_SCRN/00l61000000bS6KAAU
Manageable State: installed
Namespace Prefix: ffaci
Created By (Name/Id): TEMPORARY FF Onboarding Login/00561000002zrVwAAI
Last Modified By (Name/Id): TEMPORARY FF Onboarding Login/00561000002zrVwAAI
************************************************************
************************************************************
FileName: documents/ffaci__CongaSP_SCRN_PDF
FullName/Id: ffaci__CongaSP_SCRN_PDF/00l61000000bS6MAAU
Manageable State: installed
Namespace Prefix: ffaci
Created By (Name/Id): TEMPORARY FF Onboarding Login/00561000002zrVwAAI
Last Modified By (Name/Id): TEMPORARY FF Onboarding Login/00561000002zrVwAAI
************************************************************
************************************************************
FileName: documents/ffaci__CongaSP_Templates_Folder
FullName/Id: ffaci__CongaSP_Templates_Folder/00l61000000bS6SAAU
Manageable State: installed
Namespace Prefix: ffaci
Created By (Name/Id): TEMPORARY FF Onboarding Login/00561000002zrVwAAI
Last Modified By (Name/Id): TEMPORARY FF Onboarding Login/00561000002zrVwAAI
************************************************************
************************************************************
FileName: documents/APXTConga4__CongaSP_Proposal_QS
FullName/Id: APXTConga4__CongaSP_Proposal_QS/00l61000000bS6eAAE
Manageable State: installed
Namespace Prefix: APXTConga4
Created By (Name/Id): TEMPORARY FF Onboarding Login/00561000002zrVwAAI
Last Modified By (Name/Id): TEMPORARY FF Onboarding Login/00561000002zrVwAAI
************************************************************
************************************************************
FileName: documents/SalesTools
FullName/Id: SalesTools/00l61000000R8gnAAC
Manageable State: unmanaged
Namespace Prefix: null
Created By (Name/Id): Todd Reed/00561000000IfUJAA0
Last Modified By (Name/Id): Todd Reed/00561000000IfUJAA0
************************************************************
************************************************************
FileName: documents/APXTConga4__CongaSP_Invoice_Opportunity
FullName/Id: APXTConga4__CongaSP_Invoice_Opportunity/00l61000000bS6bAAE
Manageable State: installed
Namespace Prefix: APXTConga4
Created By (Name/Id): TEMPORARY FF Onboarding Login/00561000002zrVwAAI
Last Modified By (Name/Id): TEMPORARY FF Onboarding Login/00561000002zrVwAAI
************************************************************
************************************************************
FileName: documents/ffaci__CongaSP_Check_PDF
FullName/Id: ffaci__CongaSP_Check_PDF/00l61000000bS6GAAU
Manageable State: installed
Namespace Prefix: ffaci
Created By (Name/Id): TEMPORARY FF Onboarding Login/00561000002zrVwAAI
Last Modified By (Name/Id): TEMPORARY FF Onboarding Login/00561000002zrVwAAI
************************************************************
************************************************************
FileName: documents/CongaWorkflow__Conga_Resources
FullName/Id: CongaWorkflow__Conga_Resources/00l61000000OJMtAAO
Manageable State: installed
Namespace Prefix: CongaWorkflow
Created By (Name/Id): Andrew Aasen/00561000001cqr9AAA
Last Modified By (Name/Id): Andrew Aasen/00561000001cqr9AAA
************************************************************
************************************************************
FileName: documents/FingerTip__Salesforce1_Branding_Resources
FullName/Id: FingerTip__Salesforce1_Branding_Resources/00l61000000OLmXAAW
Manageable State: installed
Namespace Prefix: FingerTip
Created By (Name/Id): Joe Aho/00561000002SXOVAA4
Last Modified By (Name/Id): Joe Aho/00561000002SXOVAA4
************************************************************
************************************************************
FileName: documents/ffirule__FinancialForceDocuments
FullName/Id: ffirule__FinancialForceDocuments/00l61000000bS25AAE
Manageable State: installed
Namespace Prefix: ffirule
Created By (Name/Id): TEMPORARY FF Onboarding Login/00561000002zrVwAAI
Last Modified By (Name/Id): TEMPORARY FF Onboarding Login/00561000002zrVwAAI
************************************************************
************************************************************
FileName: documents/ffr__FinancialForceReportingDefinitions
FullName/Id: ffr__FinancialForceReportingDefinitions/00l61000000bS2GAAU
Manageable State: installed
Namespace Prefix: ffr
Created By (Name/Id): TEMPORARY FF Onboarding Login/00561000002zrVwAAI
Last Modified By (Name/Id): TEMPORARY FF Onboarding Login/00561000002zrVwAAI
************************************************************
************************************************************
FileName: documents/ffaci__CongaSP_Statement_PDF
FullName/Id: ffaci__CongaSP_Statement_PDF/00l61000000bS6RAAU
Manageable State: installed
Namespace Prefix: ffaci
Created By (Name/Id): TEMPORARY FF Onboarding Login/00561000002zrVwAAI
Last Modified By (Name/Id): TEMPORARY FF Onboarding Login/00561000002zrVwAAI
************************************************************
************************************************************
FileName: documents/Salesforce_Branding_Resources
FullName/Id: Salesforce_Branding_Resources/00l61000000bROeAAM
Manageable State: unmanaged
Namespace Prefix: null
Created By (Name/Id): Ty East/00561000001PrKTAA0
Last Modified By (Name/Id): Ty East/00561000001PrKTAA0
************************************************************
************************************************************
FileName: documents/WM4SF3__WalkMe_Resources
FullName/Id: WM4SF3__WalkMe_Resources/00l61000000OK4SAAW
Manageable State: installed
Namespace Prefix: WM4SF3
Created By (Name/Id): Ty East/00561000001PrKTAA0
Last Modified By (Name/Id): Ty East/00561000001PrKTAA0
************************************************************
************************************************************
FileName: documents/ffaci__CongaSP_SINV
FullName/Id: ffaci__CongaSP_SINV/00l61000000bS6NAAU
Manageable State: installed
Namespace Prefix: ffaci
Created By (Name/Id): TEMPORARY FF Onboarding Login/00561000002zrVwAAI
Last Modified By (Name/Id): TEMPORARY FF Onboarding Login/00561000002zrVwAAI
************************************************************
************************************************************
FileName: documents/APXTConga4__CongaSP_Client_Letter_QS
FullName/Id: APXTConga4__CongaSP_Client_Letter_QS/00l61000000bS6aAAE
Manageable State: installed
Namespace Prefix: APXTConga4
Created By (Name/Id): TEMPORARY FF Onboarding Login/00561000002zrVwAAI
Last Modified By (Name/Id): TEMPORARY FF Onboarding Login/00561000002zrVwAAI
************************************************************
************************************************************
FileName: documents/MassActDeUser__Mass_User_Update_App
FullName/Id: MassActDeUser__Mass_User_Update_App/00l61000000OJwwAAG
Manageable State: installed
Namespace Prefix: MassActDeUser
Created By (Name/Id): System Administrator/00561000002DrZyAAK
Last Modified By (Name/Id): System Administrator/00561000002DrZyAAK
************************************************************
************************************************************
FileName: documents/DocuSignSP__CongaSP_DocuSign_Contract
FullName/Id: DocuSignSP__CongaSP_DocuSign_Contract/00l61000000OJMyAAO
Manageable State: installed
Namespace Prefix: DocuSignSP
Created By (Name/Id): Andrew Aasen/00561000001cqr9AAA
Last Modified By (Name/Id): Andrew Aasen/00561000001cqr9AAA
************************************************************
************************************************************
FileName: documents/FAM__Fixed_Asset
FullName/Id: FAM__Fixed_Asset/00l61000000bS35AAE
Manageable State: installed
Namespace Prefix: FAM
Created By (Name/Id): TEMPORARY FF Onboarding Login/00561000002zrVwAAI
Last Modified By (Name/Id): TEMPORARY FF Onboarding Login/00561000002zrVwAAI
************************************************************
************************************************************
FileName: documents/c2g__FinancialForceDocuments
FullName/Id: c2g__FinancialForceDocuments/00l61000000bS2LAAU
Manageable State: installed
Namespace Prefix: c2g
Created By (Name/Id): TEMPORARY FF Onboarding Login/00561000002zrVwAAI
Last Modified By (Name/Id): TEMPORARY FF Onboarding Login/00561000002zrVwAAI
************************************************************
************************************************************
FileName: documents/APXTConga4__Conga
FullName/Id: APXTConga4__Conga/00l61000000OGnMAAW
Manageable State: installed
Namespace Prefix: APXTConga4
Created By (Name/Id): Andrew Aasen/00561000001cqr9AAA
Last Modified By (Name/Id): Andrew Aasen/00561000001cqr9AAA
************************************************************
************************************************************
FileName: documents/APXTConga4__CongaSP_Proposal
FullName/Id: APXTConga4__CongaSP_Proposal/00l61000000bS6dAAE
Manageable State: installed
Namespace Prefix: APXTConga4
Created By (Name/Id): TEMPORARY FF Onboarding Login/00561000002zrVwAAI
Last Modified By (Name/Id): TEMPORARY FF Onboarding Login/00561000002zrVwAAI
************************************************************
************************************************************
FileName: documents/ffbf__FinancialForceBankFiles
FullName/Id: ffbf__FinancialForceBankFiles/00l61000000bS2jAAE
Manageable State: installed
Namespace Prefix: ffbf
Created By (Name/Id): TEMPORARY FF Onboarding Login/00561000002zrVwAAI
Last Modified By (Name/Id): TEMPORARY FF Onboarding Login/00561000002zrVwAAI
************************************************************
************************************************************
FileName: documents/WM4SF3__Logos
FullName/Id: WM4SF3__Logos/00l61000000OK4RAAW
Manageable State: installed
Namespace Prefix: WM4SF3
Created By (Name/Id): Ty East/00561000001PrKTAA0
Last Modified By (Name/Id): Ty East/00561000001PrKTAA0
************************************************************
************************************************************
FileName: documents/FingerTip__All
FullName/Id: FingerTip__All/00l61000000OLmWAAW
Manageable State: installed
Namespace Prefix: FingerTip
Created By (Name/Id): Joe Aho/00561000002SXOVAA4
Last Modified By (Name/Id): Joe Aho/00561000002SXOVAA4
************************************************************
************************************************************
FileName: documents/ffaci__CongaSP_Remittance_PDF
FullName/Id: ffaci__CongaSP_Remittance_PDF/00l61000000bS6JAAU
Manageable State: installed
Namespace Prefix: ffaci
Created By (Name/Id): TEMPORARY FF Onboarding Login/00561000002zrVwAAI
Last Modified By (Name/Id): TEMPORARY FF Onboarding Login/00561000002zrVwAAI
************************************************************
************************************************************
FileName: documents/ffaci__CongaSP_SCRN_Email
FullName/Id: ffaci__CongaSP_SCRN_Email/00l61000000bS6LAAU
Manageable State: installed
Namespace Prefix: ffaci
Created By (Name/Id): TEMPORARY FF Onboarding Login/00561000002zrVwAAI
Last Modified By (Name/Id): TEMPORARY FF Onboarding Login/00561000002zrVwAAI
************************************************************
************************************************************
FileName: documents/Louis_YPO_Documentation
FullName/Id: Louis_YPO_Documentation/00l61000000OKhsAAG
Manageable State: unmanaged
Namespace Prefix: null
Created By (Name/Id): Louis Nguyen/00561000001OazKAAS
Last Modified By (Name/Id): Louis Nguyen/00561000001OazKAAS
************************************************************
************************************************************
FileName: documents/ffaci__CongaSP_Test_Document_Folder_Account
FullName/Id: ffaci__CongaSP_Test_Document_Folder_Account/00l61000000bS6TAAU
Manageable State: installed
Namespace Prefix: ffaci
Created By (Name/Id): TEMPORARY FF Onboarding Login/00561000002zrVwAAI
Last Modified By (Name/Id): TEMPORARY FF Onboarding Login/00561000002zrVwAAI
************************************************************
************************************************************
FileName: documents/dsfs__DocuSign_Images
FullName/Id: dsfs__DocuSign_Images/00l61000000kqvlAAA
Manageable State: installed
Namespace Prefix: dsfs
Created By (Name/Id): Jonathan Bernd/00561000000ImwtAAC
Last Modified By (Name/Id): Jonathan Bernd/00561000000ImwtAAC
************************************************************
************************************************************
FileName: documents/ffrr__FinancialForceDocuments
FullName/Id: ffrr__FinancialForceDocuments/00l61000000bS2oAAE
Manageable State: installed
Namespace Prefix: ffrr
Created By (Name/Id): TEMPORARY FF Onboarding Login/00561000002zrVwAAI
Last Modified By (Name/Id): TEMPORARY FF Onboarding Login/00561000002zrVwAAI
************************************************************
************************************************************
FileName: documents/ffc__FFCentral
FullName/Id: ffc__FFCentral/00l61000000bS2AAAU
Manageable State: installed
Namespace Prefix: ffc
Created By (Name/Id): TEMPORARY FF Onboarding Login/00561000002zrVwAAI
Last Modified By (Name/Id): TEMPORARY FF Onboarding Login/00561000002zrVwAAI
************************************************************
************************************************************
FileName: documents/ffaci__CongaSP_BDOC_PDF
FullName/Id: ffaci__CongaSP_BDOC_PDF/00l61000000bS6FAAU
Manageable State: installed
Namespace Prefix: ffaci
Created By (Name/Id): TEMPORARY FF Onboarding Login/00561000002zrVwAAI
Last Modified By (Name/Id): TEMPORARY FF Onboarding Login/00561000002zrVwAAI
************************************************************
************************************************************
FileName: documents/KGRenewal__Renewal_Icons
FullName/Id: KGRenewal__Renewal_Icons/00l61000000kwI8AAI
Manageable State: installed
Namespace Prefix: KGRenewal
Created By (Name/Id): Kinetic Growth (YPO Prod)/00561000001NqIIAA0
Last Modified By (Name/Id): Kinetic Growth (YPO Prod)/00561000001NqIIAA0
************************************************************
************************************************************
FileName: documents/ffaci__CongaSP_BDOC
FullName/Id: ffaci__CongaSP_BDOC/00l61000000bS6DAAU
Manageable State: installed
Namespace Prefix: ffaci
Created By (Name/Id): TEMPORARY FF Onboarding Login/00561000002zrVwAAI
Last Modified By (Name/Id): TEMPORARY FF Onboarding Login/00561000002zrVwAAI
************************************************************
************************************************************
FileName: documents/fferpcore__icons
FullName/Id: fferpcore__icons/00l61000000bS20AAE
Manageable State: installed
Namespace Prefix: fferpcore
Created By (Name/Id): TEMPORARY FF Onboarding Login/00561000002zrVwAAI
Last Modified By (Name/Id): TEMPORARY FF Onboarding Login/00561000002zrVwAAI
************************************************************
************************************************************
FileName: documents/APXTConga4__CongaSP_Client_Letter
FullName/Id: APXTConga4__CongaSP_Client_Letter/00l61000000bS6ZAAU
Manageable State: installed
Namespace Prefix: APXTConga4
Created By (Name/Id): TEMPORARY FF Onboarding Login/00561000002zrVwAAI
Last Modified By (Name/Id): TEMPORARY FF Onboarding Login/00561000002zrVwAAI
************************************************************
************************************************************
FileName: documents/APXTConga4__CongaSP_Account_Brief
FullName/Id: APXTConga4__CongaSP_Account_Brief/00l61000000bS6XAAU
Manageable State: installed
Namespace Prefix: APXTConga4
Created By (Name/Id): TEMPORARY FF Onboarding Login/00561000002zrVwAAI
Last Modified By (Name/Id): TEMPORARY FF Onboarding Login/00561000002zrVwAAI
************************************************************
************************************************************
FileName: documents/Images
FullName/Id: Images/00l61000000kwpjAAA
Manageable State: unmanaged
Namespace Prefix: null
Created By (Name/Id): Jonathan Bernd/00561000000ImwtAAC
Last Modified By (Name/Id): Jonathan Bernd/00561000000ImwtAAC
************************************************************
************************************************************
FileName: documents/ffaci__CongaSP_Example_Starter_Pack
FullName/Id: ffaci__CongaSP_Example_Starter_Pack/00l61000000bS6HAAU
Manageable State: installed
Namespace Prefix: ffaci
Created By (Name/Id): TEMPORARY FF Onboarding Login/00561000002zrVwAAI
Last Modified By (Name/Id): TEMPORARY FF Onboarding Login/00561000002zrVwAAI
************************************************************
************************************************************
FileName: documents/ffaci__CongaSP_SINV_PDF
FullName/Id: ffaci__CongaSP_SINV_PDF/00l61000000bS6PAAU
Manageable State: installed
Namespace Prefix: ffaci
Created By (Name/Id): TEMPORARY FF Onboarding Login/00561000002zrVwAAI
Last Modified By (Name/Id): TEMPORARY FF Onboarding Login/00561000002zrVwAAI
************************************************************
************************************************************
FileName: documents/c2g__BMIcons
FullName/Id: c2g__BMIcons/00l61000000bS2KAAU
Manageable State: installed
Namespace Prefix: c2g
Created By (Name/Id): TEMPORARY FF Onboarding Login/00561000002zrVwAAI
Last Modified By (Name/Id): TEMPORARY FF Onboarding Login/00561000002zrVwAAI
************************************************************
************************************************************
FileName: documents/ffaci__CongaSP_REM
FullName/Id: ffaci__CongaSP_REM/00l61000000bS6IAAU
Manageable State: installed
Namespace Prefix: ffaci
Created By (Name/Id): TEMPORARY FF Onboarding Login/00561000002zrVwAAI
Last Modified By (Name/Id): TEMPORARY FF Onboarding Login/00561000002zrVwAAI
************************************************************
************************************************************
FileName: documents/APXTConga4__CongaSP_Sales_Quote_QS
FullName/Id: APXTConga4__CongaSP_Sales_Quote_QS/00l61000000bS6gAAE
Manageable State: installed
Namespace Prefix: APXTConga4
Created By (Name/Id): TEMPORARY FF Onboarding Login/00561000002zrVwAAI
Last Modified By (Name/Id): TEMPORARY FF Onboarding Login/00561000002zrVwAAI
************************************************************
