************************************************************
FileName: reports/Kinetic_Growth_Build_Items/Kinetic_Growth_Build_Owner.report
FullName/Id: Kinetic_Growth_Build_Items/Kinetic_Growth_Build_Owner/00O61000003uBY3EAM
Manageable State: unmanaged
Namespace Prefix: null
Created By (Name/Id): Todd Reed/00561000000IfUJAA0
Last Modified By (Name/Id): Todd Reed/00561000000IfUJAA0
************************************************************
************************************************************
FileName: reports/Kinetic_Growth_Build_Items/Kinetic_Growth_Phase_1_Items.report
FullName/Id: Kinetic_Growth_Build_Items/Kinetic_Growth_Phase_1_Items/00O61000003uBCWEA2
Manageable State: unmanaged
Namespace Prefix: null
Created By (Name/Id): Todd Reed/00561000000IfUJAA0
Last Modified By (Name/Id): Todd Reed/00561000000IfUJAA0
************************************************************
************************************************************
FileName: reports/Kinetic_Growth_Build_Items/Kinetic_Growth_Reconcile_List.report
FullName/Id: Kinetic_Growth_Build_Items/Kinetic_Growth_Reconcile_List/00O61000003uBYDEA2
Manageable State: unmanaged
Namespace Prefix: null
Created By (Name/Id): Todd Reed/00561000000IfUJAA0
Last Modified By (Name/Id): Todd Reed/00561000000IfUJAA0
************************************************************
************************************************************
FileName: reports/Kinetic_Growth_Build_Items/Kinetic_Growth_Phase_2_Items.report
FullName/Id: Kinetic_Growth_Build_Items/Kinetic_Growth_Phase_2_Items/00O61000003uBCgEAM
Manageable State: unmanaged
Namespace Prefix: null
Created By (Name/Id): Todd Reed/00561000000IfUJAA0
Last Modified By (Name/Id): Todd Reed/00561000000IfUJAA0
************************************************************
