************************************************************
FileName: reports/Membership_Reports/CML_Membership_Status.report
FullName/Id: Membership_Reports/CML_Membership_Status/00O6100000434HvEAI
Manageable State: unmanaged
Namespace Prefix: null
Created By (Name/Id): Shola Ogunrayi/00561000002ENj2AAG
Last Modified By (Name/Id): Shola Ogunrayi/00561000002ENj2AAG
************************************************************
************************************************************
FileName: reports/Membership_Reports/CML_New_Mbr_Day.report
FullName/Id: Membership_Reports/CML_New_Mbr_Day/00O6100000434x8EAA
Manageable State: unmanaged
Namespace Prefix: null
Created By (Name/Id): Shola Ogunrayi/00561000002ENj2AAG
Last Modified By (Name/Id): Shola Ogunrayi/00561000002ENj2AAG
************************************************************
************************************************************
FileName: reports/Membership_Reports/CML_Gender.report
FullName/Id: Membership_Reports/CML_Gender/00O6100000434FVEAY
Manageable State: unmanaged
Namespace Prefix: null
Created By (Name/Id): Shola Ogunrayi/00561000002ENj2AAG
Last Modified By (Name/Id): Shola Ogunrayi/00561000002ENj2AAG
************************************************************
************************************************************
FileName: reports/Membership_Reports/CML_Join_Last_FY.report
FullName/Id: Membership_Reports/CML_Join_Last_FY/00O6100000435mWEAQ
Manageable State: unmanaged
Namespace Prefix: null
Created By (Name/Id): Shola Ogunrayi/00561000002ENj2AAG
Last Modified By (Name/Id): Shola Ogunrayi/00561000002ENj2AAG
************************************************************
************************************************************
FileName: reports/Membership_Reports/CML_Join_Date_Tenure.report
FullName/Id: Membership_Reports/CML_Join_Date_Tenure/00O6100000434xIEAQ
Manageable State: unmanaged
Namespace Prefix: null
Created By (Name/Id): Shola Ogunrayi/00561000002ENj2AAG
Last Modified By (Name/Id): Shola Ogunrayi/00561000002ENj2AAG
************************************************************
************************************************************
FileName: reports/Membership_Reports/CML_Age_Group_1.report
FullName/Id: Membership_Reports/CML_Age_Group_1/00O6100000434FfEAI
Manageable State: unmanaged
Namespace Prefix: null
Created By (Name/Id): Shola Ogunrayi/00561000002ENj2AAG
Last Modified By (Name/Id): Shola Ogunrayi/00561000002ENj2AAG
************************************************************
************************************************************
FileName: reports/Membership_Reports/CML_Current_Join_Month.report
FullName/Id: Membership_Reports/CML_Current_Join_Month/00O6100000435mREAQ
Manageable State: unmanaged
Namespace Prefix: null
Created By (Name/Id): Shola Ogunrayi/00561000002ENj2AAG
Last Modified By (Name/Id): Shola Ogunrayi/00561000002ENj2AAG
************************************************************
************************************************************
FileName: reports/Membership_Reports/CMOL_OrgType.report
FullName/Id: Membership_Reports/CMOL_OrgType/00O6100000434HWEAY
Manageable State: unmanaged
Namespace Prefix: null
Created By (Name/Id): Shola Ogunrayi/00561000002ENj2AAG
Last Modified By (Name/Id): Shola Ogunrayi/00561000002ENj2AAG
************************************************************
************************************************************
FileName: reports/Membership_Reports/CML_New_Mbr_FY.report
FullName/Id: Membership_Reports/CML_New_Mbr_FY/00O6100000434GEEAY
Manageable State: unmanaged
Namespace Prefix: null
Created By (Name/Id): Shola Ogunrayi/00561000002ENj2AAG
Last Modified By (Name/Id): Shola Ogunrayi/00561000002ENj2AAG
************************************************************
************************************************************
FileName: reports/Membership_Reports/CMAAL_Industry_2.report
FullName/Id: Membership_Reports/CMAAL_Industry_2/00O6100000435wvEAA
Manageable State: unmanaged
Namespace Prefix: null
Created By (Name/Id): Shola Ogunrayi/00561000002ENj2AAG
Last Modified By (Name/Id): Shola Ogunrayi/00561000002ENj2AAG
************************************************************
************************************************************
FileName: reports/Membership_Reports/CMOL_Business_Scope.report
FullName/Id: Membership_Reports/CMOL_Business_Scope/00O6100000434GiEAI
Manageable State: unmanaged
Namespace Prefix: null
Created By (Name/Id): Shola Ogunrayi/00561000002ENj2AAG
Last Modified By (Name/Id): Shola Ogunrayi/00561000002ENj2AAG
************************************************************
************************************************************
FileName: reports/Membership_Reports/CMOL_President_Type.report
FullName/Id: Membership_Reports/CMOL_President_Type/00O6100000434H7EAI
Manageable State: unmanaged
Namespace Prefix: null
Created By (Name/Id): Shola Ogunrayi/00561000002ENj2AAG
Last Modified By (Name/Id): Shola Ogunrayi/00561000002ENj2AAG
************************************************************
