************************************************************
FileName: reports/YPO_Einstein_Analytics/Forum_Vouchers_by_Status_and_Type_Hung.report
FullName/Id: YPO_Einstein_Analytics/Forum_Vouchers_by_Status_and_Type_Hung/00O610000046Q6vEAE
Manageable State: unmanaged
Namespace Prefix: null
Created By (Name/Id): Hung Bui/00561000001hWrwAAE
Last Modified By (Name/Id): Hung Bui/00561000001hWrwAAE
************************************************************
************************************************************
FileName: reports/YPO_Einstein_Analytics/Member_Household_with_SP_and_Child.report
FullName/Id: YPO_Einstein_Analytics/Member_Household_with_SP_and_Child/00O61000004EtbfEAC
Manageable State: unmanaged
Namespace Prefix: null
Created By (Name/Id): Hung Bui/00561000001hWrwAAE
Last Modified By (Name/Id): Hung Bui/00561000001hWrwAAE
************************************************************
************************************************************
FileName: reports/YPO_Einstein_Analytics/Renewals_Details_Hung.report
FullName/Id: YPO_Einstein_Analytics/Renewals_Details_Hung/00O610000046AgsEAE
Manageable State: unmanaged
Namespace Prefix: null
Created By (Name/Id): Hung Bui/00561000001hWrwAAE
Last Modified By (Name/Id): Hung Bui/00561000001hWrwAAE
************************************************************
************************************************************
FileName: reports/YPO_Einstein_Analytics/YPO_Vouchers_by_Chapter_Validation.report
FullName/Id: YPO_Einstein_Analytics/YPO_Vouchers_by_Chapter_Validation/00O610000042pvBEAQ
Manageable State: unmanaged
Namespace Prefix: null
Created By (Name/Id): Hung Bui/00561000001hWrwAAE
Last Modified By (Name/Id): Hung Bui/00561000001hWrwAAE
************************************************************
************************************************************
FileName: reports/YPO_Einstein_Analytics/FY18_19_Renewals_Details.report
FullName/Id: YPO_Einstein_Analytics/FY18_19_Renewals_Details/00O61000004E2O8EAK
Manageable State: unmanaged
Namespace Prefix: null
Created By (Name/Id): Hung Bui/00561000001hWrwAAE
Last Modified By (Name/Id): Hung Bui/00561000001hWrwAAE
************************************************************
************************************************************
FileName: reports/YPO_Einstein_Analytics/ID_Officer_with_GLC_Accepted_Training.report
FullName/Id: YPO_Einstein_Analytics/ID_Officer_with_GLC_Accepted_Training/00O610000042aTTEAY
Manageable State: unmanaged
Namespace Prefix: null
Created By (Name/Id): Hung Bui/00561000001hWrwAAE
Last Modified By (Name/Id): Hung Bui/00561000001hWrwAAE
************************************************************
************************************************************
FileName: reports/YPO_Einstein_Analytics/Contacts_Member_Details.report
FullName/Id: YPO_Einstein_Analytics/Contacts_Member_Details/00O6100000430CvEAI
Manageable State: unmanaged
Namespace Prefix: null
Created By (Name/Id): Hung Bui/00561000001hWrwAAE
Last Modified By (Name/Id): Hung Bui/00561000001hWrwAAE
************************************************************
************************************************************
FileName: reports/YPO_Einstein_Analytics/Primary_Secondary_Member_forValidation.report
FullName/Id: YPO_Einstein_Analytics/Primary_Secondary_Member_forValidation/00O610000042pp8EAA
Manageable State: unmanaged
Namespace Prefix: null
Created By (Name/Id): Hung Bui/00561000001hWrwAAE
Last Modified By (Name/Id): Hung Bui/00561000001hWrwAAE
************************************************************
************************************************************
FileName: reports/YPO_Einstein_Analytics/Reg14_Members_in_Forum.report
FullName/Id: YPO_Einstein_Analytics/Reg14_Members_in_Forum/00O610000046HVNEA2
Manageable State: unmanaged
Namespace Prefix: null
Created By (Name/Id): Hung Bui/00561000001hWrwAAE
Last Modified By (Name/Id): Hung Bui/00561000001hWrwAAE
************************************************************
************************************************************
FileName: reports/YPO_Einstein_Analytics/Forum_Vouchers_by_Status_and_Type_Chap.report
FullName/Id: YPO_Einstein_Analytics/Forum_Vouchers_by_Status_and_Type_Chap/00O610000046XovEAE
Manageable State: unmanaged
Namespace Prefix: null
Created By (Name/Id): Hung Bui/00561000001hWrwAAE
Last Modified By (Name/Id): Hung Bui/00561000001hWrwAAE
************************************************************
************************************************************
FileName: reports/YPO_Einstein_Analytics/Profile_Completion.report
FullName/Id: YPO_Einstein_Analytics/Profile_Completion/00O610000043AgTEAU
Manageable State: unmanaged
Namespace Prefix: null
Created By (Name/Id): Hung Bui/00561000001hWrwAAE
Last Modified By (Name/Id): Hung Bui/00561000001hWrwAAE
************************************************************
************************************************************
FileName: reports/YPO_Einstein_Analytics/FY18_19_Renewal.report
FullName/Id: YPO_Einstein_Analytics/FY18_19_Renewal/00O6100000438dNEAQ
Manageable State: unmanaged
Namespace Prefix: null
Created By (Name/Id): Hung Bui/00561000001hWrwAAE
Last Modified By (Name/Id): Hung Bui/00561000001hWrwAAE
************************************************************
************************************************************
FileName: reports/YPO_Einstein_Analytics/Member_Profile_Completion_Details.report
FullName/Id: YPO_Einstein_Analytics/Member_Profile_Completion_Details/00O6100000430BnEAI
Manageable State: unmanaged
Namespace Prefix: null
Created By (Name/Id): Hung Bui/00561000001hWrwAAE
Last Modified By (Name/Id): Hung Bui/00561000001hWrwAAE
************************************************************
************************************************************
FileName: reports/YPO_Einstein_Analytics/FY18_19_Renewal_New.report
FullName/Id: YPO_Einstein_Analytics/FY18_19_Renewal_New/00O6100000438e1EAA
Manageable State: unmanaged
Namespace Prefix: null
Created By (Name/Id): Hung Bui/00561000001hWrwAAE
Last Modified By (Name/Id): Hung Bui/00561000001hWrwAAE
************************************************************
************************************************************
FileName: reports/YPO_Einstein_Analytics/Renewals_FY18_19_Active_Member.report
FullName/Id: YPO_Einstein_Analytics/Renewals_FY18_19_Active_Member/00O610000049sTdEAI
Manageable State: unmanaged
Namespace Prefix: null
Created By (Name/Id): Hung Bui/00561000001hWrwAAE
Last Modified By (Name/Id): Hung Bui/00561000001hWrwAAE
************************************************************
************************************************************
FileName: reports/YPO_Einstein_Analytics/Officer_ID_Status.report
FullName/Id: YPO_Einstein_Analytics/Officer_ID_Status/00O610000042aRDEAY
Manageable State: unmanaged
Namespace Prefix: null
Created By (Name/Id): Hung Bui/00561000001hWrwAAE
Last Modified By (Name/Id): Hung Bui/00561000001hWrwAAE
************************************************************
************************************************************
FileName: reports/YPO_Einstein_Analytics/Forum_Vouchers_by_Status_Chapters.report
FullName/Id: YPO_Einstein_Analytics/Forum_Vouchers_by_Status_Chapters/00O610000042SllEAE
Manageable State: unmanaged
Namespace Prefix: null
Created By (Name/Id): Hung Bui/00561000001hWrwAAE
Last Modified By (Name/Id): Hung Bui/00561000001hWrwAAE
************************************************************
************************************************************
FileName: reports/YPO_Einstein_Analytics/Reg14_Resigned_members_in_Forum.report
FullName/Id: YPO_Einstein_Analytics/Reg14_Resigned_members_in_Forum/00O610000046HUoEAM
Manageable State: unmanaged
Namespace Prefix: null
Created By (Name/Id): Hung Bui/00561000001hWrwAAE
Last Modified By (Name/Id): Hung Bui/00561000001hWrwAAE
************************************************************
************************************************************
FileName: reports/YPO_Einstein_Analytics/Active_Member_Check_HB.report
FullName/Id: YPO_Einstein_Analytics/Active_Member_Check_HB/00O610000042ZPsEAM
Manageable State: unmanaged
Namespace Prefix: null
Created By (Name/Id): Hung Bui/00561000001hWrwAAE
Last Modified By (Name/Id): Hung Bui/00561000001hWrwAAE
************************************************************
************************************************************
FileName: reports/YPO_Einstein_Analytics/All_Members_Participation.report
FullName/Id: YPO_Einstein_Analytics/All_Members_Participation/00O61000004Es2ZEAS
Manageable State: unmanaged
Namespace Prefix: null
Created By (Name/Id): Hung Bui/00561000001hWrwAAE
Last Modified By (Name/Id): Hung Bui/00561000001hWrwAAE
************************************************************
************************************************************
FileName: reports/YPO_Einstein_Analytics/Unidentified_and_Unapplied_Fund_Renewals.report
FullName/Id: YPO_Einstein_Analytics/Unidentified_and_Unapplied_Fund_Renewals/00O610000049s8LEAQ
Manageable State: unmanaged
Namespace Prefix: null
Created By (Name/Id): Hung Bui/00561000001hWrwAAE
Last Modified By (Name/Id): Hung Bui/00561000001hWrwAAE
************************************************************
