************************************************************
FileName: reports/FAM__Fixed_Asset_Reports/FAM__Depreciation_Schedules_by_Asset.report
FullName/Id: FAM__Fixed_Asset_Reports/FAM__Depreciation_Schedules_by_Asset/00O610000042zngEAA
Manageable State: installed
Namespace Prefix: FAM
Created By (Name/Id): TEMPORARY FF Onboarding Login/00561000002zrVwAAI
Last Modified By (Name/Id): TEMPORARY FF Onboarding Login/00561000002zrVwAAI
************************************************************
************************************************************
FileName: reports/FAM__Fixed_Asset_Reports/FAM__Fixed_Assets_by_Relationship.report
FullName/Id: FAM__Fixed_Asset_Reports/FAM__Fixed_Assets_by_Relationship/00O610000042zniEAA
Manageable State: installed
Namespace Prefix: FAM
Created By (Name/Id): TEMPORARY FF Onboarding Login/00561000002zrVwAAI
Last Modified By (Name/Id): TEMPORARY FF Onboarding Login/00561000002zrVwAAI
************************************************************
************************************************************
FileName: reports/FAM__Fixed_Asset_Reports/FAM__Fixed_Assets_Disposal.report
FullName/Id: FAM__Fixed_Asset_Reports/FAM__Fixed_Assets_Disposal/00O610000042znhEAA
Manageable State: installed
Namespace Prefix: FAM
Created By (Name/Id): TEMPORARY FF Onboarding Login/00561000002zrVwAAI
Last Modified By (Name/Id): TEMPORARY FF Onboarding Login/00561000002zrVwAAI
************************************************************
