************************************************************
FileName: reports/APXTConga4__CongaSP_Composer_Starter_Pack_Reports/APXTConga4__CongaSP_AccountBrief_Contacts.report
FullName/Id: APXTConga4__CongaSP_Composer_Starter_Pack_Reports/APXTConga4__CongaSP_AccountBrief_Contacts/00O61000004301uEAA
Manageable State: installed
Namespace Prefix: APXTConga4
Created By (Name/Id): TEMPORARY FF Onboarding Login/00561000002zrVwAAI
Last Modified By (Name/Id): TEMPORARY FF Onboarding Login/00561000002zrVwAAI
************************************************************
************************************************************
FileName: reports/APXTConga4__CongaSP_Composer_Starter_Pack_Reports/APXTConga4__CongaSP_AccountBrief_Activities.report
FullName/Id: APXTConga4__CongaSP_Composer_Starter_Pack_Reports/APXTConga4__CongaSP_AccountBrief_Activities/00O61000004301sEAA
Manageable State: installed
Namespace Prefix: APXTConga4
Created By (Name/Id): TEMPORARY FF Onboarding Login/00561000002zrVwAAI
Last Modified By (Name/Id): TEMPORARY FF Onboarding Login/00561000002zrVwAAI
************************************************************
************************************************************
FileName: reports/APXTConga4__CongaSP_Composer_Starter_Pack_Reports/APXTConga4__CongaSP_AccountBrief_Cases.report
FullName/Id: APXTConga4__CongaSP_Composer_Starter_Pack_Reports/APXTConga4__CongaSP_AccountBrief_Cases/00O61000004301tEAA
Manageable State: installed
Namespace Prefix: APXTConga4
Created By (Name/Id): TEMPORARY FF Onboarding Login/00561000002zrVwAAI
Last Modified By (Name/Id): TEMPORARY FF Onboarding Login/00561000002zrVwAAI
************************************************************
************************************************************
FileName: reports/APXTConga4__CongaSP_Composer_Starter_Pack_Reports/APXTConga4__CongaSP_AccountBrief_Opptys.report
FullName/Id: APXTConga4__CongaSP_Composer_Starter_Pack_Reports/APXTConga4__CongaSP_AccountBrief_Opptys/00O61000004301vEAA
Manageable State: installed
Namespace Prefix: APXTConga4
Created By (Name/Id): TEMPORARY FF Onboarding Login/00561000002zrVwAAI
Last Modified By (Name/Id): TEMPORARY FF Onboarding Login/00561000002zrVwAAI
************************************************************
