************************************************************
FileName: reports/QA_Folder/Data_Migration_Defects.report
FullName/Id: QA_Folder/Data_Migration_Defects/00O61000003q1pTEAQ
Manageable State: unmanaged
Namespace Prefix: null
Created By (Name/Id): Kristin Mikula/00561000001QCO4AAO
Last Modified By (Name/Id): Kristin Mikula/00561000001QCO4AAO
************************************************************
************************************************************
FileName: reports/QA_Folder/Defect_Resolution_Items_by_Sprint.report
FullName/Id: QA_Folder/Defect_Resolution_Items_by_Sprint/00O61000003puVfEAI
Manageable State: unmanaged
Namespace Prefix: null
Created By (Name/Id): Kristin Mikula/00561000001QCO4AAO
Last Modified By (Name/Id): Kristin Mikula/00561000001QCO4AAO
************************************************************
************************************************************
FileName: reports/QA_Folder/Backlog_Items_in_QA_Ready.report
FullName/Id: QA_Folder/Backlog_Items_in_QA_Ready/00O61000003pr5jEAA
Manageable State: unmanaged
Namespace Prefix: null
Created By (Name/Id): Kristin Mikula/00561000001QCO4AAO
Last Modified By (Name/Id): Kristin Mikula/00561000001QCO4AAO
************************************************************
************************************************************
FileName: reports/QA_Folder/FY17_18_Products_still_Active.report
FullName/Id: QA_Folder/FY17_18_Products_still_Active/00O61000004Ecb4EAC
Manageable State: unmanaged
Namespace Prefix: null
Created By (Name/Id): Bharathi Duvvuru/00561000001NTCSAA4
Last Modified By (Name/Id): Bharathi Duvvuru/00561000001NTCSAA4
************************************************************
************************************************************
FileName: reports/QA_Folder/Profile_Completion_by_Contact_Number.report
FullName/Id: QA_Folder/Profile_Completion_by_Contact_Number/00O61000004EV4MEAW
Manageable State: unmanaged
Namespace Prefix: null
Created By (Name/Id): Kelli Do/00561000001PrKOAA0
Last Modified By (Name/Id): Kelli Do/00561000001PrKOAA0
************************************************************
************************************************************
FileName: reports/QA_Folder/Contact_Position_to_be_Current_but_Elect.report
FullName/Id: QA_Folder/Contact_Position_to_be_Current_but_Elect/00O61000004EcaVEAS
Manageable State: unmanaged
Namespace Prefix: null
Created By (Name/Id): Bharathi Duvvuru/00561000001NTCSAA4
Last Modified By (Name/Id): Bharathi Duvvuru/00561000001NTCSAA4
************************************************************
************************************************************
FileName: reports/QA_Folder/Contact_Positions_with_End_Date_2099.report
FullName/Id: QA_Folder/Contact_Positions_with_End_Date_2099/00O61000004EcapEAC
Manageable State: unmanaged
Namespace Prefix: null
Created By (Name/Id): Bharathi Duvvuru/00561000001NTCSAA4
Last Modified By (Name/Id): Bharathi Duvvuru/00561000001NTCSAA4
************************************************************
************************************************************
FileName: reports/QA_Folder/Contact_Positions_to_be_Past_but_Current.report
FullName/Id: QA_Folder/Contact_Positions_to_be_Past_but_Current/00O61000004EcaQEAS
Manageable State: unmanaged
Namespace Prefix: null
Created By (Name/Id): Bharathi Duvvuru/00561000001NTCSAA4
Last Modified By (Name/Id): Bharathi Duvvuru/00561000001NTCSAA4
************************************************************
************************************************************
FileName: reports/QA_Folder/Defects_by_Backlog_Item.report
FullName/Id: QA_Folder/Defects_by_Backlog_Item/00O61000003pqxzEAA
Manageable State: unmanaged
Namespace Prefix: null
Created By (Name/Id): Kristin Mikula/00561000001QCO4AAO
Last Modified By (Name/Id): Kristin Mikula/00561000001QCO4AAO
************************************************************
************************************************************
FileName: reports/QA_Folder/Transition_Chapter_AAs_for_FY19.report
FullName/Id: QA_Folder/Transition_Chapter_AAs_for_FY19/00O61000004EaKAEA0
Manageable State: unmanaged
Namespace Prefix: null
Created By (Name/Id): Kelli Do/00561000001PrKOAA0
Last Modified By (Name/Id): Kelli Do/00561000001PrKOAA0
************************************************************
************************************************************
FileName: reports/QA_Folder/Backlog_Items_in_Defect_Resolution.report
FullName/Id: QA_Folder/Backlog_Items_in_Defect_Resolution/00O61000003pr5PEAQ
Manageable State: unmanaged
Namespace Prefix: null
Created By (Name/Id): Kristin Mikula/00561000001QCO4AAO
Last Modified By (Name/Id): Kristin Mikula/00561000001QCO4AAO
************************************************************
