************************************************************
FileName: reports/Forum_Reports/Blended_gender_report.report
FullName/Id: Forum_Reports/Blended_gender_report/00O610000042QpREAU
Manageable State: unmanaged
Namespace Prefix: null
Created By (Name/Id): Anusha Shivaraman/00561000002Dp3KAAS
Last Modified By (Name/Id): Anusha Shivaraman/00561000002Dp3KAAS
************************************************************
************************************************************
FileName: reports/Forum_Reports/Reg18_of_Member_and_Spouse_Forums.report
FullName/Id: Forum_Reports/Reg18_of_Member_and_Spouse_Forums/00O610000040PyPEAU
Manageable State: unmanaged
Namespace Prefix: null
Created By (Name/Id): Katherine Aird/00561000002DoxnAAC
Last Modified By (Name/Id): Katherine Aird/00561000002DoxnAAC
************************************************************
************************************************************
FileName: reports/Forum_Reports/X14_Forum_Training_Achievements.report
FullName/Id: Forum_Reports/X14_Forum_Training_Achievements/00O61000003nW75EAE
Manageable State: unmanaged
Namespace Prefix: null
Created By (Name/Id): Katherine Aird/00561000002DoxnAAC
Last Modified By (Name/Id): Katherine Aird/00561000002DoxnAAC
************************************************************
************************************************************
FileName: reports/Forum_Reports/Net15_Real_Estate_Network.report
FullName/Id: Forum_Reports/Net15_Real_Estate_Network/00O610000042fqzEAA
Manageable State: unmanaged
Namespace Prefix: null
Created By (Name/Id): Nicole Bahl/00561000002d4nsAAA
Last Modified By (Name/Id): Nicole Bahl/00561000002d4nsAAA
************************************************************
************************************************************
FileName: reports/Forum_Reports/X16_Network_Forum_Report.report
FullName/Id: Forum_Reports/X16_Network_Forum_Report/00O61000003nW7ZEAU
Manageable State: unmanaged
Namespace Prefix: null
Created By (Name/Id): Katherine Aird/00561000002DoxnAAC
Last Modified By (Name/Id): Katherine Aird/00561000002DoxnAAC
************************************************************
************************************************************
FileName: reports/Forum_Reports/Chap09_Moderator_Contact_List.report
FullName/Id: Forum_Reports/Chap09_Moderator_Contact_List/00O6100000461lgEAA
Manageable State: unmanaged
Namespace Prefix: null
Created By (Name/Id): Katherine Aird/00561000002DoxnAAC
Last Modified By (Name/Id): Kelli Do/00561000001PrKOAA0
************************************************************
************************************************************
FileName: reports/Forum_Reports/Net07_Automotive_Network.report
FullName/Id: Forum_Reports/Net07_Automotive_Network/00O610000042fpNEAQ
Manageable State: unmanaged
Namespace Prefix: null
Created By (Name/Id): Nicole Bahl/00561000002d4nsAAA
Last Modified By (Name/Id): Nicole Bahl/00561000002d4nsAAA
************************************************************
************************************************************
FileName: reports/Forum_Reports/X5_CFF_Contact_List.report
FullName/Id: Forum_Reports/X5_CFF_Contact_List/00O61000003nW2KEAU
Manageable State: unmanaged
Namespace Prefix: null
Created By (Name/Id): Katherine Aird/00561000002DoxnAAC
Last Modified By (Name/Id): Katherine Aird/00561000002DoxnAAC
************************************************************
************************************************************
FileName: reports/Forum_Reports/X7_Chapter_Available_FFV_FFVs.report
FullName/Id: Forum_Reports/X7_Chapter_Available_FFV_FFVs/00O61000003nW3IEAU
Manageable State: unmanaged
Namespace Prefix: null
Created By (Name/Id): Katherine Aird/00561000002DoxnAAC
Last Modified By (Name/Id): Katherine Aird/00561000002DoxnAAC
************************************************************
************************************************************
FileName: reports/Forum_Reports/Net10_Leadership_Development_Network.report
FullName/Id: Forum_Reports/Net10_Leadership_Development_Network/00O610000042fpmEAA
Manageable State: unmanaged
Namespace Prefix: null
Created By (Name/Id): Nicole Bahl/00561000002d4nsAAA
Last Modified By (Name/Id): Nicole Bahl/00561000002d4nsAAA
************************************************************
************************************************************
FileName: reports/Forum_Reports/Reg25_Resigned_YNG_in_forums.report
FullName/Id: Forum_Reports/Reg25_Resigned_YNG_in_forums/00O61000004E2UBEA0
Manageable State: unmanaged
Namespace Prefix: null
Created By (Name/Id): Katherine Aird/00561000002DoxnAAC
Last Modified By (Name/Id): Katherine Aird/00561000002DoxnAAC
************************************************************
************************************************************
FileName: reports/Forum_Reports/E_I_Network_Forum.report
FullName/Id: Forum_Reports/E_I_Network_Forum/00O610000042fpwEAA
Manageable State: unmanaged
Namespace Prefix: null
Created By (Name/Id): Nicole Bahl/00561000002d4nsAAA
Last Modified By (Name/Id): Nicole Bahl/00561000002d4nsAAA
************************************************************
************************************************************
FileName: reports/Forum_Reports/Forum_OverallHealthScore.report
FullName/Id: Forum_Reports/Forum_OverallHealthScore/00O61000003mv3REAQ
Manageable State: unmanaged
Namespace Prefix: null
Created By (Name/Id): Cory Chorpenning/00561000001cxaZAAQ
Last Modified By (Name/Id): Cory Chorpenning/00561000001cxaZAAQ
************************************************************
************************************************************
FileName: reports/Forum_Reports/Members_with_Forum_Affiliations_for_CAs.report
FullName/Id: Forum_Reports/Members_with_Forum_Affiliations_for_CAs/00O610000040Qn3EAE
Manageable State: unmanaged
Namespace Prefix: null
Created By (Name/Id): Kelli Do/00561000001PrKOAA0
Last Modified By (Name/Id): Kelli Do/00561000001PrKOAA0
************************************************************
************************************************************
FileName: reports/Forum_Reports/YNG_Active_by_Forum.report
FullName/Id: Forum_Reports/YNG_Active_by_Forum/00O610000042z34EAA
Manageable State: unmanaged
Namespace Prefix: null
Created By (Name/Id): Katherine Aird/00561000002DoxnAAC
Last Modified By (Name/Id): Katherine Aird/00561000002DoxnAAC
************************************************************
************************************************************
FileName: reports/Forum_Reports/Reg20_Reg_and_Intl_Forums.report
FullName/Id: Forum_Reports/Reg20_Reg_and_Intl_Forums/00O610000042bmlEAA
Manageable State: unmanaged
Namespace Prefix: null
Created By (Name/Id): Katherine Aird/00561000002DoxnAAC
Last Modified By (Name/Id): Katherine Aird/00561000002DoxnAAC
************************************************************
************************************************************
FileName: reports/Forum_Reports/Available_FFV_FFVS_by_Region2.report
FullName/Id: Forum_Reports/Available_FFV_FFVS_by_Region2/00O61000003nEExEAM
Manageable State: unmanaged
Namespace Prefix: null
Created By (Name/Id): Carolyn Keeling/00561000002DjPvAAK
Last Modified By (Name/Id): Kelli Do/00561000001PrKOAA0
************************************************************
************************************************************
FileName: reports/Forum_Reports/X19_Region_Forum_Declined.report
FullName/Id: Forum_Reports/X19_Region_Forum_Declined/00O61000003nXQNEA2
Manageable State: unmanaged
Namespace Prefix: null
Created By (Name/Id): Katherine Aird/00561000002DoxnAAC
Last Modified By (Name/Id): Katherine Aird/00561000002DoxnAAC
************************************************************
************************************************************
FileName: reports/Forum_Reports/Net06_Women_s_Business_N_Active_Forums.report
FullName/Id: Forum_Reports/Net06_Women_s_Business_N_Active_Forums/00O61000004EYCiEAO
Manageable State: unmanaged
Namespace Prefix: null
Created By (Name/Id): Nicole Bahl/00561000002d4nsAAA
Last Modified By (Name/Id): Nicole Bahl/00561000002d4nsAAA
************************************************************
************************************************************
FileName: reports/Forum_Reports/Chap11_CA_List.report
FullName/Id: Forum_Reports/Chap11_CA_List/00O610000049mX0EAI
Manageable State: unmanaged
Namespace Prefix: null
Created By (Name/Id): Katherine Aird/00561000002DoxnAAC
Last Modified By (Name/Id): Katherine Aird/00561000002DoxnAAC
************************************************************
************************************************************
FileName: reports/Forum_Reports/Reg_Forum_Health_Report_Africa.report
FullName/Id: Forum_Reports/Reg_Forum_Health_Report_Africa/00O61000004Ecn5EAC
Manageable State: unmanaged
Namespace Prefix: null
Created By (Name/Id): Katherine Aird/00561000002DoxnAAC
Last Modified By (Name/Id): Katherine Aird/00561000002DoxnAAC
************************************************************
************************************************************
FileName: reports/Forum_Reports/Reg_22_YPO_Gender_Report_Spouses.report
FullName/Id: Forum_Reports/Reg_22_YPO_Gender_Report_Spouses/00O610000042hvwEAA
Manageable State: unmanaged
Namespace Prefix: null
Created By (Name/Id): Katherine Aird/00561000002DoxnAAC
Last Modified By (Name/Id): Katherine Aird/00561000002DoxnAAC
************************************************************
************************************************************
FileName: reports/Forum_Reports/Net19_Incoming_Network_Forum_Officers.report
FullName/Id: Forum_Reports/Net19_Incoming_Network_Forum_Officers/00O610000042wm1EAA
Manageable State: unmanaged
Namespace Prefix: null
Created By (Name/Id): Katherine Aird/00561000002DoxnAAC
Last Modified By (Name/Id): Katherine Aird/00561000002DoxnAAC
************************************************************
************************************************************
FileName: reports/Forum_Reports/X18_Chapter_members_NOT_in_Forum.report
FullName/Id: Forum_Reports/X18_Chapter_members_NOT_in_Forum/00O61000003nXITEA2
Manageable State: unmanaged
Namespace Prefix: null
Created By (Name/Id): Katherine Aird/00561000002DoxnAAC
Last Modified By (Name/Id): Kelli Do/00561000001PrKOAA0
************************************************************
************************************************************
FileName: reports/Forum_Reports/Chapter_FF_Event_Attendance2.report
FullName/Id: Forum_Reports/Chapter_FF_Event_Attendance2/00O61000003nNyNEAU
Manageable State: unmanaged
Namespace Prefix: null
Created By (Name/Id): Lynn Phillips/00561000000JTJQAA4
Last Modified By (Name/Id): Lynn Phillips/00561000000JTJQAA4
************************************************************
************************************************************
FileName: reports/Forum_Reports/SEC_Forum_Moderators_112217.report
FullName/Id: Forum_Reports/SEC_Forum_Moderators_112217/00O610000042kk8EAA
Manageable State: unmanaged
Namespace Prefix: null
Created By (Name/Id): Mariana Crespo/00561000002DoyeAAC
Last Modified By (Name/Id): Mariana Crespo/00561000002DoyeAAC
************************************************************
************************************************************
FileName: reports/Forum_Reports/Net15_Healthcare_Network.report
FullName/Id: Forum_Reports/Net15_Healthcare_Network/00O610000042fquEAA
Manageable State: unmanaged
Namespace Prefix: null
Created By (Name/Id): Nicole Bahl/00561000002d4nsAAA
Last Modified By (Name/Id): Nicole Bahl/00561000002d4nsAAA
************************************************************
************************************************************
FileName: reports/Forum_Reports/Reg24_Resigned_members_family_in_Forum.report
FullName/Id: Forum_Reports/Reg24_Resigned_members_family_in_Forum/00O61000001Za8CEAS
Manageable State: unmanaged
Namespace Prefix: null
Created By (Name/Id): Katherine Aird/00561000002DoxnAAC
Last Modified By (Name/Id): Katherine Aird/00561000002DoxnAAC
************************************************************
************************************************************
FileName: reports/Forum_Reports/Reg15_Forums_by_region_and_chapter2.report
FullName/Id: Forum_Reports/Reg15_Forums_by_region_and_chapter2/00O6100000466mpEAA
Manageable State: unmanaged
Namespace Prefix: null
Created By (Name/Id): Katherine Aird/00561000002DoxnAAC
Last Modified By (Name/Id): Katherine Aird/00561000002DoxnAAC
************************************************************
************************************************************
FileName: reports/Forum_Reports/FT03_Forum_Awards.report
FullName/Id: Forum_Reports/FT03_Forum_Awards/00O6100000433WaEAI
Manageable State: unmanaged
Namespace Prefix: null
Created By (Name/Id): Katherine Aird/00561000002DoxnAAC
Last Modified By (Name/Id): Katherine Aird/00561000002DoxnAAC
************************************************************
************************************************************
FileName: reports/Forum_Reports/FY16_FFV_FFVs_Used_Expired_Available.report
FullName/Id: Forum_Reports/FY16_FFV_FFVs_Used_Expired_Available/00O61000003nFrNEAU
Manageable State: unmanaged
Namespace Prefix: null
Created By (Name/Id): Katherine Aird/00561000002DoxnAAC
Last Modified By (Name/Id): Katherine Aird/00561000002DoxnAAC
************************************************************
************************************************************
FileName: reports/Forum_Reports/Forum_Detail_for_Dashboard.report
FullName/Id: Forum_Reports/Forum_Detail_for_Dashboard/00O61000003mudxEAA
Manageable State: unmanaged
Namespace Prefix: null
Created By (Name/Id): Cory Chorpenning/00561000001cxaZAAQ
Last Modified By (Name/Id): Cory Chorpenning/00561000001cxaZAAQ
************************************************************
************************************************************
FileName: reports/Forum_Reports/SEC_Forum_Moderators.report
FullName/Id: Forum_Reports/SEC_Forum_Moderators/00O610000042kjtEAA
Manageable State: unmanaged
Namespace Prefix: null
Created By (Name/Id): Mariana Crespo/00561000002DoyeAAC
Last Modified By (Name/Id): Mariana Crespo/00561000002DoyeAAC
************************************************************
************************************************************
FileName: reports/Forum_Reports/X4_Region_FFV_Usage_Report_by_Chapter.report
FullName/Id: Forum_Reports/X4_Region_FFV_Usage_Report_by_Chapter/00O61000003nW0iEAE
Manageable State: unmanaged
Namespace Prefix: null
Created By (Name/Id): Katherine Aird/00561000002DoxnAAC
Last Modified By (Name/Id): Katherine Aird/00561000002DoxnAAC
************************************************************
************************************************************
FileName: reports/Forum_Reports/Forum_Committee1.report
FullName/Id: Forum_Reports/Forum_Committee1/00O61000003nECDEA2
Manageable State: unmanaged
Namespace Prefix: null
Created By (Name/Id): Katherine Aird/00561000002DoxnAAC
Last Modified By (Name/Id): Katherine Aird/00561000002DoxnAAC
************************************************************
************************************************************
FileName: reports/Forum_Reports/X22_Forum_Officers_without_training.report
FullName/Id: Forum_Reports/X22_Forum_Officers_without_training/00O61000003nXngEAE
Manageable State: unmanaged
Namespace Prefix: null
Created By (Name/Id): Katherine Aird/00561000002DoxnAAC
Last Modified By (Name/Id): Katherine Aird/00561000002DoxnAAC
************************************************************
************************************************************
FileName: reports/Forum_Reports/Reg17_Regional_Forum_Officers_Current.report
FullName/Id: Forum_Reports/Reg17_Regional_Forum_Officers_Current/00O6100000466pFEAQ
Manageable State: unmanaged
Namespace Prefix: null
Created By (Name/Id): Katherine Aird/00561000002DoxnAAC
Last Modified By (Name/Id): Katherine Aird/00561000002DoxnAAC
************************************************************
************************************************************
FileName: reports/Forum_Reports/X9_CHD_Forum_Report_by_Region_Quarter.report
FullName/Id: Forum_Reports/X9_CHD_Forum_Report_by_Region_Quarter/00O61000003nW4GEAU
Manageable State: unmanaged
Namespace Prefix: null
Created By (Name/Id): Katherine Aird/00561000002DoxnAAC
Last Modified By (Name/Id): Katherine Aird/00561000002DoxnAAC
************************************************************
************************************************************
FileName: reports/Forum_Reports/Forum_Moderators_current.report
FullName/Id: Forum_Reports/Forum_Moderators_current/00O61000003nEwaEAE
Manageable State: unmanaged
Namespace Prefix: null
Created By (Name/Id): Angela Norman/00561000002Dp1gAAC
Last Modified By (Name/Id): Angela Norman/00561000002Dp1gAAC
************************************************************
************************************************************
FileName: reports/Forum_Reports/Count_of_forums_by_chapter1.report
FullName/Id: Forum_Reports/Count_of_forums_by_chapter1/00O61000004EW5kEAG
Manageable State: unmanaged
Namespace Prefix: null
Created By (Name/Id): Anusha Shivaraman/00561000002Dp3KAAS
Last Modified By (Name/Id): Anusha Shivaraman/00561000002Dp3KAAS
************************************************************
************************************************************
FileName: reports/Forum_Reports/FT_FFV_batch.report
FullName/Id: Forum_Reports/FT_FFV_batch/00O610000046R9cEAE
Manageable State: unmanaged
Namespace Prefix: null
Created By (Name/Id): Katherine Aird/00561000002DoxnAAC
Last Modified By (Name/Id): Katherine Aird/00561000002DoxnAAC
************************************************************
************************************************************
FileName: reports/Forum_Reports/X24_Forum_Officer_NOT_Trained_at_GLC_CLW.report
FullName/Id: Forum_Reports/X24_Forum_Officer_NOT_Trained_at_GLC_CLW/00O61000003nY1YEAU
Manageable State: unmanaged
Namespace Prefix: null
Created By (Name/Id): Katherine Aird/00561000002DoxnAAC
Last Modified By (Name/Id): Katherine Aird/00561000002DoxnAAC
************************************************************
************************************************************
FileName: reports/Forum_Reports/Moderator_Contact_list.report
FullName/Id: Forum_Reports/Moderator_Contact_list/00O610000042TOOEA2
Manageable State: unmanaged
Namespace Prefix: null
Created By (Name/Id): Maralyn Lancaster/00561000002DoztAAC
Last Modified By (Name/Id): Maralyn Lancaster/00561000002DoztAAC
************************************************************
************************************************************
FileName: reports/Forum_Reports/Members_with_Forum_Affiliations.report
FullName/Id: Forum_Reports/Members_with_Forum_Affiliations/00O610000040PeeEAE
Manageable State: unmanaged
Namespace Prefix: null
Created By (Name/Id): Kelli Do/00561000001PrKOAA0
Last Modified By (Name/Id): Kelli Do/00561000001PrKOAA0
************************************************************
************************************************************
FileName: reports/Forum_Reports/Forum_Detail_for_Dashboard1.report
FullName/Id: Forum_Reports/Forum_Detail_for_Dashboard1/00O61000003nC76EAE
Manageable State: unmanaged
Namespace Prefix: null
Created By (Name/Id): Carolyn Keeling/00561000002DjPvAAK
Last Modified By (Name/Id): Carolyn Keeling/00561000002DjPvAAK
************************************************************
************************************************************
FileName: reports/Forum_Reports/X11_Reg_Identified_Forum_Officers_current.report
FullName/Id: Forum_Reports/X11_Reg_Identified_Forum_Officers_current/00O610000045z7UEAQ
Manageable State: unmanaged
Namespace Prefix: null
Created By (Name/Id): Katherine Aird/00561000002DoxnAAC
Last Modified By (Name/Id): Katherine Aird/00561000002DoxnAAC
************************************************************
************************************************************
FileName: reports/Forum_Reports/FT_Management_Contact_List.report
FullName/Id: Forum_Reports/FT_Management_Contact_List/00O61000001ZaIqEAK
Manageable State: unmanaged
Namespace Prefix: null
Created By (Name/Id): Katherine Aird/00561000002DoxnAAC
Last Modified By (Name/Id): Katherine Aird/00561000002DoxnAAC
************************************************************
************************************************************
FileName: reports/Forum_Reports/Forum_Officers_Current.report
FullName/Id: Forum_Reports/Forum_Officers_Current/00O61000003nECcEAM
Manageable State: unmanaged
Namespace Prefix: null
Created By (Name/Id): Katherine Aird/00561000002DoxnAAC
Last Modified By (Name/Id): Katherine Aird/00561000002DoxnAAC
************************************************************
************************************************************
FileName: reports/Forum_Reports/Active_Chapters.report
FullName/Id: Forum_Reports/Active_Chapters/00O61000003nZETEA2
Manageable State: unmanaged
Namespace Prefix: null
Created By (Name/Id): Katherine Aird/00561000002DoxnAAC
Last Modified By (Name/Id): Katherine Aird/00561000002DoxnAAC
************************************************************
************************************************************
FileName: reports/Forum_Reports/SEC_CFOs_and_CSFOs_112217.report
FullName/Id: Forum_Reports/SEC_CFOs_and_CSFOs_112217/00O610000042kk3EAA
Manageable State: unmanaged
Namespace Prefix: null
Created By (Name/Id): Mariana Crespo/00561000002DoyeAAC
Last Modified By (Name/Id): Mariana Crespo/00561000002DoyeAAC
************************************************************
************************************************************
FileName: reports/Forum_Reports/Active_member_spouses_by_Region.report
FullName/Id: Forum_Reports/Active_member_spouses_by_Region/00O610000042vTwEAI
Manageable State: unmanaged
Namespace Prefix: null
Created By (Name/Id): Katherine Aird/00561000002DoxnAAC
Last Modified By (Name/Id): Katherine Aird/00561000002DoxnAAC
************************************************************
************************************************************
FileName: reports/Forum_Reports/FFV_FFVS_Redeemed_by_Month_Current_Year.report
FullName/Id: Forum_Reports/FFV_FFVS_Redeemed_by_Month_Current_Year/00O61000003nNy8EAE
Manageable State: unmanaged
Namespace Prefix: null
Created By (Name/Id): Lynn Phillips/00561000000JTJQAA4
Last Modified By (Name/Id): Lynn Phillips/00561000000JTJQAA4
************************************************************
************************************************************
FileName: reports/Forum_Reports/Forum_Details_for_Dashboard.report
FullName/Id: Forum_Reports/Forum_Details_for_Dashboard/00O61000003nCEvEAM
Manageable State: unmanaged
Namespace Prefix: null
Created By (Name/Id): Carolyn Keeling/00561000002DjPvAAK
Last Modified By (Name/Id): Carolyn Keeling/00561000002DjPvAAK
************************************************************
************************************************************
FileName: reports/Forum_Reports/Chapter_FFV_FFVS_Available.report
FullName/Id: Forum_Reports/Chapter_FFV_FFVS_Available/00O61000003nNxyEAE
Manageable State: unmanaged
Namespace Prefix: null
Created By (Name/Id): Lynn Phillips/00561000000JTJQAA4
Last Modified By (Name/Id): Lynn Phillips/00561000000JTJQAA4
************************************************************
************************************************************
FileName: reports/Forum_Reports/Net04_DMM_Network_Forums1.report
FullName/Id: Forum_Reports/Net04_DMM_Network_Forums1/00O6100000431BzEAI
Manageable State: unmanaged
Namespace Prefix: null
Created By (Name/Id): Nicole Bahl/00561000002d4nsAAA
Last Modified By (Name/Id): Nicole Bahl/00561000002d4nsAAA
************************************************************
************************************************************
FileName: reports/Forum_Reports/FT_Chapter_by_Size.report
FullName/Id: Forum_Reports/FT_Chapter_by_Size/00O61000004EDf5EAG
Manageable State: unmanaged
Namespace Prefix: null
Created By (Name/Id): Katherine Aird/00561000002DoxnAAC
Last Modified By (Name/Id): Katherine Aird/00561000002DoxnAAC
************************************************************
************************************************************
FileName: reports/Forum_Reports/Net03_MXN_Network_Forums1.report
FullName/Id: Forum_Reports/Net03_MXN_Network_Forums1/00O610000042aZ7EAI
Manageable State: unmanaged
Namespace Prefix: null
Created By (Name/Id): Katherine Aird/00561000002DoxnAAC
Last Modified By (Name/Id): Katherine Aird/00561000002DoxnAAC
************************************************************
************************************************************
FileName: reports/Forum_Reports/X21_Forum_Moderators_with_FMLD_training.report
FullName/Id: Forum_Reports/X21_Forum_Moderators_with_FMLD_training/00O61000003nY1EEAU
Manageable State: unmanaged
Namespace Prefix: null
Created By (Name/Id): Katherine Aird/00561000002DoxnAAC
Last Modified By (Name/Id): Katherine Aird/00561000002DoxnAAC
************************************************************
************************************************************
FileName: reports/Forum_Reports/Net11_Technology_Network_Forums.report
FullName/Id: Forum_Reports/Net11_Technology_Network_Forums/00O610000042fprEAA
Manageable State: unmanaged
Namespace Prefix: null
Created By (Name/Id): Nicole Bahl/00561000002d4nsAAA
Last Modified By (Name/Id): Nicole Bahl/00561000002d4nsAAA
************************************************************
************************************************************
FileName: reports/Forum_Reports/FT02_Find_a_Forum.report
FullName/Id: Forum_Reports/FT02_Find_a_Forum/00O610000046Yv9EAE
Manageable State: unmanaged
Namespace Prefix: null
Created By (Name/Id): Katherine Aird/00561000002DoxnAAC
Last Modified By (Name/Id): Katherine Aird/00561000002DoxnAAC
************************************************************
************************************************************
FileName: reports/Forum_Reports/Net09_Entertainment_Industry_Network.report
FullName/Id: Forum_Reports/Net09_Entertainment_Industry_Network/00O610000042fpcEAA
Manageable State: unmanaged
Namespace Prefix: null
Created By (Name/Id): Nicole Bahl/00561000002d4nsAAA
Last Modified By (Name/Id): Nicole Bahl/00561000002d4nsAAA
************************************************************
************************************************************
FileName: reports/Forum_Reports/FT_FFV_Achievement_batch.report
FullName/Id: Forum_Reports/FT_FFV_Achievement_batch/00O610000046R9hEAE
Manageable State: unmanaged
Namespace Prefix: null
Created By (Name/Id): Katherine Aird/00561000002DoxnAAC
Last Modified By (Name/Id): Kelli Do/00561000001PrKOAA0
************************************************************
************************************************************
FileName: reports/Forum_Reports/Forum_Vouchers_Used.report
FullName/Id: Forum_Reports/Forum_Vouchers_Used/00O61000003nNp1EAE
Manageable State: unmanaged
Namespace Prefix: null
Created By (Name/Id): Pearl Jackson/00561000001QT36AAG
Last Modified By (Name/Id): Pearl Jackson/00561000001QT36AAG
************************************************************
************************************************************
FileName: reports/Forum_Reports/Reg19_Members_needing_placement_by_Reg.report
FullName/Id: Forum_Reports/Reg19_Members_needing_placement_by_Reg/00O610000042XCIEA2
Manageable State: unmanaged
Namespace Prefix: null
Created By (Name/Id): Katherine Aird/00561000002DoxnAAC
Last Modified By (Name/Id): Katherine Aird/00561000002DoxnAAC
************************************************************
************************************************************
FileName: reports/Forum_Reports/Forum_Gender_Report.report
FullName/Id: Forum_Reports/Forum_Gender_Report/00O610000042ZzhEAE
Manageable State: unmanaged
Namespace Prefix: null
Created By (Name/Id): Katherine Aird/00561000002DoxnAAC
Last Modified By (Name/Id): Katherine Aird/00561000002DoxnAAC
************************************************************
************************************************************
FileName: reports/Forum_Reports/X2_Forum_Moderator_List_Current.report
FullName/Id: Forum_Reports/X2_Forum_Moderator_List_Current/00O61000003nW0OEAU
Manageable State: unmanaged
Namespace Prefix: null
Created By (Name/Id): Katherine Aird/00561000002DoxnAAC
Last Modified By (Name/Id): Katherine Aird/00561000002DoxnAAC
************************************************************
************************************************************
FileName: reports/Forum_Reports/Net02_Construction_Network_Forums.report
FullName/Id: Forum_Reports/Net02_Construction_Network_Forums/00O610000042fAoEAI
Manageable State: unmanaged
Namespace Prefix: null
Created By (Name/Id): Katherine Aird/00561000002DoxnAAC
Last Modified By (Name/Id): Katherine Aird/00561000002DoxnAAC
************************************************************
************************************************************
FileName: reports/Forum_Reports/X13_Reg_Incoming_FOs_SFOs.report
FullName/Id: Forum_Reports/X13_Reg_Incoming_FOs_SFOs/00O610000045z88EAA
Manageable State: unmanaged
Namespace Prefix: null
Created By (Name/Id): Katherine Aird/00561000002DoxnAAC
Last Modified By (Name/Id): Katherine Aird/00561000002DoxnAAC
************************************************************
************************************************************
FileName: reports/Forum_Reports/X17_Chapter_members_in_non_chapter_forums.report
FullName/Id: Forum_Reports/X17_Chapter_members_in_non_chapter_forums/00O61000003nXFjEAM
Manageable State: unmanaged
Namespace Prefix: null
Created By (Name/Id): Katherine Aird/00561000002DoxnAAC
Last Modified By (Name/Id): Kelli Do/00561000001PrKOAA0
************************************************************
************************************************************
FileName: reports/Forum_Reports/X7_Chapter_FFV_FFVs_Full_list.report
FullName/Id: Forum_Reports/X7_Chapter_FFV_FFVs_Full_list/00O61000003nW3mEAE
Manageable State: unmanaged
Namespace Prefix: null
Created By (Name/Id): Katherine Aird/00561000002DoxnAAC
Last Modified By (Name/Id): Katherine Aird/00561000002DoxnAAC
************************************************************
************************************************************
FileName: reports/Forum_Reports/X14_Integrated_Chapters.report
FullName/Id: Forum_Reports/X14_Integrated_Chapters/00O61000003nW5xEAE
Manageable State: unmanaged
Namespace Prefix: null
Created By (Name/Id): Katherine Aird/00561000002DoxnAAC
Last Modified By (Name/Id): Katherine Aird/00561000002DoxnAAC
************************************************************
************************************************************
FileName: reports/Forum_Reports/Net13_Financial_Services_Network.report
FullName/Id: Forum_Reports/Net13_Financial_Services_Network/00O610000042fqfEAA
Manageable State: unmanaged
Namespace Prefix: null
Created By (Name/Id): Nicole Bahl/00561000002d4nsAAA
Last Modified By (Name/Id): Nicole Bahl/00561000002d4nsAAA
************************************************************
************************************************************
FileName: reports/Forum_Reports/Net21_Active_Global_Family_Biz_Forums.report
FullName/Id: Forum_Reports/Net21_Active_Global_Family_Biz_Forums/00O61000004EpX0EAK
Manageable State: unmanaged
Namespace Prefix: null
Created By (Name/Id): Nicole Bahl/00561000002d4nsAAA
Last Modified By (Name/Id): Nicole Bahl/00561000002d4nsAAA
************************************************************
************************************************************
FileName: reports/Forum_Reports/Reg_22_Forum_Officers_with_GLC_Reg.report
FullName/Id: Forum_Reports/Reg_22_Forum_Officers_with_GLC_Reg/00O610000042kXTEAY
Manageable State: unmanaged
Namespace Prefix: null
Created By (Name/Id): Katherine Aird/00561000002DoxnAAC
Last Modified By (Name/Id): Katherine Aird/00561000002DoxnAAC
************************************************************
************************************************************
FileName: reports/Forum_Reports/Net14_Hospitality_Industry_Network.report
FullName/Id: Forum_Reports/Net14_Hospitality_Industry_Network/00O610000042fqpEAA
Manageable State: unmanaged
Namespace Prefix: null
Created By (Name/Id): Nicole Bahl/00561000002d4nsAAA
Last Modified By (Name/Id): Nicole Bahl/00561000002d4nsAAA
************************************************************
************************************************************
FileName: reports/Forum_Reports/Anusha_FFV_Monthly_report.report
FullName/Id: Forum_Reports/Anusha_FFV_Monthly_report/00O61000003nZZCEA2
Manageable State: unmanaged
Namespace Prefix: null
Created By (Name/Id): Katherine Aird/00561000002DoxnAAC
Last Modified By (Name/Id): Katherine Aird/00561000002DoxnAAC
************************************************************
************************************************************
FileName: reports/Forum_Reports/Available_FFV_FFVS_by_Region1.report
FullName/Id: Forum_Reports/Available_FFV_FFVS_by_Region1/00O61000003nCFAEA2
Manageable State: unmanaged
Namespace Prefix: null
Created By (Name/Id): Carolyn Keeling/00561000002DjPvAAK
Last Modified By (Name/Id): Carolyn Keeling/00561000002DjPvAAK
************************************************************
************************************************************
FileName: reports/Forum_Reports/Members_in_Active_Forum_by_RegionChapter.report
FullName/Id: Forum_Reports/Members_in_Active_Forum_by_RegionChapter/00O610000042ul1EAA
Manageable State: unmanaged
Namespace Prefix: null
Created By (Name/Id): Kelli Do/00561000001PrKOAA0
Last Modified By (Name/Id): Kelli Do/00561000001PrKOAA0
************************************************************
************************************************************
FileName: reports/Forum_Reports/Net06_WYN_Forums.report
FullName/Id: Forum_Reports/Net06_WYN_Forums/00O610000042ae2EAA
Manageable State: unmanaged
Namespace Prefix: null
Created By (Name/Id): Katherine Aird/00561000002DoxnAAC
Last Modified By (Name/Id): Katherine Aird/00561000002DoxnAAC
************************************************************
************************************************************
FileName: reports/Forum_Reports/Forums_Membership.report
FullName/Id: Forum_Reports/Forums_Membership/00O61000003nI3LEAU
Manageable State: unmanaged
Namespace Prefix: null
Created By (Name/Id): Kelli Do/00561000001PrKOAA0
Last Modified By (Name/Id): Kelli Do/00561000001PrKOAA0
************************************************************
************************************************************
FileName: reports/Forum_Reports/Net18_Plastics_Network.report
FullName/Id: Forum_Reports/Net18_Plastics_Network/00O610000042frEEAQ
Manageable State: unmanaged
Namespace Prefix: null
Created By (Name/Id): Nicole Bahl/00561000002d4nsAAA
Last Modified By (Name/Id): Nicole Bahl/00561000002d4nsAAA
************************************************************
************************************************************
FileName: reports/Forum_Reports/Net08_Retail_Network.report
FullName/Id: Forum_Reports/Net08_Retail_Network/00O610000042fpSEAQ
Manageable State: unmanaged
Namespace Prefix: null
Created By (Name/Id): Nicole Bahl/00561000002d4nsAAA
Last Modified By (Name/Id): Nicole Bahl/00561000002d4nsAAA
************************************************************
************************************************************
FileName: reports/Forum_Reports/Reg_Forum_health_report_participation.report
FullName/Id: Forum_Reports/Reg_Forum_health_report_participation/00O61000004EgygEAC
Manageable State: unmanaged
Namespace Prefix: null
Created By (Name/Id): Anusha Shivaraman/00561000002Dp3KAAS
Last Modified By (Name/Id): Anusha Shivaraman/00561000002Dp3KAAS
************************************************************
************************************************************
FileName: reports/Forum_Reports/Chap01B_Forum_Moderators_by_Chapter.report
FullName/Id: Forum_Reports/Chap01B_Forum_Moderators_by_Chapter/00O610000046LoOEAU
Manageable State: unmanaged
Namespace Prefix: null
Created By (Name/Id): Kelli Do/00561000001PrKOAA0
Last Modified By (Name/Id): Kelli Do/00561000001PrKOAA0
************************************************************
************************************************************
FileName: reports/Forum_Reports/FT_Membership_in_Chapter.report
FullName/Id: Forum_Reports/FT_Membership_in_Chapter/00O610000042tb0EAA
Manageable State: unmanaged
Namespace Prefix: null
Created By (Name/Id): Katherine Aird/00561000002DoxnAAC
Last Modified By (Name/Id): Katherine Aird/00561000002DoxnAAC
************************************************************
************************************************************
FileName: reports/Forum_Reports/X25_Reg_Untrained_Moderators.report
FullName/Id: Forum_Reports/X25_Reg_Untrained_Moderators/00O61000004617lEAA
Manageable State: unmanaged
Namespace Prefix: null
Created By (Name/Id): Katherine Aird/00561000002DoxnAAC
Last Modified By (Name/Id): Katherine Aird/00561000002DoxnAAC
************************************************************
************************************************************
FileName: reports/Forum_Reports/Forum_Vouchers_by_Status_and_Type.report
FullName/Id: Forum_Reports/Forum_Vouchers_by_Status_and_Type/00O61000003nNpGEAU
Manageable State: unmanaged
Namespace Prefix: null
Created By (Name/Id): Pearl Jackson/00561000001QT36AAG
Last Modified By (Name/Id): Pearl Jackson/00561000001QT36AAG
************************************************************
************************************************************
FileName: reports/Forum_Reports/X1_Chapter_Forum_Membership_Report1.report
FullName/Id: Forum_Reports/X1_Chapter_Forum_Membership_Report1/00O61000003nW0EEAU
Manageable State: unmanaged
Namespace Prefix: null
Created By (Name/Id): Katherine Aird/00561000002DoxnAAC
Last Modified By (Name/Id): Katherine Aird/00561000002DoxnAAC
************************************************************
************************************************************
FileName: reports/Forum_Reports/Anusha_FFV_Used_for_a_date_range.report
FullName/Id: Forum_Reports/Anusha_FFV_Used_for_a_date_range/00O6100000465cUEAQ
Manageable State: unmanaged
Namespace Prefix: null
Created By (Name/Id): Anusha Shivaraman/00561000002Dp3KAAS
Last Modified By (Name/Id): Anusha Shivaraman/00561000002Dp3KAAS
************************************************************
************************************************************
FileName: reports/Forum_Reports/Reg16_Regional_Forum_Officers_Incoming.report
FullName/Id: Forum_Reports/Reg16_Regional_Forum_Officers_Incoming/00O6100000466p5EAA
Manageable State: unmanaged
Namespace Prefix: null
Created By (Name/Id): Katherine Aird/00561000002DoxnAAC
Last Modified By (Name/Id): Katherine Aird/00561000002DoxnAAC
************************************************************
************************************************************
FileName: reports/Forum_Reports/X20_Mem_and_S_P_with_Forum_Training.report
FullName/Id: Forum_Reports/X20_Mem_and_S_P_with_Forum_Training/00O61000003nXmdEAE
Manageable State: unmanaged
Namespace Prefix: null
Created By (Name/Id): Katherine Aird/00561000002DoxnAAC
Last Modified By (Name/Id): Kelli Do/00561000001PrKOAA0
************************************************************
************************************************************
FileName: reports/Forum_Reports/Reg21_YPO_Gender_Forum_Report.report
FullName/Id: Forum_Reports/Reg21_YPO_Gender_Forum_Report/00O610000042cRtEAI
Manageable State: unmanaged
Namespace Prefix: null
Created By (Name/Id): Katherine Aird/00561000002DoxnAAC
Last Modified By (Name/Id): Katherine Aird/00561000002DoxnAAC
************************************************************
************************************************************
FileName: reports/Forum_Reports/Anusha_FFV_Issued_for_a_date_range.report
FullName/Id: Forum_Reports/Anusha_FFV_Issued_for_a_date_range/00O6100000465cPEAQ
Manageable State: unmanaged
Namespace Prefix: null
Created By (Name/Id): Anusha Shivaraman/00561000002Dp3KAAS
Last Modified By (Name/Id): Anusha Shivaraman/00561000002Dp3KAAS
************************************************************
************************************************************
FileName: reports/Forum_Reports/Reg_Forum_Health_Member_Participatio.report
FullName/Id: Forum_Reports/Reg_Forum_Health_Member_Participatio/00O61000004EhU8EAK
Manageable State: unmanaged
Namespace Prefix: null
Created By (Name/Id): Katherine Aird/00561000002DoxnAAC
Last Modified By (Name/Id): Katherine Aird/00561000002DoxnAAC
************************************************************
************************************************************
FileName: reports/Forum_Reports/YNG_Active_in_Forum_by_Region.report
FullName/Id: Forum_Reports/YNG_Active_in_Forum_by_Region/00O610000042ylUEAQ
Manageable State: unmanaged
Namespace Prefix: null
Created By (Name/Id): Katherine Aird/00561000002DoxnAAC
Last Modified By (Name/Id): Katherine Aird/00561000002DoxnAAC
************************************************************
************************************************************
FileName: reports/Forum_Reports/Net_19_Network_Forums_Summary.report
FullName/Id: Forum_Reports/Net_19_Network_Forums_Summary/00O6100000439KCEAY
Manageable State: unmanaged
Namespace Prefix: null
Created By (Name/Id): Katherine Aird/00561000002DoxnAAC
Last Modified By (Name/Id): Katherine Aird/00561000002DoxnAAC
************************************************************
************************************************************
FileName: reports/Forum_Reports/X23_Chapter_Moderators_without_FMLD.report
FullName/Id: Forum_Reports/X23_Chapter_Moderators_without_FMLD/00O61000003nY1JEAU
Manageable State: unmanaged
Namespace Prefix: null
Created By (Name/Id): Katherine Aird/00561000002DoxnAAC
Last Modified By (Name/Id): Katherine Aird/00561000002DoxnAAC
************************************************************
************************************************************
FileName: reports/Forum_Reports/Chap01A_Forum_Membership.report
FullName/Id: Forum_Reports/Chap01A_Forum_Membership/00O610000046Lo4EAE
Manageable State: unmanaged
Namespace Prefix: null
Created By (Name/Id): Kelli Do/00561000001PrKOAA0
Last Modified By (Name/Id): Kelli Do/00561000001PrKOAA0
************************************************************
************************************************************
FileName: reports/Forum_Reports/Anusha_FFV_expired_by_Date.report
FullName/Id: Forum_Reports/Anusha_FFV_expired_by_Date/00O61000003nEC8EAM
Manageable State: unmanaged
Namespace Prefix: null
Created By (Name/Id): Katherine Aird/00561000002DoxnAAC
Last Modified By (Name/Id): Katherine Aird/00561000002DoxnAAC
************************************************************
************************************************************
FileName: reports/Forum_Reports/Net06_WYN_Active_Forums2.report
FullName/Id: Forum_Reports/Net06_WYN_Active_Forums2/00O610000043ABkEAM
Manageable State: unmanaged
Namespace Prefix: null
Created By (Name/Id): Nicole Bahl/00561000002d4nsAAA
Last Modified By (Name/Id): Nicole Bahl/00561000002d4nsAAA
************************************************************
************************************************************
FileName: reports/Forum_Reports/MENA_Spouses_NOT_in_Forum.report
FullName/Id: Forum_Reports/MENA_Spouses_NOT_in_Forum/00O610000042YpfEAE
Manageable State: unmanaged
Namespace Prefix: null
Created By (Name/Id): Katherine Aird/00561000002DoxnAAC
Last Modified By (Name/Id): Katherine Aird/00561000002DoxnAAC
************************************************************
************************************************************
FileName: reports/Forum_Reports/Anusha_Avalaible_FFV_and_NMVs.report
FullName/Id: Forum_Reports/Anusha_Avalaible_FFV_and_NMVs/00O61000003nEBtEAM
Manageable State: unmanaged
Namespace Prefix: null
Created By (Name/Id): Katherine Aird/00561000002DoxnAAC
Last Modified By (Name/Id): Katherine Aird/00561000002DoxnAAC
************************************************************
************************************************************
FileName: reports/Forum_Reports/Chapter_FFV_FFV_Redeemed.report
FullName/Id: Forum_Reports/Chapter_FFV_FFV_Redeemed/00O61000003nNy3EAE
Manageable State: unmanaged
Namespace Prefix: null
Created By (Name/Id): Lynn Phillips/00561000000JTJQAA4
Last Modified By (Name/Id): Lynn Phillips/00561000000JTJQAA4
************************************************************
************************************************************
FileName: reports/Forum_Reports/Net18_Current_Network_Forum_Officers.report
FullName/Id: Forum_Reports/Net18_Current_Network_Forum_Officers/00O610000042wlwEAA
Manageable State: unmanaged
Namespace Prefix: null
Created By (Name/Id): Katherine Aird/00561000002DoxnAAC
Last Modified By (Name/Id): Katherine Aird/00561000002DoxnAAC
************************************************************
************************************************************
FileName: reports/Forum_Reports/FT06_Average_age_in_Forum.report
FullName/Id: Forum_Reports/FT06_Average_age_in_Forum/00O6100000439eHEAQ
Manageable State: unmanaged
Namespace Prefix: null
Created By (Name/Id): Katherine Aird/00561000002DoxnAAC
Last Modified By (Name/Id): Katherine Aird/00561000002DoxnAAC
************************************************************
