************************************************************
FileName: reports/Europe_Region/Europe_region_Chapter_Health.report
FullName/Id: Europe_Region/Europe_region_Chapter_Health/00O610000042TcQEAU
Manageable State: unmanaged
Namespace Prefix: null
Created By (Name/Id): Emma Walton/00561000002Dp48AAC
Last Modified By (Name/Id): Emma Walton/00561000002Dp48AAC
************************************************************
************************************************************
FileName: reports/Europe_Region/YPO_Chapter_Health_Data_Europe.report
FullName/Id: Europe_Region/YPO_Chapter_Health_Data_Europe/00O610000042lZpEAI
Manageable State: unmanaged
Namespace Prefix: null
Created By (Name/Id): Danny Smith/00561000002BqLRAA0
Last Modified By (Name/Id): Danny Smith/00561000002BqLRAA0
************************************************************
************************************************************
FileName: reports/Europe_Region/Europe_Chapter_Network_Officers.report
FullName/Id: Europe_Region/Europe_Chapter_Network_Officers/00O61000003nRVCEA2
Manageable State: unmanaged
Namespace Prefix: null
Created By (Name/Id): Michelle Moore/00561000002CiOzAAK
Last Modified By (Name/Id): Michelle Moore/00561000002CiOzAAK
************************************************************
************************************************************
FileName: reports/Europe_Region/Chapter_Officers_Past_Current_Elect4.report
FullName/Id: Europe_Region/Chapter_Officers_Past_Current_Elect4/00O610000046KbnEAE
Manageable State: unmanaged
Namespace Prefix: null
Created By (Name/Id): Emma Walton/00561000002Dp48AAC
Last Modified By (Name/Id): Emma Walton/00561000002Dp48AAC
************************************************************
************************************************************
FileName: reports/Europe_Region/Regional_Officers_Europe2.report
FullName/Id: Europe_Region/Regional_Officers_Europe2/00O610000046DNoEAM
Manageable State: unmanaged
Namespace Prefix: null
Created By (Name/Id): Emma Walton/00561000002Dp48AAC
Last Modified By (Name/Id): Emma Walton/00561000002Dp48AAC
************************************************************
************************************************************
FileName: reports/Europe_Region/FY19_Chapter_Officers_ID_Europe.report
FullName/Id: Europe_Region/FY19_Chapter_Officers_ID_Europe/00O610000042mLyEAI
Manageable State: unmanaged
Namespace Prefix: null
Created By (Name/Id): Danny Smith/00561000002BqLRAA0
Last Modified By (Name/Id): Danny Smith/00561000002BqLRAA0
************************************************************
************************************************************
FileName: reports/Europe_Region/Europe_Regional_Officers_Current.report
FullName/Id: Europe_Region/Europe_Regional_Officers_Current/00O610000046DONEA2
Manageable State: unmanaged
Namespace Prefix: null
Created By (Name/Id): Emma Walton/00561000002Dp48AAC
Last Modified By (Name/Id): Emma Walton/00561000002Dp48AAC
************************************************************
************************************************************
FileName: reports/Europe_Region/FY19_Regional_Officer_ID_Canada.report
FullName/Id: Europe_Region/FY19_Regional_Officer_ID_Canada/00O610000042lLYEAY
Manageable State: unmanaged
Namespace Prefix: null
Created By (Name/Id): Danny Smith/00561000002BqLRAA0
Last Modified By (Name/Id): Danny Smith/00561000002BqLRAA0
************************************************************
************************************************************
FileName: reports/Europe_Region/YPO_FY2018_Current_Europe_Reg_Off.report
FullName/Id: Europe_Region/YPO_FY2018_Current_Europe_Reg_Off/00O610000042oj4EAA
Manageable State: unmanaged
Namespace Prefix: null
Created By (Name/Id): Danny Smith/00561000002BqLRAA0
Last Modified By (Name/Id): Danny Smith/00561000002BqLRAA0
************************************************************
************************************************************
FileName: reports/Europe_Region/YPO_Chapter_Visits_Europe.report
FullName/Id: Europe_Region/YPO_Chapter_Visits_Europe/00O61000001Za03EAC
Manageable State: unmanaged
Namespace Prefix: null
Created By (Name/Id): Danny Smith/00561000002BqLRAA0
Last Modified By (Name/Id): Danny Smith/00561000002BqLRAA0
************************************************************
************************************************************
FileName: reports/Europe_Region/Europe_Chapter_Chairs_Elect.report
FullName/Id: Europe_Region/Europe_Chapter_Chairs_Elect/00O610000046GtsEAE
Manageable State: unmanaged
Namespace Prefix: null
Created By (Name/Id): Michelle Moore/00561000002CiOzAAK
Last Modified By (Name/Id): Michelle Moore/00561000002CiOzAAK
************************************************************
************************************************************
FileName: reports/Europe_Region/YPO_Renewal_Projection_Report_Europe.report
FullName/Id: Europe_Region/YPO_Renewal_Projection_Report_Europe/00O61000004ELCBEA4
Manageable State: unmanaged
Namespace Prefix: null
Created By (Name/Id): Danny Smith/00561000002BqLRAA0
Last Modified By (Name/Id): Danny Smith/00561000002BqLRAA0
************************************************************
************************************************************
FileName: reports/Europe_Region/Renewal_Progress_Status_FY18_19_Europe.report
FullName/Id: Europe_Region/Renewal_Progress_Status_FY18_19_Europe/00O61000004EDSkEAO
Manageable State: unmanaged
Namespace Prefix: null
Created By (Name/Id): Danny Smith/00561000002BqLRAA0
Last Modified By (Name/Id): Danny Smith/00561000002BqLRAA0
************************************************************
************************************************************
FileName: reports/Europe_Region/YPO_Gold_CBMS11.report
FullName/Id: Europe_Region/YPO_Gold_CBMS11/00O610000042kyyEAA
Manageable State: unmanaged
Namespace Prefix: null
Created By (Name/Id): Danny Smith/00561000002BqLRAA0
Last Modified By (Name/Id): Danny Smith/00561000002BqLRAA0
************************************************************
************************************************************
FileName: reports/Europe_Region/FY19_Reg_Officers_Reg_for_GLC_Europe.report
FullName/Id: Europe_Region/FY19_Reg_Officers_Reg_for_GLC_Europe/00O610000042kurEAA
Manageable State: unmanaged
Namespace Prefix: null
Created By (Name/Id): Danny Smith/00561000002BqLRAA0
Last Modified By (Name/Id): Danny Smith/00561000002BqLRAA0
************************************************************
************************************************************
FileName: reports/Europe_Region/FY19_Officer_Attd_CLW_America_Europe.report
FullName/Id: Europe_Region/FY19_Officer_Attd_CLW_America_Europe/00O610000042mMIEAY
Manageable State: unmanaged
Namespace Prefix: null
Created By (Name/Id): Danny Smith/00561000002BqLRAA0
Last Modified By (Name/Id): Danny Smith/00561000002BqLRAA0
************************************************************
************************************************************
FileName: reports/Europe_Region/Europe_Members_Current1.report
FullName/Id: Europe_Region/Europe_Members_Current1/00O610000046Y8WEAU
Manageable State: unmanaged
Namespace Prefix: null
Created By (Name/Id): Emma Walton/00561000002Dp48AAC
Last Modified By (Name/Id): Emma Walton/00561000002Dp48AAC
************************************************************
************************************************************
FileName: reports/Europe_Region/FY18_Lifetime_Members_Europe.report
FullName/Id: Europe_Region/FY18_Lifetime_Members_Europe/00O61000004ELOlEAO
Manageable State: unmanaged
Namespace Prefix: null
Created By (Name/Id): Danny Smith/00561000002BqLRAA0
Last Modified By (Name/Id): Danny Smith/00561000002BqLRAA0
************************************************************
************************************************************
FileName: reports/Europe_Region/Europe_Chapter_Goals_current1.report
FullName/Id: Europe_Region/Europe_Chapter_Goals_current1/00O610000046XnEEAU
Manageable State: unmanaged
Namespace Prefix: null
Created By (Name/Id): Emma Walton/00561000002Dp48AAC
Last Modified By (Name/Id): Emma Walton/00561000002Dp48AAC
************************************************************
************************************************************
FileName: reports/Europe_Region/YPO_CBMS11.report
FullName/Id: Europe_Region/YPO_CBMS11/00O610000042kzDEAQ
Manageable State: unmanaged
Namespace Prefix: null
Created By (Name/Id): Danny Smith/00561000002BqLRAA0
Last Modified By (Name/Id): Danny Smith/00561000002BqLRAA0
************************************************************
************************************************************
FileName: reports/Europe_Region/YPO_Chapter_Health_Metrics_Europe.report
FullName/Id: Europe_Region/YPO_Chapter_Health_Metrics_Europe/00O610000042lblEAA
Manageable State: unmanaged
Namespace Prefix: null
Created By (Name/Id): Danny Smith/00561000002BqLRAA0
Last Modified By (Name/Id): Danny Smith/00561000002BqLRAA0
************************************************************
************************************************************
FileName: reports/Europe_Region/Europe_Chapter_Chairs_Current.report
FullName/Id: Europe_Region/Europe_Chapter_Chairs_Current/00O610000046Gu7EAE
Manageable State: unmanaged
Namespace Prefix: null
Created By (Name/Id): Michelle Moore/00561000002CiOzAAK
Last Modified By (Name/Id): Michelle Moore/00561000002CiOzAAK
************************************************************
************************************************************
FileName: reports/Europe_Region/YPO_Member_Profile_Report_Europe.report
FullName/Id: Europe_Region/YPO_Member_Profile_Report_Europe/00O610000042lYDEAY
Manageable State: unmanaged
Namespace Prefix: null
Created By (Name/Id): Danny Smith/00561000002BqLRAA0
Last Modified By (Name/Id): Danny Smith/00561000002BqLRAA0
************************************************************
************************************************************
FileName: reports/Europe_Region/FY19_Officers_Attd_CLW_Europe_Europe.report
FullName/Id: Europe_Region/FY19_Officers_Attd_CLW_Europe_Europe/00O610000042mM8EAI
Manageable State: unmanaged
Namespace Prefix: null
Created By (Name/Id): Danny Smith/00561000002BqLRAA0
Last Modified By (Name/Id): Danny Smith/00561000002BqLRAA0
************************************************************
************************************************************
FileName: reports/Europe_Region/X2018_Singapore_EDGE_Member_List3.report
FullName/Id: Europe_Region/X2018_Singapore_EDGE_Member_List3/00O6100000434B4EAI
Manageable State: unmanaged
Namespace Prefix: null
Created By (Name/Id): Danny Smith/00561000002BqLRAA0
Last Modified By (Name/Id): Danny Smith/00561000002BqLRAA0
************************************************************
************************************************************
FileName: reports/Europe_Region/FY19_Chapter_Officer_Attd_GLC_Europe.report
FullName/Id: Europe_Region/FY19_Chapter_Officer_Attd_GLC_Europe/00O610000042mM3EAI
Manageable State: unmanaged
Namespace Prefix: null
Created By (Name/Id): Danny Smith/00561000002BqLRAA0
Last Modified By (Name/Id): Danny Smith/00561000002BqLRAA0
************************************************************
************************************************************
FileName: reports/Europe_Region/Europe_All_Members_and_Spouse_Partners.report
FullName/Id: Europe_Region/Europe_All_Members_and_Spouse_Partners/00O610000046Gu2EAE
Manageable State: unmanaged
Namespace Prefix: null
Created By (Name/Id): Michelle Moore/00561000002CiOzAAK
Last Modified By (Name/Id): Michelle Moore/00561000002CiOzAAK
************************************************************
