************************************************************
FileName: dashboards/YPO_Reports_Development_Dashboard/WKPR_Report_Development_Status.dashboard
FullName/Id: YPO_Reports_Development_Dashboard/WKPR_Report_Development_Status/01Z61000000BGD1EAO
Manageable State: unmanaged
Namespace Prefix: null
Created By (Name/Id): Stephanie Mayfield/00561000001mCdYAAU
Last Modified By (Name/Id): Ken Shaddox/00561000001cxaeAAA
************************************************************
************************************************************
FileName: dashboards/YPO_Reports_Development_Dashboard/WKPR_Blocked_Report_Development.dashboard
FullName/Id: YPO_Reports_Development_Dashboard/WKPR_Blocked_Report_Development/01Z61000000BGD6EAO
Manageable State: unmanaged
Namespace Prefix: null
Created By (Name/Id): Stephanie Mayfield/00561000001mCdYAAU
Last Modified By (Name/Id): Stephanie Mayfield/00561000001mCdYAAU
************************************************************
************************************************************
FileName: dashboards/YPO_Reports_Development_Dashboard/WKPR_Backlog_by_Department_Group.dashboard
FullName/Id: YPO_Reports_Development_Dashboard/WKPR_Backlog_by_Department_Group/01Z610000006xQ0EAI
Manageable State: unmanaged
Namespace Prefix: null
Created By (Name/Id): Stephanie Mayfield/00561000001mCdYAAU
Last Modified By (Name/Id): Stephanie Mayfield/00561000001mCdYAAU
************************************************************
************************************************************
FileName: dashboards/YPO_Reports_Development_Dashboard/WKPR_Report_Development_by_Effort.dashboard
FullName/Id: YPO_Reports_Development_Dashboard/WKPR_Report_Development_by_Effort/01Z610000006wVrEAI
Manageable State: unmanaged
Namespace Prefix: null
Created By (Name/Id): Stephanie Mayfield/00561000001mCdYAAU
Last Modified By (Name/Id): Stephanie Mayfield/00561000001mCdYAAU
************************************************************
************************************************************
FileName: dashboards/YPO_Reports_Development_Dashboard/WKPR_Report_Development_by_Effort_YPO_Srvc_Cloud.dashboard
FullName/Id: YPO_Reports_Development_Dashboard/WKPR_Report_Development_by_Effort_YPO_Srvc_Cloud/01Z610000006wWBEAY
Manageable State: unmanaged
Namespace Prefix: null
Created By (Name/Id): Stephanie Mayfield/00561000001mCdYAAU
Last Modified By (Name/Id): Stephanie Mayfield/00561000001mCdYAAU
************************************************************
************************************************************
FileName: dashboards/YPO_Reports_Development_Dashboard/WKPR_Backlog_by_Group_Release_Priority.dashboard
FullName/Id: YPO_Reports_Development_Dashboard/WKPR_Backlog_by_Group_Release_Priority/01Z61000000BGDpEAO
Manageable State: unmanaged
Namespace Prefix: null
Created By (Name/Id): Stephanie Mayfield/00561000001mCdYAAU
Last Modified By (Name/Id): Stephanie Mayfield/00561000001mCdYAAU
************************************************************
************************************************************
FileName: dashboards/YPO_Reports_Development_Dashboard/Reports_Needed_for_Go_Live.dashboard
FullName/Id: YPO_Reports_Development_Dashboard/Reports_Needed_for_Go_Live/01Z610000006vyqEAA
Manageable State: unmanaged
Namespace Prefix: null
Created By (Name/Id): Kelli Do/00561000001PrKOAA0
Last Modified By (Name/Id): Ken Shaddox/00561000001cxaeAAA
************************************************************
