************************************************************
FileName: reports/ca_collab_2_0__Community_Management_Home_Reports/ca_collab_2_0__H_Metric_Active_Contributors_1_0.report
FullName/Id: ca_collab_2_0__Community_Management_Home_Reports/ca_collab_2_0__H_Metric_Active_Contributors_1_0/00O61000003xCnUEAU
Manageable State: installed
Namespace Prefix: ca_collab_2_0
Created By (Name/Id): Jonathan Bernd/00561000000ImwtAAC
Last Modified By (Name/Id): Jonathan Bernd/00561000000ImwtAAC
************************************************************
************************************************************
FileName: reports/ca_collab_2_0__Community_Management_Home_Reports/ca_collab_2_0__H_Best_Answers_Monthly_Trend_1_0.report
FullName/Id: ca_collab_2_0__Community_Management_Home_Reports/ca_collab_2_0__H_Best_Answers_Monthly_Trend_1_0/00O61000003xCnOEAU
Manageable State: installed
Namespace Prefix: ca_collab_2_0
Created By (Name/Id): Jonathan Bernd/00561000000ImwtAAC
Last Modified By (Name/Id): Jonathan Bernd/00561000000ImwtAAC
************************************************************
************************************************************
FileName: reports/ca_collab_2_0__Community_Management_Home_Reports/ca_collab_2_0__H_New_Members_Monthly_Trend_1_0.report
FullName/Id: ca_collab_2_0__Community_Management_Home_Reports/ca_collab_2_0__H_New_Members_Monthly_Trend_1_0/00O61000003xCniEAE
Manageable State: installed
Namespace Prefix: ca_collab_2_0
Created By (Name/Id): Jonathan Bernd/00561000000ImwtAAC
Last Modified By (Name/Id): Jonathan Bernd/00561000000ImwtAAC
************************************************************
************************************************************
FileName: reports/ca_collab_2_0__Community_Management_Home_Reports/ca_collab_2_0__H_Contributions_Weekly_Trend_1_0.report
FullName/Id: ca_collab_2_0__Community_Management_Home_Reports/ca_collab_2_0__H_Contributions_Weekly_Trend_1_0/00O61000003xCnREAU
Manageable State: installed
Namespace Prefix: ca_collab_2_0
Created By (Name/Id): Jonathan Bernd/00561000000ImwtAAC
Last Modified By (Name/Id): Jonathan Bernd/00561000000ImwtAAC
************************************************************
************************************************************
FileName: reports/ca_collab_2_0__Community_Management_Home_Reports/ca_collab_2_0__H_Metric_Questions_1_0.report
FullName/Id: ca_collab_2_0__Community_Management_Home_Reports/ca_collab_2_0__H_Metric_Questions_1_0/00O61000003xCngEAE
Manageable State: installed
Namespace Prefix: ca_collab_2_0
Created By (Name/Id): Jonathan Bernd/00561000000ImwtAAC
Last Modified By (Name/Id): Jonathan Bernd/00561000000ImwtAAC
************************************************************
************************************************************
FileName: reports/ca_collab_2_0__Community_Management_Home_Reports/ca_collab_2_0__H_Metric_Active_Users_1_0.report
FullName/Id: ca_collab_2_0__Community_Management_Home_Reports/ca_collab_2_0__H_Metric_Active_Users_1_0/00O61000003xCnVEAU
Manageable State: installed
Namespace Prefix: ca_collab_2_0
Created By (Name/Id): Jonathan Bernd/00561000000ImwtAAC
Last Modified By (Name/Id): Jonathan Bernd/00561000000ImwtAAC
************************************************************
************************************************************
FileName: reports/ca_collab_2_0__Community_Management_Home_Reports/ca_collab_2_0__H_File_Activity_Monthly_Trend_1_0.report
FullName/Id: ca_collab_2_0__Community_Management_Home_Reports/ca_collab_2_0__H_File_Activity_Monthly_Trend_1_0/00O61000003xCnSEAU
Manageable State: installed
Namespace Prefix: ca_collab_2_0
Created By (Name/Id): Jonathan Bernd/00561000000ImwtAAC
Last Modified By (Name/Id): Jonathan Bernd/00561000000ImwtAAC
************************************************************
************************************************************
FileName: reports/ca_collab_2_0__Community_Management_Home_Reports/ca_collab_2_0__H_Metric_Comments_1_0.report
FullName/Id: ca_collab_2_0__Community_Management_Home_Reports/ca_collab_2_0__H_Metric_Comments_1_0/00O61000003xCnYEAU
Manageable State: installed
Namespace Prefix: ca_collab_2_0
Created By (Name/Id): Jonathan Bernd/00561000000ImwtAAC
Last Modified By (Name/Id): Jonathan Bernd/00561000000ImwtAAC
************************************************************
************************************************************
FileName: reports/ca_collab_2_0__Community_Management_Home_Reports/ca_collab_2_0__H_Metric_Logins_1_0.report
FullName/Id: ca_collab_2_0__Community_Management_Home_Reports/ca_collab_2_0__H_Metric_Logins_1_0/00O61000003xCncEAE
Manageable State: installed
Namespace Prefix: ca_collab_2_0
Created By (Name/Id): Jonathan Bernd/00561000000ImwtAAC
Last Modified By (Name/Id): Jonathan Bernd/00561000000ImwtAAC
************************************************************
************************************************************
FileName: reports/ca_collab_2_0__Community_Management_Home_Reports/ca_collab_2_0__H_Metric_Answers_1_0.report
FullName/Id: ca_collab_2_0__Community_Management_Home_Reports/ca_collab_2_0__H_Metric_Answers_1_0/00O61000003xCnWEAU
Manageable State: installed
Namespace Prefix: ca_collab_2_0
Created By (Name/Id): Jonathan Bernd/00561000000ImwtAAC
Last Modified By (Name/Id): Jonathan Bernd/00561000000ImwtAAC
************************************************************
************************************************************
FileName: reports/ca_collab_2_0__Community_Management_Home_Reports/ca_collab_2_0__H_Metric_Best_Answers_1_0.report
FullName/Id: ca_collab_2_0__Community_Management_Home_Reports/ca_collab_2_0__H_Metric_Best_Answers_1_0/00O61000003xCnXEAU
Manageable State: installed
Namespace Prefix: ca_collab_2_0
Created By (Name/Id): Jonathan Bernd/00561000000ImwtAAC
Last Modified By (Name/Id): Jonathan Bernd/00561000000ImwtAAC
************************************************************
************************************************************
FileName: reports/ca_collab_2_0__Community_Management_Home_Reports/ca_collab_2_0__H_Metric_Members_1_0.report
FullName/Id: ca_collab_2_0__Community_Management_Home_Reports/ca_collab_2_0__H_Metric_Members_1_0/00O61000003xCndEAE
Manageable State: installed
Namespace Prefix: ca_collab_2_0
Created By (Name/Id): Jonathan Bernd/00561000000ImwtAAC
Last Modified By (Name/Id): Jonathan Bernd/00561000000ImwtAAC
************************************************************
************************************************************
FileName: reports/ca_collab_2_0__Community_Management_Home_Reports/ca_collab_2_0__H_Logins_External_Monthly_Trend_1_0.report
FullName/Id: ca_collab_2_0__Community_Management_Home_Reports/ca_collab_2_0__H_Logins_External_Monthly_Trend_1_0/00O61000003xCnTEAU
Manageable State: installed
Namespace Prefix: ca_collab_2_0
Created By (Name/Id): Jonathan Bernd/00561000000ImwtAAC
Last Modified By (Name/Id): Jonathan Bernd/00561000000ImwtAAC
************************************************************
************************************************************
FileName: reports/ca_collab_2_0__Community_Management_Home_Reports/ca_collab_2_0__H_Unique_Visitors_Monthly_Trend_1_0.report
FullName/Id: ca_collab_2_0__Community_Management_Home_Reports/ca_collab_2_0__H_Unique_Visitors_Monthly_Trend_1_0/00O61000003xCnpEAE
Manageable State: installed
Namespace Prefix: ca_collab_2_0
Created By (Name/Id): Jonathan Bernd/00561000000ImwtAAC
Last Modified By (Name/Id): Jonathan Bernd/00561000000ImwtAAC
************************************************************
************************************************************
FileName: reports/ca_collab_2_0__Community_Management_Home_Reports/ca_collab_2_0__H_Best_Answers_Daily_Trend_1_0.report
FullName/Id: ca_collab_2_0__Community_Management_Home_Reports/ca_collab_2_0__H_Best_Answers_Daily_Trend_1_0/00O61000003xCnNEAU
Manageable State: installed
Namespace Prefix: ca_collab_2_0
Created By (Name/Id): Jonathan Bernd/00561000000ImwtAAC
Last Modified By (Name/Id): Jonathan Bernd/00561000000ImwtAAC
************************************************************
************************************************************
FileName: reports/ca_collab_2_0__Community_Management_Home_Reports/ca_collab_2_0__H_Metric_New_Members_1_0.report
FullName/Id: ca_collab_2_0__Community_Management_Home_Reports/ca_collab_2_0__H_Metric_New_Members_1_0/00O61000003xCneEAE
Manageable State: installed
Namespace Prefix: ca_collab_2_0
Created By (Name/Id): Jonathan Bernd/00561000000ImwtAAC
Last Modified By (Name/Id): Jonathan Bernd/00561000000ImwtAAC
************************************************************
************************************************************
FileName: reports/ca_collab_2_0__Community_Management_Home_Reports/ca_collab_2_0__H_Metric_Posts_1_0.report
FullName/Id: ca_collab_2_0__Community_Management_Home_Reports/ca_collab_2_0__H_Metric_Posts_1_0/00O61000003xCnfEAE
Manageable State: installed
Namespace Prefix: ca_collab_2_0
Created By (Name/Id): Jonathan Bernd/00561000000ImwtAAC
Last Modified By (Name/Id): Jonathan Bernd/00561000000ImwtAAC
************************************************************
************************************************************
FileName: reports/ca_collab_2_0__Community_Management_Home_Reports/ca_collab_2_0__H_Best_Answers_Weekly_Trend_1_0.report
FullName/Id: ca_collab_2_0__Community_Management_Home_Reports/ca_collab_2_0__H_Best_Answers_Weekly_Trend_1_0/00O61000003xCnPEAU
Manageable State: installed
Namespace Prefix: ca_collab_2_0
Created By (Name/Id): Jonathan Bernd/00561000000ImwtAAC
Last Modified By (Name/Id): Jonathan Bernd/00561000000ImwtAAC
************************************************************
************************************************************
FileName: reports/ca_collab_2_0__Community_Management_Home_Reports/ca_collab_2_0__H_Unique_Contributions_Daily_Trend_1_0.report
FullName/Id: ca_collab_2_0__Community_Management_Home_Reports/ca_collab_2_0__H_Unique_Contributions_Daily_Trend_1_0/00O61000003xCnnEAE
Manageable State: installed
Namespace Prefix: ca_collab_2_0
Created By (Name/Id): Jonathan Bernd/00561000000ImwtAAC
Last Modified By (Name/Id): Jonathan Bernd/00561000000ImwtAAC
************************************************************
************************************************************
FileName: reports/ca_collab_2_0__Community_Management_Home_Reports/ca_collab_2_0__H_Metric_Contributions_1_0.report
FullName/Id: ca_collab_2_0__Community_Management_Home_Reports/ca_collab_2_0__H_Metric_Contributions_1_0/00O61000003xCnZEAU
Manageable State: installed
Namespace Prefix: ca_collab_2_0
Created By (Name/Id): Jonathan Bernd/00561000000ImwtAAC
Last Modified By (Name/Id): Jonathan Bernd/00561000000ImwtAAC
************************************************************
************************************************************
FileName: reports/ca_collab_2_0__Community_Management_Home_Reports/ca_collab_2_0__H_Unique_Contributions_Monthly_Trend_1_0.report
FullName/Id: ca_collab_2_0__Community_Management_Home_Reports/ca_collab_2_0__H_Unique_Contributions_Monthly_Trend_1_0/00O61000003xCnoEAE
Manageable State: installed
Namespace Prefix: ca_collab_2_0
Created By (Name/Id): Jonathan Bernd/00561000000ImwtAAC
Last Modified By (Name/Id): Jonathan Bernd/00561000000ImwtAAC
************************************************************
************************************************************
FileName: reports/ca_collab_2_0__Community_Management_Home_Reports/ca_collab_2_0__H_Metric_File_Uploads_1_0.report
FullName/Id: ca_collab_2_0__Community_Management_Home_Reports/ca_collab_2_0__H_Metric_File_Uploads_1_0/00O61000003xCnbEAE
Manageable State: installed
Namespace Prefix: ca_collab_2_0
Created By (Name/Id): Jonathan Bernd/00561000000ImwtAAC
Last Modified By (Name/Id): Jonathan Bernd/00561000000ImwtAAC
************************************************************
************************************************************
FileName: reports/ca_collab_2_0__Community_Management_Home_Reports/ca_collab_2_0__H_QA_Weekly_Trend_1_0.report
FullName/Id: ca_collab_2_0__Community_Management_Home_Reports/ca_collab_2_0__H_QA_Weekly_Trend_1_0/00O61000003xCnmEAE
Manageable State: installed
Namespace Prefix: ca_collab_2_0
Created By (Name/Id): Jonathan Bernd/00561000000ImwtAAC
Last Modified By (Name/Id): Jonathan Bernd/00561000000ImwtAAC
************************************************************
************************************************************
FileName: reports/ca_collab_2_0__Community_Management_Home_Reports/ca_collab_2_0__H_Contributions_Monthly_Trend_1_0.report
FullName/Id: ca_collab_2_0__Community_Management_Home_Reports/ca_collab_2_0__H_Contributions_Monthly_Trend_1_0/00O61000003xCnQEAU
Manageable State: installed
Namespace Prefix: ca_collab_2_0
Created By (Name/Id): Jonathan Bernd/00561000000ImwtAAC
Last Modified By (Name/Id): Jonathan Bernd/00561000000ImwtAAC
************************************************************
************************************************************
FileName: reports/ca_collab_2_0__Community_Management_Home_Reports/ca_collab_2_0__H_QA_Monthly_Trend_1_0.report
FullName/Id: ca_collab_2_0__Community_Management_Home_Reports/ca_collab_2_0__H_QA_Monthly_Trend_1_0/00O61000003xCnlEAE
Manageable State: installed
Namespace Prefix: ca_collab_2_0
Created By (Name/Id): Jonathan Bernd/00561000000ImwtAAC
Last Modified By (Name/Id): Jonathan Bernd/00561000000ImwtAAC
************************************************************
************************************************************
FileName: reports/ca_collab_2_0__Community_Management_Home_Reports/ca_collab_2_0__H_Page_Views_Monthly_Trend_1_0.report
FullName/Id: ca_collab_2_0__Community_Management_Home_Reports/ca_collab_2_0__H_Page_Views_Monthly_Trend_1_0/00O61000003xCnjEAE
Manageable State: installed
Namespace Prefix: ca_collab_2_0
Created By (Name/Id): Jonathan Bernd/00561000000ImwtAAC
Last Modified By (Name/Id): Jonathan Bernd/00561000000ImwtAAC
************************************************************
************************************************************
FileName: reports/ca_collab_2_0__Community_Management_Home_Reports/ca_collab_2_0__H_Metric_File_Downloads_1_0.report
FullName/Id: ca_collab_2_0__Community_Management_Home_Reports/ca_collab_2_0__H_Metric_File_Downloads_1_0/00O61000003xCnaEAE
Manageable State: installed
Namespace Prefix: ca_collab_2_0
Created By (Name/Id): Jonathan Bernd/00561000000ImwtAAC
Last Modified By (Name/Id): Jonathan Bernd/00561000000ImwtAAC
************************************************************
************************************************************
FileName: reports/ca_collab_2_0__Community_Management_Home_Reports/ca_collab_2_0__H_Metric_Topics_1_0.report
FullName/Id: ca_collab_2_0__Community_Management_Home_Reports/ca_collab_2_0__H_Metric_Topics_1_0/00O61000003xCnhEAE
Manageable State: installed
Namespace Prefix: ca_collab_2_0
Created By (Name/Id): Jonathan Bernd/00561000000ImwtAAC
Last Modified By (Name/Id): Jonathan Bernd/00561000000ImwtAAC
************************************************************
************************************************************
FileName: reports/ca_collab_2_0__Community_Management_Home_Reports/ca_collab_2_0__H_Page_Views_Weekly_Trend_1_0.report
FullName/Id: ca_collab_2_0__Community_Management_Home_Reports/ca_collab_2_0__H_Page_Views_Weekly_Trend_1_0/00O61000003xCnkEAE
Manageable State: installed
Namespace Prefix: ca_collab_2_0
Created By (Name/Id): Jonathan Bernd/00561000000ImwtAAC
Last Modified By (Name/Id): Jonathan Bernd/00561000000ImwtAAC
************************************************************
