************************************************************
FileName: reports/ca_collab_2_0__SfdcCommunitiesPulseDefaultGroup_20/ca_collab_2_0__Insights_G_Groups_With_Deactivated_Owners_2_0.report
FullName/Id: ca_collab_2_0__SfdcCommunitiesPulseDefaultGroup_20/ca_collab_2_0__Insights_G_Groups_With_Deactivated_Owners_2_0/00O61000003xCo7EAE
Manageable State: installed
Namespace Prefix: ca_collab_2_0
Created By (Name/Id): Jonathan Bernd/00561000000ImwtAAC
Last Modified By (Name/Id): Jonathan Bernd/00561000000ImwtAAC
************************************************************
************************************************************
FileName: reports/ca_collab_2_0__SfdcCommunitiesPulseDefaultGroup_20/ca_collab_2_0__Insights_G_Groups_Recently_Archived_2_0.report
FullName/Id: ca_collab_2_0__SfdcCommunitiesPulseDefaultGroup_20/ca_collab_2_0__Insights_G_Groups_Recently_Archived_2_0/00O61000003xCo5EAE
Manageable State: installed
Namespace Prefix: ca_collab_2_0
Created By (Name/Id): Jonathan Bernd/00561000000ImwtAAC
Last Modified By (Name/Id): Jonathan Bernd/00561000000ImwtAAC
************************************************************
************************************************************
FileName: reports/ca_collab_2_0__SfdcCommunitiesPulseDefaultGroup_20/ca_collab_2_0__Insights_G_Groups_With_Inactive_Owners_2_0.report
FullName/Id: ca_collab_2_0__SfdcCommunitiesPulseDefaultGroup_20/ca_collab_2_0__Insights_G_Groups_With_Inactive_Owners_2_0/00O61000003xCo8EAE
Manageable State: installed
Namespace Prefix: ca_collab_2_0
Created By (Name/Id): Jonathan Bernd/00561000000ImwtAAC
Last Modified By (Name/Id): Jonathan Bernd/00561000000ImwtAAC
************************************************************
************************************************************
FileName: reports/ca_collab_2_0__SfdcCommunitiesPulseDefaultGroup_20/ca_collab_2_0__Insights_G_New_Groups_1_0.report
FullName/Id: ca_collab_2_0__SfdcCommunitiesPulseDefaultGroup_20/ca_collab_2_0__Insights_G_New_Groups_1_0/00O61000003xCo9EAE
Manageable State: installed
Namespace Prefix: ca_collab_2_0
Created By (Name/Id): Jonathan Bernd/00561000000ImwtAAC
Last Modified By (Name/Id): Jonathan Bernd/00561000000ImwtAAC
************************************************************
************************************************************
FileName: reports/ca_collab_2_0__SfdcCommunitiesPulseDefaultGroup_20/ca_collab_2_0__Insights_G_Groups_Soon_To_Be_Archived_2_0.report
FullName/Id: ca_collab_2_0__SfdcCommunitiesPulseDefaultGroup_20/ca_collab_2_0__Insights_G_Groups_Soon_To_Be_Archived_2_0/00O61000003xCo6EAE
Manageable State: installed
Namespace Prefix: ca_collab_2_0
Created By (Name/Id): Jonathan Bernd/00561000000ImwtAAC
Last Modified By (Name/Id): Jonathan Bernd/00561000000ImwtAAC
************************************************************
