************************************************************
FileName: reports/ca_collab_2_0__Chatter_Reports/ca_collab_2_0__CH_T_Topic_Assignments_Per_Month_1_0.report
FullName/Id: ca_collab_2_0__Chatter_Reports/ca_collab_2_0__CH_T_Topic_Assignments_Per_Month_1_0/00O61000003xCkeEAE
Manageable State: installed
Namespace Prefix: ca_collab_2_0
Created By (Name/Id): Jonathan Bernd/00561000000ImwtAAC
Last Modified By (Name/Id): Jonathan Bernd/00561000000ImwtAAC
************************************************************
************************************************************
FileName: reports/ca_collab_2_0__Chatter_Reports/ca_collab_2_0__CH_T_Metric_Total_Assignments_L30D_1_0.report
FullName/Id: ca_collab_2_0__Chatter_Reports/ca_collab_2_0__CH_T_Metric_Total_Assignments_L30D_1_0/00O61000003xCkPEAU
Manageable State: installed
Namespace Prefix: ca_collab_2_0
Created By (Name/Id): Jonathan Bernd/00561000000ImwtAAC
Last Modified By (Name/Id): Jonathan Bernd/00561000000ImwtAAC
************************************************************
************************************************************
FileName: reports/ca_collab_2_0__Chatter_Reports/ca_collab_2_0__CH_T_Records_Assigned_Per_Topic_1_0.report
FullName/Id: ca_collab_2_0__Chatter_Reports/ca_collab_2_0__CH_T_Records_Assigned_Per_Topic_1_0/00O61000003xCkUEAU
Manageable State: installed
Namespace Prefix: ca_collab_2_0
Created By (Name/Id): Jonathan Bernd/00561000000ImwtAAC
Last Modified By (Name/Id): Jonathan Bernd/00561000000ImwtAAC
************************************************************
************************************************************
FileName: reports/ca_collab_2_0__Chatter_Reports/ca_collab_2_0__CH_G_Group_Posts_By_Type_1_0.report
FullName/Id: ca_collab_2_0__Chatter_Reports/ca_collab_2_0__CH_G_Group_Posts_By_Type_1_0/00O61000003xCjQEAU
Manageable State: installed
Namespace Prefix: ca_collab_2_0
Created By (Name/Id): Jonathan Bernd/00561000000ImwtAAC
Last Modified By (Name/Id): Jonathan Bernd/00561000000ImwtAAC
************************************************************
************************************************************
FileName: reports/ca_collab_2_0__Chatter_Reports/ca_collab_2_0__CH_T_Metric_Total_Topics_Added_L30D_1_0.report
FullName/Id: ca_collab_2_0__Chatter_Reports/ca_collab_2_0__CH_T_Metric_Total_Topics_Added_L30D_1_0/00O61000003xCkTEAU
Manageable State: installed
Namespace Prefix: ca_collab_2_0
Created By (Name/Id): Jonathan Bernd/00561000000ImwtAAC
Last Modified By (Name/Id): Jonathan Bernd/00561000000ImwtAAC
************************************************************
************************************************************
FileName: reports/ca_collab_2_0__Chatter_Reports/ca_collab_2_0__CH_F_New_Files_Trending_By_Likes_1_0.report
FullName/Id: ca_collab_2_0__Chatter_Reports/ca_collab_2_0__CH_F_New_Files_Trending_By_Likes_1_0/00O61000003xCjCEAU
Manageable State: installed
Namespace Prefix: ca_collab_2_0
Created By (Name/Id): Jonathan Bernd/00561000000ImwtAAC
Last Modified By (Name/Id): Jonathan Bernd/00561000000ImwtAAC
************************************************************
************************************************************
FileName: reports/ca_collab_2_0__Chatter_Reports/ca_collab_2_0__CH_T_Knowledgeable_People_Per_Topics_1_0.report
FullName/Id: ca_collab_2_0__Chatter_Reports/ca_collab_2_0__CH_T_Knowledgeable_People_Per_Topics_1_0/00O61000003xCkNEAU
Manageable State: installed
Namespace Prefix: ca_collab_2_0
Created By (Name/Id): Jonathan Bernd/00561000000ImwtAAC
Last Modified By (Name/Id): Jonathan Bernd/00561000000ImwtAAC
************************************************************
************************************************************
FileName: reports/ca_collab_2_0__Chatter_Reports/ca_collab_2_0__CH_Top_10_Users_With_Most_File_Uploads.report
FullName/Id: ca_collab_2_0__Chatter_Reports/ca_collab_2_0__CH_Top_10_Users_With_Most_File_Uploads/00O61000003xCklEAE
Manageable State: installed
Namespace Prefix: ca_collab_2_0
Created By (Name/Id): Jonathan Bernd/00561000000ImwtAAC
Last Modified By (Name/Id): Jonathan Bernd/00561000000ImwtAAC
************************************************************
************************************************************
FileName: reports/ca_collab_2_0__Chatter_Reports/ca_collab_2_0__CH_G_Group_Posts_Comments_Per_Month_1_0.report
FullName/Id: ca_collab_2_0__Chatter_Reports/ca_collab_2_0__CH_G_Group_Posts_Comments_Per_Month_1_0/00O61000003xCjSEAU
Manageable State: installed
Namespace Prefix: ca_collab_2_0
Created By (Name/Id): Jonathan Bernd/00561000000ImwtAAC
Last Modified By (Name/Id): Jonathan Bernd/00561000000ImwtAAC
************************************************************
************************************************************
FileName: reports/ca_collab_2_0__Chatter_Reports/ca_collab_2_0__CH_D_Group_Membership_By_Dept_1_0.report
FullName/Id: ca_collab_2_0__Chatter_Reports/ca_collab_2_0__CH_D_Group_Membership_By_Dept_1_0/00O61000003xCj1EAE
Manageable State: installed
Namespace Prefix: ca_collab_2_0
Created By (Name/Id): Jonathan Bernd/00561000000ImwtAAC
Last Modified By (Name/Id): Jonathan Bernd/00561000000ImwtAAC
************************************************************
************************************************************
FileName: reports/ca_collab_2_0__Chatter_Reports/ca_collab_2_0__CH_T_Top_Topic_Assigners_1_0.report
FullName/Id: ca_collab_2_0__Chatter_Reports/ca_collab_2_0__CH_T_Top_Topic_Assigners_1_0/00O61000003xCkYEAU
Manageable State: installed
Namespace Prefix: ca_collab_2_0
Created By (Name/Id): Jonathan Bernd/00561000000ImwtAAC
Last Modified By (Name/Id): Jonathan Bernd/00561000000ImwtAAC
************************************************************
************************************************************
FileName: reports/ca_collab_2_0__Chatter_Reports/ca_collab_2_0__CH_D_Topic_Assignments_By_Dept_1_0.report
FullName/Id: ca_collab_2_0__Chatter_Reports/ca_collab_2_0__CH_D_Topic_Assignments_By_Dept_1_0/00O61000003xCj6EAE
Manageable State: installed
Namespace Prefix: ca_collab_2_0
Created By (Name/Id): Jonathan Bernd/00561000000ImwtAAC
Last Modified By (Name/Id): Jonathan Bernd/00561000000ImwtAAC
************************************************************
************************************************************
FileName: reports/ca_collab_2_0__Chatter_Reports/ca_collab_2_0__CH_G_Metric_Total_Groups_1_0.report
FullName/Id: ca_collab_2_0__Chatter_Reports/ca_collab_2_0__CH_G_Metric_Total_Groups_1_0/00O61000003xCjYEAU
Manageable State: installed
Namespace Prefix: ca_collab_2_0
Created By (Name/Id): Jonathan Bernd/00561000000ImwtAAC
Last Modified By (Name/Id): Jonathan Bernd/00561000000ImwtAAC
************************************************************
************************************************************
FileName: reports/ca_collab_2_0__Chatter_Reports/ca_collab_2_0__CH_Q_Popular_Questions_By_Likes_1_0.report
FullName/Id: ca_collab_2_0__Chatter_Reports/ca_collab_2_0__CH_Q_Popular_Questions_By_Likes_1_0/00O61000003xCkKEAU
Manageable State: installed
Namespace Prefix: ca_collab_2_0
Created By (Name/Id): Jonathan Bernd/00561000000ImwtAAC
Last Modified By (Name/Id): Jonathan Bernd/00561000000ImwtAAC
************************************************************
************************************************************
FileName: reports/ca_collab_2_0__Chatter_Reports/ca_collab_2_0__CH_T_Topic_Assignment_Dist_Per_Record_1_0.report
FullName/Id: ca_collab_2_0__Chatter_Reports/ca_collab_2_0__CH_T_Topic_Assignment_Dist_Per_Record_1_0/00O61000003xCkcEAE
Manageable State: installed
Namespace Prefix: ca_collab_2_0
Created By (Name/Id): Jonathan Bernd/00561000000ImwtAAC
Last Modified By (Name/Id): Jonathan Bernd/00561000000ImwtAAC
************************************************************
************************************************************
FileName: reports/ca_collab_2_0__Chatter_Reports/ca_collab_2_0__CH_Q_Answer_Per_Question_Per_Month_1_0.report
FullName/Id: ca_collab_2_0__Chatter_Reports/ca_collab_2_0__CH_Q_Answer_Per_Question_Per_Month_1_0/00O61000003xCk8EAE
Manageable State: installed
Namespace Prefix: ca_collab_2_0
Created By (Name/Id): Jonathan Bernd/00561000000ImwtAAC
Last Modified By (Name/Id): Jonathan Bernd/00561000000ImwtAAC
************************************************************
************************************************************
FileName: reports/ca_collab_2_0__Chatter_Reports/ca_collab_2_0__CH_G_Groups_By_Type_1_0.report
FullName/Id: ca_collab_2_0__Chatter_Reports/ca_collab_2_0__CH_G_Groups_By_Type_1_0/00O61000003xCjTEAU
Manageable State: installed
Namespace Prefix: ca_collab_2_0
Created By (Name/Id): Jonathan Bernd/00561000000ImwtAAC
Last Modified By (Name/Id): Jonathan Bernd/00561000000ImwtAAC
************************************************************
************************************************************
FileName: reports/ca_collab_2_0__Chatter_Reports/ca_collab_2_0__CH_G_Most_Active_Users_By_Posts_1_0.report
FullName/Id: ca_collab_2_0__Chatter_Reports/ca_collab_2_0__CH_G_Most_Active_Users_By_Posts_1_0/00O61000003xCjhEAE
Manageable State: installed
Namespace Prefix: ca_collab_2_0
Created By (Name/Id): Jonathan Bernd/00561000000ImwtAAC
Last Modified By (Name/Id): Jonathan Bernd/00561000000ImwtAAC
************************************************************
************************************************************
FileName: reports/ca_collab_2_0__Chatter_Reports/ca_collab_2_0__CH_O_Leaderboard_By_Influencer_Rank_1_0.report
FullName/Id: ca_collab_2_0__Chatter_Reports/ca_collab_2_0__CH_O_Leaderboard_By_Influencer_Rank_1_0/00O61000003xCk1EAE
Manageable State: installed
Namespace Prefix: ca_collab_2_0
Created By (Name/Id): Jonathan Bernd/00561000000ImwtAAC
Last Modified By (Name/Id): Jonathan Bernd/00561000000ImwtAAC
************************************************************
************************************************************
FileName: reports/ca_collab_2_0__Chatter_Reports/ca_collab_2_0__CH_T_Top_Topics_Assigners_L30D_1_0.report
FullName/Id: ca_collab_2_0__Chatter_Reports/ca_collab_2_0__CH_T_Top_Topics_Assigners_L30D_1_0/00O61000003xCkZEAU
Manageable State: installed
Namespace Prefix: ca_collab_2_0
Created By (Name/Id): Jonathan Bernd/00561000000ImwtAAC
Last Modified By (Name/Id): Jonathan Bernd/00561000000ImwtAAC
************************************************************
************************************************************
FileName: reports/ca_collab_2_0__Chatter_Reports/ca_collab_2_0__CH_M_Top_Groups_With_Unanswered_Feeds_L7D_1_0.report
FullName/Id: ca_collab_2_0__Chatter_Reports/ca_collab_2_0__CH_M_Top_Groups_With_Unanswered_Feeds_L7D_1_0/00O61000003xCjsEAE
Manageable State: installed
Namespace Prefix: ca_collab_2_0
Created By (Name/Id): Jonathan Bernd/00561000000ImwtAAC
Last Modified By (Name/Id): Jonathan Bernd/00561000000ImwtAAC
************************************************************
************************************************************
FileName: reports/ca_collab_2_0__Chatter_Reports/ca_collab_2_0__CH_U_Top_Profiles_By_Comments_Received_1_0.report
FullName/Id: ca_collab_2_0__Chatter_Reports/ca_collab_2_0__CH_U_Top_Profiles_By_Comments_Received_1_0/00O61000003xCkuEAE
Manageable State: installed
Namespace Prefix: ca_collab_2_0
Created By (Name/Id): Jonathan Bernd/00561000000ImwtAAC
Last Modified By (Name/Id): Jonathan Bernd/00561000000ImwtAAC
************************************************************
************************************************************
FileName: reports/ca_collab_2_0__Chatter_Reports/ca_collab_2_0__CH_U_Top_Profiles_By_Likes_Received_1_0.report
FullName/Id: ca_collab_2_0__Chatter_Reports/ca_collab_2_0__CH_U_Top_Profiles_By_Likes_Received_1_0/00O61000003xCkvEAE
Manageable State: installed
Namespace Prefix: ca_collab_2_0
Created By (Name/Id): Jonathan Bernd/00561000000ImwtAAC
Last Modified By (Name/Id): Jonathan Bernd/00561000000ImwtAAC
************************************************************
************************************************************
FileName: reports/ca_collab_2_0__Chatter_Reports/ca_collab_2_0__CH_D_Group_Posts_By_Dept_1_0.report
FullName/Id: ca_collab_2_0__Chatter_Reports/ca_collab_2_0__CH_D_Group_Posts_By_Dept_1_0/00O61000003xCj3EAE
Manageable State: installed
Namespace Prefix: ca_collab_2_0
Created By (Name/Id): Jonathan Bernd/00561000000ImwtAAC
Last Modified By (Name/Id): Jonathan Bernd/00561000000ImwtAAC
************************************************************
************************************************************
FileName: reports/ca_collab_2_0__Chatter_Reports/ca_collab_2_0__CH_O_Posts_And_Comments_Per_Month_1_0.report
FullName/Id: ca_collab_2_0__Chatter_Reports/ca_collab_2_0__CH_O_Posts_And_Comments_Per_Month_1_0/00O61000003xCk5EAE
Manageable State: installed
Namespace Prefix: ca_collab_2_0
Created By (Name/Id): Jonathan Bernd/00561000000ImwtAAC
Last Modified By (Name/Id): Jonathan Bernd/00561000000ImwtAAC
************************************************************
************************************************************
FileName: reports/ca_collab_2_0__Chatter_Reports/ca_collab_2_0__CH_U_Top_Profiles_By_Comments_Made_1_0.report
FullName/Id: ca_collab_2_0__Chatter_Reports/ca_collab_2_0__CH_U_Top_Profiles_By_Comments_Made_1_0/00O61000003xCktEAE
Manageable State: installed
Namespace Prefix: ca_collab_2_0
Created By (Name/Id): Jonathan Bernd/00561000000ImwtAAC
Last Modified By (Name/Id): Jonathan Bernd/00561000000ImwtAAC
************************************************************
************************************************************
FileName: reports/ca_collab_2_0__Chatter_Reports/ca_collab_2_0__CH_Q_Leaderboard_By_Best_Answers_1_0.report
FullName/Id: ca_collab_2_0__Chatter_Reports/ca_collab_2_0__CH_Q_Leaderboard_By_Best_Answers_1_0/00O61000003xCkBEAU
Manageable State: installed
Namespace Prefix: ca_collab_2_0
Created By (Name/Id): Jonathan Bernd/00561000000ImwtAAC
Last Modified By (Name/Id): Jonathan Bernd/00561000000ImwtAAC
************************************************************
************************************************************
FileName: reports/ca_collab_2_0__Chatter_Reports/ca_collab_2_0__CH_F_File_Engagement_Per_Month_1_0.report
FullName/Id: ca_collab_2_0__Chatter_Reports/ca_collab_2_0__CH_F_File_Engagement_Per_Month_1_0/00O61000003xCj9EAE
Manageable State: installed
Namespace Prefix: ca_collab_2_0
Created By (Name/Id): Jonathan Bernd/00561000000ImwtAAC
Last Modified By (Name/Id): Jonathan Bernd/00561000000ImwtAAC
************************************************************
************************************************************
FileName: reports/ca_collab_2_0__Chatter_Reports/ca_collab_2_0__CH_G_Most_Active_Groups_By_Contribs_L30D_1_0.report
FullName/Id: ca_collab_2_0__Chatter_Reports/ca_collab_2_0__CH_G_Most_Active_Groups_By_Contribs_L30D_1_0/00O61000003xCjeEAE
Manageable State: installed
Namespace Prefix: ca_collab_2_0
Created By (Name/Id): Jonathan Bernd/00561000000ImwtAAC
Last Modified By (Name/Id): Jonathan Bernd/00561000000ImwtAAC
************************************************************
************************************************************
FileName: reports/ca_collab_2_0__Chatter_Reports/ca_collab_2_0__CH_M_Fastest_Growing_Groups_L7D_1_0.report
FullName/Id: ca_collab_2_0__Chatter_Reports/ca_collab_2_0__CH_M_Fastest_Growing_Groups_L7D_1_0/00O61000003xCjkEAE
Manageable State: installed
Namespace Prefix: ca_collab_2_0
Created By (Name/Id): Jonathan Bernd/00561000000ImwtAAC
Last Modified By (Name/Id): Jonathan Bernd/00561000000ImwtAAC
************************************************************
************************************************************
FileName: reports/ca_collab_2_0__Chatter_Reports/ca_collab_2_0__CH_D_Group_Ownership_By_Dept_1_0.report
FullName/Id: ca_collab_2_0__Chatter_Reports/ca_collab_2_0__CH_D_Group_Ownership_By_Dept_1_0/00O61000003xCj2EAE
Manageable State: installed
Namespace Prefix: ca_collab_2_0
Created By (Name/Id): Jonathan Bernd/00561000000ImwtAAC
Last Modified By (Name/Id): Jonathan Bernd/00561000000ImwtAAC
************************************************************
************************************************************
FileName: reports/ca_collab_2_0__Chatter_Reports/ca_collab_2_0__CH_F_File_Sharing_Per_Month_1_0.report
FullName/Id: ca_collab_2_0__Chatter_Reports/ca_collab_2_0__CH_F_File_Sharing_Per_Month_1_0/00O61000003xCjAEAU
Manageable State: installed
Namespace Prefix: ca_collab_2_0
Created By (Name/Id): Jonathan Bernd/00561000000ImwtAAC
Last Modified By (Name/Id): Jonathan Bernd/00561000000ImwtAAC
************************************************************
************************************************************
FileName: reports/ca_collab_2_0__Chatter_Reports/ca_collab_2_0__CH_Q_Best_Answers_Per_Month_1_0.report
FullName/Id: ca_collab_2_0__Chatter_Reports/ca_collab_2_0__CH_Q_Best_Answers_Per_Month_1_0/00O61000003xCk9EAE
Manageable State: installed
Namespace Prefix: ca_collab_2_0
Created By (Name/Id): Jonathan Bernd/00561000000ImwtAAC
Last Modified By (Name/Id): Jonathan Bernd/00561000000ImwtAAC
************************************************************
************************************************************
FileName: reports/ca_collab_2_0__Chatter_Reports/ca_collab_2_0__CH_Q_Metric_Total_Answers_L30D_1_0.report
FullName/Id: ca_collab_2_0__Chatter_Reports/ca_collab_2_0__CH_Q_Metric_Total_Answers_L30D_1_0/00O61000003xCkFEAU
Manageable State: installed
Namespace Prefix: ca_collab_2_0
Created By (Name/Id): Jonathan Bernd/00561000000ImwtAAC
Last Modified By (Name/Id): Jonathan Bernd/00561000000ImwtAAC
************************************************************
************************************************************
FileName: reports/ca_collab_2_0__Chatter_Reports/ca_collab_2_0__CH_Q_Metric_Total_Questions_1_0.report
FullName/Id: ca_collab_2_0__Chatter_Reports/ca_collab_2_0__CH_Q_Metric_Total_Questions_1_0/00O61000003xCkHEAU
Manageable State: installed
Namespace Prefix: ca_collab_2_0
Created By (Name/Id): Jonathan Bernd/00561000000ImwtAAC
Last Modified By (Name/Id): Jonathan Bernd/00561000000ImwtAAC
************************************************************
************************************************************
FileName: reports/ca_collab_2_0__Chatter_Reports/ca_collab_2_0__CH_G_Metric_Total_Posts_L30D_1_0.report
FullName/Id: ca_collab_2_0__Chatter_Reports/ca_collab_2_0__CH_G_Metric_Total_Posts_L30D_1_0/00O61000003xCjbEAE
Manageable State: installed
Namespace Prefix: ca_collab_2_0
Created By (Name/Id): Jonathan Bernd/00561000000ImwtAAC
Last Modified By (Name/Id): Jonathan Bernd/00561000000ImwtAAC
************************************************************
************************************************************
FileName: reports/ca_collab_2_0__Chatter_Reports/ca_collab_2_0__CH_F_Top_Creators_Of_Ext_Links_1_0.report
FullName/Id: ca_collab_2_0__Chatter_Reports/ca_collab_2_0__CH_F_Top_Creators_Of_Ext_Links_1_0/00O61000003xCjJEAU
Manageable State: installed
Namespace Prefix: ca_collab_2_0
Created By (Name/Id): Jonathan Bernd/00561000000ImwtAAC
Last Modified By (Name/Id): Jonathan Bernd/00561000000ImwtAAC
************************************************************
************************************************************
FileName: reports/ca_collab_2_0__Chatter_Reports/ca_collab_2_0__CH_D_Groups_Created_By_Dept_L30D_1_0.report
FullName/Id: ca_collab_2_0__Chatter_Reports/ca_collab_2_0__CH_D_Groups_Created_By_Dept_L30D_1_0/00O61000003xCj4EAE
Manageable State: installed
Namespace Prefix: ca_collab_2_0
Created By (Name/Id): Jonathan Bernd/00561000000ImwtAAC
Last Modified By (Name/Id): Jonathan Bernd/00561000000ImwtAAC
************************************************************
************************************************************
FileName: reports/ca_collab_2_0__Chatter_Reports/ca_collab_2_0__CH_G_Metric_Total_Group_Members_1_0.report
FullName/Id: ca_collab_2_0__Chatter_Reports/ca_collab_2_0__CH_G_Metric_Total_Group_Members_1_0/00O61000003xCjWEAU
Manageable State: installed
Namespace Prefix: ca_collab_2_0
Created By (Name/Id): Jonathan Bernd/00561000000ImwtAAC
Last Modified By (Name/Id): Jonathan Bernd/00561000000ImwtAAC
************************************************************
************************************************************
FileName: reports/ca_collab_2_0__Chatter_Reports/ca_collab_2_0__CH_M_Unanswered_Qs_By_Likes_L7D_1_0.report
FullName/Id: ca_collab_2_0__Chatter_Reports/ca_collab_2_0__CH_M_Unanswered_Qs_By_Likes_L7D_1_0/00O61000003xCjtEAE
Manageable State: installed
Namespace Prefix: ca_collab_2_0
Created By (Name/Id): Jonathan Bernd/00561000000ImwtAAC
Last Modified By (Name/Id): Jonathan Bernd/00561000000ImwtAAC
************************************************************
************************************************************
FileName: reports/ca_collab_2_0__Chatter_Reports/ca_collab_2_0__CH_Metric_File_Uploads.report
FullName/Id: ca_collab_2_0__Chatter_Reports/ca_collab_2_0__CH_Metric_File_Uploads/00O61000003xCjxEAE
Manageable State: installed
Namespace Prefix: ca_collab_2_0
Created By (Name/Id): Jonathan Bernd/00561000000ImwtAAC
Last Modified By (Name/Id): Jonathan Bernd/00561000000ImwtAAC
************************************************************
************************************************************
FileName: reports/ca_collab_2_0__Chatter_Reports/ca_collab_2_0__CH_O_Metric_Total_Comments_1_0.report
FullName/Id: ca_collab_2_0__Chatter_Reports/ca_collab_2_0__CH_O_Metric_Total_Comments_1_0/00O61000003xCk2EAE
Manageable State: installed
Namespace Prefix: ca_collab_2_0
Created By (Name/Id): Jonathan Bernd/00561000000ImwtAAC
Last Modified By (Name/Id): Jonathan Bernd/00561000000ImwtAAC
************************************************************
************************************************************
FileName: reports/ca_collab_2_0__Chatter_Reports/ca_collab_2_0__CH_Top_10_Files_By_Downloads.report
FullName/Id: ca_collab_2_0__Chatter_Reports/ca_collab_2_0__CH_Top_10_Files_By_Downloads/00O61000003xCkiEAE
Manageable State: installed
Namespace Prefix: ca_collab_2_0
Created By (Name/Id): Jonathan Bernd/00561000000ImwtAAC
Last Modified By (Name/Id): Jonathan Bernd/00561000000ImwtAAC
************************************************************
************************************************************
FileName: reports/ca_collab_2_0__Chatter_Reports/ca_collab_2_0__CH_Metric_File_Contributions.report
FullName/Id: ca_collab_2_0__Chatter_Reports/ca_collab_2_0__CH_Metric_File_Contributions/00O61000003xCjuEAE
Manageable State: installed
Namespace Prefix: ca_collab_2_0
Created By (Name/Id): Jonathan Bernd/00561000000ImwtAAC
Last Modified By (Name/Id): Jonathan Bernd/00561000000ImwtAAC
************************************************************
************************************************************
FileName: reports/ca_collab_2_0__Chatter_Reports/ca_collab_2_0__CH_G_Metric_Total_Comments_1_0.report
FullName/Id: ca_collab_2_0__Chatter_Reports/ca_collab_2_0__CH_G_Metric_Total_Comments_1_0/00O61000003xCjUEAU
Manageable State: installed
Namespace Prefix: ca_collab_2_0
Created By (Name/Id): Jonathan Bernd/00561000000ImwtAAC
Last Modified By (Name/Id): Jonathan Bernd/00561000000ImwtAAC
************************************************************
************************************************************
FileName: reports/ca_collab_2_0__Chatter_Reports/ca_collab_2_0__CH_G_New_Group_Members_Per_Month_1_0.report
FullName/Id: ca_collab_2_0__Chatter_Reports/ca_collab_2_0__CH_G_New_Group_Members_Per_Month_1_0/00O61000003xCjiEAE
Manageable State: installed
Namespace Prefix: ca_collab_2_0
Created By (Name/Id): Jonathan Bernd/00561000000ImwtAAC
Last Modified By (Name/Id): Jonathan Bernd/00561000000ImwtAAC
************************************************************
************************************************************
FileName: reports/ca_collab_2_0__Chatter_Reports/ca_collab_2_0__CH_M_Metric_Total_Answered_Qs_With_Best_Answer_L7D_1_0.report
FullName/Id: ca_collab_2_0__Chatter_Reports/ca_collab_2_0__CH_M_Metric_Total_Answered_Qs_With_Best_Answer_L7D_1_0/00O61000003xCjoEAE
Manageable State: installed
Namespace Prefix: ca_collab_2_0
Created By (Name/Id): Jonathan Bernd/00561000000ImwtAAC
Last Modified By (Name/Id): Jonathan Bernd/00561000000ImwtAAC
************************************************************
************************************************************
FileName: reports/ca_collab_2_0__Chatter_Reports/ca_collab_2_0__CH_U_Top_Profiles_By_Posts_1_0.report
FullName/Id: ca_collab_2_0__Chatter_Reports/ca_collab_2_0__CH_U_Top_Profiles_By_Posts_1_0/00O61000003xCkwEAE
Manageable State: installed
Namespace Prefix: ca_collab_2_0
Created By (Name/Id): Jonathan Bernd/00561000000ImwtAAC
Last Modified By (Name/Id): Jonathan Bernd/00561000000ImwtAAC
************************************************************
************************************************************
FileName: reports/ca_collab_2_0__Chatter_Reports/ca_collab_2_0__CH_Q_Leaderboard_By_Questions_1_0.report
FullName/Id: ca_collab_2_0__Chatter_Reports/ca_collab_2_0__CH_Q_Leaderboard_By_Questions_1_0/00O61000003xCkCEAU
Manageable State: installed
Namespace Prefix: ca_collab_2_0
Created By (Name/Id): Jonathan Bernd/00561000000ImwtAAC
Last Modified By (Name/Id): Jonathan Bernd/00561000000ImwtAAC
************************************************************
************************************************************
FileName: reports/ca_collab_2_0__Chatter_Reports/ca_collab_2_0__CH_O_Questions_And_Answers_Per_Month_1_0.report
FullName/Id: ca_collab_2_0__Chatter_Reports/ca_collab_2_0__CH_O_Questions_And_Answers_Per_Month_1_0/00O61000003xCk6EAE
Manageable State: installed
Namespace Prefix: ca_collab_2_0
Created By (Name/Id): Jonathan Bernd/00561000000ImwtAAC
Last Modified By (Name/Id): Jonathan Bernd/00561000000ImwtAAC
************************************************************
************************************************************
FileName: reports/ca_collab_2_0__Chatter_Reports/ca_collab_2_0__CH_O_Metric_Total_Comments_Per_Post_1_0.report
FullName/Id: ca_collab_2_0__Chatter_Reports/ca_collab_2_0__CH_O_Metric_Total_Comments_Per_Post_1_0/00O61000003xCk3EAE
Manageable State: installed
Namespace Prefix: ca_collab_2_0
Created By (Name/Id): Jonathan Bernd/00561000000ImwtAAC
Last Modified By (Name/Id): Jonathan Bernd/00561000000ImwtAAC
************************************************************
************************************************************
FileName: reports/ca_collab_2_0__Chatter_Reports/ca_collab_2_0__CH_U_Profile_Posts_Comments_L30D_1_0.report
FullName/Id: ca_collab_2_0__Chatter_Reports/ca_collab_2_0__CH_U_Profile_Posts_Comments_L30D_1_0/00O61000003xCkrEAE
Manageable State: installed
Namespace Prefix: ca_collab_2_0
Created By (Name/Id): Jonathan Bernd/00561000000ImwtAAC
Last Modified By (Name/Id): Jonathan Bernd/00561000000ImwtAAC
************************************************************
************************************************************
FileName: reports/ca_collab_2_0__Chatter_Reports/ca_collab_2_0__CH_O_Contributors_Leaderboard_1_0.report
FullName/Id: ca_collab_2_0__Chatter_Reports/ca_collab_2_0__CH_O_Contributors_Leaderboard_1_0/00O61000003xCk0EAE
Manageable State: installed
Namespace Prefix: ca_collab_2_0
Created By (Name/Id): Jonathan Bernd/00561000000ImwtAAC
Last Modified By (Name/Id): Jonathan Bernd/00561000000ImwtAAC
************************************************************
************************************************************
FileName: reports/ca_collab_2_0__Chatter_Reports/ca_collab_2_0__CH_G_Most_Active_Users_By_Comments_1_0.report
FullName/Id: ca_collab_2_0__Chatter_Reports/ca_collab_2_0__CH_G_Most_Active_Users_By_Comments_1_0/00O61000003xCjgEAE
Manageable State: installed
Namespace Prefix: ca_collab_2_0
Created By (Name/Id): Jonathan Bernd/00561000000ImwtAAC
Last Modified By (Name/Id): Jonathan Bernd/00561000000ImwtAAC
************************************************************
************************************************************
FileName: reports/ca_collab_2_0__Chatter_Reports/ca_collab_2_0__CH_M_Groups_Inactive_For_7D_1_0.report
FullName/Id: ca_collab_2_0__Chatter_Reports/ca_collab_2_0__CH_M_Groups_Inactive_For_7D_1_0/00O61000003xCjlEAE
Manageable State: installed
Namespace Prefix: ca_collab_2_0
Created By (Name/Id): Jonathan Bernd/00561000000ImwtAAC
Last Modified By (Name/Id): Jonathan Bernd/00561000000ImwtAAC
************************************************************
************************************************************
FileName: reports/ca_collab_2_0__Chatter_Reports/ca_collab_2_0__CH_G_Metric_Total_Unaswered_Posts_1_0.report
FullName/Id: ca_collab_2_0__Chatter_Reports/ca_collab_2_0__CH_G_Metric_Total_Unaswered_Posts_1_0/00O61000003xCjcEAE
Manageable State: installed
Namespace Prefix: ca_collab_2_0
Created By (Name/Id): Jonathan Bernd/00561000000ImwtAAC
Last Modified By (Name/Id): Jonathan Bernd/00561000000ImwtAAC
************************************************************
************************************************************
FileName: reports/ca_collab_2_0__Chatter_Reports/ca_collab_2_0__H_G_Metric_Total_Comments_Per_Post_1_0.report
FullName/Id: ca_collab_2_0__Chatter_Reports/ca_collab_2_0__H_G_Metric_Total_Comments_Per_Post_1_0/00O61000003xCkyEAE
Manageable State: installed
Namespace Prefix: ca_collab_2_0
Created By (Name/Id): Jonathan Bernd/00561000000ImwtAAC
Last Modified By (Name/Id): Jonathan Bernd/00561000000ImwtAAC
************************************************************
************************************************************
FileName: reports/ca_collab_2_0__Chatter_Reports/ca_collab_2_0__CH_O_Metric_Total_Posts_1_0.report
FullName/Id: ca_collab_2_0__Chatter_Reports/ca_collab_2_0__CH_O_Metric_Total_Posts_1_0/00O61000003xCk4EAE
Manageable State: installed
Namespace Prefix: ca_collab_2_0
Created By (Name/Id): Jonathan Bernd/00561000000ImwtAAC
Last Modified By (Name/Id): Jonathan Bernd/00561000000ImwtAAC
************************************************************
************************************************************
FileName: reports/ca_collab_2_0__Chatter_Reports/ca_collab_2_0__CH_O_Comments_Per_Post_Per_Month_1_0.report
FullName/Id: ca_collab_2_0__Chatter_Reports/ca_collab_2_0__CH_O_Comments_Per_Post_Per_Month_1_0/00O61000003xCjzEAE
Manageable State: installed
Namespace Prefix: ca_collab_2_0
Created By (Name/Id): Jonathan Bernd/00561000000ImwtAAC
Last Modified By (Name/Id): Jonathan Bernd/00561000000ImwtAAC
************************************************************
************************************************************
FileName: reports/ca_collab_2_0__Chatter_Reports/ca_collab_2_0__CH_T_Metric_Total_Topic_Assigners_1_0.report
FullName/Id: ca_collab_2_0__Chatter_Reports/ca_collab_2_0__CH_T_Metric_Total_Topic_Assigners_1_0/00O61000003xCkQEAU
Manageable State: installed
Namespace Prefix: ca_collab_2_0
Created By (Name/Id): Jonathan Bernd/00561000000ImwtAAC
Last Modified By (Name/Id): Jonathan Bernd/00561000000ImwtAAC
************************************************************
************************************************************
FileName: reports/ca_collab_2_0__Chatter_Reports/ca_collab_2_0__CH_M_Metric_Total_Group_Posts_With_No_Comments_L7D_1_0.report
FullName/Id: ca_collab_2_0__Chatter_Reports/ca_collab_2_0__CH_M_Metric_Total_Group_Posts_With_No_Comments_L7D_1_0/00O61000003xCjpEAE
Manageable State: installed
Namespace Prefix: ca_collab_2_0
Created By (Name/Id): Jonathan Bernd/00561000000ImwtAAC
Last Modified By (Name/Id): Jonathan Bernd/00561000000ImwtAAC
************************************************************
************************************************************
FileName: reports/ca_collab_2_0__Chatter_Reports/ca_collab_2_0__CH_D_Profile_Comments_By_Dept_1_0.report
FullName/Id: ca_collab_2_0__Chatter_Reports/ca_collab_2_0__CH_D_Profile_Comments_By_Dept_1_0/00O61000003xCj5EAE
Manageable State: installed
Namespace Prefix: ca_collab_2_0
Created By (Name/Id): Jonathan Bernd/00561000000ImwtAAC
Last Modified By (Name/Id): Jonathan Bernd/00561000000ImwtAAC
************************************************************
************************************************************
FileName: reports/ca_collab_2_0__Chatter_Reports/ca_collab_2_0__CH_Metric_File_Shares.report
FullName/Id: ca_collab_2_0__Chatter_Reports/ca_collab_2_0__CH_Metric_File_Shares/00O61000003xCjwEAE
Manageable State: installed
Namespace Prefix: ca_collab_2_0
Created By (Name/Id): Jonathan Bernd/00561000000ImwtAAC
Last Modified By (Name/Id): Jonathan Bernd/00561000000ImwtAAC
************************************************************
************************************************************
FileName: reports/ca_collab_2_0__Chatter_Reports/ca_collab_2_0__CH_T_Top_Topics_By_Assignments_L30D_1_0.report
FullName/Id: ca_collab_2_0__Chatter_Reports/ca_collab_2_0__CH_T_Top_Topics_By_Assignments_L30D_1_0/00O61000003xCkbEAE
Manageable State: installed
Namespace Prefix: ca_collab_2_0
Created By (Name/Id): Jonathan Bernd/00561000000ImwtAAC
Last Modified By (Name/Id): Jonathan Bernd/00561000000ImwtAAC
************************************************************
************************************************************
FileName: reports/ca_collab_2_0__Chatter_Reports/ca_collab_2_0__CH_T_Top_Knowledgeable_People_1_0.report
FullName/Id: ca_collab_2_0__Chatter_Reports/ca_collab_2_0__CH_T_Top_Knowledgeable_People_1_0/00O61000003xCkXEAU
Manageable State: installed
Namespace Prefix: ca_collab_2_0
Created By (Name/Id): Jonathan Bernd/00561000000ImwtAAC
Last Modified By (Name/Id): Jonathan Bernd/00561000000ImwtAAC
************************************************************
************************************************************
FileName: reports/ca_collab_2_0__Chatter_Reports/ca_collab_2_0__CH_G_Metric_Total_Comments_L30D_1_0.report
FullName/Id: ca_collab_2_0__Chatter_Reports/ca_collab_2_0__CH_G_Metric_Total_Comments_L30D_1_0/00O61000003xCjVEAU
Manageable State: installed
Namespace Prefix: ca_collab_2_0
Created By (Name/Id): Jonathan Bernd/00561000000ImwtAAC
Last Modified By (Name/Id): Jonathan Bernd/00561000000ImwtAAC
************************************************************
************************************************************
FileName: reports/ca_collab_2_0__Chatter_Reports/ca_collab_2_0__CH_U_Metric_Total_Comments_L30D_1_0.report
FullName/Id: ca_collab_2_0__Chatter_Reports/ca_collab_2_0__CH_U_Metric_Total_Comments_L30D_1_0/00O61000003xCkoEAE
Manageable State: installed
Namespace Prefix: ca_collab_2_0
Created By (Name/Id): Jonathan Bernd/00561000000ImwtAAC
Last Modified By (Name/Id): Jonathan Bernd/00561000000ImwtAAC
************************************************************
************************************************************
FileName: reports/ca_collab_2_0__Chatter_Reports/ca_collab_2_0__CH_Q_Leaderboard_By_Answers_1_0.report
FullName/Id: ca_collab_2_0__Chatter_Reports/ca_collab_2_0__CH_Q_Leaderboard_By_Answers_1_0/00O61000003xCkAEAU
Manageable State: installed
Namespace Prefix: ca_collab_2_0
Created By (Name/Id): Jonathan Bernd/00561000000ImwtAAC
Last Modified By (Name/Id): Jonathan Bernd/00561000000ImwtAAC
************************************************************
************************************************************
FileName: reports/ca_collab_2_0__Chatter_Reports/ca_collab_2_0__CH_U_Metric_Total_Comments_1_0.report
FullName/Id: ca_collab_2_0__Chatter_Reports/ca_collab_2_0__CH_U_Metric_Total_Comments_1_0/00O61000003xCknEAE
Manageable State: installed
Namespace Prefix: ca_collab_2_0
Created By (Name/Id): Jonathan Bernd/00561000000ImwtAAC
Last Modified By (Name/Id): Jonathan Bernd/00561000000ImwtAAC
************************************************************
************************************************************
FileName: reports/ca_collab_2_0__Chatter_Reports/ca_collab_2_0__CH_F_Top_10_Users_With_Most_File_Liked_Last_30_Days_1_0.report
FullName/Id: ca_collab_2_0__Chatter_Reports/ca_collab_2_0__CH_F_Top_10_Users_With_Most_File_Liked_Last_30_Days_1_0/00O61000003xCjHEAU
Manageable State: installed
Namespace Prefix: ca_collab_2_0
Created By (Name/Id): Jonathan Bernd/00561000000ImwtAAC
Last Modified By (Name/Id): Jonathan Bernd/00561000000ImwtAAC
************************************************************
************************************************************
FileName: reports/ca_collab_2_0__Chatter_Reports/ca_collab_2_0__CH_U_Profile_Posts_Comments_Per_Mont_1_0.report
FullName/Id: ca_collab_2_0__Chatter_Reports/ca_collab_2_0__CH_U_Profile_Posts_Comments_Per_Mont_1_0/00O61000003xCksEAE
Manageable State: installed
Namespace Prefix: ca_collab_2_0
Created By (Name/Id): Jonathan Bernd/00561000000ImwtAAC
Last Modified By (Name/Id): Jonathan Bernd/00561000000ImwtAAC
************************************************************
************************************************************
FileName: reports/ca_collab_2_0__Chatter_Reports/ca_collab_2_0__CH_D_Topic_Assignments_By_Dept_L30D_1_0.report
FullName/Id: ca_collab_2_0__Chatter_Reports/ca_collab_2_0__CH_D_Topic_Assignments_By_Dept_L30D_1_0/00O61000003xCj7EAE
Manageable State: installed
Namespace Prefix: ca_collab_2_0
Created By (Name/Id): Jonathan Bernd/00561000000ImwtAAC
Last Modified By (Name/Id): Jonathan Bernd/00561000000ImwtAAC
************************************************************
************************************************************
FileName: reports/ca_collab_2_0__Chatter_Reports/ca_collab_2_0__CH_T_T10_Topics_Talked_About_1_0.report
FullName/Id: ca_collab_2_0__Chatter_Reports/ca_collab_2_0__CH_T_T10_Topics_Talked_About_1_0/00O61000003xCkWEAU
Manageable State: installed
Namespace Prefix: ca_collab_2_0
Created By (Name/Id): Jonathan Bernd/00561000000ImwtAAC
Last Modified By (Name/Id): Jonathan Bernd/00561000000ImwtAAC
************************************************************
************************************************************
FileName: reports/ca_collab_2_0__Chatter_Reports/ca_collab_2_0__CH_G_Metric_Total_Group_Members_Added_L30D_1_0.report
FullName/Id: ca_collab_2_0__Chatter_Reports/ca_collab_2_0__CH_G_Metric_Total_Group_Members_Added_L30D_1_0/00O61000003xCjXEAU
Manageable State: installed
Namespace Prefix: ca_collab_2_0
Created By (Name/Id): Jonathan Bernd/00561000000ImwtAAC
Last Modified By (Name/Id): Jonathan Bernd/00561000000ImwtAAC
************************************************************
************************************************************
FileName: reports/ca_collab_2_0__Chatter_Reports/ca_collab_2_0__CH_Daily_Chatter_Edits_L30D_1_0.report
FullName/Id: ca_collab_2_0__Chatter_Reports/ca_collab_2_0__CH_Daily_Chatter_Edits_L30D_1_0/00O61000003xCj8EAE
Manageable State: installed
Namespace Prefix: ca_collab_2_0
Created By (Name/Id): Jonathan Bernd/00561000000ImwtAAC
Last Modified By (Name/Id): Jonathan Bernd/00561000000ImwtAAC
************************************************************
************************************************************
FileName: reports/ca_collab_2_0__Chatter_Reports/ca_collab_2_0__CH_D_Group_Comments_By_Dept_1_0.report
FullName/Id: ca_collab_2_0__Chatter_Reports/ca_collab_2_0__CH_D_Group_Comments_By_Dept_1_0/00O61000003xCizEAE
Manageable State: installed
Namespace Prefix: ca_collab_2_0
Created By (Name/Id): Jonathan Bernd/00561000000ImwtAAC
Last Modified By (Name/Id): Jonathan Bernd/00561000000ImwtAAC
************************************************************
************************************************************
FileName: reports/ca_collab_2_0__Chatter_Reports/ca_collab_2_0__CH_Top_10_Files_By_Contributions.report
FullName/Id: ca_collab_2_0__Chatter_Reports/ca_collab_2_0__CH_Top_10_Files_By_Contributions/00O61000003xCkhEAE
Manageable State: installed
Namespace Prefix: ca_collab_2_0
Created By (Name/Id): Jonathan Bernd/00561000000ImwtAAC
Last Modified By (Name/Id): Jonathan Bernd/00561000000ImwtAAC
************************************************************
************************************************************
FileName: reports/ca_collab_2_0__Chatter_Reports/ca_collab_2_0__CH_M_Top_Groups_With_Unanswered_Feeds_1_0.report
FullName/Id: ca_collab_2_0__Chatter_Reports/ca_collab_2_0__CH_M_Top_Groups_With_Unanswered_Feeds_1_0/00O61000003xCjrEAE
Manageable State: installed
Namespace Prefix: ca_collab_2_0
Created By (Name/Id): Jonathan Bernd/00561000000ImwtAAC
Last Modified By (Name/Id): Jonathan Bernd/00561000000ImwtAAC
************************************************************
************************************************************
FileName: reports/ca_collab_2_0__Chatter_Reports/ca_collab_2_0__CH_F_Top_10_Users_Most_File_Contrib_1_0.report
FullName/Id: ca_collab_2_0__Chatter_Reports/ca_collab_2_0__CH_F_Top_10_Users_Most_File_Contrib_1_0/00O61000003xCjEEAU
Manageable State: installed
Namespace Prefix: ca_collab_2_0
Created By (Name/Id): Jonathan Bernd/00561000000ImwtAAC
Last Modified By (Name/Id): Jonathan Bernd/00561000000ImwtAAC
************************************************************
************************************************************
FileName: reports/ca_collab_2_0__Chatter_Reports/ca_collab_2_0__CH_File_Uploads_Distribution_By_File_Type.report
FullName/Id: ca_collab_2_0__Chatter_Reports/ca_collab_2_0__CH_File_Uploads_Distribution_By_File_Type/00O61000003xCjOEAU
Manageable State: installed
Namespace Prefix: ca_collab_2_0
Created By (Name/Id): Jonathan Bernd/00561000000ImwtAAC
Last Modified By (Name/Id): Jonathan Bernd/00561000000ImwtAAC
************************************************************
************************************************************
FileName: reports/ca_collab_2_0__Chatter_Reports/ca_collab_2_0__CH_M_Groups_Soon_To_Be_Archived_1_0.report
FullName/Id: ca_collab_2_0__Chatter_Reports/ca_collab_2_0__CH_M_Groups_Soon_To_Be_Archived_1_0/00O61000003xCjmEAE
Manageable State: installed
Namespace Prefix: ca_collab_2_0
Created By (Name/Id): Jonathan Bernd/00561000000ImwtAAC
Last Modified By (Name/Id): Jonathan Bernd/00561000000ImwtAAC
************************************************************
************************************************************
FileName: reports/ca_collab_2_0__Chatter_Reports/ca_collab_2_0__CH_Q_Metric_Total_Unanswered_Questions_1_0.report
FullName/Id: ca_collab_2_0__Chatter_Reports/ca_collab_2_0__CH_Q_Metric_Total_Unanswered_Questions_1_0/00O61000003xCkJEAU
Manageable State: installed
Namespace Prefix: ca_collab_2_0
Created By (Name/Id): Jonathan Bernd/00561000000ImwtAAC
Last Modified By (Name/Id): Jonathan Bernd/00561000000ImwtAAC
************************************************************
************************************************************
FileName: reports/ca_collab_2_0__Chatter_Reports/ca_collab_2_0__CH_T_Topics_Assignments_By_Object_1_0.report
FullName/Id: ca_collab_2_0__Chatter_Reports/ca_collab_2_0__CH_T_Topics_Assignments_By_Object_1_0/00O61000003xCkfEAE
Manageable State: installed
Namespace Prefix: ca_collab_2_0
Created By (Name/Id): Jonathan Bernd/00561000000ImwtAAC
Last Modified By (Name/Id): Jonathan Bernd/00561000000ImwtAAC
************************************************************
************************************************************
FileName: reports/ca_collab_2_0__Chatter_Reports/ca_collab_2_0__CH_O_Answers_Per_Questions_Per_Month_1_0.report
FullName/Id: ca_collab_2_0__Chatter_Reports/ca_collab_2_0__CH_O_Answers_Per_Questions_Per_Month_1_0/00O61000003xCjyEAE
Manageable State: installed
Namespace Prefix: ca_collab_2_0
Created By (Name/Id): Jonathan Bernd/00561000000ImwtAAC
Last Modified By (Name/Id): Jonathan Bernd/00561000000ImwtAAC
************************************************************
************************************************************
FileName: reports/ca_collab_2_0__Chatter_Reports/ca_collab_2_0__CH_G_Group_Comments_Per_Post_Per_Month_1.report
FullName/Id: ca_collab_2_0__Chatter_Reports/ca_collab_2_0__CH_G_Group_Comments_Per_Post_Per_Month_1/00O61000003xCjPEAU
Manageable State: installed
Namespace Prefix: ca_collab_2_0
Created By (Name/Id): Jonathan Bernd/00561000000ImwtAAC
Last Modified By (Name/Id): Jonathan Bernd/00561000000ImwtAAC
************************************************************
************************************************************
FileName: reports/ca_collab_2_0__Chatter_Reports/ca_collab_2_0__CH_U_Top_Users_Commenting_1_0.report
FullName/Id: ca_collab_2_0__Chatter_Reports/ca_collab_2_0__CH_U_Top_Users_Commenting_1_0/00O61000003xCkxEAE
Manageable State: installed
Namespace Prefix: ca_collab_2_0
Created By (Name/Id): Jonathan Bernd/00561000000ImwtAAC
Last Modified By (Name/Id): Jonathan Bernd/00561000000ImwtAAC
************************************************************
************************************************************
FileName: reports/ca_collab_2_0__Chatter_Reports/ca_collab_2_0__CH_Q_Metric_Total_Best_Answers_L30D_1_0.report
FullName/Id: ca_collab_2_0__Chatter_Reports/ca_collab_2_0__CH_Q_Metric_Total_Best_Answers_L30D_1_0/00O61000003xCkGEAU
Manageable State: installed
Namespace Prefix: ca_collab_2_0
Created By (Name/Id): Jonathan Bernd/00561000000ImwtAAC
Last Modified By (Name/Id): Jonathan Bernd/00561000000ImwtAAC
************************************************************
************************************************************
FileName: reports/ca_collab_2_0__Chatter_Reports/ca_collab_2_0__CH_F_Total_Active_Ext_Links_Public_1_0.report
FullName/Id: ca_collab_2_0__Chatter_Reports/ca_collab_2_0__CH_F_Total_Active_Ext_Links_Public_1_0/00O61000003xCjLEAU
Manageable State: installed
Namespace Prefix: ca_collab_2_0
Created By (Name/Id): Jonathan Bernd/00561000000ImwtAAC
Last Modified By (Name/Id): Jonathan Bernd/00561000000ImwtAAC
************************************************************
************************************************************
FileName: reports/ca_collab_2_0__Chatter_Reports/ca_collab_2_0__CH_T_Topics_Created_Per_Month_1_0.report
FullName/Id: ca_collab_2_0__Chatter_Reports/ca_collab_2_0__CH_T_Topics_Created_Per_Month_1_0/00O61000003xCkgEAE
Manageable State: installed
Namespace Prefix: ca_collab_2_0
Created By (Name/Id): Jonathan Bernd/00561000000ImwtAAC
Last Modified By (Name/Id): Jonathan Bernd/00561000000ImwtAAC
************************************************************
************************************************************
FileName: reports/ca_collab_2_0__Chatter_Reports/ca_collab_2_0__CH_D_Group_Members_Added_By_Dept_L30D_1_0.report
FullName/Id: ca_collab_2_0__Chatter_Reports/ca_collab_2_0__CH_D_Group_Members_Added_By_Dept_L30D_1_0/00O61000003xCj0EAE
Manageable State: installed
Namespace Prefix: ca_collab_2_0
Created By (Name/Id): Jonathan Bernd/00561000000ImwtAAC
Last Modified By (Name/Id): Jonathan Bernd/00561000000ImwtAAC
************************************************************
************************************************************
FileName: reports/ca_collab_2_0__Chatter_Reports/ca_collab_2_0__CH_T_Metric_Total_Topics_1_0.report
FullName/Id: ca_collab_2_0__Chatter_Reports/ca_collab_2_0__CH_T_Metric_Total_Topics_1_0/00O61000003xCkSEAU
Manageable State: installed
Namespace Prefix: ca_collab_2_0
Created By (Name/Id): Jonathan Bernd/00561000000ImwtAAC
Last Modified By (Name/Id): Jonathan Bernd/00561000000ImwtAAC
************************************************************
************************************************************
FileName: reports/ca_collab_2_0__Chatter_Reports/ca_collab_2_0__CH_G_Metric_Total_Groups_Added_L30D_1_0.report
FullName/Id: ca_collab_2_0__Chatter_Reports/ca_collab_2_0__CH_G_Metric_Total_Groups_Added_L30D_1_0/00O61000003xCjZEAU
Manageable State: installed
Namespace Prefix: ca_collab_2_0
Created By (Name/Id): Jonathan Bernd/00561000000ImwtAAC
Last Modified By (Name/Id): Jonathan Bernd/00561000000ImwtAAC
************************************************************
************************************************************
FileName: reports/ca_collab_2_0__Chatter_Reports/ca_collab_2_0__CH_F_Top_10_Users_With_Most_File_Liked_1_0.report
FullName/Id: ca_collab_2_0__Chatter_Reports/ca_collab_2_0__CH_F_Top_10_Users_With_Most_File_Liked_1_0/00O61000003xCjGEAU
Manageable State: installed
Namespace Prefix: ca_collab_2_0
Created By (Name/Id): Jonathan Bernd/00561000000ImwtAAC
Last Modified By (Name/Id): Jonathan Bernd/00561000000ImwtAAC
************************************************************
************************************************************
FileName: reports/ca_collab_2_0__Chatter_Reports/ca_collab_2_0__CF_Metric_File_Downloads.report
FullName/Id: ca_collab_2_0__Chatter_Reports/ca_collab_2_0__CF_Metric_File_Downloads/00O61000003xCixEAE
Manageable State: installed
Namespace Prefix: ca_collab_2_0
Created By (Name/Id): Jonathan Bernd/00561000000ImwtAAC
Last Modified By (Name/Id): Jonathan Bernd/00561000000ImwtAAC
************************************************************
************************************************************
FileName: reports/ca_collab_2_0__Chatter_Reports/ca_collab_2_0__CH_F_Top_10_Users_With_Most_File_Uploads_Last_30_Days_1_0.report
FullName/Id: ca_collab_2_0__Chatter_Reports/ca_collab_2_0__CH_F_Top_10_Users_With_Most_File_Uploads_Last_30_Days_1_0/00O61000003xCjIEAU
Manageable State: installed
Namespace Prefix: ca_collab_2_0
Created By (Name/Id): Jonathan Bernd/00561000000ImwtAAC
Last Modified By (Name/Id): Jonathan Bernd/00561000000ImwtAAC
************************************************************
************************************************************
FileName: reports/ca_collab_2_0__Chatter_Reports/ca_collab_2_0__CH_F_Top_10_Files_By_Likes_1_0.report
FullName/Id: ca_collab_2_0__Chatter_Reports/ca_collab_2_0__CH_F_Top_10_Files_By_Likes_1_0/00O61000003xCjDEAU
Manageable State: installed
Namespace Prefix: ca_collab_2_0
Created By (Name/Id): Jonathan Bernd/00561000000ImwtAAC
Last Modified By (Name/Id): Jonathan Bernd/00561000000ImwtAAC
************************************************************
************************************************************
FileName: reports/ca_collab_2_0__Chatter_Reports/ca_collab_2_0__CH_G_Group_Posts_Comments_L30D_1_0.report
FullName/Id: ca_collab_2_0__Chatter_Reports/ca_collab_2_0__CH_G_Group_Posts_Comments_L30D_1_0/00O61000003xCjREAU
Manageable State: installed
Namespace Prefix: ca_collab_2_0
Created By (Name/Id): Jonathan Bernd/00561000000ImwtAAC
Last Modified By (Name/Id): Jonathan Bernd/00561000000ImwtAAC
************************************************************
************************************************************
FileName: reports/ca_collab_2_0__Chatter_Reports/ca_collab_2_0__CH_U_Metric_Total_Posts_L30D_1_0.report
FullName/Id: ca_collab_2_0__Chatter_Reports/ca_collab_2_0__CH_U_Metric_Total_Posts_L30D_1_0/00O61000003xCkqEAE
Manageable State: installed
Namespace Prefix: ca_collab_2_0
Created By (Name/Id): Jonathan Bernd/00561000000ImwtAAC
Last Modified By (Name/Id): Jonathan Bernd/00561000000ImwtAAC
************************************************************
************************************************************
FileName: reports/ca_collab_2_0__Chatter_Reports/ca_collab_2_0__CH_F_New_Files_Trending_By_Contributions_1_0.report
FullName/Id: ca_collab_2_0__Chatter_Reports/ca_collab_2_0__CH_F_New_Files_Trending_By_Contributions_1_0/00O61000003xCjBEAU
Manageable State: installed
Namespace Prefix: ca_collab_2_0
Created By (Name/Id): Jonathan Bernd/00561000000ImwtAAC
Last Modified By (Name/Id): Jonathan Bernd/00561000000ImwtAAC
************************************************************
************************************************************
FileName: reports/ca_collab_2_0__Chatter_Reports/ca_collab_2_0__CH_F_Total_Active_Ext_Links_Pwd_Protected_1_0.report
FullName/Id: ca_collab_2_0__Chatter_Reports/ca_collab_2_0__CH_F_Total_Active_Ext_Links_Pwd_Protected_1_0/00O61000003xCjMEAU
Manageable State: installed
Namespace Prefix: ca_collab_2_0
Created By (Name/Id): Jonathan Bernd/00561000000ImwtAAC
Last Modified By (Name/Id): Jonathan Bernd/00561000000ImwtAAC
************************************************************
************************************************************
FileName: reports/ca_collab_2_0__Chatter_Reports/ca_collab_2_0__CH_G_Metric_Total_Posts_1_0.report
FullName/Id: ca_collab_2_0__Chatter_Reports/ca_collab_2_0__CH_G_Metric_Total_Posts_1_0/00O61000003xCjaEAE
Manageable State: installed
Namespace Prefix: ca_collab_2_0
Created By (Name/Id): Jonathan Bernd/00561000000ImwtAAC
Last Modified By (Name/Id): Jonathan Bernd/00561000000ImwtAAC
************************************************************
************************************************************
FileName: reports/ca_collab_2_0__Chatter_Reports/ca_collab_2_0__CH_Total_Chatter_Edits_1_0.report
FullName/Id: ca_collab_2_0__Chatter_Reports/ca_collab_2_0__CH_Total_Chatter_Edits_1_0/00O61000003xCkmEAE
Manageable State: installed
Namespace Prefix: ca_collab_2_0
Created By (Name/Id): Jonathan Bernd/00561000000ImwtAAC
Last Modified By (Name/Id): Jonathan Bernd/00561000000ImwtAAC
************************************************************
************************************************************
FileName: reports/ca_collab_2_0__Chatter_Reports/ca_collab_2_0__CH_Q_Metric_Total_Answered_Qs_Best_Answer_1_0.report
FullName/Id: ca_collab_2_0__Chatter_Reports/ca_collab_2_0__CH_Q_Metric_Total_Answered_Qs_Best_Answer_1_0/00O61000003xCkDEAU
Manageable State: installed
Namespace Prefix: ca_collab_2_0
Created By (Name/Id): Jonathan Bernd/00561000000ImwtAAC
Last Modified By (Name/Id): Jonathan Bernd/00561000000ImwtAAC
************************************************************
************************************************************
FileName: reports/ca_collab_2_0__Chatter_Reports/ca_collab_2_0__CH_G_Most_Active_Groups_By_Contribs_1_0.report
FullName/Id: ca_collab_2_0__Chatter_Reports/ca_collab_2_0__CH_G_Most_Active_Groups_By_Contribs_1_0/00O61000003xCjdEAE
Manageable State: installed
Namespace Prefix: ca_collab_2_0
Created By (Name/Id): Jonathan Bernd/00561000000ImwtAAC
Last Modified By (Name/Id): Jonathan Bernd/00561000000ImwtAAC
************************************************************
************************************************************
FileName: reports/ca_collab_2_0__Chatter_Reports/ca_collab_2_0__CH_T_T10_Topics_Added_L30D_1_0.report
FullName/Id: ca_collab_2_0__Chatter_Reports/ca_collab_2_0__CH_T_T10_Topics_Added_L30D_1_0/00O61000003xCkVEAU
Manageable State: installed
Namespace Prefix: ca_collab_2_0
Created By (Name/Id): Jonathan Bernd/00561000000ImwtAAC
Last Modified By (Name/Id): Jonathan Bernd/00561000000ImwtAAC
************************************************************
************************************************************
FileName: reports/ca_collab_2_0__Chatter_Reports/ca_collab_2_0__CH_T_Topic_Assignments_L30D_1_0.report
FullName/Id: ca_collab_2_0__Chatter_Reports/ca_collab_2_0__CH_T_Topic_Assignments_L30D_1_0/00O61000003xCkdEAE
Manageable State: installed
Namespace Prefix: ca_collab_2_0
Created By (Name/Id): Jonathan Bernd/00561000000ImwtAAC
Last Modified By (Name/Id): Jonathan Bernd/00561000000ImwtAAC
************************************************************
************************************************************
FileName: reports/ca_collab_2_0__Chatter_Reports/ca_collab_2_0__CH_G_Most_Active_Groups_By_Members_1_0.report
FullName/Id: ca_collab_2_0__Chatter_Reports/ca_collab_2_0__CH_G_Most_Active_Groups_By_Members_1_0/00O61000003xCjfEAE
Manageable State: installed
Namespace Prefix: ca_collab_2_0
Created By (Name/Id): Jonathan Bernd/00561000000ImwtAAC
Last Modified By (Name/Id): Jonathan Bernd/00561000000ImwtAAC
************************************************************
************************************************************
FileName: reports/ca_collab_2_0__Chatter_Reports/ca_collab_2_0__CH_Metric_File_Likes.report
FullName/Id: ca_collab_2_0__Chatter_Reports/ca_collab_2_0__CH_Metric_File_Likes/00O61000003xCjvEAE
Manageable State: installed
Namespace Prefix: ca_collab_2_0
Created By (Name/Id): Jonathan Bernd/00561000000ImwtAAC
Last Modified By (Name/Id): Jonathan Bernd/00561000000ImwtAAC
************************************************************
************************************************************
FileName: reports/ca_collab_2_0__Chatter_Reports/ca_collab_2_0__CH_Q_Questions_And_Answers_Per_Month_1_0.report
FullName/Id: ca_collab_2_0__Chatter_Reports/ca_collab_2_0__CH_Q_Questions_And_Answers_Per_Month_1_0/00O61000003xCkLEAU
Manageable State: installed
Namespace Prefix: ca_collab_2_0
Created By (Name/Id): Jonathan Bernd/00561000000ImwtAAC
Last Modified By (Name/Id): Jonathan Bernd/00561000000ImwtAAC
************************************************************
************************************************************
FileName: reports/ca_collab_2_0__Chatter_Reports/ca_collab_2_0__CH_O_Unique_Daily_Contribs_Monthly_Avg_1.report
FullName/Id: ca_collab_2_0__Chatter_Reports/ca_collab_2_0__CH_O_Unique_Daily_Contribs_Monthly_Avg_1/00O61000003xCk7EAE
Manageable State: installed
Namespace Prefix: ca_collab_2_0
Created By (Name/Id): Jonathan Bernd/00561000000ImwtAAC
Last Modified By (Name/Id): Jonathan Bernd/00561000000ImwtAAC
************************************************************
************************************************************
FileName: reports/ca_collab_2_0__Chatter_Reports/ca_collab_2_0__CH_M_Groups_With_Inactive_Owners_1_0.report
FullName/Id: ca_collab_2_0__Chatter_Reports/ca_collab_2_0__CH_M_Groups_With_Inactive_Owners_1_0/00O61000003xCjnEAE
Manageable State: installed
Namespace Prefix: ca_collab_2_0
Created By (Name/Id): Jonathan Bernd/00561000000ImwtAAC
Last Modified By (Name/Id): Jonathan Bernd/00561000000ImwtAAC
************************************************************
************************************************************
FileName: reports/ca_collab_2_0__Chatter_Reports/ca_collab_2_0__CH_Q_Metric_Total_Answers_1_0.report
FullName/Id: ca_collab_2_0__Chatter_Reports/ca_collab_2_0__CH_Q_Metric_Total_Answers_1_0/00O61000003xCkEEAU
Manageable State: installed
Namespace Prefix: ca_collab_2_0
Created By (Name/Id): Jonathan Bernd/00561000000ImwtAAC
Last Modified By (Name/Id): Jonathan Bernd/00561000000ImwtAAC
************************************************************
************************************************************
FileName: reports/ca_collab_2_0__Chatter_Reports/ca_collab_2_0__CH_U_Metric_Total_Posts_1_0.report
FullName/Id: ca_collab_2_0__Chatter_Reports/ca_collab_2_0__CH_U_Metric_Total_Posts_1_0/00O61000003xCkpEAE
Manageable State: installed
Namespace Prefix: ca_collab_2_0
Created By (Name/Id): Jonathan Bernd/00561000000ImwtAAC
Last Modified By (Name/Id): Jonathan Bernd/00561000000ImwtAAC
************************************************************
************************************************************
FileName: reports/ca_collab_2_0__Chatter_Reports/ca_collab_2_0__CH_Q_Metric_Total_Questions_L30D_1_0.report
FullName/Id: ca_collab_2_0__Chatter_Reports/ca_collab_2_0__CH_Q_Metric_Total_Questions_L30D_1_0/00O61000003xCkIEAU
Manageable State: installed
Namespace Prefix: ca_collab_2_0
Created By (Name/Id): Jonathan Bernd/00561000000ImwtAAC
Last Modified By (Name/Id): Jonathan Bernd/00561000000ImwtAAC
************************************************************
************************************************************
FileName: reports/ca_collab_2_0__Chatter_Reports/ca_collab_2_0__CH_T_Top_Topics_By_Assignments_1_0.report
FullName/Id: ca_collab_2_0__Chatter_Reports/ca_collab_2_0__CH_T_Top_Topics_By_Assignments_1_0/00O61000003xCkaEAE
Manageable State: installed
Namespace Prefix: ca_collab_2_0
Created By (Name/Id): Jonathan Bernd/00561000000ImwtAAC
Last Modified By (Name/Id): Jonathan Bernd/00561000000ImwtAAC
************************************************************
************************************************************
FileName: reports/ca_collab_2_0__Chatter_Reports/ca_collab_2_0__CH_F_Top_Ext_Links_By_Views_1_0.report
FullName/Id: ca_collab_2_0__Chatter_Reports/ca_collab_2_0__CH_F_Top_Ext_Links_By_Views_1_0/00O61000003xCjKEAU
Manageable State: installed
Namespace Prefix: ca_collab_2_0
Created By (Name/Id): Jonathan Bernd/00561000000ImwtAAC
Last Modified By (Name/Id): Jonathan Bernd/00561000000ImwtAAC
************************************************************
************************************************************
FileName: reports/ca_collab_2_0__Chatter_Reports/ca_collab_2_0__CH_Chatter_Edits_By_Feed_Type_1_0.report
FullName/Id: ca_collab_2_0__Chatter_Reports/ca_collab_2_0__CH_Chatter_Edits_By_Feed_Type_1_0/00O61000003xCiyEAE
Manageable State: installed
Namespace Prefix: ca_collab_2_0
Created By (Name/Id): Jonathan Bernd/00561000000ImwtAAC
Last Modified By (Name/Id): Jonathan Bernd/00561000000ImwtAAC
************************************************************
************************************************************
FileName: reports/ca_collab_2_0__Chatter_Reports/ca_collab_2_0__CH_T_Metric_Total_Topic_Assigners_L30D_1_0.report
FullName/Id: ca_collab_2_0__Chatter_Reports/ca_collab_2_0__CH_T_Metric_Total_Topic_Assigners_L30D_1_0/00O61000003xCkREAU
Manageable State: installed
Namespace Prefix: ca_collab_2_0
Created By (Name/Id): Jonathan Bernd/00561000000ImwtAAC
Last Modified By (Name/Id): Jonathan Bernd/00561000000ImwtAAC
************************************************************
************************************************************
FileName: reports/ca_collab_2_0__Chatter_Reports/ca_collab_2_0__CH_Q_Questions_Answers_L30D_1_0.report
FullName/Id: ca_collab_2_0__Chatter_Reports/ca_collab_2_0__CH_Q_Questions_Answers_L30D_1_0/00O61000003xCkMEAU
Manageable State: installed
Namespace Prefix: ca_collab_2_0
Created By (Name/Id): Jonathan Bernd/00561000000ImwtAAC
Last Modified By (Name/Id): Jonathan Bernd/00561000000ImwtAAC
************************************************************
************************************************************
FileName: reports/ca_collab_2_0__Chatter_Reports/ca_collab_2_0__CH_F_Top_10_Users_With_Most_File_Contrbutions_Last_30_Days_1_0.report
FullName/Id: ca_collab_2_0__Chatter_Reports/ca_collab_2_0__CH_F_Top_10_Users_With_Most_File_Contrbutions_Last_30_Days_1_0/00O61000003xCjFEAU
Manageable State: installed
Namespace Prefix: ca_collab_2_0
Created By (Name/Id): Jonathan Bernd/00561000000ImwtAAC
Last Modified By (Name/Id): Jonathan Bernd/00561000000ImwtAAC
************************************************************
************************************************************
FileName: reports/ca_collab_2_0__Chatter_Reports/ca_collab_2_0__CH_F_Uploads_And_Downloads_Per_Month_1_0.report
FullName/Id: ca_collab_2_0__Chatter_Reports/ca_collab_2_0__CH_F_Uploads_And_Downloads_Per_Month_1_0/00O61000003xCjNEAU
Manageable State: installed
Namespace Prefix: ca_collab_2_0
Created By (Name/Id): Jonathan Bernd/00561000000ImwtAAC
Last Modified By (Name/Id): Jonathan Bernd/00561000000ImwtAAC
************************************************************
************************************************************
FileName: reports/ca_collab_2_0__Chatter_Reports/ca_collab_2_0__CH_M_Metric_Total_Unanswered_Groups_Questions_L7D_1_0.report
FullName/Id: ca_collab_2_0__Chatter_Reports/ca_collab_2_0__CH_M_Metric_Total_Unanswered_Groups_Questions_L7D_1_0/00O61000003xCjqEAE
Manageable State: installed
Namespace Prefix: ca_collab_2_0
Created By (Name/Id): Jonathan Bernd/00561000000ImwtAAC
Last Modified By (Name/Id): Jonathan Bernd/00561000000ImwtAAC
************************************************************
************************************************************
FileName: reports/ca_collab_2_0__Chatter_Reports/ca_collab_2_0__CH_G_Top_Groups_Membership_Growth_L30D_1_0.report
FullName/Id: ca_collab_2_0__Chatter_Reports/ca_collab_2_0__CH_G_Top_Groups_Membership_Growth_L30D_1_0/00O61000003xCjjEAE
Manageable State: installed
Namespace Prefix: ca_collab_2_0
Created By (Name/Id): Jonathan Bernd/00561000000ImwtAAC
Last Modified By (Name/Id): Jonathan Bernd/00561000000ImwtAAC
************************************************************
************************************************************
FileName: reports/ca_collab_2_0__Chatter_Reports/ca_collab_2_0__CH_Top_10_Users_With_Most_File_Contrbutions.report
FullName/Id: ca_collab_2_0__Chatter_Reports/ca_collab_2_0__CH_Top_10_Users_With_Most_File_Contrbutions/00O61000003xCkkEAE
Manageable State: installed
Namespace Prefix: ca_collab_2_0
Created By (Name/Id): Jonathan Bernd/00561000000ImwtAAC
Last Modified By (Name/Id): Jonathan Bernd/00561000000ImwtAAC
************************************************************
************************************************************
FileName: reports/ca_collab_2_0__Chatter_Reports/ca_collab_2_0__CH_Top_10_Files_By_Shares.report
FullName/Id: ca_collab_2_0__Chatter_Reports/ca_collab_2_0__CH_Top_10_Files_By_Shares/00O61000003xCkjEAE
Manageable State: installed
Namespace Prefix: ca_collab_2_0
Created By (Name/Id): Jonathan Bernd/00561000000ImwtAAC
Last Modified By (Name/Id): Jonathan Bernd/00561000000ImwtAAC
************************************************************
************************************************************
FileName: reports/ca_collab_2_0__Chatter_Reports/ca_collab_2_0__CH_T_Metric_Total_Assignments_1_0.report
FullName/Id: ca_collab_2_0__Chatter_Reports/ca_collab_2_0__CH_T_Metric_Total_Assignments_1_0/00O61000003xCkOEAU
Manageable State: installed
Namespace Prefix: ca_collab_2_0
Created By (Name/Id): Jonathan Bernd/00561000000ImwtAAC
Last Modified By (Name/Id): Jonathan Bernd/00561000000ImwtAAC
************************************************************
