************************************************************
FileName: email/Welcome_Calls/Welcome_Call_Email_Julianna_formerly_from_Lili.email
FullName/Id: Welcome_Calls/Welcome_Call_Email_Julianna_formerly_from_Lili/00X61000000MnzBEAS
Manageable State: unmanaged
Namespace Prefix: null
Created By (Name/Id): Kristin Mikula/00561000001QCO4AAO
Last Modified By (Name/Id): System Administrator/00561000002DrZyAAK
************************************************************
************************************************************
FileName: email/Welcome_Calls/Welcome_Call_Email_Julianna.email
FullName/Id: Welcome_Calls/Welcome_Call_Email_Julianna/00X61000000MnzGEAS
Manageable State: unmanaged
Namespace Prefix: null
Created By (Name/Id): Kristin Mikula/00561000001QCO4AAO
Last Modified By (Name/Id): System Administrator/00561000002DrZyAAK
************************************************************
************************************************************
FileName: email/Welcome_Calls/Welcome_Call_Follow_up_Email.email
FullName/Id: Welcome_Calls/Welcome_Call_Follow_up_Email/00X61000000Mnp0EAC
Manageable State: unmanaged
Namespace Prefix: null
Created By (Name/Id): Brandon Sherman/00561000001uIe1AAE
Last Modified By (Name/Id): Ajay Joshi/00561000001buuUAAQ
************************************************************
************************************************************
FileName: email/Welcome_Calls/Welcome_to_YPO.email
FullName/Id: Welcome_Calls/Welcome_to_YPO/00X61000000jBmwEAE
Manageable State: unmanaged
Namespace Prefix: null
Created By (Name/Id): Jonathan Bernd/00561000000ImwtAAC
Last Modified By (Name/Id): System Administrator/00561000002DrZyAAK
************************************************************
************************************************************
FileName: email/Welcome_Calls/Welcome_Call_Follow_Up_Email_No_Response.email
FullName/Id: Welcome_Calls/Welcome_Call_Follow_Up_Email_No_Response/00X61000000MpU6EAK
Manageable State: unmanaged
Namespace Prefix: null
Created By (Name/Id): Ajay Joshi/00561000001buuUAAQ
Last Modified By (Name/Id): Kristin Mikula/00561000001QCO4AAO
************************************************************
************************************************************
FileName: email/Welcome_Calls/Follow_Up_to_Welcome_Call.email
FullName/Id: Welcome_Calls/Follow_Up_to_Welcome_Call/00X61000000jBmgEAE
Manageable State: unmanaged
Namespace Prefix: null
Created By (Name/Id): Jonathan Bernd/00561000000ImwtAAC
Last Modified By (Name/Id): Lynn Phillips/00561000000JTJQAA4
************************************************************
************************************************************
FileName: email/Welcome_Calls/Welcome_Call_Email_Darleth.email
FullName/Id: Welcome_Calls/Welcome_Call_Email_Darleth/00X61000000Mnz6EAC
Manageable State: unmanaged
Namespace Prefix: null
Created By (Name/Id): Kristin Mikula/00561000001QCO4AAO
Last Modified By (Name/Id): System Administrator/00561000002DrZyAAK
************************************************************
