************************************************************
FileName: reports/UAT_Reports/Event_Registrants_Migration.report
FullName/Id: UAT_Reports/Event_Registrants_Migration/00O61000003qAcvEAE
Manageable State: unmanaged
Namespace Prefix: null
Created By (Name/Id): Lynn Phillips/00561000000JTJQAA4
Last Modified By (Name/Id): Lynn Phillips/00561000000JTJQAA4
************************************************************
************************************************************
FileName: reports/UAT_Reports/Event_positions_migration.report
FullName/Id: UAT_Reports/Event_positions_migration/00O61000003qAcHEAU
Manageable State: unmanaged
Namespace Prefix: null
Created By (Name/Id): Lynn Phillips/00561000000JTJQAA4
Last Modified By (Name/Id): Lynn Phillips/00561000000JTJQAA4
************************************************************
************************************************************
FileName: reports/UAT_Reports/Networks.report
FullName/Id: UAT_Reports/Networks/00O61000003qAauEAE
Manageable State: unmanaged
Namespace Prefix: null
Created By (Name/Id): Lynn Phillips/00561000000JTJQAA4
Last Modified By (Name/Id): Lynn Phillips/00561000000JTJQAA4
************************************************************
************************************************************
FileName: reports/UAT_Reports/Event_Committee_Members_Migration.report
FullName/Id: UAT_Reports/Event_Committee_Members_Migration/00O61000003qArgEAE
Manageable State: unmanaged
Namespace Prefix: null
Created By (Name/Id): Lynn Phillips/00561000000JTJQAA4
Last Modified By (Name/Id): Lynn Phillips/00561000000JTJQAA4
************************************************************
************************************************************
FileName: reports/UAT_Reports/Network_Members_Migration.report
FullName/Id: UAT_Reports/Network_Members_Migration/00O61000003qAbOEAU
Manageable State: unmanaged
Namespace Prefix: null
Created By (Name/Id): Lynn Phillips/00561000000JTJQAA4
Last Modified By (Name/Id): Lynn Phillips/00561000000JTJQAA4
************************************************************
************************************************************
FileName: reports/UAT_Reports/Event_Committee_Migration.report
FullName/Id: UAT_Reports/Event_Committee_Migration/00O61000003qAcREAU
Manageable State: unmanaged
Namespace Prefix: null
Created By (Name/Id): Lynn Phillips/00561000000JTJQAA4
Last Modified By (Name/Id): Lynn Phillips/00561000000JTJQAA4
************************************************************
************************************************************
FileName: reports/UAT_Reports/Network_Positions_Migration.report
FullName/Id: UAT_Reports/Network_Positions_Migration/00O61000003qAbTEAU
Manageable State: unmanaged
Namespace Prefix: null
Created By (Name/Id): Lynn Phillips/00561000000JTJQAA4
Last Modified By (Name/Id): Lynn Phillips/00561000000JTJQAA4
************************************************************
************************************************************
FileName: reports/UAT_Reports/Network_Members_in_Positions_Migration.report
FullName/Id: UAT_Reports/Network_Members_in_Positions_Migration/00O61000003qAbiEAE
Manageable State: unmanaged
Namespace Prefix: null
Created By (Name/Id): Lynn Phillips/00561000000JTJQAA4
Last Modified By (Name/Id): Lynn Phillips/00561000000JTJQAA4
************************************************************
