************************************************************
FileName: dashboards/YPO_Admin/Profile_Completion_by_Region.dashboard
FullName/Id: YPO_Admin/Profile_Completion_by_Region/01Z61000000OHMdEAO
Manageable State: unmanaged
Namespace Prefix: null
Created By (Name/Id): Kelli Do/00561000001PrKOAA0
Last Modified By (Name/Id): Kelli Do/00561000001PrKOAA0
************************************************************
************************************************************
FileName: dashboards/YPO_Admin/Profile_Completion.dashboard
FullName/Id: YPO_Admin/Profile_Completion/01Z61000000OHMYEA4
Manageable State: unmanaged
Namespace Prefix: null
Created By (Name/Id): Kelli Do/00561000001PrKOAA0
Last Modified By (Name/Id): Kelli Do/00561000001PrKOAA0
************************************************************
************************************************************
FileName: dashboards/YPO_Admin/Renewals_by_Region.dashboard
FullName/Id: YPO_Admin/Renewals_by_Region/01Z61000000QRBtEAO
Manageable State: unmanaged
Namespace Prefix: null
Created By (Name/Id): Taylor Poppell/00561000002SlNbAAK
Last Modified By (Name/Id): Kelli Do/00561000001PrKOAA0
************************************************************
************************************************************
FileName: dashboards/YPO_Admin/Renewals_Process_Trends_by_Day.dashboard
FullName/Id: YPO_Admin/Renewals_Process_Trends_by_Day/01Z61000000QRBrEAO
Manageable State: unmanaged
Namespace Prefix: null
Created By (Name/Id): Taylor Poppell/00561000002SlNbAAK
Last Modified By (Name/Id): Kelli Do/00561000001PrKOAA0
************************************************************
************************************************************
FileName: dashboards/YPO_Admin/Renewals_by_Super_Region.dashboard
FullName/Id: YPO_Admin/Renewals_by_Super_Region/01Z61000000QRBuEAO
Manageable State: unmanaged
Namespace Prefix: null
Created By (Name/Id): Taylor Poppell/00561000002SlNbAAK
Last Modified By (Name/Id): Kelli Do/00561000001PrKOAA0
************************************************************
