************************************************************
FileName: dashboards/YPO_Membership/New_Members_by_Chapter_Rev1.dashboard
FullName/Id: YPO_Membership/New_Members_by_Chapter_Rev1/01Z610000006y7TEAQ
Manageable State: unmanaged
Namespace Prefix: null
Created By (Name/Id): Joyce Jamengo/00561000001ucsrAAA
Last Modified By (Name/Id): Dana Kobernusz/00561000001QTMrAAO
************************************************************
************************************************************
FileName: dashboards/YPO_Membership/Membership_Dashboard_All_Regions.dashboard
FullName/Id: YPO_Membership/Membership_Dashboard_All_Regions/01Z61000000BFzhEAG
Manageable State: unmanaged
Namespace Prefix: null
Created By (Name/Id): Kelli Do/00561000001PrKOAA0
Last Modified By (Name/Id): Kelli Do/00561000001PrKOAA0
************************************************************
************************************************************
FileName: dashboards/YPO_Membership/kctest.dashboard
FullName/Id: YPO_Membership/kctest/01Z61000000hg3qEAA
Manageable State: unmanaged
Namespace Prefix: null
Created By (Name/Id): Kittu Chandok/00561000002DoyQAAS
Last Modified By (Name/Id): Kittu Chandok/00561000002DoyQAAS
************************************************************
************************************************************
FileName: dashboards/YPO_Membership/Membership_Dashboard_by_Chapter.dashboard
FullName/Id: YPO_Membership/Membership_Dashboard_by_Chapter/01Z61000000BFzXEAW
Manageable State: unmanaged
Namespace Prefix: null
Created By (Name/Id): Kelli Do/00561000001PrKOAA0
Last Modified By (Name/Id): Kelli Do/00561000001PrKOAA0
************************************************************
************************************************************
FileName: dashboards/YPO_Membership/Memberships_Detailed_Roster.dashboard
FullName/Id: YPO_Membership/Memberships_Detailed_Roster/01Z61000000BFxREAW
Manageable State: unmanaged
Namespace Prefix: null
Created By (Name/Id): Kelli Do/00561000001PrKOAA0
Last Modified By (Name/Id): Kelli Do/00561000001PrKOAA0
************************************************************
************************************************************
FileName: dashboards/YPO_Membership/New_Members_by_Join_Date.dashboard
FullName/Id: YPO_Membership/New_Members_by_Join_Date/01Z61000000OGQWEA4
Manageable State: unmanaged
Namespace Prefix: null
Created By (Name/Id): Lynn Phillips/00561000000JTJQAA4
Last Modified By (Name/Id): Lynn Phillips/00561000000JTJQAA4
************************************************************
************************************************************
FileName: dashboards/YPO_Membership/Membership_Global_One_DB.dashboard
FullName/Id: YPO_Membership/Membership_Global_One_DB/01Z61000000hjBJEAY
Manageable State: unmanaged
Namespace Prefix: null
Created By (Name/Id): Jordan Marsillo/00561000003GV5gAAG
Last Modified By (Name/Id): Jordan Marsillo/00561000003GV5gAAG
************************************************************
************************************************************
FileName: dashboards/YPO_Membership/TCook_Chapter_Demo_Dashboard_UPDATED_FY18.dashboard
FullName/Id: YPO_Membership/TCook_Chapter_Demo_Dashboard_UPDATED_FY18/01Z61000000QSwzEAG
Manageable State: unmanaged
Namespace Prefix: null
Created By (Name/Id): Thomas Cook/00561000002EIpGAAW
Last Modified By (Name/Id): Dana Kobernusz/00561000001QTMrAAO
************************************************************
************************************************************
FileName: dashboards/YPO_Membership/In_Development_Membership_Dashboard.dashboard
FullName/Id: YPO_Membership/In_Development_Membership_Dashboard/01Z61000000OIarEAG
Manageable State: unmanaged
Namespace Prefix: null
Created By (Name/Id): Shola Ogunrayi/00561000002ENj2AAG
Last Modified By (Name/Id): Shola Ogunrayi/00561000002ENj2AAG
************************************************************
