************************************************************
FileName: reports/YPO_Governance/Elections_Forum_Chapter_FO_and_SFO.report
FullName/Id: YPO_Governance/Elections_Forum_Chapter_FO_and_SFO/00O610000042maZEAQ
Manageable State: unmanaged
Namespace Prefix: null
Created By (Name/Id): Krista Stevens/00561000002Dp3aAAC
Last Modified By (Name/Id): Krista Stevens/00561000002Dp3aAAC
************************************************************
************************************************************
FileName: reports/YPO_Governance/REX_Experience_for_Board_election.report
FullName/Id: YPO_Governance/REX_Experience_for_Board_election/00O610000046ICCEA2
Manageable State: unmanaged
Namespace Prefix: null
Created By (Name/Id): Krista Stevens/00561000002Dp3aAAC
Last Modified By (Name/Id): Kelli Do/00561000001PrKOAA0
************************************************************
************************************************************
FileName: reports/YPO_Governance/Regional_Officers_Candidates.report
FullName/Id: YPO_Governance/Regional_Officers_Candidates/00O61000004ET0DEAW
Manageable State: unmanaged
Namespace Prefix: null
Created By (Name/Id): Kelli Do/00561000001PrKOAA0
Last Modified By (Name/Id): Kelli Do/00561000001PrKOAA0
************************************************************
************************************************************
FileName: reports/YPO_Governance/Vice_Chair_Officers_Candidates.report
FullName/Id: YPO_Governance/Vice_Chair_Officers_Candidates/00O61000004ET8qEAG
Manageable State: unmanaged
Namespace Prefix: null
Created By (Name/Id): Kelli Do/00561000001PrKOAA0
Last Modified By (Name/Id): Kelli Do/00561000001PrKOAA0
************************************************************
************************************************************
FileName: reports/YPO_Governance/Learning_Committee_past_3_years.report
FullName/Id: YPO_Governance/Learning_Committee_past_3_years/00O610000046HbaEAE
Manageable State: unmanaged
Namespace Prefix: null
Created By (Name/Id): Krista Stevens/00561000002Dp3aAAC
Last Modified By (Name/Id): Krista Stevens/00561000002Dp3aAAC
************************************************************
************************************************************
FileName: reports/YPO_Governance/FEC_past_3_years.report
FullName/Id: YPO_Governance/FEC_past_3_years/00O610000046HcdEAE
Manageable State: unmanaged
Namespace Prefix: null
Created By (Name/Id): Krista Stevens/00561000002Dp3aAAC
Last Modified By (Name/Id): Krista Stevens/00561000002Dp3aAAC
************************************************************
************************************************************
FileName: reports/YPO_Governance/KS_Step2_Leadership_Eligibility_FC.report
FullName/Id: YPO_Governance/KS_Step2_Leadership_Eligibility_FC/00O6100000465HHEAY
Manageable State: unmanaged
Namespace Prefix: null
Created By (Name/Id): Kelli Do/00561000001PrKOAA0
Last Modified By (Name/Id): Kelli Do/00561000001PrKOAA0
************************************************************
************************************************************
FileName: reports/YPO_Governance/KS_Step3_Awards.report
FullName/Id: YPO_Governance/KS_Step3_Awards/00O6100000465MHEAY
Manageable State: unmanaged
Namespace Prefix: null
Created By (Name/Id): Kelli Do/00561000001PrKOAA0
Last Modified By (Name/Id): Kelli Do/00561000001PrKOAA0
************************************************************
************************************************************
FileName: reports/YPO_Governance/Membership_Committee_past_3_years.report
FullName/Id: YPO_Governance/Membership_Committee_past_3_years/00O610000046Hd2EAE
Manageable State: unmanaged
Namespace Prefix: null
Created By (Name/Id): Krista Stevens/00561000002Dp3aAAC
Last Modified By (Name/Id): Krista Stevens/00561000002Dp3aAAC
************************************************************
************************************************************
FileName: reports/YPO_Governance/Networks_Committee_past_3_years.report
FullName/Id: YPO_Governance/Networks_Committee_past_3_years/00O610000046HcxEAE
Manageable State: unmanaged
Namespace Prefix: null
Created By (Name/Id): Krista Stevens/00561000002Dp3aAAC
Last Modified By (Name/Id): Krista Stevens/00561000002Dp3aAAC
************************************************************
************************************************************
FileName: reports/YPO_Governance/Education_Committee_past_3_years.report
FullName/Id: YPO_Governance/Education_Committee_past_3_years/00O610000046HbzEAE
Manageable State: unmanaged
Namespace Prefix: null
Created By (Name/Id): Krista Stevens/00561000002Dp3aAAC
Last Modified By (Name/Id): Krista Stevens/00561000002Dp3aAAC
************************************************************
************************************************************
FileName: reports/YPO_Governance/Family_Committee_past_3_years.report
FullName/Id: YPO_Governance/Family_Committee_past_3_years/00O610000046Hf3EAE
Manageable State: unmanaged
Namespace Prefix: null
Created By (Name/Id): Krista Stevens/00561000002Dp3aAAC
Last Modified By (Name/Id): Krista Stevens/00561000002Dp3aAAC
************************************************************
************************************************************
FileName: reports/YPO_Governance/Chapter_Founders.report
FullName/Id: YPO_Governance/Chapter_Founders/00O610000046KPwEAM
Manageable State: unmanaged
Namespace Prefix: null
Created By (Name/Id): Krista Stevens/00561000002Dp3aAAC
Last Modified By (Name/Id): Krista Stevens/00561000002Dp3aAAC
************************************************************
************************************************************
FileName: reports/YPO_Governance/KS_Step2_Leadership_Eligibility_Netwrk.report
FullName/Id: YPO_Governance/KS_Step2_Leadership_Eligibility_Netwrk/00O6100000465IjEAI
Manageable State: unmanaged
Namespace Prefix: null
Created By (Name/Id): Kelli Do/00561000001PrKOAA0
Last Modified By (Name/Id): Kelli Do/00561000001PrKOAA0
************************************************************
************************************************************
FileName: reports/YPO_Governance/Network_Councils_Chairs_and_Vice_Chairs.report
FullName/Id: YPO_Governance/Network_Councils_Chairs_and_Vice_Chairs/00O610000046HejEAE
Manageable State: unmanaged
Namespace Prefix: null
Created By (Name/Id): Krista Stevens/00561000002Dp3aAAC
Last Modified By (Name/Id): Krista Stevens/00561000002Dp3aAAC
************************************************************
************************************************************
FileName: reports/YPO_Governance/Forum_Committee_Past_3_years.report
FullName/Id: YPO_Governance/Forum_Committee_Past_3_years/00O610000046HbGEAU
Manageable State: unmanaged
Namespace Prefix: null
Created By (Name/Id): Krista Stevens/00561000002Dp3aAAC
Last Modified By (Name/Id): Krista Stevens/00561000002Dp3aAAC
************************************************************
************************************************************
FileName: reports/YPO_Governance/Female_Officers_by_Category.report
FullName/Id: YPO_Governance/Female_Officers_by_Category/00O610000042VkWEAU
Manageable State: unmanaged
Namespace Prefix: null
Created By (Name/Id): Kelli Do/00561000001PrKOAA0
Last Modified By (Name/Id): Kelli Do/00561000001PrKOAA0
************************************************************
************************************************************
FileName: reports/YPO_Governance/KS_Step2_Leadership_Eligibility.report
FullName/Id: YPO_Governance/KS_Step2_Leadership_Eligibility/00O6100000465G4EAI
Manageable State: unmanaged
Namespace Prefix: null
Created By (Name/Id): Kelli Do/00561000001PrKOAA0
Last Modified By (Name/Id): Kelli Do/00561000001PrKOAA0
************************************************************
************************************************************
FileName: reports/YPO_Governance/KS_Step2_Leadership_Eligibility_Flags.report
FullName/Id: YPO_Governance/KS_Step2_Leadership_Eligibility_Flags/00O6100000465O3EAI
Manageable State: unmanaged
Namespace Prefix: null
Created By (Name/Id): Kelli Do/00561000001PrKOAA0
Last Modified By (Name/Id): Kelli Do/00561000001PrKOAA0
************************************************************
