************************************************************
FileName: reports/Data_Team_Networks/Deal_Members_with_Biz_Info_over_60.report
FullName/Id: Data_Team_Networks/Deal_Members_with_Biz_Info_over_60/00O61000004EQ4REAW
Manageable State: unmanaged
Namespace Prefix: null
Created By (Name/Id): Bill Rivers/00561000002Dp32AAC
Last Modified By (Name/Id): Bill Rivers/00561000002Dp32AAC
************************************************************
************************************************************
FileName: reports/Data_Team_Networks/MXN_in_Africa_Region.report
FullName/Id: Data_Team_Networks/MXN_in_Africa_Region/00O61000004ErNlEAK
Manageable State: unmanaged
Namespace Prefix: null
Created By (Name/Id): Bill Rivers/00561000002Dp32AAC
Last Modified By (Name/Id): Bill Rivers/00561000002Dp32AAC
************************************************************
************************************************************
FileName: reports/Data_Team_Networks/New_Parenting_Network_Members.report
FullName/Id: Data_Team_Networks/New_Parenting_Network_Members/00O610000049rXyEAI
Manageable State: unmanaged
Namespace Prefix: null
Created By (Name/Id): Bill Rivers/00561000002Dp32AAC
Last Modified By (Name/Id): Bill Rivers/00561000002Dp32AAC
************************************************************
************************************************************
FileName: reports/Data_Team_Networks/Ntwrk_Mmbrshp_othr_Networks_PER.report
FullName/Id: Data_Team_Networks/Ntwrk_Mmbrshp_othr_Networks_PER/00O610000043AeDEAU
Manageable State: unmanaged
Namespace Prefix: null
Created By (Name/Id): Merry Boegner/00561000001uquYAAQ
Last Modified By (Name/Id): Merry Boegner/00561000001uquYAAQ
************************************************************
************************************************************
FileName: reports/Data_Team_Networks/All_Members_w_their_Primary_Business.report
FullName/Id: Data_Team_Networks/All_Members_w_their_Primary_Business/00O610000043C5ZEAU
Manageable State: unmanaged
Namespace Prefix: null
Created By (Name/Id): Bill Rivers/00561000002Dp32AAC
Last Modified By (Name/Id): Bill Rivers/00561000002Dp32AAC
************************************************************
************************************************************
FileName: reports/Data_Team_Networks/LGBT_Members_in_Other_Selected_Networks.report
FullName/Id: Data_Team_Networks/LGBT_Members_in_Other_Selected_Networks/00O610000042V5TEAU
Manageable State: unmanaged
Namespace Prefix: null
Created By (Name/Id): Bill Rivers/00561000002Dp32AAC
Last Modified By (Name/Id): Bill Rivers/00561000002Dp32AAC
************************************************************
************************************************************
FileName: reports/Data_Team_Networks/Business_Info_for_Event_Registrants.report
FullName/Id: Data_Team_Networks/Business_Info_for_Event_Registrants/00O6100000436MZEAY
Manageable State: unmanaged
Namespace Prefix: null
Created By (Name/Id): Bill Rivers/00561000002Dp32AAC
Last Modified By (Name/Id): Bill Rivers/00561000002Dp32AAC
************************************************************
************************************************************
FileName: reports/Data_Team_Networks/Regional_Networks_Board_Officers.report
FullName/Id: Data_Team_Networks/Regional_Networks_Board_Officers/00O610000042QccEAE
Manageable State: unmanaged
Namespace Prefix: null
Created By (Name/Id): Bill Rivers/00561000002Dp32AAC
Last Modified By (Name/Id): Bill Rivers/00561000002Dp32AAC
************************************************************
************************************************************
FileName: reports/Data_Team_Networks/Active_Account_Affiliations_w_End_Dates.report
FullName/Id: Data_Team_Networks/Active_Account_Affiliations_w_End_Dates/00O61000004EOkQEAW
Manageable State: unmanaged
Namespace Prefix: null
Created By (Name/Id): Bill Rivers/00561000002Dp32AAC
Last Modified By (Name/Id): Bill Rivers/00561000002Dp32AAC
************************************************************
************************************************************
FileName: reports/Data_Team_Networks/Deal_Non_Members_in_Dubai_Area_Chapters.report
FullName/Id: Data_Team_Networks/Deal_Non_Members_in_Dubai_Area_Chapters/00O610000042gFuEAI
Manageable State: unmanaged
Namespace Prefix: null
Created By (Name/Id): Bill Rivers/00561000002Dp32AAC
Last Modified By (Name/Id): Bill Rivers/00561000002Dp32AAC
************************************************************
************************************************************
FileName: reports/Data_Team_Networks/Wrong_Accounts_for_S_Ps.report
FullName/Id: Data_Team_Networks/Wrong_Accounts_for_S_Ps/00O610000042iGGEAY
Manageable State: unmanaged
Namespace Prefix: null
Created By (Name/Id): Bill Rivers/00561000002Dp32AAC
Last Modified By (Name/Id): Bill Rivers/00561000002Dp32AAC
************************************************************
************************************************************
FileName: reports/Data_Team_Networks/NLO_Network_by_Primary_Business_Type.report
FullName/Id: Data_Team_Networks/NLO_Network_by_Primary_Business_Type/00O6100000438Q9EAI
Manageable State: unmanaged
Namespace Prefix: null
Created By (Name/Id): Bill Rivers/00561000002Dp32AAC
Last Modified By (Name/Id): Bill Rivers/00561000002Dp32AAC
************************************************************
************************************************************
FileName: reports/Data_Team_Networks/DM_M_Members_with_Champion_Positions.report
FullName/Id: Data_Team_Networks/DM_M_Members_with_Champion_Positions/00O610000042sGuEAI
Manageable State: unmanaged
Namespace Prefix: null
Created By (Name/Id): Bill Rivers/00561000002Dp32AAC
Last Modified By (Name/Id): Bill Rivers/00561000002Dp32AAC
************************************************************
************************************************************
FileName: reports/Data_Team_Networks/Chapter_Health_Metrics_by_Region_Network.report
FullName/Id: Data_Team_Networks/Chapter_Health_Metrics_by_Region_Network/00O610000045yjwEAA
Manageable State: unmanaged
Namespace Prefix: null
Created By (Name/Id): Merry Boegner/00561000001uquYAAQ
Last Modified By (Name/Id): Merry Boegner/00561000001uquYAAQ
************************************************************
************************************************************
FileName: reports/Data_Team_Networks/Sub_Network_Roster3.report
FullName/Id: Data_Team_Networks/Sub_Network_Roster3/00O61000003naDMEAY
Manageable State: unmanaged
Namespace Prefix: null
Created By (Name/Id): Merry Boegner/00561000001uquYAAQ
Last Modified By (Name/Id): Merry Boegner/00561000001uquYAAQ
************************************************************
************************************************************
FileName: reports/Data_Team_Networks/MXN_at_Fancy_Food_Show.report
FullName/Id: Data_Team_Networks/MXN_at_Fancy_Food_Show/00O61000004E0MKEA0
Manageable State: unmanaged
Namespace Prefix: null
Created By (Name/Id): Bill Rivers/00561000002Dp32AAC
Last Modified By (Name/Id): Bill Rivers/00561000002Dp32AAC
************************************************************
************************************************************
FileName: reports/Data_Team_Networks/Speaker_Report_by_City.report
FullName/Id: Data_Team_Networks/Speaker_Report_by_City/00O610000042olPEAQ
Manageable State: unmanaged
Namespace Prefix: null
Created By (Name/Id): Bill Rivers/00561000002Dp32AAC
Last Modified By (Name/Id): Bill Rivers/00561000002Dp32AAC
************************************************************
************************************************************
FileName: reports/Data_Team_Networks/Network_Event_Report_CRM.report
FullName/Id: Data_Team_Networks/Network_Event_Report_CRM/00O61000003nS5ZEAU
Manageable State: unmanaged
Namespace Prefix: null
Created By (Name/Id): J Nick Shirley/00561000001uqunAAA
Last Modified By (Name/Id): J Nick Shirley/00561000001uqunAAA
************************************************************
************************************************************
FileName: reports/Data_Team_Networks/Activities_for_Network_Accounts.report
FullName/Id: Data_Team_Networks/Activities_for_Network_Accounts/00O61000004EsgUEAS
Manageable State: unmanaged
Namespace Prefix: null
Created By (Name/Id): Bill Rivers/00561000002Dp32AAC
Last Modified By (Name/Id): Bill Rivers/00561000002Dp32AAC
************************************************************
************************************************************
FileName: reports/Data_Team_Networks/E_I_Primary_Companies_with_Industry.report
FullName/Id: Data_Team_Networks/E_I_Primary_Companies_with_Industry/00O61000004ERDPEA4
Manageable State: unmanaged
Namespace Prefix: null
Created By (Name/Id): Bill Rivers/00561000002Dp32AAC
Last Modified By (Name/Id): Bill Rivers/00561000002Dp32AAC
************************************************************
************************************************************
FileName: reports/Data_Team_Networks/Backdated_Biz_Network_Members.report
FullName/Id: Data_Team_Networks/Backdated_Biz_Network_Members/00O610000042tLMEAY
Manageable State: unmanaged
Namespace Prefix: null
Created By (Name/Id): Bill Rivers/00561000002Dp32AAC
Last Modified By (Name/Id): Bill Rivers/00561000002Dp32AAC
************************************************************
************************************************************
FileName: reports/Data_Team_Networks/Business_Info_by_Chapter.report
FullName/Id: Data_Team_Networks/Business_Info_by_Chapter/00O61000004EYyDEAW
Manageable State: unmanaged
Namespace Prefix: null
Created By (Name/Id): Bill Rivers/00561000002Dp32AAC
Last Modified By (Name/Id): Bill Rivers/00561000002Dp32AAC
************************************************************
************************************************************
FileName: reports/Data_Team_Networks/All_Network_Members_for_Membership.report
FullName/Id: Data_Team_Networks/All_Network_Members_for_Membership/00O610000042ZyyEAE
Manageable State: unmanaged
Namespace Prefix: null
Created By (Name/Id): Bill Rivers/00561000002Dp32AAC
Last Modified By (Name/Id): Bill Rivers/00561000002Dp32AAC
************************************************************
************************************************************
FileName: reports/Data_Team_Networks/Orphan_Events_not_Found_in_CVent.report
FullName/Id: Data_Team_Networks/Orphan_Events_not_Found_in_CVent/00O610000042iFmEAI
Manageable State: unmanaged
Namespace Prefix: null
Created By (Name/Id): Bill Rivers/00561000002Dp32AAC
Last Modified By (Name/Id): Bill Rivers/00561000002Dp32AAC
************************************************************
************************************************************
FileName: reports/Data_Team_Networks/Network_Active_Users_on_SF.report
FullName/Id: Data_Team_Networks/Network_Active_Users_on_SF/00O610000042a4cEAA
Manageable State: unmanaged
Namespace Prefix: null
Created By (Name/Id): Merry Boegner/00561000001uquYAAQ
Last Modified By (Name/Id): Merry Boegner/00561000001uquYAAQ
************************************************************
************************************************************
FileName: reports/Data_Team_Networks/Pacific_US_Members_in_Networks.report
FullName/Id: Data_Team_Networks/Pacific_US_Members_in_Networks/00O61000001ZZGZEA4
Manageable State: unmanaged
Namespace Prefix: null
Created By (Name/Id): Bill Rivers/00561000002Dp32AAC
Last Modified By (Name/Id): Bill Rivers/00561000002Dp32AAC
************************************************************
************************************************************
FileName: reports/Data_Team_Networks/Deal_Members_in_Dubai_Area_Chapters.report
FullName/Id: Data_Team_Networks/Deal_Members_in_Dubai_Area_Chapters/00O610000042gFpEAI
Manageable State: unmanaged
Namespace Prefix: null
Created By (Name/Id): Bill Rivers/00561000002Dp32AAC
Last Modified By (Name/Id): Bill Rivers/00561000002Dp32AAC
************************************************************
************************************************************
FileName: reports/Data_Team_Networks/FY19_Network_Learning_Officers.report
FullName/Id: Data_Team_Networks/FY19_Network_Learning_Officers/00O610000049pkgEAA
Manageable State: unmanaged
Namespace Prefix: null
Created By (Name/Id): Bill Rivers/00561000002Dp32AAC
Last Modified By (Name/Id): Bill Rivers/00561000002Dp32AAC
************************************************************
************************************************************
FileName: reports/Data_Team_Networks/GFBN_Member_Business_Address.report
FullName/Id: Data_Team_Networks/GFBN_Member_Business_Address/00O61000004E22CEAS
Manageable State: unmanaged
Namespace Prefix: null
Created By (Name/Id): Fenix Wang/00561000003GjThAAK
Last Modified By (Name/Id): Fenix Wang/00561000003GjThAAK
************************************************************
************************************************************
FileName: reports/Data_Team_Networks/YPO_Board_Members_with_Networks.report
FullName/Id: Data_Team_Networks/YPO_Board_Members_with_Networks/00O61000004E2u4EAC
Manageable State: unmanaged
Namespace Prefix: null
Created By (Name/Id): Merry Boegner/00561000001uquYAAQ
Last Modified By (Name/Id): Merry Boegner/00561000001uquYAAQ
************************************************************
************************************************************
FileName: reports/Data_Team_Networks/Auto_Finance_NOT_in_Deal.report
FullName/Id: Data_Team_Networks/Auto_Finance_NOT_in_Deal/00O610000042wOTEAY
Manageable State: unmanaged
Namespace Prefix: null
Created By (Name/Id): Bill Rivers/00561000002Dp32AAC
Last Modified By (Name/Id): Bill Rivers/00561000002Dp32AAC
************************************************************
************************************************************
FileName: reports/Data_Team_Networks/HFCN_Members_in_St_Louis_Chapters.report
FullName/Id: Data_Team_Networks/HFCN_Members_in_St_Louis_Chapters/00O610000042hEJEAY
Manageable State: unmanaged
Namespace Prefix: null
Created By (Name/Id): Kyla Paulsen/00561000002ETjXAAW
Last Modified By (Name/Id): Kyla Paulsen/00561000002ETjXAAW
************************************************************
************************************************************
FileName: reports/Data_Team_Networks/FY19_Region_Network_Ambassors.report
FullName/Id: Data_Team_Networks/FY19_Region_Network_Ambassors/00O610000049pm8EAA
Manageable State: unmanaged
Namespace Prefix: null
Created By (Name/Id): Bill Rivers/00561000002Dp32AAC
Last Modified By (Name/Id): Bill Rivers/00561000002Dp32AAC
************************************************************
************************************************************
FileName: reports/Data_Team_Networks/Deal_Members_Over_60_with_Contact_Pos.report
FullName/Id: Data_Team_Networks/Deal_Members_Over_60_with_Contact_Pos/00O61000004EQnMEAW
Manageable State: unmanaged
Namespace Prefix: null
Created By (Name/Id): Bill Rivers/00561000002Dp32AAC
Last Modified By (Name/Id): Bill Rivers/00561000002Dp32AAC
************************************************************
************************************************************
FileName: reports/Data_Team_Networks/LDN_Members_S_Ps_from_Selected_Areas.report
FullName/Id: Data_Team_Networks/LDN_Members_S_Ps_from_Selected_Areas/00O61000004EqGPEA0
Manageable State: unmanaged
Namespace Prefix: null
Created By (Name/Id): Bill Rivers/00561000002Dp32AAC
Last Modified By (Name/Id): Bill Rivers/00561000002Dp32AAC
************************************************************
************************************************************
FileName: reports/Data_Team_Networks/Business_Info_by_Region.report
FullName/Id: Data_Team_Networks/Business_Info_by_Region/00O61000004DyRNEA0
Manageable State: unmanaged
Namespace Prefix: null
Created By (Name/Id): Bill Rivers/00561000002Dp32AAC
Last Modified By (Name/Id): Bill Rivers/00561000002Dp32AAC
************************************************************
************************************************************
FileName: reports/Data_Team_Networks/Chapter_Engagement_Officers_by_Region.report
FullName/Id: Data_Team_Networks/Chapter_Engagement_Officers_by_Region/00O61000004ErRYEA0
Manageable State: unmanaged
Namespace Prefix: null
Created By (Name/Id): Bill Rivers/00561000002Dp32AAC
Last Modified By (Name/Id): Bill Rivers/00561000002Dp32AAC
************************************************************
************************************************************
FileName: reports/Data_Team_Networks/LDN_Members_who_joined_prior_to_19_12_16.report
FullName/Id: Data_Team_Networks/LDN_Members_who_joined_prior_to_19_12_16/00O610000042rv8EAA
Manageable State: unmanaged
Namespace Prefix: null
Created By (Name/Id): Bill Rivers/00561000002Dp32AAC
Last Modified By (Name/Id): Bill Rivers/00561000002Dp32AAC
************************************************************
************************************************************
FileName: reports/Data_Team_Networks/YPO_Gold_Philippines_with_Networks.report
FullName/Id: Data_Team_Networks/YPO_Gold_Philippines_with_Networks/00O610000042lrtEAA
Manageable State: unmanaged
Namespace Prefix: null
Created By (Name/Id): Kyla Paulsen/00561000002ETjXAAW
Last Modified By (Name/Id): Kyla Paulsen/00561000002ETjXAAW
************************************************************
************************************************************
FileName: reports/Data_Team_Networks/All_Members_by_Region.report
FullName/Id: Data_Team_Networks/All_Members_by_Region/00O61000004394OEAQ
Manageable State: unmanaged
Namespace Prefix: null
Created By (Name/Id): Bill Rivers/00561000002Dp32AAC
Last Modified By (Name/Id): Bill Rivers/00561000002Dp32AAC
************************************************************
************************************************************
FileName: reports/Data_Team_Networks/Network_Event_Attendence_by_Region.report
FullName/Id: Data_Team_Networks/Network_Event_Attendence_by_Region/00O610000042rvSEAQ
Manageable State: unmanaged
Namespace Prefix: null
Created By (Name/Id): Bill Rivers/00561000002Dp32AAC
Last Modified By (Name/Id): Bill Rivers/00561000002Dp32AAC
************************************************************
************************************************************
FileName: reports/Data_Team_Networks/Automotive_Network_Members_from_China.report
FullName/Id: Data_Team_Networks/Automotive_Network_Members_from_China/00O61000004EE6BEAW
Manageable State: unmanaged
Namespace Prefix: null
Created By (Name/Id): Bill Rivers/00561000002Dp32AAC
Last Modified By (Name/Id): Bill Rivers/00561000002Dp32AAC
************************************************************
************************************************************
FileName: reports/Data_Team_Networks/Network_Forum_Members.report
FullName/Id: Data_Team_Networks/Network_Forum_Members/00O61000004EIqXEAW
Manageable State: unmanaged
Namespace Prefix: null
Created By (Name/Id): Bill Rivers/00561000002Dp32AAC
Last Modified By (Name/Id): Bill Rivers/00561000002Dp32AAC
************************************************************
************************************************************
FileName: reports/Data_Team_Networks/Europe_New_Members.report
FullName/Id: Data_Team_Networks/Europe_New_Members/00O610000049nuoEAA
Manageable State: unmanaged
Namespace Prefix: null
Created By (Name/Id): Kyla Paulsen/00561000002ETjXAAW
Last Modified By (Name/Id): Kyla Paulsen/00561000002ETjXAAW
************************************************************
************************************************************
FileName: reports/Data_Team_Networks/EDGE_Women_Attendees_w_Biz_Info.report
FullName/Id: Data_Team_Networks/EDGE_Women_Attendees_w_Biz_Info/00O610000042zsgEAA
Manageable State: unmanaged
Namespace Prefix: null
Created By (Name/Id): Bill Rivers/00561000002Dp32AAC
Last Modified By (Name/Id): Bill Rivers/00561000002Dp32AAC
************************************************************
************************************************************
FileName: reports/Data_Team_Networks/DTS_Cincinnati.report
FullName/Id: Data_Team_Networks/DTS_Cincinnati/00O61000001ZaloEAC
Manageable State: unmanaged
Namespace Prefix: null
Created By (Name/Id): Bill Rivers/00561000002Dp32AAC
Last Modified By (Name/Id): Bill Rivers/00561000002Dp32AAC
************************************************************
************************************************************
FileName: reports/Data_Team_Networks/Automotive_Members_in_Northern_CA_USA.report
FullName/Id: Data_Team_Networks/Automotive_Members_in_Northern_CA_USA/00O610000043AlEEAU
Manageable State: unmanaged
Namespace Prefix: null
Created By (Name/Id): Bill Rivers/00561000002Dp32AAC
Last Modified By (Name/Id): Bill Rivers/00561000002Dp32AAC
************************************************************
************************************************************
FileName: reports/Data_Team_Networks/Members_in_Deal_and_Plastics.report
FullName/Id: Data_Team_Networks/Members_in_Deal_and_Plastics/00O61000004EOuzEAG
Manageable State: unmanaged
Namespace Prefix: null
Created By (Name/Id): Bill Rivers/00561000002Dp32AAC
Last Modified By (Name/Id): Bill Rivers/00561000002Dp32AAC
************************************************************
************************************************************
FileName: reports/Data_Team_Networks/SPBN_Working_Spouses.report
FullName/Id: Data_Team_Networks/SPBN_Working_Spouses/00O610000042Vq5EAE
Manageable State: unmanaged
Namespace Prefix: null
Created By (Name/Id): Bill Rivers/00561000002Dp32AAC
Last Modified By (Name/Id): Bill Rivers/00561000002Dp32AAC
************************************************************
************************************************************
FileName: reports/Data_Team_Networks/CIN_Roundtable_with_Voucher.report
FullName/Id: Data_Team_Networks/CIN_Roundtable_with_Voucher/00O610000042ylyEAA
Manageable State: unmanaged
Namespace Prefix: null
Created By (Name/Id): Bill Rivers/00561000002Dp32AAC
Last Modified By (Name/Id): Bill Rivers/00561000002Dp32AAC
************************************************************
************************************************************
FileName: reports/Data_Team_Networks/All_Male_S_Ps_not_in_Male_S_P_Community.report
FullName/Id: Data_Team_Networks/All_Male_S_Ps_not_in_Male_S_P_Community/00O61000001ZlveEAC
Manageable State: unmanaged
Namespace Prefix: null
Created By (Name/Id): Bill Rivers/00561000002Dp32AAC
Last Modified By (Name/Id): Bill Rivers/00561000002Dp32AAC
************************************************************
************************************************************
FileName: reports/Data_Team_Networks/TEST_WYN_Upcoming_Events.report
FullName/Id: Data_Team_Networks/TEST_WYN_Upcoming_Events/00O610000042jL7EAI
Manageable State: unmanaged
Namespace Prefix: null
Created By (Name/Id): Bill Rivers/00561000002Dp32AAC
Last Modified By (Name/Id): Bill Rivers/00561000002Dp32AAC
************************************************************
************************************************************
FileName: reports/Data_Team_Networks/Tavel_and_Hospitality_with_like_Industry.report
FullName/Id: Data_Team_Networks/Tavel_and_Hospitality_with_like_Industry/00O610000049kk2EAA
Manageable State: unmanaged
Namespace Prefix: null
Created By (Name/Id): Bill Rivers/00561000002Dp32AAC
Last Modified By (Name/Id): Bill Rivers/00561000002Dp32AAC
************************************************************
************************************************************
FileName: reports/Data_Team_Networks/DMM_Members_with_Grace.report
FullName/Id: Data_Team_Networks/DMM_Members_with_Grace/00O610000042UI7EAM
Manageable State: unmanaged
Namespace Prefix: null
Created By (Name/Id): Bill Rivers/00561000002Dp32AAC
Last Modified By (Name/Id): Bill Rivers/00561000002Dp32AAC
************************************************************
************************************************************
FileName: reports/Data_Team_Networks/All_Network_Members1.report
FullName/Id: Data_Team_Networks/All_Network_Members1/00O6100000467YFEAY
Manageable State: unmanaged
Namespace Prefix: null
Created By (Name/Id): Bill Rivers/00561000002Dp32AAC
Last Modified By (Name/Id): Bill Rivers/00561000002Dp32AAC
************************************************************
************************************************************
FileName: reports/Data_Team_Networks/Network_Communication_Preferences.report
FullName/Id: Data_Team_Networks/Network_Communication_Preferences/00O61000004DzgJEAS
Manageable State: unmanaged
Namespace Prefix: null
Created By (Name/Id): Merry Boegner/00561000001uquYAAQ
Last Modified By (Name/Id): Merry Boegner/00561000001uquYAAQ
************************************************************
************************************************************
FileName: reports/Data_Team_Networks/SPBN_working_spouses_primary_business.report
FullName/Id: Data_Team_Networks/SPBN_working_spouses_primary_business/00O61000004EtVmEAK
Manageable State: unmanaged
Namespace Prefix: null
Created By (Name/Id): Fenix Wang/00561000003GjThAAK
Last Modified By (Name/Id): Fenix Wang/00561000003GjThAAK
************************************************************
************************************************************
FileName: reports/Data_Team_Networks/FY18_Chairs_that_Roll_Off.report
FullName/Id: Data_Team_Networks/FY18_Chairs_that_Roll_Off/00O6100000436aWEAQ
Manageable State: unmanaged
Namespace Prefix: null
Created By (Name/Id): Bill Rivers/00561000002Dp32AAC
Last Modified By (Name/Id): Bill Rivers/00561000002Dp32AAC
************************************************************
************************************************************
FileName: reports/Data_Team_Networks/YPO_Members_in_McKinsey.report
FullName/Id: Data_Team_Networks/YPO_Members_in_McKinsey/00O6100000432jnEAA
Manageable State: unmanaged
Namespace Prefix: null
Created By (Name/Id): Bill Rivers/00561000002Dp32AAC
Last Modified By (Name/Id): Bill Rivers/00561000002Dp32AAC
************************************************************
************************************************************
FileName: reports/Data_Team_Networks/YPO_Chile_Network_Affiliations.report
FullName/Id: Data_Team_Networks/YPO_Chile_Network_Affiliations/00O61000004EdZnEAK
Manageable State: unmanaged
Namespace Prefix: null
Created By (Name/Id): Bill Rivers/00561000002Dp32AAC
Last Modified By (Name/Id): Bill Rivers/00561000002Dp32AAC
************************************************************
************************************************************
FileName: reports/Data_Team_Networks/All_CNOs.report
FullName/Id: Data_Team_Networks/All_CNOs/00O610000042geQEAQ
Manageable State: unmanaged
Namespace Prefix: null
Created By (Name/Id): Bill Rivers/00561000002Dp32AAC
Last Modified By (Name/Id): Bill Rivers/00561000002Dp32AAC
************************************************************
************************************************************
FileName: reports/Data_Team_Networks/Auto_Members_NOT_in_Deal_from_Asia.report
FullName/Id: Data_Team_Networks/Auto_Members_NOT_in_Deal_from_Asia/00O610000042wOnEAI
Manageable State: unmanaged
Namespace Prefix: null
Created By (Name/Id): Bill Rivers/00561000002Dp32AAC
Last Modified By (Name/Id): Bill Rivers/00561000002Dp32AAC
************************************************************
************************************************************
FileName: reports/Data_Team_Networks/Activites_for_Biz_Network_BNDs.report
FullName/Id: Data_Team_Networks/Activites_for_Biz_Network_BNDs/00O61000004EspgEAC
Manageable State: unmanaged
Namespace Prefix: null
Created By (Name/Id): Bill Rivers/00561000002Dp32AAC
Last Modified By (Name/Id): Bill Rivers/00561000002Dp32AAC
************************************************************
************************************************************
FileName: reports/Data_Team_Networks/Parenting_Network_Contact_Type_Chart.report
FullName/Id: Data_Team_Networks/Parenting_Network_Contact_Type_Chart/00O61000004E26iEAC
Manageable State: unmanaged
Namespace Prefix: null
Created By (Name/Id): Bill Rivers/00561000002Dp32AAC
Last Modified By (Name/Id): Bill Rivers/00561000002Dp32AAC
************************************************************
************************************************************
FileName: reports/Data_Team_Networks/PER_Chairs_and_Vice_Chairs.report
FullName/Id: Data_Team_Networks/PER_Chairs_and_Vice_Chairs/00O610000049qAtEAI
Manageable State: unmanaged
Namespace Prefix: null
Created By (Name/Id): Bill Rivers/00561000002Dp32AAC
Last Modified By (Name/Id): Bill Rivers/00561000002Dp32AAC
************************************************************
************************************************************
FileName: reports/Data_Team_Networks/Pacific_US_FY19_Network_Events_2.report
FullName/Id: Data_Team_Networks/Pacific_US_FY19_Network_Events_2/00O61000004E3JdEAK
Manageable State: unmanaged
Namespace Prefix: null
Created By (Name/Id): Bill Rivers/00561000002Dp32AAC
Last Modified By (Name/Id): Bill Rivers/00561000002Dp32AAC
************************************************************
************************************************************
FileName: reports/Data_Team_Networks/Low_Strange_Ages.report
FullName/Id: Data_Team_Networks/Low_Strange_Ages/00O610000042iG1EAI
Manageable State: unmanaged
Namespace Prefix: null
Created By (Name/Id): Bill Rivers/00561000002Dp32AAC
Last Modified By (Name/Id): Bill Rivers/00561000002Dp32AAC
************************************************************
************************************************************
FileName: reports/Data_Team_Networks/Singles_from_Canada_and_New_York.report
FullName/Id: Data_Team_Networks/Singles_from_Canada_and_New_York/00O61000004ENbcEAG
Manageable State: unmanaged
Namespace Prefix: null
Created By (Name/Id): Bill Rivers/00561000002Dp32AAC
Last Modified By (Name/Id): Bill Rivers/00561000002Dp32AAC
************************************************************
************************************************************
FileName: reports/Data_Team_Networks/All_Social_Engagement_Network_Members.report
FullName/Id: Data_Team_Networks/All_Social_Engagement_Network_Members/00O610000042gjBEAQ
Manageable State: unmanaged
Namespace Prefix: null
Created By (Name/Id): Bill Rivers/00561000002Dp32AAC
Last Modified By (Name/Id): Bill Rivers/00561000002Dp32AAC
************************************************************
************************************************************
FileName: reports/Data_Team_Networks/SEN_Non_Profit.report
FullName/Id: Data_Team_Networks/SEN_Non_Profit/00O610000042TE9EAM
Manageable State: unmanaged
Namespace Prefix: null
Created By (Name/Id): Bill Rivers/00561000002Dp32AAC
Last Modified By (Name/Id): Bill Rivers/00561000002Dp32AAC
************************************************************
************************************************************
FileName: reports/Data_Team_Networks/Network_Licenses.report
FullName/Id: Data_Team_Networks/Network_Licenses/00O61000003nFvKEAU
Manageable State: unmanaged
Namespace Prefix: null
Created By (Name/Id): Bill Rivers/00561000002Dp32AAC
Last Modified By (Name/Id): Bill Rivers/00561000002Dp32AAC
************************************************************
************************************************************
FileName: reports/Data_Team_Networks/For_NOW_Report.report
FullName/Id: Data_Team_Networks/For_NOW_Report/00O610000042tKdEAI
Manageable State: unmanaged
Namespace Prefix: null
Created By (Name/Id): Kyla Paulsen/00561000002ETjXAAW
Last Modified By (Name/Id): Kyla Paulsen/00561000002ETjXAAW
************************************************************
************************************************************
FileName: reports/Data_Team_Networks/Network_Members_on_18_Oct.report
FullName/Id: Data_Team_Networks/Network_Members_on_18_Oct/00O610000042pNdEAI
Manageable State: unmanaged
Namespace Prefix: null
Created By (Name/Id): Bill Rivers/00561000002Dp32AAC
Last Modified By (Name/Id): Bill Rivers/00561000002Dp32AAC
************************************************************
************************************************************
FileName: reports/Data_Team_Networks/Account_Activities1.report
FullName/Id: Data_Team_Networks/Account_Activities1/00O610000042lz4EAA
Manageable State: unmanaged
Namespace Prefix: null
Created By (Name/Id): Merry Boegner/00561000001uquYAAQ
Last Modified By (Name/Id): Merry Boegner/00561000001uquYAAQ
************************************************************
************************************************************
FileName: reports/Data_Team_Networks/Business_Info_by_region1.report
FullName/Id: Data_Team_Networks/Business_Info_by_region1/00O61000004EYIMEA4
Manageable State: unmanaged
Namespace Prefix: null
Created By (Name/Id): Denise Johnsen/00561000002DozVAAS
Last Modified By (Name/Id): Denise Johnsen/00561000002DozVAAS
************************************************************
************************************************************
FileName: reports/Data_Team_Networks/FY17_Events_with_No_Event_Associations1.report
FullName/Id: Data_Team_Networks/FY17_Events_with_No_Event_Associations1/00O610000042ShAEAU
Manageable State: unmanaged
Namespace Prefix: null
Created By (Name/Id): Bill Rivers/00561000002Dp32AAC
Last Modified By (Name/Id): Bill Rivers/00561000002Dp32AAC
************************************************************
************************************************************
FileName: reports/Data_Team_Networks/All_CNOs1.report
FullName/Id: Data_Team_Networks/All_CNOs1/00O610000042geVEAQ
Manageable State: unmanaged
Namespace Prefix: null
Created By (Name/Id): Bill Rivers/00561000002Dp32AAC
Last Modified By (Name/Id): Bill Rivers/00561000002Dp32AAC
************************************************************
************************************************************
FileName: reports/Data_Team_Networks/DM_M_Network_Memberships.report
FullName/Id: Data_Team_Networks/DM_M_Network_Memberships/00O610000042P74EAE
Manageable State: unmanaged
Namespace Prefix: null
Created By (Name/Id): Bill Rivers/00561000002Dp32AAC
Last Modified By (Name/Id): Bill Rivers/00561000002Dp32AAC
************************************************************
************************************************************
FileName: reports/Data_Team_Networks/CIN_Roundtable_from_Last_Year.report
FullName/Id: Data_Team_Networks/CIN_Roundtable_from_Last_Year/00O610000042ymNEAQ
Manageable State: unmanaged
Namespace Prefix: null
Created By (Name/Id): Bill Rivers/00561000002Dp32AAC
Last Modified By (Name/Id): Bill Rivers/00561000002Dp32AAC
************************************************************
************************************************************
FileName: reports/Data_Team_Networks/Business_Networks_to_be_Added_Checked.report
FullName/Id: Data_Team_Networks/Business_Networks_to_be_Added_Checked/00O610000042s1LEAQ
Manageable State: unmanaged
Namespace Prefix: null
Created By (Name/Id): Bill Rivers/00561000002Dp32AAC
Last Modified By (Name/Id): Bill Rivers/00561000002Dp32AAC
************************************************************
************************************************************
FileName: reports/Data_Team_Networks/Wine_Network_ANZAC.report
FullName/Id: Data_Team_Networks/Wine_Network_ANZAC/00O610000042TEEEA2
Manageable State: unmanaged
Namespace Prefix: null
Created By (Name/Id): Bill Rivers/00561000002Dp32AAC
Last Modified By (Name/Id): Bill Rivers/00561000002Dp32AAC
************************************************************
************************************************************
FileName: reports/Data_Team_Networks/Deal_Members_w_Business_Info.report
FullName/Id: Data_Team_Networks/Deal_Members_w_Business_Info/00O61000004Eur5EAC
Manageable State: unmanaged
Namespace Prefix: null
Created By (Name/Id): Bill Rivers/00561000002Dp32AAC
Last Modified By (Name/Id): Bill Rivers/00561000002Dp32AAC
************************************************************
************************************************************
FileName: reports/Data_Team_Networks/Members_in_Deal_and_LDN.report
FullName/Id: Data_Team_Networks/Members_in_Deal_and_LDN/00O61000004EOukEAG
Manageable State: unmanaged
Namespace Prefix: null
Created By (Name/Id): Bill Rivers/00561000002Dp32AAC
Last Modified By (Name/Id): Bill Rivers/00561000002Dp32AAC
************************************************************
************************************************************
FileName: reports/Data_Team_Networks/Networks_List.report
FullName/Id: Data_Team_Networks/Networks_List/00O610000042eioEAA
Manageable State: unmanaged
Namespace Prefix: null
Created By (Name/Id): Bill Rivers/00561000002Dp32AAC
Last Modified By (Name/Id): Bill Rivers/00561000002Dp32AAC
************************************************************
************************************************************
FileName: reports/Data_Team_Networks/Family_BIZ_Network_Members_in_Networks.report
FullName/Id: Data_Team_Networks/Family_BIZ_Network_Members_in_Networks/00O610000042RSTEA2
Manageable State: unmanaged
Namespace Prefix: null
Created By (Name/Id): Merry Boegner/00561000001uquYAAQ
Last Modified By (Name/Id): Merry Boegner/00561000001uquYAAQ
************************************************************
************************************************************
FileName: reports/Data_Team_Networks/Termination_Report_All_Networks.report
FullName/Id: Data_Team_Networks/Termination_Report_All_Networks/00O61000003nMcaEAE
Manageable State: unmanaged
Namespace Prefix: null
Created By (Name/Id): Merry Boegner/00561000001uquYAAQ
Last Modified By (Name/Id): Merry Boegner/00561000001uquYAAQ
************************************************************
************************************************************
FileName: reports/Data_Team_Networks/Health_Wellness.report
FullName/Id: Data_Team_Networks/Health_Wellness/00O61000004EhxUEAS
Manageable State: unmanaged
Namespace Prefix: null
Created By (Name/Id): Bill Rivers/00561000002Dp32AAC
Last Modified By (Name/Id): Bill Rivers/00561000002Dp32AAC
************************************************************
************************************************************
FileName: reports/Data_Team_Networks/Auto_Sponsorship_Data.report
FullName/Id: Data_Team_Networks/Auto_Sponsorship_Data/00O610000042zvGEAQ
Manageable State: unmanaged
Namespace Prefix: null
Created By (Name/Id): Bill Rivers/00561000002Dp32AAC
Last Modified By (Name/Id): Bill Rivers/00561000002Dp32AAC
************************************************************
************************************************************
FileName: reports/Data_Team_Networks/Chapter_MOEs_in_Auto_Network.report
FullName/Id: Data_Team_Networks/Chapter_MOEs_in_Auto_Network/00O61000004Eu4hEAC
Manageable State: unmanaged
Namespace Prefix: null
Created By (Name/Id): Bill Rivers/00561000002Dp32AAC
Last Modified By (Name/Id): Bill Rivers/00561000002Dp32AAC
************************************************************
************************************************************
FileName: reports/Data_Team_Networks/WYN_Past_Events.report
FullName/Id: Data_Team_Networks/WYN_Past_Events/00O610000042rQUEAY
Manageable State: unmanaged
Namespace Prefix: null
Created By (Name/Id): Bill Rivers/00561000002Dp32AAC
Last Modified By (Name/Id): Bill Rivers/00561000002Dp32AAC
************************************************************
************************************************************
FileName: reports/Data_Team_Networks/Travel_and_Hospital_with_Matching_Ind.report
FullName/Id: Data_Team_Networks/Travel_and_Hospital_with_Matching_Ind/00O610000043G9WEAU
Manageable State: unmanaged
Namespace Prefix: null
Created By (Name/Id): Bill Rivers/00561000002Dp32AAC
Last Modified By (Name/Id): Bill Rivers/00561000002Dp32AAC
************************************************************
************************************************************
FileName: reports/Data_Team_Networks/All_Business_Network_Members.report
FullName/Id: Data_Team_Networks/All_Business_Network_Members/00O610000042eT5EAI
Manageable State: unmanaged
Namespace Prefix: null
Created By (Name/Id): Bill Rivers/00561000002Dp32AAC
Last Modified By (Name/Id): Bill Rivers/00561000002Dp32AAC
************************************************************
************************************************************
FileName: reports/Data_Team_Networks/TEST_FBO_President_Type.report
FullName/Id: Data_Team_Networks/TEST_FBO_President_Type/00O610000042jxfEAA
Manageable State: unmanaged
Namespace Prefix: null
Created By (Name/Id): Bill Rivers/00561000002Dp32AAC
Last Modified By (Name/Id): Bill Rivers/00561000002Dp32AAC
************************************************************
************************************************************
FileName: reports/Data_Team_Networks/SPBN_Subnetworks_not_in_SPBN.report
FullName/Id: Data_Team_Networks/SPBN_Subnetworks_not_in_SPBN/00O61000004ESyCEAW
Manageable State: unmanaged
Namespace Prefix: null
Created By (Name/Id): Bill Rivers/00561000002Dp32AAC
Last Modified By (Name/Id): Bill Rivers/00561000002Dp32AAC
************************************************************
************************************************************
FileName: reports/Data_Team_Networks/Retail_Network_Members_Euro_Connect.report
FullName/Id: Data_Team_Networks/Retail_Network_Members_Euro_Connect/00O610000049qZoEAI
Manageable State: unmanaged
Namespace Prefix: null
Created By (Name/Id): Bill Rivers/00561000002Dp32AAC
Last Modified By (Name/Id): Bill Rivers/00561000002Dp32AAC
************************************************************
************************************************************
FileName: reports/Data_Team_Networks/Network_Sponsored_Events_w_Sponsor.report
FullName/Id: Data_Team_Networks/Network_Sponsored_Events_w_Sponsor/00O6100000434uEEAQ
Manageable State: unmanaged
Namespace Prefix: null
Created By (Name/Id): Bill Rivers/00561000002Dp32AAC
Last Modified By (Name/Id): Bill Rivers/00561000002Dp32AAC
************************************************************
************************************************************
FileName: reports/Data_Team_Networks/NLO_Network_by_President_Type.report
FullName/Id: Data_Team_Networks/NLO_Network_by_President_Type/00O6100000438PzEAI
Manageable State: unmanaged
Namespace Prefix: null
Created By (Name/Id): Bill Rivers/00561000002Dp32AAC
Last Modified By (Name/Id): Bill Rivers/00561000002Dp32AAC
************************************************************
************************************************************
FileName: reports/Data_Team_Networks/WYN_Most_Recent_New_Members2.report
FullName/Id: Data_Team_Networks/WYN_Most_Recent_New_Members2/00O610000042mQeEAI
Manageable State: unmanaged
Namespace Prefix: null
Created By (Name/Id): Bill Rivers/00561000002Dp32AAC
Last Modified By (Name/Id): Bill Rivers/00561000002Dp32AAC
************************************************************
************************************************************
FileName: reports/Data_Team_Networks/YPO_Santa_Barbara_Network_Memberships.report
FullName/Id: Data_Team_Networks/YPO_Santa_Barbara_Network_Memberships/00O610000042gC7EAI
Manageable State: unmanaged
Namespace Prefix: null
Created By (Name/Id): Bill Rivers/00561000002Dp32AAC
Last Modified By (Name/Id): Bill Rivers/00561000002Dp32AAC
************************************************************
************************************************************
FileName: reports/Data_Team_Networks/Arts_and_Entertainment.report
FullName/Id: Data_Team_Networks/Arts_and_Entertainment/00O61000004EJZwEAO
Manageable State: unmanaged
Namespace Prefix: null
Created By (Name/Id): Bill Rivers/00561000002Dp32AAC
Last Modified By (Name/Id): Bill Rivers/00561000002Dp32AAC
************************************************************
************************************************************
FileName: reports/Data_Team_Networks/Network_Memberships_for_YPO_Peru.report
FullName/Id: Data_Team_Networks/Network_Memberships_for_YPO_Peru/00O61000004EPjOEAW
Manageable State: unmanaged
Namespace Prefix: null
Created By (Name/Id): Bill Rivers/00561000002Dp32AAC
Last Modified By (Name/Id): Bill Rivers/00561000002Dp32AAC
************************************************************
************************************************************
FileName: reports/Data_Team_Networks/Booth_School_Affiliations.report
FullName/Id: Data_Team_Networks/Booth_School_Affiliations/00O61000004EeKeEAK
Manageable State: unmanaged
Namespace Prefix: null
Created By (Name/Id): Bill Rivers/00561000002Dp32AAC
Last Modified By (Name/Id): Bill Rivers/00561000002Dp32AAC
************************************************************
************************************************************
FileName: reports/Data_Team_Networks/Past_Hospitality_and_F_B_Officers.report
FullName/Id: Data_Team_Networks/Past_Hospitality_and_F_B_Officers/00O61000004EFEuEAO
Manageable State: unmanaged
Namespace Prefix: null
Created By (Name/Id): Bill Rivers/00561000002Dp32AAC
Last Modified By (Name/Id): Bill Rivers/00561000002Dp32AAC
************************************************************
************************************************************
FileName: reports/Data_Team_Networks/Pacific_US_Network_Board_and_ExCo_Member.report
FullName/Id: Data_Team_Networks/Pacific_US_Network_Board_and_ExCo_Member/00O61000001ZYz4EAG
Manageable State: unmanaged
Namespace Prefix: null
Created By (Name/Id): Bill Rivers/00561000002Dp32AAC
Last Modified By (Name/Id): Bill Rivers/00561000002Dp32AAC
************************************************************
************************************************************
FileName: reports/Data_Team_Networks/Drop_List_LDN_Rebrand.report
FullName/Id: Data_Team_Networks/Drop_List_LDN_Rebrand/00O610000042mtvEAA
Manageable State: unmanaged
Namespace Prefix: null
Created By (Name/Id): Kyla Paulsen/00561000002ETjXAAW
Last Modified By (Name/Id): Kyla Paulsen/00561000002ETjXAAW
************************************************************
************************************************************
FileName: reports/Data_Team_Networks/Network_Chairs.report
FullName/Id: Data_Team_Networks/Network_Chairs/00O610000042P9eEAE
Manageable State: unmanaged
Namespace Prefix: null
Created By (Name/Id): Merry Boegner/00561000001uquYAAQ
Last Modified By (Name/Id): Merry Boegner/00561000001uquYAAQ
************************************************************
************************************************************
FileName: reports/Data_Team_Networks/Technology_Network_Members_in_MENA.report
FullName/Id: Data_Team_Networks/Technology_Network_Members_in_MENA/00O61000004EVV8EAO
Manageable State: unmanaged
Namespace Prefix: null
Created By (Name/Id): Bill Rivers/00561000002Dp32AAC
Last Modified By (Name/Id): Bill Rivers/00561000002Dp32AAC
************************************************************
************************************************************
FileName: reports/Data_Team_Networks/Active_Network_Spouse_Partner.report
FullName/Id: Data_Team_Networks/Active_Network_Spouse_Partner/00O61000004E2YcEAK
Manageable State: unmanaged
Namespace Prefix: null
Created By (Name/Id): Fenix Wang/00561000003GjThAAK
Last Modified By (Name/Id): Fenix Wang/00561000003GjThAAK
************************************************************
************************************************************
FileName: reports/Data_Team_Networks/Report_for_Scott_Winstead.report
FullName/Id: Data_Team_Networks/Report_for_Scott_Winstead/00O610000049kgeEAA
Manageable State: unmanaged
Namespace Prefix: null
Created By (Name/Id): Bill Rivers/00561000002Dp32AAC
Last Modified By (Name/Id): Bill Rivers/00561000002Dp32AAC
************************************************************
************************************************************
FileName: reports/Data_Team_Networks/Arts_Entertainment_Recreation_Biz.report
FullName/Id: Data_Team_Networks/Arts_Entertainment_Recreation_Biz/00O61000004EXTxEAO
Manageable State: unmanaged
Namespace Prefix: null
Created By (Name/Id): Bill Rivers/00561000002Dp32AAC
Last Modified By (Name/Id): Bill Rivers/00561000002Dp32AAC
************************************************************
************************************************************
FileName: reports/Data_Team_Networks/NLO_Network_by_Primary_Business_Type1.report
FullName/Id: Data_Team_Networks/NLO_Network_by_Primary_Business_Type1/00O6100000438QOEAY
Manageable State: unmanaged
Namespace Prefix: null
Created By (Name/Id): Bill Rivers/00561000002Dp32AAC
Last Modified By (Name/Id): Bill Rivers/00561000002Dp32AAC
************************************************************
************************************************************
FileName: reports/Data_Team_Networks/Network_Chairs1.report
FullName/Id: Data_Team_Networks/Network_Chairs1/00O610000042ZzcEAE
Manageable State: unmanaged
Namespace Prefix: null
Created By (Name/Id): Bill Rivers/00561000002Dp32AAC
Last Modified By (Name/Id): Bill Rivers/00561000002Dp32AAC
************************************************************
************************************************************
FileName: reports/Data_Team_Networks/FY19_Officers_who_Attended_NOW_in_FY18.report
FullName/Id: Data_Team_Networks/FY19_Officers_who_Attended_NOW_in_FY18/00O610000042sHsEAI
Manageable State: unmanaged
Namespace Prefix: null
Created By (Name/Id): Bill Rivers/00561000002Dp32AAC
Last Modified By (Name/Id): Bill Rivers/00561000002Dp32AAC
************************************************************
************************************************************
FileName: reports/Data_Team_Networks/Network_Engagement_Officers1.report
FullName/Id: Data_Team_Networks/Network_Engagement_Officers1/00O61000004Dy3zEAC
Manageable State: unmanaged
Namespace Prefix: null
Created By (Name/Id): Naomi Bari/00561000002SdwnAAC
Last Modified By (Name/Id): Naomi Bari/00561000002SdwnAAC
************************************************************
************************************************************
FileName: reports/Data_Team_Networks/RNOs_Sorted_by_Region.report
FullName/Id: Data_Team_Networks/RNOs_Sorted_by_Region/00O610000042ZzXEAU
Manageable State: unmanaged
Namespace Prefix: null
Created By (Name/Id): Bill Rivers/00561000002Dp32AAC
Last Modified By (Name/Id): Bill Rivers/00561000002Dp32AAC
************************************************************
