************************************************************
FileName: reports/Issues_to_monitor/Opportunities_FY19_w_o_contact_role.report
FullName/Id: Issues_to_monitor/Opportunities_FY19_w_o_contact_role/00O610000049nMrEAI
Manageable State: unmanaged
Namespace Prefix: null
Created By (Name/Id): Lynn Phillips/00561000000JTJQAA4
Last Modified By (Name/Id): Kelli Do/00561000001PrKOAA0
************************************************************
************************************************************
FileName: reports/Issues_to_monitor/JJ_Acct_Affiliation_with_no_Chapter.report
FullName/Id: Issues_to_monitor/JJ_Acct_Affiliation_with_no_Chapter/00O610000046O7wEAE
Manageable State: unmanaged
Namespace Prefix: null
Created By (Name/Id): Lynn Phillips/00561000000JTJQAA4
Last Modified By (Name/Id): Lynn Phillips/00561000000JTJQAA4
************************************************************
************************************************************
FileName: reports/Issues_to_monitor/LPP_invoices_touched_25_April.report
FullName/Id: Issues_to_monitor/LPP_invoices_touched_25_April/00O61000001ZZjvEAG
Manageable State: unmanaged
Namespace Prefix: null
Created By (Name/Id): Lynn Phillips/00561000000JTJQAA4
Last Modified By (Name/Id): Lynn Phillips/00561000000JTJQAA4
************************************************************
************************************************************
FileName: reports/Issues_to_monitor/AALPP_Q3_members_should_be_cert_comple.report
FullName/Id: Issues_to_monitor/AALPP_Q3_members_should_be_cert_comple/00O61000004EK8cEAG
Manageable State: unmanaged
Namespace Prefix: null
Created By (Name/Id): Lynn Phillips/00561000000JTJQAA4
Last Modified By (Name/Id): Lynn Phillips/00561000000JTJQAA4
************************************************************
************************************************************
FileName: reports/Issues_to_monitor/Prospects_paid_not_Closed_Won.report
FullName/Id: Issues_to_monitor/Prospects_paid_not_Closed_Won/00O610000042kmsEAA
Manageable State: unmanaged
Namespace Prefix: null
Created By (Name/Id): Lynn Phillips/00561000000JTJQAA4
Last Modified By (Name/Id): Lynn Phillips/00561000000JTJQAA4
************************************************************
************************************************************
FileName: reports/Issues_to_monitor/Inactive_Business_account_affiliations.report
FullName/Id: Issues_to_monitor/Inactive_Business_account_affiliations/00O61000004E0OaEAK
Manageable State: unmanaged
Namespace Prefix: null
Created By (Name/Id): Lynn Phillips/00561000000JTJQAA4
Last Modified By (Name/Id): Lynn Phillips/00561000000JTJQAA4
************************************************************
************************************************************
FileName: reports/Issues_to_monitor/LPP_Opp_Contact_Account_mismatch.report
FullName/Id: Issues_to_monitor/LPP_Opp_Contact_Account_mismatch/00O61000004309mEAA
Manageable State: unmanaged
Namespace Prefix: null
Created By (Name/Id): Lynn Phillips/00561000000JTJQAA4
Last Modified By (Name/Id): Lynn Phillips/00561000000JTJQAA4
************************************************************
************************************************************
FileName: reports/Issues_to_monitor/LPP_Contact_Subscription_Acct_mismatch.report
FullName/Id: Issues_to_monitor/LPP_Contact_Subscription_Acct_mismatch/00O610000049oK3EAI
Manageable State: unmanaged
Namespace Prefix: null
Created By (Name/Id): Lynn Phillips/00561000000JTJQAA4
Last Modified By (Name/Id): Will Cravens/00561000002d4lhAAA
************************************************************
************************************************************
FileName: reports/Issues_to_monitor/Multiple_Grace_Exceptions.report
FullName/Id: Issues_to_monitor/Multiple_Grace_Exceptions/00O610000046BnpEAE
Manageable State: unmanaged
Namespace Prefix: null
Created By (Name/Id): Carol Kramer/00561000000JTJaAAO
Last Modified By (Name/Id): Lynn Phillips/00561000000JTJQAA4
************************************************************
************************************************************
FileName: reports/Issues_to_monitor/Member_Opportunities_to_Renewal_type.report
FullName/Id: Issues_to_monitor/Member_Opportunities_to_Renewal_type/00O610000049miwEAA
Manageable State: unmanaged
Namespace Prefix: null
Created By (Name/Id): Lynn Phillips/00561000000JTJQAA4
Last Modified By (Name/Id): Lynn Phillips/00561000000JTJQAA4
************************************************************
************************************************************
FileName: reports/Issues_to_monitor/CMO_and_CC_users_active.report
FullName/Id: Issues_to_monitor/CMO_and_CC_users_active/00O61000004EcrHEAS
Manageable State: unmanaged
Namespace Prefix: null
Created By (Name/Id): Lynn Phillips/00561000000JTJQAA4
Last Modified By (Name/Id): Lynn Phillips/00561000000JTJQAA4
************************************************************
************************************************************
FileName: reports/Issues_to_monitor/Opp_paid_not_closed_won.report
FullName/Id: Issues_to_monitor/Opp_paid_not_closed_won/00O610000046BQbEAM
Manageable State: unmanaged
Namespace Prefix: null
Created By (Name/Id): Lynn Phillips/00561000000JTJQAA4
Last Modified By (Name/Id): Lynn Phillips/00561000000JTJQAA4
************************************************************
************************************************************
FileName: reports/Issues_to_monitor/Opp_with_no_3rd_party_docusign.report
FullName/Id: Issues_to_monitor/Opp_with_no_3rd_party_docusign/00O61000004688DEAQ
Manageable State: unmanaged
Namespace Prefix: null
Created By (Name/Id): Lynn Phillips/00561000000JTJQAA4
Last Modified By (Name/Id): Lynn Phillips/00561000000JTJQAA4
************************************************************
************************************************************
FileName: reports/Issues_to_monitor/AALPP_Success_Trans_w_o_invoice.report
FullName/Id: Issues_to_monitor/AALPP_Success_Trans_w_o_invoice/00O61000004EEWnEAO
Manageable State: unmanaged
Namespace Prefix: null
Created By (Name/Id): Lynn Phillips/00561000000JTJQAA4
Last Modified By (Name/Id): Lynn Phillips/00561000000JTJQAA4
************************************************************
************************************************************
FileName: reports/Issues_to_monitor/LPP_Opp_FY19_w_safe_travel2.report
FullName/Id: Issues_to_monitor/LPP_Opp_FY19_w_safe_travel2/00O610000049q9qEAA
Manageable State: unmanaged
Namespace Prefix: null
Created By (Name/Id): Lynn Phillips/00561000000JTJQAA4
Last Modified By (Name/Id): Lynn Phillips/00561000000JTJQAA4
************************************************************
************************************************************
FileName: reports/Issues_to_monitor/Post_Account_Affiliations_Batch.report
FullName/Id: Issues_to_monitor/Post_Account_Affiliations_Batch/00O610000046HmJEAU
Manageable State: unmanaged
Namespace Prefix: null
Created By (Name/Id): Taylor Poppell/00561000002SlNbAAK
Last Modified By (Name/Id): Carol Kramer/00561000000JTJaAAO
************************************************************
************************************************************
FileName: reports/Issues_to_monitor/Active_CASettings_with_Inactive_Users.report
FullName/Id: Issues_to_monitor/Active_CASettings_with_Inactive_Users/00O610000046DULEA2
Manageable State: unmanaged
Namespace Prefix: null
Created By (Name/Id): Louis Nguyen/00561000001OazKAAS
Last Modified By (Name/Id): Louis Nguyen/00561000001OazKAAS
************************************************************
************************************************************
FileName: reports/Issues_to_monitor/Opp_paid_page_not_complete.report
FullName/Id: Issues_to_monitor/Opp_paid_page_not_complete/00O610000046BQlEAM
Manageable State: unmanaged
Namespace Prefix: null
Created By (Name/Id): Lynn Phillips/00561000000JTJQAA4
Last Modified By (Name/Id): Lynn Phillips/00561000000JTJQAA4
************************************************************
************************************************************
FileName: reports/Issues_to_monitor/Invoices_w_multiple_payments.report
FullName/Id: Issues_to_monitor/Invoices_w_multiple_payments/00O61000004EFh3EAG
Manageable State: unmanaged
Namespace Prefix: null
Created By (Name/Id): Lynn Phillips/00561000000JTJQAA4
Last Modified By (Name/Id): Lynn Phillips/00561000000JTJQAA4
************************************************************
************************************************************
FileName: reports/Issues_to_monitor/Short_paid_invoices.report
FullName/Id: Issues_to_monitor/Short_paid_invoices/00O610000046B2KEAU
Manageable State: unmanaged
Namespace Prefix: null
Created By (Name/Id): Lynn Phillips/00561000000JTJQAA4
Last Modified By (Name/Id): Lynn Phillips/00561000000JTJQAA4
************************************************************
************************************************************
FileName: reports/Issues_to_monitor/LPP_Prospects_with_extra_oppv2.report
FullName/Id: Issues_to_monitor/LPP_Prospects_with_extra_oppv2/00O610000042r5HEAQ
Manageable State: unmanaged
Namespace Prefix: null
Created By (Name/Id): Lynn Phillips/00561000000JTJQAA4
Last Modified By (Name/Id): Lynn Phillips/00561000000JTJQAA4
************************************************************
************************************************************
FileName: reports/Issues_to_monitor/Lifeftime_not_paid_in_full_yet.report
FullName/Id: Issues_to_monitor/Lifeftime_not_paid_in_full_yet/00O610000046Ka1EAE
Manageable State: unmanaged
Namespace Prefix: null
Created By (Name/Id): Lynn Phillips/00561000000JTJQAA4
Last Modified By (Name/Id): Lynn Phillips/00561000000JTJQAA4
************************************************************
************************************************************
FileName: reports/Issues_to_monitor/Opportunities_paid_not_closed_won.report
FullName/Id: Issues_to_monitor/Opportunities_paid_not_closed_won/00O6100000467AIEAY
Manageable State: unmanaged
Namespace Prefix: null
Created By (Name/Id): Lynn Phillips/00561000000JTJQAA4
Last Modified By (Name/Id): Lynn Phillips/00561000000JTJQAA4
************************************************************
************************************************************
FileName: reports/Issues_to_monitor/AALPP_FY_Cert_status_should_be_pending.report
FullName/Id: Issues_to_monitor/AALPP_FY_Cert_status_should_be_pending/00O61000001ZlFOEA0
Manageable State: unmanaged
Namespace Prefix: null
Created By (Name/Id): Lynn Phillips/00561000000JTJQAA4
Last Modified By (Name/Id): Lynn Phillips/00561000000JTJQAA4
************************************************************
************************************************************
FileName: reports/Issues_to_monitor/Inactive_Acct_Affiliation_w_no_End_Date2.report
FullName/Id: Issues_to_monitor/Inactive_Acct_Affiliation_w_no_End_Date2/00O610000046QrXEAU
Manageable State: unmanaged
Namespace Prefix: null
Created By (Name/Id): Lynn Phillips/00561000000JTJQAA4
Last Modified By (Name/Id): Lynn Phillips/00561000000JTJQAA4
************************************************************
************************************************************
FileName: reports/Issues_to_monitor/Contacts_without_accounts.report
FullName/Id: Issues_to_monitor/Contacts_without_accounts/00O61000001ZZIpEAO
Manageable State: unmanaged
Namespace Prefix: null
Created By (Name/Id): Lynn Phillips/00561000000JTJQAA4
Last Modified By (Name/Id): Lynn Phillips/00561000000JTJQAA4
************************************************************
************************************************************
FileName: reports/Issues_to_monitor/Lifetime_Members_w_Installments.report
FullName/Id: Issues_to_monitor/Lifetime_Members_w_Installments/00O610000040QKzEAM
Manageable State: unmanaged
Namespace Prefix: null
Created By (Name/Id): Lynn Phillips/00561000000JTJQAA4
Last Modified By (Name/Id): Lynn Phillips/00561000000JTJQAA4
************************************************************
************************************************************
FileName: reports/Issues_to_monitor/Transactions_w_o_invoices_for_Wesley.report
FullName/Id: Issues_to_monitor/Transactions_w_o_invoices_for_Wesley/00O610000046IVJEA2
Manageable State: unmanaged
Namespace Prefix: null
Created By (Name/Id): Lynn Phillips/00561000000JTJQAA4
Last Modified By (Name/Id): Lynn Phillips/00561000000JTJQAA4
************************************************************
************************************************************
FileName: reports/Issues_to_monitor/Opp_closed_won_but_did_not_transition.report
FullName/Id: Issues_to_monitor/Opp_closed_won_but_did_not_transition/00O610000046EnJEAU
Manageable State: unmanaged
Namespace Prefix: null
Created By (Name/Id): Lynn Phillips/00561000000JTJQAA4
Last Modified By (Name/Id): Lynn Phillips/00561000000JTJQAA4
************************************************************
************************************************************
FileName: reports/Issues_to_monitor/FY19_Opp_with_Q4_date_set.report
FullName/Id: Issues_to_monitor/FY19_Opp_with_Q4_date_set/00O610000049oAcEAI
Manageable State: unmanaged
Namespace Prefix: null
Created By (Name/Id): Lynn Phillips/00561000000JTJQAA4
Last Modified By (Name/Id): Lynn Phillips/00561000000JTJQAA4
************************************************************
************************************************************
FileName: reports/Issues_to_monitor/JOYCE_Members_who_should_be_transition.report
FullName/Id: Issues_to_monitor/JOYCE_Members_who_should_be_transition/00O610000046LnuEAE
Manageable State: unmanaged
Namespace Prefix: null
Created By (Name/Id): Carol Kramer/00561000000JTJaAAO
Last Modified By (Name/Id): Lynn Phillips/00561000000JTJQAA4
************************************************************
************************************************************
FileName: reports/Issues_to_monitor/JOYCE_Transfer_Affiliations.report
FullName/Id: Issues_to_monitor/JOYCE_Transfer_Affiliations/00O610000046FiFEAU
Manageable State: unmanaged
Namespace Prefix: null
Created By (Name/Id): Carol Kramer/00561000000JTJaAAO
Last Modified By (Name/Id): Lynn Phillips/00561000000JTJQAA4
************************************************************
************************************************************
FileName: reports/Issues_to_monitor/Opp_invalid_with_FY19_in_name.report
FullName/Id: Issues_to_monitor/Opp_invalid_with_FY19_in_name/00O610000046Gl1EAE
Manageable State: unmanaged
Namespace Prefix: null
Created By (Name/Id): Lynn Phillips/00561000000JTJQAA4
Last Modified By (Name/Id): Lynn Phillips/00561000000JTJQAA4
************************************************************
************************************************************
FileName: reports/Issues_to_monitor/Grace_Appd_and_Cert_Status_NE_Complete.report
FullName/Id: Issues_to_monitor/Grace_Appd_and_Cert_Status_NE_Complete/00O610000046DBsEAM
Manageable State: unmanaged
Namespace Prefix: null
Created By (Name/Id): Carol Kramer/00561000000JTJaAAO
Last Modified By (Name/Id): Lynn Phillips/00561000000JTJQAA4
************************************************************
************************************************************
FileName: reports/Issues_to_monitor/Members_with_invalid_transition_status.report
FullName/Id: Issues_to_monitor/Members_with_invalid_transition_status/00O6100000435hCEAQ
Manageable State: unmanaged
Namespace Prefix: null
Created By (Name/Id): Lynn Phillips/00561000000JTJQAA4
Last Modified By (Name/Id): Lynn Phillips/00561000000JTJQAA4
************************************************************
************************************************************
FileName: reports/Issues_to_monitor/Pre_Account_Affiliations_Batch.report
FullName/Id: Issues_to_monitor/Pre_Account_Affiliations_Batch/00O610000046HmKEAU
Manageable State: unmanaged
Namespace Prefix: null
Created By (Name/Id): Taylor Poppell/00561000002SlNbAAK
Last Modified By (Name/Id): Carol Kramer/00561000000JTJaAAO
************************************************************
************************************************************
FileName: reports/Issues_to_monitor/Closed_Lost_Opp_w_open_invoice.report
FullName/Id: Issues_to_monitor/Closed_Lost_Opp_w_open_invoice/00O61000004DzdPEAS
Manageable State: unmanaged
Namespace Prefix: null
Created By (Name/Id): Lynn Phillips/00561000000JTJQAA4
Last Modified By (Name/Id): Lynn Phillips/00561000000JTJQAA4
************************************************************
************************************************************
FileName: reports/Issues_to_monitor/Wall_of_Shame_by_Lic_Type.report
FullName/Id: Issues_to_monitor/Wall_of_Shame_by_Lic_Type/00O610000042xZ3EAI
Manageable State: unmanaged
Namespace Prefix: null
Created By (Name/Id): Lynn Phillips/00561000000JTJQAA4
Last Modified By (Name/Id): Lynn Phillips/00561000000JTJQAA4
************************************************************
************************************************************
FileName: reports/Issues_to_monitor/LPP_Members_with_extra_oppv3.report
FullName/Id: Issues_to_monitor/LPP_Members_with_extra_oppv3/00O610000042riOEAQ
Manageable State: unmanaged
Namespace Prefix: null
Created By (Name/Id): Lynn Phillips/00561000000JTJQAA4
Last Modified By (Name/Id): Lynn Phillips/00561000000JTJQAA4
************************************************************
************************************************************
FileName: reports/Issues_to_monitor/Opportunities_w_or_w_o_invoices.report
FullName/Id: Issues_to_monitor/Opportunities_w_or_w_o_invoices/00O6100000465v2EAA
Manageable State: unmanaged
Namespace Prefix: null
Created By (Name/Id): Lynn Phillips/00561000000JTJQAA4
Last Modified By (Name/Id): Lynn Phillips/00561000000JTJQAA4
************************************************************
************************************************************
FileName: reports/Issues_to_monitor/Chapter_Health_Batch_Report.report
FullName/Id: Issues_to_monitor/Chapter_Health_Batch_Report/00O61000004678REAQ
Manageable State: unmanaged
Namespace Prefix: null
Created By (Name/Id): Lynn Phillips/00561000000JTJQAA4
Last Modified By (Name/Id): Lynn Phillips/00561000000JTJQAA4
************************************************************
************************************************************
FileName: reports/Issues_to_monitor/LPP_Opp_FY19_w_products.report
FullName/Id: Issues_to_monitor/LPP_Opp_FY19_w_products/00O610000049q9bEAA
Manageable State: unmanaged
Namespace Prefix: null
Created By (Name/Id): Lynn Phillips/00561000000JTJQAA4
Last Modified By (Name/Id): Lynn Phillips/00561000000JTJQAA4
************************************************************
************************************************************
FileName: reports/Issues_to_monitor/Transactions_w_o_Invoices.report
FullName/Id: Issues_to_monitor/Transactions_w_o_Invoices/00O610000046913EAA
Manageable State: unmanaged
Namespace Prefix: null
Created By (Name/Id): Lynn Phillips/00561000000JTJQAA4
Last Modified By (Name/Id): Lynn Phillips/00561000000JTJQAA4
************************************************************
************************************************************
FileName: reports/Issues_to_monitor/MTM_Department_Title_list.report
FullName/Id: Issues_to_monitor/MTM_Department_Title_list/00O61000004ER0fEAG
Manageable State: unmanaged
Namespace Prefix: null
Created By (Name/Id): Lynn Phillips/00561000000JTJQAA4
Last Modified By (Name/Id): Lynn Phillips/00561000000JTJQAA4
************************************************************
************************************************************
FileName: reports/Issues_to_monitor/members_who.report
FullName/Id: Issues_to_monitor/members_who/00O610000046KLkEAM
Manageable State: unmanaged
Namespace Prefix: null
Created By (Name/Id): Lynn Phillips/00561000000JTJQAA4
Last Modified By (Name/Id): Lynn Phillips/00561000000JTJQAA4
************************************************************
************************************************************
FileName: reports/Issues_to_monitor/FY19_Populate_Opp_Company_Addr.report
FullName/Id: Issues_to_monitor/FY19_Populate_Opp_Company_Addr/00O610000049pU9EAI
Manageable State: unmanaged
Namespace Prefix: null
Created By (Name/Id): Lynn Phillips/00561000000JTJQAA4
Last Modified By (Name/Id): Lynn Phillips/00561000000JTJQAA4
************************************************************
************************************************************
FileName: reports/Issues_to_monitor/Set_Products_Status_by_Ty_details.report
FullName/Id: Issues_to_monitor/Set_Products_Status_by_Ty_details/00O610000049q8iEAA
Manageable State: unmanaged
Namespace Prefix: null
Created By (Name/Id): Lynn Phillips/00561000000JTJQAA4
Last Modified By (Name/Id): Lynn Phillips/00561000000JTJQAA4
************************************************************
************************************************************
FileName: reports/Issues_to_monitor/FY19_Missing_Certification_Info.report
FullName/Id: Issues_to_monitor/FY19_Missing_Certification_Info/00O61000001Zb00EAC
Manageable State: unmanaged
Namespace Prefix: null
Created By (Name/Id): Cheryl Willman/00561000002bZFIAA2
Last Modified By (Name/Id): Cheryl Willman/00561000002bZFIAA2
************************************************************
************************************************************
FileName: reports/Issues_to_monitor/Tier_1_Balance_Opportunities.report
FullName/Id: Issues_to_monitor/Tier_1_Balance_Opportunities/00O61000004ESv3EAG
Manageable State: unmanaged
Namespace Prefix: null
Created By (Name/Id): Lynn Phillips/00561000000JTJQAA4
Last Modified By (Name/Id): Lynn Phillips/00561000000JTJQAA4
************************************************************
************************************************************
FileName: reports/Issues_to_monitor/Prospect_Chapter_Approval_not_updated2.report
FullName/Id: Issues_to_monitor/Prospect_Chapter_Approval_not_updated2/00O6100000466kPEAQ
Manageable State: unmanaged
Namespace Prefix: null
Created By (Name/Id): Lynn Phillips/00561000000JTJQAA4
Last Modified By (Name/Id): Lynn Phillips/00561000000JTJQAA4
************************************************************
************************************************************
FileName: reports/Issues_to_monitor/LPP_Lifetime_Opportunities_w_products.report
FullName/Id: Issues_to_monitor/LPP_Lifetime_Opportunities_w_products/00O61000004339gEAA
Manageable State: unmanaged
Namespace Prefix: null
Created By (Name/Id): Lynn Phillips/00561000000JTJQAA4
Last Modified By (Name/Id): Lynn Phillips/00561000000JTJQAA4
************************************************************
************************************************************
FileName: reports/Issues_to_monitor/Reinstatements_who_need_new_opp.report
FullName/Id: Issues_to_monitor/Reinstatements_who_need_new_opp/00O610000049mhjEAA
Manageable State: unmanaged
Namespace Prefix: null
Created By (Name/Id): Lynn Phillips/00561000000JTJQAA4
Last Modified By (Name/Id): Lynn Phillips/00561000000JTJQAA4
************************************************************
************************************************************
FileName: reports/Issues_to_monitor/LPP_Lifetime_product_data_load_FY19_dups.report
FullName/Id: Issues_to_monitor/LPP_Lifetime_product_data_load_FY19_dups/00O6100000434W7EAI
Manageable State: unmanaged
Namespace Prefix: null
Created By (Name/Id): Lynn Phillips/00561000000JTJQAA4
Last Modified By (Name/Id): Lynn Phillips/00561000000JTJQAA4
************************************************************
************************************************************
FileName: reports/Issues_to_monitor/Transactions_with_no_Opp2.report
FullName/Id: Issues_to_monitor/Transactions_with_no_Opp2/00O6100000466TiEAI
Manageable State: unmanaged
Namespace Prefix: null
Created By (Name/Id): Lynn Phillips/00561000000JTJQAA4
Last Modified By (Name/Id): Lynn Phillips/00561000000JTJQAA4
************************************************************
************************************************************
FileName: reports/Issues_to_monitor/CMOs_and_CCs_Current.report
FullName/Id: Issues_to_monitor/CMOs_and_CCs_Current/00O61000004EcmgEAC
Manageable State: unmanaged
Namespace Prefix: null
Created By (Name/Id): Lynn Phillips/00561000000JTJQAA4
Last Modified By (Name/Id): Kelli Do/00561000001PrKOAA0
************************************************************
************************************************************
FileName: reports/Issues_to_monitor/Open_Invoices_on_Closed_Opportunities2.report
FullName/Id: Issues_to_monitor/Open_Invoices_on_Closed_Opportunities2/00O6100000466TEEAY
Manageable State: unmanaged
Namespace Prefix: null
Created By (Name/Id): Lynn Phillips/00561000000JTJQAA4
Last Modified By (Name/Id): Lynn Phillips/00561000000JTJQAA4
************************************************************
************************************************************
FileName: reports/Issues_to_monitor/Mbrs_not_renewed_Early_Elig_Trans.report
FullName/Id: Issues_to_monitor/Mbrs_not_renewed_Early_Elig_Trans/00O610000046KLzEAM
Manageable State: unmanaged
Namespace Prefix: null
Created By (Name/Id): Lynn Phillips/00561000000JTJQAA4
Last Modified By (Name/Id): Lynn Phillips/00561000000JTJQAA4
************************************************************
************************************************************
FileName: reports/Issues_to_monitor/Opp_Payment_Rcvd_Pending_not_Certified.report
FullName/Id: Issues_to_monitor/Opp_Payment_Rcvd_Pending_not_Certified/00O610000046AcqEAE
Manageable State: unmanaged
Namespace Prefix: null
Created By (Name/Id): Lynn Phillips/00561000000JTJQAA4
Last Modified By (Name/Id): Lynn Phillips/00561000000JTJQAA4
************************************************************
************************************************************
FileName: reports/Issues_to_monitor/Reinstatement_opp_bad_join_date.report
FullName/Id: Issues_to_monitor/Reinstatement_opp_bad_join_date/00O61000004EI4EEAW
Manageable State: unmanaged
Namespace Prefix: null
Created By (Name/Id): Lynn Phillips/00561000000JTJQAA4
Last Modified By (Name/Id): Lynn Phillips/00561000000JTJQAA4
************************************************************
************************************************************
FileName: reports/Issues_to_monitor/LPP_Transitions_Not_Approved.report
FullName/Id: Issues_to_monitor/LPP_Transitions_Not_Approved/00O610000046HiCEAU
Manageable State: unmanaged
Namespace Prefix: null
Created By (Name/Id): Carol Kramer/00561000000JTJaAAO
Last Modified By (Name/Id): Lynn Phillips/00561000000JTJQAA4
************************************************************
************************************************************
FileName: reports/Issues_to_monitor/Lifetime_needs_to_mark_complete.report
FullName/Id: Issues_to_monitor/Lifetime_needs_to_mark_complete/00O610000046BQHEA2
Manageable State: unmanaged
Namespace Prefix: null
Created By (Name/Id): Lynn Phillips/00561000000JTJQAA4
Last Modified By (Name/Id): Lynn Phillips/00561000000JTJQAA4
************************************************************
************************************************************
FileName: reports/Issues_to_monitor/FY19_Opp_in_progress.report
FullName/Id: Issues_to_monitor/FY19_Opp_in_progress/00O61000004E31yEAC
Manageable State: unmanaged
Namespace Prefix: null
Created By (Name/Id): Lynn Phillips/00561000000JTJQAA4
Last Modified By (Name/Id): Lynn Phillips/00561000000JTJQAA4
************************************************************
************************************************************
FileName: reports/Issues_to_monitor/Grace_Exceptions_awaiting_Chapter_Approv.report
FullName/Id: Issues_to_monitor/Grace_Exceptions_awaiting_Chapter_Approv/00O610000046A52EAE
Manageable State: unmanaged
Namespace Prefix: null
Created By (Name/Id): Lynn Phillips/00561000000JTJQAA4
Last Modified By (Name/Id): Lynn Phillips/00561000000JTJQAA4
************************************************************
************************************************************
FileName: reports/Issues_to_monitor/Old_outstanding_3rd_party_docusign.report
FullName/Id: Issues_to_monitor/Old_outstanding_3rd_party_docusign/00O610000046BMeEAM
Manageable State: unmanaged
Namespace Prefix: null
Created By (Name/Id): Lynn Phillips/00561000000JTJQAA4
Last Modified By (Name/Id): Lynn Phillips/00561000000JTJQAA4
************************************************************
************************************************************
FileName: reports/Issues_to_monitor/Summary_of_Unapplied_Unidentified.report
FullName/Id: Issues_to_monitor/Summary_of_Unapplied_Unidentified/00O610000049sDfEAI
Manageable State: unmanaged
Namespace Prefix: null
Created By (Name/Id): Lynn Phillips/00561000000JTJQAA4
Last Modified By (Name/Id): Lynn Phillips/00561000000JTJQAA4
************************************************************
************************************************************
FileName: reports/Issues_to_monitor/JJ_Account_Affiliation_Chapter_mismatc.report
FullName/Id: Issues_to_monitor/JJ_Account_Affiliation_Chapter_mismatc/00O610000046O7cEAE
Manageable State: unmanaged
Namespace Prefix: null
Created By (Name/Id): Lynn Phillips/00561000000JTJQAA4
Last Modified By (Name/Id): Lynn Phillips/00561000000JTJQAA4
************************************************************
************************************************************
FileName: reports/Issues_to_monitor/Members_w_o_qualifying_info.report
FullName/Id: Issues_to_monitor/Members_w_o_qualifying_info/00O61000001ZaxLEAS
Manageable State: unmanaged
Namespace Prefix: null
Created By (Name/Id): Lynn Phillips/00561000000JTJQAA4
Last Modified By (Name/Id): Lynn Phillips/00561000000JTJQAA4
************************************************************
************************************************************
FileName: reports/Issues_to_monitor/AALPP_Opp_payment_received_not_flippin.report
FullName/Id: Issues_to_monitor/AALPP_Opp_payment_received_not_flippin/00O61000004E2MlEAK
Manageable State: unmanaged
Namespace Prefix: null
Created By (Name/Id): Lynn Phillips/00561000000JTJQAA4
Last Modified By (Name/Id): Lynn Phillips/00561000000JTJQAA4
************************************************************
************************************************************
FileName: reports/Issues_to_monitor/LPP_Lifetime_product_data_load_FY19.report
FullName/Id: Issues_to_monitor/LPP_Lifetime_product_data_load_FY19/00O61000004337pEAA
Manageable State: unmanaged
Namespace Prefix: null
Created By (Name/Id): Lynn Phillips/00561000000JTJQAA4
Last Modified By (Name/Id): Lynn Phillips/00561000000JTJQAA4
************************************************************
************************************************************
FileName: reports/Issues_to_monitor/SARAH_Lead_Approval.report
FullName/Id: Issues_to_monitor/SARAH_Lead_Approval/00O610000046LrhEAE
Manageable State: unmanaged
Namespace Prefix: null
Created By (Name/Id): Carol Kramer/00561000000JTJaAAO
Last Modified By (Name/Id): Carol Kramer/00561000000JTJaAAO
************************************************************
************************************************************
FileName: reports/Issues_to_monitor/Opp_certified_page_not_complete.report
FullName/Id: Issues_to_monitor/Opp_certified_page_not_complete/00O610000046BQgEAM
Manageable State: unmanaged
Namespace Prefix: null
Created By (Name/Id): Lynn Phillips/00561000000JTJQAA4
Last Modified By (Name/Id): Lynn Phillips/00561000000JTJQAA4
************************************************************
************************************************************
FileName: reports/Issues_to_monitor/Lifetime_who_don_t_need_to_certify.report
FullName/Id: Issues_to_monitor/Lifetime_who_don_t_need_to_certify/00O610000046JOYEA2
Manageable State: unmanaged
Namespace Prefix: null
Created By (Name/Id): Lynn Phillips/00561000000JTJQAA4
Last Modified By (Name/Id): Lynn Phillips/00561000000JTJQAA4
************************************************************
************************************************************
FileName: reports/Issues_to_monitor/LPP_FY19_Opp_Lifetime.report
FullName/Id: Issues_to_monitor/LPP_FY19_Opp_Lifetime/00O610000049qEvEAI
Manageable State: unmanaged
Namespace Prefix: null
Created By (Name/Id): Lynn Phillips/00561000000JTJQAA4
Last Modified By (Name/Id): Lynn Phillips/00561000000JTJQAA4
************************************************************
************************************************************
FileName: reports/Issues_to_monitor/Opportunities_w_o_primary_contact_role.report
FullName/Id: Issues_to_monitor/Opportunities_w_o_primary_contact_role/00O61000004E3EOEA0
Manageable State: unmanaged
Namespace Prefix: null
Created By (Name/Id): Lynn Phillips/00561000000JTJQAA4
Last Modified By (Name/Id): Kelli Do/00561000001PrKOAA0
************************************************************
************************************************************
FileName: reports/Issues_to_monitor/Members_w_o_Address_1.report
FullName/Id: Issues_to_monitor/Members_w_o_Address_1/00O61000004EKUiEAO
Manageable State: unmanaged
Namespace Prefix: null
Created By (Name/Id): Lynn Phillips/00561000000JTJQAA4
Last Modified By (Name/Id): Lynn Phillips/00561000000JTJQAA4
************************************************************
************************************************************
FileName: reports/Issues_to_monitor/AALPP_FY18_Opp_Closed_Won.report
FullName/Id: Issues_to_monitor/AALPP_FY18_Opp_Closed_Won/00O61000004E36eEAC
Manageable State: unmanaged
Namespace Prefix: null
Created By (Name/Id): Lynn Phillips/00561000000JTJQAA4
Last Modified By (Name/Id): Lynn Phillips/00561000000JTJQAA4
************************************************************
************************************************************
FileName: reports/Issues_to_monitor/Lifetime_who_need_to_certifiy.report
FullName/Id: Issues_to_monitor/Lifetime_who_need_to_certifiy/00O610000046JKvEAM
Manageable State: unmanaged
Namespace Prefix: null
Created By (Name/Id): Lynn Phillips/00561000000JTJQAA4
Last Modified By (Name/Id): Lynn Phillips/00561000000JTJQAA4
************************************************************
************************************************************
FileName: reports/Issues_to_monitor/YPO_Gold_w_incomplete_Cert.report
FullName/Id: Issues_to_monitor/YPO_Gold_w_incomplete_Cert/00O61000004697aEAA
Manageable State: unmanaged
Namespace Prefix: null
Created By (Name/Id): Lynn Phillips/00561000000JTJQAA4
Last Modified By (Name/Id): Lynn Phillips/00561000000JTJQAA4
************************************************************
************************************************************
FileName: reports/Issues_to_monitor/Future_invoices.report
FullName/Id: Issues_to_monitor/Future_invoices/00O610000046HHzEAM
Manageable State: unmanaged
Namespace Prefix: null
Created By (Name/Id): Lynn Phillips/00561000000JTJQAA4
Last Modified By (Name/Id): Lynn Phillips/00561000000JTJQAA4
************************************************************
************************************************************
FileName: reports/Issues_to_monitor/Transactions_applied_FY17_Opp.report
FullName/Id: Issues_to_monitor/Transactions_applied_FY17_Opp/00O610000042Nk4EAE
Manageable State: unmanaged
Namespace Prefix: null
Created By (Name/Id): Lynn Phillips/00561000000JTJQAA4
Last Modified By (Name/Id): Lynn Phillips/00561000000JTJQAA4
************************************************************
************************************************************
FileName: reports/Issues_to_monitor/AALPP_Gold_Cert_Stat_should_be_pending.report
FullName/Id: Issues_to_monitor/AALPP_Gold_Cert_Stat_should_be_pending/00O61000004EKBREA4
Manageable State: unmanaged
Namespace Prefix: null
Created By (Name/Id): Lynn Phillips/00561000000JTJQAA4
Last Modified By (Name/Id): Lynn Phillips/00561000000JTJQAA4
************************************************************
************************************************************
FileName: reports/Issues_to_monitor/LPP_Transactions_touched_24_April.report
FullName/Id: Issues_to_monitor/LPP_Transactions_touched_24_April/00O61000001ZZl3EAG
Manageable State: unmanaged
Namespace Prefix: null
Created By (Name/Id): Lynn Phillips/00561000000JTJQAA4
Last Modified By (Name/Id): Lynn Phillips/00561000000JTJQAA4
************************************************************
