************************************************************
FileName: dashboards/YPO_Prospects/YPO_Prospect_Pacific_US_DB.dashboard
FullName/Id: YPO_Prospects/YPO_Prospect_Pacific_US_DB/01Z61000000U7StEAK
Manageable State: unmanaged
Namespace Prefix: null
Created By (Name/Id): Jordan Marsillo/00561000003GV5gAAG
Last Modified By (Name/Id): Jordan Marsillo/00561000003GV5gAAG
************************************************************
************************************************************
FileName: dashboards/YPO_Prospects/Leads_Dashboard.dashboard
FullName/Id: YPO_Prospects/Leads_Dashboard/01Z61000000OGr9EAG
Manageable State: unmanaged
Namespace Prefix: null
Created By (Name/Id): Kelli Do/00561000001PrKOAA0
Last Modified By (Name/Id): Kelli Do/00561000001PrKOAA0
************************************************************
************************************************************
FileName: dashboards/YPO_Prospects/YPO_Prospect_Dashboard.dashboard
FullName/Id: YPO_Prospects/YPO_Prospect_Dashboard/01Z61000000OIZ5EAO
Manageable State: unmanaged
Namespace Prefix: null
Created By (Name/Id): Thomas Cook/00561000002EIpGAAW
Last Modified By (Name/Id): Thomas Cook/00561000002EIpGAAW
************************************************************
************************************************************
FileName: dashboards/YPO_Prospects/Lead_Dashboard_Justin_Senato.dashboard
FullName/Id: YPO_Prospects/Lead_Dashboard_Justin_Senato/01Z61000000OGrEEAW
Manageable State: unmanaged
Namespace Prefix: null
Created By (Name/Id): Kelli Do/00561000001PrKOAA0
Last Modified By (Name/Id): Kelli Do/00561000001PrKOAA0
************************************************************
************************************************************
FileName: dashboards/YPO_Prospects/APAC_YPO_Prospects.dashboard
FullName/Id: YPO_Prospects/APAC_YPO_Prospects/01Z61000000U7SeEAK
Manageable State: unmanaged
Namespace Prefix: null
Created By (Name/Id): Avanna Tan/00561000003GYQ3AAO
Last Modified By (Name/Id): Avanna Tan/00561000003GYQ3AAO
************************************************************
************************************************************
FileName: dashboards/YPO_Prospects/C_E_S_Prospect_Dashboard.dashboard
FullName/Id: YPO_Prospects/C_E_S_Prospect_Dashboard/01Z61000000hgCEEAY
Manageable State: unmanaged
Namespace Prefix: null
Created By (Name/Id): Lauren Lesch/00561000002Dp00AAC
Last Modified By (Name/Id): Lauren Lesch/00561000002Dp00AAC
************************************************************
************************************************************
FileName: dashboards/YPO_Prospects/Prospects.dashboard
FullName/Id: YPO_Prospects/Prospects/01Z610000006wkOEAQ
Manageable State: unmanaged
Namespace Prefix: null
Created By (Name/Id): Kelli Do/00561000001PrKOAA0
Last Modified By (Name/Id): Kelli Do/00561000001PrKOAA0
************************************************************
