************************************************************
FileName: reports/Renewals_FY18_Reports/Chapter_Dues_Collected_by_YPO.report
FullName/Id: Renewals_FY18_Reports/Chapter_Dues_Collected_by_YPO/00O61000003nY27EAE
Manageable State: unmanaged
Namespace Prefix: null
Created By (Name/Id): Lynn Phillips/00561000000JTJQAA4
Last Modified By (Name/Id): Lynn Phillips/00561000000JTJQAA4
************************************************************
************************************************************
FileName: reports/Renewals_FY18_Reports/Members_on_Grace_FY17x.report
FullName/Id: Renewals_FY18_Reports/Members_on_Grace_FY17x/00O61000003nXuDEAU
Manageable State: unmanaged
Namespace Prefix: null
Created By (Name/Id): Lynn Phillips/00561000000JTJQAA4
Last Modified By (Name/Id): Lynn Phillips/00561000000JTJQAA4
************************************************************
************************************************************
FileName: reports/Renewals_FY18_Reports/Members_Requesting_Grace_Next_Fiscal_Yea.report
FullName/Id: Renewals_FY18_Reports/Members_Requesting_Grace_Next_Fiscal_Yea/00O61000003nY0pEAE
Manageable State: unmanaged
Namespace Prefix: null
Created By (Name/Id): Lynn Phillips/00561000000JTJQAA4
Last Modified By (Name/Id): Lynn Phillips/00561000000JTJQAA4
************************************************************
************************************************************
FileName: reports/Renewals_FY18_Reports/Members_Not_Renewed.report
FullName/Id: Renewals_FY18_Reports/Members_Not_Renewed/00O61000003nY1OEAU
Manageable State: unmanaged
Namespace Prefix: null
Created By (Name/Id): Lynn Phillips/00561000000JTJQAA4
Last Modified By (Name/Id): Kelli Do/00561000001PrKOAA0
************************************************************
************************************************************
FileName: reports/Renewals_FY18_Reports/Chapter_Dues_Collected_by_Chapter.report
FullName/Id: Renewals_FY18_Reports/Chapter_Dues_Collected_by_Chapter/00O61000003nY2HEAU
Manageable State: unmanaged
Namespace Prefix: null
Created By (Name/Id): Lynn Phillips/00561000000JTJQAA4
Last Modified By (Name/Id): Lynn Phillips/00561000000JTJQAA4
************************************************************
************************************************************
FileName: reports/Renewals_FY18_Reports/Renewals_Setupx.report
FullName/Id: Renewals_FY18_Reports/Renewals_Setupx/00O61000003nXw4EAE
Manageable State: unmanaged
Namespace Prefix: null
Created By (Name/Id): Lynn Phillips/00561000000JTJQAA4
Last Modified By (Name/Id): Kelli Do/00561000001PrKOAA0
************************************************************
************************************************************
FileName: reports/Renewals_FY18_Reports/Renewals_Projection_Report.report
FullName/Id: Renewals_FY18_Reports/Renewals_Projection_Report/00O61000003nY19EAE
Manageable State: unmanaged
Namespace Prefix: null
Created By (Name/Id): Lynn Phillips/00561000000JTJQAA4
Last Modified By (Name/Id): Kelli Do/00561000001PrKOAA0
************************************************************
