************************************************************
FileName: email/FingerTip__Decision_Email_Templates/FingerTip__Email_Template_for_decision_approval_v4.email
FullName/Id: FingerTip__Decision_Email_Templates/FingerTip__Email_Template_for_decision_approval_v4/00X61000000MtQIEA0
Manageable State: installed
Namespace Prefix: FingerTip
Created By (Name/Id): Joe Aho/00561000002SXOVAA4
Last Modified By (Name/Id): Joe Aho/00561000002SXOVAA4
************************************************************
************************************************************
FileName: email/FingerTip__Decision_Email_Templates/FingerTip__Stance_After_DueDate.email
FullName/Id: FingerTip__Decision_Email_Templates/FingerTip__Stance_After_DueDate/00X61000000MtQLEA0
Manageable State: installed
Namespace Prefix: FingerTip
Created By (Name/Id): Joe Aho/00561000002SXOVAA4
Last Modified By (Name/Id): Joe Aho/00561000002SXOVAA4
************************************************************
************************************************************
FileName: email/FingerTip__Decision_Email_Templates/FingerTip__Email_Template_for_Suggestion_appr_v4.email
FullName/Id: FingerTip__Decision_Email_Templates/FingerTip__Email_Template_for_Suggestion_appr_v4/00X61000000MtQHEA0
Manageable State: installed
Namespace Prefix: FingerTip
Created By (Name/Id): Joe Aho/00561000002SXOVAA4
Last Modified By (Name/Id): Joe Aho/00561000002SXOVAA4
************************************************************
************************************************************
FileName: email/FingerTip__Decision_Email_Templates/FingerTip__Email_template_for_role_acceptance_v4.email
FullName/Id: FingerTip__Decision_Email_Templates/FingerTip__Email_template_for_role_acceptance_v4/00X61000000MtQKEA0
Manageable State: installed
Namespace Prefix: FingerTip
Created By (Name/Id): Joe Aho/00561000002SXOVAA4
Last Modified By (Name/Id): Joe Aho/00561000002SXOVAA4
************************************************************
************************************************************
FileName: email/FingerTip__Decision_Email_Templates/FingerTip__Email_Template_for_stance_approval_v4.email
FullName/Id: FingerTip__Decision_Email_Templates/FingerTip__Email_Template_for_stance_approval_v4/00X61000000MtQJEA0
Manageable State: installed
Namespace Prefix: FingerTip
Created By (Name/Id): Joe Aho/00561000002SXOVAA4
Last Modified By (Name/Id): Joe Aho/00561000002SXOVAA4
************************************************************
