************************************************************
FileName: reports/ffrr_exa__Revenue_Recognition_Reports/ffrr_exa__Revenue_Recognition_Trans_In_Progress.report
FullName/Id: ffrr_exa__Revenue_Recognition_Reports/ffrr_exa__Revenue_Recognition_Trans_In_Progress/00O610000042znUEAQ
Manageable State: installed
Namespace Prefix: ffrr_exa
Created By (Name/Id): TEMPORARY FF Onboarding Login/00561000002zrVwAAI
Last Modified By (Name/Id): TEMPORARY FF Onboarding Login/00561000002zrVwAAI
************************************************************
************************************************************
FileName: reports/ffrr_exa__Revenue_Recognition_Reports/ffrr_exa__RevenueRecognition_By_Account.report
FullName/Id: ffrr_exa__Revenue_Recognition_Reports/ffrr_exa__RevenueRecognition_By_Account/00O610000042znNEAQ
Manageable State: installed
Namespace Prefix: ffrr_exa
Created By (Name/Id): TEMPORARY FF Onboarding Login/00561000002zrVwAAI
Last Modified By (Name/Id): TEMPORARY FF Onboarding Login/00561000002zrVwAAI
************************************************************
************************************************************
FileName: reports/ffrr_exa__Revenue_Recognition_Reports/ffrr_exa__Revenue_Recognition_Summary.report
FullName/Id: ffrr_exa__Revenue_Recognition_Reports/ffrr_exa__Revenue_Recognition_Summary/00O610000042znREAQ
Manageable State: installed
Namespace Prefix: ffrr_exa
Created By (Name/Id): TEMPORARY FF Onboarding Login/00561000002zrVwAAI
Last Modified By (Name/Id): TEMPORARY FF Onboarding Login/00561000002zrVwAAI
************************************************************
************************************************************
FileName: reports/ffrr_exa__Revenue_Recognition_Reports/ffrr_exa__RevenueRecognitionSummaryCreditNotes.report
FullName/Id: ffrr_exa__Revenue_Recognition_Reports/ffrr_exa__RevenueRecognitionSummaryCreditNotes/00O610000042znMEAQ
Manageable State: installed
Namespace Prefix: ffrr_exa
Created By (Name/Id): TEMPORARY FF Onboarding Login/00561000002zrVwAAI
Last Modified By (Name/Id): TEMPORARY FF Onboarding Login/00561000002zrVwAAI
************************************************************
************************************************************
FileName: reports/ffrr_exa__Revenue_Recognition_Reports/ffrr_exa__ReveneuRecognitionByDimension4.report
FullName/Id: ffrr_exa__Revenue_Recognition_Reports/ffrr_exa__ReveneuRecognitionByDimension4/00O610000042znKEAQ
Manageable State: installed
Namespace Prefix: ffrr_exa
Created By (Name/Id): TEMPORARY FF Onboarding Login/00561000002zrVwAAI
Last Modified By (Name/Id): TEMPORARY FF Onboarding Login/00561000002zrVwAAI
************************************************************
************************************************************
FileName: reports/ffrr_exa__Revenue_Recognition_Reports/ffrr_exa__Revenue_Recognition_Amended_Values.report
FullName/Id: ffrr_exa__Revenue_Recognition_Reports/ffrr_exa__Revenue_Recognition_Amended_Values/00O610000042znOEAQ
Manageable State: installed
Namespace Prefix: ffrr_exa
Created By (Name/Id): TEMPORARY FF Onboarding Login/00561000002zrVwAAI
Last Modified By (Name/Id): TEMPORARY FF Onboarding Login/00561000002zrVwAAI
************************************************************
************************************************************
FileName: reports/ffrr_exa__Revenue_Recognition_Reports/ffrr_exa__Revenue_Recognition_By_Dimension_2.report
FullName/Id: ffrr_exa__Revenue_Recognition_Reports/ffrr_exa__Revenue_Recognition_By_Dimension_2/00O610000042znQEAQ
Manageable State: installed
Namespace Prefix: ffrr_exa
Created By (Name/Id): TEMPORARY FF Onboarding Login/00561000002zrVwAAI
Last Modified By (Name/Id): TEMPORARY FF Onboarding Login/00561000002zrVwAAI
************************************************************
************************************************************
FileName: reports/ffrr_exa__Revenue_Recognition_Reports/ffrr_exa__Revenue_Recognition_By_Dimension_1.report
FullName/Id: ffrr_exa__Revenue_Recognition_Reports/ffrr_exa__Revenue_Recognition_By_Dimension_1/00O610000042znPEAQ
Manageable State: installed
Namespace Prefix: ffrr_exa
Created By (Name/Id): TEMPORARY FF Onboarding Login/00561000002zrVwAAI
Last Modified By (Name/Id): TEMPORARY FF Onboarding Login/00561000002zrVwAAI
************************************************************
************************************************************
FileName: reports/ffrr_exa__Revenue_Recognition_Reports/ffrr_exa__Revenue_Recognition_Trans_All.report
FullName/Id: ffrr_exa__Revenue_Recognition_Reports/ffrr_exa__Revenue_Recognition_Trans_All/00O610000042znSEAQ
Manageable State: installed
Namespace Prefix: ffrr_exa
Created By (Name/Id): TEMPORARY FF Onboarding Login/00561000002zrVwAAI
Last Modified By (Name/Id): TEMPORARY FF Onboarding Login/00561000002zrVwAAI
************************************************************
************************************************************
FileName: reports/ffrr_exa__Revenue_Recognition_Reports/ffrr_exa__RevenueRecognitionByDimension3.report
FullName/Id: ffrr_exa__Revenue_Recognition_Reports/ffrr_exa__RevenueRecognitionByDimension3/00O610000042znLEAQ
Manageable State: installed
Namespace Prefix: ffrr_exa
Created By (Name/Id): TEMPORARY FF Onboarding Login/00561000002zrVwAAI
Last Modified By (Name/Id): TEMPORARY FF Onboarding Login/00561000002zrVwAAI
************************************************************
************************************************************
FileName: reports/ffrr_exa__Revenue_Recognition_Reports/ffrr_exa__Revenue_Recognition_Trans_Committed.report
FullName/Id: ffrr_exa__Revenue_Recognition_Reports/ffrr_exa__Revenue_Recognition_Trans_Committed/00O610000042znTEAQ
Manageable State: installed
Namespace Prefix: ffrr_exa
Created By (Name/Id): TEMPORARY FF Onboarding Login/00561000002zrVwAAI
Last Modified By (Name/Id): TEMPORARY FF Onboarding Login/00561000002zrVwAAI
************************************************************
