************************************************************
FileName: reports/YPO_Family/Monthly_SP_Engagement_Report_KarenPostma.report
FullName/Id: YPO_Family/Monthly_SP_Engagement_Report_KarenPostma/00O610000042Zc3EAE
Manageable State: unmanaged
Namespace Prefix: null
Created By (Name/Id): Karen Postma/00561000002Dp2oAAC
Last Modified By (Name/Id): Karen Postma/00561000002Dp2oAAC
************************************************************
************************************************************
FileName: reports/YPO_Family/Child_with_Education.report
FullName/Id: YPO_Family/Child_with_Education/00O610000040Q6YEAU
Manageable State: unmanaged
Namespace Prefix: null
Created By (Name/Id): Kelli Do/00561000001PrKOAA0
Last Modified By (Name/Id): Kelli Do/00561000001PrKOAA0
************************************************************
************************************************************
FileName: reports/YPO_Family/Members_and_S_P_in_Parenting.report
FullName/Id: YPO_Family/Members_and_S_P_in_Parenting/00O61000003nJ3WEAU
Manageable State: unmanaged
Namespace Prefix: null
Created By (Name/Id): Kelli Do/00561000001PrKOAA0
Last Modified By (Name/Id): Kelli Do/00561000001PrKOAA0
************************************************************
************************************************************
FileName: reports/YPO_Family/Accounts_with_Relations.report
FullName/Id: YPO_Family/Accounts_with_Relations/00O610000046GbeEAE
Manageable State: unmanaged
Namespace Prefix: null
Created By (Name/Id): Kelli Do/00561000001PrKOAA0
Last Modified By (Name/Id): Kelli Do/00561000001PrKOAA0
************************************************************
************************************************************
FileName: reports/YPO_Family/College_Report_YPO_Children1.report
FullName/Id: YPO_Family/College_Report_YPO_Children1/00O61000004E68JEAS
Manageable State: unmanaged
Namespace Prefix: null
Created By (Name/Id): Sondra Padlo/00561000002Dp1mAAC
Last Modified By (Name/Id): Sondra Padlo/00561000002Dp1mAAC
************************************************************
************************************************************
FileName: reports/YPO_Family/Spouse_Partner_Profile_Completion2.report
FullName/Id: YPO_Family/Spouse_Partner_Profile_Completion2/00O61000003nRcwEAE
Manageable State: unmanaged
Namespace Prefix: null
Created By (Name/Id): Kelli Do/00561000001PrKOAA0
Last Modified By (Name/Id): Kelli Do/00561000001PrKOAA0
************************************************************
************************************************************
FileName: reports/YPO_Family/YNG_Acive_NONactive.report
FullName/Id: YPO_Family/YNG_Acive_NONactive/00O610000042hrLEAQ
Manageable State: unmanaged
Namespace Prefix: null
Created By (Name/Id): Dayon Harris/00561000002btNHAAY
Last Modified By (Name/Id): Dayon Harris/00561000002btNHAAY
************************************************************
************************************************************
FileName: reports/YPO_Family/YNG_Reg_Info_Report.report
FullName/Id: YPO_Family/YNG_Reg_Info_Report/00O610000042U40EAE
Manageable State: unmanaged
Namespace Prefix: null
Created By (Name/Id): Victoria Corts/00561000002BqLTAA0
Last Modified By (Name/Id): Kelli Do/00561000001PrKOAA0
************************************************************
************************************************************
FileName: reports/YPO_Family/S_P_Region_Officers_with_Training_DB.report
FullName/Id: YPO_Family/S_P_Region_Officers_with_Training_DB/00O61000003nJ4FEAU
Manageable State: unmanaged
Namespace Prefix: null
Created By (Name/Id): Kelli Do/00561000001PrKOAA0
Last Modified By (Name/Id): Kelli Do/00561000001PrKOAA0
************************************************************
************************************************************
FileName: reports/YPO_Family/Spouse_Partner_Network_Participation_DB.report
FullName/Id: YPO_Family/Spouse_Partner_Network_Participation_DB/00O61000003nGmsEAE
Manageable State: unmanaged
Namespace Prefix: null
Created By (Name/Id): Kelli Do/00561000001PrKOAA0
Last Modified By (Name/Id): Kelli Do/00561000001PrKOAA0
************************************************************
************************************************************
FileName: reports/YPO_Family/Members_with_Youth_Internship_Info.report
FullName/Id: YPO_Family/Members_with_Youth_Internship_Info/00O610000042nJ0EAI
Manageable State: unmanaged
Namespace Prefix: null
Created By (Name/Id): Kelli Do/00561000001PrKOAA0
Last Modified By (Name/Id): Kelli Do/00561000001PrKOAA0
************************************************************
************************************************************
FileName: reports/YPO_Family/SP_Event_Participation_KP.report
FullName/Id: YPO_Family/SP_Event_Participation_KP/00O610000042ZhrEAE
Manageable State: unmanaged
Namespace Prefix: null
Created By (Name/Id): Karen Postma/00561000002Dp2oAAC
Last Modified By (Name/Id): Karen Postma/00561000002Dp2oAAC
************************************************************
************************************************************
FileName: reports/YPO_Family/Members_Spouses_Children.report
FullName/Id: YPO_Family/Members_Spouses_Children/00O61000003na0SEAQ
Manageable State: unmanaged
Namespace Prefix: null
Created By (Name/Id): Amber Skipper/00561000002Dp3QAAS
Last Modified By (Name/Id): Kelli Do/00561000001PrKOAA0
************************************************************
************************************************************
FileName: reports/YPO_Family/Spouse_Partner_Engagement_Detail.report
FullName/Id: YPO_Family/Spouse_Partner_Engagement_Detail/00O61000003n9G0EAI
Manageable State: unmanaged
Namespace Prefix: null
Created By (Name/Id): Kelli Do/00561000001PrKOAA0
Last Modified By (Name/Id): Kelli Do/00561000001PrKOAA0
************************************************************
************************************************************
FileName: reports/YPO_Family/Spouse_Partner_Without_Networks.report
FullName/Id: YPO_Family/Spouse_Partner_Without_Networks/00O61000003nDU6EAM
Manageable State: unmanaged
Namespace Prefix: null
Created By (Name/Id): Kelli Do/00561000001PrKOAA0
Last Modified By (Name/Id): Kelli Do/00561000001PrKOAA0
************************************************************
************************************************************
FileName: reports/YPO_Family/Spouse_Partner_in_Network_DB.report
FullName/Id: YPO_Family/Spouse_Partner_in_Network_DB/00O61000003nIU2EAM
Manageable State: unmanaged
Namespace Prefix: null
Created By (Name/Id): Kelli Do/00561000001PrKOAA0
Last Modified By (Name/Id): Kelli Do/00561000001PrKOAA0
************************************************************
************************************************************
FileName: reports/YPO_Family/Child_with_YNG_Product_Eligibility.report
FullName/Id: YPO_Family/Child_with_YNG_Product_Eligibility/00O61000004EM1OEAW
Manageable State: unmanaged
Namespace Prefix: null
Created By (Name/Id): Kelli Do/00561000001PrKOAA0
Last Modified By (Name/Id): Kelli Do/00561000001PrKOAA0
************************************************************
************************************************************
FileName: reports/YPO_Family/YNG_Paid_During_4th_Quarter.report
FullName/Id: YPO_Family/YNG_Paid_During_4th_Quarter/00O610000042Z3IEAU
Manageable State: unmanaged
Namespace Prefix: null
Created By (Name/Id): Kelli Do/00561000001PrKOAA0
Last Modified By (Name/Id): Kelli Do/00561000001PrKOAA0
************************************************************
************************************************************
FileName: reports/YPO_Family/S_P_Officers_with_Training.report
FullName/Id: YPO_Family/S_P_Officers_with_Training/00O61000003nJ4AEAU
Manageable State: unmanaged
Namespace Prefix: null
Created By (Name/Id): Kelli Do/00561000001PrKOAA0
Last Modified By (Name/Id): Kelli Do/00561000001PrKOAA0
************************************************************
************************************************************
FileName: reports/YPO_Family/Active_Members_by_Age_Range.report
FullName/Id: YPO_Family/Active_Members_by_Age_Range/00O610000042VdzEAE
Manageable State: unmanaged
Namespace Prefix: null
Created By (Name/Id): Kelli Do/00561000001PrKOAA0
Last Modified By (Name/Id): Kelli Do/00561000001PrKOAA0
************************************************************
************************************************************
FileName: reports/YPO_Family/YNG_Benefit_Recipients2.report
FullName/Id: YPO_Family/YNG_Benefit_Recipients2/00O610000045zCyEAI
Manageable State: unmanaged
Namespace Prefix: null
Created By (Name/Id): Mary Petruska/00561000002Doz6AAC
Last Modified By (Name/Id): Kelli Do/00561000001PrKOAA0
************************************************************
************************************************************
FileName: reports/YPO_Family/Chapter_Officers_by_Position_Title.report
FullName/Id: YPO_Family/Chapter_Officers_by_Position_Title/00O610000042cdGEAQ
Manageable State: unmanaged
Namespace Prefix: null
Created By (Name/Id): Kelli Do/00561000001PrKOAA0
Last Modified By (Name/Id): Kelli Do/00561000001PrKOAA0
************************************************************
************************************************************
FileName: reports/YPO_Family/Male_Spouse_Partner_Listing.report
FullName/Id: YPO_Family/Male_Spouse_Partner_Listing/00O610000042ccrEAA
Manageable State: unmanaged
Namespace Prefix: null
Created By (Name/Id): Kelli Do/00561000001PrKOAA0
Last Modified By (Name/Id): Kelli Do/00561000001PrKOAA0
************************************************************
************************************************************
FileName: reports/YPO_Family/S_P_in_Spouse_Partner_Bus_Network.report
FullName/Id: YPO_Family/S_P_in_Spouse_Partner_Bus_Network/00O61000003nJ45EAE
Manageable State: unmanaged
Namespace Prefix: null
Created By (Name/Id): Kelli Do/00561000001PrKOAA0
Last Modified By (Name/Id): Kelli Do/00561000001PrKOAA0
************************************************************
************************************************************
FileName: reports/YPO_Family/All_Officers_FY18.report
FullName/Id: YPO_Family/All_Officers_FY18/00O6100000460WaEAI
Manageable State: unmanaged
Namespace Prefix: null
Created By (Name/Id): Sondra Padlo/00561000002Dp1mAAC
Last Modified By (Name/Id): Sondra Padlo/00561000002Dp1mAAC
************************************************************
************************************************************
FileName: reports/YPO_Family/YNG_AAs.report
FullName/Id: YPO_Family/YNG_AAs/00O6100000430EcEAI
Manageable State: unmanaged
Namespace Prefix: null
Created By (Name/Id): Kelli Do/00561000001PrKOAA0
Last Modified By (Name/Id): Kelli Do/00561000001PrKOAA0
************************************************************
************************************************************
FileName: reports/YPO_Family/Primary_Email_Update_History.report
FullName/Id: YPO_Family/Primary_Email_Update_History/00O6100000467l4EAA
Manageable State: unmanaged
Namespace Prefix: null
Created By (Name/Id): Kelli Do/00561000001PrKOAA0
Last Modified By (Name/Id): Kelli Do/00561000001PrKOAA0
************************************************************
************************************************************
FileName: reports/YPO_Family/Active_Child_by_Age_Range.report
FullName/Id: YPO_Family/Active_Child_by_Age_Range/00O610000042Ve9EAE
Manageable State: unmanaged
Namespace Prefix: null
Created By (Name/Id): Kelli Do/00561000001PrKOAA0
Last Modified By (Name/Id): Kelli Do/00561000001PrKOAA0
************************************************************
************************************************************
FileName: reports/YPO_Family/Spouse_Partner_Network_Participation.report
FullName/Id: YPO_Family/Spouse_Partner_Network_Participation/00O61000003n9OnEAI
Manageable State: unmanaged
Namespace Prefix: null
Created By (Name/Id): Kelli Do/00561000001PrKOAA0
Last Modified By (Name/Id): Kelli Do/00561000001PrKOAA0
************************************************************
************************************************************
FileName: reports/YPO_Family/Spouse_Partner_Email_Update.report
FullName/Id: YPO_Family/Spouse_Partner_Email_Update/00O61000003nbSmEAI
Manageable State: unmanaged
Namespace Prefix: null
Created By (Name/Id): Ty East/00561000001PrKTAA0
Last Modified By (Name/Id): Ty East/00561000001PrKTAA0
************************************************************
************************************************************
FileName: reports/YPO_Family/Family_and_S_P_Officers_DB.report
FullName/Id: YPO_Family/Family_and_S_P_Officers_DB/00O61000003nIV5EAM
Manageable State: unmanaged
Namespace Prefix: null
Created By (Name/Id): Kelli Do/00561000001PrKOAA0
Last Modified By (Name/Id): Kelli Do/00561000001PrKOAA0
************************************************************
