************************************************************
FileName: reports/YPO_Membership_Renewals/Renewals_YNG_by_week.report
FullName/Id: YPO_Membership_Renewals/Renewals_YNG_by_week/00O61000004EIMmEAO
Manageable State: unmanaged
Namespace Prefix: null
Created By (Name/Id): Ike Irozuru/00561000001QT3QAAW
Last Modified By (Name/Id): Ike Irozuru/00561000001QT3QAAW
************************************************************
************************************************************
FileName: reports/YPO_Membership_Renewals/APAC_Renewals_by_Region_Southeast_Asia.report
FullName/Id: YPO_Membership_Renewals/APAC_Renewals_by_Region_Southeast_Asia/00O61000004DznoEAC
Manageable State: unmanaged
Namespace Prefix: null
Created By (Name/Id): Ike Irozuru/00561000001QT3QAAW
Last Modified By (Name/Id): Ike Irozuru/00561000001QT3QAAW
************************************************************
************************************************************
FileName: reports/YPO_Membership_Renewals/APAC_Renewals_by_Gender.report
FullName/Id: YPO_Membership_Renewals/APAC_Renewals_by_Gender/00O61000004E0alEAC
Manageable State: unmanaged
Namespace Prefix: null
Created By (Name/Id): Ike Irozuru/00561000001QT3QAAW
Last Modified By (Name/Id): Ike Irozuru/00561000001QT3QAAW
************************************************************
************************************************************
FileName: reports/YPO_Membership_Renewals/Pipeline_by_Tier.report
FullName/Id: YPO_Membership_Renewals/Pipeline_by_Tier/00O61000004DzioEAC
Manageable State: unmanaged
Namespace Prefix: null
Created By (Name/Id): Ike Irozuru/00561000001QT3QAAW
Last Modified By (Name/Id): Ike Irozuru/00561000001QT3QAAW
************************************************************
************************************************************
FileName: reports/YPO_Membership_Renewals/Americas_Renewals_Latin_America.report
FullName/Id: YPO_Membership_Renewals/Americas_Renewals_Latin_America/00O61000004Dzw2EAC
Manageable State: unmanaged
Namespace Prefix: null
Created By (Name/Id): Ike Irozuru/00561000001QT3QAAW
Last Modified By (Name/Id): Ike Irozuru/00561000001QT3QAAW
************************************************************
************************************************************
FileName: reports/YPO_Membership_Renewals/Americas_Renewals_East_Central.report
FullName/Id: YPO_Membership_Renewals/Americas_Renewals_East_Central/00O61000004DzvxEAC
Manageable State: unmanaged
Namespace Prefix: null
Created By (Name/Id): Ike Irozuru/00561000001QT3QAAW
Last Modified By (Name/Id): Ike Irozuru/00561000001QT3QAAW
************************************************************
************************************************************
FileName: reports/YPO_Membership_Renewals/Americas_Renewals_Pipeline.report
FullName/Id: YPO_Membership_Renewals/Americas_Renewals_Pipeline/00O61000004Dzv4EAC
Manageable State: unmanaged
Namespace Prefix: null
Created By (Name/Id): Ike Irozuru/00561000001QT3QAAW
Last Modified By (Name/Id): Ike Irozuru/00561000001QT3QAAW
************************************************************
************************************************************
FileName: reports/YPO_Membership_Renewals/Renewals_FY18_19_Africa.report
FullName/Id: YPO_Membership_Renewals/Renewals_FY18_19_Africa/00O61000004EZeJEAW
Manageable State: unmanaged
Namespace Prefix: null
Created By (Name/Id): Ike Irozuru/00561000001QT3QAAW
Last Modified By (Name/Id): Ike Irozuru/00561000001QT3QAAW
************************************************************
************************************************************
FileName: reports/YPO_Membership_Renewals/Renewals_by_Age_Group.report
FullName/Id: YPO_Membership_Renewals/Renewals_by_Age_Group/00O61000004DziPEAS
Manageable State: unmanaged
Namespace Prefix: null
Created By (Name/Id): Ike Irozuru/00561000001QT3QAAW
Last Modified By (Name/Id): Ike Irozuru/00561000001QT3QAAW
************************************************************
************************************************************
FileName: reports/YPO_Membership_Renewals/EMEA_Renewals_by_Member_Group.report
FullName/Id: YPO_Membership_Renewals/EMEA_Renewals_by_Member_Group/00O61000004E0aREAS
Manageable State: unmanaged
Namespace Prefix: null
Created By (Name/Id): Ike Irozuru/00561000001QT3QAAW
Last Modified By (Name/Id): Ike Irozuru/00561000001QT3QAAW
************************************************************
************************************************************
FileName: reports/YPO_Membership_Renewals/Payment_Transactions2.report
FullName/Id: YPO_Membership_Renewals/Payment_Transactions2/00O61000001ZaBQEA0
Manageable State: unmanaged
Namespace Prefix: null
Created By (Name/Id): Ike Irozuru/00561000001QT3QAAW
Last Modified By (Name/Id): Ike Irozuru/00561000001QT3QAAW
************************************************************
************************************************************
FileName: reports/YPO_Membership_Renewals/Pipeline_by_Region.report
FullName/Id: YPO_Membership_Renewals/Pipeline_by_Region/00O61000004DzkVEAS
Manageable State: unmanaged
Namespace Prefix: null
Created By (Name/Id): Ike Irozuru/00561000001QT3QAAW
Last Modified By (Name/Id): Ike Irozuru/00561000001QT3QAAW
************************************************************
************************************************************
FileName: reports/YPO_Membership_Renewals/Renewals_by_Stage_Details.report
FullName/Id: YPO_Membership_Renewals/Renewals_by_Stage_Details/00O61000004EKF4EAO
Manageable State: unmanaged
Namespace Prefix: null
Created By (Name/Id): Kelli Do/00561000001PrKOAA0
Last Modified By (Name/Id): Kelli Do/00561000001PrKOAA0
************************************************************
************************************************************
FileName: reports/YPO_Membership_Renewals/Americas_Renewals_Mid_America_US.report
FullName/Id: YPO_Membership_Renewals/Americas_Renewals_Mid_America_US/00O61000004Ect3EAC
Manageable State: unmanaged
Namespace Prefix: null
Created By (Name/Id): Christy Martin/00561000002Dp0GAAS
Last Modified By (Name/Id): Christy Martin/00561000002Dp0GAAS
************************************************************
************************************************************
FileName: reports/YPO_Membership_Renewals/EMEA_Renewals_by_Gender.report
FullName/Id: YPO_Membership_Renewals/EMEA_Renewals_by_Gender/00O61000004E0b0EAC
Manageable State: unmanaged
Namespace Prefix: null
Created By (Name/Id): Ike Irozuru/00561000001QT3QAAW
Last Modified By (Name/Id): Ike Irozuru/00561000001QT3QAAW
************************************************************
************************************************************
FileName: reports/YPO_Membership_Renewals/Americas_Renewals_Closed_Won_by_Week.report
FullName/Id: YPO_Membership_Renewals/Americas_Renewals_Closed_Won_by_Week/00O61000004Dzv9EAC
Manageable State: unmanaged
Namespace Prefix: null
Created By (Name/Id): Ike Irozuru/00561000001QT3QAAW
Last Modified By (Name/Id): Ike Irozuru/00561000001QT3QAAW
************************************************************
************************************************************
FileName: reports/YPO_Membership_Renewals/Credit_Card_Payments.report
FullName/Id: YPO_Membership_Renewals/Credit_Card_Payments/00O61000001ZbLrEAK
Manageable State: unmanaged
Namespace Prefix: null
Created By (Name/Id): Ike Irozuru/00561000001QT3QAAW
Last Modified By (Name/Id): Ike Irozuru/00561000001QT3QAAW
************************************************************
************************************************************
FileName: reports/YPO_Membership_Renewals/EMEA_Renewals_Pipeline.report
FullName/Id: YPO_Membership_Renewals/EMEA_Renewals_Pipeline/00O61000004Dzq9EAC
Manageable State: unmanaged
Namespace Prefix: null
Created By (Name/Id): Ike Irozuru/00561000001QT3QAAW
Last Modified By (Name/Id): Ike Irozuru/00561000001QT3QAAW
************************************************************
************************************************************
FileName: reports/YPO_Membership_Renewals/Renewals_Pipeline.report
FullName/Id: YPO_Membership_Renewals/Renewals_Pipeline/00O61000004DzJ0EAK
Manageable State: unmanaged
Namespace Prefix: null
Created By (Name/Id): Ike Irozuru/00561000001QT3QAAW
Last Modified By (Name/Id): Ike Irozuru/00561000001QT3QAAW
************************************************************
************************************************************
FileName: reports/YPO_Membership_Renewals/Renewals_by_Stage.report
FullName/Id: YPO_Membership_Renewals/Renewals_by_Stage/00O61000004DzK8EAK
Manageable State: unmanaged
Namespace Prefix: null
Created By (Name/Id): Ike Irozuru/00561000001QT3QAAW
Last Modified By (Name/Id): Ike Irozuru/00561000001QT3QAAW
************************************************************
************************************************************
FileName: reports/YPO_Membership_Renewals/Renewals_Healthwise_by_Week.report
FullName/Id: YPO_Membership_Renewals/Renewals_Healthwise_by_Week/00O61000004EIMcEAO
Manageable State: unmanaged
Namespace Prefix: null
Created By (Name/Id): Ike Irozuru/00561000001QT3QAAW
Last Modified By (Name/Id): Ike Irozuru/00561000001QT3QAAW
************************************************************
************************************************************
FileName: reports/YPO_Membership_Renewals/Renewals_Medical_Opinion_Closed_Won_by_W.report
FullName/Id: YPO_Membership_Renewals/Renewals_Medical_Opinion_Closed_Won_by_W/00O61000004EIMDEA4
Manageable State: unmanaged
Namespace Prefix: null
Created By (Name/Id): Ike Irozuru/00561000001QT3QAAW
Last Modified By (Name/Id): Ike Irozuru/00561000001QT3QAAW
************************************************************
************************************************************
FileName: reports/YPO_Membership_Renewals/Americas_Renewals_SE_US_and_Caribbean.report
FullName/Id: YPO_Membership_Renewals/Americas_Renewals_SE_US_and_Caribbean/00O61000004DzwbEAC
Manageable State: unmanaged
Namespace Prefix: null
Created By (Name/Id): Ike Irozuru/00561000001QT3QAAW
Last Modified By (Name/Id): Ike Irozuru/00561000001QT3QAAW
************************************************************
************************************************************
FileName: reports/YPO_Membership_Renewals/Closed_Won_by_Certification_Type.report
FullName/Id: YPO_Membership_Renewals/Closed_Won_by_Certification_Type/00O61000001ZbLwEAK
Manageable State: unmanaged
Namespace Prefix: null
Created By (Name/Id): Ike Irozuru/00561000001QT3QAAW
Last Modified By (Name/Id): Ike Irozuru/00561000001QT3QAAW
************************************************************
************************************************************
FileName: reports/YPO_Membership_Renewals/Unapplied_and_Unidentified_Receipts.report
FullName/Id: YPO_Membership_Renewals/Unapplied_and_Unidentified_Receipts/00O61000004DzJUEA0
Manageable State: unmanaged
Namespace Prefix: null
Created By (Name/Id): Ike Irozuru/00561000001QT3QAAW
Last Modified By (Name/Id): Ike Irozuru/00561000001QT3QAAW
************************************************************
************************************************************
FileName: reports/YPO_Membership_Renewals/Renewal_by_Region.report
FullName/Id: YPO_Membership_Renewals/Renewal_by_Region/00O61000004ELluEAG
Manageable State: unmanaged
Namespace Prefix: null
Created By (Name/Id): Ike Irozuru/00561000001QT3QAAW
Last Modified By (Name/Id): Ike Irozuru/00561000001QT3QAAW
************************************************************
************************************************************
FileName: reports/YPO_Membership_Renewals/EMEA_Renewals_Closed_Won_by_Week.report
FullName/Id: YPO_Membership_Renewals/EMEA_Renewals_Closed_Won_by_Week/00O61000004DzqJEAS
Manageable State: unmanaged
Namespace Prefix: null
Created By (Name/Id): Ike Irozuru/00561000001QT3QAAW
Last Modified By (Name/Id): Ike Irozuru/00561000001QT3QAAW
************************************************************
************************************************************
FileName: reports/YPO_Membership_Renewals/Renewals_FY18_19_Latin_America.report
FullName/Id: YPO_Membership_Renewals/Renewals_FY18_19_Latin_America/00O61000004EZeiEAG
Manageable State: unmanaged
Namespace Prefix: null
Created By (Name/Id): Ike Irozuru/00561000001QT3QAAW
Last Modified By (Name/Id): Ike Irozuru/00561000001QT3QAAW
************************************************************
************************************************************
FileName: reports/YPO_Membership_Renewals/Renewals_FY19_Resignations_Group_3.report
FullName/Id: YPO_Membership_Renewals/Renewals_FY19_Resignations_Group_3/00O61000004EZxkEAG
Manageable State: unmanaged
Namespace Prefix: null
Created By (Name/Id): Ike Irozuru/00561000001QT3QAAW
Last Modified By (Name/Id): Ike Irozuru/00561000001QT3QAAW
************************************************************
************************************************************
FileName: reports/YPO_Membership_Renewals/APAC_Renewals_by_Region_North_Asia.report
FullName/Id: YPO_Membership_Renewals/APAC_Renewals_by_Region_North_Asia/00O61000004DzneEAC
Manageable State: unmanaged
Namespace Prefix: null
Created By (Name/Id): Ike Irozuru/00561000001QT3QAAW
Last Modified By (Name/Id): Ike Irozuru/00561000001QT3QAAW
************************************************************
************************************************************
FileName: reports/YPO_Membership_Renewals/Renewals_FY18_19_by_Region.report
FullName/Id: YPO_Membership_Renewals/Renewals_FY18_19_by_Region/00O61000004EcstEAC
Manageable State: unmanaged
Namespace Prefix: null
Created By (Name/Id): Ike Irozuru/00561000001QT3QAAW
Last Modified By (Name/Id): Ike Irozuru/00561000001QT3QAAW
************************************************************
************************************************************
FileName: reports/YPO_Membership_Renewals/Renewals_FY18_19_Summary_v21.report
FullName/Id: YPO_Membership_Renewals/Renewals_FY18_19_Summary_v21/00O61000004Elw1EAC
Manageable State: unmanaged
Namespace Prefix: null
Created By (Name/Id): Ike Irozuru/00561000001QT3QAAW
Last Modified By (Name/Id): Ike Irozuru/00561000001QT3QAAW
************************************************************
************************************************************
FileName: reports/YPO_Membership_Renewals/North_Asia_Renewal_Report.report
FullName/Id: YPO_Membership_Renewals/North_Asia_Renewal_Report/00O61000004E5HtEAK
Manageable State: unmanaged
Namespace Prefix: null
Created By (Name/Id): Becca Wang/00561000002Dp49AAC
Last Modified By (Name/Id): Becca Wang/00561000002Dp49AAC
************************************************************
************************************************************
FileName: reports/YPO_Membership_Renewals/Renewals_Win_Rate.report
FullName/Id: YPO_Membership_Renewals/Renewals_Win_Rate/00O61000004EI2wEAG
Manageable State: unmanaged
Namespace Prefix: null
Created By (Name/Id): Ike Irozuru/00561000001QT3QAAW
Last Modified By (Name/Id): Ike Irozuru/00561000001QT3QAAW
************************************************************
************************************************************
FileName: reports/YPO_Membership_Renewals/EMEA_Renewals_by_Region_Africa.report
FullName/Id: YPO_Membership_Renewals/EMEA_Renewals_by_Region_Africa/00O61000004DzqOEAS
Manageable State: unmanaged
Namespace Prefix: null
Created By (Name/Id): Ike Irozuru/00561000001QT3QAAW
Last Modified By (Name/Id): Ike Irozuru/00561000001QT3QAAW
************************************************************
************************************************************
FileName: reports/YPO_Membership_Renewals/APAC_Renewals_by_Member_Group.report
FullName/Id: YPO_Membership_Renewals/APAC_Renewals_by_Member_Group/00O61000004E0aMEAS
Manageable State: unmanaged
Namespace Prefix: null
Created By (Name/Id): Ike Irozuru/00561000001QT3QAAW
Last Modified By (Name/Id): Ike Irozuru/00561000001QT3QAAW
************************************************************
************************************************************
FileName: reports/YPO_Membership_Renewals/EMEA_Renewals_by_Region_Europe_Y.report
FullName/Id: YPO_Membership_Renewals/EMEA_Renewals_by_Region_Europe_Y/00O61000004DzrqEAC
Manageable State: unmanaged
Namespace Prefix: null
Created By (Name/Id): Ike Irozuru/00561000001QT3QAAW
Last Modified By (Name/Id): Ike Irozuru/00561000001QT3QAAW
************************************************************
************************************************************
FileName: reports/YPO_Membership_Renewals/Renewals_PinnacleCare_by_Week.report
FullName/Id: YPO_Membership_Renewals/Renewals_PinnacleCare_by_Week/00O61000004EIMrEAO
Manageable State: unmanaged
Namespace Prefix: null
Created By (Name/Id): Ike Irozuru/00561000001QT3QAAW
Last Modified By (Name/Id): Ike Irozuru/00561000001QT3QAAW
************************************************************
************************************************************
FileName: reports/YPO_Membership_Renewals/Renewals_Pipeline_by_Certification_Type.report
FullName/Id: YPO_Membership_Renewals/Renewals_Pipeline_by_Certification_Type/00O61000004DzJFEA0
Manageable State: unmanaged
Namespace Prefix: null
Created By (Name/Id): Ike Irozuru/00561000001QT3QAAW
Last Modified By (Name/Id): Ike Irozuru/00561000001QT3QAAW
************************************************************
************************************************************
FileName: reports/YPO_Membership_Renewals/Americas_Renewals_by_Region_Canada.report
FullName/Id: YPO_Membership_Renewals/Americas_Renewals_by_Region_Canada/00O61000004DzvnEAC
Manageable State: unmanaged
Namespace Prefix: null
Created By (Name/Id): Ike Irozuru/00561000001QT3QAAW
Last Modified By (Name/Id): Ike Irozuru/00561000001QT3QAAW
************************************************************
************************************************************
FileName: reports/YPO_Membership_Renewals/Renewals_Pipeline_by_Member_Group.report
FullName/Id: YPO_Membership_Renewals/Renewals_Pipeline_by_Member_Group/00O61000004DzJAEA0
Manageable State: unmanaged
Namespace Prefix: null
Created By (Name/Id): Ike Irozuru/00561000001QT3QAAW
Last Modified By (Name/Id): Ike Irozuru/00561000001QT3QAAW
************************************************************
************************************************************
FileName: reports/YPO_Membership_Renewals/Renewals_by_Gender.report
FullName/Id: YPO_Membership_Renewals/Renewals_by_Gender/00O61000004DzKDEA0
Manageable State: unmanaged
Namespace Prefix: null
Created By (Name/Id): Ike Irozuru/00561000001QT3QAAW
Last Modified By (Name/Id): Ike Irozuru/00561000001QT3QAAW
************************************************************
************************************************************
FileName: reports/YPO_Membership_Renewals/Renewals_Safe_Travel_Closed_Won_by_Week.report
FullName/Id: YPO_Membership_Renewals/Renewals_Safe_Travel_Closed_Won_by_Week/00O61000004EIM3EAO
Manageable State: unmanaged
Namespace Prefix: null
Created By (Name/Id): Ike Irozuru/00561000001QT3QAAW
Last Modified By (Name/Id): Ike Irozuru/00561000001QT3QAAW
************************************************************
************************************************************
FileName: reports/YPO_Membership_Renewals/Closed_Won_by_Region.report
FullName/Id: YPO_Membership_Renewals/Closed_Won_by_Region/00O61000004DzQGEA0
Manageable State: unmanaged
Namespace Prefix: null
Created By (Name/Id): Ike Irozuru/00561000001QT3QAAW
Last Modified By (Name/Id): Ike Irozuru/00561000001QT3QAAW
************************************************************
************************************************************
FileName: reports/YPO_Membership_Renewals/EMEA_Renewals_by_Region_Europe_Gold.report
FullName/Id: YPO_Membership_Renewals/EMEA_Renewals_by_Region_Europe_Gold/00O61000004DzrlEAC
Manageable State: unmanaged
Namespace Prefix: null
Created By (Name/Id): Ike Irozuru/00561000001QT3QAAW
Last Modified By (Name/Id): Ike Irozuru/00561000001QT3QAAW
************************************************************
************************************************************
FileName: reports/YPO_Membership_Renewals/Renewals_Members_Not_Renewed.report
FullName/Id: YPO_Membership_Renewals/Renewals_Members_Not_Renewed/00O61000004EbeqEAC
Manageable State: unmanaged
Namespace Prefix: null
Created By (Name/Id): Ike Irozuru/00561000001QT3QAAW
Last Modified By (Name/Id): Ike Irozuru/00561000001QT3QAAW
************************************************************
************************************************************
FileName: reports/YPO_Membership_Renewals/Top_10_Regions_by_Renewal_Rate.report
FullName/Id: YPO_Membership_Renewals/Top_10_Regions_by_Renewal_Rate/00O61000001ZbM1EAK
Manageable State: unmanaged
Namespace Prefix: null
Created By (Name/Id): Ike Irozuru/00561000001QT3QAAW
Last Modified By (Name/Id): Ike Irozuru/00561000001QT3QAAW
************************************************************
************************************************************
FileName: reports/YPO_Membership_Renewals/Americas_Renewals_by_Region_Central_US.report
FullName/Id: YPO_Membership_Renewals/Americas_Renewals_by_Region_Central_US/00O61000004DzvsEAC
Manageable State: unmanaged
Namespace Prefix: null
Created By (Name/Id): Ike Irozuru/00561000001QT3QAAW
Last Modified By (Name/Id): Ike Irozuru/00561000001QT3QAAW
************************************************************
************************************************************
FileName: reports/YPO_Membership_Renewals/Backlog_Sprint_18.report
FullName/Id: YPO_Membership_Renewals/Backlog_Sprint_18/00O61000001ZbOWEA0
Manageable State: unmanaged
Namespace Prefix: null
Created By (Name/Id): Ike Irozuru/00561000001QT3QAAW
Last Modified By (Name/Id): Ike Irozuru/00561000001QT3QAAW
************************************************************
************************************************************
FileName: reports/YPO_Membership_Renewals/NVM_Calls_by_Week.report
FullName/Id: YPO_Membership_Renewals/NVM_Calls_by_Week/00O61000001ZlxVEAS
Manageable State: unmanaged
Namespace Prefix: null
Created By (Name/Id): Kelli Do/00561000001PrKOAA0
Last Modified By (Name/Id): Kelli Do/00561000001PrKOAA0
************************************************************
************************************************************
FileName: reports/YPO_Membership_Renewals/EMEA_Renewals_by_Region_MENA.report
FullName/Id: YPO_Membership_Renewals/EMEA_Renewals_by_Region_MENA/00O61000004DzsAEAS
Manageable State: unmanaged
Namespace Prefix: null
Created By (Name/Id): Ike Irozuru/00561000001QT3QAAW
Last Modified By (Name/Id): Ike Irozuru/00561000001QT3QAAW
************************************************************
************************************************************
FileName: reports/YPO_Membership_Renewals/Renewals_by_Region_APAC.report
FullName/Id: YPO_Membership_Renewals/Renewals_by_Region_APAC/00O61000004DznZEAS
Manageable State: unmanaged
Namespace Prefix: null
Created By (Name/Id): Ike Irozuru/00561000001QT3QAAW
Last Modified By (Name/Id): Ike Irozuru/00561000001QT3QAAW
************************************************************
************************************************************
FileName: reports/YPO_Membership_Renewals/Renewals_Chapter_Dues_by_Week.report
FullName/Id: YPO_Membership_Renewals/Renewals_Chapter_Dues_by_Week/00O61000004EISaEAO
Manageable State: unmanaged
Namespace Prefix: null
Created By (Name/Id): Ike Irozuru/00561000001QT3QAAW
Last Modified By (Name/Id): Ike Irozuru/00561000001QT3QAAW
************************************************************
************************************************************
FileName: reports/YPO_Membership_Renewals/Renewals_FY19_Resignations_Group_1.report
FullName/Id: YPO_Membership_Renewals/Renewals_FY19_Resignations_Group_1/00O61000004EZxVEAW
Manageable State: unmanaged
Namespace Prefix: null
Created By (Name/Id): Ike Irozuru/00561000001QT3QAAW
Last Modified By (Name/Id): Ike Irozuru/00561000001QT3QAAW
************************************************************
************************************************************
FileName: reports/YPO_Membership_Renewals/Americas_Renewals_by_Gender.report
FullName/Id: YPO_Membership_Renewals/Americas_Renewals_by_Gender/00O61000004E0b5EAC
Manageable State: unmanaged
Namespace Prefix: null
Created By (Name/Id): Ike Irozuru/00561000001QT3QAAW
Last Modified By (Name/Id): Ike Irozuru/00561000001QT3QAAW
************************************************************
************************************************************
FileName: reports/YPO_Membership_Renewals/Renewals_FY18_19_Activities.report
FullName/Id: YPO_Membership_Renewals/Renewals_FY18_19_Activities/00O61000004EJgdEAG
Manageable State: unmanaged
Namespace Prefix: null
Created By (Name/Id): Ike Irozuru/00561000001QT3QAAW
Last Modified By (Name/Id): Ike Irozuru/00561000001QT3QAAW
************************************************************
************************************************************
FileName: reports/YPO_Membership_Renewals/Renewals_Closed_Won_by_Week_APAC.report
FullName/Id: YPO_Membership_Renewals/Renewals_Closed_Won_by_Week_APAC/00O61000004DznUEAS
Manageable State: unmanaged
Namespace Prefix: null
Created By (Name/Id): Ike Irozuru/00561000001QT3QAAW
Last Modified By (Name/Id): Ike Irozuru/00561000001QT3QAAW
************************************************************
************************************************************
FileName: reports/YPO_Membership_Renewals/Americas_Renewals_by_Member_Group.report
FullName/Id: YPO_Membership_Renewals/Americas_Renewals_by_Member_Group/00O61000004E0aWEAS
Manageable State: unmanaged
Namespace Prefix: null
Created By (Name/Id): Ike Irozuru/00561000001QT3QAAW
Last Modified By (Name/Id): Ike Irozuru/00561000001QT3QAAW
************************************************************
************************************************************
FileName: reports/YPO_Membership_Renewals/Americas_Renewals_Northeastern_US.report
FullName/Id: YPO_Membership_Renewals/Americas_Renewals_Northeastern_US/00O61000004Dzw7EAC
Manageable State: unmanaged
Namespace Prefix: null
Created By (Name/Id): Ike Irozuru/00561000001QT3QAAW
Last Modified By (Name/Id): Ike Irozuru/00561000001QT3QAAW
************************************************************
************************************************************
FileName: reports/YPO_Membership_Renewals/Reinstatement_Prorgam.report
FullName/Id: YPO_Membership_Renewals/Reinstatement_Prorgam/00O61000004Ec7xEAC
Manageable State: unmanaged
Namespace Prefix: null
Created By (Name/Id): Ike Irozuru/00561000001QT3QAAW
Last Modified By (Name/Id): Ike Irozuru/00561000001QT3QAAW
************************************************************
************************************************************
FileName: reports/YPO_Membership_Renewals/Renewals_Pipeline_APAC.report
FullName/Id: YPO_Membership_Renewals/Renewals_Pipeline_APAC/00O61000004DzmbEAC
Manageable State: unmanaged
Namespace Prefix: null
Created By (Name/Id): Ike Irozuru/00561000001QT3QAAW
Last Modified By (Name/Id): Ike Irozuru/00561000001QT3QAAW
************************************************************
************************************************************
FileName: reports/YPO_Membership_Renewals/Renewals_Pipeline_by_Chapter_APAC.report
FullName/Id: YPO_Membership_Renewals/Renewals_Pipeline_by_Chapter_APAC/00O61000004DzmvEAC
Manageable State: unmanaged
Namespace Prefix: null
Created By (Name/Id): Ike Irozuru/00561000001QT3QAAW
Last Modified By (Name/Id): Ike Irozuru/00561000001QT3QAAW
************************************************************
************************************************************
FileName: reports/YPO_Membership_Renewals/Renewals_by_Stage_and_Tenure.report
FullName/Id: YPO_Membership_Renewals/Renewals_by_Stage_and_Tenure/00O61000004EIGjEAO
Manageable State: unmanaged
Namespace Prefix: null
Created By (Name/Id): Kelli Do/00561000001PrKOAA0
Last Modified By (Name/Id): Kelli Do/00561000001PrKOAA0
************************************************************
************************************************************
FileName: reports/YPO_Membership_Renewals/EMEA_Renewals_by_Region_Europe.report
FullName/Id: YPO_Membership_Renewals/EMEA_Renewals_by_Region_Europe/00O61000004DzqYEAS
Manageable State: unmanaged
Namespace Prefix: null
Created By (Name/Id): Ike Irozuru/00561000001QT3QAAW
Last Modified By (Name/Id): Ike Irozuru/00561000001QT3QAAW
************************************************************
************************************************************
FileName: reports/YPO_Membership_Renewals/Closed_Won_by_Week.report
FullName/Id: YPO_Membership_Renewals/Closed_Won_by_Week/00O61000004DzOFEA0
Manageable State: unmanaged
Namespace Prefix: null
Created By (Name/Id): Ike Irozuru/00561000001QT3QAAW
Last Modified By (Name/Id): Ike Irozuru/00561000001QT3QAAW
************************************************************
************************************************************
FileName: reports/YPO_Membership_Renewals/Renewals_FY18_19_by_Chapter.report
FullName/Id: YPO_Membership_Renewals/Renewals_FY18_19_by_Chapter/00O61000004EJukEAG
Manageable State: unmanaged
Namespace Prefix: null
Created By (Name/Id): Ike Irozuru/00561000001QT3QAAW
Last Modified By (Name/Id): Ike Irozuru/00561000001QT3QAAW
************************************************************
************************************************************
FileName: reports/YPO_Membership_Renewals/Americas_Renewals_Pacific_US.report
FullName/Id: YPO_Membership_Renewals/Americas_Renewals_Pacific_US/00O61000004DzwCEAS
Manageable State: unmanaged
Namespace Prefix: null
Created By (Name/Id): Ike Irozuru/00561000001QT3QAAW
Last Modified By (Name/Id): Ike Irozuru/00561000001QT3QAAW
************************************************************
************************************************************
FileName: reports/YPO_Membership_Renewals/Americas_Renewals_Business_Networks.report
FullName/Id: YPO_Membership_Renewals/Americas_Renewals_Business_Networks/00O61000004DzwvEAC
Manageable State: unmanaged
Namespace Prefix: null
Created By (Name/Id): Ike Irozuru/00561000001QT3QAAW
Last Modified By (Name/Id): Ike Irozuru/00561000001QT3QAAW
************************************************************
************************************************************
FileName: reports/YPO_Membership_Renewals/FY18_19_New_Opportunities.report
FullName/Id: YPO_Membership_Renewals/FY18_19_New_Opportunities/00O61000001ZaC4EAK
Manageable State: unmanaged
Namespace Prefix: null
Created By (Name/Id): Ike Irozuru/00561000001QT3QAAW
Last Modified By (Name/Id): Ike Irozuru/00561000001QT3QAAW
************************************************************
************************************************************
FileName: reports/YPO_Membership_Renewals/Renewals_FY18_19_Lifetime_Members.report
FullName/Id: YPO_Membership_Renewals/Renewals_FY18_19_Lifetime_Members/00O61000004EJTKEA4
Manageable State: unmanaged
Namespace Prefix: null
Created By (Name/Id): Ike Irozuru/00561000001QT3QAAW
Last Modified By (Name/Id): Ike Irozuru/00561000001QT3QAAW
************************************************************
************************************************************
FileName: reports/YPO_Membership_Renewals/Renewals_FY18_19_Optional_Benefits.report
FullName/Id: YPO_Membership_Renewals/Renewals_FY18_19_Optional_Benefits/00O61000004EI7wEAG
Manageable State: unmanaged
Namespace Prefix: null
Created By (Name/Id): Ike Irozuru/00561000001QT3QAAW
Last Modified By (Name/Id): Ike Irozuru/00561000001QT3QAAW
************************************************************
************************************************************
FileName: reports/YPO_Membership_Renewals/APAC_Renewals_by_Region_Australia_New.report
FullName/Id: YPO_Membership_Renewals/APAC_Renewals_by_Region_Australia_New/00O61000004DzntEAC
Manageable State: unmanaged
Namespace Prefix: null
Created By (Name/Id): Ike Irozuru/00561000001QT3QAAW
Last Modified By (Name/Id): Ike Irozuru/00561000001QT3QAAW
************************************************************
************************************************************
FileName: reports/YPO_Membership_Renewals/Americas_Renewals_Western_US.report
FullName/Id: YPO_Membership_Renewals/Americas_Renewals_Western_US/00O61000004DzwqEAC
Manageable State: unmanaged
Namespace Prefix: null
Created By (Name/Id): Ike Irozuru/00561000001QT3QAAW
Last Modified By (Name/Id): Ike Irozuru/00561000001QT3QAAW
************************************************************
