************************************************************
FileName: reports/Regional_Reports_EMEA/FY19_Officers_Attd_CLW_Americas_EMEA.report
FullName/Id: Regional_Reports_EMEA/FY19_Officers_Attd_CLW_Americas_EMEA/00O610000042p5AEAQ
Manageable State: unmanaged
Namespace Prefix: null
Created By (Name/Id): Danny Smith/00561000002BqLRAA0
Last Modified By (Name/Id): Danny Smith/00561000002BqLRAA0
************************************************************
************************************************************
FileName: reports/Regional_Reports_EMEA/YPO_Chapter_Health_Data_EMEA.report
FullName/Id: Regional_Reports_EMEA/YPO_Chapter_Health_Data_EMEA/00O610000042p8iEAA
Manageable State: unmanaged
Namespace Prefix: null
Created By (Name/Id): Danny Smith/00561000002BqLRAA0
Last Modified By (Name/Id): Danny Smith/00561000002BqLRAA0
************************************************************
************************************************************
FileName: reports/Regional_Reports_EMEA/FY19_Reg_Officers_Reg_for_GLC_EMEA.report
FullName/Id: Regional_Reports_EMEA/FY19_Reg_Officers_Reg_for_GLC_EMEA/00O610000042kvkEAA
Manageable State: unmanaged
Namespace Prefix: null
Created By (Name/Id): Danny Smith/00561000002BqLRAA0
Last Modified By (Name/Id): Danny Smith/00561000002BqLRAA0
************************************************************
************************************************************
FileName: reports/Regional_Reports_EMEA/FY19_Chapter_Officers_Attd_GLC_EMEA.report
FullName/Id: Regional_Reports_EMEA/FY19_Chapter_Officers_Attd_GLC_EMEA/00O610000042p3YEAQ
Manageable State: unmanaged
Namespace Prefix: null
Created By (Name/Id): Danny Smith/00561000002BqLRAA0
Last Modified By (Name/Id): Danny Smith/00561000002BqLRAA0
************************************************************
************************************************************
FileName: reports/Regional_Reports_EMEA/YPO_CBMS6.report
FullName/Id: Regional_Reports_EMEA/YPO_CBMS6/00O610000042kyFEAQ
Manageable State: unmanaged
Namespace Prefix: null
Created By (Name/Id): Danny Smith/00561000002BqLRAA0
Last Modified By (Name/Id): Danny Smith/00561000002BqLRAA0
************************************************************
************************************************************
FileName: reports/Regional_Reports_EMEA/EMEA_Regional_Goals.report
FullName/Id: Regional_Reports_EMEA/EMEA_Regional_Goals/00O6100000435neEAA
Manageable State: unmanaged
Namespace Prefix: null
Created By (Name/Id): Danny Smith/00561000002BqLRAA0
Last Modified By (Name/Id): Danny Smith/00561000002BqLRAA0
************************************************************
************************************************************
FileName: reports/Regional_Reports_EMEA/Renewal_Report_All_EMEA_Members_FY18.report
FullName/Id: Regional_Reports_EMEA/Renewal_Report_All_EMEA_Members_FY18/00O61000004Dy8uEAC
Manageable State: unmanaged
Namespace Prefix: null
Created By (Name/Id): Danny Smith/00561000002BqLRAA0
Last Modified By (Name/Id): Danny Smith/00561000002BqLRAA0
************************************************************
************************************************************
FileName: reports/Regional_Reports_EMEA/YPO_Gold_CBMS10.report
FullName/Id: Regional_Reports_EMEA/YPO_Gold_CBMS10/00O610000042kytEAA
Manageable State: unmanaged
Namespace Prefix: null
Created By (Name/Id): Danny Smith/00561000002BqLRAA0
Last Modified By (Name/Id): Danny Smith/00561000002BqLRAA0
************************************************************
************************************************************
FileName: reports/Regional_Reports_EMEA/FY18_Lifetime_Members_EMEA.report
FullName/Id: Regional_Reports_EMEA/FY18_Lifetime_Members_EMEA/00O61000004ELJ2EAO
Manageable State: unmanaged
Namespace Prefix: null
Created By (Name/Id): Danny Smith/00561000002BqLRAA0
Last Modified By (Name/Id): Danny Smith/00561000002BqLRAA0
************************************************************
************************************************************
FileName: reports/Regional_Reports_EMEA/FY19_Chapter_Officers_ID_EMEA.report
FullName/Id: Regional_Reports_EMEA/FY19_Chapter_Officers_ID_EMEA/00O610000042p2LEAQ
Manageable State: unmanaged
Namespace Prefix: null
Created By (Name/Id): Danny Smith/00561000002BqLRAA0
Last Modified By (Name/Id): Danny Smith/00561000002BqLRAA0
************************************************************
************************************************************
FileName: reports/Regional_Reports_EMEA/YPO_Renewal_Projection_Report_EMEA.report
FullName/Id: Regional_Reports_EMEA/YPO_Renewal_Projection_Report_EMEA/00O61000004EL9MEAW
Manageable State: unmanaged
Namespace Prefix: null
Created By (Name/Id): Danny Smith/00561000002BqLRAA0
Last Modified By (Name/Id): Danny Smith/00561000002BqLRAA0
************************************************************
************************************************************
FileName: reports/Regional_Reports_EMEA/YPO_Chapter_Health_Metrics_EMEA.report
FullName/Id: Regional_Reports_EMEA/YPO_Chapter_Health_Metrics_EMEA/00O610000042p92EAA
Manageable State: unmanaged
Namespace Prefix: null
Created By (Name/Id): Danny Smith/00561000002BqLRAA0
Last Modified By (Name/Id): Danny Smith/00561000002BqLRAA0
************************************************************
************************************************************
FileName: reports/Regional_Reports_EMEA/FY19_Officer_Attd_CLW_Europe_EMEA.report
FullName/Id: Regional_Reports_EMEA/FY19_Officer_Attd_CLW_Europe_EMEA/00O610000042p6DEAQ
Manageable State: unmanaged
Namespace Prefix: null
Created By (Name/Id): Danny Smith/00561000002BqLRAA0
Last Modified By (Name/Id): Danny Smith/00561000002BqLRAA0
************************************************************
************************************************************
FileName: reports/Regional_Reports_EMEA/FY19_Regional_Officer_ID_EMEA.report
FullName/Id: Regional_Reports_EMEA/FY19_Regional_Officer_ID_EMEA/00O610000042p1IEAQ
Manageable State: unmanaged
Namespace Prefix: null
Created By (Name/Id): Danny Smith/00561000002BqLRAA0
Last Modified By (Name/Id): Danny Smith/00561000002BqLRAA0
************************************************************
