************************************************************
FileName: reports/MENA_Reports/MENA_New_members_last_3_yrs.report
FullName/Id: MENA_Reports/MENA_New_members_last_3_yrs/00O61000004ElmkEAC
Manageable State: unmanaged
Namespace Prefix: null
Created By (Name/Id): Priya Thakur/00561000002EIpDAAW
Last Modified By (Name/Id): Priya Thakur/00561000002EIpDAAW
************************************************************
************************************************************
FileName: reports/MENA_Reports/MENA_Members_w_Spouses_Children.report
FullName/Id: MENA_Reports/MENA_Members_w_Spouses_Children/00O61000003nVxKEAU
Manageable State: unmanaged
Namespace Prefix: null
Created By (Name/Id): Diana Noueihed/00561000002Dp1hAAC
Last Modified By (Name/Id): Kelli Do/00561000001PrKOAA0
************************************************************
************************************************************
FileName: reports/MENA_Reports/FY19_Chapter_Officer_Attd_GLC_MENA.report
FullName/Id: MENA_Reports/FY19_Chapter_Officer_Attd_GLC_MENA/00O610000042mNBEAY
Manageable State: unmanaged
Namespace Prefix: null
Created By (Name/Id): Danny Smith/00561000002BqLRAA0
Last Modified By (Name/Id): Danny Smith/00561000002BqLRAA0
************************************************************
************************************************************
FileName: reports/MENA_Reports/MENA_Members_Active_Business_By_Industry.report
FullName/Id: MENA_Reports/MENA_Members_Active_Business_By_Industry/00O610000046XiTEAU
Manageable State: unmanaged
Namespace Prefix: null
Created By (Name/Id): Diana Noueihed/00561000002Dp1hAAC
Last Modified By (Name/Id): Diana Noueihed/00561000002Dp1hAAC
************************************************************
************************************************************
FileName: reports/MENA_Reports/FY19_Reg_Officers_Reg_for_GLC_MENA.report
FullName/Id: MENA_Reports/FY19_Reg_Officers_Reg_for_GLC_MENA/00O610000042kucEAA
Manageable State: unmanaged
Namespace Prefix: null
Created By (Name/Id): Danny Smith/00561000002BqLRAA0
Last Modified By (Name/Id): Danny Smith/00561000002BqLRAA0
************************************************************
************************************************************
FileName: reports/MENA_Reports/FY19_Chapter_Officer_ID_MENA.report
FullName/Id: MENA_Reports/FY19_Chapter_Officer_ID_MENA/00O610000042mMwEAI
Manageable State: unmanaged
Namespace Prefix: null
Created By (Name/Id): Danny Smith/00561000002BqLRAA0
Last Modified By (Name/Id): Danny Smith/00561000002BqLRAA0
************************************************************
************************************************************
FileName: reports/MENA_Reports/Renewal_Progress_Status_FY18_19_MENA.report
FullName/Id: MENA_Reports/Renewal_Progress_Status_FY18_19_MENA/00O61000004EDSuEAO
Manageable State: unmanaged
Namespace Prefix: null
Created By (Name/Id): Danny Smith/00561000002BqLRAA0
Last Modified By (Name/Id): Danny Smith/00561000002BqLRAA0
************************************************************
************************************************************
FileName: reports/MENA_Reports/MENA_Chapter_Officers1.report
FullName/Id: MENA_Reports/MENA_Chapter_Officers1/00O61000004614IEAQ
Manageable State: unmanaged
Namespace Prefix: null
Created By (Name/Id): Diana Noueihed/00561000002Dp1hAAC
Last Modified By (Name/Id): Diana Noueihed/00561000002Dp1hAAC
************************************************************
************************************************************
FileName: reports/MENA_Reports/Y_Gold_MENA_Members_Spouses_Children1.report
FullName/Id: MENA_Reports/Y_Gold_MENA_Members_Spouses_Children1/00O610000042TVUEA2
Manageable State: unmanaged
Namespace Prefix: null
Created By (Name/Id): Diana Noueihed/00561000002Dp1hAAC
Last Modified By (Name/Id): Diana Noueihed/00561000002Dp1hAAC
************************************************************
************************************************************
FileName: reports/MENA_Reports/New_Members_2014_18.report
FullName/Id: MENA_Reports/New_Members_2014_18/00O61000004EaluEAC
Manageable State: unmanaged
Namespace Prefix: null
Created By (Name/Id): Priya Thakur/00561000002EIpDAAW
Last Modified By (Name/Id): Priya Thakur/00561000002EIpDAAW
************************************************************
************************************************************
FileName: reports/MENA_Reports/MENA_Identified_Officers_Elect.report
FullName/Id: MENA_Reports/MENA_Identified_Officers_Elect/00O61000004EgxsEAC
Manageable State: unmanaged
Namespace Prefix: null
Created By (Name/Id): Diana Noueihed/00561000002Dp1hAAC
Last Modified By (Name/Id): Diana Noueihed/00561000002Dp1hAAC
************************************************************
************************************************************
FileName: reports/MENA_Reports/MENA_All_Members_Priya_T.report
FullName/Id: MENA_Reports/MENA_All_Members_Priya_T/00O61000004EGjeEAG
Manageable State: unmanaged
Namespace Prefix: null
Created By (Name/Id): Joy Hayes/00561000002DozJAAS
Last Modified By (Name/Id): Joy Hayes/00561000002DozJAAS
************************************************************
************************************************************
FileName: reports/MENA_Reports/MENA_Regional_Officers.report
FullName/Id: MENA_Reports/MENA_Regional_Officers/00O6100000460k8EAA
Manageable State: unmanaged
Namespace Prefix: null
Created By (Name/Id): Diana Noueihed/00561000002Dp1hAAC
Last Modified By (Name/Id): Diana Noueihed/00561000002Dp1hAAC
************************************************************
************************************************************
FileName: reports/MENA_Reports/FY19_MENA_Chapter_Chairs.report
FullName/Id: MENA_Reports/FY19_MENA_Chapter_Chairs/00O61000004ErmREAS
Manageable State: unmanaged
Namespace Prefix: null
Created By (Name/Id): Diana Noueihed/00561000002Dp1hAAC
Last Modified By (Name/Id): Diana Noueihed/00561000002Dp1hAAC
************************************************************
************************************************************
FileName: reports/MENA_Reports/X2018_Singapore_EDGE_Member_List2.report
FullName/Id: MENA_Reports/X2018_Singapore_EDGE_Member_List2/00O610000042rOdEAI
Manageable State: unmanaged
Namespace Prefix: null
Created By (Name/Id): Danny Smith/00561000002BqLRAA0
Last Modified By (Name/Id): Diana Noueihed/00561000002Dp1hAAC
************************************************************
************************************************************
FileName: reports/MENA_Reports/YPO_Renewal_Projection_Report_MENA.report
FullName/Id: MENA_Reports/YPO_Renewal_Projection_Report_MENA/00O61000004ELAKEA4
Manageable State: unmanaged
Namespace Prefix: null
Created By (Name/Id): Danny Smith/00561000002BqLRAA0
Last Modified By (Name/Id): Danny Smith/00561000002BqLRAA0
************************************************************
************************************************************
FileName: reports/MENA_Reports/MENA_Chapter_Goals_FY18.report
FullName/Id: MENA_Reports/MENA_Chapter_Goals_FY18/00O610000046TfQEAU
Manageable State: unmanaged
Namespace Prefix: null
Created By (Name/Id): Diana Noueihed/00561000002Dp1hAAC
Last Modified By (Name/Id): Diana Noueihed/00561000002Dp1hAAC
************************************************************
************************************************************
FileName: reports/MENA_Reports/Chapter_Health_MENA.report
FullName/Id: MENA_Reports/Chapter_Health_MENA/00O610000042TXuEAM
Manageable State: unmanaged
Namespace Prefix: null
Created By (Name/Id): Diana Noueihed/00561000002Dp1hAAC
Last Modified By (Name/Id): Diana Noueihed/00561000002Dp1hAAC
************************************************************
************************************************************
FileName: reports/MENA_Reports/FY19_Officer_Attd_CLW_America_MENA.report
FullName/Id: MENA_Reports/FY19_Officer_Attd_CLW_America_MENA/00O610000042mNfEAI
Manageable State: unmanaged
Namespace Prefix: null
Created By (Name/Id): Danny Smith/00561000002BqLRAA0
Last Modified By (Name/Id): Danny Smith/00561000002BqLRAA0
************************************************************
************************************************************
FileName: reports/MENA_Reports/YPO_MENA.report
FullName/Id: MENA_Reports/YPO_MENA/00O610000042my2EAA
Manageable State: unmanaged
Namespace Prefix: null
Created By (Name/Id): Ruby Ibrahim/00561000002DozRAAS
Last Modified By (Name/Id): Ruby Ibrahim/00561000002DozRAAS
************************************************************
************************************************************
FileName: reports/MENA_Reports/MENA_CAs.report
FullName/Id: MENA_Reports/MENA_CAs/00O610000046SMXEA2
Manageable State: unmanaged
Namespace Prefix: null
Created By (Name/Id): Diana Noueihed/00561000002Dp1hAAC
Last Modified By (Name/Id): Diana Noueihed/00561000002Dp1hAAC
************************************************************
************************************************************
FileName: reports/MENA_Reports/FY18_Lifetime_Members_MENA.report
FullName/Id: MENA_Reports/FY18_Lifetime_Members_MENA/00O61000004ELOqEAO
Manageable State: unmanaged
Namespace Prefix: null
Created By (Name/Id): Danny Smith/00561000002BqLRAA0
Last Modified By (Name/Id): Danny Smith/00561000002BqLRAA0
************************************************************
************************************************************
FileName: reports/MENA_Reports/YPO_Chapter_Health_Data_MENA.report
FullName/Id: MENA_Reports/YPO_Chapter_Health_Data_MENA/00O610000042la4EAA
Manageable State: unmanaged
Namespace Prefix: null
Created By (Name/Id): Danny Smith/00561000002BqLRAA0
Last Modified By (Name/Id): Danny Smith/00561000002BqLRAA0
************************************************************
************************************************************
FileName: reports/MENA_Reports/MENA_YPO_Members_w_Company_Info.report
FullName/Id: MENA_Reports/MENA_YPO_Members_w_Company_Info/00O61000004ENuUEAW
Manageable State: unmanaged
Namespace Prefix: null
Created By (Name/Id): Danny Smith/00561000002BqLRAA0
Last Modified By (Name/Id): Danny Smith/00561000002BqLRAA0
************************************************************
************************************************************
FileName: reports/MENA_Reports/YPO_Chapter_Health_Metrics_MENA.report
FullName/Id: MENA_Reports/YPO_Chapter_Health_Metrics_MENA/00O610000042lc0EAA
Manageable State: unmanaged
Namespace Prefix: null
Created By (Name/Id): Danny Smith/00561000002BqLRAA0
Last Modified By (Name/Id): Danny Smith/00561000002BqLRAA0
************************************************************
************************************************************
FileName: reports/MENA_Reports/YPO_Gold_CBMS13.report
FullName/Id: MENA_Reports/YPO_Gold_CBMS13/00O610000042kzSEAQ
Manageable State: unmanaged
Namespace Prefix: null
Created By (Name/Id): Danny Smith/00561000002BqLRAA0
Last Modified By (Name/Id): Danny Smith/00561000002BqLRAA0
************************************************************
************************************************************
FileName: reports/MENA_Reports/Chapter_Visits_Middle_East_North_Africa.report
FullName/Id: MENA_Reports/Chapter_Visits_Middle_East_North_Africa/00O61000004EOg4EAG
Manageable State: unmanaged
Namespace Prefix: null
Created By (Name/Id): Danny Smith/00561000002BqLRAA0
Last Modified By (Name/Id): Danny Smith/00561000002BqLRAA0
************************************************************
************************************************************
FileName: reports/MENA_Reports/MENA_FY18_Chapter_Officers.report
FullName/Id: MENA_Reports/MENA_FY18_Chapter_Officers/00O6100000460k3EAA
Manageable State: unmanaged
Namespace Prefix: null
Created By (Name/Id): Diana Noueihed/00561000002Dp1hAAC
Last Modified By (Name/Id): Diana Noueihed/00561000002Dp1hAAC
************************************************************
************************************************************
FileName: reports/MENA_Reports/FY19_Officers_Attd_CLW_Europe_MENA.report
FullName/Id: MENA_Reports/FY19_Officers_Attd_CLW_Europe_MENA/00O610000042mNVEAY
Manageable State: unmanaged
Namespace Prefix: null
Created By (Name/Id): Danny Smith/00561000002BqLRAA0
Last Modified By (Name/Id): Danny Smith/00561000002BqLRAA0
************************************************************
************************************************************
FileName: reports/MENA_Reports/MENA_Identified_Officers_Elect_FY19.report
FullName/Id: MENA_Reports/MENA_Identified_Officers_Elect_FY19/00O610000042bdZEAQ
Manageable State: unmanaged
Namespace Prefix: null
Created By (Name/Id): Diana Noueihed/00561000002Dp1hAAC
Last Modified By (Name/Id): Diana Noueihed/00561000002Dp1hAAC
************************************************************
************************************************************
FileName: reports/MENA_Reports/MENA_Renewals_Projection_Report.report
FullName/Id: MENA_Reports/MENA_Renewals_Projection_Report/00O61000004614XEAQ
Manageable State: unmanaged
Namespace Prefix: null
Created By (Name/Id): Diana Noueihed/00561000002Dp1hAAC
Last Modified By (Name/Id): Diana Noueihed/00561000002Dp1hAAC
************************************************************
************************************************************
FileName: reports/MENA_Reports/CA_List_MENA.report
FullName/Id: MENA_Reports/CA_List_MENA/00O61000004ErnKEAS
Manageable State: unmanaged
Namespace Prefix: null
Created By (Name/Id): Diana Noueihed/00561000002Dp1hAAC
Last Modified By (Name/Id): Diana Noueihed/00561000002Dp1hAAC
************************************************************
************************************************************
FileName: reports/MENA_Reports/New_MENA_Members.report
FullName/Id: MENA_Reports/New_MENA_Members/00O610000042PaLEAU
Manageable State: unmanaged
Namespace Prefix: null
Created By (Name/Id): Diana Noueihed/00561000002Dp1hAAC
Last Modified By (Name/Id): Diana Noueihed/00561000002Dp1hAAC
************************************************************
************************************************************
FileName: reports/MENA_Reports/YPO_Member_Profile_Report_MENA.report
FullName/Id: MENA_Reports/YPO_Member_Profile_Report_MENA/00O610000042lYNEAY
Manageable State: unmanaged
Namespace Prefix: null
Created By (Name/Id): Danny Smith/00561000002BqLRAA0
Last Modified By (Name/Id): Danny Smith/00561000002BqLRAA0
************************************************************
************************************************************
FileName: reports/MENA_Reports/YPO_CBMS13.report
FullName/Id: MENA_Reports/YPO_CBMS13/00O610000042kzXEAQ
Manageable State: unmanaged
Namespace Prefix: null
Created By (Name/Id): Danny Smith/00561000002BqLRAA0
Last Modified By (Name/Id): Danny Smith/00561000002BqLRAA0
************************************************************
************************************************************
FileName: reports/MENA_Reports/Chapter_Officers_Past_Current_Elect6.report
FullName/Id: MENA_Reports/Chapter_Officers_Past_Current_Elect6/00O610000042TVFEA2
Manageable State: unmanaged
Namespace Prefix: null
Created By (Name/Id): Diana Noueihed/00561000002Dp1hAAC
Last Modified By (Name/Id): Diana Noueihed/00561000002Dp1hAAC
************************************************************
