************************************************************
FileName: reports/South_Asia_reports/YPO_Bangalore_Member_Engagement_List.report
FullName/Id: South_Asia_reports/YPO_Bangalore_Member_Engagement_List/00O61000004EkNeEAK
Manageable State: unmanaged
Namespace Prefix: null
Created By (Name/Id): Danny Smith/00561000002BqLRAA0
Last Modified By (Name/Id): Danny Smith/00561000002BqLRAA0
************************************************************
************************************************************
FileName: reports/South_Asia_reports/FY19_Officer_Attd_CLW_America_South_Asia.report
FullName/Id: South_Asia_reports/FY19_Officer_Attd_CLW_America_South_Asia/00O610000042mWhEAI
Manageable State: unmanaged
Namespace Prefix: null
Created By (Name/Id): Danny Smith/00561000002BqLRAA0
Last Modified By (Name/Id): Danny Smith/00561000002BqLRAA0
************************************************************
************************************************************
FileName: reports/South_Asia_reports/YPO_Member_Profile_Report_South_Asia.report
FullName/Id: South_Asia_reports/YPO_Member_Profile_Report_South_Asia/00O610000042lYrEAI
Manageable State: unmanaged
Namespace Prefix: null
Created By (Name/Id): Danny Smith/00561000002BqLRAA0
Last Modified By (Name/Id): Danny Smith/00561000002BqLRAA0
************************************************************
************************************************************
FileName: reports/South_Asia_reports/South_Asia_renewal_projection_report.report
FullName/Id: South_Asia_reports/South_Asia_renewal_projection_report/00O61000001ZmP0EAK
Manageable State: unmanaged
Namespace Prefix: null
Created By (Name/Id): Preeti Singh/00561000002EIpCAAW
Last Modified By (Name/Id): Preeti Singh/00561000002EIpCAAW
************************************************************
************************************************************
FileName: reports/South_Asia_reports/FY19_Officer_Attd_CLW_Europe_South_Asia.report
FullName/Id: South_Asia_reports/FY19_Officer_Attd_CLW_Europe_South_Asia/00O610000042mVoEAI
Manageable State: unmanaged
Namespace Prefix: null
Created By (Name/Id): Danny Smith/00561000002BqLRAA0
Last Modified By (Name/Id): Danny Smith/00561000002BqLRAA0
************************************************************
************************************************************
FileName: reports/South_Asia_reports/FY18_List_of_Lifetime_Member_South_Asia.report
FullName/Id: South_Asia_reports/FY18_List_of_Lifetime_Member_South_Asia/00O61000004ELJWEA4
Manageable State: unmanaged
Namespace Prefix: null
Created By (Name/Id): Danny Smith/00561000002BqLRAA0
Last Modified By (Name/Id): Danny Smith/00561000002BqLRAA0
************************************************************
************************************************************
FileName: reports/South_Asia_reports/South_Asia_Regional_Officers1.report
FullName/Id: South_Asia_reports/South_Asia_Regional_Officers1/00O61000004EkNKEA0
Manageable State: unmanaged
Namespace Prefix: null
Created By (Name/Id): Preeti Singh/00561000002EIpCAAW
Last Modified By (Name/Id): Preeti Singh/00561000002EIpCAAW
************************************************************
************************************************************
FileName: reports/South_Asia_reports/YPO_CBMS18.report
FullName/Id: South_Asia_reports/YPO_CBMS18/00O610000042l0LEAQ
Manageable State: unmanaged
Namespace Prefix: null
Created By (Name/Id): Danny Smith/00561000002BqLRAA0
Last Modified By (Name/Id): Danny Smith/00561000002BqLRAA0
************************************************************
************************************************************
FileName: reports/South_Asia_reports/Chapter_Visits_South_Asia.report
FullName/Id: South_Asia_reports/Chapter_Visits_South_Asia/00O61000004Dxt6EAC
Manageable State: unmanaged
Namespace Prefix: null
Created By (Name/Id): Danny Smith/00561000002BqLRAA0
Last Modified By (Name/Id): Danny Smith/00561000002BqLRAA0
************************************************************
************************************************************
FileName: reports/South_Asia_reports/YPO_Chapter_Health_Metrics_South_Asia.report
FullName/Id: South_Asia_reports/YPO_Chapter_Health_Metrics_South_Asia/00O610000042lcUEAQ
Manageable State: unmanaged
Namespace Prefix: null
Created By (Name/Id): Danny Smith/00561000002BqLRAA0
Last Modified By (Name/Id): Danny Smith/00561000002BqLRAA0
************************************************************
************************************************************
FileName: reports/South_Asia_reports/YPO_Gold_CBMS18.report
FullName/Id: South_Asia_reports/YPO_Gold_CBMS18/00O610000042l0GEAQ
Manageable State: unmanaged
Namespace Prefix: null
Created By (Name/Id): Danny Smith/00561000002BqLRAA0
Last Modified By (Name/Id): Danny Smith/00561000002BqLRAA0
************************************************************
************************************************************
FileName: reports/South_Asia_reports/Test_Events_by_Region.report
FullName/Id: South_Asia_reports/Test_Events_by_Region/00O610000046XgwEAE
Manageable State: unmanaged
Namespace Prefix: null
Created By (Name/Id): Sabrina Beleck/00561000002BqLZAA0
Last Modified By (Name/Id): Sabrina Beleck/00561000002BqLZAA0
************************************************************
************************************************************
FileName: reports/South_Asia_reports/FY19_South_Asia_Members_in_Networks.report
FullName/Id: South_Asia_reports/FY19_South_Asia_Members_in_Networks/00O61000004EkN0EAK
Manageable State: unmanaged
Namespace Prefix: null
Created By (Name/Id): Danny Smith/00561000002BqLRAA0
Last Modified By (Name/Id): Danny Smith/00561000002BqLRAA0
************************************************************
************************************************************
FileName: reports/South_Asia_reports/FY19_Reg_Officers_Reg_for_GLC_SoAsia.report
FullName/Id: South_Asia_reports/FY19_Reg_Officers_Reg_for_GLC_SoAsia/00O610000042ku8EAA
Manageable State: unmanaged
Namespace Prefix: null
Created By (Name/Id): Danny Smith/00561000002BqLRAA0
Last Modified By (Name/Id): Danny Smith/00561000002BqLRAA0
************************************************************
************************************************************
FileName: reports/South_Asia_reports/FY19_Chapter_Officer_Attd_GLC_South_Asia.report
FullName/Id: South_Asia_reports/FY19_Chapter_Officer_Attd_GLC_South_Asia/00O610000042mVAEAY
Manageable State: unmanaged
Namespace Prefix: null
Created By (Name/Id): Danny Smith/00561000002BqLRAA0
Last Modified By (Name/Id): Danny Smith/00561000002BqLRAA0
************************************************************
************************************************************
FileName: reports/South_Asia_reports/Chapter_Officers_Current_Elect_pre_elect.report
FullName/Id: South_Asia_reports/Chapter_Officers_Current_Elect_pre_elect/00O610000042fWzEAI
Manageable State: unmanaged
Namespace Prefix: null
Created By (Name/Id): Preeti Singh/00561000002EIpCAAW
Last Modified By (Name/Id): Preeti Singh/00561000002EIpCAAW
************************************************************
************************************************************
FileName: reports/South_Asia_reports/YPO_Renewal_Projection_Report_South_Asia.report
FullName/Id: South_Asia_reports/YPO_Renewal_Projection_Report_South_Asia/00O61000004EL9gEAG
Manageable State: unmanaged
Namespace Prefix: null
Created By (Name/Id): Danny Smith/00561000002BqLRAA0
Last Modified By (Name/Id): Danny Smith/00561000002BqLRAA0
************************************************************
************************************************************
FileName: reports/South_Asia_reports/FY19_Regional_Officer_ID_South_Asia.report
FullName/Id: South_Asia_reports/FY19_Regional_Officer_ID_South_Asia/00O610000042l0pEAA
Manageable State: unmanaged
Namespace Prefix: null
Created By (Name/Id): Danny Smith/00561000002BqLRAA0
Last Modified By (Name/Id): Danny Smith/00561000002BqLRAA0
************************************************************
************************************************************
FileName: reports/South_Asia_reports/Chapter_Officers_Past_Current_Elect7.report
FullName/Id: South_Asia_reports/Chapter_Officers_Past_Current_Elect7/00O610000042dmpEAA
Manageable State: unmanaged
Namespace Prefix: null
Created By (Name/Id): Preeti Singh/00561000002EIpCAAW
Last Modified By (Name/Id): Preeti Singh/00561000002EIpCAAW
************************************************************
************************************************************
FileName: reports/South_Asia_reports/YPO_Chapter_Health_Data_South_Asia.report
FullName/Id: South_Asia_reports/YPO_Chapter_Health_Data_South_Asia/00O610000042laTEAQ
Manageable State: unmanaged
Namespace Prefix: null
Created By (Name/Id): Danny Smith/00561000002BqLRAA0
Last Modified By (Name/Id): Danny Smith/00561000002BqLRAA0
************************************************************
************************************************************
FileName: reports/South_Asia_reports/FY19_Chapter_Officer_ID_South_Asia.report
FullName/Id: South_Asia_reports/FY19_Chapter_Officer_ID_South_Asia/00O610000042mUlEAI
Manageable State: unmanaged
Namespace Prefix: null
Created By (Name/Id): Danny Smith/00561000002BqLRAA0
Last Modified By (Name/Id): Danny Smith/00561000002BqLRAA0
************************************************************
************************************************************
FileName: reports/South_Asia_reports/Renewal_Progress_Status_FY18_19_S_Asia.report
FullName/Id: South_Asia_reports/Renewal_Progress_Status_FY18_19_S_Asia/00O61000004EDSVEA4
Manageable State: unmanaged
Namespace Prefix: null
Created By (Name/Id): Danny Smith/00561000002BqLRAA0
Last Modified By (Name/Id): Danny Smith/00561000002BqLRAA0
************************************************************
