************************************************************
FileName: reports/FingerTip__FT_Decision_Reports/FingerTip__Number_of_contacts_created.report
FullName/Id: FingerTip__FT_Decision_Reports/FingerTip__Number_of_contacts_created/00O61000003nVFMEA2
Manageable State: installed
Namespace Prefix: FingerTip
Created By (Name/Id): Joe Aho/00561000002SXOVAA4
Last Modified By (Name/Id): Joe Aho/00561000002SXOVAA4
************************************************************
************************************************************
FileName: reports/FingerTip__FT_Decision_Reports/FingerTip__Number_of_decisions_created_this_week.report
FullName/Id: FingerTip__FT_Decision_Reports/FingerTip__Number_of_decisions_created_this_week/00O61000003nVFNEA2
Manageable State: installed
Namespace Prefix: FingerTip
Created By (Name/Id): Joe Aho/00561000002SXOVAA4
Last Modified By (Name/Id): Joe Aho/00561000002SXOVAA4
************************************************************
************************************************************
FileName: reports/FingerTip__FT_Decision_Reports/FingerTip__Decisions_Created.report
FullName/Id: FingerTip__FT_Decision_Reports/FingerTip__Decisions_Created/00O61000003nVFJEA2
Manageable State: installed
Namespace Prefix: FingerTip
Created By (Name/Id): Joe Aho/00561000002SXOVAA4
Last Modified By (Name/Id): Joe Aho/00561000002SXOVAA4
************************************************************
************************************************************
FileName: reports/FingerTip__FT_Decision_Reports/FingerTip__Decisions_Created_by_users.report
FullName/Id: FingerTip__FT_Decision_Reports/FingerTip__Decisions_Created_by_users/00O61000003nVFKEA2
Manageable State: installed
Namespace Prefix: FingerTip
Created By (Name/Id): Joe Aho/00561000002SXOVAA4
Last Modified By (Name/Id): Joe Aho/00561000002SXOVAA4
************************************************************
************************************************************
FileName: reports/FingerTip__FT_Decision_Reports/FingerTip__Number_of_accounts_added_for_a_day.report
FullName/Id: FingerTip__FT_Decision_Reports/FingerTip__Number_of_accounts_added_for_a_day/00O61000003nVFLEA2
Manageable State: installed
Namespace Prefix: FingerTip
Created By (Name/Id): Joe Aho/00561000002SXOVAA4
Last Modified By (Name/Id): Joe Aho/00561000002SXOVAA4
************************************************************
************************************************************
FileName: reports/FingerTip__FT_Decision_Reports/Forums_Created_by_contractors.report
FullName/Id: FingerTip__FT_Decision_Reports/Forums_Created_by_contractors/00O61000003nXOqEAM
Manageable State: unmanaged
Namespace Prefix: null
Created By (Name/Id): Susan Dodia/00561000002BqLWAA0
Last Modified By (Name/Id): Susan Dodia/00561000002BqLWAA0
************************************************************
************************************************************
FileName: reports/FingerTip__FT_Decision_Reports/FingerTip__Number_of_decisions_due_this_week.report
FullName/Id: FingerTip__FT_Decision_Reports/FingerTip__Number_of_decisions_due_this_week/00O61000003nVFPEA2
Manageable State: installed
Namespace Prefix: FingerTip
Created By (Name/Id): Joe Aho/00561000002SXOVAA4
Last Modified By (Name/Id): Joe Aho/00561000002SXOVAA4
************************************************************
************************************************************
FileName: reports/FingerTip__FT_Decision_Reports/FingerTip__Decision_Progress.report
FullName/Id: FingerTip__FT_Decision_Reports/FingerTip__Decision_Progress/00O61000003nVFIEA2
Manageable State: installed
Namespace Prefix: FingerTip
Created By (Name/Id): Joe Aho/00561000002SXOVAA4
Last Modified By (Name/Id): Joe Aho/00561000002SXOVAA4
************************************************************
************************************************************
FileName: reports/FingerTip__FT_Decision_Reports/FingerTip__Number_of_decisions_due_for_this_week.report
FullName/Id: FingerTip__FT_Decision_Reports/FingerTip__Number_of_decisions_due_for_this_week/00O61000003nVFOEA2
Manageable State: installed
Namespace Prefix: FingerTip
Created By (Name/Id): Joe Aho/00561000002SXOVAA4
Last Modified By (Name/Id): Joe Aho/00561000002SXOVAA4
************************************************************
