************************************************************
FileName: reports/Event_Reports/Backlog_with_rankings.report
FullName/Id: Event_Reports/Backlog_with_rankings/00O610000046PJtEAM
Manageable State: unmanaged
Namespace Prefix: null
Created By (Name/Id): Lynn Phillips/00561000000JTJQAA4
Last Modified By (Name/Id): Lynn Phillips/00561000000JTJQAA4
************************************************************
************************************************************
FileName: reports/Event_Reports/Weekly_Sum_chapter_events_from_CHD.report
FullName/Id: Event_Reports/Weekly_Sum_chapter_events_from_CHD/00O61000003nFFhEAM
Manageable State: unmanaged
Namespace Prefix: null
Created By (Name/Id): Lynn Phillips/00561000000JTJQAA4
Last Modified By (Name/Id): Lynn Phillips/00561000000JTJQAA4
************************************************************
************************************************************
FileName: reports/Event_Reports/VBC_Event_Registration_Report.report
FullName/Id: Event_Reports/VBC_Event_Registration_Report/00O610000042RsHEAU
Manageable State: unmanaged
Namespace Prefix: null
Created By (Name/Id): Victoria Corts/00561000002BqLTAA0
Last Modified By (Name/Id): Victoria Corts/00561000002BqLTAA0
************************************************************
************************************************************
FileName: reports/Event_Reports/Number_of_Events_by_member.report
FullName/Id: Event_Reports/Number_of_Events_by_member/00O610000042fkNEAQ
Manageable State: unmanaged
Namespace Prefix: null
Created By (Name/Id): Lynn Phillips/00561000000JTJQAA4
Last Modified By (Name/Id): Lynn Phillips/00561000000JTJQAA4
************************************************************
************************************************************
FileName: reports/Event_Reports/Backlog_unranked_LPP.report
FullName/Id: Event_Reports/Backlog_unranked_LPP/00O610000046TFIEA2
Manageable State: unmanaged
Namespace Prefix: null
Created By (Name/Id): Lynn Phillips/00561000000JTJQAA4
Last Modified By (Name/Id): Lynn Phillips/00561000000JTJQAA4
************************************************************
************************************************************
FileName: reports/Event_Reports/Weekly_Sum_chapter_events_Event_Assoc.report
FullName/Id: Event_Reports/Weekly_Sum_chapter_events_Event_Assoc/00O61000003nGciEAE
Manageable State: unmanaged
Namespace Prefix: null
Created By (Name/Id): Lynn Phillips/00561000000JTJQAA4
Last Modified By (Name/Id): Lynn Phillips/00561000000JTJQAA4
************************************************************
************************************************************
FileName: reports/Event_Reports/Incorrect_Chapter_Events.report
FullName/Id: Event_Reports/Incorrect_Chapter_Events/00O61000003nHUaEAM
Manageable State: unmanaged
Namespace Prefix: null
Created By (Name/Id): Lynn Phillips/00561000000JTJQAA4
Last Modified By (Name/Id): Lynn Phillips/00561000000JTJQAA4
************************************************************
