************************************************************
FileName: reports/ffxp__ffdc5_FinancialForce_Audit_Reports/ffxp__ffdc5_SalesCreditNoteAnalysisReport.report
FullName/Id: ffxp__ffdc5_FinancialForce_Audit_Reports/ffxp__ffdc5_SalesCreditNoteAnalysisReport/00O610000042zkOEAQ
Manageable State: installed
Namespace Prefix: ffxp
Created By (Name/Id): TEMPORARY FF Onboarding Login/00561000002zrVwAAI
Last Modified By (Name/Id): TEMPORARY FF Onboarding Login/00561000002zrVwAAI
************************************************************
************************************************************
FileName: reports/ffxp__ffdc5_FinancialForce_Audit_Reports/ffxp__ffdc5_Purchase_Credit_Notes_Audit_Report.report
FullName/Id: ffxp__ffdc5_FinancialForce_Audit_Reports/ffxp__ffdc5_Purchase_Credit_Notes_Audit_Report/00O610000042zkMEAQ
Manageable State: installed
Namespace Prefix: ffxp
Created By (Name/Id): TEMPORARY FF Onboarding Login/00561000002zrVwAAI
Last Modified By (Name/Id): TEMPORARY FF Onboarding Login/00561000002zrVwAAI
************************************************************
************************************************************
FileName: reports/ffxp__ffdc5_FinancialForce_Audit_Reports/ffxp__ffdc5_PurchaseCreditNoteAnalysisReport.report
FullName/Id: ffxp__ffdc5_FinancialForce_Audit_Reports/ffxp__ffdc5_PurchaseCreditNoteAnalysisReport/00O610000042zkKEAQ
Manageable State: installed
Namespace Prefix: ffxp
Created By (Name/Id): TEMPORARY FF Onboarding Login/00561000002zrVwAAI
Last Modified By (Name/Id): TEMPORARY FF Onboarding Login/00561000002zrVwAAI
************************************************************
************************************************************
FileName: reports/ffxp__ffdc5_FinancialForce_Audit_Reports/ffxp__ffdc5_JournalDetails.report
FullName/Id: ffxp__ffdc5_FinancialForce_Audit_Reports/ffxp__ffdc5_JournalDetails/00O610000042zkIEAQ
Manageable State: installed
Namespace Prefix: ffxp
Created By (Name/Id): TEMPORARY FF Onboarding Login/00561000002zrVwAAI
Last Modified By (Name/Id): TEMPORARY FF Onboarding Login/00561000002zrVwAAI
************************************************************
************************************************************
FileName: reports/ffxp__ffdc5_FinancialForce_Audit_Reports/ffxp__ffdc5_SalesCreditNoteDetails.report
FullName/Id: ffxp__ffdc5_FinancialForce_Audit_Reports/ffxp__ffdc5_SalesCreditNoteDetails/00O610000042zkPEAQ
Manageable State: installed
Namespace Prefix: ffxp
Created By (Name/Id): TEMPORARY FF Onboarding Login/00561000002zrVwAAI
Last Modified By (Name/Id): TEMPORARY FF Onboarding Login/00561000002zrVwAAI
************************************************************
************************************************************
FileName: reports/ffxp__ffdc5_FinancialForce_Audit_Reports/ffxp__ffdc5_Purchase_Invoices_Audit_Report.report
FullName/Id: ffxp__ffdc5_FinancialForce_Audit_Reports/ffxp__ffdc5_Purchase_Invoices_Audit_Report/00O610000042zkNEAQ
Manageable State: installed
Namespace Prefix: ffxp
Created By (Name/Id): TEMPORARY FF Onboarding Login/00561000002zrVwAAI
Last Modified By (Name/Id): TEMPORARY FF Onboarding Login/00561000002zrVwAAI
************************************************************
************************************************************
FileName: reports/ffxp__ffdc5_FinancialForce_Audit_Reports/Cvent_Journals.report
FullName/Id: ffxp__ffdc5_FinancialForce_Audit_Reports/Cvent_Journals/00O61000004EMoQEAW
Manageable State: unmanaged
Namespace Prefix: null
Created By (Name/Id): Pearl Jackson/00561000001QT36AAG
Last Modified By (Name/Id): Pearl Jackson/00561000001QT36AAG
************************************************************
************************************************************
FileName: reports/ffxp__ffdc5_FinancialForce_Audit_Reports/ffxp__ffdc5_CashMatchingDetails.report
FullName/Id: ffxp__ffdc5_FinancialForce_Audit_Reports/ffxp__ffdc5_CashMatchingDetails/00O610000042zkGEAQ
Manageable State: installed
Namespace Prefix: ffxp
Created By (Name/Id): TEMPORARY FF Onboarding Login/00561000002zrVwAAI
Last Modified By (Name/Id): TEMPORARY FF Onboarding Login/00561000002zrVwAAI
************************************************************
************************************************************
FileName: reports/ffxp__ffdc5_FinancialForce_Audit_Reports/ffxp__ffdc5_PurchaseInvoiceAnalysisReport.report
FullName/Id: ffxp__ffdc5_FinancialForce_Audit_Reports/ffxp__ffdc5_PurchaseInvoiceAnalysisReport/00O610000042zkLEAQ
Manageable State: installed
Namespace Prefix: ffxp
Created By (Name/Id): TEMPORARY FF Onboarding Login/00561000002zrVwAAI
Last Modified By (Name/Id): TEMPORARY FF Onboarding Login/00561000002zrVwAAI
************************************************************
************************************************************
FileName: reports/ffxp__ffdc5_FinancialForce_Audit_Reports/ffxp__ffdc5_CashMatchingHistory.report
FullName/Id: ffxp__ffdc5_FinancialForce_Audit_Reports/ffxp__ffdc5_CashMatchingHistory/00O610000042zkHEAQ
Manageable State: installed
Namespace Prefix: ffxp
Created By (Name/Id): TEMPORARY FF Onboarding Login/00561000002zrVwAAI
Last Modified By (Name/Id): TEMPORARY FF Onboarding Login/00561000002zrVwAAI
************************************************************
************************************************************
FileName: reports/ffxp__ffdc5_FinancialForce_Audit_Reports/ffxp__ffdc5_TransactionsAudit.report
FullName/Id: ffxp__ffdc5_FinancialForce_Audit_Reports/ffxp__ffdc5_TransactionsAudit/00O610000042zkVEAQ
Manageable State: installed
Namespace Prefix: ffxp
Created By (Name/Id): TEMPORARY FF Onboarding Login/00561000002zrVwAAI
Last Modified By (Name/Id): TEMPORARY FF Onboarding Login/00561000002zrVwAAI
************************************************************
************************************************************
FileName: reports/ffxp__ffdc5_FinancialForce_Audit_Reports/ffxp__ffdc5_JournalsAudit.report
FullName/Id: ffxp__ffdc5_FinancialForce_Audit_Reports/ffxp__ffdc5_JournalsAudit/00O610000042zkJEAQ
Manageable State: installed
Namespace Prefix: ffxp
Created By (Name/Id): TEMPORARY FF Onboarding Login/00561000002zrVwAAI
Last Modified By (Name/Id): TEMPORARY FF Onboarding Login/00561000002zrVwAAI
************************************************************
************************************************************
FileName: reports/ffxp__ffdc5_FinancialForce_Audit_Reports/ffxp__ffdc5_CashEntriesAudit.report
FullName/Id: ffxp__ffdc5_FinancialForce_Audit_Reports/ffxp__ffdc5_CashEntriesAudit/00O610000042zkEEAQ
Manageable State: installed
Namespace Prefix: ffxp
Created By (Name/Id): TEMPORARY FF Onboarding Login/00561000002zrVwAAI
Last Modified By (Name/Id): TEMPORARY FF Onboarding Login/00561000002zrVwAAI
************************************************************
************************************************************
FileName: reports/ffxp__ffdc5_FinancialForce_Audit_Reports/ffxp__ffdc5_SalesInvoiceDetails.report
FullName/Id: ffxp__ffdc5_FinancialForce_Audit_Reports/ffxp__ffdc5_SalesInvoiceDetails/00O610000042zkREAQ
Manageable State: installed
Namespace Prefix: ffxp
Created By (Name/Id): TEMPORARY FF Onboarding Login/00561000002zrVwAAI
Last Modified By (Name/Id): TEMPORARY FF Onboarding Login/00561000002zrVwAAI
************************************************************
************************************************************
FileName: reports/ffxp__ffdc5_FinancialForce_Audit_Reports/ffxp__ffdc5_Bank_Reconciliation_Report.report
FullName/Id: ffxp__ffdc5_FinancialForce_Audit_Reports/ffxp__ffdc5_Bank_Reconciliation_Report/00O610000042zkDEAQ
Manageable State: installed
Namespace Prefix: ffxp
Created By (Name/Id): TEMPORARY FF Onboarding Login/00561000002zrVwAAI
Last Modified By (Name/Id): TEMPORARY FF Onboarding Login/00561000002zrVwAAI
************************************************************
************************************************************
FileName: reports/ffxp__ffdc5_FinancialForce_Audit_Reports/ffxp__ffdc5_Bank_Account_Unreconciled_Items_Report.report
FullName/Id: ffxp__ffdc5_FinancialForce_Audit_Reports/ffxp__ffdc5_Bank_Account_Unreconciled_Items_Report/00O610000042zkCEAQ
Manageable State: installed
Namespace Prefix: ffxp
Created By (Name/Id): TEMPORARY FF Onboarding Login/00561000002zrVwAAI
Last Modified By (Name/Id): TEMPORARY FF Onboarding Login/00561000002zrVwAAI
************************************************************
************************************************************
FileName: reports/ffxp__ffdc5_FinancialForce_Audit_Reports/ffxp__ffdc5_Sales_Invoices_Audit_Report.report
FullName/Id: ffxp__ffdc5_FinancialForce_Audit_Reports/ffxp__ffdc5_Sales_Invoices_Audit_Report/00O610000042zkTEAQ
Manageable State: installed
Namespace Prefix: ffxp
Created By (Name/Id): TEMPORARY FF Onboarding Login/00561000002zrVwAAI
Last Modified By (Name/Id): TEMPORARY FF Onboarding Login/00561000002zrVwAAI
************************************************************
************************************************************
FileName: reports/ffxp__ffdc5_FinancialForce_Audit_Reports/ffxp__ffdc5_TransactionDetails.report
FullName/Id: ffxp__ffdc5_FinancialForce_Audit_Reports/ffxp__ffdc5_TransactionDetails/00O610000042zkUEAQ
Manageable State: installed
Namespace Prefix: ffxp
Created By (Name/Id): TEMPORARY FF Onboarding Login/00561000002zrVwAAI
Last Modified By (Name/Id): TEMPORARY FF Onboarding Login/00561000002zrVwAAI
************************************************************
************************************************************
FileName: reports/ffxp__ffdc5_FinancialForce_Audit_Reports/ffxp__ffdc5_Sales_Credit_Note_Audit_Report.report
FullName/Id: ffxp__ffdc5_FinancialForce_Audit_Reports/ffxp__ffdc5_Sales_Credit_Note_Audit_Report/00O610000042zkSEAQ
Manageable State: installed
Namespace Prefix: ffxp
Created By (Name/Id): TEMPORARY FF Onboarding Login/00561000002zrVwAAI
Last Modified By (Name/Id): TEMPORARY FF Onboarding Login/00561000002zrVwAAI
************************************************************
************************************************************
FileName: reports/ffxp__ffdc5_FinancialForce_Audit_Reports/ffxp__ffdc5_SalesInvoiceAnalysisReport.report
FullName/Id: ffxp__ffdc5_FinancialForce_Audit_Reports/ffxp__ffdc5_SalesInvoiceAnalysisReport/00O610000042zkQEAQ
Manageable State: installed
Namespace Prefix: ffxp
Created By (Name/Id): TEMPORARY FF Onboarding Login/00561000002zrVwAAI
Last Modified By (Name/Id): TEMPORARY FF Onboarding Login/00561000002zrVwAAI
************************************************************
************************************************************
FileName: reports/ffxp__ffdc5_FinancialForce_Audit_Reports/ffxp__ffdc5_CashEntryDetails.report
FullName/Id: ffxp__ffdc5_FinancialForce_Audit_Reports/ffxp__ffdc5_CashEntryDetails/00O610000042zkFEAQ
Manageable State: installed
Namespace Prefix: ffxp
Created By (Name/Id): TEMPORARY FF Onboarding Login/00561000002zrVwAAI
Last Modified By (Name/Id): TEMPORARY FF Onboarding Login/00561000002zrVwAAI
************************************************************
