************************************************************
FileName: reports/dsfs__DocuSign_Reports/dsfs__Envelopes_by_Sender_YTD.report
FullName/Id: dsfs__DocuSign_Reports/dsfs__Envelopes_by_Sender_YTD/00O61000003Gdj3EAC
Manageable State: installed
Namespace Prefix: dsfs
Created By (Name/Id): Jonathan Bernd/00561000000ImwtAAC
Last Modified By (Name/Id): Jonathan Bernd/00561000000ImwtAAC
************************************************************
************************************************************
FileName: reports/dsfs__DocuSign_Reports/dsfs__Average_Hours_to_Complete_by_Sender2.report
FullName/Id: dsfs__DocuSign_Reports/dsfs__Average_Hours_to_Complete_by_Sender2/00O61000003GdixEAC
Manageable State: installed
Namespace Prefix: dsfs
Created By (Name/Id): Jonathan Bernd/00561000000ImwtAAC
Last Modified By (Name/Id): Jonathan Bernd/00561000000ImwtAAC
************************************************************
************************************************************
FileName: reports/dsfs__DocuSign_Reports/dsfs__Envelope_Events_This_Month.report
FullName/Id: dsfs__DocuSign_Reports/dsfs__Envelope_Events_This_Month/00O61000003Gdj0EAC
Manageable State: installed
Namespace Prefix: dsfs
Created By (Name/Id): Jonathan Bernd/00561000000ImwtAAC
Last Modified By (Name/Id): Jonathan Bernd/00561000000ImwtAAC
************************************************************
************************************************************
FileName: reports/dsfs__DocuSign_Reports/dsfs__Envelope_Events_This_Quarter.report
FullName/Id: dsfs__DocuSign_Reports/dsfs__Envelope_Events_This_Quarter/00O61000003Gdj1EAC
Manageable State: installed
Namespace Prefix: dsfs
Created By (Name/Id): Jonathan Bernd/00561000000ImwtAAC
Last Modified By (Name/Id): Jonathan Bernd/00561000000ImwtAAC
************************************************************
************************************************************
FileName: reports/dsfs__DocuSign_Reports/dsfs__Average_Days_to_Complete.report
FullName/Id: dsfs__DocuSign_Reports/dsfs__Average_Days_to_Complete/00O61000003GdiuEAC
Manageable State: installed
Namespace Prefix: dsfs
Created By (Name/Id): Jonathan Bernd/00561000000ImwtAAC
Last Modified By (Name/Id): Jonathan Bernd/00561000000ImwtAAC
************************************************************
************************************************************
FileName: reports/dsfs__DocuSign_Reports/dsfs__Top_Senders.report
FullName/Id: dsfs__DocuSign_Reports/dsfs__Top_Senders/00O61000003GdjAEAS
Manageable State: installed
Namespace Prefix: dsfs
Created By (Name/Id): Jonathan Bernd/00561000000ImwtAAC
Last Modified By (Name/Id): Jonathan Bernd/00561000000ImwtAAC
************************************************************
************************************************************
FileName: reports/dsfs__DocuSign_Reports/dsfs__In_Progress_Envelopes.report
FullName/Id: dsfs__DocuSign_Reports/dsfs__In_Progress_Envelopes/00O61000003Gdj6EAC
Manageable State: installed
Namespace Prefix: dsfs
Created By (Name/Id): Jonathan Bernd/00561000000ImwtAAC
Last Modified By (Name/Id): Lynn Phillips/00561000000JTJQAA4
************************************************************
************************************************************
FileName: reports/dsfs__DocuSign_Reports/dsfs__Average_Hours_to_Complete.report
FullName/Id: dsfs__DocuSign_Reports/dsfs__Average_Hours_to_Complete/00O61000003GdiwEAC
Manageable State: installed
Namespace Prefix: dsfs
Created By (Name/Id): Jonathan Bernd/00561000000ImwtAAC
Last Modified By (Name/Id): Jonathan Bernd/00561000000ImwtAAC
************************************************************
************************************************************
FileName: reports/dsfs__DocuSign_Reports/dsfs__Envelopes_by_Sender_this_Month.report
FullName/Id: dsfs__DocuSign_Reports/dsfs__Envelopes_by_Sender_this_Month/00O61000003Gdj4EAC
Manageable State: installed
Namespace Prefix: dsfs
Created By (Name/Id): Jonathan Bernd/00561000000ImwtAAC
Last Modified By (Name/Id): Jonathan Bernd/00561000000ImwtAAC
************************************************************
************************************************************
FileName: reports/dsfs__DocuSign_Reports/dsfs__Average_Minutes_to_Complete_by_Sender.report
FullName/Id: dsfs__DocuSign_Reports/dsfs__Average_Minutes_to_Complete_by_Sender/00O61000003GdizEAC
Manageable State: installed
Namespace Prefix: dsfs
Created By (Name/Id): Jonathan Bernd/00561000000ImwtAAC
Last Modified By (Name/Id): Jonathan Bernd/00561000000ImwtAAC
************************************************************
************************************************************
FileName: reports/dsfs__DocuSign_Reports/dsfs__Envelopes_by_Sender_this_Quarter.report
FullName/Id: dsfs__DocuSign_Reports/dsfs__Envelopes_by_Sender_this_Quarter/00O61000003Gdj5EAC
Manageable State: installed
Namespace Prefix: dsfs
Created By (Name/Id): Jonathan Bernd/00561000000ImwtAAC
Last Modified By (Name/Id): Jonathan Bernd/00561000000ImwtAAC
************************************************************
************************************************************
FileName: reports/dsfs__DocuSign_Reports/dsfs__Percent_Complete_by_Sender.report
FullName/Id: dsfs__DocuSign_Reports/dsfs__Percent_Complete_by_Sender/00O61000003Gdj8EAC
Manageable State: installed
Namespace Prefix: dsfs
Created By (Name/Id): Jonathan Bernd/00561000000ImwtAAC
Last Modified By (Name/Id): Jonathan Bernd/00561000000ImwtAAC
************************************************************
************************************************************
FileName: reports/dsfs__DocuSign_Reports/dsfs__Top_Closers.report
FullName/Id: dsfs__DocuSign_Reports/dsfs__Top_Closers/00O61000003Gdj9EAC
Manageable State: installed
Namespace Prefix: dsfs
Created By (Name/Id): Jonathan Bernd/00561000000ImwtAAC
Last Modified By (Name/Id): Jonathan Bernd/00561000000ImwtAAC
************************************************************
************************************************************
FileName: reports/dsfs__DocuSign_Reports/dsfs__Envelope_Events_YTD.report
FullName/Id: dsfs__DocuSign_Reports/dsfs__Envelope_Events_YTD/00O61000003Gdj2EAC
Manageable State: installed
Namespace Prefix: dsfs
Created By (Name/Id): Jonathan Bernd/00561000000ImwtAAC
Last Modified By (Name/Id): Jonathan Bernd/00561000000ImwtAAC
************************************************************
************************************************************
FileName: reports/dsfs__DocuSign_Reports/dsfs__In_Progress_Envelopes_Older_than_72_Hour.report
FullName/Id: dsfs__DocuSign_Reports/dsfs__In_Progress_Envelopes_Older_than_72_Hour/00O61000003Gdj7EAC
Manageable State: installed
Namespace Prefix: dsfs
Created By (Name/Id): Jonathan Bernd/00561000000ImwtAAC
Last Modified By (Name/Id): Jonathan Bernd/00561000000ImwtAAC
************************************************************
************************************************************
FileName: reports/dsfs__DocuSign_Reports/dsfs__Average_Minutes_to_Complete.report
FullName/Id: dsfs__DocuSign_Reports/dsfs__Average_Minutes_to_Complete/00O61000003GdiyEAC
Manageable State: installed
Namespace Prefix: dsfs
Created By (Name/Id): Jonathan Bernd/00561000000ImwtAAC
Last Modified By (Name/Id): Jonathan Bernd/00561000000ImwtAAC
************************************************************
************************************************************
FileName: reports/dsfs__DocuSign_Reports/dsfs__Average_Days_to_Complete_by_Sender.report
FullName/Id: dsfs__DocuSign_Reports/dsfs__Average_Days_to_Complete_by_Sender/00O61000003GdivEAC
Manageable State: installed
Namespace Prefix: dsfs
Created By (Name/Id): Jonathan Bernd/00561000000ImwtAAC
Last Modified By (Name/Id): Jonathan Bernd/00561000000ImwtAAC
************************************************************
