************************************************************
FileName: reports/Membership_Email_Lists/FY18_19_Renewals_Reminders_2_i_Others.report
FullName/Id: Membership_Email_Lists/FY18_19_Renewals_Reminders_2_i_Others/00O61000004E5lAEAS
Manageable State: unmanaged
Namespace Prefix: null
Created By (Name/Id): Ike Irozuru/00561000001QT3QAAW
Last Modified By (Name/Id): Ike Irozuru/00561000001QT3QAAW
************************************************************
************************************************************
FileName: reports/Membership_Email_Lists/FY18_19_Renewals_19Jun_Group_2_2.report
FullName/Id: Membership_Email_Lists/FY18_19_Renewals_19Jun_Group_2_2/00O61000004EWb2EAG
Manageable State: unmanaged
Namespace Prefix: null
Created By (Name/Id): Ike Irozuru/00561000001QT3QAAW
Last Modified By (Name/Id): Ike Irozuru/00561000001QT3QAAW
************************************************************
************************************************************
FileName: reports/Membership_Email_Lists/Renewals_FY19_PLaunch_Apology_Both.report
FullName/Id: Membership_Email_Lists/Renewals_FY19_PLaunch_Apology_Both/00O61000004DxzJEAS
Manageable State: unmanaged
Namespace Prefix: null
Created By (Name/Id): Ike Irozuru/00561000001QT3QAAW
Last Modified By (Name/Id): Ike Irozuru/00561000001QT3QAAW
************************************************************
************************************************************
FileName: reports/Membership_Email_Lists/FY18_19_Renewals_Reminders_2_c_Engaged.report
FullName/Id: Membership_Email_Lists/FY18_19_Renewals_Reminders_2_c_Engaged/00O61000004E5jTEAS
Manageable State: unmanaged
Namespace Prefix: null
Created By (Name/Id): Ike Irozuru/00561000001QT3QAAW
Last Modified By (Name/Id): Ike Irozuru/00561000001QT3QAAW
************************************************************
************************************************************
FileName: reports/Membership_Email_Lists/Renewals_FY19_Resignations_Group_2.report
FullName/Id: Membership_Email_Lists/Renewals_FY19_Resignations_Group_2/00O61000004EZxaEAG
Manageable State: unmanaged
Namespace Prefix: null
Created By (Name/Id): Ike Irozuru/00561000001QT3QAAW
Last Modified By (Name/Id): Ike Irozuru/00561000001QT3QAAW
************************************************************
************************************************************
FileName: reports/Membership_Email_Lists/FY18_19_Renewals_Reminders_2_g_Others.report
FullName/Id: Membership_Email_Lists/FY18_19_Renewals_Reminders_2_g_Others/00O61000004E5klEAC
Manageable State: unmanaged
Namespace Prefix: null
Created By (Name/Id): Ike Irozuru/00561000001QT3QAAW
Last Modified By (Name/Id): Ike Irozuru/00561000001QT3QAAW
************************************************************
************************************************************
FileName: reports/Membership_Email_Lists/FY18_19_Renewals_Launch_Segment_7.report
FullName/Id: Membership_Email_Lists/FY18_19_Renewals_Launch_Segment_7/00O61000004Dzc2EAC
Manageable State: unmanaged
Namespace Prefix: null
Created By (Name/Id): Ike Irozuru/00561000001QT3QAAW
Last Modified By (Name/Id): Ike Irozuru/00561000001QT3QAAW
************************************************************
************************************************************
FileName: reports/Membership_Email_Lists/FY18_19_Renewals_Reminder_2_k_LT_Instl.report
FullName/Id: Membership_Email_Lists/FY18_19_Renewals_Reminder_2_k_LT_Instl/00O61000004E5gtEAC
Manageable State: unmanaged
Namespace Prefix: null
Created By (Name/Id): Ike Irozuru/00561000001QT3QAAW
Last Modified By (Name/Id): Ike Irozuru/00561000001QT3QAAW
************************************************************
************************************************************
FileName: reports/Membership_Email_Lists/Renewals_FY19_Launch_Group_10.report
FullName/Id: Membership_Email_Lists/Renewals_FY19_Launch_Group_10/00O61000004DzUSEA0
Manageable State: unmanaged
Namespace Prefix: null
Created By (Name/Id): Ike Irozuru/00561000001QT3QAAW
Last Modified By (Name/Id): Ike Irozuru/00561000001QT3QAAW
************************************************************
************************************************************
FileName: reports/Membership_Email_Lists/FY18_19_Renewals_19Jun_Group_2.report
FullName/Id: Membership_Email_Lists/FY18_19_Renewals_19Jun_Group_2/00O61000004EWXPEA4
Manageable State: unmanaged
Namespace Prefix: null
Created By (Name/Id): Ike Irozuru/00561000001QT3QAAW
Last Modified By (Name/Id): Ike Irozuru/00561000001QT3QAAW
************************************************************
************************************************************
FileName: reports/Membership_Email_Lists/Graduating_Members_in_Integrated_Chapter.report
FullName/Id: Membership_Email_Lists/Graduating_Members_in_Integrated_Chapter/00O61000004369LEAQ
Manageable State: unmanaged
Namespace Prefix: null
Created By (Name/Id): Ike Irozuru/00561000001QT3QAAW
Last Modified By (Name/Id): Ike Irozuru/00561000001QT3QAAW
************************************************************
************************************************************
FileName: reports/Membership_Email_Lists/New_Member_Listing.report
FullName/Id: Membership_Email_Lists/New_Member_Listing/00O6100000439yvEAA
Manageable State: unmanaged
Namespace Prefix: null
Created By (Name/Id): Will Cravens/00561000002d4lhAAA
Last Modified By (Name/Id): Will Cravens/00561000002d4lhAAA
************************************************************
************************************************************
FileName: reports/Membership_Email_Lists/FY18_19_Renewals_19Jun_Group_3.report
FullName/Id: Membership_Email_Lists/FY18_19_Renewals_19Jun_Group_3/00O61000004EWZpEAO
Manageable State: unmanaged
Namespace Prefix: null
Created By (Name/Id): Ike Irozuru/00561000001QT3QAAW
Last Modified By (Name/Id): Ike Irozuru/00561000001QT3QAAW
************************************************************
************************************************************
FileName: reports/Membership_Email_Lists/FY18_19_Renewals_Tier_1_Group.report
FullName/Id: Membership_Email_Lists/FY18_19_Renewals_Tier_1_Group/00O61000004EXCwEAO
Manageable State: unmanaged
Namespace Prefix: null
Created By (Name/Id): Ike Irozuru/00561000001QT3QAAW
Last Modified By (Name/Id): Ike Irozuru/00561000001QT3QAAW
************************************************************
************************************************************
FileName: reports/Membership_Email_Lists/FY18_19_Renewals_Launch_Segment_3.report
FullName/Id: Membership_Email_Lists/FY18_19_Renewals_Launch_Segment_3/00O61000004DzazEAC
Manageable State: unmanaged
Namespace Prefix: null
Created By (Name/Id): Ike Irozuru/00561000001QT3QAAW
Last Modified By (Name/Id): Ike Irozuru/00561000001QT3QAAW
************************************************************
************************************************************
FileName: reports/Membership_Email_Lists/FY18_19_Renewals_19Jun_Group_1_3.report
FullName/Id: Membership_Email_Lists/FY18_19_Renewals_19Jun_Group_1_3/00O61000004EWasEAG
Manageable State: unmanaged
Namespace Prefix: null
Created By (Name/Id): Ike Irozuru/00561000001QT3QAAW
Last Modified By (Name/Id): Ike Irozuru/00561000001QT3QAAW
************************************************************
************************************************************
FileName: reports/Membership_Email_Lists/FY18_19_Renewals_Reminder_1_4_Americas.report
FullName/Id: Membership_Email_Lists/FY18_19_Renewals_Reminder_1_4_Americas/00O61000001ZcC7EAK
Manageable State: unmanaged
Namespace Prefix: null
Created By (Name/Id): Ike Irozuru/00561000001QT3QAAW
Last Modified By (Name/Id): Ike Irozuru/00561000001QT3QAAW
************************************************************
************************************************************
FileName: reports/Membership_Email_Lists/FY18_19_Renewals_Final_Reminder_1.report
FullName/Id: Membership_Email_Lists/FY18_19_Renewals_Final_Reminder_1/00O61000004EYzBEAW
Manageable State: unmanaged
Namespace Prefix: null
Created By (Name/Id): Ike Irozuru/00561000001QT3QAAW
Last Modified By (Name/Id): Ike Irozuru/00561000001QT3QAAW
************************************************************
************************************************************
FileName: reports/Membership_Email_Lists/FY18_19_Renewals_19Jun_Group_4.report
FullName/Id: Membership_Email_Lists/FY18_19_Renewals_19Jun_Group_4/00O61000004EWMbEAO
Manageable State: unmanaged
Namespace Prefix: null
Created By (Name/Id): Ike Irozuru/00561000001QT3QAAW
Last Modified By (Name/Id): Ike Irozuru/00561000001QT3QAAW
************************************************************
************************************************************
FileName: reports/Membership_Email_Lists/FY18_19_Renewals_19Jun_Group_4_2.report
FullName/Id: Membership_Email_Lists/FY18_19_Renewals_19Jun_Group_4_2/00O61000004EWbREAW
Manageable State: unmanaged
Namespace Prefix: null
Created By (Name/Id): Ike Irozuru/00561000001QT3QAAW
Last Modified By (Name/Id): Ike Irozuru/00561000001QT3QAAW
************************************************************
************************************************************
FileName: reports/Membership_Email_Lists/FY18_19_Renewals_Reminders_2_h_Engaged.report
FullName/Id: Membership_Email_Lists/FY18_19_Renewals_Reminders_2_h_Engaged/00O61000004E5l5EAC
Manageable State: unmanaged
Namespace Prefix: null
Created By (Name/Id): Ike Irozuru/00561000001QT3QAAW
Last Modified By (Name/Id): Ike Irozuru/00561000001QT3QAAW
************************************************************
************************************************************
FileName: reports/Membership_Email_Lists/FY18_19_Renewals_Reminder_2_h_LT_PIF.report
FullName/Id: Membership_Email_Lists/FY18_19_Renewals_Reminder_2_h_LT_PIF/00O61000004E5gZEAS
Manageable State: unmanaged
Namespace Prefix: null
Created By (Name/Id): Ike Irozuru/00561000001QT3QAAW
Last Modified By (Name/Id): Ike Irozuru/00561000001QT3QAAW
************************************************************
************************************************************
FileName: reports/Membership_Email_Lists/FY18_19_Renewals_Reminder_2_i_LT_PIF.report
FullName/Id: Membership_Email_Lists/FY18_19_Renewals_Reminder_2_i_LT_PIF/00O61000004E5geEAC
Manageable State: unmanaged
Namespace Prefix: null
Created By (Name/Id): Ike Irozuru/00561000001QT3QAAW
Last Modified By (Name/Id): Ike Irozuru/00561000001QT3QAAW
************************************************************
************************************************************
FileName: reports/Membership_Email_Lists/Renewals_FY19_Resignations_Group_11.report
FullName/Id: Membership_Email_Lists/Renewals_FY19_Resignations_Group_11/00O61000004EfCbEAK
Manageable State: unmanaged
Namespace Prefix: null
Created By (Name/Id): Ike Irozuru/00561000001QT3QAAW
Last Modified By (Name/Id): Ike Irozuru/00561000001QT3QAAW
************************************************************
************************************************************
FileName: reports/Membership_Email_Lists/FY18_19_Renewals_Reminder_2_3_LT_Instl.report
FullName/Id: Membership_Email_Lists/FY18_19_Renewals_Reminder_2_3_LT_Instl/00O61000004E5crEAC
Manageable State: unmanaged
Namespace Prefix: null
Created By (Name/Id): Ike Irozuru/00561000001QT3QAAW
Last Modified By (Name/Id): Ike Irozuru/00561000001QT3QAAW
************************************************************
************************************************************
FileName: reports/Membership_Email_Lists/FY18_19_Renewals_Reminder_2_l_LT_Instl.report
FullName/Id: Membership_Email_Lists/FY18_19_Renewals_Reminder_2_l_LT_Instl/00O61000004E5gyEAC
Manageable State: unmanaged
Namespace Prefix: null
Created By (Name/Id): Ike Irozuru/00561000001QT3QAAW
Last Modified By (Name/Id): Ike Irozuru/00561000001QT3QAAW
************************************************************
************************************************************
FileName: reports/Membership_Email_Lists/FY18_19_Renewals_19Jun_Group_5_2.report
FullName/Id: Membership_Email_Lists/FY18_19_Renewals_19Jun_Group_5_2/00O61000004EWbgEAG
Manageable State: unmanaged
Namespace Prefix: null
Created By (Name/Id): Ike Irozuru/00561000001QT3QAAW
Last Modified By (Name/Id): Ike Irozuru/00561000001QT3QAAW
************************************************************
************************************************************
FileName: reports/Membership_Email_Lists/FY18_19_Renewals_Reminders_Events.report
FullName/Id: Membership_Email_Lists/FY18_19_Renewals_Reminders_Events/00O61000004EPhSEAW
Manageable State: unmanaged
Namespace Prefix: null
Created By (Name/Id): Ike Irozuru/00561000001QT3QAAW
Last Modified By (Name/Id): Ike Irozuru/00561000001QT3QAAW
************************************************************
************************************************************
FileName: reports/Membership_Email_Lists/FY18_19_Renewals_Reminder_1_2_APAC.report
FullName/Id: Membership_Email_Lists/FY18_19_Renewals_Reminder_1_2_APAC/00O61000001ZbWfEAK
Manageable State: unmanaged
Namespace Prefix: null
Created By (Name/Id): Ike Irozuru/00561000001QT3QAAW
Last Modified By (Name/Id): Ike Irozuru/00561000001QT3QAAW
************************************************************
************************************************************
FileName: reports/Membership_Email_Lists/Renewals_FY19_PLaunch_Third_Party_2.report
FullName/Id: Membership_Email_Lists/Renewals_FY19_PLaunch_Third_Party_2/00O61000004E0VqEAK
Manageable State: unmanaged
Namespace Prefix: null
Created By (Name/Id): Ike Irozuru/00561000001QT3QAAW
Last Modified By (Name/Id): Ike Irozuru/00561000001QT3QAAW
************************************************************
************************************************************
FileName: reports/Membership_Email_Lists/FY18_19_Renewals_Reminders_2_a_Engaged.report
FullName/Id: Membership_Email_Lists/FY18_19_Renewals_Reminders_2_a_Engaged/00O61000004E5ikEAC
Manageable State: unmanaged
Namespace Prefix: null
Created By (Name/Id): Ike Irozuru/00561000001QT3QAAW
Last Modified By (Name/Id): Ike Irozuru/00561000001QT3QAAW
************************************************************
************************************************************
FileName: reports/Membership_Email_Lists/FY18_19_Renewals_Launch_Segment_4.report
FullName/Id: Membership_Email_Lists/FY18_19_Renewals_Launch_Segment_4/00O61000004Dzb4EAC
Manageable State: unmanaged
Namespace Prefix: null
Created By (Name/Id): Ike Irozuru/00561000001QT3QAAW
Last Modified By (Name/Id): Ike Irozuru/00561000001QT3QAAW
************************************************************
************************************************************
FileName: reports/Membership_Email_Lists/FY18_19_Renewals_Reminder_2.report
FullName/Id: Membership_Email_Lists/FY18_19_Renewals_Reminder_2/00O61000004EZ0dEAG
Manageable State: unmanaged
Namespace Prefix: null
Created By (Name/Id): Ike Irozuru/00561000001QT3QAAW
Last Modified By (Name/Id): Ike Irozuru/00561000001QT3QAAW
************************************************************
************************************************************
FileName: reports/Membership_Email_Lists/FY18_19_Renewals_Early_Segment_3.report
FullName/Id: Membership_Email_Lists/FY18_19_Renewals_Early_Segment_3/00O61000004E2YDEA0
Manageable State: unmanaged
Namespace Prefix: null
Created By (Name/Id): Ike Irozuru/00561000001QT3QAAW
Last Modified By (Name/Id): Brady Kazar/00561000002BqLgAAK
************************************************************
************************************************************
FileName: reports/Membership_Email_Lists/Renewals_FY19_Launch_Group_8.report
FullName/Id: Membership_Email_Lists/Renewals_FY19_Launch_Group_8/00O61000004DzUNEA0
Manageable State: unmanaged
Namespace Prefix: null
Created By (Name/Id): Ike Irozuru/00561000001QT3QAAW
Last Modified By (Name/Id): Ike Irozuru/00561000001QT3QAAW
************************************************************
************************************************************
FileName: reports/Membership_Email_Lists/Renewals_FY19_Launch_Group_2.report
FullName/Id: Membership_Email_Lists/Renewals_FY19_Launch_Group_2/00O61000004DzUwEAK
Manageable State: unmanaged
Namespace Prefix: null
Created By (Name/Id): Ike Irozuru/00561000001QT3QAAW
Last Modified By (Name/Id): Ike Irozuru/00561000001QT3QAAW
************************************************************
************************************************************
FileName: reports/Membership_Email_Lists/FY18_19_Renewals_Launch_Segment_11.report
FullName/Id: Membership_Email_Lists/FY18_19_Renewals_Launch_Segment_11/00O61000004E1ejEAC
Manageable State: unmanaged
Namespace Prefix: null
Created By (Name/Id): Ike Irozuru/00561000001QT3QAAW
Last Modified By (Name/Id): Ike Irozuru/00561000001QT3QAAW
************************************************************
************************************************************
FileName: reports/Membership_Email_Lists/Renewals_FY19_Launch_Group_9.report
FullName/Id: Membership_Email_Lists/Renewals_FY19_Launch_Group_9/00O61000004DzUDEA0
Manageable State: unmanaged
Namespace Prefix: null
Created By (Name/Id): Ike Irozuru/00561000001QT3QAAW
Last Modified By (Name/Id): Ike Irozuru/00561000001QT3QAAW
************************************************************
************************************************************
FileName: reports/Membership_Email_Lists/FY18_19_Renewals_19Jun_Group_6_1.report
FullName/Id: Membership_Email_Lists/FY18_19_Renewals_19Jun_Group_6_1/00O61000004EWbvEAG
Manageable State: unmanaged
Namespace Prefix: null
Created By (Name/Id): Ike Irozuru/00561000001QT3QAAW
Last Modified By (Name/Id): Ike Irozuru/00561000001QT3QAAW
************************************************************
************************************************************
FileName: reports/Membership_Email_Lists/FY18_19_Renewals_19Jun_Group_5_3.report
FullName/Id: Membership_Email_Lists/FY18_19_Renewals_19Jun_Group_5_3/00O61000004EWblEAG
Manageable State: unmanaged
Namespace Prefix: null
Created By (Name/Id): Ike Irozuru/00561000001QT3QAAW
Last Modified By (Name/Id): Ike Irozuru/00561000001QT3QAAW
************************************************************
************************************************************
FileName: reports/Membership_Email_Lists/FY18_19_Renewals_19Jun_Group_1.report
FullName/Id: Membership_Email_Lists/FY18_19_Renewals_19Jun_Group_1/00O61000004EWX0EAO
Manageable State: unmanaged
Namespace Prefix: null
Created By (Name/Id): Ike Irozuru/00561000001QT3QAAW
Last Modified By (Name/Id): Ike Irozuru/00561000001QT3QAAW
************************************************************
************************************************************
FileName: reports/Membership_Email_Lists/At_Large_Members1.report
FullName/Id: Membership_Email_Lists/At_Large_Members1/00O6100000439GyEAI
Manageable State: unmanaged
Namespace Prefix: null
Created By (Name/Id): Will Cravens/00561000002d4lhAAA
Last Modified By (Name/Id): Will Cravens/00561000002d4lhAAA
************************************************************
************************************************************
FileName: reports/Membership_Email_Lists/CDA_Have_Not_Subscribed.report
FullName/Id: Membership_Email_Lists/CDA_Have_Not_Subscribed/00O6100000432l0EAA
Manageable State: unmanaged
Namespace Prefix: null
Created By (Name/Id): Will Cravens/00561000002d4lhAAA
Last Modified By (Name/Id): Ike Irozuru/00561000001QT3QAAW
************************************************************
************************************************************
FileName: reports/Membership_Email_Lists/FY18_19_Renewals_Launch_Segment_6_1.report
FullName/Id: Membership_Email_Lists/FY18_19_Renewals_Launch_Segment_6_1/00O61000004E1eZEAS
Manageable State: unmanaged
Namespace Prefix: null
Created By (Name/Id): Ike Irozuru/00561000001QT3QAAW
Last Modified By (Name/Id): Ike Irozuru/00561000001QT3QAAW
************************************************************
************************************************************
FileName: reports/Membership_Email_Lists/Renewals_FY18_19_Chapter_Campaign.report
FullName/Id: Membership_Email_Lists/Renewals_FY18_19_Chapter_Campaign/00O61000004E38aEAC
Manageable State: unmanaged
Namespace Prefix: null
Created By (Name/Id): Ike Irozuru/00561000001QT3QAAW
Last Modified By (Name/Id): Ike Irozuru/00561000001QT3QAAW
************************************************************
************************************************************
FileName: reports/Membership_Email_Lists/FY18_19_Renewals_19Jun_Group_6.report
FullName/Id: Membership_Email_Lists/FY18_19_Renewals_19Jun_Group_6/00O61000004EWaYEAW
Manageable State: unmanaged
Namespace Prefix: null
Created By (Name/Id): Ike Irozuru/00561000001QT3QAAW
Last Modified By (Name/Id): Ike Irozuru/00561000001QT3QAAW
************************************************************
************************************************************
FileName: reports/Membership_Email_Lists/FY18_19_Renewals_Reminders_2_e_Officers.report
FullName/Id: Membership_Email_Lists/FY18_19_Renewals_Reminders_2_e_Officers/00O61000004E5kHEAS
Manageable State: unmanaged
Namespace Prefix: null
Created By (Name/Id): Ike Irozuru/00561000001QT3QAAW
Last Modified By (Name/Id): Ike Irozuru/00561000001QT3QAAW
************************************************************
************************************************************
FileName: reports/Membership_Email_Lists/Renewals_FY19_Launch_Group_21.report
FullName/Id: Membership_Email_Lists/Renewals_FY19_Launch_Group_21/00O61000004DzauEAC
Manageable State: unmanaged
Namespace Prefix: null
Created By (Name/Id): Ike Irozuru/00561000001QT3QAAW
Last Modified By (Name/Id): Ike Irozuru/00561000001QT3QAAW
************************************************************
************************************************************
FileName: reports/Membership_Email_Lists/FY18_19_Renewals_19Jun_Group_3_3.report
FullName/Id: Membership_Email_Lists/FY18_19_Renewals_19Jun_Group_3_3/00O61000004EWbMEAW
Manageable State: unmanaged
Namespace Prefix: null
Created By (Name/Id): Ike Irozuru/00561000001QT3QAAW
Last Modified By (Name/Id): Ike Irozuru/00561000001QT3QAAW
************************************************************
************************************************************
FileName: reports/Membership_Email_Lists/FY18_19_Renewals_19Jun_Group_3_2.report
FullName/Id: Membership_Email_Lists/FY18_19_Renewals_19Jun_Group_3_2/00O61000004EWbHEAW
Manageable State: unmanaged
Namespace Prefix: null
Created By (Name/Id): Ike Irozuru/00561000001QT3QAAW
Last Modified By (Name/Id): Ike Irozuru/00561000001QT3QAAW
************************************************************
************************************************************
FileName: reports/Membership_Email_Lists/FY18_19_Renewals_19Jun_Group_1_2.report
FullName/Id: Membership_Email_Lists/FY18_19_Renewals_19Jun_Group_1_2/00O61000004EWanEAG
Manageable State: unmanaged
Namespace Prefix: null
Created By (Name/Id): Ike Irozuru/00561000001QT3QAAW
Last Modified By (Name/Id): Ike Irozuru/00561000001QT3QAAW
************************************************************
************************************************************
FileName: reports/Membership_Email_Lists/FY18_19_Renewals_19Jun_Group_2_3.report
FullName/Id: Membership_Email_Lists/FY18_19_Renewals_19Jun_Group_2_3/00O61000004EWb7EAG
Manageable State: unmanaged
Namespace Prefix: null
Created By (Name/Id): Ike Irozuru/00561000001QT3QAAW
Last Modified By (Name/Id): Ike Irozuru/00561000001QT3QAAW
************************************************************
************************************************************
FileName: reports/Membership_Email_Lists/FY18_19_Renewals_Reminders_2_f_Officers.report
FullName/Id: Membership_Email_Lists/FY18_19_Renewals_Reminders_2_f_Officers/00O61000004E5kREAS
Manageable State: unmanaged
Namespace Prefix: null
Created By (Name/Id): Ike Irozuru/00561000001QT3QAAW
Last Modified By (Name/Id): Ike Irozuru/00561000001QT3QAAW
************************************************************
************************************************************
FileName: reports/Membership_Email_Lists/FY18_19_Renewals_Reminder_1_1_Americas.report
FullName/Id: Membership_Email_Lists/FY18_19_Renewals_Reminder_1_1_Americas/00O61000001ZbWQEA0
Manageable State: unmanaged
Namespace Prefix: null
Created By (Name/Id): Ike Irozuru/00561000001QT3QAAW
Last Modified By (Name/Id): Ike Irozuru/00561000001QT3QAAW
************************************************************
************************************************************
FileName: reports/Membership_Email_Lists/FY18_19_Renewals_Reminders_2_d_Officers.report
FullName/Id: Membership_Email_Lists/FY18_19_Renewals_Reminders_2_d_Officers/00O61000004E5k7EAC
Manageable State: unmanaged
Namespace Prefix: null
Created By (Name/Id): Ike Irozuru/00561000001QT3QAAW
Last Modified By (Name/Id): Ike Irozuru/00561000001QT3QAAW
************************************************************
************************************************************
FileName: reports/Membership_Email_Lists/CDA_Already_Subscribed.report
FullName/Id: Membership_Email_Lists/CDA_Already_Subscribed/00O6100000432kbEAA
Manageable State: unmanaged
Namespace Prefix: null
Created By (Name/Id): Will Cravens/00561000002d4lhAAA
Last Modified By (Name/Id): Ike Irozuru/00561000001QT3QAAW
************************************************************
************************************************************
FileName: reports/Membership_Email_Lists/Government_Employees.report
FullName/Id: Membership_Email_Lists/Government_Employees/00O610000043DYhEAM
Manageable State: unmanaged
Namespace Prefix: null
Created By (Name/Id): Leah Heidema/00561000001udQyAAI
Last Modified By (Name/Id): Leah Heidema/00561000001udQyAAI
************************************************************
************************************************************
FileName: reports/Membership_Email_Lists/Renewals_FY19_PLaunch_Govt_Emp.report
FullName/Id: Membership_Email_Lists/Renewals_FY19_PLaunch_Govt_Emp/00O610000049sNfEAI
Manageable State: unmanaged
Namespace Prefix: null
Created By (Name/Id): Ike Irozuru/00561000001QT3QAAW
Last Modified By (Name/Id): Brady Kazar/00561000002BqLgAAK
************************************************************
************************************************************
FileName: reports/Membership_Email_Lists/FY18_19_Resignations_Grp_3.report
FullName/Id: Membership_Email_Lists/FY18_19_Resignations_Grp_3/00O61000004EutLEAS
Manageable State: unmanaged
Namespace Prefix: null
Created By (Name/Id): Ike Irozuru/00561000001QT3QAAW
Last Modified By (Name/Id): Ike Irozuru/00561000001QT3QAAW
************************************************************
************************************************************
FileName: reports/Membership_Email_Lists/FY18_19_Renewals_Reminder_2_3_LT_PIF.report
FullName/Id: Membership_Email_Lists/FY18_19_Renewals_Reminder_2_3_LT_PIF/00O61000004E5cmEAC
Manageable State: unmanaged
Namespace Prefix: null
Created By (Name/Id): Ike Irozuru/00561000001QT3QAAW
Last Modified By (Name/Id): Ike Irozuru/00561000001QT3QAAW
************************************************************
************************************************************
FileName: reports/Membership_Email_Lists/FY18_19_Renewals_19Jun_Group_5.report
FullName/Id: Membership_Email_Lists/FY18_19_Renewals_19Jun_Group_5/00O61000004EWNKEA4
Manageable State: unmanaged
Namespace Prefix: null
Created By (Name/Id): Ike Irozuru/00561000001QT3QAAW
Last Modified By (Name/Id): Ike Irozuru/00561000001QT3QAAW
************************************************************
************************************************************
FileName: reports/Membership_Email_Lists/Graduating_Members_in_Y_Chapter.report
FullName/Id: Membership_Email_Lists/Graduating_Members_in_Y_Chapter/00O61000004369QEAQ
Manageable State: unmanaged
Namespace Prefix: null
Created By (Name/Id): Ike Irozuru/00561000001QT3QAAW
Last Modified By (Name/Id): Ike Irozuru/00561000001QT3QAAW
************************************************************
************************************************************
FileName: reports/Membership_Email_Lists/Renewals_FY19_PLaunch_Third_Party.report
FullName/Id: Membership_Email_Lists/Renewals_FY19_PLaunch_Third_Party/00O610000049sNVEAY
Manageable State: unmanaged
Namespace Prefix: null
Created By (Name/Id): Ike Irozuru/00561000001QT3QAAW
Last Modified By (Name/Id): Brady Kazar/00561000002BqLgAAK
************************************************************
************************************************************
FileName: reports/Membership_Email_Lists/FY18_19_Renewals_Reminder_1_3_EMEA.report
FullName/Id: Membership_Email_Lists/FY18_19_Renewals_Reminder_1_3_EMEA/00O61000001ZbWkEAK
Manageable State: unmanaged
Namespace Prefix: null
Created By (Name/Id): Ike Irozuru/00561000001QT3QAAW
Last Modified By (Name/Id): Ike Irozuru/00561000001QT3QAAW
************************************************************
************************************************************
FileName: reports/Membership_Email_Lists/FY18_19_Renewals_Reminders_2_b_Engaged.report
FullName/Id: Membership_Email_Lists/FY18_19_Renewals_Reminders_2_b_Engaged/00O61000004E5jJEAS
Manageable State: unmanaged
Namespace Prefix: null
Created By (Name/Id): Ike Irozuru/00561000001QT3QAAW
Last Modified By (Name/Id): Ike Irozuru/00561000001QT3QAAW
************************************************************
************************************************************
FileName: reports/Membership_Email_Lists/FY18_19_Renewals_19Jun_Group_4_3.report
FullName/Id: Membership_Email_Lists/FY18_19_Renewals_19Jun_Group_4_3/00O61000004EWbWEAW
Manageable State: unmanaged
Namespace Prefix: null
Created By (Name/Id): Ike Irozuru/00561000001QT3QAAW
Last Modified By (Name/Id): Ike Irozuru/00561000001QT3QAAW
************************************************************
************************************************************
FileName: reports/Membership_Email_Lists/FY18_19_Renewal_Reminders_Events.report
FullName/Id: Membership_Email_Lists/FY18_19_Renewal_Reminders_Events/00O61000004ETEjEAO
Manageable State: unmanaged
Namespace Prefix: null
Created By (Name/Id): Ike Irozuru/00561000001QT3QAAW
Last Modified By (Name/Id): Brady Kazar/00561000002BqLgAAK
************************************************************
************************************************************
FileName: reports/Membership_Email_Lists/FY18_19_Renewals_Launch_Segment_5.report
FullName/Id: Membership_Email_Lists/FY18_19_Renewals_Launch_Segment_5/00O61000004DzbEEAS
Manageable State: unmanaged
Namespace Prefix: null
Created By (Name/Id): Ike Irozuru/00561000001QT3QAAW
Last Modified By (Name/Id): Ike Irozuru/00561000001QT3QAAW
************************************************************
************************************************************
FileName: reports/Membership_Email_Lists/FY18_19_Renewals_Reminder_1_5_APAC.report
FullName/Id: Membership_Email_Lists/FY18_19_Renewals_Reminder_1_5_APAC/00O61000001ZcCCEA0
Manageable State: unmanaged
Namespace Prefix: null
Created By (Name/Id): Ike Irozuru/00561000001QT3QAAW
Last Modified By (Name/Id): Ike Irozuru/00561000001QT3QAAW
************************************************************
************************************************************
FileName: reports/Membership_Email_Lists/FY18_19_Renewals_Early_Segment_9.report
FullName/Id: Membership_Email_Lists/FY18_19_Renewals_Early_Segment_9/00O61000004E2YIEA0
Manageable State: unmanaged
Namespace Prefix: null
Created By (Name/Id): Ike Irozuru/00561000001QT3QAAW
Last Modified By (Name/Id): Brady Kazar/00561000002BqLgAAK
************************************************************
************************************************************
FileName: reports/Membership_Email_Lists/FY18_19_Renewals_19Jun_Group_6_3.report
FullName/Id: Membership_Email_Lists/FY18_19_Renewals_19Jun_Group_6_3/00O61000004EWbqEAG
Manageable State: unmanaged
Namespace Prefix: null
Created By (Name/Id): Ike Irozuru/00561000001QT3QAAW
Last Modified By (Name/Id): Ike Irozuru/00561000001QT3QAAW
************************************************************
************************************************************
FileName: reports/Membership_Email_Lists/FY18_19_Renewals_Reminder_1_6_EMEA.report
FullName/Id: Membership_Email_Lists/FY18_19_Renewals_Reminder_1_6_EMEA/00O61000001ZcjJEAS
Manageable State: unmanaged
Namespace Prefix: null
Created By (Name/Id): Ike Irozuru/00561000001QT3QAAW
Last Modified By (Name/Id): Ike Irozuru/00561000001QT3QAAW
************************************************************
************************************************************
FileName: reports/Membership_Email_Lists/FY18_19_Renewals_Reminders_2_2_Mod_Eng.report
FullName/Id: Membership_Email_Lists/FY18_19_Renewals_Reminders_2_2_Mod_Eng/00O61000004E5dGEAS
Manageable State: unmanaged
Namespace Prefix: null
Created By (Name/Id): Ike Irozuru/00561000001QT3QAAW
Last Modified By (Name/Id): Ike Irozuru/00561000001QT3QAAW
************************************************************
