************************************************************
FileName: reports/LATAM_Reports/LATAM_learning_FY20191.report
FullName/Id: LATAM_Reports/LATAM_learning_FY20191/00O61000004EiJBEA0
Manageable State: unmanaged
Namespace Prefix: null
Created By (Name/Id): Claudia Pereira/00561000002Dp2hAAC
Last Modified By (Name/Id): Claudia Pereira/00561000002Dp2hAAC
************************************************************
************************************************************
FileName: reports/LATAM_Reports/Dashboard_Report_of_S_P_w_Exch_Access1.report
FullName/Id: LATAM_Reports/Dashboard_Report_of_S_P_w_Exch_Access1/00O61000004EG2GEAW
Manageable State: unmanaged
Namespace Prefix: null
Created By (Name/Id): Danny Smith/00561000002BqLRAA0
Last Modified By (Name/Id): Danny Smith/00561000002BqLRAA0
************************************************************
************************************************************
FileName: reports/LATAM_Reports/YPO_Chapter_Health_Metrics_Latin_America.report
FullName/Id: LATAM_Reports/YPO_Chapter_Health_Metrics_Latin_America/00O610000042lbvEAA
Manageable State: unmanaged
Namespace Prefix: null
Created By (Name/Id): Danny Smith/00561000002BqLRAA0
Last Modified By (Name/Id): Danny Smith/00561000002BqLRAA0
************************************************************
************************************************************
FileName: reports/LATAM_Reports/LATAM_CC_FY19.report
FullName/Id: LATAM_Reports/LATAM_CC_FY19/00O61000004EiI3EAK
Manageable State: unmanaged
Namespace Prefix: null
Created By (Name/Id): Claudia Pereira/00561000002Dp2hAAC
Last Modified By (Name/Id): Claudia Pereira/00561000002Dp2hAAC
************************************************************
************************************************************
FileName: reports/LATAM_Reports/New_Members_Latin_America.report
FullName/Id: LATAM_Reports/New_Members_Latin_America/00O610000043AZ3EAM
Manageable State: unmanaged
Namespace Prefix: null
Created By (Name/Id): Elizabeth Simental/00561000002Dp3NAAS
Last Modified By (Name/Id): Elizabeth Simental/00561000002Dp3NAAS
************************************************************
************************************************************
FileName: reports/LATAM_Reports/YPO_Gold_CBMS12.report
FullName/Id: LATAM_Reports/YPO_Gold_CBMS12/00O610000042kzIEAQ
Manageable State: unmanaged
Namespace Prefix: null
Created By (Name/Id): Danny Smith/00561000002BqLRAA0
Last Modified By (Name/Id): Danny Smith/00561000002BqLRAA0
************************************************************
************************************************************
FileName: reports/LATAM_Reports/Renewal_Progress_status_FY_18_19_Latin_A.report
FullName/Id: LATAM_Reports/Renewal_Progress_status_FY_18_19_Latin_A/00O61000004EZydEAG
Manageable State: unmanaged
Namespace Prefix: null
Created By (Name/Id): Claudia Pereira/00561000002Dp2hAAC
Last Modified By (Name/Id): Claudia Pereira/00561000002Dp2hAAC
************************************************************
************************************************************
FileName: reports/LATAM_Reports/Dashboard_Report_Event_Participation_LA1.report
FullName/Id: LATAM_Reports/Dashboard_Report_Event_Participation_LA1/00O61000004EEWJEA4
Manageable State: unmanaged
Namespace Prefix: null
Created By (Name/Id): Danny Smith/00561000002BqLRAA0
Last Modified By (Name/Id): Danny Smith/00561000002BqLRAA0
************************************************************
************************************************************
FileName: reports/LATAM_Reports/GLC_Attendance_Dinner.report
FullName/Id: LATAM_Reports/GLC_Attendance_Dinner/00O610000042ngOEAQ
Manageable State: unmanaged
Namespace Prefix: null
Created By (Name/Id): Mariana Feld/00561000002DoyuAAC
Last Modified By (Name/Id): Mariana Feld/00561000002DoyuAAC
************************************************************
************************************************************
FileName: reports/LATAM_Reports/LATAM_Renewals_Projection_Report.report
FullName/Id: LATAM_Reports/LATAM_Renewals_Projection_Report/00O61000004675IEAQ
Manageable State: unmanaged
Namespace Prefix: null
Created By (Name/Id): Lynn Phillips/00561000000JTJQAA4
Last Modified By (Name/Id): Lynn Phillips/00561000000JTJQAA4
************************************************************
************************************************************
FileName: reports/LATAM_Reports/Chapter_Officers_Past_Current_Elect9.report
FullName/Id: LATAM_Reports/Chapter_Officers_Past_Current_Elect9/00O610000042rB0EAI
Manageable State: unmanaged
Namespace Prefix: null
Created By (Name/Id): Mariana Feld/00561000002DoyuAAC
Last Modified By (Name/Id): Mariana Feld/00561000002DoyuAAC
************************************************************
************************************************************
FileName: reports/LATAM_Reports/FY19_Reg_Officers_Reg_for_GLC_Latin_Amer.report
FullName/Id: LATAM_Reports/FY19_Reg_Officers_Reg_for_GLC_Latin_Amer/00O610000042kumEAA
Manageable State: unmanaged
Namespace Prefix: null
Created By (Name/Id): Danny Smith/00561000002BqLRAA0
Last Modified By (Name/Id): Danny Smith/00561000002BqLRAA0
************************************************************
************************************************************
FileName: reports/LATAM_Reports/GLC_Singapore_2018_Rex_Latin_America1.report
FullName/Id: LATAM_Reports/GLC_Singapore_2018_Rex_Latin_America1/00O610000043B6WEAU
Manageable State: unmanaged
Namespace Prefix: null
Created By (Name/Id): Claudia Pereira/00561000002Dp2hAAC
Last Modified By (Name/Id): Claudia Pereira/00561000002Dp2hAAC
************************************************************
************************************************************
FileName: reports/LATAM_Reports/Gender_Report_LA.report
FullName/Id: LATAM_Reports/Gender_Report_LA/00O610000042mwpEAA
Manageable State: unmanaged
Namespace Prefix: null
Created By (Name/Id): Mariana Feld/00561000002DoyuAAC
Last Modified By (Name/Id): Mariana Feld/00561000002DoyuAAC
************************************************************
************************************************************
FileName: reports/LATAM_Reports/Dashboard_Report_Female_Mem_in_LA_2_0.report
FullName/Id: LATAM_Reports/Dashboard_Report_Female_Mem_in_LA_2_0/00O61000004EQwiEAG
Manageable State: unmanaged
Namespace Prefix: null
Created By (Name/Id): Danny Smith/00561000002BqLRAA0
Last Modified By (Name/Id): Danny Smith/00561000002BqLRAA0
************************************************************
************************************************************
FileName: reports/LATAM_Reports/Officer_ID_YPO_matrix_by_Officer_role1.report
FullName/Id: LATAM_Reports/Officer_ID_YPO_matrix_by_Officer_role1/00O610000042ngiEAA
Manageable State: unmanaged
Namespace Prefix: null
Created By (Name/Id): Mariana Feld/00561000002DoyuAAC
Last Modified By (Name/Id): Mariana Feld/00561000002DoyuAAC
************************************************************
************************************************************
FileName: reports/LATAM_Reports/FY2018_Rex_Officers_Latin_America.report
FullName/Id: LATAM_Reports/FY2018_Rex_Officers_Latin_America/00O6100000437VmEAI
Manageable State: unmanaged
Namespace Prefix: null
Created By (Name/Id): Claudia Pereira/00561000002Dp2hAAC
Last Modified By (Name/Id): Claudia Pereira/00561000002Dp2hAAC
************************************************************
************************************************************
FileName: reports/LATAM_Reports/YPO_CBMS12.report
FullName/Id: LATAM_Reports/YPO_CBMS12/00O610000042kzNEAQ
Manageable State: unmanaged
Namespace Prefix: null
Created By (Name/Id): Danny Smith/00561000002BqLRAA0
Last Modified By (Name/Id): Danny Smith/00561000002BqLRAA0
************************************************************
************************************************************
FileName: reports/LATAM_Reports/Dashboard_Report_Ave_Learn_Rate_LA1.report
FullName/Id: LATAM_Reports/Dashboard_Report_Ave_Learn_Rate_LA1/00O61000004EEWOEA4
Manageable State: unmanaged
Namespace Prefix: null
Created By (Name/Id): Danny Smith/00561000002BqLRAA0
Last Modified By (Name/Id): Danny Smith/00561000002BqLRAA0
************************************************************
************************************************************
FileName: reports/LATAM_Reports/YPO_Member_Profile_Report_Latin_America.report
FullName/Id: LATAM_Reports/YPO_Member_Profile_Report_Latin_America/00O610000042lYIEAY
Manageable State: unmanaged
Namespace Prefix: null
Created By (Name/Id): Danny Smith/00561000002BqLRAA0
Last Modified By (Name/Id): Danny Smith/00561000002BqLRAA0
************************************************************
************************************************************
FileName: reports/LATAM_Reports/GLC_attendance_with_chart.report
FullName/Id: LATAM_Reports/GLC_attendance_with_chart/00O610000042myCEAQ
Manageable State: unmanaged
Namespace Prefix: null
Created By (Name/Id): Mariana Feld/00561000002DoyuAAC
Last Modified By (Name/Id): Mariana Feld/00561000002DoyuAAC
************************************************************
************************************************************
FileName: reports/LATAM_Reports/YPO_Chapter_Health_Data_Latin_America.report
FullName/Id: LATAM_Reports/YPO_Chapter_Health_Data_Latin_America/00O610000042lZuEAI
Manageable State: unmanaged
Namespace Prefix: null
Created By (Name/Id): Danny Smith/00561000002BqLRAA0
Last Modified By (Name/Id): Danny Smith/00561000002BqLRAA0
************************************************************
************************************************************
FileName: reports/LATAM_Reports/FY2018_Chapter_Officers_LA.report
FullName/Id: LATAM_Reports/FY2018_Chapter_Officers_LA/00O6100000431O5EAI
Manageable State: unmanaged
Namespace Prefix: null
Created By (Name/Id): Claudia Pereira/00561000002Dp2hAAC
Last Modified By (Name/Id): Claudia Pereira/00561000002Dp2hAAC
************************************************************
************************************************************
FileName: reports/LATAM_Reports/Chapter_Visits_Latin_America_Region.report
FullName/Id: LATAM_Reports/Chapter_Visits_Latin_America_Region/00O610000049rGTEAY
Manageable State: unmanaged
Namespace Prefix: null
Created By (Name/Id): Danny Smith/00561000002BqLRAA0
Last Modified By (Name/Id): Danny Smith/00561000002BqLRAA0
************************************************************
************************************************************
FileName: reports/LATAM_Reports/Mariana_C_LATAM_New_Mbrs_by_Join_Date.report
FullName/Id: LATAM_Reports/Mariana_C_LATAM_New_Mbrs_by_Join_Date/00O610000042z00EAA
Manageable State: unmanaged
Namespace Prefix: null
Created By (Name/Id): Thomas Cook/00561000002EIpGAAW
Last Modified By (Name/Id): Thomas Cook/00561000002EIpGAAW
************************************************************
************************************************************
FileName: reports/LATAM_Reports/Dashboard_Report_Mem_Ave_Age_Latin_Amer1.report
FullName/Id: LATAM_Reports/Dashboard_Report_Mem_Ave_Age_Latin_Amer1/00O61000004EEUmEAO
Manageable State: unmanaged
Namespace Prefix: null
Created By (Name/Id): Danny Smith/00561000002BqLRAA0
Last Modified By (Name/Id): Danny Smith/00561000002BqLRAA0
************************************************************
************************************************************
FileName: reports/LATAM_Reports/REX_GLC_Singapore.report
FullName/Id: LATAM_Reports/REX_GLC_Singapore/00O6100000430cQEAQ
Manageable State: unmanaged
Namespace Prefix: null
Created By (Name/Id): Claudia Pereira/00561000002Dp2hAAC
Last Modified By (Name/Id): Claudia Pereira/00561000002Dp2hAAC
************************************************************
************************************************************
FileName: reports/LATAM_Reports/Dashboard_Report_of_Pri_Mem_Latin_Amer.report
FullName/Id: LATAM_Reports/Dashboard_Report_of_Pri_Mem_Latin_Amer/00O61000004EEUDEA4
Manageable State: unmanaged
Namespace Prefix: null
Created By (Name/Id): Danny Smith/00561000002BqLRAA0
Last Modified By (Name/Id): Danny Smith/00561000002BqLRAA0
************************************************************
************************************************************
FileName: reports/LATAM_Reports/GLC_Singapore_2018_Rex_Latin_America.report
FullName/Id: LATAM_Reports/GLC_Singapore_2018_Rex_Latin_America/00O610000043B6REAU
Manageable State: unmanaged
Namespace Prefix: null
Created By (Name/Id): Claudia Pereira/00561000002Dp2hAAC
Last Modified By (Name/Id): Claudia Pereira/00561000002Dp2hAAC
************************************************************
************************************************************
FileName: reports/LATAM_Reports/Dashboard_Report_of_Sec_Mem_Latin_Amer1.report
FullName/Id: LATAM_Reports/Dashboard_Report_of_Sec_Mem_Latin_Amer1/00O61000004EEUSEA4
Manageable State: unmanaged
Namespace Prefix: null
Created By (Name/Id): Danny Smith/00561000002BqLRAA0
Last Modified By (Name/Id): Danny Smith/00561000002BqLRAA0
************************************************************
************************************************************
FileName: reports/LATAM_Reports/YPO_Active_Regional_Specialist.report
FullName/Id: LATAM_Reports/YPO_Active_Regional_Specialist/00O610000049s8kEAA
Manageable State: unmanaged
Namespace Prefix: null
Created By (Name/Id): Danny Smith/00561000002BqLRAA0
Last Modified By (Name/Id): Danny Smith/00561000002BqLRAA0
************************************************************
************************************************************
FileName: reports/LATAM_Reports/LATAM_CC_FY191.report
FullName/Id: LATAM_Reports/LATAM_CC_FY191/00O61000004EiJ6EAK
Manageable State: unmanaged
Namespace Prefix: null
Created By (Name/Id): Claudia Pereira/00561000002Dp2hAAC
Last Modified By (Name/Id): Claudia Pereira/00561000002Dp2hAAC
************************************************************
************************************************************
FileName: reports/LATAM_Reports/YPO_Renewal_Projection_Report_Latin_Amer.report
FullName/Id: LATAM_Reports/YPO_Renewal_Projection_Report_Latin_Amer/00O61000004ELAUEA4
Manageable State: unmanaged
Namespace Prefix: null
Created By (Name/Id): Danny Smith/00561000002BqLRAA0
Last Modified By (Name/Id): Danny Smith/00561000002BqLRAA0
************************************************************
************************************************************
FileName: reports/LATAM_Reports/FY18_Lifetime_Members_Latin_America.report
FullName/Id: LATAM_Reports/FY18_Lifetime_Members_Latin_America/00O61000004ELPPEA4
Manageable State: unmanaged
Namespace Prefix: null
Created By (Name/Id): Danny Smith/00561000002BqLRAA0
Last Modified By (Name/Id): Danny Smith/00561000002BqLRAA0
************************************************************
************************************************************
FileName: reports/LATAM_Reports/EDGE_Singapore.report
FullName/Id: LATAM_Reports/EDGE_Singapore/00O6100000430f5EAA
Manageable State: unmanaged
Namespace Prefix: null
Created By (Name/Id): Claudia Pereira/00561000002Dp2hAAC
Last Modified By (Name/Id): Claudia Pereira/00561000002Dp2hAAC
************************************************************
************************************************************
FileName: reports/LATAM_Reports/Dashboard_Report_Members_In_Mentoring_LA1.report
FullName/Id: LATAM_Reports/Dashboard_Report_Members_In_Mentoring_LA1/00O61000004EEWTEA4
Manageable State: unmanaged
Namespace Prefix: null
Created By (Name/Id): Danny Smith/00561000002BqLRAA0
Last Modified By (Name/Id): Danny Smith/00561000002BqLRAA0
************************************************************
************************************************************
FileName: reports/LATAM_Reports/Dashboard_Report_CH_Status_Latin_America1.report
FullName/Id: LATAM_Reports/Dashboard_Report_CH_Status_Latin_America1/00O61000004EETPEA4
Manageable State: unmanaged
Namespace Prefix: null
Created By (Name/Id): Danny Smith/00561000002BqLRAA0
Last Modified By (Name/Id): Danny Smith/00561000002BqLRAA0
************************************************************
************************************************************
FileName: reports/LATAM_Reports/Dashboard_Report_Pri_Sec_Mem_Latin_Amer1.report
FullName/Id: LATAM_Reports/Dashboard_Report_Pri_Sec_Mem_Latin_Amer1/00O61000004EETjEAO
Manageable State: unmanaged
Namespace Prefix: null
Created By (Name/Id): Danny Smith/00561000002BqLRAA0
Last Modified By (Name/Id): Danny Smith/00561000002BqLRAA0
************************************************************
************************************************************
FileName: reports/LATAM_Reports/FY19_Chapter_Officer_Attd_GLC_Latin_Amer.report
FullName/Id: LATAM_Reports/FY19_Chapter_Officer_Attd_GLC_Latin_Amer/00O610000042mMXEAY
Manageable State: unmanaged
Namespace Prefix: null
Created By (Name/Id): Danny Smith/00561000002BqLRAA0
Last Modified By (Name/Id): Danny Smith/00561000002BqLRAA0
************************************************************
************************************************************
FileName: reports/LATAM_Reports/Dashboard_Report_of_Mem_in_Network_LA1.report
FullName/Id: LATAM_Reports/Dashboard_Report_of_Mem_in_Network_LA1/00O61000004EG1cEAG
Manageable State: unmanaged
Namespace Prefix: null
Created By (Name/Id): Danny Smith/00561000002BqLRAA0
Last Modified By (Name/Id): Danny Smith/00561000002BqLRAA0
************************************************************
************************************************************
FileName: reports/LATAM_Reports/Dashboard_Report_of_S_P_in_Forum_in_LA1.report
FullName/Id: LATAM_Reports/Dashboard_Report_of_S_P_in_Forum_in_LA1/00O61000004EFhNEAW
Manageable State: unmanaged
Namespace Prefix: null
Created By (Name/Id): Danny Smith/00561000002BqLRAA0
Last Modified By (Name/Id): Danny Smith/00561000002BqLRAA0
************************************************************
************************************************************
FileName: reports/LATAM_Reports/Dashboard_Report_of_Mem_in_Forum_LA1.report
FullName/Id: LATAM_Reports/Dashboard_Report_of_Mem_in_Forum_LA1/00O61000004EFhIEAW
Manageable State: unmanaged
Namespace Prefix: null
Created By (Name/Id): Danny Smith/00561000002BqLRAA0
Last Modified By (Name/Id): Danny Smith/00561000002BqLRAA0
************************************************************
************************************************************
FileName: reports/LATAM_Reports/Dashboard_Report_of_Mem_below_35_LA1.report
FullName/Id: LATAM_Reports/Dashboard_Report_of_Mem_below_35_LA1/00O61000004EEVQEA4
Manageable State: unmanaged
Namespace Prefix: null
Created By (Name/Id): Danny Smith/00561000002BqLRAA0
Last Modified By (Name/Id): Danny Smith/00561000002BqLRAA0
************************************************************
************************************************************
FileName: reports/LATAM_Reports/Dashboard_Report_of_Com_Prof_Latin_AM.report
FullName/Id: LATAM_Reports/Dashboard_Report_of_Com_Prof_Latin_AM/00O61000004EG1DEAW
Manageable State: unmanaged
Namespace Prefix: null
Created By (Name/Id): Danny Smith/00561000002BqLRAA0
Last Modified By (Name/Id): Danny Smith/00561000002BqLRAA0
************************************************************
************************************************************
FileName: reports/LATAM_Reports/Dashboard_Report_Off_Train_GLC_CLW_LA1.report
FullName/Id: LATAM_Reports/Dashboard_Report_Off_Train_GLC_CLW_LA1/00O61000004EG1rEAG
Manageable State: unmanaged
Namespace Prefix: null
Created By (Name/Id): Danny Smith/00561000002BqLRAA0
Last Modified By (Name/Id): Danny Smith/00561000002BqLRAA0
************************************************************
************************************************************
FileName: reports/LATAM_Reports/Dashboard_Report_Mem_Forums_Train_Mode1.report
FullName/Id: LATAM_Reports/Dashboard_Report_Mem_Forums_Train_Mode1/00O61000004EFhcEAG
Manageable State: unmanaged
Namespace Prefix: null
Created By (Name/Id): Danny Smith/00561000002BqLRAA0
Last Modified By (Name/Id): Danny Smith/00561000002BqLRAA0
************************************************************
************************************************************
FileName: reports/LATAM_Reports/FY19_Chapter_Officers_ID_Latin_America.report
FullName/Id: LATAM_Reports/FY19_Chapter_Officers_ID_Latin_America/00O610000042mMSEAY
Manageable State: unmanaged
Namespace Prefix: null
Created By (Name/Id): Danny Smith/00561000002BqLRAA0
Last Modified By (Name/Id): Danny Smith/00561000002BqLRAA0
************************************************************
************************************************************
FileName: reports/LATAM_Reports/Dashboard_Report_of_Chapter_Events1.report
FullName/Id: LATAM_Reports/Dashboard_Report_of_Chapter_Events1/00O61000004EEW9EAO
Manageable State: unmanaged
Namespace Prefix: null
Created By (Name/Id): Danny Smith/00561000002BqLRAA0
Last Modified By (Name/Id): Danny Smith/00561000002BqLRAA0
************************************************************
************************************************************
FileName: reports/LATAM_Reports/FY19_Chapter_Off_ID_Not_Registered_LA.report
FullName/Id: LATAM_Reports/FY19_Chapter_Off_ID_Not_Registered_LA/00O610000042qAGEAY
Manageable State: unmanaged
Namespace Prefix: null
Created By (Name/Id): Danny Smith/00561000002BqLRAA0
Last Modified By (Name/Id): Danny Smith/00561000002BqLRAA0
************************************************************
************************************************************
FileName: reports/LATAM_Reports/Chapter_health_data_LA_MF.report
FullName/Id: LATAM_Reports/Chapter_health_data_LA_MF/00O610000042ngdEAA
Manageable State: unmanaged
Namespace Prefix: null
Created By (Name/Id): Mariana Feld/00561000002DoyuAAC
Last Modified By (Name/Id): Mariana Feld/00561000002DoyuAAC
************************************************************
************************************************************
FileName: reports/LATAM_Reports/FY18_LA_Chapter_Chairs.report
FullName/Id: LATAM_Reports/FY18_LA_Chapter_Chairs/00O610000042rBKEAY
Manageable State: unmanaged
Namespace Prefix: null
Created By (Name/Id): Mariana Feld/00561000002DoyuAAC
Last Modified By (Name/Id): Mariana Feld/00561000002DoyuAAC
************************************************************
************************************************************
FileName: reports/LATAM_Reports/FY19_Officers_Attd_CLW_Europe_Latin_Amer.report
FullName/Id: LATAM_Reports/FY19_Officers_Attd_CLW_Europe_Latin_Amer/00O610000042mMhEAI
Manageable State: unmanaged
Namespace Prefix: null
Created By (Name/Id): Danny Smith/00561000002BqLRAA0
Last Modified By (Name/Id): Danny Smith/00561000002BqLRAA0
************************************************************
************************************************************
FileName: reports/LATAM_Reports/fy19_Chapter_officer_LA.report
FullName/Id: LATAM_Reports/fy19_Chapter_officer_LA/00O610000042rBtEAI
Manageable State: unmanaged
Namespace Prefix: null
Created By (Name/Id): Mariana Feld/00561000002DoyuAAC
Last Modified By (Name/Id): Mariana Feld/00561000002DoyuAAC
************************************************************
************************************************************
FileName: reports/LATAM_Reports/Dashboard_Report_Mem_Elig_Grad_30_Jun1.report
FullName/Id: LATAM_Reports/Dashboard_Report_Mem_Elig_Grad_30_Jun1/00O61000004EEUXEA4
Manageable State: unmanaged
Namespace Prefix: null
Created By (Name/Id): Danny Smith/00561000002BqLRAA0
Last Modified By (Name/Id): Danny Smith/00561000002BqLRAA0
************************************************************
************************************************************
FileName: reports/LATAM_Reports/Renewal_Progress_Status_FY18_19_LATAM.report
FullName/Id: LATAM_Reports/Renewal_Progress_Status_FY18_19_LATAM/00O61000004EDRhEAO
Manageable State: unmanaged
Namespace Prefix: null
Created By (Name/Id): Danny Smith/00561000002BqLRAA0
Last Modified By (Name/Id): Danny Smith/00561000002BqLRAA0
************************************************************
************************************************************
FileName: reports/LATAM_Reports/FY19_Officer_Attd_CLW_America_Latin_Amer.report
FullName/Id: LATAM_Reports/FY19_Officer_Attd_CLW_America_Latin_Amer/00O610000042mMmEAI
Manageable State: unmanaged
Namespace Prefix: null
Created By (Name/Id): Danny Smith/00561000002BqLRAA0
Last Modified By (Name/Id): Danny Smith/00561000002BqLRAA0
************************************************************
