************************************************************
FileName: reports/ffxp__ffdc5_FinancialForce_Tax_Reports/ffxp__ffdc5_ECSalesList.report
FullName/Id: ffxp__ffdc5_FinancialForce_Tax_Reports/ffxp__ffdc5_ECSalesList/00O610000042zlJEAQ
Manageable State: installed
Namespace Prefix: ffxp
Created By (Name/Id): TEMPORARY FF Onboarding Login/00561000002zrVwAAI
Last Modified By (Name/Id): TEMPORARY FF Onboarding Login/00561000002zrVwAAI
************************************************************
************************************************************
FileName: reports/ffxp__ffdc5_FinancialForce_Tax_Reports/ffxp__ffdc5_TaxDetailsSalesAndUseTax.report
FullName/Id: ffxp__ffdc5_FinancialForce_Tax_Reports/ffxp__ffdc5_TaxDetailsSalesAndUseTax/00O610000042zlLEAQ
Manageable State: installed
Namespace Prefix: ffxp
Created By (Name/Id): TEMPORARY FF Onboarding Login/00561000002zrVwAAI
Last Modified By (Name/Id): TEMPORARY FF Onboarding Login/00561000002zrVwAAI
************************************************************
************************************************************
FileName: reports/ffxp__ffdc5_FinancialForce_Tax_Reports/ffxp__ffdc5_ECSalesListDetails.report
FullName/Id: ffxp__ffdc5_FinancialForce_Tax_Reports/ffxp__ffdc5_ECSalesListDetails/00O610000042zlKEAQ
Manageable State: installed
Namespace Prefix: ffxp
Created By (Name/Id): TEMPORARY FF Onboarding Login/00561000002zrVwAAI
Last Modified By (Name/Id): TEMPORARY FF Onboarding Login/00561000002zrVwAAI
************************************************************
************************************************************
FileName: reports/ffxp__ffdc5_FinancialForce_Tax_Reports/ffxp__ffdc5_TaxRates.report
FullName/Id: ffxp__ffdc5_FinancialForce_Tax_Reports/ffxp__ffdc5_TaxRates/00O610000042zlNEAQ
Manageable State: installed
Namespace Prefix: ffxp
Created By (Name/Id): TEMPORARY FF Onboarding Login/00561000002zrVwAAI
Last Modified By (Name/Id): TEMPORARY FF Onboarding Login/00561000002zrVwAAI
************************************************************
************************************************************
FileName: reports/ffxp__ffdc5_FinancialForce_Tax_Reports/ffxp__ffdc5_TaxDetailsValueAddedTax.report
FullName/Id: ffxp__ffdc5_FinancialForce_Tax_Reports/ffxp__ffdc5_TaxDetailsValueAddedTax/00O610000042zlMEAQ
Manageable State: installed
Namespace Prefix: ffxp
Created By (Name/Id): TEMPORARY FF Onboarding Login/00561000002zrVwAAI
Last Modified By (Name/Id): TEMPORARY FF Onboarding Login/00561000002zrVwAAI
************************************************************
************************************************************
FileName: reports/ffxp__ffdc5_FinancialForce_Tax_Reports/ffxp__ffdc5_1099_MISC_Payments_Report.report
FullName/Id: ffxp__ffdc5_FinancialForce_Tax_Reports/ffxp__ffdc5_1099_MISC_Payments_Report/00O610000042zlIEAQ
Manageable State: installed
Namespace Prefix: ffxp
Created By (Name/Id): TEMPORARY FF Onboarding Login/00561000002zrVwAAI
Last Modified By (Name/Id): TEMPORARY FF Onboarding Login/00561000002zrVwAAI
************************************************************
