************************************************************
FileName: reports/YPO_Chapter_Admin/CAs_who_haven_t_logged_in.report
FullName/Id: YPO_Chapter_Admin/CAs_who_haven_t_logged_in/00O61000003nabxEAA
Manageable State: unmanaged
Namespace Prefix: null
Created By (Name/Id): Lynn Phillips/00561000000JTJQAA4
Last Modified By (Name/Id): Lynn Phillips/00561000000JTJQAA4
************************************************************
************************************************************
FileName: reports/YPO_Chapter_Admin/Officers_with_School_Information.report
FullName/Id: YPO_Chapter_Admin/Officers_with_School_Information/00O6100000463RdEAI
Manageable State: unmanaged
Namespace Prefix: null
Created By (Name/Id): Kelli Do/00561000001PrKOAA0
Last Modified By (Name/Id): Kelli Do/00561000001PrKOAA0
************************************************************
************************************************************
FileName: reports/YPO_Chapter_Admin/CA_Report_Debbie.report
FullName/Id: YPO_Chapter_Admin/CA_Report_Debbie/00O610000042bdKEAQ
Manageable State: unmanaged
Namespace Prefix: null
Created By (Name/Id): Debbie Maday/00561000001udRIAAY
Last Modified By (Name/Id): Debbie Maday/00561000001udRIAAY
************************************************************
************************************************************
FileName: reports/YPO_Chapter_Admin/Item_02861_Chapter_Roster_Spouse_in_Nw.report
FullName/Id: YPO_Chapter_Admin/Item_02861_Chapter_Roster_Spouse_in_Nw/00O61000003mlnAEAQ
Manageable State: unmanaged
Namespace Prefix: null
Created By (Name/Id): Kelli Do/00561000001PrKOAA0
Last Modified By (Name/Id): Kelli Do/00561000001PrKOAA0
************************************************************
************************************************************
FileName: reports/YPO_Chapter_Admin/CA_Settings_Chapter_Admins_by_Chap_Reg.report
FullName/Id: YPO_Chapter_Admin/CA_Settings_Chapter_Admins_by_Chap_Reg/00O61000003nNIlEAM
Manageable State: unmanaged
Namespace Prefix: null
Created By (Name/Id): Kelli Do/00561000001PrKOAA0
Last Modified By (Name/Id): Kelli Do/00561000001PrKOAA0
************************************************************
************************************************************
FileName: reports/YPO_Chapter_Admin/CMOs_who_have_and_haven_t_logged_in.report
FullName/Id: YPO_Chapter_Admin/CMOs_who_have_and_haven_t_logged_in/00O61000003nac2EAA
Manageable State: unmanaged
Namespace Prefix: null
Created By (Name/Id): Lynn Phillips/00561000000JTJQAA4
Last Modified By (Name/Id): Lynn Phillips/00561000000JTJQAA4
************************************************************
************************************************************
FileName: reports/YPO_Chapter_Admin/Member_Spouse_Partner_by_Specific_Net.report
FullName/Id: YPO_Chapter_Admin/Member_Spouse_Partner_by_Specific_Net/00O610000045xMDEAY
Manageable State: unmanaged
Namespace Prefix: null
Created By (Name/Id): Rhiana Harris/00561000002DozEAAS
Last Modified By (Name/Id): Rhiana Harris/00561000002DozEAAS
************************************************************
************************************************************
FileName: reports/YPO_Chapter_Admin/Chapter_Roster_Networks.report
FullName/Id: YPO_Chapter_Admin/Chapter_Roster_Networks/00O61000003mln0EAA
Manageable State: unmanaged
Namespace Prefix: null
Created By (Name/Id): Kelli Do/00561000001PrKOAA0
Last Modified By (Name/Id): Nicolas Dubernard/00561000001QSbCAAW
************************************************************
************************************************************
FileName: reports/YPO_Chapter_Admin/Profile_Completion_for_Officers.report
FullName/Id: YPO_Chapter_Admin/Profile_Completion_for_Officers/00O6100000463RJEAY
Manageable State: unmanaged
Namespace Prefix: null
Created By (Name/Id): Kelli Do/00561000001PrKOAA0
Last Modified By (Name/Id): Kelli Do/00561000001PrKOAA0
************************************************************
************************************************************
FileName: reports/YPO_Chapter_Admin/Item_03928_Chapter_Admin_Info.report
FullName/Id: YPO_Chapter_Admin/Item_03928_Chapter_Admin_Info/00O61000003q0PyEAI
Manageable State: unmanaged
Namespace Prefix: null
Created By (Name/Id): Mike Sadigov/00561000001QblaAAC
Last Modified By (Name/Id): Kelli Do/00561000001PrKOAA0
************************************************************
************************************************************
FileName: reports/YPO_Chapter_Admin/CA_Settings_with_Address_Info_for_NMK.report
FullName/Id: YPO_Chapter_Admin/CA_Settings_with_Address_Info_for_NMK/00O61000003nKWaEAM
Manageable State: unmanaged
Namespace Prefix: null
Created By (Name/Id): Kelli Do/00561000001PrKOAA0
Last Modified By (Name/Id): Kelli Do/00561000001PrKOAA0
************************************************************
************************************************************
FileName: reports/YPO_Chapter_Admin/Members_with_Interests_by_Chapter_CAs.report
FullName/Id: YPO_Chapter_Admin/Members_with_Interests_by_Chapter_CAs/00O610000043EtIEAU
Manageable State: unmanaged
Namespace Prefix: null
Created By (Name/Id): Kelli Do/00561000001PrKOAA0
Last Modified By (Name/Id): Kelli Do/00561000001PrKOAA0
************************************************************
