************************************************************
FileName: reports/My_Shared_Reports/Bio_Test_Report.report
FullName/Id: My_Shared_Reports/Bio_Test_Report/00O610000042rDkEAI
Manageable State: unmanaged
Namespace Prefix: null
Created By (Name/Id): Victoria Corts/00561000002BqLTAA0
Last Modified By (Name/Id): Victoria Corts/00561000002BqLTAA0
************************************************************
************************************************************
FileName: reports/My_Shared_Reports/DealNetwork_Export_for_MC.report
FullName/Id: My_Shared_Reports/DealNetwork_Export_for_MC/00O610000049qV3EAI
Manageable State: unmanaged
Namespace Prefix: null
Created By (Name/Id): Julie Cook/00561000002ih9cAAA
Last Modified By (Name/Id): Julie Cook/00561000002ih9cAAA
************************************************************
************************************************************
FileName: reports/My_Shared_Reports/Chapter_Members_join_dates.report
FullName/Id: My_Shared_Reports/Chapter_Members_join_dates/00O610000042PPSEA2
Manageable State: unmanaged
Namespace Prefix: null
Created By (Name/Id): Emma Walton/00561000002Dp48AAC
Last Modified By (Name/Id): Emma Walton/00561000002Dp48AAC
************************************************************
************************************************************
FileName: reports/My_Shared_Reports/F_B_RT.report
FullName/Id: My_Shared_Reports/F_B_RT/00O610000042rEsEAI
Manageable State: unmanaged
Namespace Prefix: null
Created By (Name/Id): Karen Metcalf/00561000002Dp1KAAS
Last Modified By (Name/Id): Karen Metcalf/00561000002Dp1KAAS
************************************************************
