************************************************************
FileName: reports/Dawn_Kent_Reports/Item_03131_Matrix.report
FullName/Id: Dawn_Kent_Reports/Item_03131_Matrix/00O61000003mfHwEAI
Manageable State: unmanaged
Namespace Prefix: null
Created By (Name/Id): Dawn Kent/005610000022ex6AAA
Last Modified By (Name/Id): Kelli Do/00561000001PrKOAA0
************************************************************
************************************************************
FileName: reports/Dawn_Kent_Reports/Item_03145_Matrix_and_Chart.report
FullName/Id: Dawn_Kent_Reports/Item_03145_Matrix_and_Chart/00O61000003mfXQEAY
Manageable State: unmanaged
Namespace Prefix: null
Created By (Name/Id): Dawn Kent/005610000022ex6AAA
Last Modified By (Name/Id): Kelli Do/00561000001PrKOAA0
************************************************************
************************************************************
FileName: reports/Dawn_Kent_Reports/Item_03135.report
FullName/Id: Dawn_Kent_Reports/Item_03135/00O61000003mh2hEAA
Manageable State: unmanaged
Namespace Prefix: null
Created By (Name/Id): Dawn Kent/005610000022ex6AAA
Last Modified By (Name/Id): Kelli Do/00561000001PrKOAA0
************************************************************
************************************************************
FileName: reports/Dawn_Kent_Reports/Item_03139.report
FullName/Id: Dawn_Kent_Reports/Item_03139/00O61000003mh4OEAQ
Manageable State: unmanaged
Namespace Prefix: null
Created By (Name/Id): Dawn Kent/005610000022ex6AAA
Last Modified By (Name/Id): Kelli Do/00561000001PrKOAA0
************************************************************
************************************************************
FileName: reports/Dawn_Kent_Reports/Item_03946_DRAFT.report
FullName/Id: Dawn_Kent_Reports/Item_03946_DRAFT/00O61000003mjQ9EAI
Manageable State: unmanaged
Namespace Prefix: null
Created By (Name/Id): Dawn Kent/005610000022ex6AAA
Last Modified By (Name/Id): Kelli Do/00561000001PrKOAA0
************************************************************
************************************************************
FileName: reports/Dawn_Kent_Reports/Item_03137_Summ.report
FullName/Id: Dawn_Kent_Reports/Item_03137_Summ/00O61000003mgl7EAA
Manageable State: unmanaged
Namespace Prefix: null
Created By (Name/Id): Dawn Kent/005610000022ex6AAA
Last Modified By (Name/Id): Kelli Do/00561000001PrKOAA0
************************************************************
************************************************************
FileName: reports/Dawn_Kent_Reports/X3141_Chapter_Prospect_Assignments.report
FullName/Id: Dawn_Kent_Reports/X3141_Chapter_Prospect_Assignments/00O61000003mfGyEAI
Manageable State: unmanaged
Namespace Prefix: null
Created By (Name/Id): Dawn Kent/005610000022ex6AAA
Last Modified By (Name/Id): Kelli Do/00561000001PrKOAA0
************************************************************
************************************************************
FileName: reports/Dawn_Kent_Reports/Item_3946_Board_and_Committee_Members.report
FullName/Id: Dawn_Kent_Reports/Item_3946_Board_and_Committee_Members/00O61000003mjjzEAA
Manageable State: unmanaged
Namespace Prefix: null
Created By (Name/Id): Kelli Do/00561000001PrKOAA0
Last Modified By (Name/Id): Kelli Do/00561000001PrKOAA0
************************************************************
************************************************************
FileName: reports/Dawn_Kent_Reports/Item_03151_Matrix.report
FullName/Id: Dawn_Kent_Reports/Item_03151_Matrix/00O61000003mfJEEAY
Manageable State: unmanaged
Namespace Prefix: null
Created By (Name/Id): Dawn Kent/005610000022ex6AAA
Last Modified By (Name/Id): Kelli Do/00561000001PrKOAA0
************************************************************
************************************************************
FileName: reports/Dawn_Kent_Reports/Item_03138_Pie.report
FullName/Id: Dawn_Kent_Reports/Item_03138_Pie/00O61000003mglHEAQ
Manageable State: unmanaged
Namespace Prefix: null
Created By (Name/Id): Dawn Kent/005610000022ex6AAA
Last Modified By (Name/Id): Kelli Do/00561000001PrKOAA0
************************************************************
************************************************************
FileName: reports/Dawn_Kent_Reports/Item_02857_Draft.report
FullName/Id: Dawn_Kent_Reports/Item_02857_Draft/00O61000003mjBYEAY
Manageable State: unmanaged
Namespace Prefix: null
Created By (Name/Id): Dawn Kent/005610000022ex6AAA
Last Modified By (Name/Id): Kelli Do/00561000001PrKOAA0
************************************************************
************************************************************
FileName: reports/Dawn_Kent_Reports/Item_03133_Matrix_Request.report
FullName/Id: Dawn_Kent_Reports/Item_03133_Matrix_Request/00O61000003mgjQEAQ
Manageable State: unmanaged
Namespace Prefix: null
Created By (Name/Id): Dawn Kent/005610000022ex6AAA
Last Modified By (Name/Id): Kelli Do/00561000001PrKOAA0
************************************************************
************************************************************
FileName: reports/Dawn_Kent_Reports/Item_03921_DRAFT.report
FullName/Id: Dawn_Kent_Reports/Item_03921_DRAFT/00O61000003mj8oEAA
Manageable State: unmanaged
Namespace Prefix: null
Created By (Name/Id): Dawn Kent/005610000022ex6AAA
Last Modified By (Name/Id): Kelli Do/00561000001PrKOAA0
************************************************************
************************************************************
FileName: reports/Dawn_Kent_Reports/Item_03132.report
FullName/Id: Dawn_Kent_Reports/Item_03132/00O61000003mggWEAQ
Manageable State: unmanaged
Namespace Prefix: null
Created By (Name/Id): Dawn Kent/005610000022ex6AAA
Last Modified By (Name/Id): Kelli Do/00561000001PrKOAA0
************************************************************
************************************************************
FileName: reports/Dawn_Kent_Reports/Item_03923_Draft.report
FullName/Id: Dawn_Kent_Reports/Item_03923_Draft/00O61000003mj8yEAA
Manageable State: unmanaged
Namespace Prefix: null
Created By (Name/Id): Dawn Kent/005610000022ex6AAA
Last Modified By (Name/Id): Kelli Do/00561000001PrKOAA0
************************************************************
