************************************************************
FileName: reports/X1_1_Prioritization/Sprint_1_Burn_Down.report
FullName/Id: X1_1_Prioritization/Sprint_1_Burn_Down/00O61000003pce8EAA
Manageable State: unmanaged
Namespace Prefix: null
Created By (Name/Id): Nicolas Dubernard/00561000001QSbCAAW
Last Modified By (Name/Id): Nicolas Dubernard/00561000001QSbCAAW
************************************************************
************************************************************
FileName: reports/X1_1_Prioritization/Contacts_in_US_with_States.report
FullName/Id: X1_1_Prioritization/Contacts_in_US_with_States/00O6100000469IxEAI
Manageable State: unmanaged
Namespace Prefix: null
Created By (Name/Id): Ty East/00561000001PrKTAA0
Last Modified By (Name/Id): Ty East/00561000001PrKTAA0
************************************************************
************************************************************
FileName: reports/X1_1_Prioritization/Decision_Maker_Weslie.report
FullName/Id: X1_1_Prioritization/Decision_Maker_Weslie/00O61000003H64yEAC
Manageable State: unmanaged
Namespace Prefix: null
Created By (Name/Id): Lily Kubota/00561000000ImxXAAS
Last Modified By (Name/Id): Lily Kubota/00561000000ImxXAAS
************************************************************
************************************************************
FileName: reports/X1_1_Prioritization/Decision_Maker_Kay_A.report
FullName/Id: X1_1_Prioritization/Decision_Maker_Kay_A/00O61000003H66uEAC
Manageable State: unmanaged
Namespace Prefix: null
Created By (Name/Id): Lily Kubota/00561000000ImxXAAS
Last Modified By (Name/Id): Lily Kubota/00561000000ImxXAAS
************************************************************
************************************************************
FileName: reports/X1_1_Prioritization/Decision_Maker_Deirdre.report
FullName/Id: X1_1_Prioritization/Decision_Maker_Deirdre/00O61000003H6G6EAK
Manageable State: unmanaged
Namespace Prefix: null
Created By (Name/Id): Lily Kubota/00561000000ImxXAAS
Last Modified By (Name/Id): Lily Kubota/00561000000ImxXAAS
************************************************************
************************************************************
FileName: reports/X1_1_Prioritization/Decision_Maker_Lynn.report
FullName/Id: X1_1_Prioritization/Decision_Maker_Lynn/00O61000003H674EAC
Manageable State: unmanaged
Namespace Prefix: null
Created By (Name/Id): Lily Kubota/00561000000ImxXAAS
Last Modified By (Name/Id): Lily Kubota/00561000000ImxXAAS
************************************************************
************************************************************
FileName: reports/X1_1_Prioritization/Decision_Maker_Pietro.report
FullName/Id: X1_1_Prioritization/Decision_Maker_Pietro/00O61000003H64KEAS
Manageable State: unmanaged
Namespace Prefix: null
Created By (Name/Id): Lily Kubota/00561000000ImxXAAS
Last Modified By (Name/Id): Lily Kubota/00561000000ImxXAAS
************************************************************
************************************************************
FileName: reports/X1_1_Prioritization/Decision_Maker_Emily.report
FullName/Id: X1_1_Prioritization/Decision_Maker_Emily/00O61000003H66LEAS
Manageable State: unmanaged
Namespace Prefix: null
Created By (Name/Id): Lily Kubota/00561000000ImxXAAS
Last Modified By (Name/Id): Lily Kubota/00561000000ImxXAAS
************************************************************
************************************************************
FileName: reports/X1_1_Prioritization/Decision_Maker_Elissa.report
FullName/Id: X1_1_Prioritization/Decision_Maker_Elissa/00O61000003H66BEAS
Manageable State: unmanaged
Namespace Prefix: null
Created By (Name/Id): Lily Kubota/00561000000ImxXAAS
Last Modified By (Name/Id): Lily Kubota/00561000000ImxXAAS
************************************************************
************************************************************
FileName: reports/X1_1_Prioritization/Decision_Maker_Kirsten.report
FullName/Id: X1_1_Prioritization/Decision_Maker_Kirsten/00O61000003H66VEAS
Manageable State: unmanaged
Namespace Prefix: null
Created By (Name/Id): Lily Kubota/00561000000ImxXAAS
Last Modified By (Name/Id): Lily Kubota/00561000000ImxXAAS
************************************************************
************************************************************
FileName: reports/X1_1_Prioritization/Non_Phase_1_Backlog_Items.report
FullName/Id: X1_1_Prioritization/Non_Phase_1_Backlog_Items/00O61000003xW6LEAU
Manageable State: unmanaged
Namespace Prefix: null
Created By (Name/Id): Lynn Phillips/00561000000JTJQAA4
Last Modified By (Name/Id): Lynn Phillips/00561000000JTJQAA4
************************************************************
************************************************************
FileName: reports/X1_1_Prioritization/Decision_Maker_Pearl.report
FullName/Id: X1_1_Prioritization/Decision_Maker_Pearl/00O61000003H64PEAS
Manageable State: unmanaged
Namespace Prefix: null
Created By (Name/Id): Lily Kubota/00561000000ImxXAAS
Last Modified By (Name/Id): Lily Kubota/00561000000ImxXAAS
************************************************************
************************************************************
FileName: reports/X1_1_Prioritization/Decision_Maker_Dana.report
FullName/Id: X1_1_Prioritization/Decision_Maker_Dana/00O61000003H64AEAS
Manageable State: unmanaged
Namespace Prefix: null
Created By (Name/Id): Lily Kubota/00561000000ImxXAAS
Last Modified By (Name/Id): Lily Kubota/00561000000ImxXAAS
************************************************************
************************************************************
FileName: reports/X1_1_Prioritization/Critical_Backlog_Items_for_KG.report
FullName/Id: X1_1_Prioritization/Critical_Backlog_Items_for_KG/00O61000003H8bMEAS
Manageable State: unmanaged
Namespace Prefix: null
Created By (Name/Id): Aaron DeRan/00561000000J7lFAAS
Last Modified By (Name/Id): Aaron DeRan/00561000000J7lFAAS
************************************************************
************************************************************
FileName: reports/X1_1_Prioritization/Sprint_1_Breakdown.report
FullName/Id: X1_1_Prioritization/Sprint_1_Breakdown/00O61000003SaurEAC
Manageable State: unmanaged
Namespace Prefix: null
Created By (Name/Id): Nicolas Dubernard/00561000001QSbCAAW
Last Modified By (Name/Id): Jon Plott/00561000001iaojAAA
************************************************************
************************************************************
FileName: reports/X1_1_Prioritization/SF_Project_Burn_Down_Source.report
FullName/Id: X1_1_Prioritization/SF_Project_Burn_Down_Source/00O61000003plPREAY
Manageable State: unmanaged
Namespace Prefix: null
Created By (Name/Id): Nicolas Dubernard/00561000001QSbCAAW
Last Modified By (Name/Id): Nicolas Dubernard/00561000001QSbCAAW
************************************************************
************************************************************
FileName: reports/X1_1_Prioritization/Decision_Maker_Susan.report
FullName/Id: X1_1_Prioritization/Decision_Maker_Susan/00O61000003H658EAC
Manageable State: unmanaged
Namespace Prefix: null
Created By (Name/Id): Lily Kubota/00561000000ImxXAAS
Last Modified By (Name/Id): Lily Kubota/00561000000ImxXAAS
************************************************************
************************************************************
FileName: reports/X1_1_Prioritization/Decision_Maker_Nina.report
FullName/Id: X1_1_Prioritization/Decision_Maker_Nina/00O61000003H65cEAC
Manageable State: unmanaged
Namespace Prefix: null
Created By (Name/Id): Lily Kubota/00561000000ImxXAAS
Last Modified By (Name/Id): Lily Kubota/00561000000ImxXAAS
************************************************************
************************************************************
FileName: reports/X1_1_Prioritization/Decision_Maker_Ike.report
FullName/Id: X1_1_Prioritization/Decision_Maker_Ike/00O61000003H63bEAC
Manageable State: unmanaged
Namespace Prefix: null
Created By (Name/Id): Lily Kubota/00561000000ImxXAAS
Last Modified By (Name/Id): Lily Kubota/00561000000ImxXAAS
************************************************************
************************************************************
FileName: reports/X1_1_Prioritization/Sprint_1_Items.report
FullName/Id: X1_1_Prioritization/Sprint_1_Items/00O61000003SS3KEAW
Manageable State: unmanaged
Namespace Prefix: null
Created By (Name/Id): Nicolas Dubernard/00561000001QSbCAAW
Last Modified By (Name/Id): Nicolas Dubernard/00561000001QSbCAAW
************************************************************
************************************************************
FileName: reports/X1_1_Prioritization/Decision_Maker_Becky.report
FullName/Id: X1_1_Prioritization/Decision_Maker_Becky/00O61000003H64UEAS
Manageable State: unmanaged
Namespace Prefix: null
Created By (Name/Id): Lily Kubota/00561000000ImxXAAS
Last Modified By (Name/Id): Lily Kubota/00561000000ImxXAAS
************************************************************
