************************************************************
FileName: reports/YPO_Events/Event_Regs_by_Event_Name_Without_Picture.report
FullName/Id: YPO_Events/Event_Regs_by_Event_Name_Without_Picture/00O61000004E2RbEAK
Manageable State: unmanaged
Namespace Prefix: null
Created By (Name/Id): Kelli Do/00561000001PrKOAA0
Last Modified By (Name/Id): Kelli Do/00561000001PrKOAA0
************************************************************
************************************************************
FileName: reports/YPO_Events/Capacity_by_Size_Large.report
FullName/Id: YPO_Events/Capacity_by_Size_Large/00O6100000434PQEAY
Manageable State: unmanaged
Namespace Prefix: null
Created By (Name/Id): Joy Akwarandu/00561000002DoxoAAC
Last Modified By (Name/Id): Joy Akwarandu/00561000002DoxoAAC
************************************************************
************************************************************
FileName: reports/YPO_Events/Event_Regs_with_Business_Info.report
FullName/Id: YPO_Events/Event_Regs_with_Business_Info/00O610000042q8jEAA
Manageable State: unmanaged
Namespace Prefix: null
Created By (Name/Id): Kelli Do/00561000001PrKOAA0
Last Modified By (Name/Id): Kelli Do/00561000001PrKOAA0
************************************************************
************************************************************
FileName: reports/YPO_Events/Officers_with_Event_Regs_By_Event_Name.report
FullName/Id: YPO_Events/Officers_with_Event_Regs_By_Event_Name/00O61000003muaAEAQ
Manageable State: unmanaged
Namespace Prefix: null
Created By (Name/Id): Kelli Do/00561000001PrKOAA0
Last Modified By (Name/Id): Kelli Do/00561000001PrKOAA0
************************************************************
************************************************************
FileName: reports/YPO_Events/Current_Regional_Officers.report
FullName/Id: YPO_Events/Current_Regional_Officers/00O610000046R3eEAE
Manageable State: unmanaged
Namespace Prefix: null
Created By (Name/Id): Lynn Phillips/00561000000JTJQAA4
Last Modified By (Name/Id): Lynn Phillips/00561000000JTJQAA4
************************************************************
************************************************************
FileName: reports/YPO_Events/Event_Regs_by_Event_Start_Date.report
FullName/Id: YPO_Events/Event_Regs_by_Event_Start_Date/00O610000042yloEAA
Manageable State: unmanaged
Namespace Prefix: null
Created By (Name/Id): Kelli Do/00561000001PrKOAA0
Last Modified By (Name/Id): Kelli Do/00561000001PrKOAA0
************************************************************
************************************************************
FileName: reports/YPO_Events/Event_List_by_Program_Format1.report
FullName/Id: YPO_Events/Event_List_by_Program_Format1/00O610000042rGjEAI
Manageable State: unmanaged
Namespace Prefix: null
Created By (Name/Id): Joy Akwarandu/00561000002DoxoAAC
Last Modified By (Name/Id): Joy Akwarandu/00561000002DoxoAAC
************************************************************
************************************************************
FileName: reports/YPO_Events/NDS_MiM.report
FullName/Id: YPO_Events/NDS_MiM/00O610000043DrPEAU
Manageable State: unmanaged
Namespace Prefix: null
Created By (Name/Id): Joy Akwarandu/00561000002DoxoAAC
Last Modified By (Name/Id): Joy Akwarandu/00561000002DoxoAAC
************************************************************
************************************************************
FileName: reports/YPO_Events/Region_Officers_with_Event_Regs_DB.report
FullName/Id: YPO_Events/Region_Officers_with_Event_Regs_DB/00O61000003muaZEAQ
Manageable State: unmanaged
Namespace Prefix: null
Created By (Name/Id): Kelli Do/00561000001PrKOAA0
Last Modified By (Name/Id): Kelli Do/00561000001PrKOAA0
************************************************************
************************************************************
FileName: reports/YPO_Events/Event_Registrations_by_Chapter.report
FullName/Id: YPO_Events/Event_Registrations_by_Chapter/00O61000003nDzJEAU
Manageable State: unmanaged
Namespace Prefix: null
Created By (Name/Id): Kelli Do/00561000001PrKOAA0
Last Modified By (Name/Id): Kelli Do/00561000001PrKOAA0
************************************************************
************************************************************
FileName: reports/YPO_Events/Event_List1.report
FullName/Id: YPO_Events/Event_List1/00O61000003nJxeEAE
Manageable State: unmanaged
Namespace Prefix: null
Created By (Name/Id): Joy Akwarandu/00561000002DoxoAAC
Last Modified By (Name/Id): Joy Akwarandu/00561000002DoxoAAC
************************************************************
************************************************************
FileName: reports/YPO_Events/Capacity_MiM.report
FullName/Id: YPO_Events/Capacity_MiM/00O6100000434NyEAI
Manageable State: unmanaged
Namespace Prefix: null
Created By (Name/Id): Joy Akwarandu/00561000002DoxoAAC
Last Modified By (Name/Id): Joy Akwarandu/00561000002DoxoAAC
************************************************************
************************************************************
FileName: reports/YPO_Events/Member_Participation2.report
FullName/Id: YPO_Events/Member_Participation2/00O610000042bQGEAY
Manageable State: unmanaged
Namespace Prefix: null
Created By (Name/Id): Joy Akwarandu/00561000002DoxoAAC
Last Modified By (Name/Id): Joy Akwarandu/00561000002DoxoAAC
************************************************************
************************************************************
FileName: reports/YPO_Events/Event_List_by_Focus_Category1.report
FullName/Id: YPO_Events/Event_List_by_Focus_Category1/00O610000042rJsEAI
Manageable State: unmanaged
Namespace Prefix: null
Created By (Name/Id): Joy Akwarandu/00561000002DoxoAAC
Last Modified By (Name/Id): Joy Akwarandu/00561000002DoxoAAC
************************************************************
************************************************************
FileName: reports/YPO_Events/NDS_GCCs.report
FullName/Id: YPO_Events/NDS_GCCs/00O610000043DqMEAU
Manageable State: unmanaged
Namespace Prefix: null
Created By (Name/Id): Joy Akwarandu/00561000002DoxoAAC
Last Modified By (Name/Id): Joy Akwarandu/00561000002DoxoAAC
************************************************************
************************************************************
FileName: reports/YPO_Events/Event_Regs_with_Portal_User_Name.report
FullName/Id: YPO_Events/Event_Regs_with_Portal_User_Name/00O61000001ZZ7rEAG
Manageable State: unmanaged
Namespace Prefix: null
Created By (Name/Id): Kelli Do/00561000001PrKOAA0
Last Modified By (Name/Id): Shola Ogunrayi/00561000002ENj2AAG
************************************************************
************************************************************
FileName: reports/YPO_Events/Event_List_by_Start_Date.report
FullName/Id: YPO_Events/Event_List_by_Start_Date/00O610000042ozbEAA
Manageable State: unmanaged
Namespace Prefix: null
Created By (Name/Id): Joy Akwarandu/00561000002DoxoAAC
Last Modified By (Name/Id): Joy Akwarandu/00561000002DoxoAAC
************************************************************
************************************************************
FileName: reports/YPO_Events/Event_List_by_BUSINESS_Focus.report
FullName/Id: YPO_Events/Event_List_by_BUSINESS_Focus/00O610000042qVOEAY
Manageable State: unmanaged
Namespace Prefix: null
Created By (Name/Id): Kelli Do/00561000001PrKOAA0
Last Modified By (Name/Id): Kelli Do/00561000001PrKOAA0
************************************************************
************************************************************
FileName: reports/YPO_Events/Event_Regs_with_Chapter_and_Region_Info.report
FullName/Id: YPO_Events/Event_Regs_with_Chapter_and_Region_Info/00O610000042S14EAE
Manageable State: unmanaged
Namespace Prefix: null
Created By (Name/Id): Kelli Do/00561000001PrKOAA0
Last Modified By (Name/Id): Kelli Do/00561000001PrKOAA0
************************************************************
************************************************************
FileName: reports/YPO_Events/Event_List_by_Focus_Category_Personal.report
FullName/Id: YPO_Events/Event_List_by_Focus_Category_Personal/00O610000042rK7EAI
Manageable State: unmanaged
Namespace Prefix: null
Created By (Name/Id): Joy Akwarandu/00561000002DoxoAAC
Last Modified By (Name/Id): Joy Akwarandu/00561000002DoxoAAC
************************************************************
************************************************************
FileName: reports/YPO_Events/Contacts_with_Event_Type_Account_Affil.report
FullName/Id: YPO_Events/Contacts_with_Event_Type_Account_Affil/00O610000042pRkEAI
Manageable State: unmanaged
Namespace Prefix: null
Created By (Name/Id): Kelli Do/00561000001PrKOAA0
Last Modified By (Name/Id): Kelli Do/00561000001PrKOAA0
************************************************************
************************************************************
FileName: reports/YPO_Events/Event_List_by_Focus_Category.report
FullName/Id: YPO_Events/Event_List_by_Focus_Category/00O610000042ozWEAQ
Manageable State: unmanaged
Namespace Prefix: null
Created By (Name/Id): Joy Akwarandu/00561000002DoxoAAC
Last Modified By (Name/Id): Joy Akwarandu/00561000002DoxoAAC
************************************************************
************************************************************
FileName: reports/YPO_Events/Event_List_by_Focus_Category_Champion.report
FullName/Id: YPO_Events/Event_List_by_Focus_Category_Champion/00O610000042rKREAY
Manageable State: unmanaged
Namespace Prefix: null
Created By (Name/Id): Joy Akwarandu/00561000002DoxoAAC
Last Modified By (Name/Id): Joy Akwarandu/00561000002DoxoAAC
************************************************************
************************************************************
FileName: reports/YPO_Events/Event_Regs_Without_Business_Account_Affi.report
FullName/Id: YPO_Events/Event_Regs_Without_Business_Account_Affi/00O610000042rg8EAA
Manageable State: unmanaged
Namespace Prefix: null
Created By (Name/Id): Kelli Do/00561000001PrKOAA0
Last Modified By (Name/Id): Kelli Do/00561000001PrKOAA0
************************************************************
************************************************************
FileName: reports/YPO_Events/NDS_Network_Face_to_Face_Events.report
FullName/Id: YPO_Events/NDS_Network_Face_to_Face_Events/00O610000043DshEAE
Manageable State: unmanaged
Namespace Prefix: null
Created By (Name/Id): Joy Akwarandu/00561000002DoxoAAC
Last Modified By (Name/Id): Joy Akwarandu/00561000002DoxoAAC
************************************************************
************************************************************
FileName: reports/YPO_Events/Capacity_by_Size_Medium.report
FullName/Id: YPO_Events/Capacity_by_Size_Medium/00O6100000434PLEAY
Manageable State: unmanaged
Namespace Prefix: null
Created By (Name/Id): Joy Akwarandu/00561000002DoxoAAC
Last Modified By (Name/Id): Joy Akwarandu/00561000002DoxoAAC
************************************************************
************************************************************
FileName: reports/YPO_Events/Event_Attendees_with_Awards.report
FullName/Id: YPO_Events/Event_Attendees_with_Awards/00O61000003mu72EAA
Manageable State: unmanaged
Namespace Prefix: null
Created By (Name/Id): Brandon Sherman/00561000001uIe1AAE
Last Modified By (Name/Id): Kelli Do/00561000001PrKOAA0
************************************************************
************************************************************
FileName: reports/YPO_Events/Capacity_by_Size.report
FullName/Id: YPO_Events/Capacity_by_Size/00O6100000434KpEAI
Manageable State: unmanaged
Namespace Prefix: null
Created By (Name/Id): Joy Akwarandu/00561000002DoxoAAC
Last Modified By (Name/Id): Joy Akwarandu/00561000002DoxoAAC
************************************************************
************************************************************
FileName: reports/YPO_Events/Registrants_to_an_Event_with_Networks.report
FullName/Id: YPO_Events/Registrants_to_an_Event_with_Networks/00O610000042NgMEAU
Manageable State: unmanaged
Namespace Prefix: null
Created By (Name/Id): Kelli Do/00561000001PrKOAA0
Last Modified By (Name/Id): Kelli Do/00561000001PrKOAA0
************************************************************
************************************************************
FileName: reports/YPO_Events/Members_with_S_P_and_Child_by_Age_Range.report
FullName/Id: YPO_Events/Members_with_S_P_and_Child_by_Age_Range/00O610000040QknEAE
Manageable State: unmanaged
Namespace Prefix: null
Created By (Name/Id): Kelli Do/00561000001PrKOAA0
Last Modified By (Name/Id): Kelli Do/00561000001PrKOAA0
************************************************************
************************************************************
FileName: reports/YPO_Events/Capacity_Deal_Talk.report
FullName/Id: YPO_Events/Capacity_Deal_Talk/00O6100000434LxEAI
Manageable State: unmanaged
Namespace Prefix: null
Created By (Name/Id): Joy Akwarandu/00561000002DoxoAAC
Last Modified By (Name/Id): Joy Akwarandu/00561000002DoxoAAC
************************************************************
************************************************************
FileName: reports/YPO_Events/Members_with_Interests_by_Event_Name.report
FullName/Id: YPO_Events/Members_with_Interests_by_Event_Name/00O610000043ELoEAM
Manageable State: unmanaged
Namespace Prefix: null
Created By (Name/Id): Kelli Do/00561000001PrKOAA0
Last Modified By (Name/Id): Kelli Do/00561000001PrKOAA0
************************************************************
************************************************************
FileName: reports/YPO_Events/Item_03125_Events.report
FullName/Id: YPO_Events/Item_03125_Events/00O61000003pj34EAA
Manageable State: unmanaged
Namespace Prefix: null
Created By (Name/Id): Kelli Do/00561000001PrKOAA0
Last Modified By (Name/Id): Kelli Do/00561000001PrKOAA0
************************************************************
************************************************************
FileName: reports/YPO_Events/Chapter_Events_by_Region.report
FullName/Id: YPO_Events/Chapter_Events_by_Region/00O610000042RWpEAM
Manageable State: unmanaged
Namespace Prefix: null
Created By (Name/Id): Kelli Do/00561000001PrKOAA0
Last Modified By (Name/Id): Kelli Do/00561000001PrKOAA0
************************************************************
************************************************************
FileName: reports/YPO_Events/Event_Regs_with_Business_Account_Affil.report
FullName/Id: YPO_Events/Event_Regs_with_Business_Account_Affil/00O610000042rfoEAA
Manageable State: unmanaged
Namespace Prefix: null
Created By (Name/Id): Kelli Do/00561000001PrKOAA0
Last Modified By (Name/Id): Kelli Do/00561000001PrKOAA0
************************************************************
************************************************************
FileName: reports/YPO_Events/NDS_Network_Sponsored_Events.report
FullName/Id: YPO_Events/NDS_Network_Sponsored_Events/00O610000043DsSEAU
Manageable State: unmanaged
Namespace Prefix: null
Created By (Name/Id): Joy Akwarandu/00561000002DoxoAAC
Last Modified By (Name/Id): Joy Akwarandu/00561000002DoxoAAC
************************************************************
************************************************************
FileName: reports/YPO_Events/Events_Mbr_Company_Bio_Info.report
FullName/Id: YPO_Events/Events_Mbr_Company_Bio_Info/00O610000043DMqEAM
Manageable State: unmanaged
Namespace Prefix: null
Created By (Name/Id): Victoria Corts/00561000002BqLTAA0
Last Modified By (Name/Id): Victoria Corts/00561000002BqLTAA0
************************************************************
************************************************************
FileName: reports/YPO_Events/NDS_Network_Sponsored_No_GCC_MiM.report
FullName/Id: YPO_Events/NDS_Network_Sponsored_No_GCC_MiM/00O610000043Dq2EAE
Manageable State: unmanaged
Namespace Prefix: null
Created By (Name/Id): Joy Akwarandu/00561000002DoxoAAC
Last Modified By (Name/Id): Joy Akwarandu/00561000002DoxoAAC
************************************************************
************************************************************
FileName: reports/YPO_Events/Capacity_by_Size_Extra_Large.report
FullName/Id: YPO_Events/Capacity_by_Size_Extra_Large/00O6100000434PVEAY
Manageable State: unmanaged
Namespace Prefix: null
Created By (Name/Id): Joy Akwarandu/00561000002DoxoAAC
Last Modified By (Name/Id): Joy Akwarandu/00561000002DoxoAAC
************************************************************
************************************************************
FileName: reports/YPO_Events/Event_Attendees_by_Program_Format.report
FullName/Id: YPO_Events/Event_Attendees_by_Program_Format/00O610000046Vj5EAE
Manageable State: unmanaged
Namespace Prefix: null
Created By (Name/Id): Kelli Do/00561000001PrKOAA0
Last Modified By (Name/Id): Kelli Do/00561000001PrKOAA0
************************************************************
************************************************************
FileName: reports/YPO_Events/YNG_Participation.report
FullName/Id: YPO_Events/YNG_Participation/00O61000003nFhhEAE
Manageable State: unmanaged
Namespace Prefix: null
Created By (Name/Id): Joy Akwarandu/00561000002DoxoAAC
Last Modified By (Name/Id): Joy Akwarandu/00561000002DoxoAAC
************************************************************
************************************************************
FileName: reports/YPO_Events/Event_List_by_Program_Format_MiM.report
FullName/Id: YPO_Events/Event_List_by_Program_Format_MiM/00O610000042rbrEAA
Manageable State: unmanaged
Namespace Prefix: null
Created By (Name/Id): Joy Akwarandu/00561000002DoxoAAC
Last Modified By (Name/Id): Joy Akwarandu/00561000002DoxoAAC
************************************************************
************************************************************
FileName: reports/YPO_Events/Event_Registration_with_Officer_Title.report
FullName/Id: YPO_Events/Event_Registration_with_Officer_Title/00O61000003nSpXEAU
Manageable State: unmanaged
Namespace Prefix: null
Created By (Name/Id): Merry Boegner/00561000001uquYAAQ
Last Modified By (Name/Id): Merry Boegner/00561000001uquYAAQ
************************************************************
************************************************************
FileName: reports/YPO_Events/Capacity_Conference.report
FullName/Id: YPO_Events/Capacity_Conference/00O6100000434MqEAI
Manageable State: unmanaged
Namespace Prefix: null
Created By (Name/Id): Joy Akwarandu/00561000002DoxoAAC
Last Modified By (Name/Id): Joy Akwarandu/00561000002DoxoAAC
************************************************************
************************************************************
FileName: reports/YPO_Events/Registrants_with_Household_Names.report
FullName/Id: YPO_Events/Registrants_with_Household_Names/00O610000042UGkEAM
Manageable State: unmanaged
Namespace Prefix: null
Created By (Name/Id): Kelli Do/00561000001PrKOAA0
Last Modified By (Name/Id): Kelli Do/00561000001PrKOAA0
************************************************************
************************************************************
FileName: reports/YPO_Events/GLC_Past_Attendees.report
FullName/Id: YPO_Events/GLC_Past_Attendees/00O610000042YMnEAM
Manageable State: unmanaged
Namespace Prefix: null
Created By (Name/Id): Kelli Do/00561000001PrKOAA0
Last Modified By (Name/Id): Kelli Do/00561000001PrKOAA0
************************************************************
************************************************************
FileName: reports/YPO_Events/NMV_Available_by_Network.report
FullName/Id: YPO_Events/NMV_Available_by_Network/00O61000004EUTBEA4
Manageable State: unmanaged
Namespace Prefix: null
Created By (Name/Id): Kelli Do/00561000001PrKOAA0
Last Modified By (Name/Id): Kelli Do/00561000001PrKOAA0
************************************************************
************************************************************
FileName: reports/YPO_Events/GLC_Regs.report
FullName/Id: YPO_Events/GLC_Regs/00O610000043D3yEAE
Manageable State: unmanaged
Namespace Prefix: null
Created By (Name/Id): Kelli Do/00561000001PrKOAA0
Last Modified By (Name/Id): Kelli Do/00561000001PrKOAA0
************************************************************
************************************************************
FileName: reports/YPO_Events/Event_List_by_Focus_Category_Business.report
FullName/Id: YPO_Events/Event_List_by_Focus_Category_Business/00O610000042rJnEAI
Manageable State: unmanaged
Namespace Prefix: null
Created By (Name/Id): Joy Akwarandu/00561000002DoxoAAC
Last Modified By (Name/Id): Joy Akwarandu/00561000002DoxoAAC
************************************************************
************************************************************
FileName: reports/YPO_Events/Chapter_Officers_with_Event_Regs_DB.report
FullName/Id: YPO_Events/Chapter_Officers_with_Event_Regs_DB/00O61000003muaeEAA
Manageable State: unmanaged
Namespace Prefix: null
Created By (Name/Id): Kelli Do/00561000001PrKOAA0
Last Modified By (Name/Id): Kelli Do/00561000001PrKOAA0
************************************************************
************************************************************
FileName: reports/YPO_Events/Officers_Identification_Status_DB.report
FullName/Id: YPO_Events/Officers_Identification_Status_DB/00O61000003mv1zEAA
Manageable State: unmanaged
Namespace Prefix: null
Created By (Name/Id): Kelli Do/00561000001PrKOAA0
Last Modified By (Name/Id): Kelli Do/00561000001PrKOAA0
************************************************************
************************************************************
FileName: reports/YPO_Events/Global_Conference_Call_Events_by_Region.report
FullName/Id: YPO_Events/Global_Conference_Call_Events_by_Region/00O61000003nF2nEAE
Manageable State: unmanaged
Namespace Prefix: null
Created By (Name/Id): Carolyn Keeling/00561000002DjPvAAK
Last Modified By (Name/Id): Carolyn Keeling/00561000002DjPvAAK
************************************************************
************************************************************
FileName: reports/YPO_Events/Event_List_by_Program_Format_Fast_Track.report
FullName/Id: YPO_Events/Event_List_by_Program_Format_Fast_Track/00O610000042rbhEAA
Manageable State: unmanaged
Namespace Prefix: null
Created By (Name/Id): Joy Akwarandu/00561000002DoxoAAC
Last Modified By (Name/Id): Joy Akwarandu/00561000002DoxoAAC
************************************************************
************************************************************
FileName: reports/YPO_Events/Capacity_GLC_EDGE_CLW_University.report
FullName/Id: YPO_Events/Capacity_GLC_EDGE_CLW_University/00O6100000434PfEAI
Manageable State: unmanaged
Namespace Prefix: null
Created By (Name/Id): Joy Akwarandu/00561000002DoxoAAC
Last Modified By (Name/Id): Joy Akwarandu/00561000002DoxoAAC
************************************************************
************************************************************
FileName: reports/YPO_Events/Active_Members_with_Event_Registrations.report
FullName/Id: YPO_Events/Active_Members_with_Event_Registrations/00O61000004EqgXEAS
Manageable State: unmanaged
Namespace Prefix: null
Created By (Name/Id): Kelli Do/00561000001PrKOAA0
Last Modified By (Name/Id): Kelli Do/00561000001PrKOAA0
************************************************************
************************************************************
FileName: reports/YPO_Events/Non_Chapter_Events_by_Region1.report
FullName/Id: YPO_Events/Non_Chapter_Events_by_Region1/00O61000003nEF2EAM
Manageable State: unmanaged
Namespace Prefix: null
Created By (Name/Id): Carolyn Keeling/00561000002DjPvAAK
Last Modified By (Name/Id): Carolyn Keeling/00561000002DjPvAAK
************************************************************
************************************************************
FileName: reports/YPO_Events/Capacity_Presidents_University.report
FullName/Id: YPO_Events/Capacity_Presidents_University/00O6100000434NjEAI
Manageable State: unmanaged
Namespace Prefix: null
Created By (Name/Id): Joy Akwarandu/00561000002DoxoAAC
Last Modified By (Name/Id): Joy Akwarandu/00561000002DoxoAAC
************************************************************
************************************************************
FileName: reports/YPO_Events/Event_List_by_Focus_Category_Family.report
FullName/Id: YPO_Events/Event_List_by_Focus_Category_Family/00O610000042rN6EAI
Manageable State: unmanaged
Namespace Prefix: null
Created By (Name/Id): Joy Akwarandu/00561000002DoxoAAC
Last Modified By (Name/Id): Joy Akwarandu/00561000002DoxoAAC
************************************************************
************************************************************
FileName: reports/YPO_Events/Event_Registrations_with_Household_Info.report
FullName/Id: YPO_Events/Event_Registrations_with_Household_Info/00O610000042pZAEAY
Manageable State: unmanaged
Namespace Prefix: null
Created By (Name/Id): Kelli Do/00561000001PrKOAA0
Last Modified By (Name/Id): Kelli Do/00561000001PrKOAA0
************************************************************
************************************************************
FileName: reports/YPO_Events/Network_Sponsored_Excludes_GCC_and_MiM.report
FullName/Id: YPO_Events/Network_Sponsored_Excludes_GCC_and_MiM/00O610000043DoGEAU
Manageable State: unmanaged
Namespace Prefix: null
Created By (Name/Id): Joy Akwarandu/00561000002DoxoAAC
Last Modified By (Name/Id): Joy Akwarandu/00561000002DoxoAAC
************************************************************
************************************************************
FileName: reports/YPO_Events/X2017_Vancouver_EDGE_Member_Reg_List.report
FullName/Id: YPO_Events/X2017_Vancouver_EDGE_Member_Reg_List/00O61000003nIjMEAU
Manageable State: unmanaged
Namespace Prefix: null
Created By (Name/Id): Joy Akwarandu/00561000002DoxoAAC
Last Modified By (Name/Id): Joy Akwarandu/00561000002DoxoAAC
************************************************************
************************************************************
FileName: reports/YPO_Events/Member_Household_Report1.report
FullName/Id: YPO_Events/Member_Household_Report1/00O61000003nSIEEA2
Manageable State: unmanaged
Namespace Prefix: null
Created By (Name/Id): Joy Akwarandu/00561000002DoxoAAC
Last Modified By (Name/Id): Joy Akwarandu/00561000002DoxoAAC
************************************************************
************************************************************
FileName: reports/YPO_Events/Contacts_with_Past_Events_by_Contact_Num.report
FullName/Id: YPO_Events/Contacts_with_Past_Events_by_Contact_Num/00O61000003nSD4EAM
Manageable State: unmanaged
Namespace Prefix: null
Created By (Name/Id): Kelli Do/00561000001PrKOAA0
Last Modified By (Name/Id): Kelli Do/00561000001PrKOAA0
************************************************************
************************************************************
FileName: reports/YPO_Events/Network_Sponsored_by_Start_Date.report
FullName/Id: YPO_Events/Network_Sponsored_by_Start_Date/00O610000043DrjEAE
Manageable State: unmanaged
Namespace Prefix: null
Created By (Name/Id): Joy Akwarandu/00561000002DoxoAAC
Last Modified By (Name/Id): Joy Akwarandu/00561000002DoxoAAC
************************************************************
************************************************************
FileName: reports/YPO_Events/Europe_Member_Participation.report
FullName/Id: YPO_Events/Europe_Member_Participation/00O610000042vgCEAQ
Manageable State: unmanaged
Namespace Prefix: null
Created By (Name/Id): Joy Akwarandu/00561000002DoxoAAC
Last Modified By (Name/Id): Joy Akwarandu/00561000002DoxoAAC
************************************************************
************************************************************
FileName: reports/YPO_Events/RegionOfficers_Identification_Status_DB.report
FullName/Id: YPO_Events/RegionOfficers_Identification_Status_DB/00O61000003mv2OEAQ
Manageable State: unmanaged
Namespace Prefix: null
Created By (Name/Id): Kelli Do/00561000001PrKOAA0
Last Modified By (Name/Id): Kelli Do/00561000001PrKOAA0
************************************************************
************************************************************
FileName: reports/YPO_Events/Event_Registrations_by_Event_Name.report
FullName/Id: YPO_Events/Event_Registrations_by_Event_Name/00O61000003nSD9EAM
Manageable State: unmanaged
Namespace Prefix: null
Created By (Name/Id): Kelli Do/00561000001PrKOAA0
Last Modified By (Name/Id): Kelli Do/00561000001PrKOAA0
************************************************************
************************************************************
FileName: reports/YPO_Events/Spouse_Partner_Event_Participations.report
FullName/Id: YPO_Events/Spouse_Partner_Event_Participations/00O61000003n9OEEAY
Manageable State: unmanaged
Namespace Prefix: null
Created By (Name/Id): Kelli Do/00561000001PrKOAA0
Last Modified By (Name/Id): Kelli Do/00561000001PrKOAA0
************************************************************
************************************************************
FileName: reports/YPO_Events/Event_List_by_Event_Size.report
FullName/Id: YPO_Events/Event_List_by_Event_Size/00O610000042qWgEAI
Manageable State: unmanaged
Namespace Prefix: null
Created By (Name/Id): Joy Akwarandu/00561000002DoxoAAC
Last Modified By (Name/Id): Joy Akwarandu/00561000002DoxoAAC
************************************************************
