************************************************************
FileName: reports/YPO_Networks/DMM_members_with_Company_Info1.report
FullName/Id: YPO_Networks/DMM_members_with_Company_Info1/00O61000004E2SKEA0
Manageable State: unmanaged
Namespace Prefix: null
Created By (Name/Id): Natalia Nenadovit/00561000002ih9SAAQ
Last Modified By (Name/Id): Natalia Nenadovit/00561000002ih9SAAQ
************************************************************
************************************************************
FileName: reports/YPO_Networks/Singles_Roster_with_Relationship_Status.report
FullName/Id: YPO_Networks/Singles_Roster_with_Relationship_Status/00O610000042bDbEAI
Manageable State: unmanaged
Namespace Prefix: null
Created By (Name/Id): Bill Rivers/00561000002Dp32AAC
Last Modified By (Name/Id): Bill Rivers/00561000002Dp32AAC
************************************************************
************************************************************
FileName: reports/YPO_Networks/Current_Chapter_Admin_by_Region1.report
FullName/Id: YPO_Networks/Current_Chapter_Admin_by_Region1/00O61000004DzkLEAS
Manageable State: unmanaged
Namespace Prefix: null
Created By (Name/Id): Fenix Wang/00561000003GjThAAK
Last Modified By (Name/Id): Fenix Wang/00561000003GjThAAK
************************************************************
************************************************************
FileName: reports/YPO_Networks/Event_Registrations_Filtered_by_Network.report
FullName/Id: YPO_Networks/Event_Registrations_Filtered_by_Network/00O610000046XdxEAE
Manageable State: unmanaged
Namespace Prefix: null
Created By (Name/Id): Bill Rivers/00561000002Dp32AAC
Last Modified By (Name/Id): Bill Rivers/00561000002Dp32AAC
************************************************************
************************************************************
FileName: reports/YPO_Networks/dash_membership_by_gold.report
FullName/Id: YPO_Networks/dash_membership_by_gold/00O61000004EPflEAG
Manageable State: unmanaged
Namespace Prefix: null
Created By (Name/Id): Fenix Wang/00561000003GjThAAK
Last Modified By (Name/Id): Fenix Wang/00561000003GjThAAK
************************************************************
************************************************************
FileName: reports/YPO_Networks/All_Member_S_P_in_Chapter.report
FullName/Id: YPO_Networks/All_Member_S_P_in_Chapter/00O61000004Ef0pEAC
Manageable State: unmanaged
Namespace Prefix: null
Created By (Name/Id): Fenix Wang/00561000003GjThAAK
Last Modified By (Name/Id): Fenix Wang/00561000003GjThAAK
************************************************************
************************************************************
FileName: reports/YPO_Networks/Network_Forum_Officers1.report
FullName/Id: YPO_Networks/Network_Forum_Officers1/00O610000042pQ3EAI
Manageable State: unmanaged
Namespace Prefix: null
Created By (Name/Id): Bill Rivers/00561000002Dp32AAC
Last Modified By (Name/Id): Bill Rivers/00561000002Dp32AAC
************************************************************
************************************************************
FileName: reports/YPO_Networks/Texas_members.report
FullName/Id: YPO_Networks/Texas_members/00O61000004EKGWEA4
Manageable State: unmanaged
Namespace Prefix: null
Created By (Name/Id): Fenix Wang/00561000003GjThAAK
Last Modified By (Name/Id): Fenix Wang/00561000003GjThAAK
************************************************************
************************************************************
FileName: reports/YPO_Networks/dash_membership_by_region.report
FullName/Id: YPO_Networks/dash_membership_by_region/00O61000004EPd1EAG
Manageable State: unmanaged
Namespace Prefix: null
Created By (Name/Id): Fenix Wang/00561000003GjThAAK
Last Modified By (Name/Id): Fenix Wang/00561000003GjThAAK
************************************************************
************************************************************
FileName: reports/YPO_Networks/MEN_FBO_GFBN.report
FullName/Id: YPO_Networks/MEN_FBO_GFBN/00O61000004EVkwEAG
Manageable State: unmanaged
Namespace Prefix: null
Created By (Name/Id): Fenix Wang/00561000003GjThAAK
Last Modified By (Name/Id): Fenix Wang/00561000003GjThAAK
************************************************************
************************************************************
FileName: reports/YPO_Networks/YBN_FBO_GFBN.report
FullName/Id: YPO_Networks/YBN_FBO_GFBN/00O61000004EVkrEAG
Manageable State: unmanaged
Namespace Prefix: null
Created By (Name/Id): Fenix Wang/00561000003GjThAAK
Last Modified By (Name/Id): Fenix Wang/00561000003GjThAAK
************************************************************
************************************************************
FileName: reports/YPO_Networks/CNO_and_RNOs_by_Region.report
FullName/Id: YPO_Networks/CNO_and_RNOs_by_Region/00O6100000465vbEAA
Manageable State: unmanaged
Namespace Prefix: null
Created By (Name/Id): Bill Rivers/00561000002Dp32AAC
Last Modified By (Name/Id): Bill Rivers/00561000002Dp32AAC
************************************************************
************************************************************
FileName: reports/YPO_Networks/Current_PER_Officers.report
FullName/Id: YPO_Networks/Current_PER_Officers/00O61000004EeMLEA0
Manageable State: unmanaged
Namespace Prefix: null
Created By (Name/Id): Fenix Wang/00561000003GjThAAK
Last Modified By (Name/Id): Fenix Wang/00561000003GjThAAK
************************************************************
************************************************************
FileName: reports/YPO_Networks/Members_in_Networks_by_Region_DB.report
FullName/Id: YPO_Networks/Members_in_Networks_by_Region_DB/00O61000003mwmwEAA
Manageable State: unmanaged
Namespace Prefix: null
Created By (Name/Id): Kelli Do/00561000001PrKOAA0
Last Modified By (Name/Id): Kyla Paulsen/00561000002ETjXAAW
************************************************************
************************************************************
FileName: reports/YPO_Networks/WBN_Business_Owners.report
FullName/Id: YPO_Networks/WBN_Business_Owners/00O61000004EVejEAG
Manageable State: unmanaged
Namespace Prefix: null
Created By (Name/Id): Fenix Wang/00561000003GjThAAK
Last Modified By (Name/Id): Fenix Wang/00561000003GjThAAK
************************************************************
************************************************************
FileName: reports/YPO_Networks/Current_Chapter_S_P_officers.report
FullName/Id: YPO_Networks/Current_Chapter_S_P_officers/00O61000004EtVIEA0
Manageable State: unmanaged
Namespace Prefix: null
Created By (Name/Id): Fenix Wang/00561000003GjThAAK
Last Modified By (Name/Id): Fenix Wang/00561000003GjThAAK
************************************************************
************************************************************
FileName: reports/YPO_Networks/HN_and_REIN_with_Biz.report
FullName/Id: YPO_Networks/HN_and_REIN_with_Biz/00O610000040PSdEAM
Manageable State: unmanaged
Namespace Prefix: null
Created By (Name/Id): Bill Rivers/00561000002Dp32AAC
Last Modified By (Name/Id): Bill Rivers/00561000002Dp32AAC
************************************************************
************************************************************
FileName: reports/YPO_Networks/Plastics_Network_Members_in_SE_Asia.report
FullName/Id: YPO_Networks/Plastics_Network_Members_in_SE_Asia/00O610000042jxVEAQ
Manageable State: unmanaged
Namespace Prefix: null
Created By (Name/Id): Kyla Paulsen/00561000002ETjXAAW
Last Modified By (Name/Id): Kyla Paulsen/00561000002ETjXAAW
************************************************************
************************************************************
FileName: reports/YPO_Networks/Contact_Position_Listings_to_be_Fixed.report
FullName/Id: YPO_Networks/Contact_Position_Listings_to_be_Fixed/00O610000046I69EAE
Manageable State: unmanaged
Namespace Prefix: null
Created By (Name/Id): Bill Rivers/00561000002Dp32AAC
Last Modified By (Name/Id): Bill Rivers/00561000002Dp32AAC
************************************************************
************************************************************
FileName: reports/YPO_Networks/skiing_network_members.report
FullName/Id: YPO_Networks/skiing_network_members/00O61000004EK7eEAG
Manageable State: unmanaged
Namespace Prefix: null
Created By (Name/Id): Fenix Wang/00561000003GjThAAK
Last Modified By (Name/Id): Fenix Wang/00561000003GjThAAK
************************************************************
************************************************************
FileName: reports/YPO_Networks/Pacific_US_FY19_Network_Events.report
FullName/Id: YPO_Networks/Pacific_US_FY19_Network_Events/00O61000004E3IBEA0
Manageable State: unmanaged
Namespace Prefix: null
Created By (Name/Id): Fenix Wang/00561000003GjThAAK
Last Modified By (Name/Id): Fenix Wang/00561000003GjThAAK
************************************************************
************************************************************
FileName: reports/YPO_Networks/Active_Network_Positions.report
FullName/Id: YPO_Networks/Active_Network_Positions/00O61000004EEkkEAG
Manageable State: unmanaged
Namespace Prefix: null
Created By (Name/Id): Bill Rivers/00561000002Dp32AAC
Last Modified By (Name/Id): Bill Rivers/00561000002Dp32AAC
************************************************************
************************************************************
FileName: reports/YPO_Networks/Members_Not_in_Networks.report
FullName/Id: YPO_Networks/Members_Not_in_Networks/00O6100000460wJEAQ
Manageable State: unmanaged
Namespace Prefix: null
Created By (Name/Id): Merry Boegner/00561000001uquYAAQ
Last Modified By (Name/Id): Merry Boegner/00561000001uquYAAQ
************************************************************
************************************************************
FileName: reports/YPO_Networks/Spouses_Not_in_Networks1.report
FullName/Id: YPO_Networks/Spouses_Not_in_Networks1/00O61000003nBFiEAM
Manageable State: unmanaged
Namespace Prefix: null
Created By (Name/Id): Carolyn Keeling/00561000002DjPvAAK
Last Modified By (Name/Id): Carolyn Keeling/00561000002DjPvAAK
************************************************************
************************************************************
FileName: reports/YPO_Networks/SBN_Report.report
FullName/Id: YPO_Networks/SBN_Report/00O61000004EruQEAS
Manageable State: unmanaged
Namespace Prefix: null
Created By (Name/Id): Dominic Wilhelm/00561000002biWXAAY
Last Modified By (Name/Id): Dominic Wilhelm/00561000002biWXAAY
************************************************************
************************************************************
FileName: reports/YPO_Networks/Household_Report_Parenting_Ntwk.report
FullName/Id: YPO_Networks/Household_Report_Parenting_Ntwk/00O61000003nT6iEAE
Manageable State: unmanaged
Namespace Prefix: null
Created By (Name/Id): Bill Rivers/00561000002Dp32AAC
Last Modified By (Name/Id): Bill Rivers/00561000002Dp32AAC
************************************************************
************************************************************
FileName: reports/YPO_Networks/Northwestern_US_members.report
FullName/Id: YPO_Networks/Northwestern_US_members/00O61000004EKFxEAO
Manageable State: unmanaged
Namespace Prefix: null
Created By (Name/Id): Fenix Wang/00561000003GjThAAK
Last Modified By (Name/Id): Fenix Wang/00561000003GjThAAK
************************************************************
************************************************************
FileName: reports/YPO_Networks/FBO_without_FBN_Membership1.report
FullName/Id: YPO_Networks/FBO_without_FBN_Membership1/00O610000042k0FEAQ
Manageable State: unmanaged
Namespace Prefix: null
Created By (Name/Id): Kyla Paulsen/00561000002ETjXAAW
Last Modified By (Name/Id): Kyla Paulsen/00561000002ETjXAAW
************************************************************
************************************************************
FileName: reports/YPO_Networks/Members_by_Region.report
FullName/Id: YPO_Networks/Members_by_Region/00O61000003nGvzEAE
Manageable State: unmanaged
Namespace Prefix: null
Created By (Name/Id): Bill Rivers/00561000002Dp32AAC
Last Modified By (Name/Id): Bill Rivers/00561000002Dp32AAC
************************************************************
************************************************************
FileName: reports/YPO_Networks/Latam_Under_40_ALL.report
FullName/Id: YPO_Networks/Latam_Under_40_ALL/00O610000042aUMEAY
Manageable State: unmanaged
Namespace Prefix: null
Created By (Name/Id): Natalia Nenadovit/00561000002ih9SAAQ
Last Modified By (Name/Id): Natalia Nenadovit/00561000002ih9SAAQ
************************************************************
************************************************************
FileName: reports/YPO_Networks/Drop_List_Template1.report
FullName/Id: YPO_Networks/Drop_List_Template1/00O61000003nTEIEA2
Manageable State: unmanaged
Namespace Prefix: null
Created By (Name/Id): Bill Rivers/00561000002Dp32AAC
Last Modified By (Name/Id): Bill Rivers/00561000002Dp32AAC
************************************************************
************************************************************
FileName: reports/YPO_Networks/Chapter_Chairs.report
FullName/Id: YPO_Networks/Chapter_Chairs/00O61000003nQtDEAU
Manageable State: unmanaged
Namespace Prefix: null
Created By (Name/Id): Bill Rivers/00561000002Dp32AAC
Last Modified By (Name/Id): Bill Rivers/00561000002Dp32AAC
************************************************************
************************************************************
FileName: reports/YPO_Networks/All_members_S_P_in_Chapter.report
FullName/Id: YPO_Networks/All_members_S_P_in_Chapter/00O61000004Ef14EAC
Manageable State: unmanaged
Namespace Prefix: null
Created By (Name/Id): Fenix Wang/00561000003GjThAAK
Last Modified By (Name/Id): Fenix Wang/00561000003GjThAAK
************************************************************
************************************************************
FileName: reports/YPO_Networks/SINC_Network_members_sp.report
FullName/Id: YPO_Networks/SINC_Network_members_sp/00O61000004ENDGEA4
Manageable State: unmanaged
Namespace Prefix: null
Created By (Name/Id): Fenix Wang/00561000003GjThAAK
Last Modified By (Name/Id): Fenix Wang/00561000003GjThAAK
************************************************************
************************************************************
FileName: reports/YPO_Networks/Active_Spouse_Partner1.report
FullName/Id: YPO_Networks/Active_Spouse_Partner1/00O61000004EYyrEAG
Manageable State: unmanaged
Namespace Prefix: null
Created By (Name/Id): Fenix Wang/00561000003GjThAAK
Last Modified By (Name/Id): Fenix Wang/00561000003GjThAAK
************************************************************
************************************************************
FileName: reports/YPO_Networks/Female_Members_Not_in_WYN1.report
FullName/Id: YPO_Networks/Female_Members_Not_in_WYN1/00O61000003nE52EAE
Manageable State: unmanaged
Namespace Prefix: null
Created By (Name/Id): Bill Rivers/00561000002Dp32AAC
Last Modified By (Name/Id): Bill Rivers/00561000002Dp32AAC
************************************************************
************************************************************
FileName: reports/YPO_Networks/SPBN_Membership_in_Other_Networks.report
FullName/Id: YPO_Networks/SPBN_Membership_in_Other_Networks/00O6100000432npEAA
Manageable State: unmanaged
Namespace Prefix: null
Created By (Name/Id): Bill Rivers/00561000002Dp32AAC
Last Modified By (Name/Id): Bill Rivers/00561000002Dp32AAC
************************************************************
************************************************************
FileName: reports/YPO_Networks/All_S_P_with_without_SPCB_v2.report
FullName/Id: YPO_Networks/All_S_P_with_without_SPCB_v2/00O61000004EabzEAC
Manageable State: unmanaged
Namespace Prefix: null
Created By (Name/Id): Bill Rivers/00561000002Dp32AAC
Last Modified By (Name/Id): Bill Rivers/00561000002Dp32AAC
************************************************************
************************************************************
FileName: reports/YPO_Networks/dash_membership_by_gender.report
FullName/Id: YPO_Networks/dash_membership_by_gender/00O61000004EPfgEAG
Manageable State: unmanaged
Namespace Prefix: null
Created By (Name/Id): Fenix Wang/00561000003GjThAAK
Last Modified By (Name/Id): Fenix Wang/00561000003GjThAAK
************************************************************
************************************************************
FileName: reports/YPO_Networks/Networks_Cross_Reference.report
FullName/Id: YPO_Networks/Networks_Cross_Reference/00O61000003nEOiEAM
Manageable State: unmanaged
Namespace Prefix: null
Created By (Name/Id): Bill Rivers/00561000002Dp32AAC
Last Modified By (Name/Id): Bill Rivers/00561000002Dp32AAC
************************************************************
************************************************************
FileName: reports/YPO_Networks/Hospitality_and_F_B_Merger.report
FullName/Id: YPO_Networks/Hospitality_and_F_B_Merger/00O610000046FjSEAU
Manageable State: unmanaged
Namespace Prefix: null
Created By (Name/Id): Bill Rivers/00561000002Dp32AAC
Last Modified By (Name/Id): Bill Rivers/00561000002Dp32AAC
************************************************************
************************************************************
FileName: reports/YPO_Networks/LDN_Members_by_Industry_Type.report
FullName/Id: YPO_Networks/LDN_Members_by_Industry_Type/00O610000042fXTEAY
Manageable State: unmanaged
Namespace Prefix: null
Created By (Name/Id): Bill Rivers/00561000002Dp32AAC
Last Modified By (Name/Id): Bill Rivers/00561000002Dp32AAC
************************************************************
************************************************************
FileName: reports/YPO_Networks/Latam_CNOs.report
FullName/Id: YPO_Networks/Latam_CNOs/00O610000042QzgEAE
Manageable State: unmanaged
Namespace Prefix: null
Created By (Name/Id): Natalia Nenadovit/00561000002ih9SAAQ
Last Modified By (Name/Id): Natalia Nenadovit/00561000002ih9SAAQ
************************************************************
************************************************************
FileName: reports/YPO_Networks/SPBN_business_info.report
FullName/Id: YPO_Networks/SPBN_business_info/00O61000004EtaSEAS
Manageable State: unmanaged
Namespace Prefix: null
Created By (Name/Id): Fenix Wang/00561000003GjThAAK
Last Modified By (Name/Id): Fenix Wang/00561000003GjThAAK
************************************************************
************************************************************
FileName: reports/YPO_Networks/Networks_Committee_Children.report
FullName/Id: YPO_Networks/Networks_Committee_Children/00O610000046Wa4EAE
Manageable State: unmanaged
Namespace Prefix: null
Created By (Name/Id): Bill Rivers/00561000002Dp32AAC
Last Modified By (Name/Id): Bill Rivers/00561000002Dp32AAC
************************************************************
************************************************************
FileName: reports/YPO_Networks/Current_LDN_members.report
FullName/Id: YPO_Networks/Current_LDN_members/00O61000004EsKJEA0
Manageable State: unmanaged
Namespace Prefix: null
Created By (Name/Id): Fenix Wang/00561000003GjThAAK
Last Modified By (Name/Id): Fenix Wang/00561000003GjThAAK
************************************************************
************************************************************
FileName: reports/YPO_Networks/Members_by_Region1.report
FullName/Id: YPO_Networks/Members_by_Region1/00O61000003nItWEAU
Manageable State: unmanaged
Namespace Prefix: null
Created By (Name/Id): Bill Rivers/00561000002Dp32AAC
Last Modified By (Name/Id): Bill Rivers/00561000002Dp32AAC
************************************************************
************************************************************
FileName: reports/YPO_Networks/FBO_in_FBN_by_Region.report
FullName/Id: YPO_Networks/FBO_in_FBN_by_Region/00O610000042mt7EAA
Manageable State: unmanaged
Namespace Prefix: null
Created By (Name/Id): Kyla Paulsen/00561000002ETjXAAW
Last Modified By (Name/Id): Kyla Paulsen/00561000002ETjXAAW
************************************************************
************************************************************
FileName: reports/YPO_Networks/Network_Memberships_by_Region.report
FullName/Id: YPO_Networks/Network_Memberships_by_Region/00O610000046WZ6EAM
Manageable State: unmanaged
Namespace Prefix: null
Created By (Name/Id): Bill Rivers/00561000002Dp32AAC
Last Modified By (Name/Id): Bill Rivers/00561000002Dp32AAC
************************************************************
************************************************************
FileName: reports/YPO_Networks/MembersNotInNetwork.report
FullName/Id: YPO_Networks/MembersNotInNetwork/00O61000003mu74EAA
Manageable State: unmanaged
Namespace Prefix: null
Created By (Name/Id): Brandon Sherman/00561000001uIe1AAE
Last Modified By (Name/Id): Kelli Do/00561000001PrKOAA0
************************************************************
************************************************************
FileName: reports/YPO_Networks/Network_Members_by_Region.report
FullName/Id: YPO_Networks/Network_Members_by_Region/00O610000042QiuEAE
Manageable State: unmanaged
Namespace Prefix: null
Created By (Name/Id): Bill Rivers/00561000002Dp32AAC
Last Modified By (Name/Id): Bill Rivers/00561000002Dp32AAC
************************************************************
************************************************************
FileName: reports/YPO_Networks/YPO_Board_of_Directors_with_Networks1.report
FullName/Id: YPO_Networks/YPO_Board_of_Directors_with_Networks1/00O610000046KUIEA2
Manageable State: unmanaged
Namespace Prefix: null
Created By (Name/Id): Bill Rivers/00561000002Dp32AAC
Last Modified By (Name/Id): Bill Rivers/00561000002Dp32AAC
************************************************************
************************************************************
FileName: reports/YPO_Networks/Members_by_Industry_Not_in_A_Network.report
FullName/Id: YPO_Networks/Members_by_Industry_Not_in_A_Network/00O6100000463TAEAY
Manageable State: unmanaged
Namespace Prefix: null
Created By (Name/Id): Bill Rivers/00561000002Dp32AAC
Last Modified By (Name/Id): Bill Rivers/00561000002Dp32AAC
************************************************************
************************************************************
FileName: reports/YPO_Networks/REIN_Business_Owners.report
FullName/Id: YPO_Networks/REIN_Business_Owners/00O61000004EVgGEAW
Manageable State: unmanaged
Namespace Prefix: null
Created By (Name/Id): Fenix Wang/00561000003GjThAAK
Last Modified By (Name/Id): Fenix Wang/00561000003GjThAAK
************************************************************
************************************************************
FileName: reports/YPO_Networks/S_P_in_networks_without_Portal_Access.report
FullName/Id: YPO_Networks/S_P_in_networks_without_Portal_Access/00O61000004EbcLEAS
Manageable State: unmanaged
Namespace Prefix: null
Created By (Name/Id): Kelli Do/00561000001PrKOAA0
Last Modified By (Name/Id): Kelli Do/00561000001PrKOAA0
************************************************************
************************************************************
FileName: reports/YPO_Networks/Active_Spouse_Partner_v2.report
FullName/Id: YPO_Networks/Active_Spouse_Partner_v2/00O61000004EYzQEAW
Manageable State: unmanaged
Namespace Prefix: null
Created By (Name/Id): Bill Rivers/00561000002Dp32AAC
Last Modified By (Name/Id): Bill Rivers/00561000002Dp32AAC
************************************************************
************************************************************
FileName: reports/YPO_Networks/Network_Termination_Report.report
FullName/Id: YPO_Networks/Network_Termination_Report/00O610000042bK3EAI
Manageable State: unmanaged
Namespace Prefix: null
Created By (Name/Id): Merry Boegner/00561000001uquYAAQ
Last Modified By (Name/Id): Merry Boegner/00561000001uquYAAQ
************************************************************
************************************************************
FileName: reports/YPO_Networks/Current_PER_Network_Chair.report
FullName/Id: YPO_Networks/Current_PER_Network_Chair/00O61000004EeMVEA0
Manageable State: unmanaged
Namespace Prefix: null
Created By (Name/Id): Fenix Wang/00561000003GjThAAK
Last Modified By (Name/Id): Fenix Wang/00561000003GjThAAK
************************************************************
************************************************************
FileName: reports/YPO_Networks/Current_and_FY18_Past_Network_Officers.report
FullName/Id: YPO_Networks/Current_and_FY18_Past_Network_Officers/00O61000004EnyTEAS
Manageable State: unmanaged
Namespace Prefix: null
Created By (Name/Id): Fenix Wang/00561000003GjThAAK
Last Modified By (Name/Id): Fenix Wang/00561000003GjThAAK
************************************************************
************************************************************
FileName: reports/YPO_Networks/Current_Chapter_Administrators.report
FullName/Id: YPO_Networks/Current_Chapter_Administrators/00O610000042RQ8EAM
Manageable State: unmanaged
Namespace Prefix: null
Created By (Name/Id): Merry Boegner/00561000001uquYAAQ
Last Modified By (Name/Id): Merry Boegner/00561000001uquYAAQ
************************************************************
************************************************************
FileName: reports/YPO_Networks/Chapter_Membership_Template.report
FullName/Id: YPO_Networks/Chapter_Membership_Template/00O61000003nWp2EAE
Manageable State: unmanaged
Namespace Prefix: null
Created By (Name/Id): Bill Rivers/00561000002Dp32AAC
Last Modified By (Name/Id): Bill Rivers/00561000002Dp32AAC
************************************************************
************************************************************
FileName: reports/YPO_Networks/Healthcare_Network_Members_with_Industry.report
FullName/Id: YPO_Networks/Healthcare_Network_Members_with_Industry/00O610000046P1pEAE
Manageable State: unmanaged
Namespace Prefix: null
Created By (Name/Id): Merry Boegner/00561000001uquYAAQ
Last Modified By (Name/Id): Merry Boegner/00561000001uquYAAQ
************************************************************
************************************************************
FileName: reports/YPO_Networks/S_P_in_Network_with_NO_ACCESS.report
FullName/Id: YPO_Networks/S_P_in_Network_with_NO_ACCESS/00O61000004Eb51EAC
Manageable State: unmanaged
Namespace Prefix: null
Created By (Name/Id): Fenix Wang/00561000003GjThAAK
Last Modified By (Name/Id): Fenix Wang/00561000003GjThAAK
************************************************************
************************************************************
FileName: reports/YPO_Networks/New_Network_Members_with_Biz_Template.report
FullName/Id: YPO_Networks/New_Network_Members_with_Biz_Template/00O610000046TVVEA2
Manageable State: unmanaged
Namespace Prefix: null
Created By (Name/Id): Bill Rivers/00561000002Dp32AAC
Last Modified By (Name/Id): Bill Rivers/00561000002Dp32AAC
************************************************************
************************************************************
FileName: reports/YPO_Networks/All_Members_in_SE_Asia1.report
FullName/Id: YPO_Networks/All_Members_in_SE_Asia1/00O610000042jyJEAQ
Manageable State: unmanaged
Namespace Prefix: null
Created By (Name/Id): Kyla Paulsen/00561000002ETjXAAW
Last Modified By (Name/Id): Kyla Paulsen/00561000002ETjXAAW
************************************************************
************************************************************
FileName: reports/YPO_Networks/Contact_Positions_List.report
FullName/Id: YPO_Networks/Contact_Positions_List/00O610000046HUeEAM
Manageable State: unmanaged
Namespace Prefix: null
Created By (Name/Id): Bill Rivers/00561000002Dp32AAC
Last Modified By (Name/Id): Bill Rivers/00561000002Dp32AAC
************************************************************
************************************************************
FileName: reports/YPO_Networks/Networks_Committee_Mmbrs_w_Networks.report
FullName/Id: YPO_Networks/Networks_Committee_Mmbrs_w_Networks/00O610000042WdNEAU
Manageable State: unmanaged
Namespace Prefix: null
Created By (Name/Id): Merry Boegner/00561000001uquYAAQ
Last Modified By (Name/Id): Merry Boegner/00561000001uquYAAQ
************************************************************
************************************************************
FileName: reports/YPO_Networks/dash_membership_by_industry.report
FullName/Id: YPO_Networks/dash_membership_by_industry/00O61000004EPf7EAG
Manageable State: unmanaged
Namespace Prefix: null
Created By (Name/Id): Fenix Wang/00561000003GjThAAK
Last Modified By (Name/Id): Fenix Wang/00561000003GjThAAK
************************************************************
************************************************************
FileName: reports/YPO_Networks/GNS_Food_Hospitality_Prospecting.report
FullName/Id: YPO_Networks/GNS_Food_Hospitality_Prospecting/00O61000004EQqzEAG
Manageable State: unmanaged
Namespace Prefix: null
Created By (Name/Id): Fenix Wang/00561000003GjThAAK
Last Modified By (Name/Id): Fenix Wang/00561000003GjThAAK
************************************************************
************************************************************
FileName: reports/YPO_Networks/REIN_FBO_GFBN.report
FullName/Id: YPO_Networks/REIN_FBO_GFBN/00O61000004EVl1EAG
Manageable State: unmanaged
Namespace Prefix: null
Created By (Name/Id): Fenix Wang/00561000003GjThAAK
Last Modified By (Name/Id): Fenix Wang/00561000003GjThAAK
************************************************************
************************************************************
FileName: reports/YPO_Networks/dash_upcoming_events.report
FullName/Id: YPO_Networks/dash_upcoming_events/00O61000004EPfWEAW
Manageable State: unmanaged
Namespace Prefix: null
Created By (Name/Id): Fenix Wang/00561000003GjThAAK
Last Modified By (Name/Id): Fenix Wang/00561000003GjThAAK
************************************************************
************************************************************
FileName: reports/YPO_Networks/CNOs_By_Region_Template.report
FullName/Id: YPO_Networks/CNOs_By_Region_Template/00O61000003nH6TEAU
Manageable State: unmanaged
Namespace Prefix: null
Created By (Name/Id): Bill Rivers/00561000002Dp32AAC
Last Modified By (Name/Id): Bill Rivers/00561000002Dp32AAC
************************************************************
************************************************************
FileName: reports/YPO_Networks/Current_Team_Member_Contact_Positions.report
FullName/Id: YPO_Networks/Current_Team_Member_Contact_Positions/00O610000046I6EEAU
Manageable State: unmanaged
Namespace Prefix: null
Created By (Name/Id): Bill Rivers/00561000002Dp32AAC
Last Modified By (Name/Id): Bill Rivers/00561000002Dp32AAC
************************************************************
************************************************************
FileName: reports/YPO_Networks/Network_Memberships_SE_Asia_Region.report
FullName/Id: YPO_Networks/Network_Memberships_SE_Asia_Region/00O610000042k1XEAQ
Manageable State: unmanaged
Namespace Prefix: null
Created By (Name/Id): Kyla Paulsen/00561000002ETjXAAW
Last Modified By (Name/Id): Kyla Paulsen/00561000002ETjXAAW
************************************************************
************************************************************
FileName: reports/YPO_Networks/Network_Members_by_Region_Template.report
FullName/Id: YPO_Networks/Network_Members_by_Region_Template/00O61000004EWKzEAO
Manageable State: unmanaged
Namespace Prefix: null
Created By (Name/Id): Bill Rivers/00561000002Dp32AAC
Last Modified By (Name/Id): Bill Rivers/00561000002Dp32AAC
************************************************************
************************************************************
FileName: reports/YPO_Networks/dash_termination_report.report
FullName/Id: YPO_Networks/dash_termination_report/00O61000004EPg0EAG
Manageable State: unmanaged
Namespace Prefix: null
Created By (Name/Id): Fenix Wang/00561000003GjThAAK
Last Modified By (Name/Id): Fenix Wang/00561000003GjThAAK
************************************************************
************************************************************
FileName: reports/YPO_Networks/S_P_not_in_SPC.report
FullName/Id: YPO_Networks/S_P_not_in_SPC/00O61000004Ep30EAC
Manageable State: unmanaged
Namespace Prefix: null
Created By (Name/Id): Fenix Wang/00561000003GjThAAK
Last Modified By (Name/Id): Fenix Wang/00561000003GjThAAK
************************************************************
************************************************************
FileName: reports/YPO_Networks/Spouses_with_Networks_by_Chapter.report
FullName/Id: YPO_Networks/Spouses_with_Networks_by_Chapter/00O61000003nXtAEAU
Manageable State: unmanaged
Namespace Prefix: null
Created By (Name/Id): Bill Rivers/00561000002Dp32AAC
Last Modified By (Name/Id): Kelli Do/00561000001PrKOAA0
************************************************************
************************************************************
FileName: reports/YPO_Networks/Top_10_Networks.report
FullName/Id: YPO_Networks/Top_10_Networks/00O61000003nCCfEAM
Manageable State: unmanaged
Namespace Prefix: null
Created By (Name/Id): Kelli Do/00561000001PrKOAA0
Last Modified By (Name/Id): Kelli Do/00561000001PrKOAA0
************************************************************
************************************************************
FileName: reports/YPO_Networks/Regional_Networks_Officers1.report
FullName/Id: YPO_Networks/Regional_Networks_Officers1/00O61000003nHDyEAM
Manageable State: unmanaged
Namespace Prefix: null
Created By (Name/Id): Becky Williams/00561000001QT2wAAG
Last Modified By (Name/Id): Becky Williams/00561000001QT2wAAG
************************************************************
************************************************************
FileName: reports/YPO_Networks/PER_FAM_BIS_Officers.report
FullName/Id: YPO_Networks/PER_FAM_BIS_Officers/00O61000004EMxmEAG
Manageable State: unmanaged
Namespace Prefix: null
Created By (Name/Id): Fenix Wang/00561000003GjThAAK
Last Modified By (Name/Id): Fenix Wang/00561000003GjThAAK
************************************************************
************************************************************
FileName: reports/YPO_Networks/Network_Roster_w_or_w_o_Biz_by_Region.report
FullName/Id: YPO_Networks/Network_Roster_w_or_w_o_Biz_by_Region/00O610000046PaaEAE
Manageable State: unmanaged
Namespace Prefix: null
Created By (Name/Id): Bill Rivers/00561000002Dp32AAC
Last Modified By (Name/Id): Bill Rivers/00561000002Dp32AAC
************************************************************
************************************************************
FileName: reports/YPO_Networks/Network_Business_Owner.report
FullName/Id: YPO_Networks/Network_Business_Owner/00O61000004EVdCEAW
Manageable State: unmanaged
Namespace Prefix: null
Created By (Name/Id): Fenix Wang/00561000003GjThAAK
Last Modified By (Name/Id): Fenix Wang/00561000003GjThAAK
************************************************************
************************************************************
FileName: reports/YPO_Networks/Event_Registrations_by_Region.report
FullName/Id: YPO_Networks/Event_Registrations_by_Region/00O610000042oljEAA
Manageable State: unmanaged
Namespace Prefix: null
Created By (Name/Id): Bill Rivers/00561000002Dp32AAC
Last Modified By (Name/Id): Bill Rivers/00561000002Dp32AAC
************************************************************
************************************************************
FileName: reports/YPO_Networks/Network_Learning_Officer.report
FullName/Id: YPO_Networks/Network_Learning_Officer/00O61000003nGVhEAM
Manageable State: unmanaged
Namespace Prefix: null
Created By (Name/Id): Bill Rivers/00561000002Dp32AAC
Last Modified By (Name/Id): Bill Rivers/00561000002Dp32AAC
************************************************************
************************************************************
FileName: reports/YPO_Networks/Female_Officers_WYN_Report1.report
FullName/Id: YPO_Networks/Female_Officers_WYN_Report1/00O61000003nZ31EAE
Manageable State: unmanaged
Namespace Prefix: null
Created By (Name/Id): Bill Rivers/00561000002Dp32AAC
Last Modified By (Name/Id): Bill Rivers/00561000002Dp32AAC
************************************************************
************************************************************
FileName: reports/YPO_Networks/Network_Members_by_Region_by_Network.report
FullName/Id: YPO_Networks/Network_Members_by_Region_by_Network/00O610000042SqWEAU
Manageable State: unmanaged
Namespace Prefix: null
Created By (Name/Id): Merry Boegner/00561000001uquYAAQ
Last Modified By (Name/Id): Merry Boegner/00561000001uquYAAQ
************************************************************
************************************************************
FileName: reports/YPO_Networks/Ntwrk_Mmbrshp_in_othr_networks_Template.report
FullName/Id: YPO_Networks/Ntwrk_Mmbrshp_in_othr_networks_Template/00O610000042Xk5EAE
Manageable State: unmanaged
Namespace Prefix: null
Created By (Name/Id): Merry Boegner/00561000001uquYAAQ
Last Modified By (Name/Id): Merry Boegner/00561000001uquYAAQ
************************************************************
************************************************************
FileName: reports/YPO_Networks/Pacific_RNA_and_Chapter_Admins.report
FullName/Id: YPO_Networks/Pacific_RNA_and_Chapter_Admins/00O61000004E5b0EAC
Manageable State: unmanaged
Namespace Prefix: null
Created By (Name/Id): Fenix Wang/00561000003GjThAAK
Last Modified By (Name/Id): Fenix Wang/00561000003GjThAAK
************************************************************
************************************************************
FileName: reports/YPO_Networks/Hospitality_Network_Events_Attendees.report
FullName/Id: YPO_Networks/Hospitality_Network_Events_Attendees/00O61000004E35HEAS
Manageable State: unmanaged
Namespace Prefix: null
Created By (Name/Id): Fenix Wang/00561000003GjThAAK
Last Modified By (Name/Id): Fenix Wang/00561000003GjThAAK
************************************************************
************************************************************
FileName: reports/YPO_Networks/Sub_Networks_List.report
FullName/Id: YPO_Networks/Sub_Networks_List/00O610000046NIUEA2
Manageable State: unmanaged
Namespace Prefix: null
Created By (Name/Id): Bill Rivers/00561000002Dp32AAC
Last Modified By (Name/Id): Kyla Paulsen/00561000002ETjXAAW
************************************************************
************************************************************
FileName: reports/YPO_Networks/All_S_P_with_without_GFBN.report
FullName/Id: YPO_Networks/All_S_P_with_without_GFBN/00O61000004EaW1EAK
Manageable State: unmanaged
Namespace Prefix: null
Created By (Name/Id): Fenix Wang/00561000003GjThAAK
Last Modified By (Name/Id): Fenix Wang/00561000003GjThAAK
************************************************************
************************************************************
FileName: reports/YPO_Networks/Members_by_Region_Template.report
FullName/Id: YPO_Networks/Members_by_Region_Template/00O61000003nSeoEAE
Manageable State: unmanaged
Namespace Prefix: null
Created By (Name/Id): Bill Rivers/00561000002Dp32AAC
Last Modified By (Name/Id): Bill Rivers/00561000002Dp32AAC
************************************************************
************************************************************
FileName: reports/YPO_Networks/FY19_FY20_Executive_Committee.report
FullName/Id: YPO_Networks/FY19_FY20_Executive_Committee/00O610000042oReEAI
Manageable State: unmanaged
Namespace Prefix: null
Created By (Name/Id): Bill Rivers/00561000002Dp32AAC
Last Modified By (Name/Id): Bill Rivers/00561000002Dp32AAC
************************************************************
************************************************************
FileName: reports/YPO_Networks/Deal_members_N_America_with_industry.report
FullName/Id: YPO_Networks/Deal_members_N_America_with_industry/00O61000004EuopEAC
Manageable State: unmanaged
Namespace Prefix: null
Created By (Name/Id): Jeff Short/00561000002Dp3LAAS
Last Modified By (Name/Id): Jeff Short/00561000002Dp3LAAS
************************************************************
************************************************************
FileName: reports/YPO_Networks/Former_Members_with_Ntwk_Positions.report
FullName/Id: YPO_Networks/Former_Members_with_Ntwk_Positions/00O610000046UcXEAU
Manageable State: unmanaged
Namespace Prefix: null
Created By (Name/Id): Bill Rivers/00561000002Dp32AAC
Last Modified By (Name/Id): Bill Rivers/00561000002Dp32AAC
************************************************************
************************************************************
FileName: reports/YPO_Networks/dash_recent_new_members.report
FullName/Id: YPO_Networks/dash_recent_new_members/00O61000004EPfvEAG
Manageable State: unmanaged
Namespace Prefix: null
Created By (Name/Id): Fenix Wang/00561000003GjThAAK
Last Modified By (Name/Id): Fenix Wang/00561000003GjThAAK
************************************************************
************************************************************
FileName: reports/YPO_Networks/Parenting_Network_Chart.report
FullName/Id: YPO_Networks/Parenting_Network_Chart/00O61000003nIddEAE
Manageable State: unmanaged
Namespace Prefix: null
Created By (Name/Id): Bill Rivers/00561000002Dp32AAC
Last Modified By (Name/Id): Bill Rivers/00561000002Dp32AAC
************************************************************
************************************************************
FileName: reports/YPO_Networks/Officer_Report_Tanya1.report
FullName/Id: YPO_Networks/Officer_Report_Tanya1/00O61000003nK4fEAE
Manageable State: unmanaged
Namespace Prefix: null
Created By (Name/Id): Bill Rivers/00561000002Dp32AAC
Last Modified By (Name/Id): Bill Rivers/00561000002Dp32AAC
************************************************************
************************************************************
FileName: reports/YPO_Networks/SP_in_SPC.report
FullName/Id: YPO_Networks/SP_in_SPC/00O61000004Ep3AEAS
Manageable State: unmanaged
Namespace Prefix: null
Created By (Name/Id): Fenix Wang/00561000003GjThAAK
Last Modified By (Name/Id): Fenix Wang/00561000003GjThAAK
************************************************************
************************************************************
FileName: reports/YPO_Networks/DMM_members_with_Company_Info.report
FullName/Id: YPO_Networks/DMM_members_with_Company_Info/00O610000049oOAEAY
Manageable State: unmanaged
Namespace Prefix: null
Created By (Name/Id): Merry Boegner/00561000001uquYAAQ
Last Modified By (Name/Id): Merry Boegner/00561000001uquYAAQ
************************************************************
************************************************************
FileName: reports/YPO_Networks/SE_Asia_Members_with_Network_Affiliation.report
FullName/Id: YPO_Networks/SE_Asia_Members_with_Network_Affiliation/00O610000042k2GEAQ
Manageable State: unmanaged
Namespace Prefix: null
Created By (Name/Id): Kyla Paulsen/00561000002ETjXAAW
Last Modified By (Name/Id): Kyla Paulsen/00561000002ETjXAAW
************************************************************
************************************************************
FileName: reports/YPO_Networks/Latam_Under_40_with_Networks.report
FullName/Id: YPO_Networks/Latam_Under_40_with_Networks/00O610000042aQtEAI
Manageable State: unmanaged
Namespace Prefix: null
Created By (Name/Id): Bill Rivers/00561000002Dp32AAC
Last Modified By (Name/Id): Bill Rivers/00561000002Dp32AAC
************************************************************
************************************************************
FileName: reports/YPO_Networks/Chapter_Network_Officers1.report
FullName/Id: YPO_Networks/Chapter_Network_Officers1/00O61000003nHDtEAM
Manageable State: unmanaged
Namespace Prefix: null
Created By (Name/Id): Becky Williams/00561000001QT2wAAG
Last Modified By (Name/Id): Becky Williams/00561000001QT2wAAG
************************************************************
************************************************************
FileName: reports/YPO_Networks/Chicago_Area_Network_Officers.report
FullName/Id: YPO_Networks/Chicago_Area_Network_Officers/00O61000003nI1tEAE
Manageable State: unmanaged
Namespace Prefix: null
Created By (Name/Id): Bill Rivers/00561000002Dp32AAC
Last Modified By (Name/Id): Bill Rivers/00561000002Dp32AAC
************************************************************
************************************************************
FileName: reports/YPO_Networks/FY19_20_ExCo_New_ExCo_Members.report
FullName/Id: YPO_Networks/FY19_20_ExCo_New_ExCo_Members/00O610000043C3dEAE
Manageable State: unmanaged
Namespace Prefix: null
Created By (Name/Id): Bill Rivers/00561000002Dp32AAC
Last Modified By (Name/Id): Bill Rivers/00561000002Dp32AAC
************************************************************
************************************************************
FileName: reports/YPO_Networks/Network_ExCo_Members_All_Positions1.report
FullName/Id: YPO_Networks/Network_ExCo_Members_All_Positions1/00O610000046KMsEAM
Manageable State: unmanaged
Namespace Prefix: null
Created By (Name/Id): Merry Boegner/00561000001uquYAAQ
Last Modified By (Name/Id): Kyla Paulsen/00561000002ETjXAAW
************************************************************
************************************************************
FileName: reports/YPO_Networks/WYN_Members_by_Industry_Type.report
FullName/Id: YPO_Networks/WYN_Members_by_Industry_Type/00O610000049m2HEAQ
Manageable State: unmanaged
Namespace Prefix: null
Created By (Name/Id): Merry Boegner/00561000001uquYAAQ
Last Modified By (Name/Id): Merry Boegner/00561000001uquYAAQ
************************************************************
************************************************************
FileName: reports/YPO_Networks/Chapter_Assistant_Learning_Officers.report
FullName/Id: YPO_Networks/Chapter_Assistant_Learning_Officers/00O610000042h9TEAQ
Manageable State: unmanaged
Namespace Prefix: null
Created By (Name/Id): Kyla Paulsen/00561000002ETjXAAW
Last Modified By (Name/Id): Kyla Paulsen/00561000002ETjXAAW
************************************************************
************************************************************
FileName: reports/YPO_Networks/Network_Memberships_Summary.report
FullName/Id: YPO_Networks/Network_Memberships_Summary/00O610000042NcjEAE
Manageable State: unmanaged
Namespace Prefix: null
Created By (Name/Id): Bill Rivers/00561000002Dp32AAC
Last Modified By (Name/Id): Bill Rivers/00561000002Dp32AAC
************************************************************
************************************************************
FileName: reports/YPO_Networks/Chapter_Listing_US_Regions1.report
FullName/Id: YPO_Networks/Chapter_Listing_US_Regions1/00O610000046T0hEAE
Manageable State: unmanaged
Namespace Prefix: null
Created By (Name/Id): Bill Rivers/00561000002Dp32AAC
Last Modified By (Name/Id): Bill Rivers/00561000002Dp32AAC
************************************************************
************************************************************
FileName: reports/YPO_Networks/Business_Networks_Chairs.report
FullName/Id: YPO_Networks/Business_Networks_Chairs/00O610000046KcvEAE
Manageable State: unmanaged
Namespace Prefix: null
Created By (Name/Id): Bill Rivers/00561000002Dp32AAC
Last Modified By (Name/Id): Bill Rivers/00561000002Dp32AAC
************************************************************
************************************************************
FileName: reports/YPO_Networks/Members_with_Network_Affiliations.report
FullName/Id: YPO_Networks/Members_with_Network_Affiliations/00O610000040Q9XEAU
Manageable State: unmanaged
Namespace Prefix: null
Created By (Name/Id): Bill Rivers/00561000002Dp32AAC
Last Modified By (Name/Id): Bill Rivers/00561000002Dp32AAC
************************************************************
************************************************************
FileName: reports/YPO_Networks/Board_Members.report
FullName/Id: YPO_Networks/Board_Members/00O610000046I64EAE
Manageable State: unmanaged
Namespace Prefix: null
Created By (Name/Id): Bill Rivers/00561000002Dp32AAC
Last Modified By (Name/Id): Bill Rivers/00561000002Dp32AAC
************************************************************
************************************************************
FileName: reports/YPO_Networks/MEN_Business_Owners.report
FullName/Id: YPO_Networks/MEN_Business_Owners/00O61000004EVgQEAW
Manageable State: unmanaged
Namespace Prefix: null
Created By (Name/Id): Fenix Wang/00561000003GjThAAK
Last Modified By (Name/Id): Fenix Wang/00561000003GjThAAK
************************************************************
************************************************************
FileName: reports/YPO_Networks/Executive_Committee_Members.report
FullName/Id: YPO_Networks/Executive_Committee_Members/00O610000046I51EAE
Manageable State: unmanaged
Namespace Prefix: null
Created By (Name/Id): Bill Rivers/00561000002Dp32AAC
Last Modified By (Name/Id): Bill Rivers/00561000002Dp32AAC
************************************************************
************************************************************
FileName: reports/YPO_Networks/Hospitality_Board_members1.report
FullName/Id: YPO_Networks/Hospitality_Board_members1/00O61000004EZfbEAG
Manageable State: unmanaged
Namespace Prefix: null
Created By (Name/Id): Guneet Bhatia/00561000002Doy3AAC
Last Modified By (Name/Id): Guneet Bhatia/00561000002Doy3AAC
************************************************************
************************************************************
FileName: reports/YPO_Networks/Networks_Active_Flag_Test.report
FullName/Id: YPO_Networks/Networks_Active_Flag_Test/00O610000046207EAA
Manageable State: unmanaged
Namespace Prefix: null
Created By (Name/Id): Bill Rivers/00561000002Dp32AAC
Last Modified By (Name/Id): Bill Rivers/00561000002Dp32AAC
************************************************************
************************************************************
FileName: reports/YPO_Networks/Spouses_Not_in_Networks4.report
FullName/Id: YPO_Networks/Spouses_Not_in_Networks4/00O6100000460wOEAQ
Manageable State: unmanaged
Namespace Prefix: null
Created By (Name/Id): Merry Boegner/00561000001uquYAAQ
Last Modified By (Name/Id): Merry Boegner/00561000001uquYAAQ
************************************************************
************************************************************
FileName: reports/YPO_Networks/Retail_FBO_GFBN.report
FullName/Id: YPO_Networks/Retail_FBO_GFBN/00O61000004EVkcEAG
Manageable State: unmanaged
Namespace Prefix: null
Created By (Name/Id): Fenix Wang/00561000003GjThAAK
Last Modified By (Name/Id): Fenix Wang/00561000003GjThAAK
************************************************************
************************************************************
FileName: reports/YPO_Networks/Current_Past_Network_Officers.report
FullName/Id: YPO_Networks/Current_Past_Network_Officers/00O61000004EnzbEAC
Manageable State: unmanaged
Namespace Prefix: null
Created By (Name/Id): Fenix Wang/00561000003GjThAAK
Last Modified By (Name/Id): Fenix Wang/00561000003GjThAAK
************************************************************
************************************************************
FileName: reports/YPO_Networks/All_Spouse_Partner_excl_S_P_Com_Network.report
FullName/Id: YPO_Networks/All_Spouse_Partner_excl_S_P_Com_Network/00O61000004E2cUEAS
Manageable State: unmanaged
Namespace Prefix: null
Created By (Name/Id): Fenix Wang/00561000003GjThAAK
Last Modified By (Name/Id): Fenix Wang/00561000003GjThAAK
************************************************************
************************************************************
FileName: reports/YPO_Networks/Members_with_Interests_by_Network.report
FullName/Id: YPO_Networks/Members_with_Interests_by_Network/00O610000043ELKEA2
Manageable State: unmanaged
Namespace Prefix: null
Created By (Name/Id): Kelli Do/00561000001PrKOAA0
Last Modified By (Name/Id): Kelli Do/00561000001PrKOAA0
************************************************************
************************************************************
FileName: reports/YPO_Networks/Plastics_Members_in_Asia_ME_and_Africa.report
FullName/Id: YPO_Networks/Plastics_Members_in_Asia_ME_and_Africa/00O610000042xC4EAI
Manageable State: unmanaged
Namespace Prefix: null
Created By (Name/Id): Bill Rivers/00561000002Dp32AAC
Last Modified By (Name/Id): Bill Rivers/00561000002Dp32AAC
************************************************************
************************************************************
FileName: reports/YPO_Networks/Chapter_Health_Metrics_by_Region_Network1.report
FullName/Id: YPO_Networks/Chapter_Health_Metrics_by_Region_Network1/00O6100000460wEEAQ
Manageable State: unmanaged
Namespace Prefix: null
Created By (Name/Id): Merry Boegner/00561000001uquYAAQ
Last Modified By (Name/Id): Merry Boegner/00561000001uquYAAQ
************************************************************
************************************************************
FileName: reports/YPO_Networks/Network_Members_with_Biz_Template.report
FullName/Id: YPO_Networks/Network_Members_with_Biz_Template/00O610000042TegEAE
Manageable State: unmanaged
Namespace Prefix: null
Created By (Name/Id): Bill Rivers/00561000002Dp32AAC
Last Modified By (Name/Id): Bill Rivers/00561000002Dp32AAC
************************************************************
************************************************************
FileName: reports/YPO_Networks/Network_Membership_Roster.report
FullName/Id: YPO_Networks/Network_Membership_Roster/00O61000003nEFCEA2
Manageable State: unmanaged
Namespace Prefix: null
Created By (Name/Id): Bill Rivers/00561000002Dp32AAC
Last Modified By (Name/Id): Bill Rivers/00561000002Dp32AAC
************************************************************
************************************************************
FileName: reports/YPO_Networks/YPO_London_Chapter_Member_s_Networks.report
FullName/Id: YPO_Networks/YPO_London_Chapter_Member_s_Networks/00O61000004EaUKEA0
Manageable State: unmanaged
Namespace Prefix: null
Created By (Name/Id): Fenix Wang/00561000003GjThAAK
Last Modified By (Name/Id): Fenix Wang/00561000003GjThAAK
************************************************************
************************************************************
FileName: reports/YPO_Networks/List_of_Reports.report
FullName/Id: YPO_Networks/List_of_Reports/00O610000042NzxEAE
Manageable State: unmanaged
Namespace Prefix: null
Created By (Name/Id): Bill Rivers/00561000002Dp32AAC
Last Modified By (Name/Id): Bill Rivers/00561000002Dp32AAC
************************************************************
************************************************************
FileName: reports/YPO_Networks/dash_membership_in_other_networks.report
FullName/Id: YPO_Networks/dash_membership_in_other_networks/00O61000004EPdkEAG
Manageable State: unmanaged
Namespace Prefix: null
Created By (Name/Id): Fenix Wang/00561000003GjThAAK
Last Modified By (Name/Id): Fenix Wang/00561000003GjThAAK
************************************************************
************************************************************
FileName: reports/YPO_Networks/Hospitality_Board_Members_v2.report
FullName/Id: YPO_Networks/Hospitality_Board_Members_v2/00O61000004EZg0EAG
Manageable State: unmanaged
Namespace Prefix: null
Created By (Name/Id): Bill Rivers/00561000002Dp32AAC
Last Modified By (Name/Id): Bill Rivers/00561000002Dp32AAC
************************************************************
************************************************************
FileName: reports/YPO_Networks/Family_Business_Operators_All.report
FullName/Id: YPO_Networks/Family_Business_Operators_All/00O610000042jzgEAA
Manageable State: unmanaged
Namespace Prefix: null
Created By (Name/Id): Kyla Paulsen/00561000002ETjXAAW
Last Modified By (Name/Id): Kyla Paulsen/00561000002ETjXAAW
************************************************************
************************************************************
FileName: reports/YPO_Networks/CA_members.report
FullName/Id: YPO_Networks/CA_members/00O61000004EK9pEAG
Manageable State: unmanaged
Namespace Prefix: null
Created By (Name/Id): Fenix Wang/00561000003GjThAAK
Last Modified By (Name/Id): Fenix Wang/00561000003GjThAAK
************************************************************
************************************************************
FileName: reports/YPO_Networks/Latam_CNOs1.report
FullName/Id: YPO_Networks/Latam_CNOs1/00O610000042R0FEAU
Manageable State: unmanaged
Namespace Prefix: null
Created By (Name/Id): Natalia Nenadovit/00561000002ih9SAAQ
Last Modified By (Name/Id): Natalia Nenadovit/00561000002ih9SAAQ
************************************************************
************************************************************
FileName: reports/YPO_Networks/Network_Retention_Report_Template.report
FullName/Id: YPO_Networks/Network_Retention_Report_Template/00O61000003nGDiEAM
Manageable State: unmanaged
Namespace Prefix: null
Created By (Name/Id): Bill Rivers/00561000002Dp32AAC
Last Modified By (Name/Id): Bill Rivers/00561000002Dp32AAC
************************************************************
************************************************************
FileName: reports/YPO_Networks/FBO_not_in_FBN_Regional_Summary.report
FullName/Id: YPO_Networks/FBO_not_in_FBN_Regional_Summary/00O610000042mvXEAQ
Manageable State: unmanaged
Namespace Prefix: null
Created By (Name/Id): Kyla Paulsen/00561000002ETjXAAW
Last Modified By (Name/Id): Kyla Paulsen/00561000002ETjXAAW
************************************************************
************************************************************
FileName: reports/YPO_Networks/Retail_Business_Owners.report
FullName/Id: YPO_Networks/Retail_Business_Owners/00O61000004EVfrEAG
Manageable State: unmanaged
Namespace Prefix: null
Created By (Name/Id): Fenix Wang/00561000003GjThAAK
Last Modified By (Name/Id): Fenix Wang/00561000003GjThAAK
************************************************************
************************************************************
FileName: reports/YPO_Networks/dash_age_group.report
FullName/Id: YPO_Networks/dash_age_group/00O61000004EPdVEAW
Manageable State: unmanaged
Namespace Prefix: null
Created By (Name/Id): Fenix Wang/00561000003GjThAAK
Last Modified By (Name/Id): Fenix Wang/00561000003GjThAAK
************************************************************
************************************************************
FileName: reports/YPO_Networks/All_Network_Event_Associations_FY17.report
FullName/Id: YPO_Networks/All_Network_Event_Associations_FY17/00O610000042NHWEA2
Manageable State: unmanaged
Namespace Prefix: null
Created By (Name/Id): Bill Rivers/00561000002Dp32AAC
Last Modified By (Name/Id): Bill Rivers/00561000002Dp32AAC
************************************************************
************************************************************
FileName: reports/YPO_Networks/Network_Chairs_Template.report
FullName/Id: YPO_Networks/Network_Chairs_Template/00O610000042RiMEAU
Manageable State: unmanaged
Namespace Prefix: null
Created By (Name/Id): Merry Boegner/00561000001uquYAAQ
Last Modified By (Name/Id): Merry Boegner/00561000001uquYAAQ
************************************************************
************************************************************
FileName: reports/YPO_Networks/FBO_with_FBN_Membership.report
FullName/Id: YPO_Networks/FBO_with_FBN_Membership/00O610000042k05EAA
Manageable State: unmanaged
Namespace Prefix: null
Created By (Name/Id): Kyla Paulsen/00561000002ETjXAAW
Last Modified By (Name/Id): Kyla Paulsen/00561000002ETjXAAW
************************************************************
************************************************************
FileName: reports/YPO_Networks/Network_Cross_reference_WBN.report
FullName/Id: YPO_Networks/Network_Cross_reference_WBN/00O61000004EaJlEAK
Manageable State: unmanaged
Namespace Prefix: null
Created By (Name/Id): Fenix Wang/00561000003GjThAAK
Last Modified By (Name/Id): Fenix Wang/00561000003GjThAAK
************************************************************
************************************************************
FileName: reports/YPO_Networks/Network_Regional_Chair.report
FullName/Id: YPO_Networks/Network_Regional_Chair/00O61000004E0lAEAS
Manageable State: unmanaged
Namespace Prefix: null
Created By (Name/Id): Fenix Wang/00561000003GjThAAK
Last Modified By (Name/Id): Fenix Wang/00561000003GjThAAK
************************************************************
************************************************************
FileName: reports/YPO_Networks/Franchise_Network_not_in_Hospitality.report
FullName/Id: YPO_Networks/Franchise_Network_not_in_Hospitality/00O610000042MsWEAU
Manageable State: unmanaged
Namespace Prefix: null
Created By (Name/Id): Bill Rivers/00561000002Dp32AAC
Last Modified By (Name/Id): Bill Rivers/00561000002Dp32AAC
************************************************************
************************************************************
FileName: reports/YPO_Networks/dash_activity_report.report
FullName/Id: YPO_Networks/dash_activity_report/00O61000004EPfMEAW
Manageable State: unmanaged
Namespace Prefix: null
Created By (Name/Id): Fenix Wang/00561000003GjThAAK
Last Modified By (Name/Id): Fenix Wang/00561000003GjThAAK
************************************************************
************************************************************
FileName: reports/YPO_Networks/Current_members_in_both_HIN_and_SCN.report
FullName/Id: YPO_Networks/Current_members_in_both_HIN_and_SCN/00O61000004EsIDEA0
Manageable State: unmanaged
Namespace Prefix: null
Created By (Name/Id): Fenix Wang/00561000003GjThAAK
Last Modified By (Name/Id): Fenix Wang/00561000003GjThAAK
************************************************************
************************************************************
FileName: reports/YPO_Networks/Network_ExCo_Members.report
FullName/Id: YPO_Networks/Network_ExCo_Members/00O61000003nbFYEAY
Manageable State: unmanaged
Namespace Prefix: null
Created By (Name/Id): Becky Williams/00561000001QT2wAAG
Last Modified By (Name/Id): Becky Williams/00561000001QT2wAAG
************************************************************
************************************************************
FileName: reports/YPO_Networks/Cons_Real_members_in_SBN.report
FullName/Id: YPO_Networks/Cons_Real_members_in_SBN/00O61000004ErsjEAC
Manageable State: unmanaged
Namespace Prefix: null
Created By (Name/Id): Fenix Wang/00561000003GjThAAK
Last Modified By (Name/Id): Fenix Wang/00561000003GjThAAK
************************************************************
************************************************************
FileName: reports/YPO_Networks/Network_Officer_Report_Template.report
FullName/Id: YPO_Networks/Network_Officer_Report_Template/00O61000003nErVEAU
Manageable State: unmanaged
Namespace Prefix: null
Created By (Name/Id): Bill Rivers/00561000002Dp32AAC
Last Modified By (Name/Id): Bill Rivers/00561000002Dp32AAC
************************************************************
