************************************************************
FileName: dashboards/Forum_Dashboard_Folder/Available_FFV_FFVS_by_Region1.dashboard
FullName/Id: Forum_Dashboard_Folder/Available_FFV_FFVS_by_Region1/01Z610000006xtHEAQ
Manageable State: unmanaged
Namespace Prefix: null
Created By (Name/Id): Carolyn Keeling/00561000002DjPvAAK
Last Modified By (Name/Id): Kelli Do/00561000001PrKOAA0
************************************************************
************************************************************
FileName: dashboards/Forum_Dashboard_Folder/Forum_Dashboard.dashboard
FullName/Id: Forum_Dashboard_Folder/Forum_Dashboard/01Z610000006woQEAQ
Manageable State: unmanaged
Namespace Prefix: null
Created By (Name/Id): Cory Chorpenning/00561000001cxaZAAQ
Last Modified By (Name/Id): Kelli Do/00561000001PrKOAA0
************************************************************
************************************************************
FileName: dashboards/Forum_Dashboard_Folder/FFV_status_Europe_Sibel.dashboard
FullName/Id: Forum_Dashboard_Folder/FFV_status_Europe_Sibel/01Z610000006yOGEAY
Manageable State: unmanaged
Namespace Prefix: null
Created By (Name/Id): Sibel Namli/00561000002Dp1aAAC
Last Modified By (Name/Id): Sibel Namli/00561000002Dp1aAAC
************************************************************
************************************************************
FileName: dashboards/Forum_Dashboard_Folder/Forum_Regional_Dashboard1.dashboard
FullName/Id: Forum_Dashboard_Folder/Forum_Regional_Dashboard1/01Z610000006xo2EAA
Manageable State: unmanaged
Namespace Prefix: null
Created By (Name/Id): Carolyn Keeling/00561000002DjPvAAK
Last Modified By (Name/Id): Carolyn Keeling/00561000002DjPvAAK
************************************************************
