************************************************************
FileName: reports/ca_collab_2_0__SfdcCommunitiesPulseDefaultMember_20/ca_collab_2_0__Insights_A_Recent_Logins_Successful_1_0.report
FullName/Id: ca_collab_2_0__SfdcCommunitiesPulseDefaultMember_20/ca_collab_2_0__Insights_A_Recent_Logins_Successful_1_0/00O61000003xCoJEAU
Manageable State: installed
Namespace Prefix: ca_collab_2_0
Created By (Name/Id): Jonathan Bernd/00561000000ImwtAAC
Last Modified By (Name/Id): Jonathan Bernd/00561000000ImwtAAC
************************************************************
************************************************************
FileName: reports/ca_collab_2_0__SfdcCommunitiesPulseDefaultMember_20/ca_collab_2_0__Insights_A_Contributors_Inactive_For_7_Plus_Days_2_0.report
FullName/Id: ca_collab_2_0__SfdcCommunitiesPulseDefaultMember_20/ca_collab_2_0__Insights_A_Contributors_Inactive_For_7_Plus_Days_2_0/00O61000003xCoCEAU
Manageable State: installed
Namespace Prefix: ca_collab_2_0
Created By (Name/Id): Jonathan Bernd/00561000000ImwtAAC
Last Modified By (Name/Id): Jonathan Bernd/00561000000ImwtAAC
************************************************************
************************************************************
FileName: reports/ca_collab_2_0__SfdcCommunitiesPulseDefaultMember_20/ca_collab_2_0__Insights_A_New_Members_1_0.report
FullName/Id: ca_collab_2_0__SfdcCommunitiesPulseDefaultMember_20/ca_collab_2_0__Insights_A_New_Members_1_0/00O61000003xCoGEAU
Manageable State: installed
Namespace Prefix: ca_collab_2_0
Created By (Name/Id): Jonathan Bernd/00561000000ImwtAAC
Last Modified By (Name/Id): Jonathan Bernd/00561000000ImwtAAC
************************************************************
************************************************************
FileName: reports/ca_collab_2_0__SfdcCommunitiesPulseDefaultMember_20/ca_collab_2_0__Insights_A_Recent_Contributors_2_0.report
FullName/Id: ca_collab_2_0__SfdcCommunitiesPulseDefaultMember_20/ca_collab_2_0__Insights_A_Recent_Contributors_2_0/00O61000003xCoHEAU
Manageable State: installed
Namespace Prefix: ca_collab_2_0
Created By (Name/Id): Jonathan Bernd/00561000000ImwtAAC
Last Modified By (Name/Id): Jonathan Bernd/00561000000ImwtAAC
************************************************************
************************************************************
FileName: reports/ca_collab_2_0__SfdcCommunitiesPulseDefaultMember_20/Users_by_department2.report
FullName/Id: ca_collab_2_0__SfdcCommunitiesPulseDefaultMember_20/Users_by_department2/00O61000003nH77EAE
Manageable State: unmanaged
Namespace Prefix: null
Created By (Name/Id): Lynn Phillips/00561000000JTJQAA4
Last Modified By (Name/Id): Lynn Phillips/00561000000JTJQAA4
************************************************************
************************************************************
FileName: reports/ca_collab_2_0__SfdcCommunitiesPulseDefaultMember_20/ca_collab_2_0__Insights_A_Influencers_Inactive_For_7_Plus_Days_2_0.report
FullName/Id: ca_collab_2_0__SfdcCommunitiesPulseDefaultMember_20/ca_collab_2_0__Insights_A_Influencers_Inactive_For_7_Plus_Days_2_0/00O61000003xCoDEAU
Manageable State: installed
Namespace Prefix: ca_collab_2_0
Created By (Name/Id): Jonathan Bernd/00561000000ImwtAAC
Last Modified By (Name/Id): Jonathan Bernd/00561000000ImwtAAC
************************************************************
************************************************************
FileName: reports/ca_collab_2_0__SfdcCommunitiesPulseDefaultMember_20/ca_collab_2_0__Insights_A_Recent_Contributors_No_Pic_1_0.report
FullName/Id: ca_collab_2_0__SfdcCommunitiesPulseDefaultMember_20/ca_collab_2_0__Insights_A_Recent_Contributors_No_Pic_1_0/00O61000003xCoIEAU
Manageable State: installed
Namespace Prefix: ca_collab_2_0
Created By (Name/Id): Jonathan Bernd/00561000000ImwtAAC
Last Modified By (Name/Id): Jonathan Bernd/00561000000ImwtAAC
************************************************************
************************************************************
FileName: reports/ca_collab_2_0__SfdcCommunitiesPulseDefaultMember_20/ca_collab_2_0__Insights_A_Active_Members_No_Pic_1_0.report
FullName/Id: ca_collab_2_0__SfdcCommunitiesPulseDefaultMember_20/ca_collab_2_0__Insights_A_Active_Members_No_Pic_1_0/00O61000003xCoBEAU
Manageable State: installed
Namespace Prefix: ca_collab_2_0
Created By (Name/Id): Jonathan Bernd/00561000000ImwtAAC
Last Modified By (Name/Id): Jonathan Bernd/00561000000ImwtAAC
************************************************************
************************************************************
FileName: reports/ca_collab_2_0__SfdcCommunitiesPulseDefaultMember_20/ca_collab_2_0__Insights_A_Influencers_No_Pic_1_0.report
FullName/Id: ca_collab_2_0__SfdcCommunitiesPulseDefaultMember_20/ca_collab_2_0__Insights_A_Influencers_No_Pic_1_0/00O61000003xCoEEAU
Manageable State: installed
Namespace Prefix: ca_collab_2_0
Created By (Name/Id): Jonathan Bernd/00561000000ImwtAAC
Last Modified By (Name/Id): Jonathan Bernd/00561000000ImwtAAC
************************************************************
************************************************************
FileName: reports/ca_collab_2_0__SfdcCommunitiesPulseDefaultMember_20/ca_collab_2_0__Insights_A_Active_Members_1_0.report
FullName/Id: ca_collab_2_0__SfdcCommunitiesPulseDefaultMember_20/ca_collab_2_0__Insights_A_Active_Members_1_0/00O61000003xCoAEAU
Manageable State: installed
Namespace Prefix: ca_collab_2_0
Created By (Name/Id): Jonathan Bernd/00561000000ImwtAAC
Last Modified By (Name/Id): Jonathan Bernd/00561000000ImwtAAC
************************************************************
************************************************************
FileName: reports/ca_collab_2_0__SfdcCommunitiesPulseDefaultMember_20/ca_collab_2_0__Insights_A_New_Contributors_No_Pic_1_0.report
FullName/Id: ca_collab_2_0__SfdcCommunitiesPulseDefaultMember_20/ca_collab_2_0__Insights_A_New_Contributors_No_Pic_1_0/00O61000003xCoFEAU
Manageable State: installed
Namespace Prefix: ca_collab_2_0
Created By (Name/Id): Jonathan Bernd/00561000000ImwtAAC
Last Modified By (Name/Id): Jonathan Bernd/00561000000ImwtAAC
************************************************************
