************************************************************
FileName: reports/Regional_Reports_Americas/FY19_Reg_Officers_Reg_for_GLC_Americas.report
FullName/Id: Regional_Reports_Americas/FY19_Reg_Officers_Reg_for_GLC_Americas/00O610000042kvVEAQ
Manageable State: unmanaged
Namespace Prefix: null
Created By (Name/Id): Danny Smith/00561000002BqLRAA0
Last Modified By (Name/Id): Danny Smith/00561000002BqLRAA0
************************************************************
************************************************************
FileName: reports/Regional_Reports_Americas/FY19_Chapter_Officers_ID_Americas.report
FullName/Id: Regional_Reports_Americas/FY19_Chapter_Officers_ID_Americas/00O610000042p1XEAQ
Manageable State: unmanaged
Namespace Prefix: null
Created By (Name/Id): Danny Smith/00561000002BqLRAA0
Last Modified By (Name/Id): Danny Smith/00561000002BqLRAA0
************************************************************
************************************************************
FileName: reports/Regional_Reports_Americas/FY19_Regional_Officer_ID_Americas.report
FullName/Id: Regional_Reports_Americas/FY19_Regional_Officer_ID_Americas/00O610000042mXaEAI
Manageable State: unmanaged
Namespace Prefix: null
Created By (Name/Id): Danny Smith/00561000002BqLRAA0
Last Modified By (Name/Id): Danny Smith/00561000002BqLRAA0
************************************************************
************************************************************
FileName: reports/Regional_Reports_Americas/FY19_Chapter_Officers_Attd_GLC_Americas.report
FullName/Id: Regional_Reports_Americas/FY19_Chapter_Officers_Attd_GLC_Americas/00O610000042p3JEAQ
Manageable State: unmanaged
Namespace Prefix: null
Created By (Name/Id): Danny Smith/00561000002BqLRAA0
Last Modified By (Name/Id): Danny Smith/00561000002BqLRAA0
************************************************************
************************************************************
FileName: reports/Regional_Reports_Americas/FY19_Officers_Attd_CLW_Europe_Americas.report
FullName/Id: Regional_Reports_Americas/FY19_Officers_Attd_CLW_Europe_Americas/00O610000042p63EAA
Manageable State: unmanaged
Namespace Prefix: null
Created By (Name/Id): Danny Smith/00561000002BqLRAA0
Last Modified By (Name/Id): Danny Smith/00561000002BqLRAA0
************************************************************
************************************************************
FileName: reports/Regional_Reports_Americas/YPO_Chapter_Health_Metrics_Americas.report
FullName/Id: Regional_Reports_Americas/YPO_Chapter_Health_Metrics_Americas/00O610000042p8nEAA
Manageable State: unmanaged
Namespace Prefix: null
Created By (Name/Id): Danny Smith/00561000002BqLRAA0
Last Modified By (Name/Id): Danny Smith/00561000002BqLRAA0
************************************************************
************************************************************
FileName: reports/Regional_Reports_Americas/FY19_Officers_Attd_CLW_America_Americas.report
FullName/Id: Regional_Reports_Americas/FY19_Officers_Attd_CLW_America_Americas/00O610000042p4qEAA
Manageable State: unmanaged
Namespace Prefix: null
Created By (Name/Id): Danny Smith/00561000002BqLRAA0
Last Modified By (Name/Id): Danny Smith/00561000002BqLRAA0
************************************************************
************************************************************
FileName: reports/Regional_Reports_Americas/YPO_Chapter_Health_Data_Americas.report
FullName/Id: Regional_Reports_Americas/YPO_Chapter_Health_Data_Americas/00O610000042p8YEAQ
Manageable State: unmanaged
Namespace Prefix: null
Created By (Name/Id): Danny Smith/00561000002BqLRAA0
Last Modified By (Name/Id): Danny Smith/00561000002BqLRAA0
************************************************************
************************************************************
FileName: reports/Regional_Reports_Americas/FY18_Lifetime_Members_Americas1.report
FullName/Id: Regional_Reports_Americas/FY18_Lifetime_Members_Americas1/00O61000004ELP5EAO
Manageable State: unmanaged
Namespace Prefix: null
Created By (Name/Id): Danny Smith/00561000002BqLRAA0
Last Modified By (Name/Id): Danny Smith/00561000002BqLRAA0
************************************************************
************************************************************
FileName: reports/Regional_Reports_Americas/Americas_Regional_Goals.report
FullName/Id: Regional_Reports_Americas/Americas_Regional_Goals/00O6100000435o8EAA
Manageable State: unmanaged
Namespace Prefix: null
Created By (Name/Id): Danny Smith/00561000002BqLRAA0
Last Modified By (Name/Id): Danny Smith/00561000002BqLRAA0
************************************************************
************************************************************
FileName: reports/Regional_Reports_Americas/YPO_Renewal_Projection_Report_Americas.report
FullName/Id: Regional_Reports_Americas/YPO_Renewal_Projection_Report_Americas/00O61000004EL8iEAG
Manageable State: unmanaged
Namespace Prefix: null
Created By (Name/Id): Danny Smith/00561000002BqLRAA0
Last Modified By (Name/Id): Danny Smith/00561000002BqLRAA0
************************************************************
************************************************************
FileName: reports/Regional_Reports_Americas/Renewal_Report_All_Americas_Members_FY18.report
FullName/Id: Regional_Reports_Americas/Renewal_Report_All_Americas_Members_FY18/00O61000004Dy8kEAC
Manageable State: unmanaged
Namespace Prefix: null
Created By (Name/Id): Danny Smith/00561000002BqLRAA0
Last Modified By (Name/Id): Danny Smith/00561000002BqLRAA0
************************************************************
************************************************************
FileName: reports/Regional_Reports_Americas/FY18_Lifetime_Members_Americas.report
FullName/Id: Regional_Reports_Americas/FY18_Lifetime_Members_Americas/00O61000004ELEvEAO
Manageable State: unmanaged
Namespace Prefix: null
Created By (Name/Id): Danny Smith/00561000002BqLRAA0
Last Modified By (Name/Id): Danny Smith/00561000002BqLRAA0
************************************************************
************************************************************
FileName: reports/Regional_Reports_Americas/YPO_Gold_CBMS5.report
FullName/Id: Regional_Reports_Americas/YPO_Gold_CBMS5/00O610000042jQCEAY
Manageable State: unmanaged
Namespace Prefix: null
Created By (Name/Id): Danny Smith/00561000002BqLRAA0
Last Modified By (Name/Id): Danny Smith/00561000002BqLRAA0
************************************************************
************************************************************
FileName: reports/Regional_Reports_Americas/YPO_CBMS4.report
FullName/Id: Regional_Reports_Americas/YPO_CBMS4/00O610000042ky5EAA
Manageable State: unmanaged
Namespace Prefix: null
Created By (Name/Id): Danny Smith/00561000002BqLRAA0
Last Modified By (Name/Id): Danny Smith/00561000002BqLRAA0
************************************************************
