************************************************************
FileName: reports/Act_On_Importing_Reports/Personal_Networks_Council_Members.report
FullName/Id: Act_On_Importing_Reports/Personal_Networks_Council_Members/00O610000043BtsEAE
Manageable State: unmanaged
Namespace Prefix: null
Created By (Name/Id): Lauren Edwards/00561000002DoyoAAC
Last Modified By (Name/Id): Lauren Edwards/00561000002DoyoAAC
************************************************************
************************************************************
FileName: reports/Act_On_Importing_Reports/SPs_and_Members_in_a_Business_Network.report
FullName/Id: Act_On_Importing_Reports/SPs_and_Members_in_a_Business_Network/00O61000004EmZcEAK
Manageable State: unmanaged
Namespace Prefix: null
Created By (Name/Id): Lauren Edwards/00561000002DoyoAAC
Last Modified By (Name/Id): Lauren Edwards/00561000002DoyoAAC
************************************************************
************************************************************
FileName: reports/Act_On_Importing_Reports/Parents_with_Kids_ages_13_17_Sub_Network.report
FullName/Id: Act_On_Importing_Reports/Parents_with_Kids_ages_13_17_Sub_Network/00O610000049ljUEAQ
Manageable State: unmanaged
Namespace Prefix: null
Created By (Name/Id): Lauren Edwards/00561000002DoyoAAC
Last Modified By (Name/Id): Lauren Edwards/00561000002DoyoAAC
************************************************************
************************************************************
FileName: reports/Act_On_Importing_Reports/Doing_Business_in_Africa_Network.report
FullName/Id: Act_On_Importing_Reports/Doing_Business_in_Africa_Network/00O610000042r2XEAQ
Manageable State: unmanaged
Namespace Prefix: null
Created By (Name/Id): Lauren Edwards/00561000002DoyoAAC
Last Modified By (Name/Id): Lauren Edwards/00561000002DoyoAAC
************************************************************
************************************************************
FileName: reports/Act_On_Importing_Reports/Chapter_Communication_Officers.report
FullName/Id: Act_On_Importing_Reports/Chapter_Communication_Officers/00O610000046VCQEA2
Manageable State: unmanaged
Namespace Prefix: null
Created By (Name/Id): Lauren Edwards/00561000002DoyoAAC
Last Modified By (Name/Id): Lauren Edwards/00561000002DoyoAAC
************************************************************
************************************************************
FileName: reports/Act_On_Importing_Reports/Sustainable_Business_Network.report
FullName/Id: Act_On_Importing_Reports/Sustainable_Business_Network/00O610000046RJDEA2
Manageable State: unmanaged
Namespace Prefix: null
Created By (Name/Id): Lauren Edwards/00561000002DoyoAAC
Last Modified By (Name/Id): Lauren Edwards/00561000002DoyoAAC
************************************************************
************************************************************
FileName: reports/Act_On_Importing_Reports/FY18_19_Renewals_Launch_HM_Seg_05.report
FullName/Id: Act_On_Importing_Reports/FY18_19_Renewals_Launch_HM_Seg_05/00O610000049rUkEAI
Manageable State: unmanaged
Namespace Prefix: null
Created By (Name/Id): Brady Kazar/00561000002BqLgAAK
Last Modified By (Name/Id): Brady Kazar/00561000002BqLgAAK
************************************************************
************************************************************
FileName: reports/Act_On_Importing_Reports/Mentoring_Masterclass_Attendees_LCE.report
FullName/Id: Act_On_Importing_Reports/Mentoring_Masterclass_Attendees_LCE/00O610000049qcnEAA
Manageable State: unmanaged
Namespace Prefix: null
Created By (Name/Id): Lauren Edwards/00561000002DoyoAAC
Last Modified By (Name/Id): Lauren Edwards/00561000002DoyoAAC
************************************************************
************************************************************
FileName: reports/Act_On_Importing_Reports/Deal_Business_Angels_Sub_Network.report
FullName/Id: Act_On_Importing_Reports/Deal_Business_Angels_Sub_Network/00O610000042ve6EAA
Manageable State: unmanaged
Namespace Prefix: null
Created By (Name/Id): Lauren Edwards/00561000002DoyoAAC
Last Modified By (Name/Id): Lauren Edwards/00561000002DoyoAAC
************************************************************
************************************************************
FileName: reports/Act_On_Importing_Reports/X2018_Renewals_Launch_Stage_New.report
FullName/Id: Act_On_Importing_Reports/X2018_Renewals_Launch_Stage_New/00O6100000430ygEAA
Manageable State: unmanaged
Namespace Prefix: null
Created By (Name/Id): Brady Kazar/00561000002BqLgAAK
Last Modified By (Name/Id): Brady Kazar/00561000002BqLgAAK
************************************************************
************************************************************
FileName: reports/Act_On_Importing_Reports/Chapter_Admins_and_Regional_Chairs.report
FullName/Id: Act_On_Importing_Reports/Chapter_Admins_and_Regional_Chairs/00O610000042VwNEAU
Manageable State: unmanaged
Namespace Prefix: null
Created By (Name/Id): Lauren Edwards/00561000002DoyoAAC
Last Modified By (Name/Id): Lauren Edwards/00561000002DoyoAAC
************************************************************
************************************************************
FileName: reports/Act_On_Importing_Reports/members_and_SPs_attended_a_biz_event1.report
FullName/Id: Act_On_Importing_Reports/members_and_SPs_attended_a_biz_event1/00O610000042pkXEAQ
Manageable State: unmanaged
Namespace Prefix: null
Created By (Name/Id): Lauren Edwards/00561000002DoyoAAC
Last Modified By (Name/Id): Lauren Edwards/00561000002DoyoAAC
************************************************************
************************************************************
FileName: reports/Act_On_Importing_Reports/Family_Network_Members.report
FullName/Id: Act_On_Importing_Reports/Family_Network_Members/00O610000042YNgEAM
Manageable State: unmanaged
Namespace Prefix: null
Created By (Name/Id): Lauren Edwards/00561000002DoyoAAC
Last Modified By (Name/Id): Lauren Edwards/00561000002DoyoAAC
************************************************************
************************************************************
FileName: reports/Act_On_Importing_Reports/Parents_with_Kids_ages_0_5_Sub_Network.report
FullName/Id: Act_On_Importing_Reports/Parents_with_Kids_ages_0_5_Sub_Network/00O61000004ELhiEAG
Manageable State: unmanaged
Namespace Prefix: null
Created By (Name/Id): Lauren Edwards/00561000002DoyoAAC
Last Modified By (Name/Id): Lauren Edwards/00561000002DoyoAAC
************************************************************
************************************************************
FileName: reports/Act_On_Importing_Reports/FY18_19_Renewals_Launch_LT_ChapDues.report
FullName/Id: Act_On_Importing_Reports/FY18_19_Renewals_Launch_LT_ChapDues/00O610000049r2bEAA
Manageable State: unmanaged
Namespace Prefix: null
Created By (Name/Id): Brady Kazar/00561000002BqLgAAK
Last Modified By (Name/Id): Brady Kazar/00561000002BqLgAAK
************************************************************
************************************************************
FileName: reports/Act_On_Importing_Reports/Chapter_Forum_Officers32.report
FullName/Id: Act_On_Importing_Reports/Chapter_Forum_Officers32/00O61000004DyAHEA0
Manageable State: unmanaged
Namespace Prefix: null
Created By (Name/Id): Lauren Edwards/00561000002DoyoAAC
Last Modified By (Name/Id): Lauren Edwards/00561000002DoyoAAC
************************************************************
************************************************************
FileName: reports/Act_On_Importing_Reports/Deal_Network.report
FullName/Id: Act_On_Importing_Reports/Deal_Network/00O610000046RBsEAM
Manageable State: unmanaged
Namespace Prefix: null
Created By (Name/Id): Lauren Edwards/00561000002DoyoAAC
Last Modified By (Name/Id): Lauren Edwards/00561000002DoyoAAC
************************************************************
************************************************************
FileName: reports/Act_On_Importing_Reports/Business_Network_Members.report
FullName/Id: Act_On_Importing_Reports/Business_Network_Members/00O610000042pkDEAQ
Manageable State: unmanaged
Namespace Prefix: null
Created By (Name/Id): Lauren Edwards/00561000002DoyoAAC
Last Modified By (Name/Id): Lauren Edwards/00561000002DoyoAAC
************************************************************
************************************************************
FileName: reports/Act_On_Importing_Reports/Retail_Network.report
FullName/Id: Act_On_Importing_Reports/Retail_Network/00O610000046RFkEAM
Manageable State: unmanaged
Namespace Prefix: null
Created By (Name/Id): Lauren Edwards/00561000002DoyoAAC
Last Modified By (Name/Id): Lauren Edwards/00561000002DoyoAAC
************************************************************
************************************************************
FileName: reports/Act_On_Importing_Reports/Families_with_Special_Needs_Sub_Network.report
FullName/Id: Act_On_Importing_Reports/Families_with_Special_Needs_Sub_Network/00O61000004370ZEAQ
Manageable State: unmanaged
Namespace Prefix: null
Created By (Name/Id): Lauren Edwards/00561000002DoyoAAC
Last Modified By (Name/Id): Lauren Edwards/00561000002DoyoAAC
************************************************************
************************************************************
FileName: reports/Act_On_Importing_Reports/FY18_19_Renewals_Launch_ME_Seg_07.report
FullName/Id: Act_On_Importing_Reports/FY18_19_Renewals_Launch_ME_Seg_07/00O610000049rV9EAI
Manageable State: unmanaged
Namespace Prefix: null
Created By (Name/Id): Brady Kazar/00561000002BqLgAAK
Last Modified By (Name/Id): Brady Kazar/00561000002BqLgAAK
************************************************************
************************************************************
FileName: reports/Act_On_Importing_Reports/Parents_with_Kids_ages_6_12_Sub_Network.report
FullName/Id: Act_On_Importing_Reports/Parents_with_Kids_ages_6_12_Sub_Network/00O610000049o2dEAA
Manageable State: unmanaged
Namespace Prefix: null
Created By (Name/Id): Lauren Edwards/00561000002DoyoAAC
Last Modified By (Name/Id): Lauren Edwards/00561000002DoyoAAC
************************************************************
************************************************************
FileName: reports/Act_On_Importing_Reports/Spouse_Partner_Community_Network.report
FullName/Id: Act_On_Importing_Reports/Spouse_Partner_Community_Network/00O61000004EDL5EAO
Manageable State: unmanaged
Namespace Prefix: null
Created By (Name/Id): Brady Kazar/00561000002BqLgAAK
Last Modified By (Name/Id): Lauren Edwards/00561000002DoyoAAC
************************************************************
************************************************************
FileName: reports/Act_On_Importing_Reports/FY17_18_Outgoing_CMO1.report
FullName/Id: Act_On_Importing_Reports/FY17_18_Outgoing_CMO1/00O61000004EbuZEAS
Manageable State: unmanaged
Namespace Prefix: null
Created By (Name/Id): Brady Kazar/00561000002BqLgAAK
Last Modified By (Name/Id): Brady Kazar/00561000002BqLgAAK
************************************************************
************************************************************
FileName: reports/Act_On_Importing_Reports/Marketing_and_Communications_Team.report
FullName/Id: Act_On_Importing_Reports/Marketing_and_Communications_Team/00O610000042hDQEAY
Manageable State: unmanaged
Namespace Prefix: null
Created By (Name/Id): Brady Kazar/00561000002BqLgAAK
Last Modified By (Name/Id): Brady Kazar/00561000002BqLgAAK
************************************************************
************************************************************
FileName: reports/Act_On_Importing_Reports/CDA_Not_Subscribed.report
FullName/Id: Act_On_Importing_Reports/CDA_Not_Subscribed/00O6100000432mDEAQ
Manageable State: unmanaged
Namespace Prefix: null
Created By (Name/Id): Lauren Edwards/00561000002DoyoAAC
Last Modified By (Name/Id): Lauren Edwards/00561000002DoyoAAC
************************************************************
************************************************************
FileName: reports/Act_On_Importing_Reports/Water_Sports_Network.report
FullName/Id: Act_On_Importing_Reports/Water_Sports_Network/00O610000046RItEAM
Manageable State: unmanaged
Namespace Prefix: null
Created By (Name/Id): Lauren Edwards/00561000002DoyoAAC
Last Modified By (Name/Id): Lauren Edwards/00561000002DoyoAAC
************************************************************
************************************************************
FileName: reports/Act_On_Importing_Reports/Current_Chapter_Chairs.report
FullName/Id: Act_On_Importing_Reports/Current_Chapter_Chairs/00O610000046XyCEAU
Manageable State: unmanaged
Namespace Prefix: null
Created By (Name/Id): Lauren Edwards/00561000002DoyoAAC
Last Modified By (Name/Id): Lauren Edwards/00561000002DoyoAAC
************************************************************
************************************************************
FileName: reports/Act_On_Importing_Reports/LS_YPO_Board_of_Directors.report
FullName/Id: Act_On_Importing_Reports/LS_YPO_Board_of_Directors/00O610000042YEoEAM
Manageable State: unmanaged
Namespace Prefix: null
Created By (Name/Id): La Trease Shaw/00561000002ENixAAG
Last Modified By (Name/Id): La Trease Shaw/00561000002ENixAAG
************************************************************
************************************************************
FileName: reports/Act_On_Importing_Reports/Global_Diplomacy_Network.report
FullName/Id: Act_On_Importing_Reports/Global_Diplomacy_Network/00O610000046RJIEA2
Manageable State: unmanaged
Namespace Prefix: null
Created By (Name/Id): Lauren Edwards/00561000002DoyoAAC
Last Modified By (Name/Id): Lauren Edwards/00561000002DoyoAAC
************************************************************
************************************************************
FileName: reports/Act_On_Importing_Reports/Family_Networks_Council_Members.report
FullName/Id: Act_On_Importing_Reports/Family_Networks_Council_Members/00O610000043BtiEAE
Manageable State: unmanaged
Namespace Prefix: null
Created By (Name/Id): Lauren Edwards/00561000002DoyoAAC
Last Modified By (Name/Id): Lauren Edwards/00561000002DoyoAAC
************************************************************
************************************************************
FileName: reports/Act_On_Importing_Reports/All_Email_Opt_Out.report
FullName/Id: Act_On_Importing_Reports/All_Email_Opt_Out/00O61000004EVNdEAO
Manageable State: unmanaged
Namespace Prefix: null
Created By (Name/Id): Lauren Edwards/00561000002DoyoAAC
Last Modified By (Name/Id): Lauren Edwards/00561000002DoyoAAC
************************************************************
************************************************************
FileName: reports/Act_On_Importing_Reports/FY18_19_Incoming_CC1.report
FullName/Id: Act_On_Importing_Reports/FY18_19_Incoming_CC1/00O61000004EbsdEAC
Manageable State: unmanaged
Namespace Prefix: null
Created By (Name/Id): Brady Kazar/00561000002BqLgAAK
Last Modified By (Name/Id): Brady Kazar/00561000002BqLgAAK
************************************************************
************************************************************
FileName: reports/Act_On_Importing_Reports/Lesbian_Gay_Bisexual_and_Transgender.report
FullName/Id: Act_On_Importing_Reports/Lesbian_Gay_Bisexual_and_Transgender/00O610000046RHqEAM
Manageable State: unmanaged
Namespace Prefix: null
Created By (Name/Id): Lauren Edwards/00561000002DoyoAAC
Last Modified By (Name/Id): Lauren Edwards/00561000002DoyoAAC
************************************************************
************************************************************
FileName: reports/Act_On_Importing_Reports/Hospitality_Network.report
FullName/Id: Act_On_Importing_Reports/Hospitality_Network/00O610000046RDyEAM
Manageable State: unmanaged
Namespace Prefix: null
Created By (Name/Id): Lauren Edwards/00561000002DoyoAAC
Last Modified By (Name/Id): Lauren Edwards/00561000002DoyoAAC
************************************************************
************************************************************
FileName: reports/Act_On_Importing_Reports/Pacific_US_Network_Board_ExCo_Member.report
FullName/Id: Act_On_Importing_Reports/Pacific_US_Network_Board_ExCo_Member/00O61000001Zm6NEAS
Manageable State: unmanaged
Namespace Prefix: null
Created By (Name/Id): Lauren Edwards/00561000002DoyoAAC
Last Modified By (Name/Id): Lauren Edwards/00561000002DoyoAAC
************************************************************
************************************************************
FileName: reports/Act_On_Importing_Reports/Plastics_Network.report
FullName/Id: Act_On_Importing_Reports/Plastics_Network/00O610000046RFaEAM
Manageable State: unmanaged
Namespace Prefix: null
Created By (Name/Id): Lauren Edwards/00561000002DoyoAAC
Last Modified By (Name/Id): Lauren Edwards/00561000002DoyoAAC
************************************************************
************************************************************
FileName: reports/Act_On_Importing_Reports/Mems_and_Spouses_Partners_in_a_Biz_Net.report
FullName/Id: Act_On_Importing_Reports/Mems_and_Spouses_Partners_in_a_Biz_Net/00O610000042eRnEAI
Manageable State: unmanaged
Namespace Prefix: null
Created By (Name/Id): Lauren Edwards/00561000002DoyoAAC
Last Modified By (Name/Id): Lauren Edwards/00561000002DoyoAAC
************************************************************
************************************************************
FileName: reports/Act_On_Importing_Reports/Healthcare_Industry_Network.report
FullName/Id: Act_On_Importing_Reports/Healthcare_Industry_Network/00O610000046RFLEA2
Manageable State: unmanaged
Namespace Prefix: null
Created By (Name/Id): Lauren Edwards/00561000002DoyoAAC
Last Modified By (Name/Id): Lauren Edwards/00561000002DoyoAAC
************************************************************
************************************************************
FileName: reports/Act_On_Importing_Reports/FY18_19_Renewals_PLaunch_Govt_Emp.report
FullName/Id: Act_On_Importing_Reports/FY18_19_Renewals_PLaunch_Govt_Emp/00O610000049r1xEAA
Manageable State: unmanaged
Namespace Prefix: null
Created By (Name/Id): Brady Kazar/00561000002BqLgAAK
Last Modified By (Name/Id): Brady Kazar/00561000002BqLgAAK
************************************************************
************************************************************
FileName: reports/Act_On_Importing_Reports/Leadership_Development_Network.report
FullName/Id: Act_On_Importing_Reports/Leadership_Development_Network/00O610000046RFQEA2
Manageable State: unmanaged
Namespace Prefix: null
Created By (Name/Id): Lauren Edwards/00561000002DoyoAAC
Last Modified By (Name/Id): Lauren Edwards/00561000002DoyoAAC
************************************************************
************************************************************
FileName: reports/Act_On_Importing_Reports/Christian_Fellowship_Network.report
FullName/Id: Act_On_Importing_Reports/Christian_Fellowship_Network/00O610000046RIKEA2
Manageable State: unmanaged
Namespace Prefix: null
Created By (Name/Id): Lauren Edwards/00561000002DoyoAAC
Last Modified By (Name/Id): Lauren Edwards/00561000002DoyoAAC
************************************************************
************************************************************
FileName: reports/Act_On_Importing_Reports/Doing_Business_with_India_Network.report
FullName/Id: Act_On_Importing_Reports/Doing_Business_with_India_Network/00O610000046RDjEAM
Manageable State: unmanaged
Namespace Prefix: null
Created By (Name/Id): Lauren Edwards/00561000002DoyoAAC
Last Modified By (Name/Id): Lauren Edwards/00561000002DoyoAAC
************************************************************
************************************************************
FileName: reports/Act_On_Importing_Reports/Spouse_Partner_Business_Network.report
FullName/Id: Act_On_Importing_Reports/Spouse_Partner_Business_Network/00O610000046RJcEAM
Manageable State: unmanaged
Namespace Prefix: null
Created By (Name/Id): Lauren Edwards/00561000002DoyoAAC
Last Modified By (Name/Id): Lauren Edwards/00561000002DoyoAAC
************************************************************
************************************************************
FileName: reports/Act_On_Importing_Reports/Skiing_Network_LCE.report
FullName/Id: Act_On_Importing_Reports/Skiing_Network_LCE/00O610000042czqEAA
Manageable State: unmanaged
Namespace Prefix: null
Created By (Name/Id): Lauren Edwards/00561000002DoyoAAC
Last Modified By (Name/Id): Lauren Edwards/00561000002DoyoAAC
************************************************************
************************************************************
FileName: reports/Act_On_Importing_Reports/Musicians_Network.report
FullName/Id: Act_On_Importing_Reports/Musicians_Network/00O610000046RIeEAM
Manageable State: unmanaged
Namespace Prefix: null
Created By (Name/Id): Lauren Edwards/00561000002DoyoAAC
Last Modified By (Name/Id): Lauren Edwards/00561000002DoyoAAC
************************************************************
************************************************************
FileName: reports/Act_On_Importing_Reports/Wine_Network_Lauren.report
FullName/Id: Act_On_Importing_Reports/Wine_Network_Lauren/00O610000042XpZEAU
Manageable State: unmanaged
Namespace Prefix: null
Created By (Name/Id): Lauren Edwards/00561000002DoyoAAC
Last Modified By (Name/Id): Lauren Edwards/00561000002DoyoAAC
************************************************************
************************************************************
FileName: reports/Act_On_Importing_Reports/FY18_19_Renewals_Launch_HE_Seg_02.report
FullName/Id: Act_On_Importing_Reports/FY18_19_Renewals_Launch_HE_Seg_02/00O610000049rUBEAY
Manageable State: unmanaged
Namespace Prefix: null
Created By (Name/Id): Brady Kazar/00561000002BqLgAAK
Last Modified By (Name/Id): Brady Kazar/00561000002BqLgAAK
************************************************************
************************************************************
FileName: reports/Act_On_Importing_Reports/Social_Engagement_Network.report
FullName/Id: Act_On_Importing_Reports/Social_Engagement_Network/00O610000046RJ3EAM
Manageable State: unmanaged
Namespace Prefix: null
Created By (Name/Id): Lauren Edwards/00561000002DoyoAAC
Last Modified By (Name/Id): Lauren Edwards/00561000002DoyoAAC
************************************************************
************************************************************
FileName: reports/Act_On_Importing_Reports/Manufacturing_Excellence_Network.report
FullName/Id: Act_On_Importing_Reports/Manufacturing_Excellence_Network/00O610000046RENEA2
Manageable State: unmanaged
Namespace Prefix: null
Created By (Name/Id): Lauren Edwards/00561000002DoyoAAC
Last Modified By (Name/Id): Lauren Edwards/00561000002DoyoAAC
************************************************************
************************************************************
FileName: reports/Act_On_Importing_Reports/Spouses_Partners_Events_Attended.report
FullName/Id: Act_On_Importing_Reports/Spouses_Partners_Events_Attended/00O610000042gs3EAA
Manageable State: unmanaged
Namespace Prefix: null
Created By (Name/Id): Lauren Edwards/00561000002DoyoAAC
Last Modified By (Name/Id): Lauren Edwards/00561000002DoyoAAC
************************************************************
************************************************************
FileName: reports/Act_On_Importing_Reports/All_Spouses_Partners_excl_SPCN_Members.report
FullName/Id: Act_On_Importing_Reports/All_Spouses_Partners_excl_SPCN_Members/00O61000004ELtoEAG
Manageable State: unmanaged
Namespace Prefix: null
Created By (Name/Id): Lauren Edwards/00561000002DoyoAAC
Last Modified By (Name/Id): Lauren Edwards/00561000002DoyoAAC
************************************************************
************************************************************
FileName: reports/Act_On_Importing_Reports/YPO_Board.report
FullName/Id: Act_On_Importing_Reports/YPO_Board/00O610000043BltEAE
Manageable State: unmanaged
Namespace Prefix: null
Created By (Name/Id): Lauren Edwards/00561000002DoyoAAC
Last Modified By (Name/Id): Lauren Edwards/00561000002DoyoAAC
************************************************************
************************************************************
FileName: reports/Act_On_Importing_Reports/CDA_Reminder.report
FullName/Id: Act_On_Importing_Reports/CDA_Reminder/00O6100000436tsEAA
Manageable State: unmanaged
Namespace Prefix: null
Created By (Name/Id): Leah Heidema/00561000001udQyAAI
Last Modified By (Name/Id): Leah Heidema/00561000001udQyAAI
************************************************************
************************************************************
FileName: reports/Act_On_Importing_Reports/FY18_19_Incoming_CMO1.report
FullName/Id: Act_On_Importing_Reports/FY18_19_Incoming_CMO1/00O61000004EbuoEAC
Manageable State: unmanaged
Namespace Prefix: null
Created By (Name/Id): Brady Kazar/00561000002BqLgAAK
Last Modified By (Name/Id): Brady Kazar/00561000002BqLgAAK
************************************************************
************************************************************
FileName: reports/Act_On_Importing_Reports/Personal_Investing_Network.report
FullName/Id: Act_On_Importing_Reports/Personal_Investing_Network/00O610000046RHvEAM
Manageable State: unmanaged
Namespace Prefix: null
Created By (Name/Id): Lauren Edwards/00561000002DoyoAAC
Last Modified By (Name/Id): Lauren Edwards/00561000002DoyoAAC
************************************************************
************************************************************
FileName: reports/Act_On_Importing_Reports/Doing_Business_Globally_Network.report
FullName/Id: Act_On_Importing_Reports/Doing_Business_Globally_Network/00O610000046RCMEA2
Manageable State: unmanaged
Namespace Prefix: null
Created By (Name/Id): Lauren Edwards/00561000002DoyoAAC
Last Modified By (Name/Id): Lauren Edwards/00561000002DoyoAAC
************************************************************
************************************************************
FileName: reports/Act_On_Importing_Reports/Skiing_Network1.report
FullName/Id: Act_On_Importing_Reports/Skiing_Network1/00O610000042czlEAA
Manageable State: unmanaged
Namespace Prefix: null
Created By (Name/Id): Lauren Edwards/00561000002DoyoAAC
Last Modified By (Name/Id): Lauren Edwards/00561000002DoyoAAC
************************************************************
************************************************************
FileName: reports/Act_On_Importing_Reports/Fine_Dining_Network.report
FullName/Id: Act_On_Importing_Reports/Fine_Dining_Network/00O610000046RIUEA2
Manageable State: unmanaged
Namespace Prefix: null
Created By (Name/Id): Lauren Edwards/00561000002DoyoAAC
Last Modified By (Name/Id): Lauren Edwards/00561000002DoyoAAC
************************************************************
************************************************************
FileName: reports/Act_On_Importing_Reports/YPO_Committees.report
FullName/Id: Act_On_Importing_Reports/YPO_Committees/00O610000046QUYEA2
Manageable State: unmanaged
Namespace Prefix: null
Created By (Name/Id): Lauren Edwards/00561000002DoyoAAC
Last Modified By (Name/Id): Lauren Edwards/00561000002DoyoAAC
************************************************************
************************************************************
FileName: reports/Act_On_Importing_Reports/Business_Joined_Report.report
FullName/Id: Act_On_Importing_Reports/Business_Joined_Report/00O610000042vDAEAY
Manageable State: unmanaged
Namespace Prefix: null
Created By (Name/Id): Lauren Edwards/00561000002DoyoAAC
Last Modified By (Name/Id): Lauren Edwards/00561000002DoyoAAC
************************************************************
************************************************************
FileName: reports/Act_On_Importing_Reports/Food_and_Beverage_Network.report
FullName/Id: Act_On_Importing_Reports/Food_and_Beverage_Network/00O610000046WUpEAM
Manageable State: unmanaged
Namespace Prefix: null
Created By (Name/Id): Lauren Edwards/00561000002DoyoAAC
Last Modified By (Name/Id): Lauren Edwards/00561000002DoyoAAC
************************************************************
************************************************************
FileName: reports/Act_On_Importing_Reports/Wine_Network1.report
FullName/Id: Act_On_Importing_Reports/Wine_Network1/00O610000042XpUEAU
Manageable State: unmanaged
Namespace Prefix: null
Created By (Name/Id): Lauren Edwards/00561000002DoyoAAC
Last Modified By (Name/Id): Lauren Edwards/00561000002DoyoAAC
************************************************************
************************************************************
FileName: reports/Act_On_Importing_Reports/Automotive_Network.report
FullName/Id: Act_On_Importing_Reports/Automotive_Network/00O610000046RBYEA2
Manageable State: unmanaged
Namespace Prefix: null
Created By (Name/Id): Lauren Edwards/00561000002DoyoAAC
Last Modified By (Name/Id): Lauren Edwards/00561000002DoyoAAC
************************************************************
************************************************************
FileName: reports/Act_On_Importing_Reports/Chapter_Chairs5.report
FullName/Id: Act_On_Importing_Reports/Chapter_Chairs5/00O61000004DyBAEA0
Manageable State: unmanaged
Namespace Prefix: null
Created By (Name/Id): Lauren Edwards/00561000002DoyoAAC
Last Modified By (Name/Id): Lauren Edwards/00561000002DoyoAAC
************************************************************
************************************************************
FileName: reports/Act_On_Importing_Reports/Run_Bike_Swim_Network.report
FullName/Id: Act_On_Importing_Reports/Run_Bike_Swim_Network/00O610000046RI5EAM
Manageable State: unmanaged
Namespace Prefix: null
Created By (Name/Id): Lauren Edwards/00561000002DoyoAAC
Last Modified By (Name/Id): Lauren Edwards/00561000002DoyoAAC
************************************************************
************************************************************
FileName: reports/Act_On_Importing_Reports/Digital_Marketing_Media_Network.report
FullName/Id: Act_On_Importing_Reports/Digital_Marketing_Media_Network/00O610000046REwEAM
Manageable State: unmanaged
Namespace Prefix: null
Created By (Name/Id): Lauren Edwards/00561000002DoyoAAC
Last Modified By (Name/Id): Lauren Edwards/00561000002DoyoAAC
************************************************************
************************************************************
FileName: reports/Act_On_Importing_Reports/Singles_Network.report
FullName/Id: Act_On_Importing_Reports/Singles_Network/00O610000046RIyEAM
Manageable State: unmanaged
Namespace Prefix: null
Created By (Name/Id): Lauren Edwards/00561000002DoyoAAC
Last Modified By (Name/Id): Lauren Edwards/00561000002DoyoAAC
************************************************************
************************************************************
FileName: reports/Act_On_Importing_Reports/Golf_Network.report
FullName/Id: Act_On_Importing_Reports/Golf_Network/00O610000046RHlEAM
Manageable State: unmanaged
Namespace Prefix: null
Created By (Name/Id): Lauren Edwards/00561000002DoyoAAC
Last Modified By (Name/Id): Lauren Edwards/00561000002DoyoAAC
************************************************************
************************************************************
FileName: reports/Act_On_Importing_Reports/Real_Estate_Industry_Network.report
FullName/Id: Act_On_Importing_Reports/Real_Estate_Industry_Network/00O610000046REhEAM
Manageable State: unmanaged
Namespace Prefix: null
Created By (Name/Id): Lauren Edwards/00561000002DoyoAAC
Last Modified By (Name/Id): Lauren Edwards/00561000002DoyoAAC
************************************************************
************************************************************
FileName: reports/Act_On_Importing_Reports/Members_and_SPs_in_a_Family_Network.report
FullName/Id: Act_On_Importing_Reports/Members_and_SPs_in_a_Family_Network/00O610000042guTEAQ
Manageable State: unmanaged
Namespace Prefix: null
Created By (Name/Id): Lauren Edwards/00561000002DoyoAAC
Last Modified By (Name/Id): Lauren Edwards/00561000002DoyoAAC
************************************************************
************************************************************
FileName: reports/Act_On_Importing_Reports/Entertainment_Industry_Network.report
FullName/Id: Act_On_Importing_Reports/Entertainment_Industry_Network/00O610000046RFBEA2
Manageable State: unmanaged
Namespace Prefix: null
Created By (Name/Id): Lauren Edwards/00561000002DoyoAAC
Last Modified By (Name/Id): Lauren Edwards/00561000002DoyoAAC
************************************************************
************************************************************
FileName: reports/Act_On_Importing_Reports/Travel_Network.report
FullName/Id: Act_On_Importing_Reports/Travel_Network/00O610000046RIoEAM
Manageable State: unmanaged
Namespace Prefix: null
Created By (Name/Id): Lauren Edwards/00561000002DoyoAAC
Last Modified By (Name/Id): Lauren Edwards/00561000002DoyoAAC
************************************************************
************************************************************
FileName: reports/Act_On_Importing_Reports/Northeastern_US_YPO_and_YPO_Gold_REX.report
FullName/Id: Act_On_Importing_Reports/Northeastern_US_YPO_and_YPO_Gold_REX/00O61000004EjInEAK
Manageable State: unmanaged
Namespace Prefix: null
Created By (Name/Id): Lauren Edwards/00561000002DoyoAAC
Last Modified By (Name/Id): Lauren Edwards/00561000002DoyoAAC
************************************************************
************************************************************
FileName: reports/Act_On_Importing_Reports/Entrepreneurship_and_Innovation_Network.report
FullName/Id: Act_On_Importing_Reports/Entrepreneurship_and_Innovation_Network/00O610000046RDoEAM
Manageable State: unmanaged
Namespace Prefix: null
Created By (Name/Id): Lauren Edwards/00561000002DoyoAAC
Last Modified By (Name/Id): Lauren Edwards/00561000002DoyoAAC
************************************************************
************************************************************
FileName: reports/Act_On_Importing_Reports/X2018_Singapore_GLC_Registrants.report
FullName/Id: Act_On_Importing_Reports/X2018_Singapore_GLC_Registrants/00O6100000436V7EAI
Manageable State: unmanaged
Namespace Prefix: null
Created By (Name/Id): Brady Kazar/00561000002BqLgAAK
Last Modified By (Name/Id): Kelli Do/00561000001PrKOAA0
************************************************************
************************************************************
FileName: reports/Act_On_Importing_Reports/Members_in_a_Network.report
FullName/Id: Act_On_Importing_Reports/Members_in_a_Network/00O61000004Dy8VEAS
Manageable State: unmanaged
Namespace Prefix: null
Created By (Name/Id): Lauren Edwards/00561000002DoyoAAC
Last Modified By (Name/Id): Lauren Edwards/00561000002DoyoAAC
************************************************************
************************************************************
FileName: reports/Act_On_Importing_Reports/Management_Team_Members.report
FullName/Id: Act_On_Importing_Reports/Management_Team_Members/00O610000046O4JEAU
Manageable State: unmanaged
Namespace Prefix: null
Created By (Name/Id): Lauren Edwards/00561000002DoyoAAC
Last Modified By (Name/Id): Brady Kazar/00561000002BqLgAAK
************************************************************
************************************************************
FileName: reports/Act_On_Importing_Reports/Financial_Services_Network.report
FullName/Id: Act_On_Importing_Reports/Financial_Services_Network/00O610000046RDtEAM
Manageable State: unmanaged
Namespace Prefix: null
Created By (Name/Id): Lauren Edwards/00561000002DoyoAAC
Last Modified By (Name/Id): Lauren Edwards/00561000002DoyoAAC
************************************************************
************************************************************
FileName: reports/Act_On_Importing_Reports/Mentoring_Masterclass_Attendees2.report
FullName/Id: Act_On_Importing_Reports/Mentoring_Masterclass_Attendees2/00O610000049qciEAA
Manageable State: unmanaged
Namespace Prefix: null
Created By (Name/Id): Lauren Edwards/00561000002DoyoAAC
Last Modified By (Name/Id): Lauren Edwards/00561000002DoyoAAC
************************************************************
************************************************************
FileName: reports/Act_On_Importing_Reports/Technology_Network.report
FullName/Id: Act_On_Importing_Reports/Technology_Network/00O610000046REDEA2
Manageable State: unmanaged
Namespace Prefix: null
Created By (Name/Id): Lauren Edwards/00561000002DoyoAAC
Last Modified By (Name/Id): Lauren Edwards/00561000002DoyoAAC
************************************************************
************************************************************
FileName: reports/Act_On_Importing_Reports/Chapter_Network_Officers_LCE.report
FullName/Id: Act_On_Importing_Reports/Chapter_Network_Officers_LCE/00O610000049pbAEAQ
Manageable State: unmanaged
Namespace Prefix: null
Created By (Name/Id): Lauren Edwards/00561000002DoyoAAC
Last Modified By (Name/Id): Lauren Edwards/00561000002DoyoAAC
************************************************************
************************************************************
FileName: reports/Act_On_Importing_Reports/Marcom_Minus_Tony.report
FullName/Id: Act_On_Importing_Reports/Marcom_Minus_Tony/00O6100000434lgEAA
Manageable State: unmanaged
Namespace Prefix: null
Created By (Name/Id): Brady Kazar/00561000002BqLgAAK
Last Modified By (Name/Id): Brady Kazar/00561000002BqLgAAK
************************************************************
************************************************************
FileName: reports/Act_On_Importing_Reports/FY18_19_Renewals_Launch_HE_Seg_04.report
FullName/Id: Act_On_Importing_Reports/FY18_19_Renewals_Launch_HE_Seg_04/00O610000049rUVEAY
Manageable State: unmanaged
Namespace Prefix: null
Created By (Name/Id): Brady Kazar/00561000002BqLgAAK
Last Modified By (Name/Id): Brady Kazar/00561000002BqLgAAK
************************************************************
************************************************************
FileName: reports/Act_On_Importing_Reports/FY18_19_Rene_Launch_LT_NonChapDues2.report
FullName/Id: Act_On_Importing_Reports/FY18_19_Rene_Launch_LT_NonChapDues2/00O610000049r2lEAA
Manageable State: unmanaged
Namespace Prefix: null
Created By (Name/Id): Brady Kazar/00561000002BqLgAAK
Last Modified By (Name/Id): Brady Kazar/00561000002BqLgAAK
************************************************************
************************************************************
FileName: reports/Act_On_Importing_Reports/Helping_Disadvantaged_Kids_Network.report
FullName/Id: Act_On_Importing_Reports/Helping_Disadvantaged_Kids_Network/00O610000046RJ8EAM
Manageable State: unmanaged
Namespace Prefix: null
Created By (Name/Id): Lauren Edwards/00561000002DoyoAAC
Last Modified By (Name/Id): Lauren Edwards/00561000002DoyoAAC
************************************************************
************************************************************
FileName: reports/Act_On_Importing_Reports/Chapter_Administrators_LCE.report
FullName/Id: Act_On_Importing_Reports/Chapter_Administrators_LCE/00O610000042cjJEAQ
Manageable State: unmanaged
Namespace Prefix: null
Created By (Name/Id): Lauren Edwards/00561000002DoyoAAC
Last Modified By (Name/Id): Lauren Edwards/00561000002DoyoAAC
************************************************************
************************************************************
FileName: reports/Act_On_Importing_Reports/members_and_SPs_attended_a_biz_event.report
FullName/Id: Act_On_Importing_Reports/members_and_SPs_attended_a_biz_event/00O610000042hJTEAY
Manageable State: unmanaged
Namespace Prefix: null
Created By (Name/Id): Lauren Edwards/00561000002DoyoAAC
Last Modified By (Name/Id): Lauren Edwards/00561000002DoyoAAC
************************************************************
************************************************************
FileName: reports/Act_On_Importing_Reports/FY18_19_Renewals_PLaunch_Third_Party.report
FullName/Id: Act_On_Importing_Reports/FY18_19_Renewals_PLaunch_Third_Party/00O610000049qOREAY
Manageable State: unmanaged
Namespace Prefix: null
Created By (Name/Id): Brady Kazar/00561000002BqLgAAK
Last Modified By (Name/Id): Brady Kazar/00561000002BqLgAAK
************************************************************
************************************************************
FileName: reports/Act_On_Importing_Reports/Network_and_Regional_Officers.report
FullName/Id: Act_On_Importing_Reports/Network_and_Regional_Officers/00O61000004DyA7EAK
Manageable State: unmanaged
Namespace Prefix: null
Created By (Name/Id): Lauren Edwards/00561000002DoyoAAC
Last Modified By (Name/Id): Lauren Edwards/00561000002DoyoAAC
************************************************************
************************************************************
FileName: reports/Act_On_Importing_Reports/Members_SPs_all_events_attended.report
FullName/Id: Act_On_Importing_Reports/Members_SPs_all_events_attended/00O610000046Q70EAE
Manageable State: unmanaged
Namespace Prefix: null
Created By (Name/Id): Lauren Edwards/00561000002DoyoAAC
Last Modified By (Name/Id): Lauren Edwards/00561000002DoyoAAC
************************************************************
************************************************************
FileName: reports/Act_On_Importing_Reports/Social_Impact_Networks_Council_Members.report
FullName/Id: Act_On_Importing_Reports/Social_Impact_Networks_Council_Members/00O610000043BtxEAE
Manageable State: unmanaged
Namespace Prefix: null
Created By (Name/Id): Lauren Edwards/00561000002DoyoAAC
Last Modified By (Name/Id): Lauren Edwards/00561000002DoyoAAC
************************************************************
************************************************************
FileName: reports/Act_On_Importing_Reports/Family_Business_Network.report
FullName/Id: Act_On_Importing_Reports/Family_Business_Network/00O610000046RFGEA2
Manageable State: unmanaged
Namespace Prefix: null
Created By (Name/Id): Lauren Edwards/00561000002DoyoAAC
Last Modified By (Name/Id): Lauren Edwards/00561000002DoyoAAC
************************************************************
************************************************************
FileName: reports/Act_On_Importing_Reports/X2018_Renewals_Members.report
FullName/Id: Act_On_Importing_Reports/X2018_Renewals_Members/00O6100000430u0EAA
Manageable State: unmanaged
Namespace Prefix: null
Created By (Name/Id): Brady Kazar/00561000002BqLgAAK
Last Modified By (Name/Id): Brady Kazar/00561000002BqLgAAK
************************************************************
************************************************************
FileName: reports/Act_On_Importing_Reports/Profile_Updates.report
FullName/Id: Act_On_Importing_Reports/Profile_Updates/00O610000043E0WEAU
Manageable State: unmanaged
Namespace Prefix: null
Created By (Name/Id): Brady Kazar/00561000002BqLgAAK
Last Modified By (Name/Id): Brady Kazar/00561000002BqLgAAK
************************************************************
************************************************************
FileName: reports/Act_On_Importing_Reports/FY18_19_Renewals_Launch_HE_Seg_03.report
FullName/Id: Act_On_Importing_Reports/FY18_19_Renewals_Launch_HE_Seg_03/00O610000049rULEAY
Manageable State: unmanaged
Namespace Prefix: null
Created By (Name/Id): Brady Kazar/00561000002BqLgAAK
Last Modified By (Name/Id): Brady Kazar/00561000002BqLgAAK
************************************************************
************************************************************
FileName: reports/Act_On_Importing_Reports/EDGE_Speaker_Email_1_Events_Attended.report
FullName/Id: Act_On_Importing_Reports/EDGE_Speaker_Email_1_Events_Attended/00O610000042VuvEAE
Manageable State: unmanaged
Namespace Prefix: null
Created By (Name/Id): Lauren Edwards/00561000002DoyoAAC
Last Modified By (Name/Id): Lauren Edwards/00561000002DoyoAAC
************************************************************
************************************************************
FileName: reports/Act_On_Importing_Reports/X2018_Renewals_By_Stage.report
FullName/Id: Act_On_Importing_Reports/X2018_Renewals_By_Stage/00O6100000430vrEAA
Manageable State: unmanaged
Namespace Prefix: null
Created By (Name/Id): Brady Kazar/00561000002BqLgAAK
Last Modified By (Name/Id): Brady Kazar/00561000002BqLgAAK
************************************************************
************************************************************
FileName: reports/Act_On_Importing_Reports/Golf_Network1.report
FullName/Id: Act_On_Importing_Reports/Golf_Network1/00O610000042qVsEAI
Manageable State: unmanaged
Namespace Prefix: null
Created By (Name/Id): Lauren Edwards/00561000002DoyoAAC
Last Modified By (Name/Id): Lauren Edwards/00561000002DoyoAAC
************************************************************
************************************************************
FileName: reports/Act_On_Importing_Reports/Peace_Action_Network.report
FullName/Id: Act_On_Importing_Reports/Peace_Action_Network/00O610000046RJNEA2
Manageable State: unmanaged
Namespace Prefix: null
Created By (Name/Id): Lauren Edwards/00561000002DoyoAAC
Last Modified By (Name/Id): Lauren Edwards/00561000002DoyoAAC
************************************************************
************************************************************
FileName: reports/Act_On_Importing_Reports/Photography_Network.report
FullName/Id: Act_On_Importing_Reports/Photography_Network/00O610000046RIjEAM
Manageable State: unmanaged
Namespace Prefix: null
Created By (Name/Id): Lauren Edwards/00561000002DoyoAAC
Last Modified By (Name/Id): Lauren Edwards/00561000002DoyoAAC
************************************************************
************************************************************
FileName: reports/Act_On_Importing_Reports/Members_and_SPs_attended_biz_event_6m.report
FullName/Id: Act_On_Importing_Reports/Members_and_SPs_attended_biz_event_6m/00O61000004DyY9EAK
Manageable State: unmanaged
Namespace Prefix: null
Created By (Name/Id): Lauren Edwards/00561000002DoyoAAC
Last Modified By (Name/Id): Lauren Edwards/00561000002DoyoAAC
************************************************************
************************************************************
FileName: reports/Act_On_Importing_Reports/Parenting_Network.report
FullName/Id: Act_On_Importing_Reports/Parenting_Network/00O610000046RJXEA2
Manageable State: unmanaged
Namespace Prefix: null
Created By (Name/Id): Lauren Edwards/00561000002DoyoAAC
Last Modified By (Name/Id): Lauren Edwards/00561000002DoyoAAC
************************************************************
************************************************************
FileName: reports/Act_On_Importing_Reports/X07_23_18_gcc_amazon_disruption_3822.report
FullName/Id: Act_On_Importing_Reports/X07_23_18_gcc_amazon_disruption_3822/00O61000004Eoo5EAC
Manageable State: unmanaged
Namespace Prefix: null
Created By (Name/Id): Lauren Edwards/00561000002DoyoAAC
Last Modified By (Name/Id): Lauren Edwards/00561000002DoyoAAC
************************************************************
************************************************************
FileName: reports/Act_On_Importing_Reports/EMEA_EDGE_Email_1.report
FullName/Id: Act_On_Importing_Reports/EMEA_EDGE_Email_1/00O61000004Eo55EAC
Manageable State: unmanaged
Namespace Prefix: null
Created By (Name/Id): Lauren Edwards/00561000002DoyoAAC
Last Modified By (Name/Id): Lauren Edwards/00561000002DoyoAAC
************************************************************
************************************************************
FileName: reports/Act_On_Importing_Reports/Members_and_SPs_in_a_SEN.report
FullName/Id: Act_On_Importing_Reports/Members_and_SPs_in_a_SEN/00O610000042iyXEAQ
Manageable State: unmanaged
Namespace Prefix: null
Created By (Name/Id): Lauren Edwards/00561000002DoyoAAC
Last Modified By (Name/Id): Lauren Edwards/00561000002DoyoAAC
************************************************************
************************************************************
FileName: reports/Act_On_Importing_Reports/CDA_Subscribed.report
FullName/Id: Act_On_Importing_Reports/CDA_Subscribed/00O6100000432mNEAQ
Manageable State: unmanaged
Namespace Prefix: null
Created By (Name/Id): Lauren Edwards/00561000002DoyoAAC
Last Modified By (Name/Id): Lauren Edwards/00561000002DoyoAAC
************************************************************
************************************************************
FileName: reports/Act_On_Importing_Reports/All_member.report
FullName/Id: Act_On_Importing_Reports/All_member/00O610000042SNZEA2
Manageable State: unmanaged
Namespace Prefix: null
Created By (Name/Id): Lauren Edwards/00561000002DoyoAAC
Last Modified By (Name/Id): Lauren Edwards/00561000002DoyoAAC
************************************************************
************************************************************
FileName: reports/Act_On_Importing_Reports/Event_Registrations1.report
FullName/Id: Act_On_Importing_Reports/Event_Registrations1/00O610000042MjyEAE
Manageable State: unmanaged
Namespace Prefix: null
Created By (Name/Id): Lauren Edwards/00561000002DoyoAAC
Last Modified By (Name/Id): Lauren Edwards/00561000002DoyoAAC
************************************************************
************************************************************
FileName: reports/Act_On_Importing_Reports/Networks_Affiliations.report
FullName/Id: Act_On_Importing_Reports/Networks_Affiliations/00O610000042YJyEAM
Manageable State: unmanaged
Namespace Prefix: null
Created By (Name/Id): Lauren Edwards/00561000002DoyoAAC
Last Modified By (Name/Id): Lauren Edwards/00561000002DoyoAAC
************************************************************
************************************************************
FileName: reports/Act_On_Importing_Reports/Wine_Network.report
FullName/Id: Act_On_Importing_Reports/Wine_Network/00O610000046RIAEA2
Manageable State: unmanaged
Namespace Prefix: null
Created By (Name/Id): Lauren Edwards/00561000002DoyoAAC
Last Modified By (Name/Id): Lauren Edwards/00561000002DoyoAAC
************************************************************
************************************************************
FileName: reports/Act_On_Importing_Reports/Chapter_Network_Officers.report
FullName/Id: Act_On_Importing_Reports/Chapter_Network_Officers/00O610000049paqEAA
Manageable State: unmanaged
Namespace Prefix: null
Created By (Name/Id): Lauren Edwards/00561000002DoyoAAC
Last Modified By (Name/Id): Lauren Edwards/00561000002DoyoAAC
************************************************************
************************************************************
FileName: reports/Act_On_Importing_Reports/Business_Networks_Council.report
FullName/Id: Act_On_Importing_Reports/Business_Networks_Council/00O610000043BtdEAE
Manageable State: unmanaged
Namespace Prefix: null
Created By (Name/Id): Lauren Edwards/00561000002DoyoAAC
Last Modified By (Name/Id): Lauren Edwards/00561000002DoyoAAC
************************************************************
************************************************************
FileName: reports/Act_On_Importing_Reports/FY18_19_Renewals_Launch_All_LT.report
FullName/Id: Act_On_Importing_Reports/FY18_19_Renewals_Launch_All_LT/00O610000049r2MEAQ
Manageable State: unmanaged
Namespace Prefix: null
Created By (Name/Id): Brady Kazar/00561000002BqLgAAK
Last Modified By (Name/Id): Brady Kazar/00561000002BqLgAAK
************************************************************
************************************************************
FileName: reports/Act_On_Importing_Reports/Art_Network.report
FullName/Id: Act_On_Importing_Reports/Art_Network/00O610000042zVNEAY
Manageable State: unmanaged
Namespace Prefix: null
Created By (Name/Id): Lauren Edwards/00561000002DoyoAAC
Last Modified By (Name/Id): Lauren Edwards/00561000002DoyoAAC
************************************************************
************************************************************
FileName: reports/Act_On_Importing_Reports/Spouses_Partners_in_a_Personal_Network.report
FullName/Id: Act_On_Importing_Reports/Spouses_Partners_in_a_Personal_Network/00O610000042groEAA
Manageable State: unmanaged
Namespace Prefix: null
Created By (Name/Id): Lauren Edwards/00561000002DoyoAAC
Last Modified By (Name/Id): Lauren Edwards/00561000002DoyoAAC
************************************************************
************************************************************
FileName: reports/Act_On_Importing_Reports/FY18_19_Renewals_Launch_HE_Seg_01.report
FullName/Id: Act_On_Importing_Reports/FY18_19_Renewals_Launch_HE_Seg_01/00O610000049r3FEAQ
Manageable State: unmanaged
Namespace Prefix: null
Created By (Name/Id): Brady Kazar/00561000002BqLgAAK
Last Modified By (Name/Id): Brady Kazar/00561000002BqLgAAK
************************************************************
************************************************************
FileName: reports/Act_On_Importing_Reports/FY18_19_Renewals_Launch_HM_Seg_06.report
FullName/Id: Act_On_Importing_Reports/FY18_19_Renewals_Launch_HM_Seg_06/00O610000049rUuEAI
Manageable State: unmanaged
Namespace Prefix: null
Created By (Name/Id): Brady Kazar/00561000002BqLgAAK
Last Modified By (Name/Id): Brady Kazar/00561000002BqLgAAK
************************************************************
************************************************************
FileName: reports/Act_On_Importing_Reports/Thriving_Communities_Network.report
FullName/Id: Act_On_Importing_Reports/Thriving_Communities_Network/00O610000046RJSEA2
Manageable State: unmanaged
Namespace Prefix: null
Created By (Name/Id): Lauren Edwards/00561000002DoyoAAC
Last Modified By (Name/Id): Lauren Edwards/00561000002DoyoAAC
************************************************************
************************************************************
FileName: reports/Act_On_Importing_Reports/Hunting_Fishing_Conservation_Network.report
FullName/Id: Act_On_Importing_Reports/Hunting_Fishing_Conservation_Network/00O610000046RIZEA2
Manageable State: unmanaged
Namespace Prefix: null
Created By (Name/Id): Lauren Edwards/00561000002DoyoAAC
Last Modified By (Name/Id): Lauren Edwards/00561000002DoyoAAC
************************************************************
************************************************************
FileName: reports/Act_On_Importing_Reports/Network_Chairs2.report
FullName/Id: Act_On_Importing_Reports/Network_Chairs2/00O610000049qa3EAA
Manageable State: unmanaged
Namespace Prefix: null
Created By (Name/Id): Lauren Edwards/00561000002DoyoAAC
Last Modified By (Name/Id): Lauren Edwards/00561000002DoyoAAC
************************************************************
************************************************************
FileName: reports/Act_On_Importing_Reports/Skiing_Network.report
FullName/Id: Act_On_Importing_Reports/Skiing_Network/00O610000046RI0EAM
Manageable State: unmanaged
Namespace Prefix: null
Created By (Name/Id): Lauren Edwards/00561000002DoyoAAC
Last Modified By (Name/Id): Lauren Edwards/00561000002DoyoAAC
************************************************************
************************************************************
FileName: reports/Act_On_Importing_Reports/Women_s_Business_Network_2.report
FullName/Id: Act_On_Importing_Reports/Women_s_Business_Network_2/00O61000004ESKqEAO
Manageable State: unmanaged
Namespace Prefix: null
Created By (Name/Id): Lauren Edwards/00561000002DoyoAAC
Last Modified By (Name/Id): Lauren Edwards/00561000002DoyoAAC
************************************************************
************************************************************
FileName: reports/Act_On_Importing_Reports/Members_in_a_Personal_Network.report
FullName/Id: Act_On_Importing_Reports/Members_in_a_Personal_Network/00O610000042VhrEAE
Manageable State: unmanaged
Namespace Prefix: null
Created By (Name/Id): Lauren Edwards/00561000002DoyoAAC
Last Modified By (Name/Id): Lauren Edwards/00561000002DoyoAAC
************************************************************
************************************************************
FileName: reports/Act_On_Importing_Reports/Network_Chairs_LCE.report
FullName/Id: Act_On_Importing_Reports/Network_Chairs_LCE/00O610000049qa8EAA
Manageable State: unmanaged
Namespace Prefix: null
Created By (Name/Id): Lauren Edwards/00561000002DoyoAAC
Last Modified By (Name/Id): Lauren Edwards/00561000002DoyoAAC
************************************************************
************************************************************
FileName: reports/Act_On_Importing_Reports/FY17_18_Outgoing_CC1.report
FullName/Id: Act_On_Importing_Reports/FY17_18_Outgoing_CC1/00O61000004EbsxEAC
Manageable State: unmanaged
Namespace Prefix: null
Created By (Name/Id): Brady Kazar/00561000002BqLgAAK
Last Modified By (Name/Id): Brady Kazar/00561000002BqLgAAK
************************************************************
************************************************************
FileName: reports/Act_On_Importing_Reports/Spouses_Partners_in_Networks1.report
FullName/Id: Act_On_Importing_Reports/Spouses_Partners_in_Networks1/00O610000046QEkEAM
Manageable State: unmanaged
Namespace Prefix: null
Created By (Name/Id): Lauren Edwards/00561000002DoyoAAC
Last Modified By (Name/Id): Lauren Edwards/00561000002DoyoAAC
************************************************************
************************************************************
FileName: reports/Act_On_Importing_Reports/Construction_Industry_Network.report
FullName/Id: Act_On_Importing_Reports/Construction_Industry_Network/00O610000046RErEAM
Manageable State: unmanaged
Namespace Prefix: null
Created By (Name/Id): Lauren Edwards/00561000002DoyoAAC
Last Modified By (Name/Id): Lauren Edwards/00561000002DoyoAAC
************************************************************
************************************************************
FileName: reports/Act_On_Importing_Reports/YPO_BOD.report
FullName/Id: Act_On_Importing_Reports/YPO_BOD/00O610000043C6rEAE
Manageable State: unmanaged
Namespace Prefix: null
Created By (Name/Id): Lauren Edwards/00561000002DoyoAAC
Last Modified By (Name/Id): Lauren Edwards/00561000002DoyoAAC
************************************************************
************************************************************
FileName: reports/Act_On_Importing_Reports/Cigar_Network.report
FullName/Id: Act_On_Importing_Reports/Cigar_Network/00O610000046RHbEAM
Manageable State: unmanaged
Namespace Prefix: null
Created By (Name/Id): Lauren Edwards/00561000002DoyoAAC
Last Modified By (Name/Id): Lauren Edwards/00561000002DoyoAAC
************************************************************
************************************************************
FileName: reports/Act_On_Importing_Reports/All_spouses_partners1.report
FullName/Id: Act_On_Importing_Reports/All_spouses_partners1/00O610000042SPWEA2
Manageable State: unmanaged
Namespace Prefix: null
Created By (Name/Id): Lauren Edwards/00561000002DoyoAAC
Last Modified By (Name/Id): Lauren Edwards/00561000002DoyoAAC
************************************************************
************************************************************
FileName: reports/Act_On_Importing_Reports/Doing_Business_with_China_Network.report
FullName/Id: Act_On_Importing_Reports/Doing_Business_with_China_Network/00O610000046RF1EAM
Manageable State: unmanaged
Namespace Prefix: null
Created By (Name/Id): Lauren Edwards/00561000002DoyoAAC
Last Modified By (Name/Id): Lauren Edwards/00561000002DoyoAAC
************************************************************
************************************************************
FileName: reports/Act_On_Importing_Reports/Members_in_Networks1.report
FullName/Id: Act_On_Importing_Reports/Members_in_Networks1/00O610000046QEfEAM
Manageable State: unmanaged
Namespace Prefix: null
Created By (Name/Id): Lauren Edwards/00561000002DoyoAAC
Last Modified By (Name/Id): Lauren Edwards/00561000002DoyoAAC
************************************************************
