************************************************************
FileName: email/Membership_Development/REMINDER_YPO_Lead_Ready_for_Chapter_Approval.email
FullName/Id: Membership_Development/REMINDER_YPO_Lead_Ready_for_Chapter_Approval/00X61000000ZpGREA0
Manageable State: unmanaged
Namespace Prefix: null
Created By (Name/Id): System Administrator/00561000002DrZyAAK
Last Modified By (Name/Id): Kelli Do/00561000001PrKOAA0
************************************************************
************************************************************
FileName: email/Membership_Development/Notify_Prospect_Of_Application_Status.email
FullName/Id: Membership_Development/Notify_Prospect_Of_Application_Status/00X61000000MnpmEAC
Manageable State: unmanaged
Namespace Prefix: null
Created By (Name/Id): Brandon Sherman/00561000001uIe1AAE
Last Modified By (Name/Id): Kelli Do/00561000001PrKOAA0
************************************************************
************************************************************
FileName: email/Membership_Development/Prospect_Submitted_for_Invoicing.email
FullName/Id: Membership_Development/Prospect_Submitted_for_Invoicing/00X61000000jBmnEAE
Manageable State: unmanaged
Namespace Prefix: null
Created By (Name/Id): Jonathan Bernd/00561000000ImwtAAC
Last Modified By (Name/Id): Brandon Sherman/00561000001uIe1AAE
************************************************************
************************************************************
FileName: email/Membership_Development/Duplicate_Prospect_Detected.email
FullName/Id: Membership_Development/Duplicate_Prospect_Detected/00X61000000jBmdEAE
Manageable State: unmanaged
Namespace Prefix: null
Created By (Name/Id): Jonathan Bernd/00561000000ImwtAAC
Last Modified By (Name/Id): Jonathan Bernd/00561000000ImwtAAC
************************************************************
************************************************************
FileName: email/Membership_Development/X3rd_Party_verification_accepted_CMO_and_CC_have_not_approved_10_days.email
FullName/Id: Membership_Development/X3rd_Party_verification_accepted_CMO_and_CC_have_not_approved_10_days/00X61000000Mnp1EAC
Manageable State: unmanaged
Namespace Prefix: null
Created By (Name/Id): Brandon Sherman/00561000001uIe1AAE
Last Modified By (Name/Id): Kelli Do/00561000001PrKOAA0
************************************************************
************************************************************
FileName: email/Membership_Development/No_Action_on_Prospect.email
FullName/Id: Membership_Development/No_Action_on_Prospect/00X61000000jBmjEAE
Manageable State: unmanaged
Namespace Prefix: null
Created By (Name/Id): Jonathan Bernd/00561000000ImwtAAC
Last Modified By (Name/Id): Brandon Sherman/00561000001uIe1AAE
************************************************************
************************************************************
FileName: email/Membership_Development/Notify_Chapter_of_New_Member.email
FullName/Id: Membership_Development/Notify_Chapter_of_New_Member/00X61000000MnplEAC
Manageable State: unmanaged
Namespace Prefix: null
Created By (Name/Id): Brandon Sherman/00561000001uIe1AAE
Last Modified By (Name/Id): Lynn Phillips/00561000000JTJQAA4
************************************************************
************************************************************
FileName: email/Membership_Development/Request_for_Verification_Confirmation_to_3rd_Party.email
FullName/Id: Membership_Development/Request_for_Verification_Confirmation_to_3rd_Party/00X61000000jBmsEAE
Manageable State: unmanaged
Namespace Prefix: null
Created By (Name/Id): Jonathan Bernd/00561000000ImwtAAC
Last Modified By (Name/Id): Jonathan Bernd/00561000000ImwtAAC
************************************************************
************************************************************
FileName: email/Membership_Development/Notify_Prospect_Assigned_to_Chapter.email
FullName/Id: Membership_Development/Notify_Prospect_Assigned_to_Chapter/00X61000000MnoxEAC
Manageable State: unmanaged
Namespace Prefix: null
Created By (Name/Id): Brandon Sherman/00561000001uIe1AAE
Last Modified By (Name/Id): Kelli Do/00561000001PrKOAA0
************************************************************
************************************************************
FileName: email/Membership_Development/Prospect_Pending_Chapter_Approval.email
FullName/Id: Membership_Development/Prospect_Pending_Chapter_Approval/00X61000000Zkt2EAC
Manageable State: unmanaged
Namespace Prefix: null
Created By (Name/Id): Lynn Phillips/00561000000JTJQAA4
Last Modified By (Name/Id): Kelli Do/00561000001PrKOAA0
************************************************************
************************************************************
FileName: email/Membership_Development/Prospect_Pending_Chapter_Review.email
FullName/Id: Membership_Development/Prospect_Pending_Chapter_Review/00X61000000MnzqEAC
Manageable State: unmanaged
Namespace Prefix: null
Created By (Name/Id): Brandon Sherman/00561000001uIe1AAE
Last Modified By (Name/Id): Kelli Do/00561000001PrKOAA0
************************************************************
************************************************************
FileName: email/Membership_Development/Prospect_Application_Confirmation_Email_for_YPOI_prospects.email
FullName/Id: Membership_Development/Prospect_Application_Confirmation_Email_for_YPOI_prospects/00X61000000jBmmEAE
Manageable State: unmanaged
Namespace Prefix: null
Created By (Name/Id): Jonathan Bernd/00561000000ImwtAAC
Last Modified By (Name/Id): Brandon Sherman/00561000001uIe1AAE
************************************************************
************************************************************
FileName: email/Membership_Development/Notify_Join_YPO_that_prospect_is_rejected.email
FullName/Id: Membership_Development/Notify_Join_YPO_that_prospect_is_rejected/00X61000000jBmkEAE
Manageable State: unmanaged
Namespace Prefix: null
Created By (Name/Id): Jonathan Bernd/00561000000ImwtAAC
Last Modified By (Name/Id): Brandon Sherman/00561000001uIe1AAE
************************************************************
************************************************************
FileName: email/Membership_Development/Full_payment_not_received_and_7_days_have_passed.email
FullName/Id: Membership_Development/Full_payment_not_received_and_7_days_have_passed/00X61000000MnowEAC
Manageable State: unmanaged
Namespace Prefix: null
Created By (Name/Id): Brandon Sherman/00561000001uIe1AAE
Last Modified By (Name/Id): Kelli Do/00561000001PrKOAA0
************************************************************
************************************************************
FileName: email/Membership_Development/Notify_Chapter_of_New_Member1.email
FullName/Id: Membership_Development/Notify_Chapter_of_New_Member1/00X61000000MpU2EAK
Manageable State: unmanaged
Namespace Prefix: null
Created By (Name/Id): Ajay Joshi/00561000001buuUAAQ
Last Modified By (Name/Id): Kelli Do/00561000001PrKOAA0
************************************************************
************************************************************
FileName: email/Membership_Development/Full_payment_not_received_and_7_days_have_passed_Member.email
FullName/Id: Membership_Development/Full_payment_not_received_and_7_days_have_passed_Member/00X61000000dPzaEAE
Manageable State: unmanaged
Namespace Prefix: null
Created By (Name/Id): Taylor Poppell/00561000002SlNbAAK
Last Modified By (Name/Id): Kelli Do/00561000001PrKOAA0
************************************************************
************************************************************
FileName: email/Membership_Development/Prospect_awaiting_Chapter_interest.email
FullName/Id: Membership_Development/Prospect_awaiting_Chapter_interest/00X61000000jBmoEAE
Manageable State: unmanaged
Namespace Prefix: null
Created By (Name/Id): Jonathan Bernd/00561000000ImwtAAC
Last Modified By (Name/Id): Brandon Sherman/00561000001uIe1AAE
************************************************************
************************************************************
FileName: email/Membership_Development/New_Prospect_Application_Submitted.email
FullName/Id: Membership_Development/New_Prospect_Application_Submitted/00X61000000jBmhEAE
Manageable State: unmanaged
Namespace Prefix: null
Created By (Name/Id): Jonathan Bernd/00561000000ImwtAAC
Last Modified By (Name/Id): Jonathan Bernd/00561000000ImwtAAC
************************************************************
************************************************************
FileName: email/Membership_Development/No_Activity_Email_to_CA_CC_and_CMO_after_21_days.email
FullName/Id: Membership_Development/No_Activity_Email_to_CA_CC_and_CMO_after_21_days/00X61000000MnpVEAS
Manageable State: unmanaged
Namespace Prefix: null
Created By (Name/Id): Brandon Sherman/00561000001uIe1AAE
Last Modified By (Name/Id): Kelli Do/00561000001PrKOAA0
************************************************************
************************************************************
FileName: email/Membership_Development/Full_payment_not_received_and_30_days_have_passed_reminder_email.email
FullName/Id: Membership_Development/Full_payment_not_received_and_30_days_have_passed_reminder_email/00X61000000MnufEAC
Manageable State: unmanaged
Namespace Prefix: null
Created By (Name/Id): Brandon Sherman/00561000001uIe1AAE
Last Modified By (Name/Id): Kelli Do/00561000001PrKOAA0
************************************************************
************************************************************
FileName: email/Membership_Development/Prospect_to_Membership_Development_queue.email
FullName/Id: Membership_Development/Prospect_to_Membership_Development_queue/00X61000000tvTTEAY
Manageable State: unmanaged
Namespace Prefix: null
Created By (Name/Id): Ross Freeman/00561000001iamnAAA
Last Modified By (Name/Id): Ross Freeman/00561000001iamnAAA
************************************************************
************************************************************
FileName: email/Membership_Development/Lead_Assigned_to_Chapter_14_Days_passed_And_Not_Pursued.email
FullName/Id: Membership_Development/Lead_Assigned_to_Chapter_14_Days_passed_And_Not_Pursued/00X61000000MnpkEAC
Manageable State: unmanaged
Namespace Prefix: null
Created By (Name/Id): Brandon Sherman/00561000001uIe1AAE
Last Modified By (Name/Id): Kelli Do/00561000001PrKOAA0
************************************************************
************************************************************
FileName: email/Membership_Development/Full_payment_not_received_and_7_days_have_passe21.email
FullName/Id: Membership_Development/Full_payment_not_received_and_7_days_have_passe21/00X61000000MpU1EAK
Manageable State: unmanaged
Namespace Prefix: null
Created By (Name/Id): Ajay Joshi/00561000001buuUAAQ
Last Modified By (Name/Id): Kelli Do/00561000001PrKOAA0
************************************************************
************************************************************
FileName: email/Membership_Development/New_member_has_joined_your_chapter.email
FullName/Id: Membership_Development/New_member_has_joined_your_chapter/00X61000000jBmiEAE
Manageable State: unmanaged
Namespace Prefix: null
Created By (Name/Id): Jonathan Bernd/00561000000ImwtAAC
Last Modified By (Name/Id): Dana Kobernusz/00561000001QTMrAAO
************************************************************
************************************************************
FileName: email/Membership_Development/Prospect_Application_Confirmation_Email_for_Chapter_Prospects.email
FullName/Id: Membership_Development/Prospect_Application_Confirmation_Email_for_Chapter_Prospects/00X61000000jBmlEAE
Manageable State: unmanaged
Namespace Prefix: null
Created By (Name/Id): Jonathan Bernd/00561000000ImwtAAC
Last Modified By (Name/Id): Brandon Sherman/00561000001uIe1AAE
************************************************************
