************************************************************
FileName: reports/North_Asia_Report/YPO_Renewal_Projection_Report_North_Asia.report
FullName/Id: North_Asia_Report/YPO_Renewal_Projection_Report_North_Asia/00O61000004ELA5EAO
Manageable State: unmanaged
Namespace Prefix: null
Created By (Name/Id): Danny Smith/00561000002BqLRAA0
Last Modified By (Name/Id): Danny Smith/00561000002BqLRAA0
************************************************************
************************************************************
FileName: reports/North_Asia_Report/YPO_CBMS15.report
FullName/Id: North_Asia_Report/YPO_CBMS15/00O610000042kzrEAA
Manageable State: unmanaged
Namespace Prefix: null
Created By (Name/Id): Danny Smith/00561000002BqLRAA0
Last Modified By (Name/Id): Danny Smith/00561000002BqLRAA0
************************************************************
************************************************************
FileName: reports/North_Asia_Report/YPO_Chapter_Events1.report
FullName/Id: North_Asia_Report/YPO_Chapter_Events1/00O61000004EYL1EAO
Manageable State: unmanaged
Namespace Prefix: null
Created By (Name/Id): Danny Smith/00561000002BqLRAA0
Last Modified By (Name/Id): Danny Smith/00561000002BqLRAA0
************************************************************
************************************************************
FileName: reports/North_Asia_Report/Dashboard_Report_Profile_Completion3.report
FullName/Id: North_Asia_Report/Dashboard_Report_Profile_Completion3/00O61000004ElOxEAK
Manageable State: unmanaged
Namespace Prefix: null
Created By (Name/Id): Maggie Leung/00561000002Dp01AAC
Last Modified By (Name/Id): Maggie Leung/00561000002Dp01AAC
************************************************************
************************************************************
FileName: reports/North_Asia_Report/Dashboard_Chp_Event_Participation1.report
FullName/Id: North_Asia_Report/Dashboard_Chp_Event_Participation1/00O61000004ElPgEAK
Manageable State: unmanaged
Namespace Prefix: null
Created By (Name/Id): Danny Smith/00561000002BqLRAA0
Last Modified By (Name/Id): Danny Smith/00561000002BqLRAA0
************************************************************
************************************************************
FileName: reports/North_Asia_Report/North_Asia_Renewals_Projection_Report.report
FullName/Id: North_Asia_Report/North_Asia_Renewals_Projection_Report/00O61000004674eEAA
Manageable State: unmanaged
Namespace Prefix: null
Created By (Name/Id): Lynn Phillips/00561000000JTJQAA4
Last Modified By (Name/Id): Lynn Phillips/00561000000JTJQAA4
************************************************************
************************************************************
FileName: reports/North_Asia_Report/Chapter_Visits_North_Asia.report
FullName/Id: North_Asia_Report/Chapter_Visits_North_Asia/00O610000049s6ZEAQ
Manageable State: unmanaged
Namespace Prefix: null
Created By (Name/Id): Danny Smith/00561000002BqLRAA0
Last Modified By (Name/Id): Danny Smith/00561000002BqLRAA0
************************************************************
************************************************************
FileName: reports/North_Asia_Report/FY19_Chapter_Officer_ID_North_Asia.report
FullName/Id: North_Asia_Report/FY19_Chapter_Officer_ID_North_Asia/00O610000042mPqEAI
Manageable State: unmanaged
Namespace Prefix: null
Created By (Name/Id): Danny Smith/00561000002BqLRAA0
Last Modified By (Name/Id): Danny Smith/00561000002BqLRAA0
************************************************************
************************************************************
FileName: reports/North_Asia_Report/FY19_Chapter_Chair_Learning_Officer_ID.report
FullName/Id: North_Asia_Report/FY19_Chapter_Chair_Learning_Officer_ID/00O61000004EYLGEA4
Manageable State: unmanaged
Namespace Prefix: null
Created By (Name/Id): Danny Smith/00561000002BqLRAA0
Last Modified By (Name/Id): Danny Smith/00561000002BqLRAA0
************************************************************
************************************************************
FileName: reports/North_Asia_Report/Member_Profile_Completion_by_Chapter1.report
FullName/Id: North_Asia_Report/Member_Profile_Completion_by_Chapter1/00O61000001ZmRLEA0
Manageable State: unmanaged
Namespace Prefix: null
Created By (Name/Id): Becca Wang/00561000002Dp49AAC
Last Modified By (Name/Id): Becca Wang/00561000002Dp49AAC
************************************************************
************************************************************
FileName: reports/North_Asia_Report/NA_Reg_Officer_Current_Elect_Pre_Elect.report
FullName/Id: North_Asia_Report/NA_Reg_Officer_Current_Elect_Pre_Elect/00O610000046FGkEAM
Manageable State: unmanaged
Namespace Prefix: null
Created By (Name/Id): Becca Wang/00561000002Dp49AAC
Last Modified By (Name/Id): Becca Wang/00561000002Dp49AAC
************************************************************
************************************************************
FileName: reports/North_Asia_Report/YPO_Member_Profile_Report_North_Asia.report
FullName/Id: North_Asia_Report/YPO_Member_Profile_Report_North_Asia/00O610000042lYcEAI
Manageable State: unmanaged
Namespace Prefix: null
Created By (Name/Id): Danny Smith/00561000002BqLRAA0
Last Modified By (Name/Id): Danny Smith/00561000002BqLRAA0
************************************************************
************************************************************
FileName: reports/North_Asia_Report/FY19_Chapter_Officers_45_or_under.report
FullName/Id: North_Asia_Report/FY19_Chapter_Officers_45_or_under/00O61000004EkNZEA0
Manageable State: unmanaged
Namespace Prefix: null
Created By (Name/Id): Maggie Leung/00561000002Dp01AAC
Last Modified By (Name/Id): Maggie Leung/00561000002Dp01AAC
************************************************************
************************************************************
FileName: reports/North_Asia_Report/YPO_NA_Chapter_Current_Elect_Pre_Elect.report
FullName/Id: North_Asia_Report/YPO_NA_Chapter_Current_Elect_Pre_Elect/00O610000046FGfEAM
Manageable State: unmanaged
Namespace Prefix: null
Created By (Name/Id): Becca Wang/00561000002Dp49AAC
Last Modified By (Name/Id): Becca Wang/00561000002Dp49AAC
************************************************************
************************************************************
FileName: reports/North_Asia_Report/FY19_Reg_Officers_Reg_for_GLC_North_Asia.report
FullName/Id: North_Asia_Report/FY19_Reg_Officers_Reg_for_GLC_North_Asia/00O610000042kuNEAQ
Manageable State: unmanaged
Namespace Prefix: null
Created By (Name/Id): Danny Smith/00561000002BqLRAA0
Last Modified By (Name/Id): Danny Smith/00561000002BqLRAA0
************************************************************
************************************************************
FileName: reports/North_Asia_Report/YPO_Gold_CBMS15.report
FullName/Id: North_Asia_Report/YPO_Gold_CBMS15/00O610000042kzmEAA
Manageable State: unmanaged
Namespace Prefix: null
Created By (Name/Id): Danny Smith/00561000002BqLRAA0
Last Modified By (Name/Id): Danny Smith/00561000002BqLRAA0
************************************************************
************************************************************
FileName: reports/North_Asia_Report/Renewal_Progress_Status_FY18_19_N_Asia.report
FullName/Id: North_Asia_Report/Renewal_Progress_Status_FY18_19_N_Asia/00O61000004EDSLEA4
Manageable State: unmanaged
Namespace Prefix: null
Created By (Name/Id): Danny Smith/00561000002BqLRAA0
Last Modified By (Name/Id): Danny Smith/00561000002BqLRAA0
************************************************************
************************************************************
FileName: reports/North_Asia_Report/NA_GLC_Registration_report_FY18.report
FullName/Id: North_Asia_Report/NA_GLC_Registration_report_FY18/00O610000042nA3EAI
Manageable State: unmanaged
Namespace Prefix: null
Created By (Name/Id): Becca Wang/00561000002Dp49AAC
Last Modified By (Name/Id): Becca Wang/00561000002Dp49AAC
************************************************************
************************************************************
FileName: reports/North_Asia_Report/Y_Korea1.report
FullName/Id: North_Asia_Report/Y_Korea1/00O61000004674PEAQ
Manageable State: unmanaged
Namespace Prefix: null
Created By (Name/Id): Miho Watanabe/00561000002Dp4AAAS
Last Modified By (Name/Id): Miho Watanabe/00561000002Dp4AAAS
************************************************************
************************************************************
FileName: reports/North_Asia_Report/FY19_Chapter_Officer_Attd_GLC_North_Asia.report
FullName/Id: North_Asia_Report/FY19_Chapter_Officer_Attd_GLC_North_Asia/00O610000042mQ5EAI
Manageable State: unmanaged
Namespace Prefix: null
Created By (Name/Id): Danny Smith/00561000002BqLRAA0
Last Modified By (Name/Id): Danny Smith/00561000002BqLRAA0
************************************************************
************************************************************
FileName: reports/North_Asia_Report/Available_FFV_and_NMVs.report
FullName/Id: North_Asia_Report/Available_FFV_and_NMVs/00O610000042l7gEAA
Manageable State: unmanaged
Namespace Prefix: null
Created By (Name/Id): Becca Wang/00561000002Dp49AAC
Last Modified By (Name/Id): Becca Wang/00561000002Dp49AAC
************************************************************
************************************************************
FileName: reports/North_Asia_Report/New_Member_FY19.report
FullName/Id: North_Asia_Report/New_Member_FY19/00O61000004ElQUEA0
Manageable State: unmanaged
Namespace Prefix: null
Created By (Name/Id): Maggie Leung/00561000002Dp01AAC
Last Modified By (Name/Id): Maggie Leung/00561000002Dp01AAC
************************************************************
************************************************************
FileName: reports/North_Asia_Report/FY19_Officers_Attd_CLW_Europe_North_Asia.report
FullName/Id: North_Asia_Report/FY19_Officers_Attd_CLW_Europe_North_Asia/00O610000042mQyEAI
Manageable State: unmanaged
Namespace Prefix: null
Created By (Name/Id): Danny Smith/00561000002BqLRAA0
Last Modified By (Name/Id): Danny Smith/00561000002BqLRAA0
************************************************************
************************************************************
FileName: reports/North_Asia_Report/YPO_Chapter_Health_Metrics_North_Asia.report
FullName/Id: North_Asia_Report/YPO_Chapter_Health_Metrics_North_Asia/00O610000042lcFEAQ
Manageable State: unmanaged
Namespace Prefix: null
Created By (Name/Id): Danny Smith/00561000002BqLRAA0
Last Modified By (Name/Id): Danny Smith/00561000002BqLRAA0
************************************************************
************************************************************
FileName: reports/North_Asia_Report/X2018_Singapore_GLC_Member_Reg_List1.report
FullName/Id: North_Asia_Report/X2018_Singapore_GLC_Member_Reg_List1/00O610000042pUeEAI
Manageable State: unmanaged
Namespace Prefix: null
Created By (Name/Id): Danny Smith/00561000002BqLRAA0
Last Modified By (Name/Id): Danny Smith/00561000002BqLRAA0
************************************************************
************************************************************
FileName: reports/North_Asia_Report/FY19_Regional_Officer_ID_North_Asia.report
FullName/Id: North_Asia_Report/FY19_Regional_Officer_ID_North_Asia/00O610000042l14EAA
Manageable State: unmanaged
Namespace Prefix: null
Created By (Name/Id): Danny Smith/00561000002BqLRAA0
Last Modified By (Name/Id): Danny Smith/00561000002BqLRAA0
************************************************************
************************************************************
FileName: reports/North_Asia_Report/North_Asia_NMV_FFV.report
FullName/Id: North_Asia_Report/North_Asia_NMV_FFV/00O6100000435ZmEAI
Manageable State: unmanaged
Namespace Prefix: null
Created By (Name/Id): Becca Wang/00561000002Dp49AAC
Last Modified By (Name/Id): Becca Wang/00561000002Dp49AAC
************************************************************
************************************************************
FileName: reports/North_Asia_Report/X2018_Singapore_EDGE_Member_List.report
FullName/Id: North_Asia_Report/X2018_Singapore_EDGE_Member_List/00O610000042pUZEAY
Manageable State: unmanaged
Namespace Prefix: null
Created By (Name/Id): Danny Smith/00561000002BqLRAA0
Last Modified By (Name/Id): Danny Smith/00561000002BqLRAA0
************************************************************
************************************************************
FileName: reports/North_Asia_Report/FY19_Officer_Attd_CLW_America_North_Asia.report
FullName/Id: North_Asia_Report/FY19_Officer_Attd_CLW_America_North_Asia/00O610000042mR8EAI
Manageable State: unmanaged
Namespace Prefix: null
Created By (Name/Id): Danny Smith/00561000002BqLRAA0
Last Modified By (Name/Id): Danny Smith/00561000002BqLRAA0
************************************************************
************************************************************
FileName: reports/North_Asia_Report/YPO_Chapter_Health_Data_North_Asia.report
FullName/Id: North_Asia_Report/YPO_Chapter_Health_Data_North_Asia/00O610000042laJEAQ
Manageable State: unmanaged
Namespace Prefix: null
Created By (Name/Id): Danny Smith/00561000002BqLRAA0
Last Modified By (Name/Id): Danny Smith/00561000002BqLRAA0
************************************************************
************************************************************
FileName: reports/North_Asia_Report/YPO_NA_Prospect_leads_by_Chapter.report
FullName/Id: North_Asia_Report/YPO_NA_Prospect_leads_by_Chapter/00O61000004ElQjEAK
Manageable State: unmanaged
Namespace Prefix: null
Created By (Name/Id): Maggie Leung/00561000002Dp01AAC
Last Modified By (Name/Id): Maggie Leung/00561000002Dp01AAC
************************************************************
************************************************************
FileName: reports/North_Asia_Report/Regional_officers2.report
FullName/Id: North_Asia_Report/Regional_officers2/00O610000046BWoEAM
Manageable State: unmanaged
Namespace Prefix: null
Created By (Name/Id): Miho Watanabe/00561000002Dp4AAAS
Last Modified By (Name/Id): Miho Watanabe/00561000002Dp4AAAS
************************************************************
************************************************************
FileName: reports/North_Asia_Report/CA_List_by_Chapter_Regioin.report
FullName/Id: North_Asia_Report/CA_List_by_Chapter_Regioin/00O610000043051EAA
Manageable State: unmanaged
Namespace Prefix: null
Created By (Name/Id): Becca Wang/00561000002Dp49AAC
Last Modified By (Name/Id): Becca Wang/00561000002Dp49AAC
************************************************************
************************************************************
FileName: reports/North_Asia_Report/FY18_List_of_Lifetime_Member_North_Asia.report
FullName/Id: North_Asia_Report/FY18_List_of_Lifetime_Member_North_Asia/00O61000004ELJgEAO
Manageable State: unmanaged
Namespace Prefix: null
Created By (Name/Id): Danny Smith/00561000002BqLRAA0
Last Modified By (Name/Id): Danny Smith/00561000002BqLRAA0
************************************************************
************************************************************
FileName: reports/North_Asia_Report/YPO_NA_Renewal_Detail_Report.report
FullName/Id: North_Asia_Report/YPO_NA_Renewal_Detail_Report/00O61000004685YEAQ
Manageable State: unmanaged
Namespace Prefix: null
Created By (Name/Id): Becca Wang/00561000002Dp49AAC
Last Modified By (Name/Id): Becca Wang/00561000002Dp49AAC
************************************************************
