************************************************************
FileName: dashboards/YPO_Chapter_Region_Health/Western_US_Prospects_and_New_Members.dashboard
FullName/Id: YPO_Chapter_Region_Health/Western_US_Prospects_and_New_Members/01Z61000000hjzxEAA
Manageable State: unmanaged
Namespace Prefix: null
Created By (Name/Id): Jaime Flemming/00561000002DoywAAC
Last Modified By (Name/Id): Jaime Flemming/00561000002DoywAAC
************************************************************
************************************************************
FileName: dashboards/YPO_Chapter_Region_Health/Regional_Dashboard_Latin_America_General_Metrics.dashboard
FullName/Id: YPO_Chapter_Region_Health/Regional_Dashboard_Latin_America_General_Metrics/01Z61000000hiamEAA
Manageable State: unmanaged
Namespace Prefix: null
Created By (Name/Id): Danny Smith/00561000002BqLRAA0
Last Modified By (Name/Id): Danny Smith/00561000002BqLRAA0
************************************************************
************************************************************
FileName: dashboards/YPO_Chapter_Region_Health/Chapter_Dashboards1.dashboard
FullName/Id: YPO_Chapter_Region_Health/Chapter_Dashboards1/01Z61000000U2uIEAS
Manageable State: unmanaged
Namespace Prefix: null
Created By (Name/Id): Danny Smith/00561000002BqLRAA0
Last Modified By (Name/Id): Danny Smith/00561000002BqLRAA0
************************************************************
************************************************************
FileName: dashboards/YPO_Chapter_Region_Health/Western_US_Chapter_Demographics.dashboard
FullName/Id: YPO_Chapter_Region_Health/Western_US_Chapter_Demographics/01Z61000000hj5zEAA
Manageable State: unmanaged
Namespace Prefix: null
Created By (Name/Id): Jaime Flemming/00561000002DoywAAC
Last Modified By (Name/Id): Jaime Flemming/00561000002DoywAAC
************************************************************
************************************************************
FileName: dashboards/YPO_Chapter_Region_Health/Western_US_Chapter_Demographics1.dashboard
FullName/Id: YPO_Chapter_Region_Health/Western_US_Chapter_Demographics1/01Z61000000hjBxEAI
Manageable State: unmanaged
Namespace Prefix: null
Created By (Name/Id): Jaime Flemming/00561000002DoywAAC
Last Modified By (Name/Id): Jaime Flemming/00561000002DoywAAC
************************************************************
************************************************************
FileName: dashboards/YPO_Chapter_Region_Health/YPO_ANZ_Regional_Dashboard1.dashboard
FullName/Id: YPO_Chapter_Region_Health/YPO_ANZ_Regional_Dashboard1/01Z61000000hiYgEAI
Manageable State: unmanaged
Namespace Prefix: null
Created By (Name/Id): Emma Boling/00561000002Doy5AAC
Last Modified By (Name/Id): Emma Boling/00561000002Doy5AAC
************************************************************
************************************************************
FileName: dashboards/YPO_Chapter_Region_Health/Dashboard_Report_Australia_New_Zealand_General_Metrics.dashboard
FullName/Id: YPO_Chapter_Region_Health/Dashboard_Report_Australia_New_Zealand_General_Metrics/01Z61000000hij0EAA
Manageable State: unmanaged
Namespace Prefix: null
Created By (Name/Id): Danny Smith/00561000002BqLRAA0
Last Modified By (Name/Id): Danny Smith/00561000002BqLRAA0
************************************************************
************************************************************
FileName: dashboards/YPO_Chapter_Region_Health/YPO_Member_Engagement_Officer_Dashboard.dashboard
FullName/Id: YPO_Chapter_Region_Health/YPO_Member_Engagement_Officer_Dashboard/01Z61000000U2xvEAC
Manageable State: unmanaged
Namespace Prefix: null
Created By (Name/Id): Danny Smith/00561000002BqLRAA0
Last Modified By (Name/Id): Danny Smith/00561000002BqLRAA0
************************************************************
************************************************************
FileName: dashboards/YPO_Chapter_Region_Health/Dashboard_Report_Central_US_General_Metrics.dashboard
FullName/Id: YPO_Chapter_Region_Health/Dashboard_Report_Central_US_General_Metrics/01Z61000000hihYEAQ
Manageable State: unmanaged
Namespace Prefix: null
Created By (Name/Id): Danny Smith/00561000002BqLRAA0
Last Modified By (Name/Id): Danny Smith/00561000002BqLRAA0
************************************************************
************************************************************
FileName: dashboards/YPO_Chapter_Region_Health/YPO_Africa_Regional_Dashboard.dashboard
FullName/Id: YPO_Chapter_Region_Health/YPO_Africa_Regional_Dashboard/01Z61000000hk9iEAA
Manageable State: unmanaged
Namespace Prefix: null
Created By (Name/Id): Emma Boling/00561000002Doy5AAC
Last Modified By (Name/Id): Emma Boling/00561000002Doy5AAC
************************************************************
************************************************************
FileName: dashboards/YPO_Chapter_Region_Health/C_R_YPO_Dashboard_1_0.dashboard
FullName/Id: YPO_Chapter_Region_Health/C_R_YPO_Dashboard_1_0/01Z61000000hfvSEAQ
Manageable State: unmanaged
Namespace Prefix: null
Created By (Name/Id): Danny Smith/00561000002BqLRAA0
Last Modified By (Name/Id): Danny Smith/00561000002BqLRAA0
************************************************************
************************************************************
FileName: dashboards/YPO_Chapter_Region_Health/Chapter_Engagement_Western_US.dashboard
FullName/Id: YPO_Chapter_Region_Health/Chapter_Engagement_Western_US/01Z61000000hjPkEAI
Manageable State: unmanaged
Namespace Prefix: null
Created By (Name/Id): Jaime Flemming/00561000002DoywAAC
Last Modified By (Name/Id): Jaime Flemming/00561000002DoywAAC
************************************************************
