************************************************************
FileName: reports/Sprint_ReportsLPP/Backlog_with_rankings_LPP2.report
FullName/Id: Sprint_ReportsLPP/Backlog_with_rankings_LPP2/00O610000042SgMEAU
Manageable State: unmanaged
Namespace Prefix: null
Created By (Name/Id): Lynn Phillips/00561000000JTJQAA4
Last Modified By (Name/Id): Lynn Phillips/00561000000JTJQAA4
************************************************************
************************************************************
FileName: reports/Sprint_ReportsLPP/FY18_Sprint_6_All_Items.report
FullName/Id: Sprint_ReportsLPP/FY18_Sprint_6_All_Items/00O610000042VrXEAU
Manageable State: unmanaged
Namespace Prefix: null
Created By (Name/Id): Lynn Phillips/00561000000JTJQAA4
Last Modified By (Name/Id): Lynn Phillips/00561000000JTJQAA4
************************************************************
************************************************************
FileName: reports/Sprint_ReportsLPP/FY18_Sprint_9_All_Items.report
FullName/Id: Sprint_ReportsLPP/FY18_Sprint_9_All_Items/00O610000042kRQEAY
Manageable State: unmanaged
Namespace Prefix: null
Created By (Name/Id): Lynn Phillips/00561000000JTJQAA4
Last Modified By (Name/Id): Lynn Phillips/00561000000JTJQAA4
************************************************************
************************************************************
FileName: reports/Sprint_ReportsLPP/FY18_Sprint_8_All_Items.report
FullName/Id: Sprint_ReportsLPP/FY18_Sprint_8_All_Items/00O610000042gjGEAQ
Manageable State: unmanaged
Namespace Prefix: null
Created By (Name/Id): Lynn Phillips/00561000000JTJQAA4
Last Modified By (Name/Id): Lynn Phillips/00561000000JTJQAA4
************************************************************
************************************************************
FileName: reports/Sprint_ReportsLPP/Backlog_Renewals_FY19_LPP.report
FullName/Id: Sprint_ReportsLPP/Backlog_Renewals_FY19_LPP/00O610000042X02EAE
Manageable State: unmanaged
Namespace Prefix: null
Created By (Name/Id): Lynn Phillips/00561000000JTJQAA4
Last Modified By (Name/Id): Lynn Phillips/00561000000JTJQAA4
************************************************************
************************************************************
FileName: reports/Sprint_ReportsLPP/Backlog_Q3.report
FullName/Id: Sprint_ReportsLPP/Backlog_Q3/00O6100000430l8EAA
Manageable State: unmanaged
Namespace Prefix: null
Created By (Name/Id): Lynn Phillips/00561000000JTJQAA4
Last Modified By (Name/Id): Lynn Phillips/00561000000JTJQAA4
************************************************************
************************************************************
FileName: reports/Sprint_ReportsLPP/Complete_Backlog_dump.report
FullName/Id: Sprint_ReportsLPP/Complete_Backlog_dump/00O61000004EGtUEAW
Manageable State: unmanaged
Namespace Prefix: null
Created By (Name/Id): Lynn Phillips/00561000000JTJQAA4
Last Modified By (Name/Id): Lynn Phillips/00561000000JTJQAA4
************************************************************
************************************************************
FileName: reports/Sprint_ReportsLPP/FY18_Sprint_7_All_Items.report
FullName/Id: Sprint_ReportsLPP/FY18_Sprint_7_All_Items/00O610000042bXlEAI
Manageable State: unmanaged
Namespace Prefix: null
Created By (Name/Id): Lynn Phillips/00561000000JTJQAA4
Last Modified By (Name/Id): Lynn Phillips/00561000000JTJQAA4
************************************************************
************************************************************
FileName: reports/Sprint_ReportsLPP/Backlog_CW.report
FullName/Id: Sprint_ReportsLPP/Backlog_CW/00O610000042SyzEAE
Manageable State: unmanaged
Namespace Prefix: null
Created By (Name/Id): Cheryl Willman/00561000002bZFIAA2
Last Modified By (Name/Id): Lynn Phillips/00561000000JTJQAA4
************************************************************
************************************************************
FileName: reports/Sprint_ReportsLPP/FY18_Sprint_5_All_Items.report
FullName/Id: Sprint_ReportsLPP/FY18_Sprint_5_All_Items/00O610000042RhsEAE
Manageable State: unmanaged
Namespace Prefix: null
Created By (Name/Id): Lynn Phillips/00561000000JTJQAA4
Last Modified By (Name/Id): Lynn Phillips/00561000000JTJQAA4
************************************************************
************************************************************
FileName: reports/Sprint_ReportsLPP/FY18_Sprint_8_All_Items1.report
FullName/Id: Sprint_ReportsLPP/FY18_Sprint_8_All_Items1/00O610000042hvSEAQ
Manageable State: unmanaged
Namespace Prefix: null
Created By (Name/Id): Cheryl Willman/00561000002bZFIAA2
Last Modified By (Name/Id): Lynn Phillips/00561000000JTJQAA4
************************************************************
************************************************************
FileName: reports/Sprint_ReportsLPP/Kelli_Sprint_Tracking.report
FullName/Id: Sprint_ReportsLPP/Kelli_Sprint_Tracking/00O61000004ECq2EAG
Manageable State: unmanaged
Namespace Prefix: null
Created By (Name/Id): Kelli Do/00561000001PrKOAA0
Last Modified By (Name/Id): Kelli Do/00561000001PrKOAA0
************************************************************
************************************************************
FileName: reports/Sprint_ReportsLPP/Set_Products_Status_by_Ty_LPP.report
FullName/Id: Sprint_ReportsLPP/Set_Products_Status_by_Ty_LPP/00O610000049q05EAA
Manageable State: unmanaged
Namespace Prefix: null
Created By (Name/Id): Lynn Phillips/00561000000JTJQAA4
Last Modified By (Name/Id): Lynn Phillips/00561000000JTJQAA4
************************************************************
