************************************************************
FileName: reports/Regional_Reports_Central_US/Dashboard_Report_Mem_Ave_Age_Central_US.report
FullName/Id: Regional_Reports_Central_US/Dashboard_Report_Mem_Ave_Age_Central_US/00O61000004EGFUEA4
Manageable State: unmanaged
Namespace Prefix: null
Created By (Name/Id): Danny Smith/00561000002BqLRAA0
Last Modified By (Name/Id): Danny Smith/00561000002BqLRAA0
************************************************************
************************************************************
FileName: reports/Regional_Reports_Central_US/S_P_w_Exchange_Access_Forum.report
FullName/Id: Regional_Reports_Central_US/S_P_w_Exchange_Access_Forum/00O610000042mxJEAQ
Manageable State: unmanaged
Namespace Prefix: null
Created By (Name/Id): Kelly Waltman/00561000002Dp46AAC
Last Modified By (Name/Id): Kelly Waltman/00561000002Dp46AAC
************************************************************
************************************************************
FileName: reports/Regional_Reports_Central_US/Dashboard_Report_of_S_P_w_Exch_Access2.report
FullName/Id: Regional_Reports_Central_US/Dashboard_Report_of_S_P_w_Exch_Access2/00O61000004EGLrEAO
Manageable State: unmanaged
Namespace Prefix: null
Created By (Name/Id): Danny Smith/00561000002BqLRAA0
Last Modified By (Name/Id): Danny Smith/00561000002BqLRAA0
************************************************************
************************************************************
FileName: reports/Regional_Reports_Central_US/Dashboard_Report_Female_Mem_CUS_2_0.report
FullName/Id: Regional_Reports_Central_US/Dashboard_Report_Female_Mem_CUS_2_0/00O61000004ERBdEAO
Manageable State: unmanaged
Namespace Prefix: null
Created By (Name/Id): Danny Smith/00561000002BqLRAA0
Last Modified By (Name/Id): Danny Smith/00561000002BqLRAA0
************************************************************
************************************************************
FileName: reports/Regional_Reports_Central_US/FY19_Officer_Attd_CLW_America_Central_US.report
FullName/Id: Regional_Reports_Central_US/FY19_Officer_Attd_CLW_America_Central_US/00O610000042mJ4EAI
Manageable State: unmanaged
Namespace Prefix: null
Created By (Name/Id): Danny Smith/00561000002BqLRAA0
Last Modified By (Name/Id): Danny Smith/00561000002BqLRAA0
************************************************************
************************************************************
FileName: reports/Regional_Reports_Central_US/YPO_Gold_CBMS8.report
FullName/Id: Regional_Reports_Central_US/YPO_Gold_CBMS8/00O610000042kyeEAA
Manageable State: unmanaged
Namespace Prefix: null
Created By (Name/Id): Danny Smith/00561000002BqLRAA0
Last Modified By (Name/Id): Danny Smith/00561000002BqLRAA0
************************************************************
************************************************************
FileName: reports/Regional_Reports_Central_US/FY19_Chapter_Officer_Attd_GLC_Central_US.report
FullName/Id: Regional_Reports_Central_US/FY19_Chapter_Officer_Attd_GLC_Central_US/00O610000042mIaEAI
Manageable State: unmanaged
Namespace Prefix: null
Created By (Name/Id): Danny Smith/00561000002BqLRAA0
Last Modified By (Name/Id): Danny Smith/00561000002BqLRAA0
************************************************************
************************************************************
FileName: reports/Regional_Reports_Central_US/Dashboard_Report_Mem_Elig_Grad_30_Jun2.report
FullName/Id: Regional_Reports_Central_US/Dashboard_Report_Mem_Elig_Grad_30_Jun2/00O61000004EGFFEA4
Manageable State: unmanaged
Namespace Prefix: null
Created By (Name/Id): Danny Smith/00561000002BqLRAA0
Last Modified By (Name/Id): Danny Smith/00561000002BqLRAA0
************************************************************
************************************************************
FileName: reports/Regional_Reports_Central_US/Dashboard_Report_YPO_G_Mem_in_Cent_US.report
FullName/Id: Regional_Reports_Central_US/Dashboard_Report_YPO_G_Mem_in_Cent_US/00O61000004EGEvEAO
Manageable State: unmanaged
Namespace Prefix: null
Created By (Name/Id): Danny Smith/00561000002BqLRAA0
Last Modified By (Name/Id): Danny Smith/00561000002BqLRAA0
************************************************************
************************************************************
FileName: reports/Regional_Reports_Central_US/Dashboard_Report_Ave_Learn_Rate_CentUS.report
FullName/Id: Regional_Reports_Central_US/Dashboard_Report_Ave_Learn_Rate_CentUS/00O61000004EGHzEAO
Manageable State: unmanaged
Namespace Prefix: null
Created By (Name/Id): Danny Smith/00561000002BqLRAA0
Last Modified By (Name/Id): Danny Smith/00561000002BqLRAA0
************************************************************
************************************************************
FileName: reports/Regional_Reports_Central_US/FY18_Lifetime_Members_Central_US.report
FullName/Id: Regional_Reports_Central_US/FY18_Lifetime_Members_Central_US/00O61000004ELPFEA4
Manageable State: unmanaged
Namespace Prefix: null
Created By (Name/Id): Danny Smith/00561000002BqLRAA0
Last Modified By (Name/Id): Danny Smith/00561000002BqLRAA0
************************************************************
************************************************************
FileName: reports/Regional_Reports_Central_US/Dashboard_Report_of_Chapter_Events2.report
FullName/Id: Regional_Reports_Central_US/Dashboard_Report_of_Chapter_Events2/00O61000004EGGrEAO
Manageable State: unmanaged
Namespace Prefix: null
Created By (Name/Id): Danny Smith/00561000002BqLRAA0
Last Modified By (Name/Id): Danny Smith/00561000002BqLRAA0
************************************************************
************************************************************
FileName: reports/Regional_Reports_Central_US/Dashboard_Report_of_S_P_in_Forum_CentUS.report
FullName/Id: Regional_Reports_Central_US/Dashboard_Report_of_S_P_in_Forum_CentUS/00O61000004EGJbEAO
Manageable State: unmanaged
Namespace Prefix: null
Created By (Name/Id): Danny Smith/00561000002BqLRAA0
Last Modified By (Name/Id): Danny Smith/00561000002BqLRAA0
************************************************************
************************************************************
FileName: reports/Regional_Reports_Central_US/YPO_Chapter_Health_Metrics_Central_US.report
FullName/Id: Regional_Reports_Central_US/YPO_Chapter_Health_Metrics_Central_US/00O610000042lbWEAQ
Manageable State: unmanaged
Namespace Prefix: null
Created By (Name/Id): Danny Smith/00561000002BqLRAA0
Last Modified By (Name/Id): Danny Smith/00561000002BqLRAA0
************************************************************
************************************************************
FileName: reports/Regional_Reports_Central_US/YPO_Chapter_Visits_Central_US.report
FullName/Id: Regional_Reports_Central_US/YPO_Chapter_Visits_Central_US/00O61000001ZmBSEA0
Manageable State: unmanaged
Namespace Prefix: null
Created By (Name/Id): Danny Smith/00561000002BqLRAA0
Last Modified By (Name/Id): Danny Smith/00561000002BqLRAA0
************************************************************
************************************************************
FileName: reports/Regional_Reports_Central_US/Dashboard_Report_CH_Status_Central_US.report
FullName/Id: Regional_Reports_Central_US/Dashboard_Report_CH_Status_Central_US/00O61000004EGDEEA4
Manageable State: unmanaged
Namespace Prefix: null
Created By (Name/Id): Danny Smith/00561000002BqLRAA0
Last Modified By (Name/Id): Danny Smith/00561000002BqLRAA0
************************************************************
************************************************************
FileName: reports/Regional_Reports_Central_US/FY19_Officers_Attd_CLW_Europe_Central_US.report
FullName/Id: Regional_Reports_Central_US/FY19_Officers_Attd_CLW_Europe_Central_US/00O610000042mIkEAI
Manageable State: unmanaged
Namespace Prefix: null
Created By (Name/Id): Danny Smith/00561000002BqLRAA0
Last Modified By (Name/Id): Danny Smith/00561000002BqLRAA0
************************************************************
************************************************************
FileName: reports/Regional_Reports_Central_US/Dashboard_Report_CUS_Memb_by_Age_Group1.report
FullName/Id: Regional_Reports_Central_US/Dashboard_Report_CUS_Memb_by_Age_Group1/00O61000004EKYkEAO
Manageable State: unmanaged
Namespace Prefix: null
Created By (Name/Id): Danny Smith/00561000002BqLRAA0
Last Modified By (Name/Id): Danny Smith/00561000002BqLRAA0
************************************************************
************************************************************
FileName: reports/Regional_Reports_Central_US/YPO_Chapter_Health_Data_Central_US.report
FullName/Id: Regional_Reports_Central_US/YPO_Chapter_Health_Data_Central_US/00O610000042lZaEAI
Manageable State: unmanaged
Namespace Prefix: null
Created By (Name/Id): Danny Smith/00561000002BqLRAA0
Last Modified By (Name/Id): Danny Smith/00561000002BqLRAA0
************************************************************
************************************************************
FileName: reports/Regional_Reports_Central_US/Officer_Training_Regional_Officers_GLC2.report
FullName/Id: Regional_Reports_Central_US/Officer_Training_Regional_Officers_GLC2/00O610000042knqEAA
Manageable State: unmanaged
Namespace Prefix: null
Created By (Name/Id): Tracy Repmann/00561000002Dp2yAAC
Last Modified By (Name/Id): Tracy Repmann/00561000002Dp2yAAC
************************************************************
************************************************************
FileName: reports/Regional_Reports_Central_US/Dashboard_Report_of_Mem_below_35_CentUS.report
FullName/Id: Regional_Reports_Central_US/Dashboard_Report_of_Mem_below_35_CentUS/00O61000004EGFyEAO
Manageable State: unmanaged
Namespace Prefix: null
Created By (Name/Id): Danny Smith/00561000002BqLRAA0
Last Modified By (Name/Id): Danny Smith/00561000002BqLRAA0
************************************************************
************************************************************
FileName: reports/Regional_Reports_Central_US/Db_Report_Memb_in_Mentoring_Central_US.report
FullName/Id: Regional_Reports_Central_US/Db_Report_Memb_in_Mentoring_Central_US/00O61000004EGIJEA4
Manageable State: unmanaged
Namespace Prefix: null
Created By (Name/Id): Danny Smith/00561000002BqLRAA0
Last Modified By (Name/Id): Danny Smith/00561000002BqLRAA0
************************************************************
************************************************************
FileName: reports/Regional_Reports_Central_US/Dashboard_Report_Mem_Forums_Train_Mode2.report
FullName/Id: Regional_Reports_Central_US/Dashboard_Report_Mem_Forums_Train_Mode2/00O61000004EGK0EAO
Manageable State: unmanaged
Namespace Prefix: null
Created By (Name/Id): Danny Smith/00561000002BqLRAA0
Last Modified By (Name/Id): Danny Smith/00561000002BqLRAA0
************************************************************
************************************************************
FileName: reports/Regional_Reports_Central_US/Dashboard_Report_Off_Train_GLC_CLW.report
FullName/Id: Regional_Reports_Central_US/Dashboard_Report_Off_Train_GLC_CLW/00O61000004EGL8EAO
Manageable State: unmanaged
Namespace Prefix: null
Created By (Name/Id): Danny Smith/00561000002BqLRAA0
Last Modified By (Name/Id): Danny Smith/00561000002BqLRAA0
************************************************************
************************************************************
FileName: reports/Regional_Reports_Central_US/Renewal_Progress_Status_FY18_19_Cent_US.report
FullName/Id: Regional_Reports_Central_US/Renewal_Progress_Status_FY18_19_Cent_US/00O61000004EDRSEA4
Manageable State: unmanaged
Namespace Prefix: null
Created By (Name/Id): Danny Smith/00561000002BqLRAA0
Last Modified By (Name/Id): Danny Smith/00561000002BqLRAA0
************************************************************
************************************************************
FileName: reports/Regional_Reports_Central_US/All_current_and_former_members.report
FullName/Id: Regional_Reports_Central_US/All_current_and_former_members/00O610000042oDcEAI
Manageable State: unmanaged
Namespace Prefix: null
Created By (Name/Id): Tracy Repmann/00561000002Dp2yAAC
Last Modified By (Name/Id): Tracy Repmann/00561000002Dp2yAAC
************************************************************
************************************************************
FileName: reports/Regional_Reports_Central_US/YPO_Member_Profile_Report_Central_US.report
FullName/Id: Regional_Reports_Central_US/YPO_Member_Profile_Report_Central_US/00O610000042lXyEAI
Manageable State: unmanaged
Namespace Prefix: null
Created By (Name/Id): Danny Smith/00561000002BqLRAA0
Last Modified By (Name/Id): Danny Smith/00561000002BqLRAA0
************************************************************
************************************************************
FileName: reports/Regional_Reports_Central_US/FY19_Reg_Officers_Reg_for_GLC_Central_US1.report
FullName/Id: Regional_Reports_Central_US/FY19_Reg_Officers_Reg_for_GLC_Central_US1/00O610000042kxvEAA
Manageable State: unmanaged
Namespace Prefix: null
Created By (Name/Id): Danny Smith/00561000002BqLRAA0
Last Modified By (Name/Id): Danny Smith/00561000002BqLRAA0
************************************************************
************************************************************
FileName: reports/Regional_Reports_Central_US/Dashboard_Report_Mem_Indus_CUS.report
FullName/Id: Regional_Reports_Central_US/Dashboard_Report_Mem_Indus_CUS/00O61000004EKdLEAW
Manageable State: unmanaged
Namespace Prefix: null
Created By (Name/Id): Danny Smith/00561000002BqLRAA0
Last Modified By (Name/Id): Danny Smith/00561000002BqLRAA0
************************************************************
************************************************************
FileName: reports/Regional_Reports_Central_US/Dashboard_Report_Event_Partic_Central_US.report
FullName/Id: Regional_Reports_Central_US/Dashboard_Report_Event_Partic_Central_US/00O61000004EGGwEAO
Manageable State: unmanaged
Namespace Prefix: null
Created By (Name/Id): Danny Smith/00561000002BqLRAA0
Last Modified By (Name/Id): Danny Smith/00561000002BqLRAA0
************************************************************
************************************************************
FileName: reports/Regional_Reports_Central_US/Dashboard_Report_of_Com_Prof_Central_US.report
FullName/Id: Regional_Reports_Central_US/Dashboard_Report_of_Com_Prof_Central_US/00O61000004EGKPEA4
Manageable State: unmanaged
Namespace Prefix: null
Created By (Name/Id): Danny Smith/00561000002BqLRAA0
Last Modified By (Name/Id): Danny Smith/00561000002BqLRAA0
************************************************************
************************************************************
FileName: reports/Regional_Reports_Central_US/Dashboard_Report_of_YPO_Mem_Central_US.report
FullName/Id: Regional_Reports_Central_US/Dashboard_Report_of_YPO_Mem_Central_US/00O61000004EGEHEA4
Manageable State: unmanaged
Namespace Prefix: null
Created By (Name/Id): Danny Smith/00561000002BqLRAA0
Last Modified By (Name/Id): Danny Smith/00561000002BqLRAA0
************************************************************
************************************************************
FileName: reports/Regional_Reports_Central_US/Officer_Training_Gold_GLC2.report
FullName/Id: Regional_Reports_Central_US/Officer_Training_Gold_GLC2/00O610000042jReEAI
Manageable State: unmanaged
Namespace Prefix: null
Created By (Name/Id): Tracy Repmann/00561000002Dp2yAAC
Last Modified By (Name/Id): Tracy Repmann/00561000002Dp2yAAC
************************************************************
************************************************************
FileName: reports/Regional_Reports_Central_US/Dashboard_Report_Male_Members_CUS_2_0.report
FullName/Id: Regional_Reports_Central_US/Dashboard_Report_Male_Members_CUS_2_0/00O61000004ERBsEAO
Manageable State: unmanaged
Namespace Prefix: null
Created By (Name/Id): Danny Smith/00561000002BqLRAA0
Last Modified By (Name/Id): Danny Smith/00561000002BqLRAA0
************************************************************
************************************************************
FileName: reports/Regional_Reports_Central_US/YPO_Renewal_Projection_Report_Central_US.report
FullName/Id: Regional_Reports_Central_US/YPO_Renewal_Projection_Report_Central_US/00O61000004ELCLEA4
Manageable State: unmanaged
Namespace Prefix: null
Created By (Name/Id): Danny Smith/00561000002BqLRAA0
Last Modified By (Name/Id): Danny Smith/00561000002BqLRAA0
************************************************************
************************************************************
FileName: reports/Regional_Reports_Central_US/FY19_Chapter_Officers_ID_Central_US.report
FullName/Id: Regional_Reports_Central_US/FY19_Chapter_Officers_ID_Central_US/00O610000042mIQEAY
Manageable State: unmanaged
Namespace Prefix: null
Created By (Name/Id): Danny Smith/00561000002BqLRAA0
Last Modified By (Name/Id): Danny Smith/00561000002BqLRAA0
************************************************************
************************************************************
FileName: reports/Regional_Reports_Central_US/Dashboard_Report_of_Members_in_Network.report
FullName/Id: Regional_Reports_Central_US/Dashboard_Report_of_Members_in_Network/00O61000004EGKeEAO
Manageable State: unmanaged
Namespace Prefix: null
Created By (Name/Id): Danny Smith/00561000002BqLRAA0
Last Modified By (Name/Id): Danny Smith/00561000002BqLRAA0
************************************************************
************************************************************
FileName: reports/Regional_Reports_Central_US/YPO_CBMS9.report
FullName/Id: Regional_Reports_Central_US/YPO_CBMS9/00O610000042kyZEAQ
Manageable State: unmanaged
Namespace Prefix: null
Created By (Name/Id): Danny Smith/00561000002BqLRAA0
Last Modified By (Name/Id): Danny Smith/00561000002BqLRAA0
************************************************************
************************************************************
FileName: reports/Regional_Reports_Central_US/Dashboard_Report_of_Mem_Forum_CentUS.report
FullName/Id: Regional_Reports_Central_US/Dashboard_Report_of_Mem_Forum_CentUS/00O61000004EGIsEAO
Manageable State: unmanaged
Namespace Prefix: null
Created By (Name/Id): Danny Smith/00561000002BqLRAA0
Last Modified By (Name/Id): Danny Smith/00561000002BqLRAA0
************************************************************
