************************************************************
FileName: reports/ca_collab_2_0__SfdcCommunitiesPulseDefaultTopics_20/ca_collab_2_0__Insights_T_Topics_Added_2_0.report
FullName/Id: ca_collab_2_0__SfdcCommunitiesPulseDefaultTopics_20/ca_collab_2_0__Insights_T_Topics_Added_2_0/00O61000003xCoUEAU
Manageable State: installed
Namespace Prefix: ca_collab_2_0
Created By (Name/Id): Jonathan Bernd/00561000000ImwtAAC
Last Modified By (Name/Id): Jonathan Bernd/00561000000ImwtAAC
************************************************************
************************************************************
FileName: reports/ca_collab_2_0__SfdcCommunitiesPulseDefaultTopics_20/ca_collab_2_0__Insights_T_Topics_Assigned_2_0.report
FullName/Id: ca_collab_2_0__SfdcCommunitiesPulseDefaultTopics_20/ca_collab_2_0__Insights_T_Topics_Assigned_2_0/00O61000003xCoVEAU
Manageable State: installed
Namespace Prefix: ca_collab_2_0
Created By (Name/Id): Jonathan Bernd/00561000000ImwtAAC
Last Modified By (Name/Id): Jonathan Bernd/00561000000ImwtAAC
************************************************************
************************************************************
FileName: reports/ca_collab_2_0__SfdcCommunitiesPulseDefaultTopics_20/ca_collab_2_0__Insights_T_Topics_Most_Talked_About_2_0.report
FullName/Id: ca_collab_2_0__SfdcCommunitiesPulseDefaultTopics_20/ca_collab_2_0__Insights_T_Topics_Most_Talked_About_2_0/00O61000003xCoWEAU
Manageable State: installed
Namespace Prefix: ca_collab_2_0
Created By (Name/Id): Jonathan Bernd/00561000000ImwtAAC
Last Modified By (Name/Id): Jonathan Bernd/00561000000ImwtAAC
************************************************************
