************************************************************
FileName: email/FingerTip__Decision_Making/FingerTip__Reminder_email_template_on_role_acceptance.email
FullName/Id: FingerTip__Decision_Making/FingerTip__Reminder_email_template_on_role_acceptance/00X61000000MtQQEA0
Manageable State: installed
Namespace Prefix: FingerTip
Created By (Name/Id): Joe Aho/00561000002SXOVAA4
Last Modified By (Name/Id): Joe Aho/00561000002SXOVAA4
************************************************************
************************************************************
FileName: email/FingerTip__Decision_Making/FingerTip__Approval_Status_information_to_the_informed_member.email
FullName/Id: FingerTip__Decision_Making/FingerTip__Approval_Status_information_to_the_informed_member/00X61000000MtQMEA0
Manageable State: installed
Namespace Prefix: FingerTip
Created By (Name/Id): Joe Aho/00561000002SXOVAA4
Last Modified By (Name/Id): Joe Aho/00561000002SXOVAA4
************************************************************
************************************************************
FileName: email/FingerTip__Decision_Making/FingerTip__Email_template_on_decision.email
FullName/Id: FingerTip__Decision_Making/FingerTip__Email_template_on_decision/00X61000000MtQNEA0
Manageable State: installed
Namespace Prefix: FingerTip
Created By (Name/Id): Joe Aho/00561000002SXOVAA4
Last Modified By (Name/Id): Joe Aho/00561000002SXOVAA4
************************************************************
************************************************************
FileName: email/FingerTip__Decision_Making/FingerTip__Reminder_email_template_on_decision.email
FullName/Id: FingerTip__Decision_Making/FingerTip__Reminder_email_template_on_decision/00X61000000MtQPEA0
Manageable State: installed
Namespace Prefix: FingerTip
Created By (Name/Id): Joe Aho/00561000002SXOVAA4
Last Modified By (Name/Id): Joe Aho/00561000002SXOVAA4
************************************************************
************************************************************
FileName: email/FingerTip__Decision_Making/FingerTip__Email_template_on_role_acceptance.email
FullName/Id: FingerTip__Decision_Making/FingerTip__Email_template_on_role_acceptance/00X61000000MtQOEA0
Manageable State: installed
Namespace Prefix: FingerTip
Created By (Name/Id): Joe Aho/00561000002SXOVAA4
Last Modified By (Name/Id): Joe Aho/00561000002SXOVAA4
************************************************************
