************************************************************
FileName: reports/SEC_Reports/Transitioning_Members_to_YPO_Gold_FY181.report
FullName/Id: SEC_Reports/Transitioning_Members_to_YPO_Gold_FY181/00O61000004ENAWEA4
Manageable State: unmanaged
Namespace Prefix: null
Created By (Name/Id): Danny Smith/00561000002BqLRAA0
Last Modified By (Name/Id): Danny Smith/00561000002BqLRAA0
************************************************************
************************************************************
FileName: reports/SEC_Reports/SEC_CAs.report
FullName/Id: SEC_Reports/SEC_CAs/00O610000045yhWEAQ
Manageable State: unmanaged
Namespace Prefix: null
Created By (Name/Id): Melinda Henrickson/00561000002DozMAAS
Last Modified By (Name/Id): Kelli Do/00561000001PrKOAA0
************************************************************
************************************************************
FileName: reports/SEC_Reports/Officer_Identification_Status_Detail_SEC.report
FullName/Id: SEC_Reports/Officer_Identification_Status_Detail_SEC/00O610000042a30EAA
Manageable State: unmanaged
Namespace Prefix: null
Created By (Name/Id): Danny Smith/00561000002BqLRAA0
Last Modified By (Name/Id): Danny Smith/00561000002BqLRAA0
************************************************************
************************************************************
FileName: reports/SEC_Reports/FY19_Officer_Attd_CLW_America_SEC.report
FullName/Id: SEC_Reports/FY19_Officer_Attd_CLW_America_SEC/00O610000042mX1EAI
Manageable State: unmanaged
Namespace Prefix: null
Created By (Name/Id): Danny Smith/00561000002BqLRAA0
Last Modified By (Name/Id): Danny Smith/00561000002BqLRAA0
************************************************************
************************************************************
FileName: reports/SEC_Reports/SEC_Forum_Officer_List.report
FullName/Id: SEC_Reports/SEC_Forum_Officer_List/00O61000004Ehv9EAC
Manageable State: unmanaged
Namespace Prefix: null
Created By (Name/Id): Karen Wing/00561000002DozYAAS
Last Modified By (Name/Id): Karen Wing/00561000002DozYAAS
************************************************************
************************************************************
FileName: reports/SEC_Reports/YPO_Chapter_Health_Data_SEC.report
FullName/Id: SEC_Reports/YPO_Chapter_Health_Data_SEC/00O610000042lanEAA
Manageable State: unmanaged
Namespace Prefix: null
Created By (Name/Id): Danny Smith/00561000002BqLRAA0
Last Modified By (Name/Id): Danny Smith/00561000002BqLRAA0
************************************************************
************************************************************
FileName: reports/SEC_Reports/WPO_Empire_State_Former_Members.report
FullName/Id: SEC_Reports/WPO_Empire_State_Former_Members/00O610000042ZPEEA2
Manageable State: unmanaged
Namespace Prefix: null
Created By (Name/Id): Andrea Childs/00561000002cR7DAAU
Last Modified By (Name/Id): Andrea Childs/00561000002cR7DAAU
************************************************************
************************************************************
FileName: reports/SEC_Reports/SEC_YPO_Renewals_FY18_19_for_CAs.report
FullName/Id: SEC_Reports/SEC_YPO_Renewals_FY18_19_for_CAs/00O61000004E5q0EAC
Manageable State: unmanaged
Namespace Prefix: null
Created By (Name/Id): Karen Wing/00561000002DozYAAS
Last Modified By (Name/Id): Karen Wing/00561000002DozYAAS
************************************************************
************************************************************
FileName: reports/SEC_Reports/New_SEC_Members.report
FullName/Id: SEC_Reports/New_SEC_Members/00O610000042OgwEAE
Manageable State: unmanaged
Namespace Prefix: null
Created By (Name/Id): Melinda Henrickson/00561000002DozMAAS
Last Modified By (Name/Id): Melinda Henrickson/00561000002DozMAAS
************************************************************
************************************************************
FileName: reports/SEC_Reports/SEC_Renewals_Closed_Won_by_Week.report
FullName/Id: SEC_Reports/SEC_Renewals_Closed_Won_by_Week/00O61000004EYr7EAG
Manageable State: unmanaged
Namespace Prefix: null
Created By (Name/Id): Karen Wing/00561000002DozYAAS
Last Modified By (Name/Id): Karen Wing/00561000002DozYAAS
************************************************************
************************************************************
FileName: reports/SEC_Reports/FY18_Lifetime_Members_SEC.report
FullName/Id: SEC_Reports/FY18_Lifetime_Members_SEC/00O61000004ELPeEAO
Manageable State: unmanaged
Namespace Prefix: null
Created By (Name/Id): Danny Smith/00561000002BqLRAA0
Last Modified By (Name/Id): Danny Smith/00561000002BqLRAA0
************************************************************
************************************************************
FileName: reports/SEC_Reports/SEC_Renewals_Projection_Report.report
FullName/Id: SEC_Reports/SEC_Renewals_Projection_Report/00O610000046779EAA
Manageable State: unmanaged
Namespace Prefix: null
Created By (Name/Id): Melinda Henrickson/00561000002DozMAAS
Last Modified By (Name/Id): Melinda Henrickson/00561000002DozMAAS
************************************************************
************************************************************
FileName: reports/SEC_Reports/SEC_chapter_Health_Data.report
FullName/Id: SEC_Reports/SEC_chapter_Health_Data/00O61000003nWtOEAU
Manageable State: unmanaged
Namespace Prefix: null
Created By (Name/Id): Melinda Henrickson/00561000002DozMAAS
Last Modified By (Name/Id): Melinda Henrickson/00561000002DozMAAS
************************************************************
************************************************************
FileName: reports/SEC_Reports/Chapter_Officers_by_Region2.report
FullName/Id: SEC_Reports/Chapter_Officers_by_Region2/00O610000046P6QEAU
Manageable State: unmanaged
Namespace Prefix: null
Created By (Name/Id): Melinda Henrickson/00561000002DozMAAS
Last Modified By (Name/Id): Melinda Henrickson/00561000002DozMAAS
************************************************************
************************************************************
FileName: reports/SEC_Reports/SEC_Renewals_Gold_FY18_191.report
FullName/Id: SEC_Reports/SEC_Renewals_Gold_FY18_191/00O61000004ECwPEAW
Manageable State: unmanaged
Namespace Prefix: null
Created By (Name/Id): Karen Wing/00561000002DozYAAS
Last Modified By (Name/Id): Karen Wing/00561000002DozYAAS
************************************************************
************************************************************
FileName: reports/SEC_Reports/YGold_Miami_FTL_Secondary.report
FullName/Id: SEC_Reports/YGold_Miami_FTL_Secondary/00O610000046FUhEAM
Manageable State: unmanaged
Namespace Prefix: null
Created By (Name/Id): Melinda Henrickson/00561000002DozMAAS
Last Modified By (Name/Id): Melinda Henrickson/00561000002DozMAAS
************************************************************
************************************************************
FileName: reports/SEC_Reports/SEC_Regional_Officers.report
FullName/Id: SEC_Reports/SEC_Regional_Officers/00O6100000460HLEAY
Manageable State: unmanaged
Namespace Prefix: null
Created By (Name/Id): Melinda Henrickson/00561000002DozMAAS
Last Modified By (Name/Id): Melinda Henrickson/00561000002DozMAAS
************************************************************
************************************************************
FileName: reports/SEC_Reports/Gold_CC_CA_MIO.report
FullName/Id: SEC_Reports/Gold_CC_CA_MIO/00O6100000469mjEAA
Manageable State: unmanaged
Namespace Prefix: null
Created By (Name/Id): Melinda Henrickson/00561000002DozMAAS
Last Modified By (Name/Id): Melinda Henrickson/00561000002DozMAAS
************************************************************
************************************************************
FileName: reports/SEC_Reports/All_current_and_former_YPO_members.report
FullName/Id: SEC_Reports/All_current_and_former_YPO_members/00O610000046H0PEAU
Manageable State: unmanaged
Namespace Prefix: null
Created By (Name/Id): Melinda Henrickson/00561000002DozMAAS
Last Modified By (Name/Id): Melinda Henrickson/00561000002DozMAAS
************************************************************
************************************************************
FileName: reports/SEC_Reports/YPO_Renewal_Projection_Report_SEC.report
FullName/Id: SEC_Reports/YPO_Renewal_Projection_Report_SEC/00O61000004EL9WEAW
Manageable State: unmanaged
Namespace Prefix: null
Created By (Name/Id): Danny Smith/00561000002BqLRAA0
Last Modified By (Name/Id): Danny Smith/00561000002BqLRAA0
************************************************************
************************************************************
FileName: reports/SEC_Reports/New_Member_Vouchers1.report
FullName/Id: SEC_Reports/New_Member_Vouchers1/00O6100000431HxEAI
Manageable State: unmanaged
Namespace Prefix: null
Created By (Name/Id): Karen Wing/00561000002DozYAAS
Last Modified By (Name/Id): Karen Wing/00561000002DozYAAS
************************************************************
************************************************************
FileName: reports/SEC_Reports/Resignation_YPO_Virginia.report
FullName/Id: SEC_Reports/Resignation_YPO_Virginia/00O61000004ETAhEAO
Manageable State: unmanaged
Namespace Prefix: null
Created By (Name/Id): Danny Smith/00561000002BqLRAA0
Last Modified By (Name/Id): Danny Smith/00561000002BqLRAA0
************************************************************
************************************************************
FileName: reports/SEC_Reports/FY18_Renewals_SEC_Gold.report
FullName/Id: SEC_Reports/FY18_Renewals_SEC_Gold/00O61000004EYrWEAW
Manageable State: unmanaged
Namespace Prefix: null
Created By (Name/Id): Karen Wing/00561000002DozYAAS
Last Modified By (Name/Id): Karen Wing/00561000002DozYAAS
************************************************************
************************************************************
FileName: reports/SEC_Reports/SEC_FY18_Chapter_Chairs.report
FullName/Id: SEC_Reports/SEC_FY18_Chapter_Chairs/00O610000042rjCEAQ
Manageable State: unmanaged
Namespace Prefix: null
Created By (Name/Id): Karen Wing/00561000002DozYAAS
Last Modified By (Name/Id): Karen Wing/00561000002DozYAAS
************************************************************
************************************************************
FileName: reports/SEC_Reports/Active_Chapters_in_Region.report
FullName/Id: SEC_Reports/Active_Chapters_in_Region/00O61000004621PEAQ
Manageable State: unmanaged
Namespace Prefix: null
Created By (Name/Id): Melinda Henrickson/00561000002DozMAAS
Last Modified By (Name/Id): Melinda Henrickson/00561000002DozMAAS
************************************************************
************************************************************
FileName: reports/SEC_Reports/YPO_Gold_CBMS17.report
FullName/Id: SEC_Reports/YPO_Gold_CBMS17/00O610000042l06EAA
Manageable State: unmanaged
Namespace Prefix: null
Created By (Name/Id): Danny Smith/00561000002BqLRAA0
Last Modified By (Name/Id): Danny Smith/00561000002BqLRAA0
************************************************************
************************************************************
FileName: reports/SEC_Reports/Chapter_Officers_Training.report
FullName/Id: SEC_Reports/Chapter_Officers_Training/00O610000046PcHEAU
Manageable State: unmanaged
Namespace Prefix: null
Created By (Name/Id): Melinda Henrickson/00561000002DozMAAS
Last Modified By (Name/Id): Melinda Henrickson/00561000002DozMAAS
************************************************************
************************************************************
FileName: reports/SEC_Reports/Members_Home_and_Business_Addresses.report
FullName/Id: SEC_Reports/Members_Home_and_Business_Addresses/00O610000046BjiEAE
Manageable State: unmanaged
Namespace Prefix: null
Created By (Name/Id): Melinda Henrickson/00561000002DozMAAS
Last Modified By (Name/Id): Melinda Henrickson/00561000002DozMAAS
************************************************************
************************************************************
FileName: reports/SEC_Reports/YPO_Chapter_Health_Metrics_SEC.report
FullName/Id: SEC_Reports/YPO_Chapter_Health_Metrics_SEC/00O610000042lctEAA
Manageable State: unmanaged
Namespace Prefix: null
Created By (Name/Id): Danny Smith/00561000002BqLRAA0
Last Modified By (Name/Id): Danny Smith/00561000002BqLRAA0
************************************************************
************************************************************
FileName: reports/SEC_Reports/SEC_Chapter_LOs.report
FullName/Id: SEC_Reports/SEC_Chapter_LOs/00O610000045zx1EAA
Manageable State: unmanaged
Namespace Prefix: null
Created By (Name/Id): Melinda Henrickson/00561000002DozMAAS
Last Modified By (Name/Id): Melinda Henrickson/00561000002DozMAAS
************************************************************
************************************************************
FileName: reports/SEC_Reports/YPO_Gold_SEC_At_Large.report
FullName/Id: SEC_Reports/YPO_Gold_SEC_At_Large/00O6100000460FoEAI
Manageable State: unmanaged
Namespace Prefix: null
Created By (Name/Id): Melinda Henrickson/00561000002DozMAAS
Last Modified By (Name/Id): Melinda Henrickson/00561000002DozMAAS
************************************************************
************************************************************
FileName: reports/SEC_Reports/SEC_CHD.report
FullName/Id: SEC_Reports/SEC_CHD/00O61000003nFysEAE
Manageable State: unmanaged
Namespace Prefix: null
Created By (Name/Id): Melinda Henrickson/00561000002DozMAAS
Last Modified By (Name/Id): Melinda Henrickson/00561000002DozMAAS
************************************************************
************************************************************
FileName: reports/SEC_Reports/SEC_YPO_Gold_Renewals_FY18_19_for_CAs1.report
FullName/Id: SEC_Reports/SEC_YPO_Gold_Renewals_FY18_19_for_CAs1/00O61000004EG47EAG
Manageable State: unmanaged
Namespace Prefix: null
Created By (Name/Id): Karen Wing/00561000002DozYAAS
Last Modified By (Name/Id): Karen Wing/00561000002DozYAAS
************************************************************
************************************************************
FileName: reports/SEC_Reports/SEC_YPO_YPO_Gold_Renewal_Report.report
FullName/Id: SEC_Reports/SEC_YPO_YPO_Gold_Renewal_Report/00O61000001ZmsCEAS
Manageable State: unmanaged
Namespace Prefix: null
Created By (Name/Id): Karen Wing/00561000002DozYAAS
Last Modified By (Name/Id): Karen Wing/00561000002DozYAAS
************************************************************
************************************************************
FileName: reports/SEC_Reports/FY18_SEC_Events.report
FullName/Id: SEC_Reports/FY18_SEC_Events/00O610000046IWMEA2
Manageable State: unmanaged
Namespace Prefix: null
Created By (Name/Id): Melinda Henrickson/00561000002DozMAAS
Last Modified By (Name/Id): Melinda Henrickson/00561000002DozMAAS
************************************************************
************************************************************
FileName: reports/SEC_Reports/Chapter_Officer_Matrix_YPO2.report
FullName/Id: SEC_Reports/Chapter_Officer_Matrix_YPO2/00O61000003nWv0EAE
Manageable State: unmanaged
Namespace Prefix: null
Created By (Name/Id): Melinda Henrickson/00561000002DozMAAS
Last Modified By (Name/Id): Melinda Henrickson/00561000002DozMAAS
************************************************************
************************************************************
FileName: reports/SEC_Reports/SEC_incoming_Chapter_Chairs.report
FullName/Id: SEC_Reports/SEC_incoming_Chapter_Chairs/00O6100000463MiEAI
Manageable State: unmanaged
Namespace Prefix: null
Created By (Name/Id): Melinda Henrickson/00561000002DozMAAS
Last Modified By (Name/Id): Melinda Henrickson/00561000002DozMAAS
************************************************************
************************************************************
FileName: reports/SEC_Reports/Members_with_Active_Business.report
FullName/Id: SEC_Reports/Members_with_Active_Business/00O610000046FxAEAU
Manageable State: unmanaged
Namespace Prefix: null
Created By (Name/Id): Melinda Henrickson/00561000002DozMAAS
Last Modified By (Name/Id): Melinda Henrickson/00561000002DozMAAS
************************************************************
************************************************************
FileName: reports/SEC_Reports/YPO_Member_Profile_Report_SEC.report
FullName/Id: SEC_Reports/YPO_Member_Profile_Report_SEC/00O610000042lZ1EAI
Manageable State: unmanaged
Namespace Prefix: null
Created By (Name/Id): Danny Smith/00561000002BqLRAA0
Last Modified By (Name/Id): Danny Smith/00561000002BqLRAA0
************************************************************
************************************************************
FileName: reports/SEC_Reports/SEC_FY18_and_FY19_Chapter_Chairs.report
FullName/Id: SEC_Reports/SEC_FY18_and_FY19_Chapter_Chairs/00O6100000438pTEAQ
Manageable State: unmanaged
Namespace Prefix: null
Created By (Name/Id): Karen Wing/00561000002DozYAAS
Last Modified By (Name/Id): Karen Wing/00561000002DozYAAS
************************************************************
************************************************************
FileName: reports/SEC_Reports/Active_Mbrs_w_Spouse_Partner_SEC.report
FullName/Id: SEC_Reports/Active_Mbrs_w_Spouse_Partner_SEC/00O610000042rdxEAA
Manageable State: unmanaged
Namespace Prefix: null
Created By (Name/Id): Danny Smith/00561000002BqLRAA0
Last Modified By (Name/Id): Danny Smith/00561000002BqLRAA0
************************************************************
************************************************************
FileName: reports/SEC_Reports/Chapter_Visits_Southeast_US_and_Caribbea.report
FullName/Id: SEC_Reports/Chapter_Visits_Southeast_US_and_Caribbea/00O61000004DyJYEA0
Manageable State: unmanaged
Namespace Prefix: null
Created By (Name/Id): Danny Smith/00561000002BqLRAA0
Last Modified By (Name/Id): Danny Smith/00561000002BqLRAA0
************************************************************
************************************************************
FileName: reports/SEC_Reports/Members_by_Region5.report
FullName/Id: SEC_Reports/Members_by_Region5/00O61000003nbTaEAI
Manageable State: unmanaged
Namespace Prefix: null
Created By (Name/Id): Melinda Henrickson/00561000002DozMAAS
Last Modified By (Name/Id): Melinda Henrickson/00561000002DozMAAS
************************************************************
************************************************************
FileName: reports/SEC_Reports/Chapter_Roster_Preferred_Contact_TC.report
FullName/Id: SEC_Reports/Chapter_Roster_Preferred_Contact_TC/00O610000042SqHEAU
Manageable State: unmanaged
Namespace Prefix: null
Created By (Name/Id): Thomas Cook/00561000002EIpGAAW
Last Modified By (Name/Id): Thomas Cook/00561000002EIpGAAW
************************************************************
************************************************************
FileName: reports/SEC_Reports/FY19_Officer_Attd_CLW_Europe_SEC.report
FullName/Id: SEC_Reports/FY19_Officer_Attd_CLW_Europe_SEC/00O610000042mWDEAY
Manageable State: unmanaged
Namespace Prefix: null
Created By (Name/Id): Danny Smith/00561000002BqLRAA0
Last Modified By (Name/Id): Danny Smith/00561000002BqLRAA0
************************************************************
************************************************************
FileName: reports/SEC_Reports/YPO_CBMS17.report
FullName/Id: SEC_Reports/YPO_CBMS17/00O610000042l0BEAQ
Manageable State: unmanaged
Namespace Prefix: null
Created By (Name/Id): Danny Smith/00561000002BqLRAA0
Last Modified By (Name/Id): Danny Smith/00561000002BqLRAA0
************************************************************
************************************************************
FileName: reports/SEC_Reports/SEC_YPO_Renewals_FY18_191.report
FullName/Id: SEC_Reports/SEC_YPO_Renewals_FY18_191/00O61000004ECwZEAW
Manageable State: unmanaged
Namespace Prefix: null
Created By (Name/Id): Karen Wing/00561000002DozYAAS
Last Modified By (Name/Id): Karen Wing/00561000002DozYAAS
************************************************************
************************************************************
FileName: reports/SEC_Reports/ALL_CAs.report
FullName/Id: SEC_Reports/ALL_CAs/00O610000045yh7EAA
Manageable State: unmanaged
Namespace Prefix: null
Created By (Name/Id): Melinda Henrickson/00561000002DozMAAS
Last Modified By (Name/Id): Melinda Henrickson/00561000002DozMAAS
************************************************************
************************************************************
FileName: reports/SEC_Reports/Regional_Members_SEC1.report
FullName/Id: SEC_Reports/Regional_Members_SEC1/00O610000042pQNEAY
Manageable State: unmanaged
Namespace Prefix: null
Created By (Name/Id): Danny Smith/00561000002BqLRAA0
Last Modified By (Name/Id): Danny Smith/00561000002BqLRAA0
************************************************************
************************************************************
FileName: reports/SEC_Reports/SEC_REGIONAL_OFFICERS_LIST.report
FullName/Id: SEC_Reports/SEC_REGIONAL_OFFICERS_LIST/00O610000043AkfEAE
Manageable State: unmanaged
Namespace Prefix: null
Created By (Name/Id): Karen Wing/00561000002DozYAAS
Last Modified By (Name/Id): Karen Wing/00561000002DozYAAS
************************************************************
************************************************************
FileName: reports/SEC_Reports/FY19_Regional_Officer_ID_SEC.report
FullName/Id: SEC_Reports/FY19_Regional_Officer_ID_SEC/00O610000042j8rEAA
Manageable State: unmanaged
Namespace Prefix: null
Created By (Name/Id): Danny Smith/00561000002BqLRAA0
Last Modified By (Name/Id): Danny Smith/00561000002BqLRAA0
************************************************************
************************************************************
FileName: reports/SEC_Reports/FY19_Reg_Officers_Reg_for_GLC_SEC.report
FullName/Id: SEC_Reports/FY19_Reg_Officers_Reg_for_GLC_SEC/00O610000042ktjEAA
Manageable State: unmanaged
Namespace Prefix: null
Created By (Name/Id): Danny Smith/00561000002BqLRAA0
Last Modified By (Name/Id): Danny Smith/00561000002BqLRAA0
************************************************************
************************************************************
FileName: reports/SEC_Reports/FY18_Renewals_Gold_SEC.report
FullName/Id: SEC_Reports/FY18_Renewals_Gold_SEC/00O610000046QmXEAU
Manageable State: unmanaged
Namespace Prefix: null
Created By (Name/Id): Melinda Henrickson/00561000002DozMAAS
Last Modified By (Name/Id): Melinda Henrickson/00561000002DozMAAS
************************************************************
************************************************************
FileName: reports/SEC_Reports/Chapter_Events_in_SEC_Region.report
FullName/Id: SEC_Reports/Chapter_Events_in_SEC_Region/00O610000042RdWEAU
Manageable State: unmanaged
Namespace Prefix: null
Created By (Name/Id): Melinda Henrickson/00561000002DozMAAS
Last Modified By (Name/Id): Melinda Henrickson/00561000002DozMAAS
************************************************************
************************************************************
FileName: reports/SEC_Reports/SEC_REX_Officer_Current_and_Elect2.report
FullName/Id: SEC_Reports/SEC_REX_Officer_Current_and_Elect2/00O610000049rW2EAI
Manageable State: unmanaged
Namespace Prefix: null
Created By (Name/Id): Karen Wing/00561000002DozYAAS
Last Modified By (Name/Id): Karen Wing/00561000002DozYAAS
************************************************************
************************************************************
FileName: reports/SEC_Reports/SEC_YPO_All_Current_Members.report
FullName/Id: SEC_Reports/SEC_YPO_All_Current_Members/00O610000042YfkEAE
Manageable State: unmanaged
Namespace Prefix: null
Created By (Name/Id): Andrea Childs/00561000002cR7DAAU
Last Modified By (Name/Id): Andrea Childs/00561000002cR7DAAU
************************************************************
************************************************************
FileName: reports/SEC_Reports/FY18_Renewals_SEC_YPO.report
FullName/Id: SEC_Reports/FY18_Renewals_SEC_YPO/00O61000004EYrMEAW
Manageable State: unmanaged
Namespace Prefix: null
Created By (Name/Id): Karen Wing/00561000002DozYAAS
Last Modified By (Name/Id): Karen Wing/00561000002DozYAAS
************************************************************
************************************************************
FileName: reports/SEC_Reports/CC_CMO_CA_YPO_SEC.report
FullName/Id: SEC_Reports/CC_CMO_CA_YPO_SEC/00O610000042sGVEAY
Manageable State: unmanaged
Namespace Prefix: null
Created By (Name/Id): Andrea Childs/00561000002cR7DAAU
Last Modified By (Name/Id): Andrea Childs/00561000002cR7DAAU
************************************************************
************************************************************
FileName: reports/SEC_Reports/SEC_YPO_YPO_Gold_Profile_Completion.report
FullName/Id: SEC_Reports/SEC_YPO_YPO_Gold_Profile_Completion/00O61000001Zms7EAC
Manageable State: unmanaged
Namespace Prefix: null
Created By (Name/Id): Karen Wing/00561000002DozYAAS
Last Modified By (Name/Id): Karen Wing/00561000002DozYAAS
************************************************************
************************************************************
FileName: reports/SEC_Reports/Chapter_Transfers_into_YPO_Atlanta.report
FullName/Id: SEC_Reports/Chapter_Transfers_into_YPO_Atlanta/00O61000004ETn0EAG
Manageable State: unmanaged
Namespace Prefix: null
Created By (Name/Id): Danny Smith/00561000002BqLRAA0
Last Modified By (Name/Id): Danny Smith/00561000002BqLRAA0
************************************************************
************************************************************
FileName: reports/SEC_Reports/FY18_Current_Officers_SEC.report
FullName/Id: SEC_Reports/FY18_Current_Officers_SEC/00O610000042emWEAQ
Manageable State: unmanaged
Namespace Prefix: null
Created By (Name/Id): Danny Smith/00561000002BqLRAA0
Last Modified By (Name/Id): Danny Smith/00561000002BqLRAA0
************************************************************
************************************************************
FileName: reports/SEC_Reports/FY19_Chapter_Officer_ID_SEC.report
FullName/Id: SEC_Reports/FY19_Chapter_Officer_ID_SEC/00O610000042mUvEAI
Manageable State: unmanaged
Namespace Prefix: null
Created By (Name/Id): Danny Smith/00561000002BqLRAA0
Last Modified By (Name/Id): Danny Smith/00561000002BqLRAA0
************************************************************
************************************************************
FileName: reports/SEC_Reports/Andrea_Members_with_School_Info.report
FullName/Id: SEC_Reports/Andrea_Members_with_School_Info/00O610000042z6IEAQ
Manageable State: unmanaged
Namespace Prefix: null
Created By (Name/Id): Thomas Cook/00561000002EIpGAAW
Last Modified By (Name/Id): Thomas Cook/00561000002EIpGAAW
************************************************************
************************************************************
FileName: reports/SEC_Reports/Chapter_Health_SEC_Region.report
FullName/Id: SEC_Reports/Chapter_Health_SEC_Region/00O6100000460JCEAY
Manageable State: unmanaged
Namespace Prefix: null
Created By (Name/Id): Melinda Henrickson/00561000002DozMAAS
Last Modified By (Name/Id): Melinda Henrickson/00561000002DozMAAS
************************************************************
************************************************************
FileName: reports/SEC_Reports/Andrea_NM_Report_for_SEC.report
FullName/Id: SEC_Reports/Andrea_NM_Report_for_SEC/00O610000042g4rEAA
Manageable State: unmanaged
Namespace Prefix: null
Created By (Name/Id): Thomas Cook/00561000002EIpGAAW
Last Modified By (Name/Id): Thomas Cook/00561000002EIpGAAW
************************************************************
************************************************************
FileName: reports/SEC_Reports/SEC_CAs_Primary.report
FullName/Id: SEC_Reports/SEC_CAs_Primary/00O610000042YYjEAM
Manageable State: unmanaged
Namespace Prefix: null
Created By (Name/Id): Karen Wing/00561000002DozYAAS
Last Modified By (Name/Id): Karen Wing/00561000002DozYAAS
************************************************************
************************************************************
FileName: reports/SEC_Reports/SEC_REX_Officer_Current_and_Elect1.report
FullName/Id: SEC_Reports/SEC_REX_Officer_Current_and_Elect1/00O610000049rVnEAI
Manageable State: unmanaged
Namespace Prefix: null
Created By (Name/Id): Karen Wing/00561000002DozYAAS
Last Modified By (Name/Id): Karen Wing/00561000002DozYAAS
************************************************************
************************************************************
FileName: reports/SEC_Reports/SEC_Region_Member_Address_List.report
FullName/Id: SEC_Reports/SEC_Region_Member_Address_List/00O61000004EQOREA4
Manageable State: unmanaged
Namespace Prefix: null
Created By (Name/Id): Karen Wing/00561000002DozYAAS
Last Modified By (Name/Id): Karen Wing/00561000002DozYAAS
************************************************************
************************************************************
FileName: reports/SEC_Reports/YPO_Orlando_Orlando_Gold_Not_in_Networks.report
FullName/Id: SEC_Reports/YPO_Orlando_Orlando_Gold_Not_in_Networks/00O610000042iwWEAQ
Manageable State: unmanaged
Namespace Prefix: null
Created By (Name/Id): Danny Smith/00561000002BqLRAA0
Last Modified By (Name/Id): Danny Smith/00561000002BqLRAA0
************************************************************
************************************************************
FileName: reports/SEC_Reports/FY19_Chapter_Officer_Attd_GLC_SEC.report
FullName/Id: SEC_Reports/FY19_Chapter_Officer_Attd_GLC_SEC/00O610000042mVZEAY
Manageable State: unmanaged
Namespace Prefix: null
Created By (Name/Id): Danny Smith/00561000002BqLRAA0
Last Modified By (Name/Id): Danny Smith/00561000002BqLRAA0
************************************************************
************************************************************
FileName: reports/SEC_Reports/Andrea_SEC_Leads_Report.report
FullName/Id: SEC_Reports/Andrea_SEC_Leads_Report/00O610000042hFbEAI
Manageable State: unmanaged
Namespace Prefix: null
Created By (Name/Id): Thomas Cook/00561000002EIpGAAW
Last Modified By (Name/Id): Thomas Cook/00561000002EIpGAAW
************************************************************
