************************************************************
FileName: dashboards/YPO_Membership_Renewals/Renewals_FY18_19_APAC.dashboard
FullName/Id: YPO_Membership_Renewals/Renewals_FY18_19_APAC/01Z61000000hfvrEAA
Manageable State: unmanaged
Namespace Prefix: null
Created By (Name/Id): Ike Irozuru/00561000001QT3QAAW
Last Modified By (Name/Id): Ike Irozuru/00561000001QT3QAAW
************************************************************
************************************************************
FileName: dashboards/YPO_Membership_Renewals/Renewals_FY18_19_EMEA.dashboard
FullName/Id: YPO_Membership_Renewals/Renewals_FY18_19_EMEA/01Z61000000hfwBEAQ
Manageable State: unmanaged
Namespace Prefix: null
Created By (Name/Id): Ike Irozuru/00561000001QT3QAAW
Last Modified By (Name/Id): Ike Irozuru/00561000001QT3QAAW
************************************************************
************************************************************
FileName: dashboards/YPO_Membership_Renewals/Renewals_FY18_19_Americas.dashboard
FullName/Id: YPO_Membership_Renewals/Renewals_FY18_19_Americas/01Z61000000hfwGEAQ
Manageable State: unmanaged
Namespace Prefix: null
Created By (Name/Id): Ike Irozuru/00561000001QT3QAAW
Last Modified By (Name/Id): Ike Irozuru/00561000001QT3QAAW
************************************************************
************************************************************
FileName: dashboards/YPO_Membership_Renewals/Renewals.dashboard
FullName/Id: YPO_Membership_Renewals/Renewals/01Z61000000QRBqEAO
Manageable State: unmanaged
Namespace Prefix: null
Created By (Name/Id): Taylor Poppell/00561000002SlNbAAK
Last Modified By (Name/Id): Kelli Do/00561000001PrKOAA0
************************************************************
************************************************************
FileName: dashboards/YPO_Membership_Renewals/Renewals_FY18_19_Dashboard.dashboard
FullName/Id: YPO_Membership_Renewals/Renewals_FY18_19_Dashboard/01Z61000000hfuyEAA
Manageable State: unmanaged
Namespace Prefix: null
Created By (Name/Id): Ike Irozuru/00561000001QT3QAAW
Last Modified By (Name/Id): Ike Irozuru/00561000001QT3QAAW
************************************************************
************************************************************
FileName: dashboards/YPO_Membership_Renewals/Renewals_FY18_19_Actuals_vs_Target.dashboard
FullName/Id: YPO_Membership_Renewals/Renewals_FY18_19_Actuals_vs_Target/01Z61000000hio5EAA
Manageable State: unmanaged
Namespace Prefix: null
Created By (Name/Id): Ike Irozuru/00561000001QT3QAAW
Last Modified By (Name/Id): Ike Irozuru/00561000001QT3QAAW
************************************************************
