************************************************************
FileName: reports/Aust_NZ_Reports/YPO_ANZ_Gender_Report_test.report
FullName/Id: Aust_NZ_Reports/YPO_ANZ_Gender_Report_test/00O61000001ZaRiEAK
Manageable State: unmanaged
Namespace Prefix: null
Created By (Name/Id): Emma Boling/00561000002Doy5AAC
Last Modified By (Name/Id): Emma Boling/00561000002Doy5AAC
************************************************************
************************************************************
FileName: reports/Aust_NZ_Reports/New_Members_Cards.report
FullName/Id: Aust_NZ_Reports/New_Members_Cards/00O610000042oSmEAI
Manageable State: unmanaged
Namespace Prefix: null
Created By (Name/Id): Emma Boling/00561000002Doy5AAC
Last Modified By (Name/Id): Emma Boling/00561000002Doy5AAC
************************************************************
************************************************************
FileName: reports/Aust_NZ_Reports/YPO_Gold_CBMS3.report
FullName/Id: Aust_NZ_Reports/YPO_Gold_CBMS3/00O610000042jPxEAI
Manageable State: unmanaged
Namespace Prefix: null
Created By (Name/Id): Danny Smith/00561000002BqLRAA0
Last Modified By (Name/Id): Danny Smith/00561000002BqLRAA0
************************************************************
************************************************************
FileName: reports/Aust_NZ_Reports/ANZ_Members_and_Spouses.report
FullName/Id: Aust_NZ_Reports/ANZ_Members_and_Spouses/00O610000042zKtEAI
Manageable State: unmanaged
Namespace Prefix: null
Created By (Name/Id): Emma Boling/00561000002Doy5AAC
Last Modified By (Name/Id): Emma Boling/00561000002Doy5AAC
************************************************************
************************************************************
FileName: reports/Aust_NZ_Reports/New_Member_Cards_FY19.report
FullName/Id: Aust_NZ_Reports/New_Member_Cards_FY19/00O61000004EeBmEAK
Manageable State: unmanaged
Namespace Prefix: null
Created By (Name/Id): Kate Parker/00561000002Dp1nAAC
Last Modified By (Name/Id): Kate Parker/00561000002Dp1nAAC
************************************************************
************************************************************
FileName: reports/Aust_NZ_Reports/FY19_Chapter_Officers_ID_Aust_NZ.report
FullName/Id: Aust_NZ_Reports/FY19_Chapter_Officers_ID_Aust_NZ/00O610000042mHrEAI
Manageable State: unmanaged
Namespace Prefix: null
Created By (Name/Id): Danny Smith/00561000002BqLRAA0
Last Modified By (Name/Id): Danny Smith/00561000002BqLRAA0
************************************************************
************************************************************
FileName: reports/Aust_NZ_Reports/YPO_Chapter_Health_Metrics_Aust_NZ.report
FullName/Id: Aust_NZ_Reports/YPO_Chapter_Health_Metrics_Aust_NZ/00O610000042lbMEAQ
Manageable State: unmanaged
Namespace Prefix: null
Created By (Name/Id): Danny Smith/00561000002BqLRAA0
Last Modified By (Name/Id): Danny Smith/00561000002BqLRAA0
************************************************************
************************************************************
FileName: reports/Aust_NZ_Reports/FY19_Officer_Attd_CLW_America_Aust_NZ.report
FullName/Id: Aust_NZ_Reports/FY19_Officer_Attd_CLW_America_Aust_NZ/00O610000042mHwEAI
Manageable State: unmanaged
Namespace Prefix: null
Created By (Name/Id): Danny Smith/00561000002BqLRAA0
Last Modified By (Name/Id): Danny Smith/00561000002BqLRAA0
************************************************************
************************************************************
FileName: reports/Aust_NZ_Reports/YPO_ANZ_New_Member_Vouchers_not_used.report
FullName/Id: Aust_NZ_Reports/YPO_ANZ_New_Member_Vouchers_not_used/00O610000049s8pEAA
Manageable State: unmanaged
Namespace Prefix: null
Created By (Name/Id): Emma Boling/00561000002Doy5AAC
Last Modified By (Name/Id): Emma Boling/00561000002Doy5AAC
************************************************************
************************************************************
FileName: reports/Aust_NZ_Reports/Chapter_Visits_Australia_New_Zealand.report
FullName/Id: Aust_NZ_Reports/Chapter_Visits_Australia_New_Zealand/00O610000049rF1EAI
Manageable State: unmanaged
Namespace Prefix: null
Created By (Name/Id): Danny Smith/00561000002BqLRAA0
Last Modified By (Name/Id): Danny Smith/00561000002BqLRAA0
************************************************************
************************************************************
FileName: reports/Aust_NZ_Reports/YPO_Chapter_Health_Data_Aust_NZ.report
FullName/Id: Aust_NZ_Reports/YPO_Chapter_Health_Data_Aust_NZ/00O610000042lZVEAY
Manageable State: unmanaged
Namespace Prefix: null
Created By (Name/Id): Danny Smith/00561000002BqLRAA0
Last Modified By (Name/Id): Danny Smith/00561000002BqLRAA0
************************************************************
************************************************************
FileName: reports/Aust_NZ_Reports/Network_Members_in_ANZ.report
FullName/Id: Aust_NZ_Reports/Network_Members_in_ANZ/00O61000004EFBMEA4
Manageable State: unmanaged
Namespace Prefix: null
Created By (Name/Id): Emma Boling/00561000002Doy5AAC
Last Modified By (Name/Id): Emma Boling/00561000002Doy5AAC
************************************************************
************************************************************
FileName: reports/Aust_NZ_Reports/Member_Gender_Report.report
FullName/Id: Aust_NZ_Reports/Member_Gender_Report/00O610000042pWkEAI
Manageable State: unmanaged
Namespace Prefix: null
Created By (Name/Id): Emma Boling/00561000002Doy5AAC
Last Modified By (Name/Id): Emma Boling/00561000002Doy5AAC
************************************************************
************************************************************
FileName: reports/Aust_NZ_Reports/YPO_ANZ_Member_profile_percentage.report
FullName/Id: Aust_NZ_Reports/YPO_ANZ_Member_profile_percentage/00O610000049s8fEAA
Manageable State: unmanaged
Namespace Prefix: null
Created By (Name/Id): Emma Boling/00561000002Doy5AAC
Last Modified By (Name/Id): Emma Boling/00561000002Doy5AAC
************************************************************
************************************************************
FileName: reports/Aust_NZ_Reports/YPO_ANZ_Chapter_Learning_awards.report
FullName/Id: Aust_NZ_Reports/YPO_ANZ_Chapter_Learning_awards/00O61000004EVNYEA4
Manageable State: unmanaged
Namespace Prefix: null
Created By (Name/Id): Emma Boling/00561000002Doy5AAC
Last Modified By (Name/Id): Emma Boling/00561000002Doy5AAC
************************************************************
************************************************************
FileName: reports/Aust_NZ_Reports/Members_ANZ.report
FullName/Id: Aust_NZ_Reports/Members_ANZ/00O610000042oT1EAI
Manageable State: unmanaged
Namespace Prefix: null
Created By (Name/Id): Emma Boling/00561000002Doy5AAC
Last Modified By (Name/Id): Emma Boling/00561000002Doy5AAC
************************************************************
************************************************************
FileName: reports/Aust_NZ_Reports/Lead_status_ANZ.report
FullName/Id: Aust_NZ_Reports/Lead_status_ANZ/00O610000042oTGEAY
Manageable State: unmanaged
Namespace Prefix: null
Created By (Name/Id): Emma Boling/00561000002Doy5AAC
Last Modified By (Name/Id): Emma Boling/00561000002Doy5AAC
************************************************************
************************************************************
FileName: reports/Aust_NZ_Reports/FY19_Reg_Officers_Reg_for_GLC_Aust_NZ.report
FullName/Id: Aust_NZ_Reports/FY19_Reg_Officers_Reg_for_GLC_Aust_NZ/00O610000042kvGEAQ
Manageable State: unmanaged
Namespace Prefix: null
Created By (Name/Id): Danny Smith/00561000002BqLRAA0
Last Modified By (Name/Id): Danny Smith/00561000002BqLRAA0
************************************************************
************************************************************
FileName: reports/Aust_NZ_Reports/Chapter_Learning_Health.report
FullName/Id: Aust_NZ_Reports/Chapter_Learning_Health/00O61000004EVN4EAO
Manageable State: unmanaged
Namespace Prefix: null
Created By (Name/Id): Emma Boling/00561000002Doy5AAC
Last Modified By (Name/Id): Emma Boling/00561000002Doy5AAC
************************************************************
************************************************************
FileName: reports/Aust_NZ_Reports/Member_Age_Report.report
FullName/Id: Aust_NZ_Reports/Member_Age_Report/00O610000042pWfEAI
Manageable State: unmanaged
Namespace Prefix: null
Created By (Name/Id): Emma Boling/00561000002Doy5AAC
Last Modified By (Name/Id): Emma Boling/00561000002Doy5AAC
************************************************************
************************************************************
FileName: reports/Aust_NZ_Reports/Renewal_Progress_Status_FY18_19_Aus_NewZ.report
FullName/Id: Aust_NZ_Reports/Renewal_Progress_Status_FY18_19_Aus_NewZ/00O61000004EDS6EAO
Manageable State: unmanaged
Namespace Prefix: null
Created By (Name/Id): Danny Smith/00561000002BqLRAA0
Last Modified By (Name/Id): Danny Smith/00561000002BqLRAA0
************************************************************
************************************************************
FileName: reports/Aust_NZ_Reports/FY18_Lifetime_Members_Aus_NZ.report
FullName/Id: Aust_NZ_Reports/FY18_Lifetime_Members_Aus_NZ/00O61000004ELJMEA4
Manageable State: unmanaged
Namespace Prefix: null
Created By (Name/Id): Danny Smith/00561000002BqLRAA0
Last Modified By (Name/Id): Danny Smith/00561000002BqLRAA0
************************************************************
************************************************************
FileName: reports/Aust_NZ_Reports/YPO_ANZ_Member_Grace_Report.report
FullName/Id: Aust_NZ_Reports/YPO_ANZ_Member_Grace_Report/00O61000004E0WKEA0
Manageable State: unmanaged
Namespace Prefix: null
Created By (Name/Id): Emma Boling/00561000002Doy5AAC
Last Modified By (Name/Id): Emma Boling/00561000002Doy5AAC
************************************************************
************************************************************
FileName: reports/Aust_NZ_Reports/FY19_Officers_Attd_CLW_Europe_Aust_NZ.report
FullName/Id: Aust_NZ_Reports/FY19_Officers_Attd_CLW_Europe_Aust_NZ/00O610000042mIGEAY
Manageable State: unmanaged
Namespace Prefix: null
Created By (Name/Id): Danny Smith/00561000002BqLRAA0
Last Modified By (Name/Id): Danny Smith/00561000002BqLRAA0
************************************************************
************************************************************
FileName: reports/Aust_NZ_Reports/FY19_Chapter_Officers_Attd_GLC_Aust_NZ.report
FullName/Id: Aust_NZ_Reports/FY19_Chapter_Officers_Attd_GLC_Aust_NZ/00O610000042mI6EAI
Manageable State: unmanaged
Namespace Prefix: null
Created By (Name/Id): Danny Smith/00561000002BqLRAA0
Last Modified By (Name/Id): Danny Smith/00561000002BqLRAA0
************************************************************
************************************************************
FileName: reports/Aust_NZ_Reports/Renewal_Report_ANZ_FY18.report
FullName/Id: Aust_NZ_Reports/Renewal_Report_ANZ_FY18/00O61000004DyM8EAK
Manageable State: unmanaged
Namespace Prefix: null
Created By (Name/Id): Emma Boling/00561000002Doy5AAC
Last Modified By (Name/Id): Emma Boling/00561000002Doy5AAC
************************************************************
************************************************************
FileName: reports/Aust_NZ_Reports/YPO_Member_Profile_Report_Aust_NZ.report
FullName/Id: Aust_NZ_Reports/YPO_Member_Profile_Report_Aust_NZ/00O610000042lXoEAI
Manageable State: unmanaged
Namespace Prefix: null
Created By (Name/Id): Danny Smith/00561000002BqLRAA0
Last Modified By (Name/Id): Danny Smith/00561000002BqLRAA0
************************************************************
************************************************************
FileName: reports/Aust_NZ_Reports/YPO_CBMS7.report
FullName/Id: Aust_NZ_Reports/YPO_CBMS7/00O610000042kyKEAQ
Manageable State: unmanaged
Namespace Prefix: null
Created By (Name/Id): Danny Smith/00561000002BqLRAA0
Last Modified By (Name/Id): Danny Smith/00561000002BqLRAA0
************************************************************
************************************************************
FileName: reports/Aust_NZ_Reports/YPO_Renewal_Projection_Report_Aus_NZ.report
FullName/Id: Aust_NZ_Reports/YPO_Renewal_Projection_Report_Aus_NZ/00O61000004ELCaEAO
Manageable State: unmanaged
Namespace Prefix: null
Created By (Name/Id): Danny Smith/00561000002BqLRAA0
Last Modified By (Name/Id): Danny Smith/00561000002BqLRAA0
************************************************************
************************************************************
FileName: reports/Aust_NZ_Reports/YPO_ANZ_Prospect_leads_by_Chapter1.report
FullName/Id: Aust_NZ_Reports/YPO_ANZ_Prospect_leads_by_Chapter1/00O61000004385VEAQ
Manageable State: unmanaged
Namespace Prefix: null
Created By (Name/Id): Emma Boling/00561000002Doy5AAC
Last Modified By (Name/Id): Emma Boling/00561000002Doy5AAC
************************************************************
