************************************************************
FileName: reports/ffxp__ffdc5_FinancialForce_Reports/ffxp__ffdc5_Settlement_Discounts_Given.report
FullName/Id: ffxp__ffdc5_FinancialForce_Reports/ffxp__ffdc5_Settlement_Discounts_Given/00O610000042zlGEAQ
Manageable State: installed
Namespace Prefix: ffxp
Created By (Name/Id): TEMPORARY FF Onboarding Login/00561000002zrVwAAI
Last Modified By (Name/Id): TEMPORARY FF Onboarding Login/00561000002zrVwAAI
************************************************************
************************************************************
FileName: reports/ffxp__ffdc5_FinancialForce_Reports/ffxp__ffdc5_Forecast_Payments.report
FullName/Id: ffxp__ffdc5_FinancialForce_Reports/ffxp__ffdc5_Forecast_Payments/00O610000042zl1EAA
Manageable State: installed
Namespace Prefix: ffxp
Created By (Name/Id): TEMPORARY FF Onboarding Login/00561000002zrVwAAI
Last Modified By (Name/Id): TEMPORARY FF Onboarding Login/00561000002zrVwAAI
************************************************************
************************************************************
FileName: reports/ffxp__ffdc5_FinancialForce_Reports/ffxp__ffdc5_Purchase_Invoices_Overdue.report
FullName/Id: ffxp__ffdc5_FinancialForce_Reports/ffxp__ffdc5_Purchase_Invoices_Overdue/00O610000042zl8EAA
Manageable State: installed
Namespace Prefix: ffxp
Created By (Name/Id): TEMPORARY FF Onboarding Login/00561000002zrVwAAI
Last Modified By (Name/Id): TEMPORARY FF Onboarding Login/00561000002zrVwAAI
************************************************************
************************************************************
FileName: reports/ffxp__ffdc5_FinancialForce_Reports/ffxp__ffdc5_Sales_Variance_by_Region.report
FullName/Id: ffxp__ffdc5_FinancialForce_Reports/ffxp__ffdc5_Sales_Variance_by_Region/00O610000042zlEEAQ
Manageable State: installed
Namespace Prefix: ffxp
Created By (Name/Id): TEMPORARY FF Onboarding Login/00561000002zrVwAAI
Last Modified By (Name/Id): TEMPORARY FF Onboarding Login/00561000002zrVwAAI
************************************************************
************************************************************
FileName: reports/ffxp__ffdc5_FinancialForce_Reports/ffxp__ffdc5_Forecast_Receipts.report
FullName/Id: ffxp__ffdc5_FinancialForce_Reports/ffxp__ffdc5_Forecast_Receipts/00O610000042zl2EAA
Manageable State: installed
Namespace Prefix: ffxp
Created By (Name/Id): TEMPORARY FF Onboarding Login/00561000002zrVwAAI
Last Modified By (Name/Id): TEMPORARY FF Onboarding Login/00561000002zrVwAAI
************************************************************
************************************************************
FileName: reports/ffxp__ffdc5_FinancialForce_Reports/ffxp__ffdc5_SalesByRegion.report
FullName/Id: ffxp__ffdc5_FinancialForce_Reports/ffxp__ffdc5_SalesByRegion/00O610000042zlBEAQ
Manageable State: installed
Namespace Prefix: ffxp
Created By (Name/Id): TEMPORARY FF Onboarding Login/00561000002zrVwAAI
Last Modified By (Name/Id): TEMPORARY FF Onboarding Login/00561000002zrVwAAI
************************************************************
************************************************************
FileName: reports/ffxp__ffdc5_FinancialForce_Reports/ffxp__ffdc5_PaymentsAwaitingMediaProduction.report
FullName/Id: ffxp__ffdc5_FinancialForce_Reports/ffxp__ffdc5_PaymentsAwaitingMediaProduction/00O610000042zl5EAA
Manageable State: installed
Namespace Prefix: ffxp
Created By (Name/Id): TEMPORARY FF Onboarding Login/00561000002zrVwAAI
Last Modified By (Name/Id): TEMPORARY FF Onboarding Login/00561000002zrVwAAI
************************************************************
************************************************************
FileName: reports/ffxp__ffdc5_FinancialForce_Reports/ffxp__ffdc5_Deferred_Revenue_Forecast.report
FullName/Id: ffxp__ffdc5_FinancialForce_Reports/ffxp__ffdc5_Deferred_Revenue_Forecast/00O610000042zl0EAA
Manageable State: installed
Namespace Prefix: ffxp
Created By (Name/Id): TEMPORARY FF Onboarding Login/00561000002zrVwAAI
Last Modified By (Name/Id): TEMPORARY FF Onboarding Login/00561000002zrVwAAI
************************************************************
************************************************************
FileName: reports/ffxp__ffdc5_FinancialForce_Reports/ffxp__ffdc5_Posted_Payments.report
FullName/Id: ffxp__ffdc5_FinancialForce_Reports/ffxp__ffdc5_Posted_Payments/00O610000042zl7EAA
Manageable State: installed
Namespace Prefix: ffxp
Created By (Name/Id): TEMPORARY FF Onboarding Login/00561000002zrVwAAI
Last Modified By (Name/Id): TEMPORARY FF Onboarding Login/00561000002zrVwAAI
************************************************************
************************************************************
FileName: reports/ffxp__ffdc5_FinancialForce_Reports/ffxp__ffdc5_Settlement_Discounts_Taken.report
FullName/Id: ffxp__ffdc5_FinancialForce_Reports/ffxp__ffdc5_Settlement_Discounts_Taken/00O610000042zlHEAQ
Manageable State: installed
Namespace Prefix: ffxp
Created By (Name/Id): TEMPORARY FF Onboarding Login/00561000002zrVwAAI
Last Modified By (Name/Id): TEMPORARY FF Onboarding Login/00561000002zrVwAAI
************************************************************
************************************************************
FileName: reports/ffxp__ffdc5_FinancialForce_Reports/ffxp__ffdc5_Sales_Variance_by_Region_pc.report
FullName/Id: ffxp__ffdc5_FinancialForce_Reports/ffxp__ffdc5_Sales_Variance_by_Region_pc/00O610000042zlFEAQ
Manageable State: installed
Namespace Prefix: ffxp
Created By (Name/Id): TEMPORARY FF Onboarding Login/00561000002zrVwAAI
Last Modified By (Name/Id): TEMPORARY FF Onboarding Login/00561000002zrVwAAI
************************************************************
************************************************************
FileName: reports/ffxp__ffdc5_FinancialForce_Reports/ffxp__ffdc5_Operating_Expense_Analysis.report
FullName/Id: ffxp__ffdc5_FinancialForce_Reports/ffxp__ffdc5_Operating_Expense_Analysis/00O610000042zl4EAA
Manageable State: installed
Namespace Prefix: ffxp
Created By (Name/Id): TEMPORARY FF Onboarding Login/00561000002zrVwAAI
Last Modified By (Name/Id): TEMPORARY FF Onboarding Login/00561000002zrVwAAI
************************************************************
************************************************************
FileName: reports/ffxp__ffdc5_FinancialForce_Reports/ffxp__ffdc5_Sales_Variance_by_Product.report
FullName/Id: ffxp__ffdc5_FinancialForce_Reports/ffxp__ffdc5_Sales_Variance_by_Product/00O610000042zlDEAQ
Manageable State: installed
Namespace Prefix: ffxp
Created By (Name/Id): TEMPORARY FF Onboarding Login/00561000002zrVwAAI
Last Modified By (Name/Id): TEMPORARY FF Onboarding Login/00561000002zrVwAAI
************************************************************
************************************************************
FileName: reports/ffxp__ffdc5_FinancialForce_Reports/ffxp__ffdc5_Sales_Invoices_by_Period.report
FullName/Id: ffxp__ffdc5_FinancialForce_Reports/ffxp__ffdc5_Sales_Invoices_by_Period/00O610000042zlCEAQ
Manageable State: installed
Namespace Prefix: ffxp
Created By (Name/Id): TEMPORARY FF Onboarding Login/00561000002zrVwAAI
Last Modified By (Name/Id): TEMPORARY FF Onboarding Login/00561000002zrVwAAI
************************************************************
************************************************************
FileName: reports/ffxp__ffdc5_FinancialForce_Reports/ffxp__ffdc5_Large_Purchases.report
FullName/Id: ffxp__ffdc5_FinancialForce_Reports/ffxp__ffdc5_Large_Purchases/00O610000042zl3EAA
Manageable State: installed
Namespace Prefix: ffxp
Created By (Name/Id): TEMPORARY FF Onboarding Login/00561000002zrVwAAI
Last Modified By (Name/Id): TEMPORARY FF Onboarding Login/00561000002zrVwAAI
************************************************************
************************************************************
FileName: reports/ffxp__ffdc5_FinancialForce_Reports/ffxp__ffdc5_SalesByManufacturer.report
FullName/Id: ffxp__ffdc5_FinancialForce_Reports/ffxp__ffdc5_SalesByManufacturer/00O610000042zlAEAQ
Manageable State: installed
Namespace Prefix: ffxp
Created By (Name/Id): TEMPORARY FF Onboarding Login/00561000002zrVwAAI
Last Modified By (Name/Id): TEMPORARY FF Onboarding Login/00561000002zrVwAAI
************************************************************
************************************************************
FileName: reports/ffxp__ffdc5_FinancialForce_Reports/ffxp__ffdc5_Purchase_Invoices_by_due_date.report
FullName/Id: ffxp__ffdc5_FinancialForce_Reports/ffxp__ffdc5_Purchase_Invoices_by_due_date/00O610000042zl9EAA
Manageable State: installed
Namespace Prefix: ffxp
Created By (Name/Id): TEMPORARY FF Onboarding Login/00561000002zrVwAAI
Last Modified By (Name/Id): TEMPORARY FF Onboarding Login/00561000002zrVwAAI
************************************************************
************************************************************
FileName: reports/ffxp__ffdc5_FinancialForce_Reports/ffxp__ffdc5_DeferredIncome.report
FullName/Id: ffxp__ffdc5_FinancialForce_Reports/ffxp__ffdc5_DeferredIncome/00O610000042zkzEAA
Manageable State: installed
Namespace Prefix: ffxp
Created By (Name/Id): TEMPORARY FF Onboarding Login/00561000002zrVwAAI
Last Modified By (Name/Id): TEMPORARY FF Onboarding Login/00561000002zrVwAAI
************************************************************
************************************************************
FileName: reports/ffxp__ffdc5_FinancialForce_Reports/ffxp__ffdc5_Payments_This_Week.report
FullName/Id: ffxp__ffdc5_FinancialForce_Reports/ffxp__ffdc5_Payments_This_Week/00O610000042zl6EAA
Manageable State: installed
Namespace Prefix: ffxp
Created By (Name/Id): TEMPORARY FF Onboarding Login/00561000002zrVwAAI
Last Modified By (Name/Id): TEMPORARY FF Onboarding Login/00561000002zrVwAAI
************************************************************
