************************************************************
FileName: reports/ca_collab_2_0__Communities_Reports/ca_collab_2_0__T_Metric_Topics_Added_30_Days_2_0.report
FullName/Id: ca_collab_2_0__Communities_Reports/ca_collab_2_0__T_Metric_Topics_Added_30_Days_2_0/00O61000003xCnCEAU
Manageable State: installed
Namespace Prefix: ca_collab_2_0
Created By (Name/Id): Jonathan Bernd/00561000000ImwtAAC
Last Modified By (Name/Id): Jonathan Bernd/00561000000ImwtAAC
************************************************************
************************************************************
FileName: reports/ca_collab_2_0__Communities_Reports/ca_collab_2_0__C_File_Activity_By_File_Type_L90D_1_0.report
FullName/Id: ca_collab_2_0__Communities_Reports/ca_collab_2_0__C_File_Activity_By_File_Type_L90D_1_0/00O61000003xClEEAU
Manageable State: installed
Namespace Prefix: ca_collab_2_0
Created By (Name/Id): Jonathan Bernd/00561000000ImwtAAC
Last Modified By (Name/Id): Jonathan Bernd/00561000000ImwtAAC
************************************************************
************************************************************
FileName: reports/ca_collab_2_0__Communities_Reports/ca_collab_2_0__T_Top_10_Topics_By_Assignments_2_0.report
FullName/Id: ca_collab_2_0__Communities_Reports/ca_collab_2_0__T_Top_10_Topics_By_Assignments_2_0/00O61000003xCnHEAU
Manageable State: installed
Namespace Prefix: ca_collab_2_0
Created By (Name/Id): Jonathan Bernd/00561000000ImwtAAC
Last Modified By (Name/Id): Jonathan Bernd/00561000000ImwtAAC
************************************************************
************************************************************
FileName: reports/ca_collab_2_0__Communities_Reports/ca_collab_2_0__Q_Best_Answers_L90D_1_0.report
FullName/Id: ca_collab_2_0__Communities_Reports/ca_collab_2_0__Q_Best_Answers_L90D_1_0/00O61000003xCmZEAU
Manageable State: installed
Namespace Prefix: ca_collab_2_0
Created By (Name/Id): Jonathan Bernd/00561000000ImwtAAC
Last Modified By (Name/Id): Jonathan Bernd/00561000000ImwtAAC
************************************************************
************************************************************
FileName: reports/ca_collab_2_0__Communities_Reports/ca_collab_2_0__C_New_Files_Trending_By_Likes_2_0.report
FullName/Id: ca_collab_2_0__Communities_Reports/ca_collab_2_0__C_New_Files_Trending_By_Likes_2_0/00O61000003xClPEAU
Manageable State: installed
Namespace Prefix: ca_collab_2_0
Created By (Name/Id): Jonathan Bernd/00561000000ImwtAAC
Last Modified By (Name/Id): Jonathan Bernd/00561000000ImwtAAC
************************************************************
************************************************************
FileName: reports/ca_collab_2_0__Communities_Reports/ca_collab_2_0__S_Metric_Answers_30_Days_2_0.report
FullName/Id: ca_collab_2_0__Communities_Reports/ca_collab_2_0__S_Metric_Answers_30_Days_2_0/00O61000003xCmvEAE
Manageable State: installed
Namespace Prefix: ca_collab_2_0
Created By (Name/Id): Jonathan Bernd/00561000000ImwtAAC
Last Modified By (Name/Id): Jonathan Bernd/00561000000ImwtAAC
************************************************************
************************************************************
FileName: reports/ca_collab_2_0__Communities_Reports/ca_collab_2_0__Q_Metric_Total_Answers_2_0.report
FullName/Id: ca_collab_2_0__Communities_Reports/ca_collab_2_0__Q_Metric_Total_Answers_2_0/00O61000003xCmdEAE
Manageable State: installed
Namespace Prefix: ca_collab_2_0
Created By (Name/Id): Jonathan Bernd/00561000000ImwtAAC
Last Modified By (Name/Id): Jonathan Bernd/00561000000ImwtAAC
************************************************************
************************************************************
FileName: reports/ca_collab_2_0__Communities_Reports/ca_collab_2_0__S_Best_Answers_L90D_1_0.report
FullName/Id: ca_collab_2_0__Communities_Reports/ca_collab_2_0__S_Best_Answers_L90D_1_0/00O61000003xCmuEAE
Manageable State: installed
Namespace Prefix: ca_collab_2_0
Created By (Name/Id): Jonathan Bernd/00561000000ImwtAAC
Last Modified By (Name/Id): Jonathan Bernd/00561000000ImwtAAC
************************************************************
************************************************************
FileName: reports/ca_collab_2_0__Communities_Reports/ca_collab_2_0__G_Metric_Total_Group_Posts_2_0.report
FullName/Id: ca_collab_2_0__Communities_Reports/ca_collab_2_0__G_Metric_Total_Group_Posts_2_0/00O61000003xClfEAE
Manageable State: installed
Namespace Prefix: ca_collab_2_0
Created By (Name/Id): Jonathan Bernd/00561000000ImwtAAC
Last Modified By (Name/Id): Jonathan Bernd/00561000000ImwtAAC
************************************************************
************************************************************
FileName: reports/ca_collab_2_0__Communities_Reports/ca_collab_2_0__S_Answers_L90D_1_0.report
FullName/Id: ca_collab_2_0__Communities_Reports/ca_collab_2_0__S_Answers_L90D_1_0/00O61000003xCmrEAE
Manageable State: installed
Namespace Prefix: ca_collab_2_0
Created By (Name/Id): Jonathan Bernd/00561000000ImwtAAC
Last Modified By (Name/Id): Jonathan Bernd/00561000000ImwtAAC
************************************************************
************************************************************
FileName: reports/ca_collab_2_0__Communities_Reports/ca_collab_2_0__T_Top_10_Topic_Assigners_30_Days_2_0.report
FullName/Id: ca_collab_2_0__Communities_Reports/ca_collab_2_0__T_Top_10_Topic_Assigners_30_Days_2_0/00O61000003xCnGEAU
Manageable State: installed
Namespace Prefix: ca_collab_2_0
Created By (Name/Id): Jonathan Bernd/00561000000ImwtAAC
Last Modified By (Name/Id): Jonathan Bernd/00561000000ImwtAAC
************************************************************
************************************************************
FileName: reports/ca_collab_2_0__Communities_Reports/ca_collab_2_0__L_Total_Cust_Comm_Plus_All_Alloct_Lic_2_0.report
FullName/Id: ca_collab_2_0__Communities_Reports/ca_collab_2_0__L_Total_Cust_Comm_Plus_All_Alloct_Lic_2_0/00O61000003xCm3EAE
Manageable State: installed
Namespace Prefix: ca_collab_2_0
Created By (Name/Id): Jonathan Bernd/00561000000ImwtAAC
Last Modified By (Name/Id): Jonathan Bernd/00561000000ImwtAAC
************************************************************
************************************************************
FileName: reports/ca_collab_2_0__Communities_Reports/ca_collab_2_0__R_Custom_Recommendations_L90D_1_0.report
FullName/Id: ca_collab_2_0__Communities_Reports/ca_collab_2_0__R_Custom_Recommendations_L90D_1_0/00O61000003xCmpEAE
Manageable State: installed
Namespace Prefix: ca_collab_2_0
Created By (Name/Id): Jonathan Bernd/00561000000ImwtAAC
Last Modified By (Name/Id): Jonathan Bernd/00561000000ImwtAAC
************************************************************
************************************************************
FileName: reports/ca_collab_2_0__Communities_Reports/ca_collab_2_0__L_Cust_Comm_Login_Monthly_Usage_1_0.report
FullName/Id: ca_collab_2_0__Communities_Reports/ca_collab_2_0__L_Cust_Comm_Login_Monthly_Usage_1_0/00O61000003xCllEAE
Manageable State: installed
Namespace Prefix: ca_collab_2_0
Created By (Name/Id): Jonathan Bernd/00561000000ImwtAAC
Last Modified By (Name/Id): Jonathan Bernd/00561000000ImwtAAC
************************************************************
************************************************************
FileName: reports/ca_collab_2_0__Communities_Reports/ca_collab_2_0__S_Unique_Visitors_L90D_1_0.report
FullName/Id: ca_collab_2_0__Communities_Reports/ca_collab_2_0__S_Unique_Visitors_L90D_1_0/00O61000003xCnAEAU
Manageable State: installed
Namespace Prefix: ca_collab_2_0
Created By (Name/Id): Jonathan Bernd/00561000000ImwtAAC
Last Modified By (Name/Id): Jonathan Bernd/00561000000ImwtAAC
************************************************************
************************************************************
FileName: reports/ca_collab_2_0__Communities_Reports/ca_collab_2_0__MO_Flags_L90D_1_0.report
FullName/Id: ca_collab_2_0__Communities_Reports/ca_collab_2_0__MO_Flags_L90D_1_0/00O61000003xCmBEAU
Manageable State: installed
Namespace Prefix: ca_collab_2_0
Created By (Name/Id): Jonathan Bernd/00561000000ImwtAAC
Last Modified By (Name/Id): Jonathan Bernd/00561000000ImwtAAC
************************************************************
************************************************************
FileName: reports/ca_collab_2_0__Communities_Reports/ca_collab_2_0__MO_Metric_Total_Flags_2_0.report
FullName/Id: ca_collab_2_0__Communities_Reports/ca_collab_2_0__MO_Metric_Total_Flags_2_0/00O61000003xCmGEAU
Manageable State: installed
Namespace Prefix: ca_collab_2_0
Created By (Name/Id): Jonathan Bernd/00561000000ImwtAAC
Last Modified By (Name/Id): Jonathan Bernd/00561000000ImwtAAC
************************************************************
************************************************************
FileName: reports/ca_collab_2_0__Communities_Reports/ca_collab_2_0__A_Metric_Comments_30_Days_2_0.report
FullName/Id: ca_collab_2_0__Communities_Reports/ca_collab_2_0__A_Metric_Comments_30_Days_2_0/00O61000003xCl2EAE
Manageable State: installed
Namespace Prefix: ca_collab_2_0
Created By (Name/Id): Jonathan Bernd/00561000000ImwtAAC
Last Modified By (Name/Id): Jonathan Bernd/00561000000ImwtAAC
************************************************************
************************************************************
FileName: reports/ca_collab_2_0__Communities_Reports/ca_collab_2_0__C_Metric_Files_Downloads_2_0.report
FullName/Id: ca_collab_2_0__Communities_Reports/ca_collab_2_0__C_Metric_Files_Downloads_2_0/00O61000003xClJEAU
Manageable State: installed
Namespace Prefix: ca_collab_2_0
Created By (Name/Id): Jonathan Bernd/00561000000ImwtAAC
Last Modified By (Name/Id): Jonathan Bernd/00561000000ImwtAAC
************************************************************
************************************************************
FileName: reports/ca_collab_2_0__Communities_Reports/ca_collab_2_0__C_Metric_Files_Shares_2_0.report
FullName/Id: ca_collab_2_0__Communities_Reports/ca_collab_2_0__C_Metric_Files_Shares_2_0/00O61000003xClLEAU
Manageable State: installed
Namespace Prefix: ca_collab_2_0
Created By (Name/Id): Jonathan Bernd/00561000000ImwtAAC
Last Modified By (Name/Id): Jonathan Bernd/00561000000ImwtAAC
************************************************************
************************************************************
FileName: reports/ca_collab_2_0__Communities_Reports/ca_collab_2_0__Q_Answered_Questions_L90D_1_0.report
FullName/Id: ca_collab_2_0__Communities_Reports/ca_collab_2_0__Q_Answered_Questions_L90D_1_0/00O61000003xCmXEAU
Manageable State: installed
Namespace Prefix: ca_collab_2_0
Created By (Name/Id): Jonathan Bernd/00561000000ImwtAAC
Last Modified By (Name/Id): Jonathan Bernd/00561000000ImwtAAC
************************************************************
************************************************************
FileName: reports/ca_collab_2_0__Communities_Reports/ca_collab_2_0__C_New_Files_Trending_By_Contributions_2_0.report
FullName/Id: ca_collab_2_0__Communities_Reports/ca_collab_2_0__C_New_Files_Trending_By_Contributions_2_0/00O61000003xClNEAU
Manageable State: installed
Namespace Prefix: ca_collab_2_0
Created By (Name/Id): Jonathan Bernd/00561000000ImwtAAC
Last Modified By (Name/Id): Jonathan Bernd/00561000000ImwtAAC
************************************************************
************************************************************
FileName: reports/ca_collab_2_0__Communities_Reports/ca_collab_2_0__MO_Metric_Total_Messages_Sent_2_0.report
FullName/Id: ca_collab_2_0__Communities_Reports/ca_collab_2_0__MO_Metric_Total_Messages_Sent_2_0/00O61000003xCmHEAU
Manageable State: installed
Namespace Prefix: ca_collab_2_0
Created By (Name/Id): Jonathan Bernd/00561000000ImwtAAC
Last Modified By (Name/Id): Jonathan Bernd/00561000000ImwtAAC
************************************************************
************************************************************
FileName: reports/ca_collab_2_0__Communities_Reports/ca_collab_2_0__MO_Flagged_Item_Location_1_0.report
FullName/Id: ca_collab_2_0__Communities_Reports/ca_collab_2_0__MO_Flagged_Item_Location_1_0/00O61000003xCm9EAE
Manageable State: installed
Namespace Prefix: ca_collab_2_0
Created By (Name/Id): Jonathan Bernd/00561000000ImwtAAC
Last Modified By (Name/Id): Jonathan Bernd/00561000000ImwtAAC
************************************************************
************************************************************
FileName: reports/ca_collab_2_0__Communities_Reports/ca_collab_2_0__S_Metric_Unanswered_Questions_2_0.report
FullName/Id: ca_collab_2_0__Communities_Reports/ca_collab_2_0__S_Metric_Unanswered_Questions_2_0/00O61000003xCn3EAE
Manageable State: installed
Namespace Prefix: ca_collab_2_0
Created By (Name/Id): Jonathan Bernd/00561000000ImwtAAC
Last Modified By (Name/Id): Jonathan Bernd/00561000000ImwtAAC
************************************************************
************************************************************
FileName: reports/ca_collab_2_0__Communities_Reports/ca_collab_2_0__Q_Metric_Answers_30_Days_2_0.report
FullName/Id: ca_collab_2_0__Communities_Reports/ca_collab_2_0__Q_Metric_Answers_30_Days_2_0/00O61000003xCmaEAE
Manageable State: installed
Namespace Prefix: ca_collab_2_0
Created By (Name/Id): Jonathan Bernd/00561000000ImwtAAC
Last Modified By (Name/Id): Jonathan Bernd/00561000000ImwtAAC
************************************************************
************************************************************
FileName: reports/ca_collab_2_0__Communities_Reports/ca_collab_2_0__L_Total_Partner_Comm_All_Alloct_Lic_2_0.report
FullName/Id: ca_collab_2_0__Communities_Reports/ca_collab_2_0__L_Total_Partner_Comm_All_Alloct_Lic_2_0/00O61000003xCm6EAE
Manageable State: installed
Namespace Prefix: ca_collab_2_0
Created By (Name/Id): Jonathan Bernd/00561000000ImwtAAC
Last Modified By (Name/Id): Jonathan Bernd/00561000000ImwtAAC
************************************************************
************************************************************
FileName: reports/ca_collab_2_0__Communities_Reports/ca_collab_2_0__T_Metric_Topics_Assignments_30_Days_2_0.report
FullName/Id: ca_collab_2_0__Communities_Reports/ca_collab_2_0__T_Metric_Topics_Assignments_30_Days_2_0/00O61000003xCnEEAU
Manageable State: installed
Namespace Prefix: ca_collab_2_0
Created By (Name/Id): Jonathan Bernd/00561000000ImwtAAC
Last Modified By (Name/Id): Jonathan Bernd/00561000000ImwtAAC
************************************************************
************************************************************
FileName: reports/ca_collab_2_0__Communities_Reports/ca_collab_2_0__G_Metric_Group_Comments_Per_Post_2_0.report
FullName/Id: ca_collab_2_0__Communities_Reports/ca_collab_2_0__G_Metric_Group_Comments_Per_Post_2_0/00O61000003xClYEAU
Manageable State: installed
Namespace Prefix: ca_collab_2_0
Created By (Name/Id): Jonathan Bernd/00561000000ImwtAAC
Last Modified By (Name/Id): Jonathan Bernd/00561000000ImwtAAC
************************************************************
************************************************************
FileName: reports/ca_collab_2_0__Communities_Reports/ca_collab_2_0__L_Total_Partner_Comm_Log_All_Allct_1_0.report
FullName/Id: ca_collab_2_0__Communities_Reports/ca_collab_2_0__L_Total_Partner_Comm_Log_All_Allct_1_0/00O61000003xCm7EAE
Manageable State: installed
Namespace Prefix: ca_collab_2_0
Created By (Name/Id): Jonathan Bernd/00561000000ImwtAAC
Last Modified By (Name/Id): Jonathan Bernd/00561000000ImwtAAC
************************************************************
************************************************************
FileName: reports/ca_collab_2_0__Communities_Reports/ca_collab_2_0__C_File_Uploads_Downloads_Monthly_Trend_1_0.report
FullName/Id: ca_collab_2_0__Communities_Reports/ca_collab_2_0__C_File_Uploads_Downloads_Monthly_Trend_1_0/00O61000003xClHEAU
Manageable State: installed
Namespace Prefix: ca_collab_2_0
Created By (Name/Id): Jonathan Bernd/00561000000ImwtAAC
Last Modified By (Name/Id): Jonathan Bernd/00561000000ImwtAAC
************************************************************
************************************************************
FileName: reports/ca_collab_2_0__Communities_Reports/ca_collab_2_0__O_Chatter_Contribution.report
FullName/Id: ca_collab_2_0__Communities_Reports/ca_collab_2_0__O_Chatter_Contribution/00O61000003xCmTEAU
Manageable State: installed
Namespace Prefix: ca_collab_2_0
Created By (Name/Id): Jonathan Bernd/00561000000ImwtAAC
Last Modified By (Name/Id): Jonathan Bernd/00561000000ImwtAAC
************************************************************
************************************************************
FileName: reports/ca_collab_2_0__Communities_Reports/ca_collab_2_0__M_Top_10_Members_By_Reputation_Points_2_0.report
FullName/Id: ca_collab_2_0__Communities_Reports/ca_collab_2_0__M_Top_10_Members_By_Reputation_Points_2_0/00O61000003xCmSEAU
Manageable State: installed
Namespace Prefix: ca_collab_2_0
Created By (Name/Id): Jonathan Bernd/00561000000ImwtAAC
Last Modified By (Name/Id): Jonathan Bernd/00561000000ImwtAAC
************************************************************
************************************************************
FileName: reports/ca_collab_2_0__Communities_Reports/ca_collab_2_0__G_Metric_Total_Group_Comments_2_0.report
FullName/Id: ca_collab_2_0__Communities_Reports/ca_collab_2_0__G_Metric_Total_Group_Comments_2_0/00O61000003xClcEAE
Manageable State: installed
Namespace Prefix: ca_collab_2_0
Created By (Name/Id): Jonathan Bernd/00561000000ImwtAAC
Last Modified By (Name/Id): Jonathan Bernd/00561000000ImwtAAC
************************************************************
************************************************************
FileName: reports/ca_collab_2_0__Communities_Reports/ca_collab_2_0__MO_Metric_Flags_30_Days_2_0.report
FullName/Id: ca_collab_2_0__Communities_Reports/ca_collab_2_0__MO_Metric_Flags_30_Days_2_0/00O61000003xCmDEAU
Manageable State: installed
Namespace Prefix: ca_collab_2_0
Created By (Name/Id): Jonathan Bernd/00561000000ImwtAAC
Last Modified By (Name/Id): Jonathan Bernd/00561000000ImwtAAC
************************************************************
************************************************************
FileName: reports/ca_collab_2_0__Communities_Reports/ca_collab_2_0__L_Total_Cust_Comm_All_Actv_Lic_1_0.report
FullName/Id: ca_collab_2_0__Communities_Reports/ca_collab_2_0__L_Total_Cust_Comm_All_Actv_Lic_1_0/00O61000003xClyEAE
Manageable State: installed
Namespace Prefix: ca_collab_2_0
Created By (Name/Id): Jonathan Bernd/00561000000ImwtAAC
Last Modified By (Name/Id): Jonathan Bernd/00561000000ImwtAAC
************************************************************
************************************************************
FileName: reports/ca_collab_2_0__Communities_Reports/ca_collab_2_0__CH_Network_Daily_Chatter_Edits_L30D_1_0.report
FullName/Id: ca_collab_2_0__Communities_Reports/ca_collab_2_0__CH_Network_Daily_Chatter_Edits_L30D_1_0/00O61000003xClCEAU
Manageable State: installed
Namespace Prefix: ca_collab_2_0
Created By (Name/Id): Jonathan Bernd/00561000000ImwtAAC
Last Modified By (Name/Id): Jonathan Bernd/00561000000ImwtAAC
************************************************************
************************************************************
FileName: reports/ca_collab_2_0__Communities_Reports/ca_collab_2_0__Q_Metric_Total_Best_Answers_2_0.report
FullName/Id: ca_collab_2_0__Communities_Reports/ca_collab_2_0__Q_Metric_Total_Best_Answers_2_0/00O61000003xCmeEAE
Manageable State: installed
Namespace Prefix: ca_collab_2_0
Created By (Name/Id): Jonathan Bernd/00561000000ImwtAAC
Last Modified By (Name/Id): Jonathan Bernd/00561000000ImwtAAC
************************************************************
************************************************************
FileName: reports/ca_collab_2_0__Communities_Reports/ca_collab_2_0__MO_Rule_Activity_L90D_1_0.report
FullName/Id: ca_collab_2_0__Communities_Reports/ca_collab_2_0__MO_Rule_Activity_L90D_1_0/00O61000003xCmKEAU
Manageable State: installed
Namespace Prefix: ca_collab_2_0
Created By (Name/Id): Jonathan Bernd/00561000000ImwtAAC
Last Modified By (Name/Id): Jonathan Bernd/00561000000ImwtAAC
************************************************************
************************************************************
FileName: reports/ca_collab_2_0__Communities_Reports/ca_collab_2_0__M_Members_By_Reputation_Level_2_0.report
FullName/Id: ca_collab_2_0__Communities_Reports/ca_collab_2_0__M_Members_By_Reputation_Level_2_0/00O61000003xCmMEAU
Manageable State: installed
Namespace Prefix: ca_collab_2_0
Created By (Name/Id): Jonathan Bernd/00561000000ImwtAAC
Last Modified By (Name/Id): Jonathan Bernd/00561000000ImwtAAC
************************************************************
************************************************************
FileName: reports/ca_collab_2_0__Communities_Reports/ca_collab_2_0__L_Member_Distrib_By_License_Type_1_0.report
FullName/Id: ca_collab_2_0__Communities_Reports/ca_collab_2_0__L_Member_Distrib_By_License_Type_1_0/00O61000003xClrEAE
Manageable State: installed
Namespace Prefix: ca_collab_2_0
Created By (Name/Id): Jonathan Bernd/00561000000ImwtAAC
Last Modified By (Name/Id): Jonathan Bernd/00561000000ImwtAAC
************************************************************
************************************************************
FileName: reports/ca_collab_2_0__Communities_Reports/ca_collab_2_0__L_Total_Cust_Comm_Plus_Log_All_Allct_1_0.report
FullName/Id: ca_collab_2_0__Communities_Reports/ca_collab_2_0__L_Total_Cust_Comm_Plus_Log_All_Allct_1_0/00O61000003xCm4EAE
Manageable State: installed
Namespace Prefix: ca_collab_2_0
Created By (Name/Id): Jonathan Bernd/00561000000ImwtAAC
Last Modified By (Name/Id): Jonathan Bernd/00561000000ImwtAAC
************************************************************
************************************************************
FileName: reports/ca_collab_2_0__Communities_Reports/ca_collab_2_0__L_Total_Cust_Comm_Login_Members_1_0.report
FullName/Id: ca_collab_2_0__Communities_Reports/ca_collab_2_0__L_Total_Cust_Comm_Login_Members_1_0/00O61000003xClzEAE
Manageable State: installed
Namespace Prefix: ca_collab_2_0
Created By (Name/Id): Jonathan Bernd/00561000000ImwtAAC
Last Modified By (Name/Id): Jonathan Bernd/00561000000ImwtAAC
************************************************************
************************************************************
FileName: reports/ca_collab_2_0__Communities_Reports/ca_collab_2_0__T_Topics_Created_L90D_1_0.report
FullName/Id: ca_collab_2_0__Communities_Reports/ca_collab_2_0__T_Topics_Created_L90D_1_0/00O61000003xCnMEAU
Manageable State: installed
Namespace Prefix: ca_collab_2_0
Created By (Name/Id): Jonathan Bernd/00561000000ImwtAAC
Last Modified By (Name/Id): Jonathan Bernd/00561000000ImwtAAC
************************************************************
************************************************************
FileName: reports/ca_collab_2_0__Communities_Reports/ca_collab_2_0__S_Metric_Average_Page_Views_Per_UV_2_0.report
FullName/Id: ca_collab_2_0__Communities_Reports/ca_collab_2_0__S_Metric_Average_Page_Views_Per_UV_2_0/00O61000003xCmwEAE
Manageable State: installed
Namespace Prefix: ca_collab_2_0
Created By (Name/Id): Jonathan Bernd/00561000000ImwtAAC
Last Modified By (Name/Id): Jonathan Bernd/00561000000ImwtAAC
************************************************************
************************************************************
FileName: reports/ca_collab_2_0__Communities_Reports/ca_collab_2_0__L_Total_Cust_Comm_Al_Allocated_Lic_2_0.report
FullName/Id: ca_collab_2_0__Communities_Reports/ca_collab_2_0__L_Total_Cust_Comm_Al_Allocated_Lic_2_0/00O61000003xClxEAE
Manageable State: installed
Namespace Prefix: ca_collab_2_0
Created By (Name/Id): Jonathan Bernd/00561000000ImwtAAC
Last Modified By (Name/Id): Jonathan Bernd/00561000000ImwtAAC
************************************************************
************************************************************
FileName: reports/ca_collab_2_0__Communities_Reports/ca_collab_2_0__C_Metric_Files_Uploads_2_0.report
FullName/Id: ca_collab_2_0__Communities_Reports/ca_collab_2_0__C_Metric_Files_Uploads_2_0/00O61000003xClMEAU
Manageable State: installed
Namespace Prefix: ca_collab_2_0
Created By (Name/Id): Jonathan Bernd/00561000000ImwtAAC
Last Modified By (Name/Id): Jonathan Bernd/00561000000ImwtAAC
************************************************************
************************************************************
FileName: reports/ca_collab_2_0__Communities_Reports/ca_collab_2_0__G_Group_Posts_by_Type.report
FullName/Id: ca_collab_2_0__Communities_Reports/ca_collab_2_0__G_Group_Posts_by_Type/00O61000003xClVEAU
Manageable State: installed
Namespace Prefix: ca_collab_2_0
Created By (Name/Id): Jonathan Bernd/00561000000ImwtAAC
Last Modified By (Name/Id): Jonathan Bernd/00561000000ImwtAAC
************************************************************
************************************************************
FileName: reports/ca_collab_2_0__Communities_Reports/ca_collab_2_0__T_Top_10_Trending_Topics_2_0.report
FullName/Id: ca_collab_2_0__Communities_Reports/ca_collab_2_0__T_Top_10_Trending_Topics_2_0/00O61000003xCnJEAU
Manageable State: installed
Namespace Prefix: ca_collab_2_0
Created By (Name/Id): Jonathan Bernd/00561000000ImwtAAC
Last Modified By (Name/Id): Jonathan Bernd/00561000000ImwtAAC
************************************************************
************************************************************
FileName: reports/ca_collab_2_0__Communities_Reports/ca_collab_2_0__T_Metric_Topics_Assignments_2_0.report
FullName/Id: ca_collab_2_0__Communities_Reports/ca_collab_2_0__T_Metric_Topics_Assignments_2_0/00O61000003xCnDEAU
Manageable State: installed
Namespace Prefix: ca_collab_2_0
Created By (Name/Id): Jonathan Bernd/00561000000ImwtAAC
Last Modified By (Name/Id): Jonathan Bernd/00561000000ImwtAAC
************************************************************
************************************************************
FileName: reports/ca_collab_2_0__Communities_Reports/ca_collab_2_0__M_Metric_Total_Members_2_0.report
FullName/Id: ca_collab_2_0__Communities_Reports/ca_collab_2_0__M_Metric_Total_Members_2_0/00O61000003xCmREAU
Manageable State: installed
Namespace Prefix: ca_collab_2_0
Created By (Name/Id): Jonathan Bernd/00561000000ImwtAAC
Last Modified By (Name/Id): Jonathan Bernd/00561000000ImwtAAC
************************************************************
************************************************************
FileName: reports/ca_collab_2_0__Communities_Reports/ca_collab_2_0__CH_Network_Chatter_Edits_Member_Type_1_0.report
FullName/Id: ca_collab_2_0__Communities_Reports/ca_collab_2_0__CH_Network_Chatter_Edits_Member_Type_1_0/00O61000003xClBEAU
Manageable State: installed
Namespace Prefix: ca_collab_2_0
Created By (Name/Id): Jonathan Bernd/00561000000ImwtAAC
Last Modified By (Name/Id): Jonathan Bernd/00561000000ImwtAAC
************************************************************
************************************************************
FileName: reports/ca_collab_2_0__Communities_Reports/ca_collab_2_0__Q_Metric_Questions_30_Days_2_0.report
FullName/Id: ca_collab_2_0__Communities_Reports/ca_collab_2_0__Q_Metric_Questions_30_Days_2_0/00O61000003xCmcEAE
Manageable State: installed
Namespace Prefix: ca_collab_2_0
Created By (Name/Id): Jonathan Bernd/00561000000ImwtAAC
Last Modified By (Name/Id): Jonathan Bernd/00561000000ImwtAAC
************************************************************
************************************************************
FileName: reports/ca_collab_2_0__Communities_Reports/ca_collab_2_0__L_Total_Cust_Comm_Plus_All_Actv_Lic_1_0.report
FullName/Id: ca_collab_2_0__Communities_Reports/ca_collab_2_0__L_Total_Cust_Comm_Plus_All_Actv_Lic_1_0/00O61000003xCm2EAE
Manageable State: installed
Namespace Prefix: ca_collab_2_0
Created By (Name/Id): Jonathan Bernd/00561000000ImwtAAC
Last Modified By (Name/Id): Jonathan Bernd/00561000000ImwtAAC
************************************************************
************************************************************
FileName: reports/ca_collab_2_0__Communities_Reports/ca_collab_2_0__O_Daily_Unique_Contributors.report
FullName/Id: ca_collab_2_0__Communities_Reports/ca_collab_2_0__O_Daily_Unique_Contributors/00O61000003xCmUEAU
Manageable State: installed
Namespace Prefix: ca_collab_2_0
Created By (Name/Id): Jonathan Bernd/00561000000ImwtAAC
Last Modified By (Name/Id): Jonathan Bernd/00561000000ImwtAAC
************************************************************
************************************************************
FileName: reports/ca_collab_2_0__Communities_Reports/ca_collab_2_0__A_Metric_Total_Comments_2_0.report
FullName/Id: ca_collab_2_0__Communities_Reports/ca_collab_2_0__A_Metric_Total_Comments_2_0/00O61000003xCl7EAE
Manageable State: installed
Namespace Prefix: ca_collab_2_0
Created By (Name/Id): Jonathan Bernd/00561000000ImwtAAC
Last Modified By (Name/Id): Jonathan Bernd/00561000000ImwtAAC
************************************************************
************************************************************
FileName: reports/ca_collab_2_0__Communities_Reports/ca_collab_2_0__O_External_Logins_L90D_1_0.report
FullName/Id: ca_collab_2_0__Communities_Reports/ca_collab_2_0__O_External_Logins_L90D_1_0/00O61000003xCmVEAU
Manageable State: installed
Namespace Prefix: ca_collab_2_0
Created By (Name/Id): Jonathan Bernd/00561000000ImwtAAC
Last Modified By (Name/Id): Jonathan Bernd/00561000000ImwtAAC
************************************************************
************************************************************
FileName: reports/ca_collab_2_0__Communities_Reports/ca_collab_2_0__A_Contributions_L90D_1_0.report
FullName/Id: ca_collab_2_0__Communities_Reports/ca_collab_2_0__A_Contributions_L90D_1_0/00O61000003xCl1EAE
Manageable State: installed
Namespace Prefix: ca_collab_2_0
Created By (Name/Id): Jonathan Bernd/00561000000ImwtAAC
Last Modified By (Name/Id): Jonathan Bernd/00561000000ImwtAAC
************************************************************
************************************************************
FileName: reports/ca_collab_2_0__Communities_Reports/ca_collab_2_0__L_Partner_Comm_Lic_Usage_1_0.report
FullName/Id: ca_collab_2_0__Communities_Reports/ca_collab_2_0__L_Partner_Comm_Lic_Usage_1_0/00O61000003xCluEAE
Manageable State: installed
Namespace Prefix: ca_collab_2_0
Created By (Name/Id): Jonathan Bernd/00561000000ImwtAAC
Last Modified By (Name/Id): Jonathan Bernd/00561000000ImwtAAC
************************************************************
************************************************************
FileName: reports/ca_collab_2_0__Communities_Reports/ca_collab_2_0__MO_Metric_Flagged_Items_Deleted_2_0.report
FullName/Id: ca_collab_2_0__Communities_Reports/ca_collab_2_0__MO_Metric_Flagged_Items_Deleted_2_0/00O61000003xCmCEAU
Manageable State: installed
Namespace Prefix: ca_collab_2_0
Created By (Name/Id): Jonathan Bernd/00561000000ImwtAAC
Last Modified By (Name/Id): Jonathan Bernd/00561000000ImwtAAC
************************************************************
************************************************************
FileName: reports/ca_collab_2_0__Communities_Reports/ca_collab_2_0__MO_Top_Message_Senders_30_Days_2_0.report
FullName/Id: ca_collab_2_0__Communities_Reports/ca_collab_2_0__MO_Top_Message_Senders_30_Days_2_0/00O61000003xCmLEAU
Manageable State: installed
Namespace Prefix: ca_collab_2_0
Created By (Name/Id): Jonathan Bernd/00561000000ImwtAAC
Last Modified By (Name/Id): Jonathan Bernd/00561000000ImwtAAC
************************************************************
************************************************************
FileName: reports/ca_collab_2_0__Communities_Reports/ca_collab_2_0__A_Contributions_By_Member_Type_L90D_1_0.report
FullName/Id: ca_collab_2_0__Communities_Reports/ca_collab_2_0__A_Contributions_By_Member_Type_L90D_1_0/00O61000003xCl0EAE
Manageable State: installed
Namespace Prefix: ca_collab_2_0
Created By (Name/Id): Jonathan Bernd/00561000000ImwtAAC
Last Modified By (Name/Id): Jonathan Bernd/00561000000ImwtAAC
************************************************************
************************************************************
FileName: reports/ca_collab_2_0__Communities_Reports/ca_collab_2_0__G_Top_10_Groups_By_Members_2_0.report
FullName/Id: ca_collab_2_0__Communities_Reports/ca_collab_2_0__G_Top_10_Groups_By_Members_2_0/00O61000003xCliEAE
Manageable State: installed
Namespace Prefix: ca_collab_2_0
Created By (Name/Id): Jonathan Bernd/00561000000ImwtAAC
Last Modified By (Name/Id): Jonathan Bernd/00561000000ImwtAAC
************************************************************
************************************************************
FileName: reports/ca_collab_2_0__Communities_Reports/ca_collab_2_0__G_Top_10_Groups_By_Contributions_2_0.report
FullName/Id: ca_collab_2_0__Communities_Reports/ca_collab_2_0__G_Top_10_Groups_By_Contributions_2_0/00O61000003xClhEAE
Manageable State: installed
Namespace Prefix: ca_collab_2_0
Created By (Name/Id): Jonathan Bernd/00561000000ImwtAAC
Last Modified By (Name/Id): Jonathan Bernd/00561000000ImwtAAC
************************************************************
************************************************************
FileName: reports/ca_collab_2_0__Communities_Reports/ca_collab_2_0__L_Cust_Comm_Plus_Login_Monthly_Usage_1_0.report
FullName/Id: ca_collab_2_0__Communities_Reports/ca_collab_2_0__L_Cust_Comm_Plus_Login_Monthly_Usage_1_0/00O61000003xCloEAE
Manageable State: installed
Namespace Prefix: ca_collab_2_0
Created By (Name/Id): Jonathan Bernd/00561000000ImwtAAC
Last Modified By (Name/Id): Jonathan Bernd/00561000000ImwtAAC
************************************************************
************************************************************
FileName: reports/ca_collab_2_0__Communities_Reports/ca_collab_2_0__L_Member_based_Partner_Licenses_Used.report
FullName/Id: ca_collab_2_0__Communities_Reports/ca_collab_2_0__L_Member_based_Partner_Licenses_Used/00O61000003xCltEAE
Manageable State: installed
Namespace Prefix: ca_collab_2_0
Created By (Name/Id): Jonathan Bernd/00561000000ImwtAAC
Last Modified By (Name/Id): Jonathan Bernd/00561000000ImwtAAC
************************************************************
************************************************************
FileName: reports/ca_collab_2_0__Communities_Reports/ca_collab_2_0__Q_Top_10_Question_Creators_2_0.report
FullName/Id: ca_collab_2_0__Communities_Reports/ca_collab_2_0__Q_Top_10_Question_Creators_2_0/00O61000003xCmjEAE
Manageable State: installed
Namespace Prefix: ca_collab_2_0
Created By (Name/Id): Jonathan Bernd/00561000000ImwtAAC
Last Modified By (Name/Id): Jonathan Bernd/00561000000ImwtAAC
************************************************************
************************************************************
FileName: reports/ca_collab_2_0__Communities_Reports/ca_collab_2_0__S_Top_10_Question_Creators_2_0.report
FullName/Id: ca_collab_2_0__Communities_Reports/ca_collab_2_0__S_Top_10_Question_Creators_2_0/00O61000003xCn8EAE
Manageable State: installed
Namespace Prefix: ca_collab_2_0
Created By (Name/Id): Jonathan Bernd/00561000000ImwtAAC
Last Modified By (Name/Id): Jonathan Bernd/00561000000ImwtAAC
************************************************************
************************************************************
FileName: reports/ca_collab_2_0__Communities_Reports/ca_collab_2_0__Q_Unanswered_Questions_L90D_1_0.report
FullName/Id: ca_collab_2_0__Communities_Reports/ca_collab_2_0__Q_Unanswered_Questions_L90D_1_0/00O61000003xCmlEAE
Manageable State: installed
Namespace Prefix: ca_collab_2_0
Created By (Name/Id): Jonathan Bernd/00561000000ImwtAAC
Last Modified By (Name/Id): Jonathan Bernd/00561000000ImwtAAC
************************************************************
************************************************************
FileName: reports/ca_collab_2_0__Communities_Reports/ca_collab_2_0__S_Avg_Page_Views_By_Visitors_L90D_1_0.report
FullName/Id: ca_collab_2_0__Communities_Reports/ca_collab_2_0__S_Avg_Page_Views_By_Visitors_L90D_1_0/00O61000003xCmsEAE
Manageable State: installed
Namespace Prefix: ca_collab_2_0
Created By (Name/Id): Jonathan Bernd/00561000000ImwtAAC
Last Modified By (Name/Id): Jonathan Bernd/00561000000ImwtAAC
************************************************************
************************************************************
FileName: reports/ca_collab_2_0__Communities_Reports/ca_collab_2_0__A_Metric_Members_Who_Contributed_30_Days_2_0.report
FullName/Id: ca_collab_2_0__Communities_Reports/ca_collab_2_0__A_Metric_Members_Who_Contributed_30_Days_2_0/00O61000003xCl4EAE
Manageable State: installed
Namespace Prefix: ca_collab_2_0
Created By (Name/Id): Jonathan Bernd/00561000000ImwtAAC
Last Modified By (Name/Id): Jonathan Bernd/00561000000ImwtAAC
************************************************************
************************************************************
FileName: reports/ca_collab_2_0__Communities_Reports/ca_collab_2_0__C_File_Uploads_Distribution_By_File_Type.report
FullName/Id: ca_collab_2_0__Communities_Reports/ca_collab_2_0__C_File_Uploads_Distribution_By_File_Type/00O61000003xClGEAU
Manageable State: installed
Namespace Prefix: ca_collab_2_0
Created By (Name/Id): Jonathan Bernd/00561000000ImwtAAC
Last Modified By (Name/Id): Jonathan Bernd/00561000000ImwtAAC
************************************************************
************************************************************
FileName: reports/ca_collab_2_0__Communities_Reports/ca_collab_2_0__L_Cust_Comm_Plus_Lic_Usage_1_0.report
FullName/Id: ca_collab_2_0__Communities_Reports/ca_collab_2_0__L_Cust_Comm_Plus_Lic_Usage_1_0/00O61000003xClmEAE
Manageable State: installed
Namespace Prefix: ca_collab_2_0
Created By (Name/Id): Jonathan Bernd/00561000000ImwtAAC
Last Modified By (Name/Id): Jonathan Bernd/00561000000ImwtAAC
************************************************************
************************************************************
FileName: reports/ca_collab_2_0__Communities_Reports/ca_collab_2_0__MO_Rule_Action_1_0.report
FullName/Id: ca_collab_2_0__Communities_Reports/ca_collab_2_0__MO_Rule_Action_1_0/00O61000003xCmJEAU
Manageable State: installed
Namespace Prefix: ca_collab_2_0
Created By (Name/Id): Jonathan Bernd/00561000000ImwtAAC
Last Modified By (Name/Id): Jonathan Bernd/00561000000ImwtAAC
************************************************************
************************************************************
FileName: reports/ca_collab_2_0__Communities_Reports/ca_collab_2_0__L_Total_Partner_comm_Login_Members_1_0.report
FullName/Id: ca_collab_2_0__Communities_Reports/ca_collab_2_0__L_Total_Partner_comm_Login_Members_1_0/00O61000003xCm8EAE
Manageable State: installed
Namespace Prefix: ca_collab_2_0
Created By (Name/Id): Jonathan Bernd/00561000000ImwtAAC
Last Modified By (Name/Id): Jonathan Bernd/00561000000ImwtAAC
************************************************************
************************************************************
FileName: reports/ca_collab_2_0__Communities_Reports/ca_collab_2_0__S_Metric_Total_Best_Answers_2_0.report
FullName/Id: ca_collab_2_0__Communities_Reports/ca_collab_2_0__S_Metric_Total_Best_Answers_2_0/00O61000003xCn0EAE
Manageable State: installed
Namespace Prefix: ca_collab_2_0
Created By (Name/Id): Jonathan Bernd/00561000000ImwtAAC
Last Modified By (Name/Id): Jonathan Bernd/00561000000ImwtAAC
************************************************************
************************************************************
FileName: reports/ca_collab_2_0__Communities_Reports/ca_collab_2_0__S_Answers_By_User_Type_L90D_1_0.report
FullName/Id: ca_collab_2_0__Communities_Reports/ca_collab_2_0__S_Answers_By_User_Type_L90D_1_0/00O61000003xCmqEAE
Manageable State: installed
Namespace Prefix: ca_collab_2_0
Created By (Name/Id): Jonathan Bernd/00561000000ImwtAAC
Last Modified By (Name/Id): Jonathan Bernd/00561000000ImwtAAC
************************************************************
************************************************************
FileName: reports/ca_collab_2_0__Communities_Reports/ca_collab_2_0__L_Member_based_Customer_Licenses_Used.report
FullName/Id: ca_collab_2_0__Communities_Reports/ca_collab_2_0__L_Member_based_Customer_Licenses_Used/00O61000003xClsEAE
Manageable State: installed
Namespace Prefix: ca_collab_2_0
Created By (Name/Id): Jonathan Bernd/00561000000ImwtAAC
Last Modified By (Name/Id): Jonathan Bernd/00561000000ImwtAAC
************************************************************
************************************************************
FileName: reports/ca_collab_2_0__Communities_Reports/ca_collab_2_0__L_Logins_Used_by_Customer_Licenses.report
FullName/Id: ca_collab_2_0__Communities_Reports/ca_collab_2_0__L_Logins_Used_by_Customer_Licenses/00O61000003xClpEAE
Manageable State: installed
Namespace Prefix: ca_collab_2_0
Created By (Name/Id): Jonathan Bernd/00561000000ImwtAAC
Last Modified By (Name/Id): Jonathan Bernd/00561000000ImwtAAC
************************************************************
************************************************************
FileName: reports/ca_collab_2_0__Communities_Reports/ca_collab_2_0__G_Groups_Activity_L90D_1_0.report
FullName/Id: ca_collab_2_0__Communities_Reports/ca_collab_2_0__G_Groups_Activity_L90D_1_0/00O61000003xClWEAU
Manageable State: installed
Namespace Prefix: ca_collab_2_0
Created By (Name/Id): Jonathan Bernd/00561000000ImwtAAC
Last Modified By (Name/Id): Jonathan Bernd/00561000000ImwtAAC
************************************************************
************************************************************
FileName: reports/ca_collab_2_0__Communities_Reports/ca_collab_2_0__A_Metric_Members_Who_Never_Contributed_2_0.report
FullName/Id: ca_collab_2_0__Communities_Reports/ca_collab_2_0__A_Metric_Members_Who_Never_Contributed_2_0/00O61000003xCl5EAE
Manageable State: installed
Namespace Prefix: ca_collab_2_0
Created By (Name/Id): Jonathan Bernd/00561000000ImwtAAC
Last Modified By (Name/Id): Jonathan Bernd/00561000000ImwtAAC
************************************************************
************************************************************
FileName: reports/ca_collab_2_0__Communities_Reports/ca_collab_2_0__S_Metric_Total_Page_Views_30_Days_2_0.report
FullName/Id: ca_collab_2_0__Communities_Reports/ca_collab_2_0__S_Metric_Total_Page_Views_30_Days_2_0/00O61000003xCn1EAE
Manageable State: installed
Namespace Prefix: ca_collab_2_0
Created By (Name/Id): Jonathan Bernd/00561000000ImwtAAC
Last Modified By (Name/Id): Jonathan Bernd/00561000000ImwtAAC
************************************************************
************************************************************
FileName: reports/ca_collab_2_0__Communities_Reports/ca_collab_2_0__Q_Top_10_Question_Responders_2_0.report
FullName/Id: ca_collab_2_0__Communities_Reports/ca_collab_2_0__Q_Top_10_Question_Responders_2_0/00O61000003xCmkEAE
Manageable State: installed
Namespace Prefix: ca_collab_2_0
Created By (Name/Id): Jonathan Bernd/00561000000ImwtAAC
Last Modified By (Name/Id): Jonathan Bernd/00561000000ImwtAAC
************************************************************
************************************************************
FileName: reports/ca_collab_2_0__Communities_Reports/ca_collab_2_0__G_Metric_Group_Posts_30_Days_2_0.report
FullName/Id: ca_collab_2_0__Communities_Reports/ca_collab_2_0__G_Metric_Group_Posts_30_Days_2_0/00O61000003xClaEAE
Manageable State: installed
Namespace Prefix: ca_collab_2_0
Created By (Name/Id): Jonathan Bernd/00561000000ImwtAAC
Last Modified By (Name/Id): Jonathan Bernd/00561000000ImwtAAC
************************************************************
************************************************************
FileName: reports/ca_collab_2_0__Communities_Reports/ca_collab_2_0__L_Cust_Comm_Lic_Usage_1_0.report
FullName/Id: ca_collab_2_0__Communities_Reports/ca_collab_2_0__L_Cust_Comm_Lic_Usage_1_0/00O61000003xCljEAE
Manageable State: installed
Namespace Prefix: ca_collab_2_0
Created By (Name/Id): Jonathan Bernd/00561000000ImwtAAC
Last Modified By (Name/Id): Jonathan Bernd/00561000000ImwtAAC
************************************************************
************************************************************
FileName: reports/ca_collab_2_0__Communities_Reports/ca_collab_2_0__T_Topics_Assigned_L90D_1_0.report
FullName/Id: ca_collab_2_0__Communities_Reports/ca_collab_2_0__T_Topics_Assigned_L90D_1_0/00O61000003xCnLEAU
Manageable State: installed
Namespace Prefix: ca_collab_2_0
Created By (Name/Id): Jonathan Bernd/00561000000ImwtAAC
Last Modified By (Name/Id): Jonathan Bernd/00561000000ImwtAAC
************************************************************
************************************************************
FileName: reports/ca_collab_2_0__Communities_Reports/ca_collab_2_0__L_Cust_Comm_Plus_Login_Monthly_Trend_1_0.report
FullName/Id: ca_collab_2_0__Communities_Reports/ca_collab_2_0__L_Cust_Comm_Plus_Login_Monthly_Trend_1_0/00O61000003xClnEAE
Manageable State: installed
Namespace Prefix: ca_collab_2_0
Created By (Name/Id): Jonathan Bernd/00561000000ImwtAAC
Last Modified By (Name/Id): Jonathan Bernd/00561000000ImwtAAC
************************************************************
************************************************************
FileName: reports/ca_collab_2_0__Communities_Reports/ca_collab_2_0__S_Top_10_Question_Responders_2_0.report
FullName/Id: ca_collab_2_0__Communities_Reports/ca_collab_2_0__S_Top_10_Question_Responders_2_0/00O61000003xCn9EAE
Manageable State: installed
Namespace Prefix: ca_collab_2_0
Created By (Name/Id): Jonathan Bernd/00561000000ImwtAAC
Last Modified By (Name/Id): Jonathan Bernd/00561000000ImwtAAC
************************************************************
************************************************************
FileName: reports/ca_collab_2_0__Communities_Reports/ca_collab_2_0__G_Metric_Group_Comments_30_Days_2_0.report
FullName/Id: ca_collab_2_0__Communities_Reports/ca_collab_2_0__G_Metric_Group_Comments_30_Days_2_0/00O61000003xClXEAU
Manageable State: installed
Namespace Prefix: ca_collab_2_0
Created By (Name/Id): Jonathan Bernd/00561000000ImwtAAC
Last Modified By (Name/Id): Jonathan Bernd/00561000000ImwtAAC
************************************************************
************************************************************
FileName: reports/ca_collab_2_0__Communities_Reports/ca_collab_2_0__L_Logins_Used_by_Partner_Licenses.report
FullName/Id: ca_collab_2_0__Communities_Reports/ca_collab_2_0__L_Logins_Used_by_Partner_Licenses/00O61000003xClqEAE
Manageable State: installed
Namespace Prefix: ca_collab_2_0
Created By (Name/Id): Jonathan Bernd/00561000000ImwtAAC
Last Modified By (Name/Id): Jonathan Bernd/00561000000ImwtAAC
************************************************************
************************************************************
FileName: reports/ca_collab_2_0__Communities_Reports/ca_collab_2_0__Q_Answers_L90D_1_0.report
FullName/Id: ca_collab_2_0__Communities_Reports/ca_collab_2_0__Q_Answers_L90D_1_0/00O61000003xCmYEAU
Manageable State: installed
Namespace Prefix: ca_collab_2_0
Created By (Name/Id): Jonathan Bernd/00561000000ImwtAAC
Last Modified By (Name/Id): Jonathan Bernd/00561000000ImwtAAC
************************************************************
************************************************************
FileName: reports/ca_collab_2_0__Communities_Reports/ca_collab_2_0__MO_Metric_Messages_Sent_30_Days_2_0.report
FullName/Id: ca_collab_2_0__Communities_Reports/ca_collab_2_0__MO_Metric_Messages_Sent_30_Days_2_0/00O61000003xCmFEAU
Manageable State: installed
Namespace Prefix: ca_collab_2_0
Created By (Name/Id): Jonathan Bernd/00561000000ImwtAAC
Last Modified By (Name/Id): Jonathan Bernd/00561000000ImwtAAC
************************************************************
************************************************************
FileName: reports/ca_collab_2_0__Communities_Reports/ca_collab_2_0__A_Unique_Contributors_By_Type_L90D_1_0.report
FullName/Id: ca_collab_2_0__Communities_Reports/ca_collab_2_0__A_Unique_Contributors_By_Type_L90D_1_0/00O61000003xCl9EAE
Manageable State: installed
Namespace Prefix: ca_collab_2_0
Created By (Name/Id): Jonathan Bernd/00561000000ImwtAAC
Last Modified By (Name/Id): Jonathan Bernd/00561000000ImwtAAC
************************************************************
************************************************************
FileName: reports/ca_collab_2_0__Communities_Reports/ca_collab_2_0__C_New_Files_Trending_By_Downloads_2_0.report
FullName/Id: ca_collab_2_0__Communities_Reports/ca_collab_2_0__C_New_Files_Trending_By_Downloads_2_0/00O61000003xClOEAU
Manageable State: installed
Namespace Prefix: ca_collab_2_0
Created By (Name/Id): Jonathan Bernd/00561000000ImwtAAC
Last Modified By (Name/Id): Jonathan Bernd/00561000000ImwtAAC
************************************************************
************************************************************
FileName: reports/ca_collab_2_0__Communities_Reports/ca_collab_2_0__T_Top_10_Topics_By_Assignments_30_Days_2_0.report
FullName/Id: ca_collab_2_0__Communities_Reports/ca_collab_2_0__T_Top_10_Topics_By_Assignments_30_Days_2_0/00O61000003xCnIEAU
Manageable State: installed
Namespace Prefix: ca_collab_2_0
Created By (Name/Id): Jonathan Bernd/00561000000ImwtAAC
Last Modified By (Name/Id): Jonathan Bernd/00561000000ImwtAAC
************************************************************
************************************************************
FileName: reports/ca_collab_2_0__Communities_Reports/ca_collab_2_0__O_New_Members.report
FullName/Id: ca_collab_2_0__Communities_Reports/ca_collab_2_0__O_New_Members/00O61000003xCmWEAU
Manageable State: installed
Namespace Prefix: ca_collab_2_0
Created By (Name/Id): Jonathan Bernd/00561000000ImwtAAC
Last Modified By (Name/Id): Jonathan Bernd/00561000000ImwtAAC
************************************************************
************************************************************
FileName: reports/ca_collab_2_0__Communities_Reports/ca_collab_2_0__S_Metric_Pct_Questions_Best_Answers_2_0.report
FullName/Id: ca_collab_2_0__Communities_Reports/ca_collab_2_0__S_Metric_Pct_Questions_Best_Answers_2_0/00O61000003xCmxEAE
Manageable State: installed
Namespace Prefix: ca_collab_2_0
Created By (Name/Id): Jonathan Bernd/00561000000ImwtAAC
Last Modified By (Name/Id): Jonathan Bernd/00561000000ImwtAAC
************************************************************
************************************************************
FileName: reports/ca_collab_2_0__Communities_Reports/ca_collab_2_0__S_Metric_Questions_30_Days_2_0.report
FullName/Id: ca_collab_2_0__Communities_Reports/ca_collab_2_0__S_Metric_Questions_30_Days_2_0/00O61000003xCmyEAE
Manageable State: installed
Namespace Prefix: ca_collab_2_0
Created By (Name/Id): Jonathan Bernd/00561000000ImwtAAC
Last Modified By (Name/Id): Jonathan Bernd/00561000000ImwtAAC
************************************************************
************************************************************
FileName: reports/ca_collab_2_0__Communities_Reports/ca_collab_2_0__A_Comments_per_Post_2_0.report
FullName/Id: ca_collab_2_0__Communities_Reports/ca_collab_2_0__A_Comments_per_Post_2_0/00O61000003xCkzEAE
Manageable State: installed
Namespace Prefix: ca_collab_2_0
Created By (Name/Id): Jonathan Bernd/00561000000ImwtAAC
Last Modified By (Name/Id): Jonathan Bernd/00561000000ImwtAAC
************************************************************
************************************************************
FileName: reports/ca_collab_2_0__Communities_Reports/ca_collab_2_0__C_Metric_Files_Contributions_2_0.report
FullName/Id: ca_collab_2_0__Communities_Reports/ca_collab_2_0__C_Metric_Files_Contributions_2_0/00O61000003xClIEAU
Manageable State: installed
Namespace Prefix: ca_collab_2_0
Created By (Name/Id): Jonathan Bernd/00561000000ImwtAAC
Last Modified By (Name/Id): Jonathan Bernd/00561000000ImwtAAC
************************************************************
************************************************************
FileName: reports/ca_collab_2_0__Communities_Reports/ca_collab_2_0__G_Metric_Group_Comments_Per_Post_30_Days_2_0.report
FullName/Id: ca_collab_2_0__Communities_Reports/ca_collab_2_0__G_Metric_Group_Comments_Per_Post_30_Days_2_0/00O61000003xClZEAU
Manageable State: installed
Namespace Prefix: ca_collab_2_0
Created By (Name/Id): Jonathan Bernd/00561000000ImwtAAC
Last Modified By (Name/Id): Jonathan Bernd/00561000000ImwtAAC
************************************************************
************************************************************
FileName: reports/ca_collab_2_0__Communities_Reports/ca_collab_2_0__L_Partner_Comm_Login_Monthly_Trend_1_0.report
FullName/Id: ca_collab_2_0__Communities_Reports/ca_collab_2_0__L_Partner_Comm_Login_Monthly_Trend_1_0/00O61000003xClvEAE
Manageable State: installed
Namespace Prefix: ca_collab_2_0
Created By (Name/Id): Jonathan Bernd/00561000000ImwtAAC
Last Modified By (Name/Id): Jonathan Bernd/00561000000ImwtAAC
************************************************************
************************************************************
FileName: reports/ca_collab_2_0__Communities_Reports/ca_collab_2_0__R_Channel_Recommendations_Details_1_0.report
FullName/Id: ca_collab_2_0__Communities_Reports/ca_collab_2_0__R_Channel_Recommendations_Details_1_0/00O61000003xCmmEAE
Manageable State: installed
Namespace Prefix: ca_collab_2_0
Created By (Name/Id): Jonathan Bernd/00561000000ImwtAAC
Last Modified By (Name/Id): Jonathan Bernd/00561000000ImwtAAC
************************************************************
************************************************************
FileName: reports/ca_collab_2_0__Communities_Reports/ca_collab_2_0__C_Top_10_Users_With_Most_File_Liked_Last_30_Days_2_0.report
FullName/Id: ca_collab_2_0__Communities_Reports/ca_collab_2_0__C_Top_10_Users_With_Most_File_Liked_Last_30_Days_2_0/00O61000003xClREAU
Manageable State: installed
Namespace Prefix: ca_collab_2_0
Created By (Name/Id): Jonathan Bernd/00561000000ImwtAAC
Last Modified By (Name/Id): Jonathan Bernd/00561000000ImwtAAC
************************************************************
************************************************************
FileName: reports/ca_collab_2_0__Communities_Reports/ca_collab_2_0__MO_Metric_Flags_Removed_2_0.report
FullName/Id: ca_collab_2_0__Communities_Reports/ca_collab_2_0__MO_Metric_Flags_Removed_2_0/00O61000003xCmEEAU
Manageable State: installed
Namespace Prefix: ca_collab_2_0
Created By (Name/Id): Jonathan Bernd/00561000000ImwtAAC
Last Modified By (Name/Id): Jonathan Bernd/00561000000ImwtAAC
************************************************************
************************************************************
FileName: reports/ca_collab_2_0__Communities_Reports/ca_collab_2_0__A_Metric_Total_Posts_2_0.report
FullName/Id: ca_collab_2_0__Communities_Reports/ca_collab_2_0__A_Metric_Total_Posts_2_0/00O61000003xCl8EAE
Manageable State: installed
Namespace Prefix: ca_collab_2_0
Created By (Name/Id): Jonathan Bernd/00561000000ImwtAAC
Last Modified By (Name/Id): Jonathan Bernd/00561000000ImwtAAC
************************************************************
************************************************************
FileName: reports/ca_collab_2_0__Communities_Reports/ca_collab_2_0__MO_Moderator_Action_1_0.report
FullName/Id: ca_collab_2_0__Communities_Reports/ca_collab_2_0__MO_Moderator_Action_1_0/00O61000003xCmIEAU
Manageable State: installed
Namespace Prefix: ca_collab_2_0
Created By (Name/Id): Jonathan Bernd/00561000000ImwtAAC
Last Modified By (Name/Id): Jonathan Bernd/00561000000ImwtAAC
************************************************************
************************************************************
FileName: reports/ca_collab_2_0__Communities_Reports/ca_collab_2_0__R_Custom_Recommendations_Details_1_0.report
FullName/Id: ca_collab_2_0__Communities_Reports/ca_collab_2_0__R_Custom_Recommendations_Details_1_0/00O61000003xCmoEAE
Manageable State: installed
Namespace Prefix: ca_collab_2_0
Created By (Name/Id): Jonathan Bernd/00561000000ImwtAAC
Last Modified By (Name/Id): Jonathan Bernd/00561000000ImwtAAC
************************************************************
************************************************************
FileName: reports/ca_collab_2_0__Communities_Reports/ca_collab_2_0__G_Metric_Total_Group_Members_30_Days_2_0.report
FullName/Id: ca_collab_2_0__Communities_Reports/ca_collab_2_0__G_Metric_Total_Group_Members_30_Days_2_0/00O61000003xCleEAE
Manageable State: installed
Namespace Prefix: ca_collab_2_0
Created By (Name/Id): Jonathan Bernd/00561000000ImwtAAC
Last Modified By (Name/Id): Jonathan Bernd/00561000000ImwtAAC
************************************************************
************************************************************
FileName: reports/ca_collab_2_0__Communities_Reports/ca_collab_2_0__G_Metric_Groups_Added_30_Days_2_0.report
FullName/Id: ca_collab_2_0__Communities_Reports/ca_collab_2_0__G_Metric_Groups_Added_30_Days_2_0/00O61000003xClbEAE
Manageable State: installed
Namespace Prefix: ca_collab_2_0
Created By (Name/Id): Jonathan Bernd/00561000000ImwtAAC
Last Modified By (Name/Id): Jonathan Bernd/00561000000ImwtAAC
************************************************************
************************************************************
FileName: reports/ca_collab_2_0__Communities_Reports/ca_collab_2_0__G_Metric_Total_Group_Members_2_0.report
FullName/Id: ca_collab_2_0__Communities_Reports/ca_collab_2_0__G_Metric_Total_Group_Members_2_0/00O61000003xCldEAE
Manageable State: installed
Namespace Prefix: ca_collab_2_0
Created By (Name/Id): Jonathan Bernd/00561000000ImwtAAC
Last Modified By (Name/Id): Jonathan Bernd/00561000000ImwtAAC
************************************************************
************************************************************
FileName: reports/ca_collab_2_0__Communities_Reports/ca_collab_2_0__G_Metric_Total_Groups_2_0.report
FullName/Id: ca_collab_2_0__Communities_Reports/ca_collab_2_0__G_Metric_Total_Groups_2_0/00O61000003xClgEAE
Manageable State: installed
Namespace Prefix: ca_collab_2_0
Created By (Name/Id): Jonathan Bernd/00561000000ImwtAAC
Last Modified By (Name/Id): Jonathan Bernd/00561000000ImwtAAC
************************************************************
************************************************************
FileName: reports/ca_collab_2_0__Communities_Reports/ca_collab_2_0__MO_Flagged_Item_Type_1_0.report
FullName/Id: ca_collab_2_0__Communities_Reports/ca_collab_2_0__MO_Flagged_Item_Type_1_0/00O61000003xCmAEAU
Manageable State: installed
Namespace Prefix: ca_collab_2_0
Created By (Name/Id): Jonathan Bernd/00561000000ImwtAAC
Last Modified By (Name/Id): Jonathan Bernd/00561000000ImwtAAC
************************************************************
************************************************************
FileName: reports/ca_collab_2_0__Communities_Reports/ca_collab_2_0__L_Cust_Comm_Login_Monthly_Trend_1_0.report
FullName/Id: ca_collab_2_0__Communities_Reports/ca_collab_2_0__L_Cust_Comm_Login_Monthly_Trend_1_0/00O61000003xClkEAE
Manageable State: installed
Namespace Prefix: ca_collab_2_0
Created By (Name/Id): Jonathan Bernd/00561000000ImwtAAC
Last Modified By (Name/Id): Jonathan Bernd/00561000000ImwtAAC
************************************************************
************************************************************
FileName: reports/ca_collab_2_0__Communities_Reports/ca_collab_2_0__S_Metric_Total_Answers_2_0.report
FullName/Id: ca_collab_2_0__Communities_Reports/ca_collab_2_0__S_Metric_Total_Answers_2_0/00O61000003xCmzEAE
Manageable State: installed
Namespace Prefix: ca_collab_2_0
Created By (Name/Id): Jonathan Bernd/00561000000ImwtAAC
Last Modified By (Name/Id): Jonathan Bernd/00561000000ImwtAAC
************************************************************
************************************************************
FileName: reports/ca_collab_2_0__Communities_Reports/ca_collab_2_0__S_Page_Views_L90D_1_0.report
FullName/Id: ca_collab_2_0__Communities_Reports/ca_collab_2_0__S_Page_Views_L90D_1_0/00O61000003xCn4EAE
Manageable State: installed
Namespace Prefix: ca_collab_2_0
Created By (Name/Id): Jonathan Bernd/00561000000ImwtAAC
Last Modified By (Name/Id): Jonathan Bernd/00561000000ImwtAAC
************************************************************
************************************************************
FileName: reports/ca_collab_2_0__Communities_Reports/ca_collab_2_0__C_Metric_Files_Likes_2_0.report
FullName/Id: ca_collab_2_0__Communities_Reports/ca_collab_2_0__C_Metric_Files_Likes_2_0/00O61000003xClKEAU
Manageable State: installed
Namespace Prefix: ca_collab_2_0
Created By (Name/Id): Jonathan Bernd/00561000000ImwtAAC
Last Modified By (Name/Id): Jonathan Bernd/00561000000ImwtAAC
************************************************************
************************************************************
FileName: reports/ca_collab_2_0__Communities_Reports/ca_collab_2_0__Q_Metric_Total_Questions_2_0.report
FullName/Id: ca_collab_2_0__Communities_Reports/ca_collab_2_0__Q_Metric_Total_Questions_2_0/00O61000003xCmfEAE
Manageable State: installed
Namespace Prefix: ca_collab_2_0
Created By (Name/Id): Jonathan Bernd/00561000000ImwtAAC
Last Modified By (Name/Id): Jonathan Bernd/00561000000ImwtAAC
************************************************************
************************************************************
FileName: reports/ca_collab_2_0__Communities_Reports/ca_collab_2_0__CH_Total_Network_Chatter_Edits_1_0.report
FullName/Id: ca_collab_2_0__Communities_Reports/ca_collab_2_0__CH_Total_Network_Chatter_Edits_1_0/00O61000003xClDEAU
Manageable State: installed
Namespace Prefix: ca_collab_2_0
Created By (Name/Id): Jonathan Bernd/00561000000ImwtAAC
Last Modified By (Name/Id): Jonathan Bernd/00561000000ImwtAAC
************************************************************
************************************************************
FileName: reports/ca_collab_2_0__Communities_Reports/ca_collab_2_0__L_Total_Cust_Comm_Logins_All_Alloct_1_0.report
FullName/Id: ca_collab_2_0__Communities_Reports/ca_collab_2_0__L_Total_Cust_Comm_Logins_All_Alloct_1_0/00O61000003xCm0EAE
Manageable State: installed
Namespace Prefix: ca_collab_2_0
Created By (Name/Id): Jonathan Bernd/00561000000ImwtAAC
Last Modified By (Name/Id): Jonathan Bernd/00561000000ImwtAAC
************************************************************
************************************************************
FileName: reports/ca_collab_2_0__Communities_Reports/ca_collab_2_0__Q_Metric_Unanswered_Questions_2_0.report
FullName/Id: ca_collab_2_0__Communities_Reports/ca_collab_2_0__Q_Metric_Unanswered_Questions_2_0/00O61000003xCmgEAE
Manageable State: installed
Namespace Prefix: ca_collab_2_0
Created By (Name/Id): Jonathan Bernd/00561000000ImwtAAC
Last Modified By (Name/Id): Jonathan Bernd/00561000000ImwtAAC
************************************************************
************************************************************
FileName: reports/ca_collab_2_0__Communities_Reports/ca_collab_2_0__S_Top_10_Best_Question_Responders_2_0.report
FullName/Id: ca_collab_2_0__Communities_Reports/ca_collab_2_0__S_Top_10_Best_Question_Responders_2_0/00O61000003xCn7EAE
Manageable State: installed
Namespace Prefix: ca_collab_2_0
Created By (Name/Id): Jonathan Bernd/00561000000ImwtAAC
Last Modified By (Name/Id): Jonathan Bernd/00561000000ImwtAAC
************************************************************
************************************************************
FileName: reports/ca_collab_2_0__Communities_Reports/ca_collab_2_0__R_Channel_Recommendations_L90D_1_0.report
FullName/Id: ca_collab_2_0__Communities_Reports/ca_collab_2_0__R_Channel_Recommendations_L90D_1_0/00O61000003xCmnEAE
Manageable State: installed
Namespace Prefix: ca_collab_2_0
Created By (Name/Id): Jonathan Bernd/00561000000ImwtAAC
Last Modified By (Name/Id): Jonathan Bernd/00561000000ImwtAAC
************************************************************
************************************************************
FileName: reports/ca_collab_2_0__Communities_Reports/ca_collab_2_0__C_Top_10_Users_With_Most_File_Uploads_20.report
FullName/Id: ca_collab_2_0__Communities_Reports/ca_collab_2_0__C_Top_10_Users_With_Most_File_Uploads_20/00O61000003xClSEAU
Manageable State: installed
Namespace Prefix: ca_collab_2_0
Created By (Name/Id): Jonathan Bernd/00561000000ImwtAAC
Last Modified By (Name/Id): Jonathan Bernd/00561000000ImwtAAC
************************************************************
************************************************************
FileName: reports/ca_collab_2_0__Communities_Reports/ca_collab_2_0__A_Metric_Posts_30_Days_2_0.report
FullName/Id: ca_collab_2_0__Communities_Reports/ca_collab_2_0__A_Metric_Posts_30_Days_2_0/00O61000003xCl6EAE
Manageable State: installed
Namespace Prefix: ca_collab_2_0
Created By (Name/Id): Jonathan Bernd/00561000000ImwtAAC
Last Modified By (Name/Id): Jonathan Bernd/00561000000ImwtAAC
************************************************************
************************************************************
FileName: reports/ca_collab_2_0__Communities_Reports/ca_collab_2_0__A_Metric_Comments_Per_Post_30_Days_2_0.report
FullName/Id: ca_collab_2_0__Communities_Reports/ca_collab_2_0__A_Metric_Comments_Per_Post_30_Days_2_0/00O61000003xCl3EAE
Manageable State: installed
Namespace Prefix: ca_collab_2_0
Created By (Name/Id): Jonathan Bernd/00561000000ImwtAAC
Last Modified By (Name/Id): Jonathan Bernd/00561000000ImwtAAC
************************************************************
************************************************************
FileName: reports/ca_collab_2_0__Communities_Reports/ca_collab_2_0__S_Best_Answers_By_User_Type_L90D_1_0.report
FullName/Id: ca_collab_2_0__Communities_Reports/ca_collab_2_0__S_Best_Answers_By_User_Type_L90D_1_0/00O61000003xCmtEAE
Manageable State: installed
Namespace Prefix: ca_collab_2_0
Created By (Name/Id): Jonathan Bernd/00561000000ImwtAAC
Last Modified By (Name/Id): Jonathan Bernd/00561000000ImwtAAC
************************************************************
************************************************************
FileName: reports/ca_collab_2_0__Communities_Reports/ca_collab_2_0__S_Metric_Total_Questions_2_0.report
FullName/Id: ca_collab_2_0__Communities_Reports/ca_collab_2_0__S_Metric_Total_Questions_2_0/00O61000003xCn2EAE
Manageable State: installed
Namespace Prefix: ca_collab_2_0
Created By (Name/Id): Jonathan Bernd/00561000000ImwtAAC
Last Modified By (Name/Id): Jonathan Bernd/00561000000ImwtAAC
************************************************************
************************************************************
FileName: reports/ca_collab_2_0__Communities_Reports/ca_collab_2_0__Q_Metric_Pct_Questions_Best_Answers_2_0.report
FullName/Id: ca_collab_2_0__Communities_Reports/ca_collab_2_0__Q_Metric_Pct_Questions_Best_Answers_2_0/00O61000003xCmbEAE
Manageable State: installed
Namespace Prefix: ca_collab_2_0
Created By (Name/Id): Jonathan Bernd/00561000000ImwtAAC
Last Modified By (Name/Id): Jonathan Bernd/00561000000ImwtAAC
************************************************************
************************************************************
FileName: reports/ca_collab_2_0__Communities_Reports/ca_collab_2_0__CH_Network_Chatter_Edits_Feed_Type_1_0.report
FullName/Id: ca_collab_2_0__Communities_Reports/ca_collab_2_0__CH_Network_Chatter_Edits_Feed_Type_1_0/00O61000003xClAEAU
Manageable State: installed
Namespace Prefix: ca_collab_2_0
Created By (Name/Id): Jonathan Bernd/00561000000ImwtAAC
Last Modified By (Name/Id): Jonathan Bernd/00561000000ImwtAAC
************************************************************
************************************************************
FileName: reports/ca_collab_2_0__Communities_Reports/ca_collab_2_0__T_Metric_Topics_2_0.report
FullName/Id: ca_collab_2_0__Communities_Reports/ca_collab_2_0__T_Metric_Topics_2_0/00O61000003xCnBEAU
Manageable State: installed
Namespace Prefix: ca_collab_2_0
Created By (Name/Id): Jonathan Bernd/00561000000ImwtAAC
Last Modified By (Name/Id): Jonathan Bernd/00561000000ImwtAAC
************************************************************
************************************************************
FileName: reports/ca_collab_2_0__Communities_Reports/ca_collab_2_0__L_Total_Cust_Comm_Plug_Login_Members_1_0.report
FullName/Id: ca_collab_2_0__Communities_Reports/ca_collab_2_0__L_Total_Cust_Comm_Plug_Login_Members_1_0/00O61000003xCm1EAE
Manageable State: installed
Namespace Prefix: ca_collab_2_0
Created By (Name/Id): Jonathan Bernd/00561000000ImwtAAC
Last Modified By (Name/Id): Jonathan Bernd/00561000000ImwtAAC
************************************************************
************************************************************
FileName: reports/ca_collab_2_0__Communities_Reports/ca_collab_2_0__C_Top_10_Users_With_Most_File_Contrbutions_Last_30_Days_2_0.report
FullName/Id: ca_collab_2_0__Communities_Reports/ca_collab_2_0__C_Top_10_Users_With_Most_File_Contrbutions_Last_30_Days_2_0/00O61000003xClQEAU
Manageable State: installed
Namespace Prefix: ca_collab_2_0
Created By (Name/Id): Jonathan Bernd/00561000000ImwtAAC
Last Modified By (Name/Id): Jonathan Bernd/00561000000ImwtAAC
************************************************************
************************************************************
FileName: reports/ca_collab_2_0__Communities_Reports/ca_collab_2_0__G_Group_Activity_By_Type_L90D_1_0.report
FullName/Id: ca_collab_2_0__Communities_Reports/ca_collab_2_0__G_Group_Activity_By_Type_L90D_1_0/00O61000003xClUEAU
Manageable State: installed
Namespace Prefix: ca_collab_2_0
Created By (Name/Id): Jonathan Bernd/00561000000ImwtAAC
Last Modified By (Name/Id): Jonathan Bernd/00561000000ImwtAAC
************************************************************
************************************************************
FileName: reports/ca_collab_2_0__Communities_Reports/ca_collab_2_0__M_Metric_Member_Added_30_Days_2_0.report
FullName/Id: ca_collab_2_0__Communities_Reports/ca_collab_2_0__M_Metric_Member_Added_30_Days_2_0/00O61000003xCmPEAU
Manageable State: installed
Namespace Prefix: ca_collab_2_0
Created By (Name/Id): Jonathan Bernd/00561000000ImwtAAC
Last Modified By (Name/Id): Jonathan Bernd/00561000000ImwtAAC
************************************************************
************************************************************
FileName: reports/ca_collab_2_0__Communities_Reports/ca_collab_2_0__T_Topic_Assignments_By_Record_2_0.report
FullName/Id: ca_collab_2_0__Communities_Reports/ca_collab_2_0__T_Topic_Assignments_By_Record_2_0/00O61000003xCnKEAU
Manageable State: installed
Namespace Prefix: ca_collab_2_0
Created By (Name/Id): Jonathan Bernd/00561000000ImwtAAC
Last Modified By (Name/Id): Jonathan Bernd/00561000000ImwtAAC
************************************************************
************************************************************
FileName: reports/ca_collab_2_0__Communities_Reports/ca_collab_2_0__L_Partner_Comm_Login_Monthly_Usage_1_0.report
FullName/Id: ca_collab_2_0__Communities_Reports/ca_collab_2_0__L_Partner_Comm_Login_Monthly_Usage_1_0/00O61000003xClwEAE
Manageable State: installed
Namespace Prefix: ca_collab_2_0
Created By (Name/Id): Jonathan Bernd/00561000000ImwtAAC
Last Modified By (Name/Id): Jonathan Bernd/00561000000ImwtAAC
************************************************************
************************************************************
FileName: reports/ca_collab_2_0__Communities_Reports/ca_collab_2_0__L_Total_Partner_Comm_All_Actv_Lic_1_0.report
FullName/Id: ca_collab_2_0__Communities_Reports/ca_collab_2_0__L_Total_Partner_Comm_All_Actv_Lic_1_0/00O61000003xCm5EAE
Manageable State: installed
Namespace Prefix: ca_collab_2_0
Created By (Name/Id): Jonathan Bernd/00561000000ImwtAAC
Last Modified By (Name/Id): Jonathan Bernd/00561000000ImwtAAC
************************************************************
************************************************************
FileName: reports/ca_collab_2_0__Communities_Reports/ca_collab_2_0__C_File_Activity_L90D_1_0.report
FullName/Id: ca_collab_2_0__Communities_Reports/ca_collab_2_0__C_File_Activity_L90D_1_0/00O61000003xClFEAU
Manageable State: installed
Namespace Prefix: ca_collab_2_0
Created By (Name/Id): Jonathan Bernd/00561000000ImwtAAC
Last Modified By (Name/Id): Jonathan Bernd/00561000000ImwtAAC
************************************************************
************************************************************
FileName: reports/ca_collab_2_0__Communities_Reports/ca_collab_2_0__T_Top_10_Topic_Assigners_2_0.report
FullName/Id: ca_collab_2_0__Communities_Reports/ca_collab_2_0__T_Top_10_Topic_Assigners_2_0/00O61000003xCnFEAU
Manageable State: installed
Namespace Prefix: ca_collab_2_0
Created By (Name/Id): Jonathan Bernd/00561000000ImwtAAC
Last Modified By (Name/Id): Jonathan Bernd/00561000000ImwtAAC
************************************************************
************************************************************
FileName: reports/ca_collab_2_0__Communities_Reports/ca_collab_2_0__M_Members_by_Type.report
FullName/Id: ca_collab_2_0__Communities_Reports/ca_collab_2_0__M_Members_by_Type/00O61000003xCmOEAU
Manageable State: installed
Namespace Prefix: ca_collab_2_0
Created By (Name/Id): Jonathan Bernd/00561000000ImwtAAC
Last Modified By (Name/Id): Jonathan Bernd/00561000000ImwtAAC
************************************************************
************************************************************
FileName: reports/ca_collab_2_0__Communities_Reports/ca_collab_2_0__Q_Top_10_Best_Question_Responders_2_0.report
FullName/Id: ca_collab_2_0__Communities_Reports/ca_collab_2_0__Q_Top_10_Best_Question_Responders_2_0/00O61000003xCmiEAE
Manageable State: installed
Namespace Prefix: ca_collab_2_0
Created By (Name/Id): Jonathan Bernd/00561000000ImwtAAC
Last Modified By (Name/Id): Jonathan Bernd/00561000000ImwtAAC
************************************************************
************************************************************
FileName: reports/ca_collab_2_0__Communities_Reports/ca_collab_2_0__S_Questions_By_User_Type_L90D_1_0.report
FullName/Id: ca_collab_2_0__Communities_Reports/ca_collab_2_0__S_Questions_By_User_Type_L90D_1_0/00O61000003xCn5EAE
Manageable State: installed
Namespace Prefix: ca_collab_2_0
Created By (Name/Id): Jonathan Bernd/00561000000ImwtAAC
Last Modified By (Name/Id): Jonathan Bernd/00561000000ImwtAAC
************************************************************
************************************************************
FileName: reports/ca_collab_2_0__Communities_Reports/ca_collab_2_0__M_Members_No_Pic_1_0.report
FullName/Id: ca_collab_2_0__Communities_Reports/ca_collab_2_0__M_Members_No_Pic_1_0/00O61000003xCmNEAU
Manageable State: installed
Namespace Prefix: ca_collab_2_0
Created By (Name/Id): Jonathan Bernd/00561000000ImwtAAC
Last Modified By (Name/Id): Jonathan Bernd/00561000000ImwtAAC
************************************************************
************************************************************
FileName: reports/ca_collab_2_0__Communities_Reports/ca_collab_2_0__M_Metric_Member_Logins_30_Days_2_0.report
FullName/Id: ca_collab_2_0__Communities_Reports/ca_collab_2_0__M_Metric_Member_Logins_30_Days_2_0/00O61000003xCmQEAU
Manageable State: installed
Namespace Prefix: ca_collab_2_0
Created By (Name/Id): Jonathan Bernd/00561000000ImwtAAC
Last Modified By (Name/Id): Jonathan Bernd/00561000000ImwtAAC
************************************************************
************************************************************
FileName: reports/ca_collab_2_0__Communities_Reports/ca_collab_2_0__S_Questions_L90D_1_0.report
FullName/Id: ca_collab_2_0__Communities_Reports/ca_collab_2_0__S_Questions_L90D_1_0/00O61000003xCn6EAE
Manageable State: installed
Namespace Prefix: ca_collab_2_0
Created By (Name/Id): Jonathan Bernd/00561000000ImwtAAC
Last Modified By (Name/Id): Jonathan Bernd/00561000000ImwtAAC
************************************************************
************************************************************
FileName: reports/ca_collab_2_0__Communities_Reports/ca_collab_2_0__G_Active_Groups_L90D_1_0.report
FullName/Id: ca_collab_2_0__Communities_Reports/ca_collab_2_0__G_Active_Groups_L90D_1_0/00O61000003xClTEAU
Manageable State: installed
Namespace Prefix: ca_collab_2_0
Created By (Name/Id): Jonathan Bernd/00561000000ImwtAAC
Last Modified By (Name/Id): Jonathan Bernd/00561000000ImwtAAC
************************************************************
************************************************************
FileName: reports/ca_collab_2_0__Communities_Reports/ca_collab_2_0__Q_Questions_L90D_1_0.report
FullName/Id: ca_collab_2_0__Communities_Reports/ca_collab_2_0__Q_Questions_L90D_1_0/00O61000003xCmhEAE
Manageable State: installed
Namespace Prefix: ca_collab_2_0
Created By (Name/Id): Jonathan Bernd/00561000000ImwtAAC
Last Modified By (Name/Id): Jonathan Bernd/00561000000ImwtAAC
************************************************************
