************************************************************
FileName: reports/LATAM/Leads_Awaiting_Chapter_Approval1.report
FullName/Id: LATAM/Leads_Awaiting_Chapter_Approval1/00O610000049mzdEAA
Manageable State: unmanaged
Namespace Prefix: null
Created By (Name/Id): Hector Piedra/0056100000318MjAAI
Last Modified By (Name/Id): Hector Piedra/0056100000318MjAAI
************************************************************
************************************************************
FileName: reports/LATAM/Active_Leads_by_Chapter1.report
FullName/Id: LATAM/Active_Leads_by_Chapter1/00O610000049sUbEAI
Manageable State: unmanaged
Namespace Prefix: null
Created By (Name/Id): Hector Piedra/0056100000318MjAAI
Last Modified By (Name/Id): Hector Piedra/0056100000318MjAAI
************************************************************
************************************************************
FileName: reports/LATAM/Full_Regional_Board_REX1.report
FullName/Id: LATAM/Full_Regional_Board_REX1/00O610000049sO4EAI
Manageable State: unmanaged
Namespace Prefix: null
Created By (Name/Id): Hector Piedra/0056100000318MjAAI
Last Modified By (Name/Id): Hector Piedra/0056100000318MjAAI
************************************************************
************************************************************
FileName: reports/LATAM/Ecommerce_Related.report
FullName/Id: LATAM/Ecommerce_Related/00O61000004Et3iEAC
Manageable State: unmanaged
Namespace Prefix: null
Created By (Name/Id): Hector Piedra/0056100000318MjAAI
Last Modified By (Name/Id): Hector Piedra/0056100000318MjAAI
************************************************************
************************************************************
FileName: reports/LATAM/CAs_Competition_per_Chapter.report
FullName/Id: LATAM/CAs_Competition_per_Chapter/00O61000004EZzgEAG
Manageable State: unmanaged
Namespace Prefix: null
Created By (Name/Id): Hector Piedra/0056100000318MjAAI
Last Modified By (Name/Id): Hector Piedra/0056100000318MjAAI
************************************************************
************************************************************
FileName: reports/LATAM/Total_New_Members_by_Month.report
FullName/Id: LATAM/Total_New_Members_by_Month/00O610000049mzsEAA
Manageable State: unmanaged
Namespace Prefix: null
Created By (Name/Id): Hector Piedra/0056100000318MjAAI
Last Modified By (Name/Id): Hector Piedra/0056100000318MjAAI
************************************************************
************************************************************
FileName: reports/LATAM/New_Members_By_Chapter2.report
FullName/Id: LATAM/New_Members_By_Chapter2/00O61000004DxkxEAC
Manageable State: unmanaged
Namespace Prefix: null
Created By (Name/Id): Hector Piedra/0056100000318MjAAI
Last Modified By (Name/Id): Hector Piedra/0056100000318MjAAI
************************************************************
************************************************************
FileName: reports/LATAM/Prospects_Pending_Payments1.report
FullName/Id: LATAM/Prospects_Pending_Payments1/00O610000049mziEAA
Manageable State: unmanaged
Namespace Prefix: null
Created By (Name/Id): Hector Piedra/0056100000318MjAAI
Last Modified By (Name/Id): Hector Piedra/0056100000318MjAAI
************************************************************
************************************************************
FileName: reports/LATAM/Top_Accounts.report
FullName/Id: LATAM/Top_Accounts/00O610000049n1ZEAQ
Manageable State: unmanaged
Namespace Prefix: null
Created By (Name/Id): Hector Piedra/0056100000318MjAAI
Last Modified By (Name/Id): Hector Piedra/0056100000318MjAAI
************************************************************
************************************************************
FileName: reports/LATAM/LATAM.report
FullName/Id: LATAM/LATAM/00O610000049n1FEAQ
Manageable State: unmanaged
Namespace Prefix: null
Created By (Name/Id): Hector Piedra/0056100000318MjAAI
Last Modified By (Name/Id): Hector Piedra/0056100000318MjAAI
************************************************************
************************************************************
FileName: reports/LATAM/Liz_Compettition.report
FullName/Id: LATAM/Liz_Compettition/00O61000004EWBYEA4
Manageable State: unmanaged
Namespace Prefix: null
Created By (Name/Id): Hector Piedra/0056100000318MjAAI
Last Modified By (Name/Id): Hector Piedra/0056100000318MjAAI
************************************************************
************************************************************
FileName: reports/LATAM/CMOS_CAS.report
FullName/Id: LATAM/CMOS_CAS/00O610000049oYKEAY
Manageable State: unmanaged
Namespace Prefix: null
Created By (Name/Id): Hector Piedra/0056100000318MjAAI
Last Modified By (Name/Id): Hector Piedra/0056100000318MjAAI
************************************************************
************************************************************
FileName: reports/LATAM/Active_Leads1.report
FullName/Id: LATAM/Active_Leads1/00O610000049n07EAA
Manageable State: unmanaged
Namespace Prefix: null
Created By (Name/Id): Hector Piedra/0056100000318MjAAI
Last Modified By (Name/Id): Hector Piedra/0056100000318MjAAI
************************************************************
************************************************************
FileName: reports/LATAM/Leads2.report
FullName/Id: LATAM/Leads2/00O61000004DzaQEAS
Manageable State: unmanaged
Namespace Prefix: null
Created By (Name/Id): Hector Piedra/0056100000318MjAAI
Last Modified By (Name/Id): Hector Piedra/0056100000318MjAAI
************************************************************
************************************************************
FileName: reports/LATAM/CMOS1.report
FullName/Id: LATAM/CMOS1/00O61000001ZmoPEAS
Manageable State: unmanaged
Namespace Prefix: null
Created By (Name/Id): Hector Piedra/0056100000318MjAAI
Last Modified By (Name/Id): Hector Piedra/0056100000318MjAAI
************************************************************
************************************************************
FileName: reports/LATAM/All_Spouses_partners_LATAM.report
FullName/Id: LATAM/All_Spouses_partners_LATAM/00O610000049n4TEAQ
Manageable State: unmanaged
Namespace Prefix: null
Created By (Name/Id): Hector Piedra/0056100000318MjAAI
Last Modified By (Name/Id): Hector Piedra/0056100000318MjAAI
************************************************************
************************************************************
FileName: reports/LATAM/MembersDBreport.report
FullName/Id: LATAM/MembersDBreport/00O610000049n2wEAA
Manageable State: unmanaged
Namespace Prefix: null
Created By (Name/Id): Hector Piedra/0056100000318MjAAI
Last Modified By (Name/Id): Hector Piedra/0056100000318MjAAI
************************************************************
************************************************************
FileName: reports/LATAM/Unverified_Leads_LATAM.report
FullName/Id: LATAM/Unverified_Leads_LATAM/00O61000004ELDsEAO
Manageable State: unmanaged
Namespace Prefix: null
Created By (Name/Id): Hector Piedra/0056100000318MjAAI
Last Modified By (Name/Id): Hector Piedra/0056100000318MjAAI
************************************************************
************************************************************
FileName: reports/LATAM/Pending_Payment_per_Chapter.report
FullName/Id: LATAM/Pending_Payment_per_Chapter/00O61000004EZs1EAG
Manageable State: unmanaged
Namespace Prefix: null
Created By (Name/Id): Hector Piedra/0056100000318MjAAI
Last Modified By (Name/Id): Hector Piedra/0056100000318MjAAI
************************************************************
************************************************************
FileName: reports/LATAM/By_Gender_Active.report
FullName/Id: LATAM/By_Gender_Active/00O61000004EeSOEA0
Manageable State: unmanaged
Namespace Prefix: null
Created By (Name/Id): Hector Piedra/0056100000318MjAAI
Last Modified By (Name/Id): Hector Piedra/0056100000318MjAAI
************************************************************
************************************************************
FileName: reports/LATAM/New_Members_by_Year.report
FullName/Id: LATAM/New_Members_by_Year/00O610000049mzxEAA
Manageable State: unmanaged
Namespace Prefix: null
Created By (Name/Id): Hector Piedra/0056100000318MjAAI
Last Modified By (Name/Id): Hector Piedra/0056100000318MjAAI
************************************************************
************************************************************
FileName: reports/LATAM/List_Of_Chapters_Integrated.report
FullName/Id: LATAM/List_Of_Chapters_Integrated/00O610000049rB4EAI
Manageable State: unmanaged
Namespace Prefix: null
Created By (Name/Id): Hector Piedra/0056100000318MjAAI
Last Modified By (Name/Id): Hector Piedra/0056100000318MjAAI
************************************************************
************************************************************
FileName: reports/LATAM/Closed_Sales.report
FullName/Id: LATAM/Closed_Sales/00O610000049n1KEAQ
Manageable State: unmanaged
Namespace Prefix: null
Created By (Name/Id): Hector Piedra/0056100000318MjAAI
Last Modified By (Name/Id): Hector Piedra/0056100000318MjAAI
************************************************************
************************************************************
FileName: reports/LATAM/LATAM_Chapters_Created_By_Date.report
FullName/Id: LATAM/LATAM_Chapters_Created_By_Date/00O61000004ETcbEAG
Manageable State: unmanaged
Namespace Prefix: null
Created By (Name/Id): Hector Piedra/0056100000318MjAAI
Last Modified By (Name/Id): Hector Piedra/0056100000318MjAAI
************************************************************
************************************************************
FileName: reports/LATAM/Metropolitan_Mexico.report
FullName/Id: LATAM/Metropolitan_Mexico/00O61000004EckuEAC
Manageable State: unmanaged
Namespace Prefix: null
Created By (Name/Id): Hector Piedra/0056100000318MjAAI
Last Modified By (Name/Id): Hector Piedra/0056100000318MjAAI
************************************************************
************************************************************
FileName: reports/LATAM/Eligible_for_Reassignment.report
FullName/Id: LATAM/Eligible_for_Reassignment/00O610000049n02EAA
Manageable State: unmanaged
Namespace Prefix: null
Created By (Name/Id): Hector Piedra/0056100000318MjAAI
Last Modified By (Name/Id): Hector Piedra/0056100000318MjAAI
************************************************************
************************************************************
FileName: reports/LATAM/Members1.report
FullName/Id: LATAM/Members1/00O610000049n2XEAQ
Manageable State: unmanaged
Namespace Prefix: null
Created By (Name/Id): Hector Piedra/0056100000318MjAAI
Last Modified By (Name/Id): Hector Piedra/0056100000318MjAAI
************************************************************
************************************************************
FileName: reports/LATAM/Latam1.report
FullName/Id: LATAM/Latam1/00O61000004DyXBEA0
Manageable State: unmanaged
Namespace Prefix: null
Created By (Name/Id): Hector Piedra/0056100000318MjAAI
Last Modified By (Name/Id): Hector Piedra/0056100000318MjAAI
************************************************************
