************************************************************
FileName: reports/DashboardReportsAdoption/MTM_Adoption_Gauge.report
FullName/Id: DashboardReportsAdoption/MTM_Adoption_Gauge/00O61000003nO0JEAU
Manageable State: unmanaged
Namespace Prefix: null
Created By (Name/Id): Lynn Phillips/00561000000JTJQAA4
Last Modified By (Name/Id): Lynn Phillips/00561000000JTJQAA4
************************************************************
************************************************************
FileName: reports/DashboardReportsAdoption/Last_7_Days_Login_by_Profile_DB.report
FullName/Id: DashboardReportsAdoption/Last_7_Days_Login_by_Profile_DB/00O61000003nFk7EAE
Manageable State: unmanaged
Namespace Prefix: null
Created By (Name/Id): Kelli Do/00561000001PrKOAA0
Last Modified By (Name/Id): Lynn Phillips/00561000000JTJQAA4
************************************************************
************************************************************
FileName: reports/DashboardReportsAdoption/Last_7_days_login_CA_and_CMO.report
FullName/Id: DashboardReportsAdoption/Last_7_days_login_CA_and_CMO/00O61000003nNqYEAU
Manageable State: unmanaged
Namespace Prefix: null
Created By (Name/Id): Lynn Phillips/00561000000JTJQAA4
Last Modified By (Name/Id): Lynn Phillips/00561000000JTJQAA4
************************************************************
************************************************************
FileName: reports/DashboardReportsAdoption/CC_Adoption_Gauge.report
FullName/Id: DashboardReportsAdoption/CC_Adoption_Gauge/00O6100000433Q3EAI
Manageable State: unmanaged
Namespace Prefix: null
Created By (Name/Id): Lynn Phillips/00561000000JTJQAA4
Last Modified By (Name/Id): Lynn Phillips/00561000000JTJQAA4
************************************************************
************************************************************
FileName: reports/DashboardReportsAdoption/of_Member_Opportunities.report
FullName/Id: DashboardReportsAdoption/of_Member_Opportunities/00O61000003nJZ8EAM
Manageable State: unmanaged
Namespace Prefix: null
Created By (Name/Id): Lynn Phillips/00561000000JTJQAA4
Last Modified By (Name/Id): Lynn Phillips/00561000000JTJQAA4
************************************************************
************************************************************
FileName: reports/DashboardReportsAdoption/Wall_of_Shame_last_7_days.report
FullName/Id: DashboardReportsAdoption/Wall_of_Shame_last_7_days/00O61000003nJYyEAM
Manageable State: unmanaged
Namespace Prefix: null
Created By (Name/Id): Lynn Phillips/00561000000JTJQAA4
Last Modified By (Name/Id): Lynn Phillips/00561000000JTJQAA4
************************************************************
************************************************************
FileName: reports/DashboardReportsAdoption/CMO_and_CA_last_7_days_logins.report
FullName/Id: DashboardReportsAdoption/CMO_and_CA_last_7_days_logins/00O61000003nNhCEAU
Manageable State: unmanaged
Namespace Prefix: null
Created By (Name/Id): Lynn Phillips/00561000000JTJQAA4
Last Modified By (Name/Id): Lynn Phillips/00561000000JTJQAA4
************************************************************
************************************************************
FileName: reports/DashboardReportsAdoption/CMO_Adoption_Gauge.report
FullName/Id: DashboardReportsAdoption/CMO_Adoption_Gauge/00O61000003nO0EEAU
Manageable State: unmanaged
Namespace Prefix: null
Created By (Name/Id): Lynn Phillips/00561000000JTJQAA4
Last Modified By (Name/Id): Lynn Phillips/00561000000JTJQAA4
************************************************************
************************************************************
FileName: reports/DashboardReportsAdoption/CA_Adoption_Gauge2.report
FullName/Id: DashboardReportsAdoption/CA_Adoption_Gauge2/00O61000003nO09EAE
Manageable State: unmanaged
Namespace Prefix: null
Created By (Name/Id): Lynn Phillips/00561000000JTJQAA4
Last Modified By (Name/Id): Lynn Phillips/00561000000JTJQAA4
************************************************************
************************************************************
FileName: reports/DashboardReportsAdoption/UsageActivitiesCompleted.report
FullName/Id: DashboardReportsAdoption/UsageActivitiesCompleted/00O610000011MhPEAU
Manageable State: unmanaged
Namespace Prefix: null
Created By (Name/Id): Todd Reed/00561000000IfUJAA0
Last Modified By (Name/Id): Todd Reed/00561000000IfUJAA0
************************************************************
************************************************************
FileName: reports/DashboardReportsAdoption/Users_by_Department_LPP.report
FullName/Id: DashboardReportsAdoption/Users_by_Department_LPP/00O61000003nJYtEAM
Manageable State: unmanaged
Namespace Prefix: null
Created By (Name/Id): Lynn Phillips/00561000000JTJQAA4
Last Modified By (Name/Id): Lynn Phillips/00561000000JTJQAA4
************************************************************
************************************************************
FileName: reports/DashboardReportsAdoption/Last_7_Days_Login_Unique_Count.report
FullName/Id: DashboardReportsAdoption/Last_7_Days_Login_Unique_Count/00O61000003nFb5EAE
Manageable State: unmanaged
Namespace Prefix: null
Created By (Name/Id): Kelli Do/00561000001PrKOAA0
Last Modified By (Name/Id): Kelli Do/00561000001PrKOAA0
************************************************************
************************************************************
FileName: reports/DashboardReportsAdoption/Users_Logged_in.report
FullName/Id: DashboardReportsAdoption/Users_Logged_in/00O61000003nJZ3EAM
Manageable State: unmanaged
Namespace Prefix: null
Created By (Name/Id): Lynn Phillips/00561000000JTJQAA4
Last Modified By (Name/Id): Lynn Phillips/00561000000JTJQAA4
************************************************************
************************************************************
FileName: reports/DashboardReportsAdoption/Last_7_Days_Login_by_Department.report
FullName/Id: DashboardReportsAdoption/Last_7_Days_Login_by_Department/00O61000003nFjnEAE
Manageable State: unmanaged
Namespace Prefix: null
Created By (Name/Id): Kelli Do/00561000001PrKOAA0
Last Modified By (Name/Id): Kelli Do/00561000001PrKOAA0
************************************************************
