************************************************************
FileName: reports/YPO_Awards/Awards_Listing.report
FullName/Id: YPO_Awards/Awards_Listing/00O610000042vH7EAI
Manageable State: unmanaged
Namespace Prefix: null
Created By (Name/Id): Kelli Do/00561000001PrKOAA0
Last Modified By (Name/Id): Kelli Do/00561000001PrKOAA0
************************************************************
************************************************************
FileName: reports/YPO_Awards/International_Awards.report
FullName/Id: YPO_Awards/International_Awards/00O610000046BnzEAE
Manageable State: unmanaged
Namespace Prefix: null
Created By (Name/Id): Stephanie Mayfield/00561000001mCdYAAU
Last Modified By (Name/Id): Stephanie Mayfield/00561000001mCdYAAU
************************************************************
************************************************************
FileName: reports/YPO_Awards/Award_Winner_with.report
FullName/Id: YPO_Awards/Award_Winner_with/00O61000003nYb2EAE
Manageable State: unmanaged
Namespace Prefix: null
Created By (Name/Id): Stephanie Mayfield/00561000001mCdYAAU
Last Modified By (Name/Id): Stephanie Mayfield/00561000001mCdYAAU
************************************************************
************************************************************
FileName: reports/YPO_Awards/Award_Winner_by_Award_Name_Search.report
FullName/Id: YPO_Awards/Award_Winner_by_Award_Name_Search/00O61000003n8R7EAI
Manageable State: unmanaged
Namespace Prefix: null
Created By (Name/Id): Kelli Do/00561000001PrKOAA0
Last Modified By (Name/Id): Stephanie Mayfield/00561000001mCdYAAU
************************************************************
************************************************************
FileName: reports/YPO_Awards/Item_03978.report
FullName/Id: YPO_Awards/Item_03978/00O61000003pssNEAQ
Manageable State: unmanaged
Namespace Prefix: null
Created By (Name/Id): Mike Sadigov/00561000001QblaAAC
Last Modified By (Name/Id): Kelli Do/00561000001PrKOAA0
************************************************************
************************************************************
FileName: reports/YPO_Awards/Award_Winner_All_International_Types.report
FullName/Id: YPO_Awards/Award_Winner_All_International_Types/00O6100000469sIEAQ
Manageable State: unmanaged
Namespace Prefix: null
Created By (Name/Id): Stephanie Mayfield/00561000001mCdYAAU
Last Modified By (Name/Id): Stephanie Mayfield/00561000001mCdYAAU
************************************************************
