************************************************************
FileName: dashboards/alm_qa__Bluewolf_ALM
FullName/Id: alm_qa__Bluewolf_ALM/00l61000000MlfsAAC
Manageable State: installed
Namespace Prefix: alm_qa
Created By (Name/Id): Lily Kubota/00561000000ImxXAAS
Last Modified By (Name/Id): Lily Kubota/00561000000ImxXAAS
************************************************************
************************************************************
FileName: dashboards/YPO_Networks
FullName/Id: YPO_Networks/00l61000000vAbAAAU
Manageable State: unmanaged
Namespace Prefix: null
Created By (Name/Id): Lynn Phillips/00561000000JTJQAA4
Last Modified By (Name/Id): Lynn Phillips/00561000000JTJQAA4
************************************************************
************************************************************
FileName: dashboards/YPO_Finance
FullName/Id: YPO_Finance/00l61000000vAb0AAE
Manageable State: unmanaged
Namespace Prefix: null
Created By (Name/Id): Lynn Phillips/00561000000JTJQAA4
Last Modified By (Name/Id): Lynn Phillips/00561000000JTJQAA4
************************************************************
************************************************************
FileName: dashboards/Product_Management_Dashboards
FullName/Id: Product_Management_Dashboards/00l61000000OIGaAAO
Manageable State: unmanaged
Namespace Prefix: null
Created By (Name/Id): Brandon Sherman/00561000001uIe1AAE
Last Modified By (Name/Id): Brandon Sherman/00561000001uIe1AAE
************************************************************
************************************************************
FileName: dashboards/YPO_Membership_Renewals
FullName/Id: YPO_Membership_Renewals/00l61000000dtSaAAI
Manageable State: unmanaged
Namespace Prefix: null
Created By (Name/Id): Taylor Poppell/00561000002SlNbAAK
Last Modified By (Name/Id): Taylor Poppell/00561000002SlNbAAK
************************************************************
************************************************************
FileName: dashboards/NVMContactWorld__NVM_Call_Data
FullName/Id: NVMContactWorld__NVM_Call_Data/00l610000016biXAAQ
Manageable State: installed
Namespace Prefix: NVMContactWorld
Created By (Name/Id): Kelli Do/00561000001PrKOAA0
Last Modified By (Name/Id): Kelli Do/00561000001PrKOAA0
************************************************************
************************************************************
FileName: dashboards/YPO_Events
FullName/Id: YPO_Events/00l61000000vAavAAE
Manageable State: unmanaged
Namespace Prefix: null
Created By (Name/Id): Lynn Phillips/00561000000JTJQAA4
Last Modified By (Name/Id): Kelli Do/00561000001PrKOAA0
************************************************************
************************************************************
FileName: dashboards/Testing_Dashboards
FullName/Id: Testing_Dashboards/00l61000000ksW1AAI
Manageable State: unmanaged
Namespace Prefix: null
Created By (Name/Id): Lily Kubota/00561000000ImxXAAS
Last Modified By (Name/Id): Lily Kubota/00561000000ImxXAAS
************************************************************
************************************************************
FileName: dashboards/dsfs__DocuSign_Dashboard
FullName/Id: dsfs__DocuSign_Dashboard/00l61000000kqvkAAA
Manageable State: installed
Namespace Prefix: dsfs
Created By (Name/Id): Jonathan Bernd/00561000000ImwtAAC
Last Modified By (Name/Id): Jonathan Bernd/00561000000ImwtAAC
************************************************************
************************************************************
FileName: dashboards/Best_Practice_Service_Dashboards
FullName/Id: Best_Practice_Service_Dashboards/00l61000000R8glAAC
Manageable State: unmanaged
Namespace Prefix: null
Created By (Name/Id): Todd Reed/00561000000IfUJAA0
Last Modified By (Name/Id): Todd Reed/00561000000IfUJAA0
************************************************************
************************************************************
FileName: dashboards/YPO_Champions
FullName/Id: YPO_Champions/00l61000000vFuHAAU
Manageable State: unmanaged
Namespace Prefix: null
Created By (Name/Id): Lynn Phillips/00561000000JTJQAA4
Last Modified By (Name/Id): Lynn Phillips/00561000000JTJQAA4
************************************************************
************************************************************
FileName: dashboards/YPO_Prospects
FullName/Id: YPO_Prospects/00l61000000OGxoAAG
Manageable State: unmanaged
Namespace Prefix: null
Created By (Name/Id): Kelli Do/00561000001PrKOAA0
Last Modified By (Name/Id): Kelli Do/00561000001PrKOAA0
************************************************************
************************************************************
FileName: dashboards/YPO_Education
FullName/Id: YPO_Education/00l61000000vAaqAAE
Manageable State: unmanaged
Namespace Prefix: null
Created By (Name/Id): Lynn Phillips/00561000000JTJQAA4
Last Modified By (Name/Id): Kelli Do/00561000001PrKOAA0
************************************************************
************************************************************
FileName: dashboards/YPO_Reports_Development_Dashboard
FullName/Id: YPO_Reports_Development_Dashboard/00l61000000FzNYAA0
Manageable State: unmanaged
Namespace Prefix: null
Created By (Name/Id): Kelli Do/00561000001PrKOAA0
Last Modified By (Name/Id): Kelli Do/00561000001PrKOAA0
************************************************************
************************************************************
FileName: dashboards/ca_collab_2_0__Lightning_Communities_Dashboards
FullName/Id: ca_collab_2_0__Lightning_Communities_Dashboards/00l61000000kxSUAAY
Manageable State: installed
Namespace Prefix: ca_collab_2_0
Created By (Name/Id): Jonathan Bernd/00561000000ImwtAAC
Last Modified By (Name/Id): Jonathan Bernd/00561000000ImwtAAC
************************************************************
************************************************************
FileName: dashboards/YPO_Membership
FullName/Id: YPO_Membership/00l61000000vAb5AAE
Manageable State: unmanaged
Namespace Prefix: null
Created By (Name/Id): Lynn Phillips/00561000000JTJQAA4
Last Modified By (Name/Id): Lynn Phillips/00561000000JTJQAA4
************************************************************
************************************************************
FileName: dashboards/Forum_Dashboard_Folder
FullName/Id: Forum_Dashboard_Folder/00l61000000OIU8AAO
Manageable State: unmanaged
Namespace Prefix: null
Created By (Name/Id): Cory Chorpenning/00561000001cxaZAAQ
Last Modified By (Name/Id): Kelli Do/00561000001PrKOAA0
************************************************************
************************************************************
FileName: dashboards/inactive
FullName/Id: inactive/00l61000000OKKAAA4
Manageable State: unmanaged
Namespace Prefix: null
Created By (Name/Id): System Administrator/00561000002DrZyAAK
Last Modified By (Name/Id): System Administrator/00561000002DrZyAAK
************************************************************
************************************************************
FileName: dashboards/YPO_Committees_Officers
FullName/Id: YPO_Committees_Officers/00l61000000vAalAAE
Manageable State: unmanaged
Namespace Prefix: null
Created By (Name/Id): Lynn Phillips/00561000000JTJQAA4
Last Modified By (Name/Id): Kelli Do/00561000001PrKOAA0
************************************************************
************************************************************
FileName: dashboards/YPO_Awards
FullName/Id: YPO_Awards/00l61000000vFbtAAE
Manageable State: unmanaged
Namespace Prefix: null
Created By (Name/Id): Lynn Phillips/00561000000JTJQAA4
Last Modified By (Name/Id): Lynn Phillips/00561000000JTJQAA4
************************************************************
************************************************************
FileName: dashboards/YPO_Service_Desk
FullName/Id: YPO_Service_Desk/00l61000000vAbFAAU
Manageable State: unmanaged
Namespace Prefix: null
Created By (Name/Id): Lynn Phillips/00561000000JTJQAA4
Last Modified By (Name/Id): Lynn Phillips/00561000000JTJQAA4
************************************************************
************************************************************
FileName: dashboards/VSTrackIT2__VSTrackIT
FullName/Id: VSTrackIT2__VSTrackIT/00l61000000OKW2AAO
Manageable State: installed
Namespace Prefix: VSTrackIT2
Created By (Name/Id): System Administrator/00561000002DrZyAAK
Last Modified By (Name/Id): System Administrator/00561000002DrZyAAK
************************************************************
************************************************************
FileName: dashboards/ca_collab_2_0__Chatter_Dashboards
FullName/Id: ca_collab_2_0__Chatter_Dashboards/00l61000000kxSSAAY
Manageable State: installed
Namespace Prefix: ca_collab_2_0
Created By (Name/Id): Jonathan Bernd/00561000000ImwtAAC
Last Modified By (Name/Id): Jonathan Bernd/00561000000ImwtAAC
************************************************************
************************************************************
FileName: dashboards/ca_collab_2_0__Communities_Dashboards
FullName/Id: ca_collab_2_0__Communities_Dashboards/00l61000000kxSTAAY
Manageable State: installed
Namespace Prefix: ca_collab_2_0
Created By (Name/Id): Jonathan Bernd/00561000000ImwtAAC
Last Modified By (Name/Id): Jonathan Bernd/00561000000ImwtAAC
************************************************************
************************************************************
FileName: dashboards/Einstein_Analytics
FullName/Id: Einstein_Analytics/00l610000016cWlAAI
Manageable State: unmanaged
Namespace Prefix: null
Created By (Name/Id): System Administrator/00561000002DrZyAAK
Last Modified By (Name/Id): System Administrator/00561000002DrZyAAK
************************************************************
************************************************************
FileName: dashboards/YPO_Family
FullName/Id: YPO_Family/00l61000000OKJCAA4
Manageable State: unmanaged
Namespace Prefix: null
Created By (Name/Id): Kelli Do/00561000001PrKOAA0
Last Modified By (Name/Id): Kelli Do/00561000001PrKOAA0
************************************************************
************************************************************
FileName: dashboards/YPO_Admin
FullName/Id: YPO_Admin/00l61000000dtcyAAA
Manageable State: unmanaged
Namespace Prefix: null
Created By (Name/Id): Kelli Do/00561000001PrKOAA0
Last Modified By (Name/Id): Kelli Do/00561000001PrKOAA0
************************************************************
************************************************************
FileName: dashboards/Partner_Dashboards
FullName/Id: Partner_Dashboards/00l61000000kxgAAAQ
Manageable State: unmanaged
Namespace Prefix: null
Created By (Name/Id): Jonathan Bernd/00561000000ImwtAAC
Last Modified By (Name/Id): Jonathan Bernd/00561000000ImwtAAC
************************************************************
************************************************************
FileName: dashboards/CompanyDashboards
FullName/Id: CompanyDashboards/00l61000000R8goAAC
Manageable State: unmanaged
Namespace Prefix: null
Created By (Name/Id): Todd Reed/00561000000IfUJAA0
Last Modified By (Name/Id): Todd Reed/00561000000IfUJAA0
************************************************************
************************************************************
FileName: dashboards/YPO_Chapter_Region_Health
FullName/Id: YPO_Chapter_Region_Health/00l61000000OKLNAA4
Manageable State: unmanaged
Namespace Prefix: null
Created By (Name/Id): Kelli Do/00561000001PrKOAA0
Last Modified By (Name/Id): Kelli Do/00561000001PrKOAA0
************************************************************
************************************************************
FileName: dashboards/YPO_Chapter_Admin
FullName/Id: YPO_Chapter_Admin/00l61000000vFc3AAE
Manageable State: unmanaged
Namespace Prefix: null
Created By (Name/Id): Lynn Phillips/00561000000JTJQAA4
Last Modified By (Name/Id): Lynn Phillips/00561000000JTJQAA4
************************************************************
************************************************************
FileName: dashboards/LATAM_YPO
FullName/Id: LATAM_YPO/00l61000000vdciAAA
Manageable State: unmanaged
Namespace Prefix: null
Created By (Name/Id): Hector Piedra/0056100000318MjAAI
Last Modified By (Name/Id): Hector Piedra/0056100000318MjAAI
************************************************************
************************************************************
FileName: dashboards/ffxp__ffdc5_CompanyDashboards
FullName/Id: ffxp__ffdc5_CompanyDashboards/00l61000000bS2cAAE
Manageable State: installed
Namespace Prefix: ffxp
Created By (Name/Id): TEMPORARY FF Onboarding Login/00561000002zrVwAAI
Last Modified By (Name/Id): TEMPORARY FF Onboarding Login/00561000002zrVwAAI
************************************************************
************************************************************
FileName: dashboards/FAM__Public_Dashboards
FullName/Id: FAM__Public_Dashboards/00l61000000bS34AAE
Manageable State: installed
Namespace Prefix: FAM
Created By (Name/Id): TEMPORARY FF Onboarding Login/00561000002zrVwAAI
Last Modified By (Name/Id): TEMPORARY FF Onboarding Login/00561000002zrVwAAI
************************************************************
************************************************************
FileName: dashboards/Sales_Marketing_Dashboards
FullName/Id: Sales_Marketing_Dashboards/00l61000000R8gmAAC
Manageable State: unmanaged
Namespace Prefix: null
Created By (Name/Id): Todd Reed/00561000000IfUJAA0
Last Modified By (Name/Id): Todd Reed/00561000000IfUJAA0
************************************************************
