************************************************************
FileName: reports/Regional_Reports_Canada/FY19_Officer_Attd_CLW_America_Canada.report
FullName/Id: Regional_Reports_Canada/FY19_Officer_Attd_CLW_America_Canada/00O610000042lLnEAI
Manageable State: unmanaged
Namespace Prefix: null
Created By (Name/Id): Danny Smith/00561000002BqLRAA0
Last Modified By (Name/Id): Danny Smith/00561000002BqLRAA0
************************************************************
************************************************************
FileName: reports/Regional_Reports_Canada/YPO_Member_Profile_Report_Canada.report
FullName/Id: Regional_Reports_Canada/YPO_Member_Profile_Report_Canada/00O610000042lXZEAY
Manageable State: unmanaged
Namespace Prefix: null
Created By (Name/Id): Danny Smith/00561000002BqLRAA0
Last Modified By (Name/Id): Danny Smith/00561000002BqLRAA0
************************************************************
************************************************************
FileName: reports/Regional_Reports_Canada/YPO_Chapter_Health_Data_Canada.report
FullName/Id: Regional_Reports_Canada/YPO_Chapter_Health_Data_Canada/00O610000042lVYEAY
Manageable State: unmanaged
Namespace Prefix: null
Created By (Name/Id): Danny Smith/00561000002BqLRAA0
Last Modified By (Name/Id): Danny Smith/00561000002BqLRAA0
************************************************************
************************************************************
FileName: reports/Regional_Reports_Canada/Transitioning_Members.report
FullName/Id: Regional_Reports_Canada/Transitioning_Members/00O61000004ET82EAG
Manageable State: unmanaged
Namespace Prefix: null
Created By (Name/Id): Jenni Duggan/00561000002DoymAAC
Last Modified By (Name/Id): Jenni Duggan/00561000002DoymAAC
************************************************************
************************************************************
FileName: reports/Regional_Reports_Canada/YPO_Alberta_Gold_Chapter_Health_Data.report
FullName/Id: Regional_Reports_Canada/YPO_Alberta_Gold_Chapter_Health_Data/00O610000042lQiEAI
Manageable State: unmanaged
Namespace Prefix: null
Created By (Name/Id): Danny Smith/00561000002BqLRAA0
Last Modified By (Name/Id): Danny Smith/00561000002BqLRAA0
************************************************************
************************************************************
FileName: reports/Regional_Reports_Canada/FY19_Reg_Officers_Reg_for_GLC_Canada.report
FullName/Id: Regional_Reports_Canada/FY19_Reg_Officers_Reg_for_GLC_Canada/00O610000042kv6EAA
Manageable State: unmanaged
Namespace Prefix: null
Created By (Name/Id): Danny Smith/00561000002BqLRAA0
Last Modified By (Name/Id): Danny Smith/00561000002BqLRAA0
************************************************************
************************************************************
FileName: reports/Regional_Reports_Canada/FY19_Chapter_Off_ID_Not_Registered.report
FullName/Id: Regional_Reports_Canada/FY19_Chapter_Off_ID_Not_Registered/00O610000042qALEAY
Manageable State: unmanaged
Namespace Prefix: null
Created By (Name/Id): Michelle Torre-Harris/00561000002Dp3wAAC
Last Modified By (Name/Id): Michelle Torre-Harris/00561000002Dp3wAAC
************************************************************
************************************************************
FileName: reports/Regional_Reports_Canada/FY19_Chapter_Officers_Attd_GLC_Canada.report
FullName/Id: Regional_Reports_Canada/FY19_Chapter_Officers_Attd_GLC_Canada/00O610000042lLiEAI
Manageable State: unmanaged
Namespace Prefix: null
Created By (Name/Id): Danny Smith/00561000002BqLRAA0
Last Modified By (Name/Id): Danny Smith/00561000002BqLRAA0
************************************************************
************************************************************
FileName: reports/Regional_Reports_Canada/Renewal_Progress_Status_FY18_19_Canada.report
FullName/Id: Regional_Reports_Canada/Renewal_Progress_Status_FY18_19_Canada/00O61000004EDR8EAO
Manageable State: unmanaged
Namespace Prefix: null
Created By (Name/Id): Danny Smith/00561000002BqLRAA0
Last Modified By (Name/Id): Danny Smith/00561000002BqLRAA0
************************************************************
************************************************************
FileName: reports/Regional_Reports_Canada/Regional_Officers1.report
FullName/Id: Regional_Reports_Canada/Regional_Officers1/00O610000045zHPEAY
Manageable State: unmanaged
Namespace Prefix: null
Created By (Name/Id): Michelle Torre-Harris/00561000002Dp3wAAC
Last Modified By (Name/Id): Michelle Torre-Harris/00561000002Dp3wAAC
************************************************************
************************************************************
FileName: reports/Regional_Reports_Canada/Chapter_Visits_Canada.report
FullName/Id: Regional_Reports_Canada/Chapter_Visits_Canada/00O61000004E28oEAC
Manageable State: unmanaged
Namespace Prefix: null
Created By (Name/Id): Danny Smith/00561000002BqLRAA0
Last Modified By (Name/Id): Danny Smith/00561000002BqLRAA0
************************************************************
************************************************************
FileName: reports/Regional_Reports_Canada/Rex_Officer_Current_and_Elect.report
FullName/Id: Regional_Reports_Canada/Rex_Officer_Current_and_Elect/00O610000043FMtEAM
Manageable State: unmanaged
Namespace Prefix: null
Created By (Name/Id): Tiffany Kemp/005610000030D9EAAU
Last Modified By (Name/Id): Tiffany Kemp/005610000030D9EAAU
************************************************************
************************************************************
FileName: reports/Regional_Reports_Canada/YPO_Renewal_Projection_Report_Canada.report
FullName/Id: Regional_Reports_Canada/YPO_Renewal_Projection_Report_Canada/00O61000004ELCQEA4
Manageable State: unmanaged
Namespace Prefix: null
Created By (Name/Id): Danny Smith/00561000002BqLRAA0
Last Modified By (Name/Id): Danny Smith/00561000002BqLRAA0
************************************************************
************************************************************
FileName: reports/Regional_Reports_Canada/FY18_Lifetime_Members_Canada.report
FullName/Id: Regional_Reports_Canada/FY18_Lifetime_Members_Canada/00O61000004ELPAEA4
Manageable State: unmanaged
Namespace Prefix: null
Created By (Name/Id): Danny Smith/00561000002BqLRAA0
Last Modified By (Name/Id): Danny Smith/00561000002BqLRAA0
************************************************************
************************************************************
FileName: reports/Regional_Reports_Canada/FY19_Officers_Attd_CLW_Europe_Canada.report
FullName/Id: Regional_Reports_Canada/FY19_Officers_Attd_CLW_Europe_Canada/00O610000042lLsEAI
Manageable State: unmanaged
Namespace Prefix: null
Created By (Name/Id): Danny Smith/00561000002BqLRAA0
Last Modified By (Name/Id): Danny Smith/00561000002BqLRAA0
************************************************************
************************************************************
FileName: reports/Regional_Reports_Canada/YPO_Gold_CBMS7.report
FullName/Id: Regional_Reports_Canada/YPO_Gold_CBMS7/00O610000042kyPEAQ
Manageable State: unmanaged
Namespace Prefix: null
Created By (Name/Id): Danny Smith/00561000002BqLRAA0
Last Modified By (Name/Id): Danny Smith/00561000002BqLRAA0
************************************************************
************************************************************
FileName: reports/Regional_Reports_Canada/YPO_Chapter_Health_Metrics_Canada.report
FullName/Id: Regional_Reports_Canada/YPO_Chapter_Health_Metrics_Canada/00O610000042lWHEAY
Manageable State: unmanaged
Namespace Prefix: null
Created By (Name/Id): Danny Smith/00561000002BqLRAA0
Last Modified By (Name/Id): Danny Smith/00561000002BqLRAA0
************************************************************
************************************************************
FileName: reports/Regional_Reports_Canada/FY19_Chapter_Officers_ID_Canada.report
FullName/Id: Regional_Reports_Canada/FY19_Chapter_Officers_ID_Canada/00O610000042lLEEAY
Manageable State: unmanaged
Namespace Prefix: null
Created By (Name/Id): Danny Smith/00561000002BqLRAA0
Last Modified By (Name/Id): Danny Smith/00561000002BqLRAA0
************************************************************
************************************************************
FileName: reports/Regional_Reports_Canada/YPO_CBMS8.report
FullName/Id: Regional_Reports_Canada/YPO_CBMS8/00O610000042kyUEAQ
Manageable State: unmanaged
Namespace Prefix: null
Created By (Name/Id): Danny Smith/00561000002BqLRAA0
Last Modified By (Name/Id): Danny Smith/00561000002BqLRAA0
************************************************************
