************************************************************
FileName: reports/Adoption_User_report/Active_SF_Users.report
FullName/Id: Adoption_User_report/Active_SF_Users/00O61000003n9UCEAY
Manageable State: unmanaged
Namespace Prefix: null
Created By (Name/Id): Lynn Phillips/00561000000JTJQAA4
Last Modified By (Name/Id): Lynn Phillips/00561000000JTJQAA4
************************************************************
************************************************************
FileName: reports/Adoption_User_report/Login_Stats.report
FullName/Id: Adoption_User_report/Login_Stats/00O61000003nFMtEAM
Manageable State: unmanaged
Namespace Prefix: null
Created By (Name/Id): Lynn Phillips/00561000000JTJQAA4
Last Modified By (Name/Id): Lynn Phillips/00561000000JTJQAA4
************************************************************
************************************************************
FileName: reports/Adoption_User_report/Logins_by_department.report
FullName/Id: Adoption_User_report/Logins_by_department/00O61000003nFvoEAE
Manageable State: unmanaged
Namespace Prefix: null
Created By (Name/Id): Lynn Phillips/00561000000JTJQAA4
Last Modified By (Name/Id): Lynn Phillips/00561000000JTJQAA4
************************************************************
************************************************************
FileName: reports/Adoption_User_report/New_Members_FY18.report
FullName/Id: Adoption_User_report/New_Members_FY18/00O610000046ThbEAE
Manageable State: unmanaged
Namespace Prefix: null
Created By (Name/Id): Lynn Phillips/00561000000JTJQAA4
Last Modified By (Name/Id): Lynn Phillips/00561000000JTJQAA4
************************************************************
************************************************************
FileName: reports/Adoption_User_report/New_Members_since_Launch2.report
FullName/Id: Adoption_User_report/New_Members_since_Launch2/00O61000003nJzQEAU
Manageable State: unmanaged
Namespace Prefix: null
Created By (Name/Id): Lynn Phillips/00561000000JTJQAA4
Last Modified By (Name/Id): Lynn Phillips/00561000000JTJQAA4
************************************************************
************************************************************
FileName: reports/Adoption_User_report/Adoption_by_license_type.report
FullName/Id: Adoption_User_report/Adoption_by_license_type/00O61000003nFqZEAU
Manageable State: unmanaged
Namespace Prefix: null
Created By (Name/Id): Lynn Phillips/00561000000JTJQAA4
Last Modified By (Name/Id): Lynn Phillips/00561000000JTJQAA4
************************************************************
************************************************************
FileName: reports/Adoption_User_report/CMO_and_CA_logins.report
FullName/Id: Adoption_User_report/CMO_and_CA_logins/00O61000003nNgiEAE
Manageable State: unmanaged
Namespace Prefix: null
Created By (Name/Id): Lynn Phillips/00561000000JTJQAA4
Last Modified By (Name/Id): Lynn Phillips/00561000000JTJQAA4
************************************************************
************************************************************
FileName: reports/Adoption_User_report/New_Members_since_launch.report
FullName/Id: Adoption_User_report/New_Members_since_launch/00O61000003nH80EAE
Manageable State: unmanaged
Namespace Prefix: null
Created By (Name/Id): Lynn Phillips/00561000000JTJQAA4
Last Modified By (Name/Id): Lynn Phillips/00561000000JTJQAA4
************************************************************
************************************************************
FileName: reports/Adoption_User_report/Users_by_department.report
FullName/Id: Adoption_User_report/Users_by_department/00O61000003nGFKEA2
Manageable State: unmanaged
Namespace Prefix: null
Created By (Name/Id): Lynn Phillips/00561000000JTJQAA4
Last Modified By (Name/Id): Lynn Phillips/00561000000JTJQAA4
************************************************************
************************************************************
FileName: reports/Adoption_User_report/Docusign_in_progress.report
FullName/Id: Adoption_User_report/Docusign_in_progress/00O61000003nH8ZEAU
Manageable State: unmanaged
Namespace Prefix: null
Created By (Name/Id): Lynn Phillips/00561000000JTJQAA4
Last Modified By (Name/Id): Lynn Phillips/00561000000JTJQAA4
************************************************************
************************************************************
FileName: reports/Adoption_User_report/CMO_and_CC_adoption_last_7_days_login.report
FullName/Id: Adoption_User_report/CMO_and_CC_adoption_last_7_days_login/00O61000003nNqOEAU
Manageable State: unmanaged
Namespace Prefix: null
Created By (Name/Id): Lynn Phillips/00561000000JTJQAA4
Last Modified By (Name/Id): Lynn Phillips/00561000000JTJQAA4
************************************************************
