************************************************************
FileName: reports/ca_collab_2_0__SfdcCommunitiesPulseDefaultContent_20/ca_collab_2_0__Insights_F_New_Image_Files_2_0.report
FullName/Id: ca_collab_2_0__SfdcCommunitiesPulseDefaultContent_20/ca_collab_2_0__Insights_F_New_Image_Files_2_0/00O61000003xCo1EAE
Manageable State: installed
Namespace Prefix: ca_collab_2_0
Created By (Name/Id): Jonathan Bernd/00561000000ImwtAAC
Last Modified By (Name/Id): Jonathan Bernd/00561000000ImwtAAC
************************************************************
************************************************************
FileName: reports/ca_collab_2_0__SfdcCommunitiesPulseDefaultContent_20/ca_collab_2_0__Insights_F_New_Video_Files_2_0.report
FullName/Id: ca_collab_2_0__SfdcCommunitiesPulseDefaultContent_20/ca_collab_2_0__Insights_F_New_Video_Files_2_0/00O61000003xCo3EAE
Manageable State: installed
Namespace Prefix: ca_collab_2_0
Created By (Name/Id): Jonathan Bernd/00561000000ImwtAAC
Last Modified By (Name/Id): Jonathan Bernd/00561000000ImwtAAC
************************************************************
************************************************************
FileName: reports/ca_collab_2_0__SfdcCommunitiesPulseDefaultContent_20/ca_collab_2_0__Insights_F_New_Office_Files_2_0.report
FullName/Id: ca_collab_2_0__SfdcCommunitiesPulseDefaultContent_20/ca_collab_2_0__Insights_F_New_Office_Files_2_0/00O61000003xCo2EAE
Manageable State: installed
Namespace Prefix: ca_collab_2_0
Created By (Name/Id): Jonathan Bernd/00561000000ImwtAAC
Last Modified By (Name/Id): Jonathan Bernd/00561000000ImwtAAC
************************************************************
************************************************************
FileName: reports/ca_collab_2_0__SfdcCommunitiesPulseDefaultContent_20/ca_collab_2_0__Insights_F_Recent_Files_All_2_0.report
FullName/Id: ca_collab_2_0__SfdcCommunitiesPulseDefaultContent_20/ca_collab_2_0__Insights_F_Recent_Files_All_2_0/00O61000003xCo4EAE
Manageable State: installed
Namespace Prefix: ca_collab_2_0
Created By (Name/Id): Jonathan Bernd/00561000000ImwtAAC
Last Modified By (Name/Id): Jonathan Bernd/00561000000ImwtAAC
************************************************************
************************************************************
FileName: reports/ca_collab_2_0__SfdcCommunitiesPulseDefaultContent_20/ca_collab_2_0__Insights_F_Files_With_Activity_1_0.report
FullName/Id: ca_collab_2_0__SfdcCommunitiesPulseDefaultContent_20/ca_collab_2_0__Insights_F_Files_With_Activity_1_0/00O61000003xCo0EAE
Manageable State: installed
Namespace Prefix: ca_collab_2_0
Created By (Name/Id): Jonathan Bernd/00561000000ImwtAAC
Last Modified By (Name/Id): Jonathan Bernd/00561000000ImwtAAC
************************************************************
