************************************************************
FileName: reports/YPO_Education/Southeast_Asia_Chapter_Health.report
FullName/Id: YPO_Education/Southeast_Asia_Chapter_Health/00O610000042SpnEAE
Manageable State: unmanaged
Namespace Prefix: null
Created By (Name/Id): Kurt Scherf/00561000002EIp7AAG
Last Modified By (Name/Id): Kurt Scherf/00561000002EIp7AAG
************************************************************
************************************************************
FileName: reports/YPO_Education/Mentoring_Masterclass_Attendees1.report
FullName/Id: YPO_Education/Mentoring_Masterclass_Attendees1/00O610000049p5dEAA
Manageable State: unmanaged
Namespace Prefix: null
Created By (Name/Id): Amanda Phillips/00561000001ujJaAAI
Last Modified By (Name/Id): Amanda Phillips/00561000001ujJaAAI
************************************************************
************************************************************
FileName: reports/YPO_Education/Learning_Quarterly_Health_Report.report
FullName/Id: YPO_Education/Learning_Quarterly_Health_Report/00O610000042WvCEAU
Manageable State: unmanaged
Namespace Prefix: null
Created By (Name/Id): Christine Shannon/00561000002Dp3JAAS
Last Modified By (Name/Id): Christine Shannon/00561000002Dp3JAAS
************************************************************
************************************************************
FileName: reports/YPO_Education/Learning_Officers_with_Activities.report
FullName/Id: YPO_Education/Learning_Officers_with_Activities/00O61000001ZZBtEAO
Manageable State: unmanaged
Namespace Prefix: null
Created By (Name/Id): Joy Hayes/00561000002DozJAAS
Last Modified By (Name/Id): Joy Hayes/00561000002DozJAAS
************************************************************
************************************************************
FileName: reports/YPO_Education/Mentoring_FBook_Live.report
FullName/Id: YPO_Education/Mentoring_FBook_Live/00O610000049p0TEAQ
Manageable State: unmanaged
Namespace Prefix: null
Created By (Name/Id): Amanda Phillips/00561000001ujJaAAI
Last Modified By (Name/Id): Amanda Phillips/00561000001ujJaAAI
************************************************************
************************************************************
FileName: reports/YPO_Education/Active_CAs.report
FullName/Id: YPO_Education/Active_CAs/00O610000046SO9EAM
Manageable State: unmanaged
Namespace Prefix: null
Created By (Name/Id): Heather Way/00561000002Dp4CAAS
Last Modified By (Name/Id): Heather Way/00561000002Dp4CAAS
************************************************************
************************************************************
FileName: reports/YPO_Education/Chapter_OFF_ID_Current_Incoming2.report
FullName/Id: YPO_Education/Chapter_OFF_ID_Current_Incoming2/00O61000003nGoUEAU
Manageable State: unmanaged
Namespace Prefix: null
Created By (Name/Id): Heather Way/00561000002Dp4CAAS
Last Modified By (Name/Id): Heather Way/00561000002Dp4CAAS
************************************************************
************************************************************
FileName: reports/YPO_Education/Certified_Forum_Facilitators.report
FullName/Id: YPO_Education/Certified_Forum_Facilitators/00O610000049prmEAA
Manageable State: unmanaged
Namespace Prefix: null
Created By (Name/Id): Danny Smith/00561000002BqLRAA0
Last Modified By (Name/Id): Danny Smith/00561000002BqLRAA0
************************************************************
************************************************************
FileName: reports/YPO_Education/All_Contacts_for_MentorCloud_reportting.report
FullName/Id: YPO_Education/All_Contacts_for_MentorCloud_reportting/00O610000042P7TEAU
Manageable State: unmanaged
Namespace Prefix: null
Created By (Name/Id): Kelli Do/00561000001PrKOAA0
Last Modified By (Name/Id): Kelli Do/00561000001PrKOAA0
************************************************************
************************************************************
FileName: reports/YPO_Education/RCs1.report
FullName/Id: YPO_Education/RCs1/00O610000042TmGEAU
Manageable State: unmanaged
Namespace Prefix: null
Created By (Name/Id): Sabrina Beleck/00561000002BqLZAA0
Last Modified By (Name/Id): Sabrina Beleck/00561000002BqLZAA0
************************************************************
************************************************************
FileName: reports/YPO_Education/Chapter_Learning_Officers_Current_Incom.report
FullName/Id: YPO_Education/Chapter_Learning_Officers_Current_Incom/00O610000042kkDEAQ
Manageable State: unmanaged
Namespace Prefix: null
Created By (Name/Id): Heather Way/00561000002Dp4CAAS
Last Modified By (Name/Id): Heather Way/00561000002Dp4CAAS
************************************************************
************************************************************
FileName: reports/YPO_Education/Mentoring_FBook_Live_Final.report
FullName/Id: YPO_Education/Mentoring_FBook_Live_Final/00O610000049pjnEAA
Manageable State: unmanaged
Namespace Prefix: null
Created By (Name/Id): Amanda Phillips/00561000001ujJaAAI
Last Modified By (Name/Id): Amanda Phillips/00561000001ujJaAAI
************************************************************
************************************************************
FileName: reports/YPO_Education/Mentoring_Officers_Only.report
FullName/Id: YPO_Education/Mentoring_Officers_Only/00O61000003nF2YEAU
Manageable State: unmanaged
Namespace Prefix: null
Created By (Name/Id): Amy Hartlaub/00561000002DozFAAS
Last Modified By (Name/Id): Amy Hartlaub/00561000002DozFAAS
************************************************************
************************************************************
FileName: reports/YPO_Education/Latin_America_LO_ALO_CA.report
FullName/Id: YPO_Education/Latin_America_LO_ALO_CA/00O610000049mcoEAA
Manageable State: unmanaged
Namespace Prefix: null
Created By (Name/Id): Joy Hayes/00561000002DozJAAS
Last Modified By (Name/Id): Joy Hayes/00561000002DozJAAS
************************************************************
************************************************************
FileName: reports/YPO_Education/REO_Metrics_by_Region_and_Chapter.report
FullName/Id: YPO_Education/REO_Metrics_by_Region_and_Chapter/00O61000003nEztEAE
Manageable State: unmanaged
Namespace Prefix: null
Created By (Name/Id): Kelli Do/00561000001PrKOAA0
Last Modified By (Name/Id): Kelli Do/00561000001PrKOAA0
************************************************************
************************************************************
FileName: reports/YPO_Education/Regional_Learning_Officers.report
FullName/Id: YPO_Education/Regional_Learning_Officers/00O610000042gjQEAQ
Manageable State: unmanaged
Namespace Prefix: null
Created By (Name/Id): Sabrina Beleck/00561000002BqLZAA0
Last Modified By (Name/Id): Sabrina Beleck/00561000002BqLZAA0
************************************************************
************************************************************
FileName: reports/YPO_Education/Management_Team_L_I.report
FullName/Id: YPO_Education/Management_Team_L_I/00O61000004EQyAEAW
Manageable State: unmanaged
Namespace Prefix: null
Created By (Name/Id): Joy Hayes/00561000002DozJAAS
Last Modified By (Name/Id): Joy Hayes/00561000002DozJAAS
************************************************************
************************************************************
FileName: reports/YPO_Education/All_YPO_Management.report
FullName/Id: YPO_Education/All_YPO_Management/00O610000046SOEEA2
Manageable State: unmanaged
Namespace Prefix: null
Created By (Name/Id): Heather Way/00561000002Dp4CAAS
Last Modified By (Name/Id): Heather Way/00561000002Dp4CAAS
************************************************************
************************************************************
FileName: reports/YPO_Education/Americas_Speaker_Newsletter_LO_ALO_CA.report
FullName/Id: YPO_Education/Americas_Speaker_Newsletter_LO_ALO_CA/00O610000049meGEAQ
Manageable State: unmanaged
Namespace Prefix: null
Created By (Name/Id): Joy Hayes/00561000002DozJAAS
Last Modified By (Name/Id): Joy Hayes/00561000002DozJAAS
************************************************************
************************************************************
FileName: reports/YPO_Education/Chapter_Mentoring_Officers_by_Region.report
FullName/Id: YPO_Education/Chapter_Mentoring_Officers_by_Region/00O610000042Qk7EAE
Manageable State: unmanaged
Namespace Prefix: null
Created By (Name/Id): Sabrina Beleck/00561000002BqLZAA0
Last Modified By (Name/Id): Sabrina Beleck/00561000002BqLZAA0
************************************************************
************************************************************
FileName: reports/YPO_Education/Mentoring_Powerful_Mailing_List.report
FullName/Id: YPO_Education/Mentoring_Powerful_Mailing_List/00O610000049prDEAQ
Manageable State: unmanaged
Namespace Prefix: null
Created By (Name/Id): Danny Smith/00561000002BqLRAA0
Last Modified By (Name/Id): Danny Smith/00561000002BqLRAA0
************************************************************
************************************************************
FileName: reports/YPO_Education/Current_CLO_CALO_Reg_LO.report
FullName/Id: YPO_Education/Current_CLO_CALO_Reg_LO/00O61000004E0cDEAS
Manageable State: unmanaged
Namespace Prefix: null
Created By (Name/Id): Danny Smith/00561000002BqLRAA0
Last Modified By (Name/Id): Danny Smith/00561000002BqLRAA0
************************************************************
