************************************************************
FileName: reports/YPO_Networks_Dashboards/WYN_by_Age_Groups.report
FullName/Id: YPO_Networks_Dashboards/WYN_by_Age_Groups/00O610000042mdsEAA
Manageable State: unmanaged
Namespace Prefix: null
Created By (Name/Id): Kelli Do/00561000001PrKOAA0
Last Modified By (Name/Id): Kelli Do/00561000001PrKOAA0
************************************************************
************************************************************
FileName: reports/YPO_Networks_Dashboards/WYN_Membership_by_YPO_YPO_Gold.report
FullName/Id: YPO_Networks_Dashboards/WYN_Membership_by_YPO_YPO_Gold/00O610000042jbFEAQ
Manageable State: unmanaged
Namespace Prefix: null
Created By (Name/Id): Kyla Paulsen/00561000002ETjXAAW
Last Modified By (Name/Id): Kyla Paulsen/00561000002ETjXAAW
************************************************************
************************************************************
FileName: reports/YPO_Networks_Dashboards/Activities_by_Network.report
FullName/Id: YPO_Networks_Dashboards/Activities_by_Network/00O610000042rJiEAI
Manageable State: unmanaged
Namespace Prefix: null
Created By (Name/Id): Kyla Paulsen/00561000002ETjXAAW
Last Modified By (Name/Id): Kyla Paulsen/00561000002ETjXAAW
************************************************************
************************************************************
FileName: reports/YPO_Networks_Dashboards/WYN_Termination_Report1.report
FullName/Id: YPO_Networks_Dashboards/WYN_Termination_Report1/00O610000042oM0EAI
Manageable State: unmanaged
Namespace Prefix: null
Created By (Name/Id): Kyla Paulsen/00561000002ETjXAAW
Last Modified By (Name/Id): Kyla Paulsen/00561000002ETjXAAW
************************************************************
************************************************************
FileName: reports/YPO_Networks_Dashboards/WYN_Activity_Report1.report
FullName/Id: YPO_Networks_Dashboards/WYN_Activity_Report1/00O610000042kRuEAI
Manageable State: unmanaged
Namespace Prefix: null
Created By (Name/Id): Kyla Paulsen/00561000002ETjXAAW
Last Modified By (Name/Id): Kyla Paulsen/00561000002ETjXAAW
************************************************************
************************************************************
FileName: reports/YPO_Networks_Dashboards/WYN_Membership_by_Gender1.report
FullName/Id: YPO_Networks_Dashboards/WYN_Membership_by_Gender1/00O610000042heMEAQ
Manageable State: unmanaged
Namespace Prefix: null
Created By (Name/Id): Kyla Paulsen/00561000002ETjXAAW
Last Modified By (Name/Id): Kyla Paulsen/00561000002ETjXAAW
************************************************************
************************************************************
FileName: reports/YPO_Networks_Dashboards/WYN_Membership_by_Region.report
FullName/Id: YPO_Networks_Dashboards/WYN_Membership_by_Region/00O610000042iQaEAI
Manageable State: unmanaged
Namespace Prefix: null
Created By (Name/Id): Kyla Paulsen/00561000002ETjXAAW
Last Modified By (Name/Id): Kyla Paulsen/00561000002ETjXAAW
************************************************************
************************************************************
FileName: reports/YPO_Networks_Dashboards/WYN_Membership_in_Other_Networks.report
FullName/Id: YPO_Networks_Dashboards/WYN_Membership_in_Other_Networks/00O610000042helEAA
Manageable State: unmanaged
Namespace Prefix: null
Created By (Name/Id): Kyla Paulsen/00561000002ETjXAAW
Last Modified By (Name/Id): Kyla Paulsen/00561000002ETjXAAW
************************************************************
************************************************************
FileName: reports/YPO_Networks_Dashboards/WYN_Recent_New_Members.report
FullName/Id: YPO_Networks_Dashboards/WYN_Recent_New_Members/00O610000042oMeEAI
Manageable State: unmanaged
Namespace Prefix: null
Created By (Name/Id): Kyla Paulsen/00561000002ETjXAAW
Last Modified By (Name/Id): Kyla Paulsen/00561000002ETjXAAW
************************************************************
************************************************************
FileName: reports/YPO_Networks_Dashboards/WYN_Membership_by_Industry1.report
FullName/Id: YPO_Networks_Dashboards/WYN_Membership_by_Industry1/00O610000042iUIEAY
Manageable State: unmanaged
Namespace Prefix: null
Created By (Name/Id): Kyla Paulsen/00561000002ETjXAAW
Last Modified By (Name/Id): Kyla Paulsen/00561000002ETjXAAW
************************************************************
************************************************************
FileName: reports/YPO_Networks_Dashboards/WYN_Upcoming_Events.report
FullName/Id: YPO_Networks_Dashboards/WYN_Upcoming_Events/00O610000042hfFEAQ
Manageable State: unmanaged
Namespace Prefix: null
Created By (Name/Id): Kyla Paulsen/00561000002ETjXAAW
Last Modified By (Name/Id): Kyla Paulsen/00561000002ETjXAAW
************************************************************
