************************************************************
FileName: dashboards/ca_collab_2_0__Chatter_Dashboards/ca_collab_2_0__ChatterFiles_1_0.dashboard
FullName/Id: ca_collab_2_0__Chatter_Dashboards/ca_collab_2_0__ChatterFiles_1_0/01Z61000000YqA8EAK
Manageable State: installed
Namespace Prefix: ca_collab_2_0
Created By (Name/Id): Jonathan Bernd/00561000000ImwtAAC
Last Modified By (Name/Id): Chetan Chavan/00561000001buuKAAQ
************************************************************
************************************************************
FileName: dashboards/ca_collab_2_0__Chatter_Dashboards/ca_collab_2_0__Chatter_Groups_1_0.dashboard
FullName/Id: ca_collab_2_0__Chatter_Dashboards/ca_collab_2_0__Chatter_Groups_1_0/01Z61000000YqAAEA0
Manageable State: installed
Namespace Prefix: ca_collab_2_0
Created By (Name/Id): Jonathan Bernd/00561000000ImwtAAC
Last Modified By (Name/Id): Chetan Chavan/00561000001buuKAAQ
************************************************************
************************************************************
FileName: dashboards/ca_collab_2_0__Chatter_Dashboards/ca_collab_2_0__Chatter_Adoption_By_Department_1_0.dashboard
FullName/Id: ca_collab_2_0__Chatter_Dashboards/ca_collab_2_0__Chatter_Adoption_By_Department_1_0/01Z61000000YqA9EAK
Manageable State: installed
Namespace Prefix: ca_collab_2_0
Created By (Name/Id): Jonathan Bernd/00561000000ImwtAAC
Last Modified By (Name/Id): Chetan Chavan/00561000001buuKAAQ
************************************************************
************************************************************
FileName: dashboards/ca_collab_2_0__Chatter_Dashboards/ca_collab_2_0__Topics_1_0.dashboard
FullName/Id: ca_collab_2_0__Chatter_Dashboards/ca_collab_2_0__Topics_1_0/01Z61000000YqAEEA0
Manageable State: installed
Namespace Prefix: ca_collab_2_0
Created By (Name/Id): Jonathan Bernd/00561000000ImwtAAC
Last Modified By (Name/Id): Chetan Chavan/00561000001buuKAAQ
************************************************************
************************************************************
FileName: dashboards/ca_collab_2_0__Chatter_Dashboards/ca_collab_2_0__Chatter_Moderation_1_0.dashboard
FullName/Id: ca_collab_2_0__Chatter_Dashboards/ca_collab_2_0__Chatter_Moderation_1_0/01Z61000000YqABEA0
Manageable State: installed
Namespace Prefix: ca_collab_2_0
Created By (Name/Id): Jonathan Bernd/00561000000ImwtAAC
Last Modified By (Name/Id): Chetan Chavan/00561000001buuKAAQ
************************************************************
************************************************************
FileName: dashboards/ca_collab_2_0__Chatter_Dashboards/ca_collab_2_0__User_Profiles_1_0.dashboard
FullName/Id: ca_collab_2_0__Chatter_Dashboards/ca_collab_2_0__User_Profiles_1_0/01Z61000000YqAFEA0
Manageable State: installed
Namespace Prefix: ca_collab_2_0
Created By (Name/Id): Jonathan Bernd/00561000000ImwtAAC
Last Modified By (Name/Id): Chetan Chavan/00561000001buuKAAQ
************************************************************
************************************************************
FileName: dashboards/ca_collab_2_0__Chatter_Dashboards/ca_collab_2_0__Chatter_Overview_1_0.dashboard
FullName/Id: ca_collab_2_0__Chatter_Dashboards/ca_collab_2_0__Chatter_Overview_1_0/01Z61000000YqACEA0
Manageable State: installed
Namespace Prefix: ca_collab_2_0
Created By (Name/Id): Jonathan Bernd/00561000000ImwtAAC
Last Modified By (Name/Id): Chetan Chavan/00561000001buuKAAQ
************************************************************
************************************************************
FileName: dashboards/ca_collab_2_0__Chatter_Dashboards/ca_collab_2_0__Chatter_Q_A_1_0.dashboard
FullName/Id: ca_collab_2_0__Chatter_Dashboards/ca_collab_2_0__Chatter_Q_A_1_0/01Z61000000YqADEA0
Manageable State: installed
Namespace Prefix: ca_collab_2_0
Created By (Name/Id): Jonathan Bernd/00561000000ImwtAAC
Last Modified By (Name/Id): Chetan Chavan/00561000001buuKAAQ
************************************************************
