************************************************************
FileName: email/Member_Services/Mbr_User_Pswd.email
FullName/Id: Member_Services/Mbr_User_Pswd/00X61000000dSrKEAU
Manageable State: unmanaged
Namespace Prefix: null
Created By (Name/Id): Lynn Phillips/00561000000JTJQAA4
Last Modified By (Name/Id): Ike Irozuru/00561000001QT3QAAW
************************************************************
************************************************************
FileName: email/Member_Services/Spouse_Partner_Welcome.email
FullName/Id: Member_Services/Spouse_Partner_Welcome/00X61000000dPjHEAU
Manageable State: unmanaged
Namespace Prefix: null
Created By (Name/Id): Leah Heidema/00561000001udQyAAI
Last Modified By (Name/Id): Leah Heidema/00561000001udQyAAI
************************************************************
************************************************************
FileName: email/Member_Services/Gold_trans_renewed.email
FullName/Id: Member_Services/Gold_trans_renewed/00X61000000dSrPEAU
Manageable State: unmanaged
Namespace Prefix: null
Created By (Name/Id): Lynn Phillips/00561000000JTJQAA4
Last Modified By (Name/Id): Ike Irozuru/00561000001QT3QAAW
************************************************************
************************************************************
FileName: email/Member_Services/Safe_Travel_Solution_Enrollment_Complete_FY18_19.email
FullName/Id: Member_Services/Safe_Travel_Solution_Enrollment_Complete_FY18_19/00X61000000ueUeEAI
Manageable State: unmanaged
Namespace Prefix: null
Created By (Name/Id): Leah Heidema/00561000001udQyAAI
Last Modified By (Name/Id): Leah Heidema/00561000001udQyAAI
************************************************************
************************************************************
FileName: email/Member_Services/CA_Welcome.email
FullName/Id: Member_Services/CA_Welcome/00X61000000dSsXEAU
Manageable State: unmanaged
Namespace Prefix: null
Created By (Name/Id): Lynn Phillips/00561000000JTJQAA4
Last Modified By (Name/Id): Ike Irozuru/00561000001QT3QAAW
************************************************************
************************************************************
FileName: email/Member_Services/Grace_in_Lieu_of_Certification_FY18_19_Self1.email
FullName/Id: Member_Services/Grace_in_Lieu_of_Certification_FY18_19_Self1/00X610000010l56EAA
Manageable State: unmanaged
Namespace Prefix: null
Created By (Name/Id): Leah Heidema/00561000001udQyAAI
Last Modified By (Name/Id): Leah Heidema/00561000001udQyAAI
************************************************************
************************************************************
FileName: email/Member_Services/Third_Party_Recertification_Incomplete_Requirement_A.email
FullName/Id: Member_Services/Third_Party_Recertification_Incomplete_Requirement_A/00X61000000uelaEAA
Manageable State: unmanaged
Namespace Prefix: null
Created By (Name/Id): Leah Heidema/00561000001udQyAAI
Last Modified By (Name/Id): Leah Heidema/00561000001udQyAAI
************************************************************
************************************************************
FileName: email/Member_Services/Grace_Request_to_Chapter_FY18_191.email
FullName/Id: Member_Services/Grace_Request_to_Chapter_FY18_191/00X610000010l4hEAA
Manageable State: unmanaged
Namespace Prefix: null
Created By (Name/Id): Leah Heidema/00561000001udQyAAI
Last Modified By (Name/Id): Leah Heidema/00561000001udQyAAI
************************************************************
************************************************************
FileName: email/Member_Services/Invoice_Receipt.email
FullName/Id: Member_Services/Invoice_Receipt/00X61000000jAUQEA2
Manageable State: unmanaged
Namespace Prefix: null
Created By (Name/Id): Kinetic Growth (YPO Prod)/00561000001NqIIAA0
Last Modified By (Name/Id): System Administrator/00561000002DrZyAAK
************************************************************
************************************************************
FileName: email/Member_Services/Interested_in_Lifetime_Not_Eligible1.email
FullName/Id: Member_Services/Interested_in_Lifetime_Not_Eligible1/00X61000000lLVGEA2
Manageable State: unmanaged
Namespace Prefix: null
Created By (Name/Id): Leah Heidema/00561000001udQyAAI
Last Modified By (Name/Id): Leah Heidema/00561000001udQyAAI
************************************************************
************************************************************
FileName: email/Member_Services/Resignation_Request_Received_from_Member2.email
FullName/Id: Member_Services/Resignation_Request_Received_from_Member2/00X61000000uejZEAQ
Manageable State: unmanaged
Namespace Prefix: null
Created By (Name/Id): Leah Heidema/00561000001udQyAAI
Last Modified By (Name/Id): Leah Heidema/00561000001udQyAAI
************************************************************
************************************************************
FileName: email/Member_Services/Safe_Travel_Solution_Enrollment_Complete_FY17_182.email
FullName/Id: Member_Services/Safe_Travel_Solution_Enrollment_Complete_FY17_182/00X61000000ueUjEAI
Manageable State: unmanaged
Namespace Prefix: null
Created By (Name/Id): Leah Heidema/00561000001udQyAAI
Last Modified By (Name/Id): Leah Heidema/00561000001udQyAAI
************************************************************
************************************************************
FileName: email/Member_Services/Code_of_Conduct_FY18_19_Annual_Renewal.email
FullName/Id: Member_Services/Code_of_Conduct_FY18_19_Annual_Renewal/00X610000010o41EAA
Manageable State: unmanaged
Namespace Prefix: null
Created By (Name/Id): Leah Heidema/00561000001udQyAAI
Last Modified By (Name/Id): Leah Heidema/00561000001udQyAAI
************************************************************
************************************************************
FileName: email/Member_Services/Grace_Request_Not_Approved_by_Chapter_FY18_19_Self.email
FullName/Id: Member_Services/Grace_Request_Not_Approved_by_Chapter_FY18_19_Self/00X610000010l5LEAQ
Manageable State: unmanaged
Namespace Prefix: null
Created By (Name/Id): Leah Heidema/00561000001udQyAAI
Last Modified By (Name/Id): Leah Heidema/00561000001udQyAAI
************************************************************
************************************************************
FileName: email/Member_Services/Lifetime_Dues_Quote_FY18_19.email
FullName/Id: Member_Services/Lifetime_Dues_Quote_FY18_19/00X61000000ueUtEAI
Manageable State: unmanaged
Namespace Prefix: null
Created By (Name/Id): Leah Heidema/00561000001udQyAAI
Last Modified By (Name/Id): Leah Heidema/00561000001udQyAAI
************************************************************
************************************************************
FileName: email/Member_Services/Grace_in_Lieu_of_Certification_FY18_19_Third_Party.email
FullName/Id: Member_Services/Grace_in_Lieu_of_Certification_FY18_19_Third_Party/00X610000010l4wEAA
Manageable State: unmanaged
Namespace Prefix: null
Created By (Name/Id): Leah Heidema/00561000001udQyAAI
Last Modified By (Name/Id): Leah Heidema/00561000001udQyAAI
************************************************************
************************************************************
FileName: email/Member_Services/Sample_Receipt.email
FullName/Id: Member_Services/Sample_Receipt/00X61000000dTL0EAM
Manageable State: unmanaged
Namespace Prefix: null
Created By (Name/Id): Ike Irozuru/00561000001QT3QAAW
Last Modified By (Name/Id): Ike Irozuru/00561000001QT3QAAW
************************************************************
************************************************************
FileName: email/Member_Services/Code_of_Conduct_FY18_19_Lifetime_Renewal.email
FullName/Id: Member_Services/Code_of_Conduct_FY18_19_Lifetime_Renewal/00X610000010o46EAA
Manageable State: unmanaged
Namespace Prefix: null
Created By (Name/Id): Leah Heidema/00561000001udQyAAI
Last Modified By (Name/Id): Leah Heidema/00561000001udQyAAI
************************************************************
************************************************************
FileName: email/Member_Services/Third_Party_Recertification_Incomplete_Title.email
FullName/Id: Member_Services/Third_Party_Recertification_Incomplete_Title/00X61000000uelQEAQ
Manageable State: unmanaged
Namespace Prefix: null
Created By (Name/Id): Leah Heidema/00561000001udQyAAI
Last Modified By (Name/Id): Leah Heidema/00561000001udQyAAI
************************************************************
************************************************************
FileName: email/Member_Services/Membership_Renewal_is_Complete_FY18_19.email
FullName/Id: Member_Services/Membership_Renewal_is_Complete_FY18_19/00X610000010nN2EAI
Manageable State: unmanaged
Namespace Prefix: null
Created By (Name/Id): Leah Heidema/00561000001udQyAAI
Last Modified By (Name/Id): Leah Heidema/00561000001udQyAAI
************************************************************
************************************************************
FileName: email/Member_Services/Self_Recertification_Incomplete_Requirement_B.email
FullName/Id: Member_Services/Self_Recertification_Incomplete_Requirement_B/00X61000000uelVEAQ
Manageable State: unmanaged
Namespace Prefix: null
Created By (Name/Id): Leah Heidema/00561000001udQyAAI
Last Modified By (Name/Id): Leah Heidema/00561000001udQyAAI
************************************************************
************************************************************
FileName: email/Member_Services/Grace_Request_Not_Approved_by_Chapter_FY18_19_Third_Party.email
FullName/Id: Member_Services/Grace_Request_Not_Approved_by_Chapter_FY18_19_Third_Party/00X610000010l5GEAQ
Manageable State: unmanaged
Namespace Prefix: null
Created By (Name/Id): Leah Heidema/00561000001udQyAAI
Last Modified By (Name/Id): Leah Heidema/00561000001udQyAAI
************************************************************
************************************************************
FileName: email/Member_Services/Payment_Shortage.email
FullName/Id: Member_Services/Payment_Shortage/00X61000000dTLZEA2
Manageable State: unmanaged
Namespace Prefix: null
Created By (Name/Id): Ike Irozuru/00561000001QT3QAAW
Last Modified By (Name/Id): Ike Irozuru/00561000001QT3QAAW
************************************************************
************************************************************
FileName: email/Member_Services/Mbr_Pswd_Reset.email
FullName/Id: Member_Services/Mbr_Pswd_Reset/00X61000000dSqqEAE
Manageable State: unmanaged
Namespace Prefix: null
Created By (Name/Id): Lynn Phillips/00561000000JTJQAA4
Last Modified By (Name/Id): Ike Irozuru/00561000001QT3QAAW
************************************************************
************************************************************
FileName: email/Member_Services/Self_Recertification_Incomplete_Requirement_A.email
FullName/Id: Member_Services/Self_Recertification_Incomplete_Requirement_A/00X61000000uelGEAQ
Manageable State: unmanaged
Namespace Prefix: null
Created By (Name/Id): Leah Heidema/00561000001udQyAAI
Last Modified By (Name/Id): Leah Heidema/00561000001udQyAAI
************************************************************
************************************************************
FileName: email/Member_Services/Payment_Inquiry.email
FullName/Id: Member_Services/Payment_Inquiry/00X61000000dTO9EAM
Manageable State: unmanaged
Namespace Prefix: null
Created By (Name/Id): Ike Irozuru/00561000001QT3QAAW
Last Modified By (Name/Id): Ike Irozuru/00561000001QT3QAAW
************************************************************
************************************************************
FileName: email/Member_Services/Grace_Request_Approved_FY18_19.email
FullName/Id: Member_Services/Grace_Request_Approved_FY18_19/00X610000010l5BEAQ
Manageable State: unmanaged
Namespace Prefix: null
Created By (Name/Id): Leah Heidema/00561000001udQyAAI
Last Modified By (Name/Id): Leah Heidema/00561000001udQyAAI
************************************************************
************************************************************
FileName: email/Member_Services/Self_Recertification_Incomplete_Title1.email
FullName/Id: Member_Services/Self_Recertification_Incomplete_Title1/00X61000000uelLEAQ
Manageable State: unmanaged
Namespace Prefix: null
Created By (Name/Id): Leah Heidema/00561000001udQyAAI
Last Modified By (Name/Id): Leah Heidema/00561000001udQyAAI
************************************************************
************************************************************
FileName: email/Member_Services/Credit_Card_Decline1.email
FullName/Id: Member_Services/Credit_Card_Decline1/00X610000010l5QEAQ
Manageable State: unmanaged
Namespace Prefix: null
Created By (Name/Id): Leah Heidema/00561000001udQyAAI
Last Modified By (Name/Id): Leah Heidema/00561000001udQyAAI
************************************************************
************************************************************
FileName: email/Member_Services/Sample_Invoice.email
FullName/Id: Member_Services/Sample_Invoice/00X61000000dTLFEA2
Manageable State: unmanaged
Namespace Prefix: null
Created By (Name/Id): Ike Irozuru/00561000001QT3QAAW
Last Modified By (Name/Id): Ike Irozuru/00561000001QT3QAAW
************************************************************
************************************************************
FileName: email/Member_Services/Welcome_to_YPO_Gold1.email
FullName/Id: Member_Services/Welcome_to_YPO_Gold1/00X610000010sXvEAI
Manageable State: unmanaged
Namespace Prefix: null
Created By (Name/Id): Leah Heidema/00561000001udQyAAI
Last Modified By (Name/Id): Leah Heidema/00561000001udQyAAI
************************************************************
************************************************************
FileName: email/Member_Services/Self_Cert_Pending.email
FullName/Id: Member_Services/Self_Cert_Pending/00X61000000dSrtEAE
Manageable State: unmanaged
Namespace Prefix: null
Created By (Name/Id): Lynn Phillips/00561000000JTJQAA4
Last Modified By (Name/Id): Ike Irozuru/00561000001QT3QAAW
************************************************************
************************************************************
FileName: email/Member_Services/Trans_Not_Renewed.email
FullName/Id: Member_Services/Trans_Not_Renewed/00X61000000dSs3EAE
Manageable State: unmanaged
Namespace Prefix: null
Created By (Name/Id): Lynn Phillips/00561000000JTJQAA4
Last Modified By (Name/Id): Ike Irozuru/00561000001QT3QAAW
************************************************************
************************************************************
FileName: email/Member_Services/Grace_Extension_Chapter_Approval.email
FullName/Id: Member_Services/Grace_Extension_Chapter_Approval/00X61000000dPzZEAU
Manageable State: unmanaged
Namespace Prefix: null
Created By (Name/Id): Taylor Poppell/00561000002SlNbAAK
Last Modified By (Name/Id): Leah Heidema/00561000001udQyAAI
************************************************************
************************************************************
FileName: email/Member_Services/Benefit_AA_Not_Found.email
FullName/Id: Member_Services/Benefit_AA_Not_Found/00X61000000ZsvIEAS
Manageable State: unmanaged
Namespace Prefix: null
Created By (Name/Id): Mark Frizzell/00561000002J2viAAC
Last Modified By (Name/Id): Mark Frizzell/00561000002J2viAAC
************************************************************
************************************************************
FileName: email/Member_Services/Third_Party_Recertification_Incomplete_Requirement_B.email
FullName/Id: Member_Services/Third_Party_Recertification_Incomplete_Requirement_B/00X61000000uelfEAA
Manageable State: unmanaged
Namespace Prefix: null
Created By (Name/Id): Leah Heidema/00561000001udQyAAI
Last Modified By (Name/Id): Leah Heidema/00561000001udQyAAI
************************************************************
************************************************************
FileName: email/Member_Services/Customer_Receipt.email
FullName/Id: Member_Services/Customer_Receipt/00X61000000jAOeEAM
Manageable State: unmanaged
Namespace Prefix: null
Created By (Name/Id): Kinetic Growth (YPO Prod)/00561000001NqIIAA0
Last Modified By (Name/Id): Mark Frizzell/00561000002J2viAAC
************************************************************
************************************************************
FileName: email/Member_Services/Mbr_Pswd_Email_Link_Reset.email
FullName/Id: Member_Services/Mbr_Pswd_Email_Link_Reset/00X61000000dSreEAE
Manageable State: unmanaged
Namespace Prefix: null
Created By (Name/Id): Lynn Phillips/00561000000JTJQAA4
Last Modified By (Name/Id): Ike Irozuru/00561000001QT3QAAW
************************************************************
************************************************************
FileName: email/Member_Services/YNG_Paid.email
FullName/Id: Member_Services/YNG_Paid/00X61000000dSsDEAU
Manageable State: unmanaged
Namespace Prefix: null
Created By (Name/Id): Lynn Phillips/00561000000JTJQAA4
Last Modified By (Name/Id): Lynn Phillips/00561000000JTJQAA4
************************************************************
************************************************************
FileName: email/Member_Services/Invoice_Overpayment.email
FullName/Id: Member_Services/Invoice_Overpayment/00X61000000dTO4EAM
Manageable State: unmanaged
Namespace Prefix: null
Created By (Name/Id): Ike Irozuru/00561000001QT3QAAW
Last Modified By (Name/Id): Ike Irozuru/00561000001QT3QAAW
************************************************************
************************************************************
FileName: email/Member_Services/Gold_not_Eligible.email
FullName/Id: Member_Services/Gold_not_Eligible/00X61000000dSrUEAU
Manageable State: unmanaged
Namespace Prefix: null
Created By (Name/Id): Lynn Phillips/00561000000JTJQAA4
Last Modified By (Name/Id): Ike Irozuru/00561000001QT3QAAW
************************************************************
************************************************************
FileName: email/Member_Services/Customer_Invoice.email
FullName/Id: Member_Services/Customer_Invoice/00X61000000jAOcEAM
Manageable State: unmanaged
Namespace Prefix: null
Created By (Name/Id): Kinetic Growth (YPO Prod)/00561000001NqIIAA0
Last Modified By (Name/Id): System Administrator/00561000002DrZyAAK
************************************************************
************************************************************
FileName: email/Member_Services/Third_Cert_Pending.email
FullName/Id: Member_Services/Third_Cert_Pending/00X61000000dSryEAE
Manageable State: unmanaged
Namespace Prefix: null
Created By (Name/Id): Lynn Phillips/00561000000JTJQAA4
Last Modified By (Name/Id): Ike Irozuru/00561000001QT3QAAW
************************************************************
