************************************************************
FileName: reports/alm_pm2__Bluewolf_ALM/Sprint_5_Release_2.report
FullName/Id: alm_pm2__Bluewolf_ALM/Sprint_5_Release_2/00O61000003u90dEAA
Manageable State: unmanaged
Namespace Prefix: null
Created By (Name/Id): Kristin Mikula/00561000001QCO4AAO
Last Modified By (Name/Id): Brandon Sherman/00561000001uIe1AAE
************************************************************
************************************************************
FileName: reports/alm_pm2__Bluewolf_ALM/Chapter_Health_Epic_Build_Area.report
FullName/Id: alm_pm2__Bluewolf_ALM/Chapter_Health_Epic_Build_Area/00O61000003u87DEAQ
Manageable State: unmanaged
Namespace Prefix: null
Created By (Name/Id): Kristin Mikula/00561000001QCO4AAO
Last Modified By (Name/Id): Kristin Mikula/00561000001QCO4AAO
************************************************************
************************************************************
FileName: reports/alm_pm2__Bluewolf_ALM/Sprint_3_Items_by_Epic.report
FullName/Id: alm_pm2__Bluewolf_ALM/Sprint_3_Items_by_Epic/00O61000003puSMEAY
Manageable State: unmanaged
Namespace Prefix: null
Created By (Name/Id): Kristin Mikula/00561000001QCO4AAO
Last Modified By (Name/Id): Kristin Mikula/00561000001QCO4AAO
************************************************************
************************************************************
FileName: reports/alm_pm2__Bluewolf_ALM/Test_Scripts_per_Backlog_Item_export.report
FullName/Id: alm_pm2__Bluewolf_ALM/Test_Scripts_per_Backlog_Item_export/00O61000003GE9REAW
Manageable State: unmanaged
Namespace Prefix: null
Created By (Name/Id): Lily Kubota/00561000000ImxXAAS
Last Modified By (Name/Id): Lily Kubota/00561000000ImxXAAS
************************************************************
************************************************************
FileName: reports/alm_pm2__Bluewolf_ALM/QA_Ready_but_no_Phase.report
FullName/Id: alm_pm2__Bluewolf_ALM/QA_Ready_but_no_Phase/00O61000003xBjfEAE
Manageable State: unmanaged
Namespace Prefix: null
Created By (Name/Id): Lily Kubota/00561000000ImxXAAS
Last Modified By (Name/Id): Lily Kubota/00561000000ImxXAAS
************************************************************
************************************************************
FileName: reports/alm_pm2__Bluewolf_ALM/First_Release_Backlog_by_Priority.report
FullName/Id: alm_pm2__Bluewolf_ALM/First_Release_Backlog_by_Priority/00O61000003xRKBEA2
Manageable State: unmanaged
Namespace Prefix: null
Created By (Name/Id): Nicolas Dubernard/00561000001QSbCAAW
Last Modified By (Name/Id): Nicolas Dubernard/00561000001QSbCAAW
************************************************************
************************************************************
FileName: reports/alm_pm2__Bluewolf_ALM/QA_Hand_off.report
FullName/Id: alm_pm2__Bluewolf_ALM/QA_Hand_off/00O61000003q8xXEAQ
Manageable State: unmanaged
Namespace Prefix: null
Created By (Name/Id): Kristin Mikula/00561000001QCO4AAO
Last Modified By (Name/Id): Kristin Mikula/00561000001QCO4AAO
************************************************************
************************************************************
FileName: reports/alm_pm2__Bluewolf_ALM/Sprint_5_Dev_Complete_Handoff_1.report
FullName/Id: alm_pm2__Bluewolf_ALM/Sprint_5_Dev_Complete_Handoff_1/00O61000003qGVaEAM
Manageable State: unmanaged
Namespace Prefix: null
Created By (Name/Id): Kristin Mikula/00561000001QCO4AAO
Last Modified By (Name/Id): Kristin Mikula/00561000001QCO4AAO
************************************************************
************************************************************
FileName: reports/alm_pm2__Bluewolf_ALM/Unassigned_Backlog_Items.report
FullName/Id: alm_pm2__Bluewolf_ALM/Unassigned_Backlog_Items/00O61000003q0QSEAY
Manageable State: unmanaged
Namespace Prefix: null
Created By (Name/Id): Jon Plott/00561000001iaojAAA
Last Modified By (Name/Id): Nicolas Dubernard/00561000001QSbCAAW
************************************************************
************************************************************
FileName: reports/alm_pm2__Bluewolf_ALM/Phase_1_Defect_List.report
FullName/Id: alm_pm2__Bluewolf_ALM/Phase_1_Defect_List/00O61000003pvoeEAA
Manageable State: unmanaged
Namespace Prefix: null
Created By (Name/Id): Jon Plott/00561000001iaojAAA
Last Modified By (Name/Id): Jon Plott/00561000001iaojAAA
************************************************************
************************************************************
FileName: reports/alm_pm2__Bluewolf_ALM/Rejected.report
FullName/Id: alm_pm2__Bluewolf_ALM/Rejected/00O61000003H7PKEA0
Manageable State: unmanaged
Namespace Prefix: null
Created By (Name/Id): Jonathan Bernd/00561000000ImwtAAC
Last Modified By (Name/Id): Jonathan Bernd/00561000000ImwtAAC
************************************************************
************************************************************
FileName: reports/alm_pm2__Bluewolf_ALM/Total_Backlog_by_Status_V6.report
FullName/Id: alm_pm2__Bluewolf_ALM/Total_Backlog_by_Status_V6/00O61000003mqzEEAQ
Manageable State: unmanaged
Namespace Prefix: null
Created By (Name/Id): Nicolas Dubernard/00561000001QSbCAAW
Last Modified By (Name/Id): Lynn Phillips/00561000000JTJQAA4
************************************************************
************************************************************
FileName: reports/alm_pm2__Bluewolf_ALM/Total_Completed_backlog_v6.report
FullName/Id: alm_pm2__Bluewolf_ALM/Total_Completed_backlog_v6/00O61000003mxmdEAA
Manageable State: unmanaged
Namespace Prefix: null
Created By (Name/Id): Lynn Phillips/00561000000JTJQAA4
Last Modified By (Name/Id): Lynn Phillips/00561000000JTJQAA4
************************************************************
************************************************************
FileName: reports/alm_pm2__Bluewolf_ALM/Sprint_3_Status_Change.report
FullName/Id: alm_pm2__Bluewolf_ALM/Sprint_3_Status_Change/00O61000003qDX6EAM
Manageable State: unmanaged
Namespace Prefix: null
Created By (Name/Id): Jon Plott/00561000001iaojAAA
Last Modified By (Name/Id): Jon Plott/00561000001iaojAAA
************************************************************
************************************************************
FileName: reports/alm_pm2__Bluewolf_ALM/Dev_Ready_Items_YPO_Approval.report
FullName/Id: alm_pm2__Bluewolf_ALM/Dev_Ready_Items_YPO_Approval/00O61000003SarOEAS
Manageable State: unmanaged
Namespace Prefix: null
Created By (Name/Id): Kristin Mikula/00561000001QCO4AAO
Last Modified By (Name/Id): Kristin Mikula/00561000001QCO4AAO
************************************************************
************************************************************
FileName: reports/alm_pm2__Bluewolf_ALM/Post_Go_Live_Backlogs.report
FullName/Id: alm_pm2__Bluewolf_ALM/Post_Go_Live_Backlogs/00O61000003n1WoEAI
Manageable State: unmanaged
Namespace Prefix: null
Created By (Name/Id): Nicolas Dubernard/00561000001QSbCAAW
Last Modified By (Name/Id): Nicolas Dubernard/00561000001QSbCAAW
************************************************************
************************************************************
FileName: reports/alm_pm2__Bluewolf_ALM/Chapter_Health_Epic.report
FullName/Id: alm_pm2__Bluewolf_ALM/Chapter_Health_Epic/00O61000003qGASEA2
Manageable State: unmanaged
Namespace Prefix: null
Created By (Name/Id): Kristin Mikula/00561000001QCO4AAO
Last Modified By (Name/Id): Nicolas Dubernard/00561000001QSbCAAW
************************************************************
************************************************************
FileName: reports/alm_pm2__Bluewolf_ALM/Sprint_9_Items_by_Epic.report
FullName/Id: alm_pm2__Bluewolf_ALM/Sprint_9_Items_by_Epic/00O61000003mmmNEAQ
Manageable State: unmanaged
Namespace Prefix: null
Created By (Name/Id): abigail place/00561000002BBhCAAW
Last Modified By (Name/Id): abigail place/00561000002BBhCAAW
************************************************************
************************************************************
FileName: reports/alm_pm2__Bluewolf_ALM/Sprint_5_Items_by_Epic.report
FullName/Id: alm_pm2__Bluewolf_ALM/Sprint_5_Items_by_Epic/00O61000003qEWyEAM
Manageable State: unmanaged
Namespace Prefix: null
Created By (Name/Id): Kristin Mikula/00561000001QCO4AAO
Last Modified By (Name/Id): Kristin Mikula/00561000001QCO4AAO
************************************************************
************************************************************
FileName: reports/alm_pm2__Bluewolf_ALM/alm_pm2__Build_Package_Report.report
FullName/Id: alm_pm2__Bluewolf_ALM/alm_pm2__Build_Package_Report/00O61000001Hls7EAC
Manageable State: installed
Namespace Prefix: alm_pm2
Created By (Name/Id): Lily Kubota/00561000000ImxXAAS
Last Modified By (Name/Id): Lily Kubota/00561000000ImxXAAS
************************************************************
************************************************************
FileName: reports/alm_pm2__Bluewolf_ALM/Epic_Backlog_Items.report
FullName/Id: alm_pm2__Bluewolf_ALM/Epic_Backlog_Items/00O61000003H5PlEAK
Manageable State: unmanaged
Namespace Prefix: null
Created By (Name/Id): Nicolas Dubernard/00561000001QSbCAAW
Last Modified By (Name/Id): Nicolas Dubernard/00561000001QSbCAAW
************************************************************
************************************************************
FileName: reports/alm_pm2__Bluewolf_ALM/Sprint_3_YPO_Status_Change.report
FullName/Id: alm_pm2__Bluewolf_ALM/Sprint_3_YPO_Status_Change/00O61000003qDX1EAM
Manageable State: unmanaged
Namespace Prefix: null
Created By (Name/Id): Jon Plott/00561000001iaojAAA
Last Modified By (Name/Id): Jon Plott/00561000001iaojAAA
************************************************************
************************************************************
FileName: reports/alm_pm2__Bluewolf_ALM/Backlog_Burn_Down.report
FullName/Id: alm_pm2__Bluewolf_ALM/Backlog_Burn_Down/00O61000003q0VcEAI
Manageable State: unmanaged
Namespace Prefix: null
Created By (Name/Id): Nicolas Dubernard/00561000001QSbCAAW
Last Modified By (Name/Id): Nicolas Dubernard/00561000001QSbCAAW
************************************************************
************************************************************
FileName: reports/alm_pm2__Bluewolf_ALM/Items_that_Need_BW_YPO_Discussion.report
FullName/Id: alm_pm2__Bluewolf_ALM/Items_that_Need_BW_YPO_Discussion/00O61000003xB0QEAU
Manageable State: unmanaged
Namespace Prefix: null
Created By (Name/Id): Lily Kubota/00561000000ImxXAAS
Last Modified By (Name/Id): Lily Kubota/00561000000ImxXAAS
************************************************************
************************************************************
FileName: reports/alm_pm2__Bluewolf_ALM/Sprint_10_Break_Down_Dash.report
FullName/Id: alm_pm2__Bluewolf_ALM/Sprint_10_Break_Down_Dash/00O61000003mqe1EAA
Manageable State: unmanaged
Namespace Prefix: null
Created By (Name/Id): Nicolas Dubernard/00561000001QSbCAAW
Last Modified By (Name/Id): Nicolas Dubernard/00561000001QSbCAAW
************************************************************
************************************************************
FileName: reports/alm_pm2__Bluewolf_ALM/Sprint_7_Break_Down_Dash.report
FullName/Id: alm_pm2__Bluewolf_ALM/Sprint_7_Break_Down_Dash/00O61000003i7a2EAA
Manageable State: unmanaged
Namespace Prefix: null
Created By (Name/Id): Nicolas Dubernard/00561000001QSbCAAW
Last Modified By (Name/Id): Nicolas Dubernard/00561000001QSbCAAW
************************************************************
************************************************************
FileName: reports/alm_pm2__Bluewolf_ALM/Build_Approved_Ready_for_Deployment.report
FullName/Id: alm_pm2__Bluewolf_ALM/Build_Approved_Ready_for_Deployment/00O61000003qDWDEA2
Manageable State: unmanaged
Namespace Prefix: null
Created By (Name/Id): Kristin Mikula/00561000001QCO4AAO
Last Modified By (Name/Id): Kristin Mikula/00561000001QCO4AAO
************************************************************
************************************************************
FileName: reports/alm_pm2__Bluewolf_ALM/Prospect_Epic_Backlog_Items.report
FullName/Id: alm_pm2__Bluewolf_ALM/Prospect_Epic_Backlog_Items/00O61000003mwoiEAA
Manageable State: unmanaged
Namespace Prefix: null
Created By (Name/Id): Kristin Mikula/00561000001QCO4AAO
Last Modified By (Name/Id): Kristin Mikula/00561000001QCO4AAO
************************************************************
************************************************************
FileName: reports/alm_pm2__Bluewolf_ALM/Dev_Complete_Sprint_3.report
FullName/Id: alm_pm2__Bluewolf_ALM/Dev_Complete_Sprint_3/00O61000003q4CAEAY
Manageable State: unmanaged
Namespace Prefix: null
Created By (Name/Id): Kristin Mikula/00561000001QCO4AAO
Last Modified By (Name/Id): Kristin Mikula/00561000001QCO4AAO
************************************************************
************************************************************
FileName: reports/alm_pm2__Bluewolf_ALM/YPO_Defects_ALL.report
FullName/Id: alm_pm2__Bluewolf_ALM/YPO_Defects_ALL/00O61000003H3hmEAC
Manageable State: unmanaged
Namespace Prefix: null
Created By (Name/Id): Lily Kubota/00561000000ImxXAAS
Last Modified By (Name/Id): Lily Kubota/00561000000ImxXAAS
************************************************************
************************************************************
FileName: reports/alm_pm2__Bluewolf_ALM/Backlog_Grooming.report
FullName/Id: alm_pm2__Bluewolf_ALM/Backlog_Grooming/00O61000003i3VCEAY
Manageable State: unmanaged
Namespace Prefix: null
Created By (Name/Id): Jon Plott/00561000001iaojAAA
Last Modified By (Name/Id): Jon Plott/00561000001iaojAAA
************************************************************
************************************************************
FileName: reports/alm_pm2__Bluewolf_ALM/Items_with_Release_Priority_Review.report
FullName/Id: alm_pm2__Bluewolf_ALM/Items_with_Release_Priority_Review/00O61000003xBZGEA2
Manageable State: unmanaged
Namespace Prefix: null
Created By (Name/Id): Lily Kubota/00561000000ImxXAAS
Last Modified By (Name/Id): Lily Kubota/00561000000ImxXAAS
************************************************************
************************************************************
FileName: reports/alm_pm2__Bluewolf_ALM/Sprint_Burn_Down_Dash.report
FullName/Id: alm_pm2__Bluewolf_ALM/Sprint_Burn_Down_Dash/00O61000003qE87EAE
Manageable State: unmanaged
Namespace Prefix: null
Created By (Name/Id): Nicolas Dubernard/00561000001QSbCAAW
Last Modified By (Name/Id): Nicolas Dubernard/00561000001QSbCAAW
************************************************************
************************************************************
FileName: reports/alm_pm2__Bluewolf_ALM/Data_Migration.report
FullName/Id: alm_pm2__Bluewolf_ALM/Data_Migration/00O61000003pi1MEAQ
Manageable State: unmanaged
Namespace Prefix: null
Created By (Name/Id): Jon Plott/00561000001iaojAAA
Last Modified By (Name/Id): Kristin Mikula/00561000001QCO4AAO
************************************************************
************************************************************
FileName: reports/alm_pm2__Bluewolf_ALM/Without_LOE.report
FullName/Id: alm_pm2__Bluewolf_ALM/Without_LOE/00O61000003xAgQEAU
Manageable State: unmanaged
Namespace Prefix: null
Created By (Name/Id): Lily Kubota/00561000000ImxXAAS
Last Modified By (Name/Id): Lily Kubota/00561000000ImxXAAS
************************************************************
************************************************************
FileName: reports/alm_pm2__Bluewolf_ALM/Data_Migration_Items_Release_1.report
FullName/Id: alm_pm2__Bluewolf_ALM/Data_Migration_Items_Release_1/00O61000003pwPGEAY
Manageable State: unmanaged
Namespace Prefix: null
Created By (Name/Id): Kristin Mikula/00561000001QCO4AAO
Last Modified By (Name/Id): Kristin Mikula/00561000001QCO4AAO
************************************************************
************************************************************
FileName: reports/alm_pm2__Bluewolf_ALM/Items_without_Priorities.report
FullName/Id: alm_pm2__Bluewolf_ALM/Items_without_Priorities/00O61000003H8oVEAS
Manageable State: unmanaged
Namespace Prefix: null
Created By (Name/Id): Lily Kubota/00561000000ImxXAAS
Last Modified By (Name/Id): Lily Kubota/00561000000ImxXAAS
************************************************************
************************************************************
FileName: reports/alm_pm2__Bluewolf_ALM/Solution_Review.report
FullName/Id: alm_pm2__Bluewolf_ALM/Solution_Review/00O61000003pvEvEAI
Manageable State: unmanaged
Namespace Prefix: null
Created By (Name/Id): Jon Plott/00561000001iaojAAA
Last Modified By (Name/Id): Jon Plott/00561000001iaojAAA
************************************************************
************************************************************
FileName: reports/alm_pm2__Bluewolf_ALM/Solution_Review_Backlog_Items.report
FullName/Id: alm_pm2__Bluewolf_ALM/Solution_Review_Backlog_Items/00O61000003SUyTEAW
Manageable State: unmanaged
Namespace Prefix: null
Created By (Name/Id): Jon Plott/00561000001iaojAAA
Last Modified By (Name/Id): Kristin Mikula/00561000001QCO4AAO
************************************************************
************************************************************
FileName: reports/alm_pm2__Bluewolf_ALM/Items_Approved_Not_Approved_by_Epic.report
FullName/Id: alm_pm2__Bluewolf_ALM/Items_Approved_Not_Approved_by_Epic/00O61000003xAhEEAU
Manageable State: unmanaged
Namespace Prefix: null
Created By (Name/Id): Lily Kubota/00561000000ImxXAAS
Last Modified By (Name/Id): Lily Kubota/00561000000ImxXAAS
************************************************************
************************************************************
FileName: reports/alm_pm2__Bluewolf_ALM/First_Release_Backlog_by_Status.report
FullName/Id: alm_pm2__Bluewolf_ALM/First_Release_Backlog_by_Status/00O61000003xRKVEA2
Manageable State: unmanaged
Namespace Prefix: null
Created By (Name/Id): Nicolas Dubernard/00561000001QSbCAAW
Last Modified By (Name/Id): Nicolas Dubernard/00561000001QSbCAAW
************************************************************
************************************************************
FileName: reports/alm_pm2__Bluewolf_ALM/SF_Hardening_Sprint_Items.report
FullName/Id: alm_pm2__Bluewolf_ALM/SF_Hardening_Sprint_Items/00O61000003n5T0EAI
Manageable State: unmanaged
Namespace Prefix: null
Created By (Name/Id): Nicolas Dubernard/00561000001QSbCAAW
Last Modified By (Name/Id): Nicolas Dubernard/00561000001QSbCAAW
************************************************************
************************************************************
FileName: reports/alm_pm2__Bluewolf_ALM/Sprint_Overview.report
FullName/Id: alm_pm2__Bluewolf_ALM/Sprint_Overview/00O61000003SZvoEAG
Manageable State: unmanaged
Namespace Prefix: null
Created By (Name/Id): Jon Plott/00561000001iaojAAA
Last Modified By (Name/Id): Jon Plott/00561000001iaojAAA
************************************************************
************************************************************
FileName: reports/alm_pm2__Bluewolf_ALM/BWAdjust.report
FullName/Id: alm_pm2__Bluewolf_ALM/BWAdjust/00O61000003xFq8EAE
Manageable State: unmanaged
Namespace Prefix: null
Created By (Name/Id): Jonathan Bernd/00561000000ImwtAAC
Last Modified By (Name/Id): Jonathan Bernd/00561000000ImwtAAC
************************************************************
************************************************************
FileName: reports/alm_pm2__Bluewolf_ALM/Sprint_5_Items_QA_Accepted.report
FullName/Id: alm_pm2__Bluewolf_ALM/Sprint_5_Items_QA_Accepted/00O61000003qE8qEAE
Manageable State: unmanaged
Namespace Prefix: null
Created By (Name/Id): Kristin Mikula/00561000001QCO4AAO
Last Modified By (Name/Id): Brandon Sherman/00561000001uIe1AAE
************************************************************
************************************************************
FileName: reports/alm_pm2__Bluewolf_ALM/YPO_Defects_w_out_Prioritization.report
FullName/Id: alm_pm2__Bluewolf_ALM/YPO_Defects_w_out_Prioritization/00O61000003H79CEAS
Manageable State: unmanaged
Namespace Prefix: null
Created By (Name/Id): Lily Kubota/00561000000ImxXAAS
Last Modified By (Name/Id): Lily Kubota/00561000000ImxXAAS
************************************************************
************************************************************
FileName: reports/alm_pm2__Bluewolf_ALM/Critical_Backlog_Items_for_1_1.report
FullName/Id: alm_pm2__Bluewolf_ALM/Critical_Backlog_Items_for_1_1/00O61000003H5OiEAK
Manageable State: unmanaged
Namespace Prefix: null
Created By (Name/Id): Nicolas Dubernard/00561000001QSbCAAW
Last Modified By (Name/Id): Aaron DeRan/00561000000J7lFAAS
************************************************************
************************************************************
FileName: reports/alm_pm2__Bluewolf_ALM/Remaining_Items.report
FullName/Id: alm_pm2__Bluewolf_ALM/Remaining_Items/00O61000003mzutEAA
Manageable State: unmanaged
Namespace Prefix: null
Created By (Name/Id): Nicolas Dubernard/00561000001QSbCAAW
Last Modified By (Name/Id): Nicolas Dubernard/00561000001QSbCAAW
************************************************************
************************************************************
FileName: reports/alm_pm2__Bluewolf_ALM/Defects_for_BW_YPO_Review.report
FullName/Id: alm_pm2__Bluewolf_ALM/Defects_for_BW_YPO_Review/00O61000003xBnmEAE
Manageable State: unmanaged
Namespace Prefix: null
Created By (Name/Id): Lily Kubota/00561000000ImxXAAS
Last Modified By (Name/Id): Kristin Mikula/00561000001QCO4AAO
************************************************************
************************************************************
FileName: reports/alm_pm2__Bluewolf_ALM/Sprint_11_Break_Down_Dash.report
FullName/Id: alm_pm2__Bluewolf_ALM/Sprint_11_Break_Down_Dash/00O61000003mxLDEAY
Manageable State: unmanaged
Namespace Prefix: null
Created By (Name/Id): Nicolas Dubernard/00561000001QSbCAAW
Last Modified By (Name/Id): Nicolas Dubernard/00561000001QSbCAAW
************************************************************
************************************************************
FileName: reports/alm_pm2__Bluewolf_ALM/CA_settings_to_Contact_Positions_Compari.report
FullName/Id: alm_pm2__Bluewolf_ALM/CA_settings_to_Contact_Positions_Compari/00O61000003nDUBEA2
Manageable State: unmanaged
Namespace Prefix: null
Created By (Name/Id): abigail place/00561000002BBhCAAW
Last Modified By (Name/Id): Kristin Mikula/00561000001QCO4AAO
************************************************************
************************************************************
FileName: reports/alm_pm2__Bluewolf_ALM/Go_Live_Report.report
FullName/Id: alm_pm2__Bluewolf_ALM/Go_Live_Report/00O61000003qGTyEAM
Manageable State: unmanaged
Namespace Prefix: null
Created By (Name/Id): Jon Plott/00561000001iaojAAA
Last Modified By (Name/Id): Jon Plott/00561000001iaojAAA
************************************************************
************************************************************
FileName: reports/alm_pm2__Bluewolf_ALM/Prospect_Functional_Testing.report
FullName/Id: alm_pm2__Bluewolf_ALM/Prospect_Functional_Testing/00O61000003n7ZyEAI
Manageable State: unmanaged
Namespace Prefix: null
Created By (Name/Id): Nicolas Dubernard/00561000001QSbCAAW
Last Modified By (Name/Id): Nicolas Dubernard/00561000001QSbCAAW
************************************************************
************************************************************
FileName: reports/alm_pm2__Bluewolf_ALM/Blocked_Challenged.report
FullName/Id: alm_pm2__Bluewolf_ALM/Blocked_Challenged/00O61000003u8c2EAA
Manageable State: unmanaged
Namespace Prefix: null
Created By (Name/Id): Kristin Mikula/00561000001QCO4AAO
Last Modified By (Name/Id): Kristin Mikula/00561000001QCO4AAO
************************************************************
************************************************************
FileName: reports/alm_pm2__Bluewolf_ALM/First_Release_Backlog_by_Build_Owner.report
FullName/Id: alm_pm2__Bluewolf_ALM/First_Release_Backlog_by_Build_Owner/00O61000003xRKaEAM
Manageable State: unmanaged
Namespace Prefix: null
Created By (Name/Id): Nicolas Dubernard/00561000001QSbCAAW
Last Modified By (Name/Id): Nicolas Dubernard/00561000001QSbCAAW
************************************************************
************************************************************
FileName: reports/alm_pm2__Bluewolf_ALM/UI_UX_Related_Backlog_Items.report
FullName/Id: alm_pm2__Bluewolf_ALM/UI_UX_Related_Backlog_Items/00O61000003H8WvEAK
Manageable State: unmanaged
Namespace Prefix: null
Created By (Name/Id): Lily Kubota/00561000000ImxXAAS
Last Modified By (Name/Id): Lily Kubota/00561000000ImxXAAS
************************************************************
************************************************************
FileName: reports/alm_pm2__Bluewolf_ALM/User_Permission_Items.report
FullName/Id: alm_pm2__Bluewolf_ALM/User_Permission_Items/00O61000003i4LNEAY
Manageable State: unmanaged
Namespace Prefix: null
Created By (Name/Id): Kristin Mikula/00561000001QCO4AAO
Last Modified By (Name/Id): Kristin Mikula/00561000001QCO4AAO
************************************************************
************************************************************
FileName: reports/alm_pm2__Bluewolf_ALM/Solution_Review_YPO.report
FullName/Id: alm_pm2__Bluewolf_ALM/Solution_Review_YPO/00O61000003u8bxEAA
Manageable State: unmanaged
Namespace Prefix: null
Created By (Name/Id): Kristin Mikula/00561000001QCO4AAO
Last Modified By (Name/Id): Kristin Mikula/00561000001QCO4AAO
************************************************************
************************************************************
FileName: reports/alm_pm2__Bluewolf_ALM/alm_pm2__Component_Trace.report
FullName/Id: alm_pm2__Bluewolf_ALM/alm_pm2__Component_Trace/00O61000001Hls8EAC
Manageable State: installed
Namespace Prefix: alm_pm2
Created By (Name/Id): Lily Kubota/00561000000ImxXAAS
Last Modified By (Name/Id): Lily Kubota/00561000000ImxXAAS
************************************************************
************************************************************
FileName: reports/alm_pm2__Bluewolf_ALM/Current_Sprint_Items_that_Need_Solutions.report
FullName/Id: alm_pm2__Bluewolf_ALM/Current_Sprint_Items_that_Need_Solutions/00O61000003ptrBEAQ
Manageable State: unmanaged
Namespace Prefix: null
Created By (Name/Id): Jon Plott/00561000001iaojAAA
Last Modified By (Name/Id): Jon Plott/00561000001iaojAAA
************************************************************
************************************************************
FileName: reports/alm_pm2__Bluewolf_ALM/Sprint_8_Break_Down_Dash.report
FullName/Id: alm_pm2__Bluewolf_ALM/Sprint_8_Break_Down_Dash/00O61000003mgxwEAA
Manageable State: unmanaged
Namespace Prefix: null
Created By (Name/Id): Nicolas Dubernard/00561000001QSbCAAW
Last Modified By (Name/Id): Nicolas Dubernard/00561000001QSbCAAW
************************************************************
************************************************************
FileName: reports/alm_pm2__Bluewolf_ALM/Sprint_1_Items_Development_Complete.report
FullName/Id: alm_pm2__Bluewolf_ALM/Sprint_1_Items_Development_Complete/00O61000003pkozEAA
Manageable State: unmanaged
Namespace Prefix: null
Created By (Name/Id): Kristin Mikula/00561000001QCO4AAO
Last Modified By (Name/Id): Kristin Mikula/00561000001QCO4AAO
************************************************************
************************************************************
FileName: reports/alm_pm2__Bluewolf_ALM/Backlog_by_Status.report
FullName/Id: alm_pm2__Bluewolf_ALM/Backlog_by_Status/00O61000003xRJrEAM
Manageable State: unmanaged
Namespace Prefix: null
Created By (Name/Id): Nicolas Dubernard/00561000001QSbCAAW
Last Modified By (Name/Id): Nicolas Dubernard/00561000001QSbCAAW
************************************************************
************************************************************
FileName: reports/alm_pm2__Bluewolf_ALM/Scoped_Critical_Backlog_Items_for_1_1.report
FullName/Id: alm_pm2__Bluewolf_ALM/Scoped_Critical_Backlog_Items_for_1_1/00O61000003H7buEAC
Manageable State: unmanaged
Namespace Prefix: null
Created By (Name/Id): Nicolas Dubernard/00561000001QSbCAAW
Last Modified By (Name/Id): Nicolas Dubernard/00561000001QSbCAAW
************************************************************
************************************************************
FileName: reports/alm_pm2__Bluewolf_ALM/Sprint_12_Break_Down_Dash.report
FullName/Id: alm_pm2__Bluewolf_ALM/Sprint_12_Break_Down_Dash/00O61000003mzzPEAQ
Manageable State: unmanaged
Namespace Prefix: null
Created By (Name/Id): Nicolas Dubernard/00561000001QSbCAAW
Last Modified By (Name/Id): Nicolas Dubernard/00561000001QSbCAAW
************************************************************
************************************************************
FileName: reports/alm_pm2__Bluewolf_ALM/Total_Backlog_by_Status_v6_non_BW.report
FullName/Id: alm_pm2__Bluewolf_ALM/Total_Backlog_by_Status_v6_non_BW/00O61000003mvqTEAQ
Manageable State: unmanaged
Namespace Prefix: null
Created By (Name/Id): Lynn Phillips/00561000000JTJQAA4
Last Modified By (Name/Id): Lynn Phillips/00561000000JTJQAA4
************************************************************
************************************************************
FileName: reports/alm_pm2__Bluewolf_ALM/Data_migration_defects_to_prioritize.report
FullName/Id: alm_pm2__Bluewolf_ALM/Data_migration_defects_to_prioritize/00O61000003mvqYEAQ
Manageable State: unmanaged
Namespace Prefix: null
Created By (Name/Id): Lynn Phillips/00561000000JTJQAA4
Last Modified By (Name/Id): Lynn Phillips/00561000000JTJQAA4
************************************************************
************************************************************
FileName: reports/alm_pm2__Bluewolf_ALM/Sprint_1_Items_by_Epic.report
FullName/Id: alm_pm2__Bluewolf_ALM/Sprint_1_Items_by_Epic/00O61000003pecYEAQ
Manageable State: unmanaged
Namespace Prefix: null
Created By (Name/Id): Kristin Mikula/00561000001QCO4AAO
Last Modified By (Name/Id): Kristin Mikula/00561000001QCO4AAO
************************************************************
************************************************************
FileName: reports/alm_pm2__Bluewolf_ALM/All_Items_by_Sprint.report
FullName/Id: alm_pm2__Bluewolf_ALM/All_Items_by_Sprint/00O61000003pxb3EAA
Manageable State: unmanaged
Namespace Prefix: null
Created By (Name/Id): Kristin Mikula/00561000001QCO4AAO
Last Modified By (Name/Id): Kristin Mikula/00561000001QCO4AAO
************************************************************
************************************************************
FileName: reports/alm_pm2__Bluewolf_ALM/Need_Acceptance_Criteria_Requirements.report
FullName/Id: alm_pm2__Bluewolf_ALM/Need_Acceptance_Criteria_Requirements/00O61000003SariEAC
Manageable State: unmanaged
Namespace Prefix: null
Created By (Name/Id): Kristin Mikula/00561000001QCO4AAO
Last Modified By (Name/Id): Kristin Mikula/00561000001QCO4AAO
************************************************************
************************************************************
FileName: reports/alm_pm2__Bluewolf_ALM/All_Enhancements_Post_Phase_1_Reqs.report
FullName/Id: alm_pm2__Bluewolf_ALM/All_Enhancements_Post_Phase_1_Reqs/00O61000003H8vqEAC
Manageable State: unmanaged
Namespace Prefix: null
Created By (Name/Id): Lily Kubota/00561000000ImxXAAS
Last Modified By (Name/Id): Lily Kubota/00561000000ImxXAAS
************************************************************
************************************************************
FileName: reports/alm_pm2__Bluewolf_ALM/Sprint_3_Overview.report
FullName/Id: alm_pm2__Bluewolf_ALM/Sprint_3_Overview/00O61000003pqbKEAQ
Manageable State: unmanaged
Namespace Prefix: null
Created By (Name/Id): Jon Plott/00561000001iaojAAA
Last Modified By (Name/Id): Jon Plott/00561000001iaojAAA
************************************************************
************************************************************
FileName: reports/alm_pm2__Bluewolf_ALM/Sprint_1_Overview.report
FullName/Id: alm_pm2__Bluewolf_ALM/Sprint_1_Overview/00O61000003pmfCEAQ
Manageable State: unmanaged
Namespace Prefix: null
Created By (Name/Id): Jon Plott/00561000001iaojAAA
Last Modified By (Name/Id): Jon Plott/00561000001iaojAAA
************************************************************
************************************************************
FileName: reports/alm_pm2__Bluewolf_ALM/Data_Migration_Items.report
FullName/Id: alm_pm2__Bluewolf_ALM/Data_Migration_Items/00O61000003u7amEAA
Manageable State: unmanaged
Namespace Prefix: null
Created By (Name/Id): Kristin Mikula/00561000001QCO4AAO
Last Modified By (Name/Id): Kristin Mikula/00561000001QCO4AAO
************************************************************
************************************************************
FileName: reports/alm_pm2__Bluewolf_ALM/Release_Component_Report.report
FullName/Id: alm_pm2__Bluewolf_ALM/Release_Component_Report/00O61000003mwRUEAY
Manageable State: unmanaged
Namespace Prefix: null
Created By (Name/Id): Nicolas Dubernard/00561000001QSbCAAW
Last Modified By (Name/Id): Emily Day/00561000002EuhiAAC
************************************************************
************************************************************
FileName: reports/alm_pm2__Bluewolf_ALM/Sprint_Burn_Down_Source.report
FullName/Id: alm_pm2__Bluewolf_ALM/Sprint_Burn_Down_Source/00O61000003qDzoEAE
Manageable State: unmanaged
Namespace Prefix: null
Created By (Name/Id): Nicolas Dubernard/00561000001QSbCAAW
Last Modified By (Name/Id): Nicolas Dubernard/00561000001QSbCAAW
************************************************************
************************************************************
FileName: reports/alm_pm2__Bluewolf_ALM/Current_Sprint_Story_Points_Goal.report
FullName/Id: alm_pm2__Bluewolf_ALM/Current_Sprint_Story_Points_Goal/00O61000003qE8gEAE
Manageable State: unmanaged
Namespace Prefix: null
Created By (Name/Id): Nicolas Dubernard/00561000001QSbCAAW
Last Modified By (Name/Id): Nicolas Dubernard/00561000001QSbCAAW
************************************************************
************************************************************
FileName: reports/alm_pm2__Bluewolf_ALM/Release_1_Deployed_Items.report
FullName/Id: alm_pm2__Bluewolf_ALM/Release_1_Deployed_Items/00O61000003plUWEAY
Manageable State: unmanaged
Namespace Prefix: null
Created By (Name/Id): Kristin Mikula/00561000001QCO4AAO
Last Modified By (Name/Id): Kristin Mikula/00561000001QCO4AAO
************************************************************
************************************************************
FileName: reports/alm_pm2__Bluewolf_ALM/Backlog_by_Build_Owner.report
FullName/Id: alm_pm2__Bluewolf_ALM/Backlog_by_Build_Owner/00O61000003xRK1EAM
Manageable State: unmanaged
Namespace Prefix: null
Created By (Name/Id): Nicolas Dubernard/00561000001QSbCAAW
Last Modified By (Name/Id): Nicolas Dubernard/00561000001QSbCAAW
************************************************************
