************************************************************
FileName: reports/YPO_Champions/Item_04569_Current_Chptr_Champs_under_35.report
FullName/Id: YPO_Champions/Item_04569_Current_Chptr_Champs_under_35/00O61000003q9jMEAQ
Manageable State: unmanaged
Namespace Prefix: null
Created By (Name/Id): Brandon Sherman/00561000001uIe1AAE
Last Modified By (Name/Id): Kelli Do/00561000001PrKOAA0
************************************************************
************************************************************
FileName: reports/YPO_Champions/Champion_Workshop_Selection_Summary1.report
FullName/Id: YPO_Champions/Champion_Workshop_Selection_Summary1/00O61000001ZZd9EAG
Manageable State: unmanaged
Namespace Prefix: null
Created By (Name/Id): Stephanie Marchioni/00561000001ujIwAAI
Last Modified By (Name/Id): Kelli Do/00561000001PrKOAA0
************************************************************
************************************************************
FileName: reports/YPO_Champions/Champion_Workshop_Selection_Events.report
FullName/Id: YPO_Champions/Champion_Workshop_Selection_Events/00O61000001ZlNrEAK
Manageable State: unmanaged
Namespace Prefix: null
Created By (Name/Id): Kelli Do/00561000001PrKOAA0
Last Modified By (Name/Id): Kelli Do/00561000001PrKOAA0
************************************************************
************************************************************
FileName: reports/YPO_Champions/Current_Active_Positions_with_Contacts.report
FullName/Id: YPO_Champions/Current_Active_Positions_with_Contacts/00O61000004EJbxEAG
Manageable State: unmanaged
Namespace Prefix: null
Created By (Name/Id): Stephanie Marchioni/00561000001ujIwAAI
Last Modified By (Name/Id): Stephanie Marchioni/00561000001ujIwAAI
************************************************************
************************************************************
FileName: reports/YPO_Champions/Current_Officers_Chapter_Region_Network.report
FullName/Id: YPO_Champions/Current_Officers_Chapter_Region_Network/00O61000004ElJEEA0
Manageable State: unmanaged
Namespace Prefix: null
Created By (Name/Id): Carrie Bray/00561000002Ex61AAC
Last Modified By (Name/Id): Carrie Bray/00561000002Ex61AAC
************************************************************
************************************************************
FileName: reports/YPO_Champions/CA_and_CC_with_Address_for_Governance.report
FullName/Id: YPO_Champions/CA_and_CC_with_Address_for_Governance/00O610000042b4AEAQ
Manageable State: unmanaged
Namespace Prefix: null
Created By (Name/Id): Kelli Do/00561000001PrKOAA0
Last Modified By (Name/Id): Kelli Do/00561000001PrKOAA0
************************************************************
************************************************************
FileName: reports/YPO_Champions/Champion_Workshop_Selection.report
FullName/Id: YPO_Champions/Champion_Workshop_Selection/00O61000001ZZZbEAO
Manageable State: unmanaged
Namespace Prefix: null
Created By (Name/Id): Kelli Do/00561000001PrKOAA0
Last Modified By (Name/Id): Kelli Do/00561000001PrKOAA0
************************************************************
************************************************************
FileName: reports/YPO_Champions/Officers_list_excluding_CEO_Members.report
FullName/Id: YPO_Champions/Officers_list_excluding_CEO_Members/00O61000003nZztEAE
Manageable State: unmanaged
Namespace Prefix: null
Created By (Name/Id): Louis Nguyen/00561000001OazKAAS
Last Modified By (Name/Id): Louis Nguyen/00561000001OazKAAS
************************************************************
************************************************************
FileName: reports/YPO_Champions/Current_Officers_GLC_CLW_Eligible1.report
FullName/Id: YPO_Champions/Current_Officers_GLC_CLW_Eligible1/00O610000042Ve4EAE
Manageable State: unmanaged
Namespace Prefix: null
Created By (Name/Id): Rhiana Harris/00561000002DozEAAS
Last Modified By (Name/Id): Rhiana Harris/00561000002DozEAAS
************************************************************
************************************************************
FileName: reports/YPO_Champions/CA_and_CC_with_Address.report
FullName/Id: YPO_Champions/CA_and_CC_with_Address/00O610000042XA7EAM
Manageable State: unmanaged
Namespace Prefix: null
Created By (Name/Id): Kelli Do/00561000001PrKOAA0
Last Modified By (Name/Id): Kelli Do/00561000001PrKOAA0
************************************************************
************************************************************
FileName: reports/YPO_Champions/Current_Officers_Chapter_Region_Network1.report
FullName/Id: YPO_Champions/Current_Officers_Chapter_Region_Network1/00O61000004ElK7EAK
Manageable State: unmanaged
Namespace Prefix: null
Created By (Name/Id): Carrie Bray/00561000002Ex61AAC
Last Modified By (Name/Id): Carrie Bray/00561000002Ex61AAC
************************************************************
************************************************************
FileName: reports/YPO_Champions/Positions_ONLY.report
FullName/Id: YPO_Champions/Positions_ONLY/00O610000046CCBEA2
Manageable State: unmanaged
Namespace Prefix: null
Created By (Name/Id): Stephanie Mayfield/00561000001mCdYAAU
Last Modified By (Name/Id): Stephanie Mayfield/00561000001mCdYAAU
************************************************************
************************************************************
FileName: reports/YPO_Champions/Award_winners_with_s_p.report
FullName/Id: YPO_Champions/Award_winners_with_s_p/00O610000042aF2EAI
Manageable State: unmanaged
Namespace Prefix: null
Created By (Name/Id): Kelli Do/00561000001PrKOAA0
Last Modified By (Name/Id): Kelli Do/00561000001PrKOAA0
************************************************************
************************************************************
FileName: reports/YPO_Champions/Positions_with_training_required.report
FullName/Id: YPO_Champions/Positions_with_training_required/00O610000042PnZEAU
Manageable State: unmanaged
Namespace Prefix: null
Created By (Name/Id): Stephanie Marchioni/00561000001ujIwAAI
Last Modified By (Name/Id): Stephanie Marchioni/00561000001ujIwAAI
************************************************************
************************************************************
FileName: reports/YPO_Champions/Primary_and_Secondary_Chapters_List.report
FullName/Id: YPO_Champions/Primary_and_Secondary_Chapters_List/00O610000042YlnEAE
Manageable State: unmanaged
Namespace Prefix: null
Created By (Name/Id): Kelli Do/00561000001PrKOAA0
Last Modified By (Name/Id): Kelli Do/00561000001PrKOAA0
************************************************************
************************************************************
FileName: reports/YPO_Champions/Officers_list_for_YPO_CEO_Members.report
FullName/Id: YPO_Champions/Officers_list_for_YPO_CEO_Members/00O61000003nZzAEAU
Manageable State: unmanaged
Namespace Prefix: null
Created By (Name/Id): Kelli Do/00561000001PrKOAA0
Last Modified By (Name/Id): Kelli Do/00561000001PrKOAA0
************************************************************
************************************************************
FileName: reports/YPO_Champions/Female_Officers.report
FullName/Id: YPO_Champions/Female_Officers/00O610000042VkMEAU
Manageable State: unmanaged
Namespace Prefix: null
Created By (Name/Id): Carrie Bray/00561000002Ex61AAC
Last Modified By (Name/Id): Carrie Bray/00561000002Ex61AAC
************************************************************
************************************************************
FileName: reports/YPO_Champions/past_3_years_BOD.report
FullName/Id: YPO_Champions/past_3_years_BOD/00O61000004ErukEAC
Manageable State: unmanaged
Namespace Prefix: null
Created By (Name/Id): Stephanie Marchioni/00561000001ujIwAAI
Last Modified By (Name/Id): Stephanie Marchioni/00561000001ujIwAAI
************************************************************
************************************************************
FileName: reports/YPO_Champions/StephanieMarchioni_AwardMemberLookup.report
FullName/Id: YPO_Champions/StephanieMarchioni_AwardMemberLookup/00O610000042X9iEAE
Manageable State: unmanaged
Namespace Prefix: null
Created By (Name/Id): Kelli Do/00561000001PrKOAA0
Last Modified By (Name/Id): Kelli Do/00561000001PrKOAA0
************************************************************
************************************************************
FileName: reports/YPO_Champions/Positions_with_Contact_Positions.report
FullName/Id: YPO_Champions/Positions_with_Contact_Positions/00O6100000465L9EAI
Manageable State: unmanaged
Namespace Prefix: null
Created By (Name/Id): Stephanie Mayfield/00561000001mCdYAAU
Last Modified By (Name/Id): Stephanie Mayfield/00561000001mCdYAAU
************************************************************
************************************************************
FileName: reports/YPO_Champions/LA_Incoming_LO_ALO1.report
FullName/Id: YPO_Champions/LA_Incoming_LO_ALO1/00O61000003nJt8EAE
Manageable State: unmanaged
Namespace Prefix: null
Created By (Name/Id): Rosalinda Ponce de Leon/00561000002Dp2nAAC
Last Modified By (Name/Id): Rosalinda Ponce de Leon/00561000002Dp2nAAC
************************************************************
************************************************************
FileName: reports/YPO_Champions/workshop_champions.report
FullName/Id: YPO_Champions/workshop_champions/00O61000004Ena2EAC
Manageable State: unmanaged
Namespace Prefix: null
Created By (Name/Id): Stephanie Marchioni/00561000001ujIwAAI
Last Modified By (Name/Id): Stephanie Marchioni/00561000001ujIwAAI
************************************************************
************************************************************
FileName: reports/YPO_Champions/Champion_Workshop_Selection_Summary.report
FullName/Id: YPO_Champions/Champion_Workshop_Selection_Summary/00O61000001ZZayEAG
Manageable State: unmanaged
Namespace Prefix: null
Created By (Name/Id): Kelli Do/00561000001PrKOAA0
Last Modified By (Name/Id): Kelli Do/00561000001PrKOAA0
************************************************************
************************************************************
FileName: reports/YPO_Champions/Champion_Position_Totals_History.report
FullName/Id: YPO_Champions/Champion_Position_Totals_History/00O610000042YaGEAU
Manageable State: unmanaged
Namespace Prefix: null
Created By (Name/Id): Kelli Do/00561000001PrKOAA0
Last Modified By (Name/Id): Kelli Do/00561000001PrKOAA0
************************************************************
************************************************************
FileName: reports/YPO_Champions/positions_with_contact_positions1.report
FullName/Id: YPO_Champions/positions_with_contact_positions1/00O61000004EJYUEA4
Manageable State: unmanaged
Namespace Prefix: null
Created By (Name/Id): Stephanie Marchioni/00561000001ujIwAAI
Last Modified By (Name/Id): Stephanie Marchioni/00561000001ujIwAAI
************************************************************
************************************************************
FileName: reports/YPO_Champions/Elected_Officers.report
FullName/Id: YPO_Champions/Elected_Officers/00O6100000460SJEAY
Manageable State: unmanaged
Namespace Prefix: null
Created By (Name/Id): Rhiana Harris/00561000002DozEAAS
Last Modified By (Name/Id): Rhiana Harris/00561000002DozEAAS
************************************************************
************************************************************
FileName: reports/YPO_Champions/Chapter_Admins_with_Addresses.report
FullName/Id: YPO_Champions/Chapter_Admins_with_Addresses/00O610000042b4ZEAQ
Manageable State: unmanaged
Namespace Prefix: null
Created By (Name/Id): Kelli Do/00561000001PrKOAA0
Last Modified By (Name/Id): Kelli Do/00561000001PrKOAA0
************************************************************
************************************************************
FileName: reports/YPO_Champions/LA_Incoming_CC.report
FullName/Id: YPO_Champions/LA_Incoming_CC/00O61000003nJtSEAU
Manageable State: unmanaged
Namespace Prefix: null
Created By (Name/Id): Rosalinda Ponce de Leon/00561000002Dp2nAAC
Last Modified By (Name/Id): Rosalinda Ponce de Leon/00561000002Dp2nAAC
************************************************************
************************************************************
FileName: reports/YPO_Champions/Champions_by_Category_by_Year.report
FullName/Id: YPO_Champions/Champions_by_Category_by_Year/00O610000042YbOEAU
Manageable State: unmanaged
Namespace Prefix: null
Created By (Name/Id): Kelli Do/00561000001PrKOAA0
Last Modified By (Name/Id): Kelli Do/00561000001PrKOAA0
************************************************************
