************************************************************
FileName: dashboards/CompanyDashboards/AdoptionDashboard.dashboard
FullName/Id: CompanyDashboards/AdoptionDashboard/01Z61000000DfKREA0
Manageable State: unmanaged
Namespace Prefix: null
Created By (Name/Id): Todd Reed/00561000000IfUJAA0
Last Modified By (Name/Id): Lynn Phillips/00561000000JTJQAA4
************************************************************
************************************************************
FileName: dashboards/CompanyDashboards/New_Members_Dashboard.dashboard
FullName/Id: CompanyDashboards/New_Members_Dashboard/01Z61000000OGZ4EAO
Manageable State: unmanaged
Namespace Prefix: null
Created By (Name/Id): Lynn Phillips/00561000000JTJQAA4
Last Modified By (Name/Id): Lynn Phillips/00561000000JTJQAA4
************************************************************
************************************************************
FileName: dashboards/CompanyDashboards/CompanyPerformanceDashboard.dashboard
FullName/Id: CompanyDashboards/CompanyPerformanceDashboard/01Z61000000DfKZEA0
Manageable State: unmanaged
Namespace Prefix: null
Created By (Name/Id): Todd Reed/00561000000IfUJAA0
Last Modified By (Name/Id): Todd Reed/00561000000IfUJAA0
************************************************************
