************************************************************
FileName: reports/ca_collab_2_0__SfdcCommunitiesPulseDefaultActivity_20/ca_collab_2_0__Insights_E_Recent_Discussions_1_0.report
FullName/Id: ca_collab_2_0__SfdcCommunitiesPulseDefaultActivity_20/ca_collab_2_0__Insights_E_Recent_Discussions_1_0/00O61000003xCnzEAE
Manageable State: installed
Namespace Prefix: ca_collab_2_0
Created By (Name/Id): Jonathan Bernd/00561000000ImwtAAC
Last Modified By (Name/Id): Jonathan Bernd/00561000000ImwtAAC
************************************************************
************************************************************
FileName: reports/ca_collab_2_0__SfdcCommunitiesPulseDefaultActivity_20/ca_collab_2_0__Insights_E_New_Members_Posts_2_0.report
FullName/Id: ca_collab_2_0__SfdcCommunitiesPulseDefaultActivity_20/ca_collab_2_0__Insights_E_New_Members_Posts_2_0/00O61000003xCnyEAE
Manageable State: installed
Namespace Prefix: ca_collab_2_0
Created By (Name/Id): Jonathan Bernd/00561000000ImwtAAC
Last Modified By (Name/Id): Jonathan Bernd/00561000000ImwtAAC
************************************************************
************************************************************
FileName: reports/ca_collab_2_0__SfdcCommunitiesPulseDefaultActivity_20/ca_collab_2_0__Insights_E_New_Discussions_2_0.report
FullName/Id: ca_collab_2_0__SfdcCommunitiesPulseDefaultActivity_20/ca_collab_2_0__Insights_E_New_Discussions_2_0/00O61000003xCnwEAE
Manageable State: installed
Namespace Prefix: ca_collab_2_0
Created By (Name/Id): Jonathan Bernd/00561000000ImwtAAC
Last Modified By (Name/Id): Jonathan Bernd/00561000000ImwtAAC
************************************************************
************************************************************
FileName: reports/ca_collab_2_0__SfdcCommunitiesPulseDefaultActivity_20/ca_collab_2_0__Insights_E_New_Members_Comments_2_0.report
FullName/Id: ca_collab_2_0__SfdcCommunitiesPulseDefaultActivity_20/ca_collab_2_0__Insights_E_New_Members_Comments_2_0/00O61000003xCnxEAE
Manageable State: installed
Namespace Prefix: ca_collab_2_0
Created By (Name/Id): Jonathan Bernd/00561000000ImwtAAC
Last Modified By (Name/Id): Jonathan Bernd/00561000000ImwtAAC
************************************************************
