************************************************************
FileName: reports/YPO_MarCom/Officers_Registered_for_an_Event1.report
FullName/Id: YPO_MarCom/Officers_Registered_for_an_Event1/00O6100000461x3EAA
Manageable State: unmanaged
Namespace Prefix: null
Created By (Name/Id): Rhiana Harris/00561000002DozEAAS
Last Modified By (Name/Id): Rhiana Harris/00561000002DozEAAS
************************************************************
************************************************************
FileName: reports/YPO_MarCom/Regions_and_Chapters_Events.report
FullName/Id: YPO_MarCom/Regions_and_Chapters_Events/00O610000042fwsEAA
Manageable State: unmanaged
Namespace Prefix: null
Created By (Name/Id): Kelley Tway/00561000002Dp3xAAC
Last Modified By (Name/Id): Kelley Tway/00561000002Dp3xAAC
************************************************************
************************************************************
FileName: reports/YPO_MarCom/Danny_report_for_titles.report
FullName/Id: YPO_MarCom/Danny_report_for_titles/00O610000042XHXEA2
Manageable State: unmanaged
Namespace Prefix: null
Created By (Name/Id): Janet Thompson/00561000002Dp3rAAC
Last Modified By (Name/Id): Janet Thompson/00561000002Dp3rAAC
************************************************************
************************************************************
FileName: reports/YPO_MarCom/Region_Africa_members.report
FullName/Id: YPO_MarCom/Region_Africa_members/00O61000004EJf1EAG
Manageable State: unmanaged
Namespace Prefix: null
Created By (Name/Id): Rhiana Harris/00561000002DozEAAS
Last Modified By (Name/Id): Rhiana Harris/00561000002DozEAAS
************************************************************
************************************************************
FileName: reports/YPO_MarCom/Members_with_Communications_Preferences1.report
FullName/Id: YPO_MarCom/Members_with_Communications_Preferences1/00O61000003nbPOEAY
Manageable State: unmanaged
Namespace Prefix: null
Created By (Name/Id): Lauren Edwards/00561000002DoyoAAC
Last Modified By (Name/Id): Lauren Edwards/00561000002DoyoAAC
************************************************************
************************************************************
FileName: reports/YPO_MarCom/Event_Registrations_by_Region2.report
FullName/Id: YPO_MarCom/Event_Registrations_by_Region2/00O61000004EYrbEAG
Manageable State: unmanaged
Namespace Prefix: null
Created By (Name/Id): Rhiana Harris/00561000002DozEAAS
Last Modified By (Name/Id): Rhiana Harris/00561000002DozEAAS
************************************************************
************************************************************
FileName: reports/YPO_MarCom/Active_Management_Team_Members.report
FullName/Id: YPO_MarCom/Active_Management_Team_Members/00O610000042yqAEAQ
Manageable State: unmanaged
Namespace Prefix: null
Created By (Name/Id): Kelli Do/00561000001PrKOAA0
Last Modified By (Name/Id): Kelli Do/00561000001PrKOAA0
************************************************************
************************************************************
FileName: reports/YPO_MarCom/NMV_Events_Marketing.report
FullName/Id: YPO_MarCom/NMV_Events_Marketing/00O61000004EPgeEAG
Manageable State: unmanaged
Namespace Prefix: null
Created By (Name/Id): Kelley Tway/00561000002Dp3xAAC
Last Modified By (Name/Id): Kelley Tway/00561000002Dp3xAAC
************************************************************
************************************************************
FileName: reports/YPO_MarCom/Members_29_and_Under.report
FullName/Id: YPO_MarCom/Members_29_and_Under/00O61000004EcLGEA0
Manageable State: unmanaged
Namespace Prefix: null
Created By (Name/Id): Lauren Edwards/00561000002DoyoAAC
Last Modified By (Name/Id): Lauren Edwards/00561000002DoyoAAC
************************************************************
************************************************************
FileName: reports/YPO_MarCom/Forum_Fundamental_Vouchers_used_FY17.report
FullName/Id: YPO_MarCom/Forum_Fundamental_Vouchers_used_FY17/00O6100000461JwEAI
Manageable State: unmanaged
Namespace Prefix: null
Created By (Name/Id): Katherine Aird/00561000002DoxnAAC
Last Modified By (Name/Id): Katherine Aird/00561000002DoxnAAC
************************************************************
************************************************************
FileName: reports/YPO_MarCom/Members_by_Region7.report
FullName/Id: YPO_MarCom/Members_by_Region7/00O610000046P6VEAU
Manageable State: unmanaged
Namespace Prefix: null
Created By (Name/Id): Rhiana Harris/00561000002DozEAAS
Last Modified By (Name/Id): Rhiana Harris/00561000002DozEAAS
************************************************************
************************************************************
FileName: reports/YPO_MarCom/Forum_Moderator_Training_FY17.report
FullName/Id: YPO_MarCom/Forum_Moderator_Training_FY17/00O6100000461KGEAY
Manageable State: unmanaged
Namespace Prefix: null
Created By (Name/Id): Katherine Aird/00561000002DoxnAAC
Last Modified By (Name/Id): Katherine Aird/00561000002DoxnAAC
************************************************************
************************************************************
FileName: reports/YPO_MarCom/S_Ps_with_Active_Email_Addresses.report
FullName/Id: YPO_MarCom/S_Ps_with_Active_Email_Addresses/00O6100000461M7EAI
Manageable State: unmanaged
Namespace Prefix: null
Created By (Name/Id): Lauren Edwards/00561000002DoyoAAC
Last Modified By (Name/Id): Lauren Edwards/00561000002DoyoAAC
************************************************************
************************************************************
FileName: reports/YPO_MarCom/Network_Membership_Events.report
FullName/Id: YPO_MarCom/Network_Membership_Events/00O610000042fwxEAA
Manageable State: unmanaged
Namespace Prefix: null
Created By (Name/Id): Kelley Tway/00561000002Dp3xAAC
Last Modified By (Name/Id): Kelley Tway/00561000002Dp3xAAC
************************************************************
************************************************************
FileName: reports/YPO_MarCom/FY19_Renewals_Highly_Engaged.report
FullName/Id: YPO_MarCom/FY19_Renewals_Highly_Engaged/00O6100000431tDEAQ
Manageable State: unmanaged
Namespace Prefix: null
Created By (Name/Id): Kelli Do/00561000001PrKOAA0
Last Modified By (Name/Id): Kelli Do/00561000001PrKOAA0
************************************************************
************************************************************
FileName: reports/YPO_MarCom/copenhagen_event_test.report
FullName/Id: YPO_MarCom/copenhagen_event_test/00O610000043A82EAE
Manageable State: unmanaged
Namespace Prefix: null
Created By (Name/Id): Elizabeth Ray/00561000002Dp2vAAC
Last Modified By (Name/Id): Elizabeth Ray/00561000002Dp2vAAC
************************************************************
************************************************************
FileName: reports/YPO_MarCom/FY17_18_GLC_and_CLW_Workshop_Champions.report
FullName/Id: YPO_MarCom/FY17_18_GLC_and_CLW_Workshop_Champions/00O610000042YfpEAE
Manageable State: unmanaged
Namespace Prefix: null
Created By (Name/Id): La Trease Shaw/00561000002ENixAAG
Last Modified By (Name/Id): La Trease Shaw/00561000002ENixAAG
************************************************************
************************************************************
FileName: reports/YPO_MarCom/CLW_and_GLC_Workshop_Champs.report
FullName/Id: YPO_MarCom/CLW_and_GLC_Workshop_Champs/00O610000042YfBEAU
Manageable State: unmanaged
Namespace Prefix: null
Created By (Name/Id): Kelli Do/00561000001PrKOAA0
Last Modified By (Name/Id): Kelli Do/00561000001PrKOAA0
************************************************************
************************************************************
FileName: reports/YPO_MarCom/Contacts_with_FY19_Opps.report
FullName/Id: YPO_MarCom/Contacts_with_FY19_Opps/00O610000043137EAA
Manageable State: unmanaged
Namespace Prefix: null
Created By (Name/Id): Kelli Do/00561000001PrKOAA0
Last Modified By (Name/Id): Kelli Do/00561000001PrKOAA0
************************************************************
************************************************************
FileName: reports/YPO_MarCom/Members_Spouses_Children_Events.report
FullName/Id: YPO_MarCom/Members_Spouses_Children_Events/00O610000042fibEAA
Manageable State: unmanaged
Namespace Prefix: null
Created By (Name/Id): Kelley Tway/00561000002Dp3xAAC
Last Modified By (Name/Id): Kelley Tway/00561000002Dp3xAAC
************************************************************
************************************************************
FileName: reports/YPO_MarCom/EDGE_Prior_Attendees_2014_17.report
FullName/Id: YPO_MarCom/EDGE_Prior_Attendees_2014_17/00O610000046F29EAE
Manageable State: unmanaged
Namespace Prefix: null
Created By (Name/Id): Lauren Edwards/00561000002DoyoAAC
Last Modified By (Name/Id): Kelli Do/00561000001PrKOAA0
************************************************************
************************************************************
FileName: reports/YPO_MarCom/EDGE_prior_attendees.report
FullName/Id: YPO_MarCom/EDGE_prior_attendees/00O610000042QZdEAM
Manageable State: unmanaged
Namespace Prefix: null
Created By (Name/Id): Janet Thompson/00561000002Dp3rAAC
Last Modified By (Name/Id): Janet Thompson/00561000002Dp3rAAC
************************************************************
************************************************************
FileName: reports/YPO_MarCom/Marcom_Copy.report
FullName/Id: YPO_MarCom/Marcom_Copy/00O61000004ESwkEAG
Manageable State: unmanaged
Namespace Prefix: null
Created By (Name/Id): Elizabeth Ray/00561000002Dp2vAAC
Last Modified By (Name/Id): Elizabeth Ray/00561000002Dp2vAAC
************************************************************
************************************************************
FileName: reports/YPO_MarCom/Officers_Eligible_for_the_GLC_CLWs2.report
FullName/Id: YPO_MarCom/Officers_Eligible_for_the_GLC_CLWs2/00O610000046Wt6EAE
Manageable State: unmanaged
Namespace Prefix: null
Created By (Name/Id): Rhiana Harris/00561000002DozEAAS
Last Modified By (Name/Id): Rhiana Harris/00561000002DozEAAS
************************************************************
************************************************************
FileName: reports/YPO_MarCom/Copenhagen_2.report
FullName/Id: YPO_MarCom/Copenhagen_2/00O610000043A8gEAE
Manageable State: unmanaged
Namespace Prefix: null
Created By (Name/Id): Elizabeth Ray/00561000002Dp2vAAC
Last Modified By (Name/Id): Elizabeth Ray/00561000002Dp2vAAC
************************************************************
************************************************************
FileName: reports/YPO_MarCom/Event_Registrations_by_Event_Name2.report
FullName/Id: YPO_MarCom/Event_Registrations_by_Event_Name2/00O61000004EWvlEAG
Manageable State: unmanaged
Namespace Prefix: null
Created By (Name/Id): Rhiana Harris/00561000002DozEAAS
Last Modified By (Name/Id): Rhiana Harris/00561000002DozEAAS
************************************************************
************************************************************
FileName: reports/YPO_MarCom/Officers_Eligible_for_the_GLC.report
FullName/Id: YPO_MarCom/Officers_Eligible_for_the_GLC/00O610000046YHJEA2
Manageable State: unmanaged
Namespace Prefix: null
Created By (Name/Id): Rhiana Harris/00561000002DozEAAS
Last Modified By (Name/Id): Rhiana Harris/00561000002DozEAAS
************************************************************
************************************************************
FileName: reports/YPO_MarCom/Event_Registrations_by_Program_Format1.report
FullName/Id: YPO_MarCom/Event_Registrations_by_Program_Format1/00O61000004EXlwEAG
Manageable State: unmanaged
Namespace Prefix: null
Created By (Name/Id): Rhiana Harris/00561000002DozEAAS
Last Modified By (Name/Id): Kelli Do/00561000001PrKOAA0
************************************************************
************************************************************
FileName: reports/YPO_MarCom/Members_with_Communications_Preferences.report
FullName/Id: YPO_MarCom/Members_with_Communications_Preferences/00O61000003nZMmEAM
Manageable State: unmanaged
Namespace Prefix: null
Created By (Name/Id): Kelli Do/00561000001PrKOAA0
Last Modified By (Name/Id): Kelli Do/00561000001PrKOAA0
************************************************************
************************************************************
FileName: reports/YPO_MarCom/Spouses_Partners_in_Forum.report
FullName/Id: YPO_MarCom/Spouses_Partners_in_Forum/00O610000046F2TEAU
Manageable State: unmanaged
Namespace Prefix: null
Created By (Name/Id): Lauren Edwards/00561000002DoyoAAC
Last Modified By (Name/Id): Lauren Edwards/00561000002DoyoAAC
************************************************************
************************************************************
FileName: reports/YPO_MarCom/Management_Team_List.report
FullName/Id: YPO_MarCom/Management_Team_List/00O610000046Ph2EAE
Manageable State: unmanaged
Namespace Prefix: null
Created By (Name/Id): La Trease Shaw/00561000002ENixAAG
Last Modified By (Name/Id): La Trease Shaw/00561000002ENixAAG
************************************************************
************************************************************
FileName: reports/YPO_MarCom/FY1819_Regional_Officers.report
FullName/Id: YPO_MarCom/FY1819_Regional_Officers/00O610000042YbTEAU
Manageable State: unmanaged
Namespace Prefix: null
Created By (Name/Id): Rhiana Harris/00561000002DozEAAS
Last Modified By (Name/Id): Rhiana Harris/00561000002DozEAAS
************************************************************
