************************************************************
FileName: reports/Sales_Marketing_Dashboard_Reports/Marketing_Exec_Leads_Converted.report
FullName/Id: Sales_Marketing_Dashboard_Reports/Marketing_Exec_Leads_Converted/00O610000011MhdEAE
Manageable State: unmanaged
Namespace Prefix: null
Created By (Name/Id): Todd Reed/00561000000IfUJAA0
Last Modified By (Name/Id): Todd Reed/00561000000IfUJAA0
************************************************************
************************************************************
FileName: reports/Sales_Marketing_Dashboard_Reports/CampaignROIbyCampaignType.report
FullName/Id: Sales_Marketing_Dashboard_Reports/CampaignROIbyCampaignType/00O610000011MhREAU
Manageable State: unmanaged
Namespace Prefix: null
Created By (Name/Id): Todd Reed/00561000000IfUJAA0
Last Modified By (Name/Id): Todd Reed/00561000000IfUJAA0
************************************************************
************************************************************
FileName: reports/Sales_Marketing_Dashboard_Reports/Marketing_Exec_Converted_and_Won_Amount.report
FullName/Id: Sales_Marketing_Dashboard_Reports/Marketing_Exec_Converted_and_Won_Amount/00O610000011MhaEAE
Manageable State: unmanaged
Namespace Prefix: null
Created By (Name/Id): Todd Reed/00561000000IfUJAA0
Last Modified By (Name/Id): Todd Reed/00561000000IfUJAA0
************************************************************
************************************************************
FileName: reports/Sales_Marketing_Dashboard_Reports/Sales_Manager_Pipeline_Next_90_days.report
FullName/Id: Sales_Marketing_Dashboard_Reports/Sales_Manager_Pipeline_Next_90_days/00O610000011MhsEAE
Manageable State: unmanaged
Namespace Prefix: null
Created By (Name/Id): Todd Reed/00561000000IfUJAA0
Last Modified By (Name/Id): Todd Reed/00561000000IfUJAA0
************************************************************
************************************************************
FileName: reports/Sales_Marketing_Dashboard_Reports/Sales_Exec.report
FullName/Id: Sales_Marketing_Dashboard_Reports/Sales_Exec/00O610000011MhiEAE
Manageable State: unmanaged
Namespace Prefix: null
Created By (Name/Id): Todd Reed/00561000000IfUJAA0
Last Modified By (Name/Id): Todd Reed/00561000000IfUJAA0
************************************************************
************************************************************
FileName: reports/Sales_Marketing_Dashboard_Reports/Sales_Exec_Bookings_Trend.report
FullName/Id: Sales_Marketing_Dashboard_Reports/Sales_Exec_Bookings_Trend/00O610000011MhjEAE
Manageable State: unmanaged
Namespace Prefix: null
Created By (Name/Id): Todd Reed/00561000000IfUJAA0
Last Modified By (Name/Id): Todd Reed/00561000000IfUJAA0
************************************************************
************************************************************
FileName: reports/Sales_Marketing_Dashboard_Reports/Marketing_Exec_Lead_Trends_by_Status.report
FullName/Id: Sales_Marketing_Dashboard_Reports/Marketing_Exec_Lead_Trends_by_Status/00O610000011MhcEAE
Manageable State: unmanaged
Namespace Prefix: null
Created By (Name/Id): Todd Reed/00561000000IfUJAA0
Last Modified By (Name/Id): Todd Reed/00561000000IfUJAA0
************************************************************
************************************************************
FileName: reports/Sales_Marketing_Dashboard_Reports/Sales_Exec_Open_Deals.report
FullName/Id: Sales_Marketing_Dashboard_Reports/Sales_Exec_Open_Deals/00O610000011MhmEAE
Manageable State: unmanaged
Namespace Prefix: null
Created By (Name/Id): Todd Reed/00561000000IfUJAA0
Last Modified By (Name/Id): Todd Reed/00561000000IfUJAA0
************************************************************
************************************************************
FileName: reports/Sales_Marketing_Dashboard_Reports/OpportunityProductPipeline.report
FullName/Id: Sales_Marketing_Dashboard_Reports/OpportunityProductPipeline/00O610000011MhgEAE
Manageable State: unmanaged
Namespace Prefix: null
Created By (Name/Id): Todd Reed/00561000000IfUJAA0
Last Modified By (Name/Id): Todd Reed/00561000000IfUJAA0
************************************************************
************************************************************
FileName: reports/Sales_Marketing_Dashboard_Reports/Sales_Exec_Lost_Deals.report
FullName/Id: Sales_Marketing_Dashboard_Reports/Sales_Exec_Lost_Deals/00O610000011MhlEAE
Manageable State: unmanaged
Namespace Prefix: null
Created By (Name/Id): Todd Reed/00561000000IfUJAA0
Last Modified By (Name/Id): Todd Reed/00561000000IfUJAA0
************************************************************
************************************************************
FileName: reports/Sales_Marketing_Dashboard_Reports/CampaignsbyROI.report
FullName/Id: Sales_Marketing_Dashboard_Reports/CampaignsbyROI/00O610000011MhSEAU
Manageable State: unmanaged
Namespace Prefix: null
Created By (Name/Id): Todd Reed/00561000000IfUJAA0
Last Modified By (Name/Id): Todd Reed/00561000000IfUJAA0
************************************************************
************************************************************
FileName: reports/Sales_Marketing_Dashboard_Reports/Marketing_Exec_of_Leads.report
FullName/Id: Sales_Marketing_Dashboard_Reports/Marketing_Exec_of_Leads/00O610000011MhfEAE
Manageable State: unmanaged
Namespace Prefix: null
Created By (Name/Id): Todd Reed/00561000000IfUJAA0
Last Modified By (Name/Id): Todd Reed/00561000000IfUJAA0
************************************************************
************************************************************
FileName: reports/Sales_Marketing_Dashboard_Reports/LeadsbySource.report
FullName/Id: Sales_Marketing_Dashboard_Reports/LeadsbySource/00O610000011MhWEAU
Manageable State: unmanaged
Namespace Prefix: null
Created By (Name/Id): Todd Reed/00561000000IfUJAA0
Last Modified By (Name/Id): Todd Reed/00561000000IfUJAA0
************************************************************
************************************************************
FileName: reports/Sales_Marketing_Dashboard_Reports/Closed_opportunity.report
FullName/Id: Sales_Marketing_Dashboard_Reports/Closed_opportunity/00O610000011MhUEAU
Manageable State: unmanaged
Namespace Prefix: null
Created By (Name/Id): Todd Reed/00561000000IfUJAA0
Last Modified By (Name/Id): Todd Reed/00561000000IfUJAA0
************************************************************
************************************************************
FileName: reports/Sales_Marketing_Dashboard_Reports/Sales_Manager_Open_Pipeline.report
FullName/Id: Sales_Marketing_Dashboard_Reports/Sales_Manager_Open_Pipeline/00O610000011MhrEAE
Manageable State: unmanaged
Namespace Prefix: null
Created By (Name/Id): Todd Reed/00561000000IfUJAA0
Last Modified By (Name/Id): Todd Reed/00561000000IfUJAA0
************************************************************
************************************************************
FileName: reports/Sales_Marketing_Dashboard_Reports/Marketing_Exec_Conversion_Rate.report
FullName/Id: Sales_Marketing_Dashboard_Reports/Marketing_Exec_Conversion_Rate/00O610000011MhYEAU
Manageable State: unmanaged
Namespace Prefix: null
Created By (Name/Id): Todd Reed/00561000000IfUJAA0
Last Modified By (Name/Id): Todd Reed/00561000000IfUJAA0
************************************************************
************************************************************
FileName: reports/Sales_Marketing_Dashboard_Reports/Sales_Exec_Open_Pipeline.report
FullName/Id: Sales_Marketing_Dashboard_Reports/Sales_Exec_Open_Pipeline/00O610000011MhnEAE
Manageable State: unmanaged
Namespace Prefix: null
Created By (Name/Id): Todd Reed/00561000000IfUJAA0
Last Modified By (Name/Id): Todd Reed/00561000000IfUJAA0
************************************************************
************************************************************
FileName: reports/Sales_Marketing_Dashboard_Reports/Closed_Deals_leader_board.report
FullName/Id: Sales_Marketing_Dashboard_Reports/Closed_Deals_leader_board/00O610000011MhTEAU
Manageable State: unmanaged
Namespace Prefix: null
Created By (Name/Id): Todd Reed/00561000000IfUJAA0
Last Modified By (Name/Id): Todd Reed/00561000000IfUJAA0
************************************************************
************************************************************
FileName: reports/Sales_Marketing_Dashboard_Reports/Sales_Exec_Open_Pipeline_next_90_days.report
FullName/Id: Sales_Marketing_Dashboard_Reports/Sales_Exec_Open_Pipeline_next_90_days/00O610000011MhoEAE
Manageable State: unmanaged
Namespace Prefix: null
Created By (Name/Id): Todd Reed/00561000000IfUJAA0
Last Modified By (Name/Id): Todd Reed/00561000000IfUJAA0
************************************************************
************************************************************
FileName: reports/Sales_Marketing_Dashboard_Reports/Sales_Person_Activity.report
FullName/Id: Sales_Marketing_Dashboard_Reports/Sales_Person_Activity/00O610000011MhuEAE
Manageable State: unmanaged
Namespace Prefix: null
Created By (Name/Id): Todd Reed/00561000000IfUJAA0
Last Modified By (Name/Id): Todd Reed/00561000000IfUJAA0
************************************************************
************************************************************
FileName: reports/Sales_Marketing_Dashboard_Reports/Marketing_Exec_Converted_by_Month.report
FullName/Id: Sales_Marketing_Dashboard_Reports/Marketing_Exec_Converted_by_Month/00O610000011MhbEAE
Manageable State: unmanaged
Namespace Prefix: null
Created By (Name/Id): Todd Reed/00561000000IfUJAA0
Last Modified By (Name/Id): Todd Reed/00561000000IfUJAA0
************************************************************
************************************************************
FileName: reports/Sales_Marketing_Dashboard_Reports/Marketing_Exec_Converted_Amount.report
FullName/Id: Sales_Marketing_Dashboard_Reports/Marketing_Exec_Converted_Amount/00O610000011MhZEAU
Manageable State: unmanaged
Namespace Prefix: null
Created By (Name/Id): Todd Reed/00561000000IfUJAA0
Last Modified By (Name/Id): Todd Reed/00561000000IfUJAA0
************************************************************
************************************************************
FileName: reports/Sales_Marketing_Dashboard_Reports/Sales_Manager_Closed_Deals.report
FullName/Id: Sales_Marketing_Dashboard_Reports/Sales_Manager_Closed_Deals/00O61000001FlmwEAC
Manageable State: unmanaged
Namespace Prefix: null
Created By (Name/Id): Todd Reed/00561000000IfUJAA0
Last Modified By (Name/Id): Todd Reed/00561000000IfUJAA0
************************************************************
************************************************************
FileName: reports/Sales_Marketing_Dashboard_Reports/Leads_by_Industry.report
FullName/Id: Sales_Marketing_Dashboard_Reports/Leads_by_Industry/00O610000011MhVEAU
Manageable State: unmanaged
Namespace Prefix: null
Created By (Name/Id): Todd Reed/00561000000IfUJAA0
Last Modified By (Name/Id): Todd Reed/00561000000IfUJAA0
************************************************************
************************************************************
FileName: reports/Sales_Marketing_Dashboard_Reports/SP_Current_Month_Open_Pipeline.report
FullName/Id: Sales_Marketing_Dashboard_Reports/SP_Current_Month_Open_Pipeline/00O610000011MhhEAE
Manageable State: unmanaged
Namespace Prefix: null
Created By (Name/Id): Todd Reed/00561000000IfUJAA0
Last Modified By (Name/Id): Todd Reed/00561000000IfUJAA0
************************************************************
************************************************************
FileName: reports/Sales_Marketing_Dashboard_Reports/Sales_Person_Activities_Completed.report
FullName/Id: Sales_Marketing_Dashboard_Reports/Sales_Person_Activities_Completed/00O610000011MhtEAE
Manageable State: unmanaged
Namespace Prefix: null
Created By (Name/Id): Todd Reed/00561000000IfUJAA0
Last Modified By (Name/Id): Todd Reed/00561000000IfUJAA0
************************************************************
************************************************************
FileName: reports/Sales_Marketing_Dashboard_Reports/Sales_Person_MTD_Sales.report
FullName/Id: Sales_Marketing_Dashboard_Reports/Sales_Person_MTD_Sales/00O610000011MhvEAE
Manageable State: unmanaged
Namespace Prefix: null
Created By (Name/Id): Todd Reed/00561000000IfUJAA0
Last Modified By (Name/Id): Todd Reed/00561000000IfUJAA0
************************************************************
************************************************************
FileName: reports/Sales_Marketing_Dashboard_Reports/Activities_by_Salesperson.report
FullName/Id: Sales_Marketing_Dashboard_Reports/Activities_by_Salesperson/00O610000011MhQEAU
Manageable State: unmanaged
Namespace Prefix: null
Created By (Name/Id): Todd Reed/00561000000IfUJAA0
Last Modified By (Name/Id): Todd Reed/00561000000IfUJAA0
************************************************************
************************************************************
FileName: reports/Sales_Marketing_Dashboard_Reports/Sales_Exec_Top_Closed_Deals.report
FullName/Id: Sales_Marketing_Dashboard_Reports/Sales_Exec_Top_Closed_Deals/00O610000011MhpEAE
Manageable State: unmanaged
Namespace Prefix: null
Created By (Name/Id): Todd Reed/00561000000IfUJAA0
Last Modified By (Name/Id): Todd Reed/00561000000IfUJAA0
************************************************************
************************************************************
FileName: reports/Sales_Marketing_Dashboard_Reports/Sales_Exec_Closed_Deals_QTD.report
FullName/Id: Sales_Marketing_Dashboard_Reports/Sales_Exec_Closed_Deals_QTD/00O610000011MhkEAE
Manageable State: unmanaged
Namespace Prefix: null
Created By (Name/Id): Todd Reed/00561000000IfUJAA0
Last Modified By (Name/Id): Todd Reed/00561000000IfUJAA0
************************************************************
************************************************************
FileName: reports/Sales_Marketing_Dashboard_Reports/Sales_Person_Open_Pipeline_by_stage.report
FullName/Id: Sales_Marketing_Dashboard_Reports/Sales_Person_Open_Pipeline_by_stage/00O610000011MhwEAE
Manageable State: unmanaged
Namespace Prefix: null
Created By (Name/Id): Todd Reed/00561000000IfUJAA0
Last Modified By (Name/Id): Todd Reed/00561000000IfUJAA0
************************************************************
************************************************************
FileName: reports/Sales_Marketing_Dashboard_Reports/Marketing_Exec_Leads_by_Campaigns.report
FullName/Id: Sales_Marketing_Dashboard_Reports/Marketing_Exec_Leads_by_Campaigns/00O610000011MheEAE
Manageable State: unmanaged
Namespace Prefix: null
Created By (Name/Id): Todd Reed/00561000000IfUJAA0
Last Modified By (Name/Id): Todd Reed/00561000000IfUJAA0
************************************************************
************************************************************
FileName: reports/Sales_Marketing_Dashboard_Reports/Marketing_Exec_Amount_per_Camp.report
FullName/Id: Sales_Marketing_Dashboard_Reports/Marketing_Exec_Amount_per_Camp/00O610000011MhXEAU
Manageable State: unmanaged
Namespace Prefix: null
Created By (Name/Id): Todd Reed/00561000000IfUJAA0
Last Modified By (Name/Id): Todd Reed/00561000000IfUJAA0
************************************************************
************************************************************
FileName: reports/Sales_Marketing_Dashboard_Reports/Sales_Manager_Open_Opportunities.report
FullName/Id: Sales_Marketing_Dashboard_Reports/Sales_Manager_Open_Opportunities/00O610000011MhqEAE
Manageable State: unmanaged
Namespace Prefix: null
Created By (Name/Id): Todd Reed/00561000000IfUJAA0
Last Modified By (Name/Id): Todd Reed/00561000000IfUJAA0
************************************************************
