************************************************************
FileName: reports/ffxp__FinancialForce_Intercompany_Reports/ffxp__Intercompany_Journals_Report.report
FullName/Id: ffxp__FinancialForce_Intercompany_Reports/ffxp__Intercompany_Journals_Report/00O610000042zk6EAA
Manageable State: installed
Namespace Prefix: ffxp
Created By (Name/Id): TEMPORARY FF Onboarding Login/00561000002zrVwAAI
Last Modified By (Name/Id): TEMPORARY FF Onboarding Login/00561000002zrVwAAI
************************************************************
************************************************************
FileName: reports/ffxp__FinancialForce_Intercompany_Reports/ffxp__Intercompany_Payables_Report.report
FullName/Id: ffxp__FinancialForce_Intercompany_Reports/ffxp__Intercompany_Payables_Report/00O610000042zk7EAA
Manageable State: installed
Namespace Prefix: ffxp
Created By (Name/Id): TEMPORARY FF Onboarding Login/00561000002zrVwAAI
Last Modified By (Name/Id): TEMPORARY FF Onboarding Login/00561000002zrVwAAI
************************************************************
************************************************************
FileName: reports/ffxp__FinancialForce_Intercompany_Reports/ffxp__Intercompany_Sales_Report.report
FullName/Id: ffxp__FinancialForce_Intercompany_Reports/ffxp__Intercompany_Sales_Report/00O610000042zk9EAA
Manageable State: installed
Namespace Prefix: ffxp
Created By (Name/Id): TEMPORARY FF Onboarding Login/00561000002zrVwAAI
Last Modified By (Name/Id): TEMPORARY FF Onboarding Login/00561000002zrVwAAI
************************************************************
************************************************************
FileName: reports/ffxp__FinancialForce_Intercompany_Reports/ffxp__Intercompany_Transfers_Report.report
FullName/Id: ffxp__FinancialForce_Intercompany_Reports/ffxp__Intercompany_Transfers_Report/00O610000042zkAEAQ
Manageable State: installed
Namespace Prefix: ffxp
Created By (Name/Id): TEMPORARY FF Onboarding Login/00561000002zrVwAAI
Last Modified By (Name/Id): TEMPORARY FF Onboarding Login/00561000002zrVwAAI
************************************************************
************************************************************
FileName: reports/ffxp__FinancialForce_Intercompany_Reports/ffxp__Intercompany_Reconciliation_Report.report
FullName/Id: ffxp__FinancialForce_Intercompany_Reports/ffxp__Intercompany_Reconciliation_Report/00O610000042zk8EAA
Manageable State: installed
Namespace Prefix: ffxp
Created By (Name/Id): TEMPORARY FF Onboarding Login/00561000002zrVwAAI
Last Modified By (Name/Id): TEMPORARY FF Onboarding Login/00561000002zrVwAAI
************************************************************
************************************************************
FileName: reports/ffxp__FinancialForce_Intercompany_Reports/ffxp__Intercompany_Account_Adjustments_Report.report
FullName/Id: ffxp__FinancialForce_Intercompany_Reports/ffxp__Intercompany_Account_Adjustments_Report/00O610000042zk4EAA
Manageable State: installed
Namespace Prefix: ffxp
Created By (Name/Id): TEMPORARY FF Onboarding Login/00561000002zrVwAAI
Last Modified By (Name/Id): TEMPORARY FF Onboarding Login/00561000002zrVwAAI
************************************************************
************************************************************
FileName: reports/ffxp__FinancialForce_Intercompany_Reports/ffxp__Intercompany_Cash_Report.report
FullName/Id: ffxp__FinancialForce_Intercompany_Reports/ffxp__Intercompany_Cash_Report/00O610000042zk5EAA
Manageable State: installed
Namespace Prefix: ffxp
Created By (Name/Id): TEMPORARY FF Onboarding Login/00561000002zrVwAAI
Last Modified By (Name/Id): TEMPORARY FF Onboarding Login/00561000002zrVwAAI
************************************************************
