************************************************************
FileName: reports/NVMContactWorld__NVM_Call_Data/NVMContactWorld__Total_Call_Duration_User.report
FullName/Id: NVMContactWorld__NVM_Call_Data/NVMContactWorld__Total_Call_Duration_User/00O61000004E21uEAC
Manageable State: installed
Namespace Prefix: NVMContactWorld
Created By (Name/Id): Kelli Do/00561000001PrKOAA0
Last Modified By (Name/Id): Kelli Do/00561000001PrKOAA0
************************************************************
************************************************************
FileName: reports/NVMContactWorld__NVM_Call_Data/NVMContactWorld__Calls_by_Day.report
FullName/Id: NVMContactWorld__NVM_Call_Data/NVMContactWorld__Calls_by_Day/00O61000004E21oEAC
Manageable State: installed
Namespace Prefix: NVMContactWorld
Created By (Name/Id): Kelli Do/00561000001PrKOAA0
Last Modified By (Name/Id): Kelli Do/00561000001PrKOAA0
************************************************************
************************************************************
FileName: reports/NVMContactWorld__NVM_Call_Data/NVMContactWorld__Average_Call_Duartion_User.report
FullName/Id: NVMContactWorld__NVM_Call_Data/NVMContactWorld__Average_Call_Duartion_User/00O61000004E21iEAC
Manageable State: installed
Namespace Prefix: NVMContactWorld
Created By (Name/Id): Kelli Do/00561000001PrKOAA0
Last Modified By (Name/Id): Kelli Do/00561000001PrKOAA0
************************************************************
************************************************************
FileName: reports/NVMContactWorld__NVM_Call_Data/NVMContactWorld__Calls_made_today.report
FullName/Id: NVMContactWorld__NVM_Call_Data/NVMContactWorld__Calls_made_today/00O61000004E21rEAC
Manageable State: installed
Namespace Prefix: NVMContactWorld
Created By (Name/Id): Kelli Do/00561000001PrKOAA0
Last Modified By (Name/Id): Kelli Do/00561000001PrKOAA0
************************************************************
************************************************************
FileName: reports/NVMContactWorld__NVM_Call_Data/NVMContactWorld__Calls_to_Leads.report
FullName/Id: NVMContactWorld__NVM_Call_Data/NVMContactWorld__Calls_to_Leads/00O61000004E21sEAC
Manageable State: installed
Namespace Prefix: NVMContactWorld
Created By (Name/Id): Kelli Do/00561000001PrKOAA0
Last Modified By (Name/Id): Kelli Do/00561000001PrKOAA0
************************************************************
************************************************************
FileName: reports/NVMContactWorld__NVM_Call_Data/NVMContactWorld__Calls_by_ACD.report
FullName/Id: NVMContactWorld__NVM_Call_Data/NVMContactWorld__Calls_by_ACD/00O61000004E21nEAC
Manageable State: installed
Namespace Prefix: NVMContactWorld
Created By (Name/Id): Kelli Do/00561000001PrKOAA0
Last Modified By (Name/Id): Kelli Do/00561000001PrKOAA0
************************************************************
************************************************************
FileName: reports/NVMContactWorld__NVM_Call_Data/NVMContactWorld__Average_Call_Duration_ACD.report
FullName/Id: NVMContactWorld__NVM_Call_Data/NVMContactWorld__Average_Call_Duration_ACD/00O61000004E21jEAC
Manageable State: installed
Namespace Prefix: NVMContactWorld
Created By (Name/Id): Kelli Do/00561000001PrKOAA0
Last Modified By (Name/Id): Kelli Do/00561000001PrKOAA0
************************************************************
************************************************************
FileName: reports/NVMContactWorld__NVM_Call_Data/NVMContactWorld__Call_Duration_Bucketed.report
FullName/Id: NVMContactWorld__NVM_Call_Data/NVMContactWorld__Call_Duration_Bucketed/00O61000004E21kEAC
Manageable State: installed
Namespace Prefix: NVMContactWorld
Created By (Name/Id): Kelli Do/00561000001PrKOAA0
Last Modified By (Name/Id): Kelli Do/00561000001PrKOAA0
************************************************************
************************************************************
FileName: reports/NVMContactWorld__NVM_Call_Data/NVMContactWorld__Top_Numbers_Called.report
FullName/Id: NVMContactWorld__NVM_Call_Data/NVMContactWorld__Top_Numbers_Called/00O61000004E21tEAC
Manageable State: installed
Namespace Prefix: NVMContactWorld
Created By (Name/Id): Kelli Do/00561000001PrKOAA0
Last Modified By (Name/Id): Kelli Do/00561000001PrKOAA0
************************************************************
************************************************************
FileName: reports/NVMContactWorld__NVM_Call_Data/NVMContactWorld__Calls_by_Month.report
FullName/Id: NVMContactWorld__NVM_Call_Data/NVMContactWorld__Calls_by_Month/00O61000004E21pEAC
Manageable State: installed
Namespace Prefix: NVMContactWorld
Created By (Name/Id): Kelli Do/00561000001PrKOAA0
Last Modified By (Name/Id): Kelli Do/00561000001PrKOAA0
************************************************************
************************************************************
FileName: reports/NVMContactWorld__NVM_Call_Data/NVMContactWorld__Calls_Per_Account.report
FullName/Id: NVMContactWorld__NVM_Call_Data/NVMContactWorld__Calls_Per_Account/00O61000004E21mEAC
Manageable State: installed
Namespace Prefix: NVMContactWorld
Created By (Name/Id): Kelli Do/00561000001PrKOAA0
Last Modified By (Name/Id): Kelli Do/00561000001PrKOAA0
************************************************************
************************************************************
FileName: reports/NVMContactWorld__NVM_Call_Data/NVMContactWorld__Call_vs_Conversation.report
FullName/Id: NVMContactWorld__NVM_Call_Data/NVMContactWorld__Call_vs_Conversation/00O61000004E21lEAC
Manageable State: installed
Namespace Prefix: NVMContactWorld
Created By (Name/Id): Kelli Do/00561000001PrKOAA0
Last Modified By (Name/Id): Kelli Do/00561000001PrKOAA0
************************************************************
************************************************************
FileName: reports/NVMContactWorld__NVM_Call_Data/NVMContactWorld__Calls_by_Week.report
FullName/Id: NVMContactWorld__NVM_Call_Data/NVMContactWorld__Calls_by_Week/00O61000004E21qEAC
Manageable State: installed
Namespace Prefix: NVMContactWorld
Created By (Name/Id): Kelli Do/00561000001PrKOAA0
Last Modified By (Name/Id): Kelli Do/00561000001PrKOAA0
************************************************************
