************************************************************
FileName: reports/NEUS/Officer_Training_Gold_CLW1.report
FullName/Id: NEUS/Officer_Training_Gold_CLW1/00O610000042fKAEAY
Manageable State: unmanaged
Namespace Prefix: null
Created By (Name/Id): Shelva Suggs/00561000002Dp3eAAC
Last Modified By (Name/Id): Shelva Suggs/00561000002Dp3eAAC
************************************************************
************************************************************
FileName: reports/NEUS/FY19_Officer_Attd_CLW_America_NEUS.report
FullName/Id: NEUS/FY19_Officer_Attd_CLW_America_NEUS/00O610000042mPlEAI
Manageable State: unmanaged
Namespace Prefix: null
Created By (Name/Id): Danny Smith/00561000002BqLRAA0
Last Modified By (Name/Id): Shelva Suggs/00561000002Dp3eAAC
************************************************************
************************************************************
FileName: reports/NEUS/Members_with_Secondary_Chapters1.report
FullName/Id: NEUS/Members_with_Secondary_Chapters1/00O610000042iDlEAI
Manageable State: unmanaged
Namespace Prefix: null
Created By (Name/Id): Shelva Suggs/00561000002Dp3eAAC
Last Modified By (Name/Id): Shelva Suggs/00561000002Dp3eAAC
************************************************************
************************************************************
FileName: reports/NEUS/Officer_ID_YPO_Matrix_by_chapter1.report
FullName/Id: NEUS/Officer_ID_YPO_Matrix_by_chapter1/00O610000042fK5EAI
Manageable State: unmanaged
Namespace Prefix: null
Created By (Name/Id): Shelva Suggs/00561000002Dp3eAAC
Last Modified By (Name/Id): Shelva Suggs/00561000002Dp3eAAC
************************************************************
************************************************************
FileName: reports/NEUS/NEUS_Renewal_Pipeline_in_progress.report
FullName/Id: NEUS/NEUS_Renewal_Pipeline_in_progress/00O61000004ERULEA4
Manageable State: unmanaged
Namespace Prefix: null
Created By (Name/Id): Shelva Suggs/00561000002Dp3eAAC
Last Modified By (Name/Id): Shelva Suggs/00561000002Dp3eAAC
************************************************************
************************************************************
FileName: reports/NEUS/FY19_NEUS_Chapter_Chairs.report
FullName/Id: NEUS/FY19_NEUS_Chapter_Chairs/00O61000004Emm7EAC
Manageable State: unmanaged
Namespace Prefix: null
Created By (Name/Id): Shelva Suggs/00561000002Dp3eAAC
Last Modified By (Name/Id): Shelva Suggs/00561000002Dp3eAAC
************************************************************
************************************************************
FileName: reports/NEUS/Prim_and_Sec_chap_mbr_for_spec_chapt.report
FullName/Id: NEUS/Prim_and_Sec_chap_mbr_for_spec_chapt/00O610000042iEjEAI
Manageable State: unmanaged
Namespace Prefix: null
Created By (Name/Id): Shelva Suggs/00561000002Dp3eAAC
Last Modified By (Name/Id): Shelva Suggs/00561000002Dp3eAAC
************************************************************
************************************************************
FileName: reports/NEUS/Chapter_Officer_ID_Not_Registered_NEUS.report
FullName/Id: NEUS/Chapter_Officer_ID_Not_Registered_NEUS/00O610000042qABEAY
Manageable State: unmanaged
Namespace Prefix: null
Created By (Name/Id): Shelva Suggs/00561000002Dp3eAAC
Last Modified By (Name/Id): Shelva Suggs/00561000002Dp3eAAC
************************************************************
************************************************************
FileName: reports/NEUS/Member_with_Active_Business_Industry.report
FullName/Id: NEUS/Member_with_Active_Business_Industry/00O61000003nYxDEAU
Manageable State: unmanaged
Namespace Prefix: null
Created By (Name/Id): Shelva Suggs/00561000002Dp3eAAC
Last Modified By (Name/Id): Shelva Suggs/00561000002Dp3eAAC
************************************************************
************************************************************
FileName: reports/NEUS/FY19_Officers_Attd_CLW_Europe_NEUS.report
FullName/Id: NEUS/FY19_Officers_Attd_CLW_Europe_NEUS/00O610000042mOxEAI
Manageable State: unmanaged
Namespace Prefix: null
Created By (Name/Id): Danny Smith/00561000002BqLRAA0
Last Modified By (Name/Id): Danny Smith/00561000002BqLRAA0
************************************************************
************************************************************
FileName: reports/NEUS/FY18_Lifetime_Members_Northeastern_US.report
FullName/Id: NEUS/FY18_Lifetime_Members_Northeastern_US/00O61000004ELPUEA4
Manageable State: unmanaged
Namespace Prefix: null
Created By (Name/Id): Danny Smith/00561000002BqLRAA0
Last Modified By (Name/Id): Danny Smith/00561000002BqLRAA0
************************************************************
************************************************************
FileName: reports/NEUS/Chapter_Officer_Past_Current_Elect.report
FullName/Id: NEUS/Chapter_Officer_Past_Current_Elect/00O610000046ODkEAM
Manageable State: unmanaged
Namespace Prefix: null
Created By (Name/Id): Shelva Suggs/00561000002Dp3eAAC
Last Modified By (Name/Id): Shelva Suggs/00561000002Dp3eAAC
************************************************************
************************************************************
FileName: reports/NEUS/Officer_Training_YPO_GLC1.report
FullName/Id: NEUS/Officer_Training_YPO_GLC1/00O610000042fKZEAY
Manageable State: unmanaged
Namespace Prefix: null
Created By (Name/Id): Shelva Suggs/00561000002Dp3eAAC
Last Modified By (Name/Id): Shelva Suggs/00561000002Dp3eAAC
************************************************************
************************************************************
FileName: reports/NEUS/Renewals_NEUS_Gold.report
FullName/Id: NEUS/Renewals_NEUS_Gold/00O61000001ZmnMEAS
Manageable State: unmanaged
Namespace Prefix: null
Created By (Name/Id): Shelva Suggs/00561000002Dp3eAAC
Last Modified By (Name/Id): Shelva Suggs/00561000002Dp3eAAC
************************************************************
************************************************************
FileName: reports/NEUS/YPO_Member_Profile_Report_NEUS.report
FullName/Id: NEUS/YPO_Member_Profile_Report_NEUS/00O610000042lYSEAY
Manageable State: unmanaged
Namespace Prefix: null
Created By (Name/Id): Danny Smith/00561000002BqLRAA0
Last Modified By (Name/Id): Danny Smith/00561000002BqLRAA0
************************************************************
************************************************************
FileName: reports/NEUS/Officer_Training_YPO_CLW1.report
FullName/Id: NEUS/Officer_Training_YPO_CLW1/00O610000042fKPEAY
Manageable State: unmanaged
Namespace Prefix: null
Created By (Name/Id): Shelva Suggs/00561000002Dp3eAAC
Last Modified By (Name/Id): Shelva Suggs/00561000002Dp3eAAC
************************************************************
************************************************************
FileName: reports/NEUS/FY18_19_YPO_Chapter_Events_in_Cvent.report
FullName/Id: NEUS/FY18_19_YPO_Chapter_Events_in_Cvent/00O61000004EEiKEAW
Manageable State: unmanaged
Namespace Prefix: null
Created By (Name/Id): Shelva Suggs/00561000002Dp3eAAC
Last Modified By (Name/Id): Shelva Suggs/00561000002Dp3eAAC
************************************************************
************************************************************
FileName: reports/NEUS/FY19_Chapter_Officer_ID_NEUS.report
FullName/Id: NEUS/FY19_Chapter_Officer_ID_NEUS/00O610000042mNuEAI
Manageable State: unmanaged
Namespace Prefix: null
Created By (Name/Id): Danny Smith/00561000002BqLRAA0
Last Modified By (Name/Id): Danny Smith/00561000002BqLRAA0
************************************************************
************************************************************
FileName: reports/NEUS/Officer_ID_Gold_Matrix_by_Officer_Role.report
FullName/Id: NEUS/Officer_ID_Gold_Matrix_by_Officer_Role/00O610000042fK0EAI
Manageable State: unmanaged
Namespace Prefix: null
Created By (Name/Id): Shelva Suggs/00561000002Dp3eAAC
Last Modified By (Name/Id): Shelva Suggs/00561000002Dp3eAAC
************************************************************
************************************************************
FileName: reports/NEUS/Renewals_NEUS_YPO.report
FullName/Id: NEUS/Renewals_NEUS_YPO/00O61000001Zmo0EAC
Manageable State: unmanaged
Namespace Prefix: null
Created By (Name/Id): Shelva Suggs/00561000002Dp3eAAC
Last Modified By (Name/Id): Shelva Suggs/00561000002Dp3eAAC
************************************************************
************************************************************
FileName: reports/NEUS/Officer_Training_Gold_GLC1.report
FullName/Id: NEUS/Officer_Training_Gold_GLC1/00O610000042fKFEAY
Manageable State: unmanaged
Namespace Prefix: null
Created By (Name/Id): Shelva Suggs/00561000002Dp3eAAC
Last Modified By (Name/Id): Shelva Suggs/00561000002Dp3eAAC
************************************************************
************************************************************
FileName: reports/NEUS/FY19_Reg_Officers_Reg_for_GLC_NEUS.report
FullName/Id: NEUS/FY19_Reg_Officers_Reg_for_GLC_NEUS/00O610000042kuXEAQ
Manageable State: unmanaged
Namespace Prefix: null
Created By (Name/Id): Danny Smith/00561000002BqLRAA0
Last Modified By (Name/Id): Danny Smith/00561000002BqLRAA0
************************************************************
************************************************************
FileName: reports/NEUS/Officer_ID_Gold_Matrix_by_chaper.report
FullName/Id: NEUS/Officer_ID_Gold_Matrix_by_chaper/00O610000042fJvEAI
Manageable State: unmanaged
Namespace Prefix: null
Created By (Name/Id): Shelva Suggs/00561000002Dp3eAAC
Last Modified By (Name/Id): Shelva Suggs/00561000002Dp3eAAC
************************************************************
************************************************************
FileName: reports/NEUS/YPO_Chapter_Health_Data_NEUS.report
FullName/Id: NEUS/YPO_Chapter_Health_Data_NEUS/00O610000042la9EAA
Manageable State: unmanaged
Namespace Prefix: null
Created By (Name/Id): Danny Smith/00561000002BqLRAA0
Last Modified By (Name/Id): Danny Smith/00561000002BqLRAA0
************************************************************
************************************************************
FileName: reports/NEUS/Pending_Transfers_NEUS1.report
FullName/Id: NEUS/Pending_Transfers_NEUS1/00O61000004ETvYEAW
Manageable State: unmanaged
Namespace Prefix: null
Created By (Name/Id): Shelva Suggs/00561000002Dp3eAAC
Last Modified By (Name/Id): Shelva Suggs/00561000002Dp3eAAC
************************************************************
************************************************************
FileName: reports/NEUS/YPO_Gold_CBMS14.report
FullName/Id: NEUS/YPO_Gold_CBMS14/00O610000042kzcEAA
Manageable State: unmanaged
Namespace Prefix: null
Created By (Name/Id): Danny Smith/00561000002BqLRAA0
Last Modified By (Name/Id): Danny Smith/00561000002BqLRAA0
************************************************************
************************************************************
FileName: reports/NEUS/FY19_Renewals_NEUS_Gold_In_progress.report
FullName/Id: NEUS/FY19_Renewals_NEUS_Gold_In_progress/00O61000004ERB9EAO
Manageable State: unmanaged
Namespace Prefix: null
Created By (Name/Id): Shelva Suggs/00561000002Dp3eAAC
Last Modified By (Name/Id): Shelva Suggs/00561000002Dp3eAAC
************************************************************
************************************************************
FileName: reports/NEUS/Chapter_Chairs_in_all_Regions.report
FullName/Id: NEUS/Chapter_Chairs_in_all_Regions/00O61000003nb5EEAQ
Manageable State: unmanaged
Namespace Prefix: null
Created By (Name/Id): Shelva Suggs/00561000002Dp3eAAC
Last Modified By (Name/Id): Shelva Suggs/00561000002Dp3eAAC
************************************************************
************************************************************
FileName: reports/NEUS/Chapter_Officers_by_Region1.report
FullName/Id: NEUS/Chapter_Officers_by_Region1/00O610000046P6LEAU
Manageable State: unmanaged
Namespace Prefix: null
Created By (Name/Id): Shelva Suggs/00561000002Dp3eAAC
Last Modified By (Name/Id): Shelva Suggs/00561000002Dp3eAAC
************************************************************
************************************************************
FileName: reports/NEUS/FY19_Chapter_Officer_Attd_GLC_NEUS.report
FullName/Id: NEUS/FY19_Chapter_Officer_Attd_GLC_NEUS/00O610000042mO4EAI
Manageable State: unmanaged
Namespace Prefix: null
Created By (Name/Id): Danny Smith/00561000002BqLRAA0
Last Modified By (Name/Id): Danny Smith/00561000002BqLRAA0
************************************************************
************************************************************
FileName: reports/NEUS/Members_Home_and_Business_Address.report
FullName/Id: NEUS/Members_Home_and_Business_Address/00O610000042YGzEAM
Manageable State: unmanaged
Namespace Prefix: null
Created By (Name/Id): Shelva Suggs/00561000002Dp3eAAC
Last Modified By (Name/Id): Shelva Suggs/00561000002Dp3eAAC
************************************************************
************************************************************
FileName: reports/NEUS/Chapter_Dues_Collected_by_Chapter1.report
FullName/Id: NEUS/Chapter_Dues_Collected_by_Chapter1/00O610000042n4tEAA
Manageable State: unmanaged
Namespace Prefix: null
Created By (Name/Id): Shelva Suggs/00561000002Dp3eAAC
Last Modified By (Name/Id): Shelva Suggs/00561000002Dp3eAAC
************************************************************
************************************************************
FileName: reports/NEUS/NEUS_NMV_Vouchers.report
FullName/Id: NEUS/NEUS_NMV_Vouchers/00O61000001Zmk8EAC
Manageable State: unmanaged
Namespace Prefix: null
Created By (Name/Id): Shelva Suggs/00561000002Dp3eAAC
Last Modified By (Name/Id): Shelva Suggs/00561000002Dp3eAAC
************************************************************
************************************************************
FileName: reports/NEUS/YPO_NEUS_Chapter_Member_Profile.report
FullName/Id: NEUS/YPO_NEUS_Chapter_Member_Profile/00O61000003nXjZEAU
Manageable State: unmanaged
Namespace Prefix: null
Created By (Name/Id): Shelva Suggs/00561000002Dp3eAAC
Last Modified By (Name/Id): Shelva Suggs/00561000002Dp3eAAC
************************************************************
************************************************************
FileName: reports/NEUS/YPO_CBMS14.report
FullName/Id: NEUS/YPO_CBMS14/00O610000042kzhEAA
Manageable State: unmanaged
Namespace Prefix: null
Created By (Name/Id): Danny Smith/00561000002BqLRAA0
Last Modified By (Name/Id): Danny Smith/00561000002BqLRAA0
************************************************************
************************************************************
FileName: reports/NEUS/YPO_Chapter_Visits_Northeastern_US.report
FullName/Id: NEUS/YPO_Chapter_Visits_Northeastern_US/00O61000004EDLeEAO
Manageable State: unmanaged
Namespace Prefix: null
Created By (Name/Id): Danny Smith/00561000002BqLRAA0
Last Modified By (Name/Id): Danny Smith/00561000002BqLRAA0
************************************************************
************************************************************
FileName: reports/NEUS/NEUS_Members_by_Industry.report
FullName/Id: NEUS/NEUS_Members_by_Industry/00O610000046P9PEAU
Manageable State: unmanaged
Namespace Prefix: null
Created By (Name/Id): Shelva Suggs/00561000002Dp3eAAC
Last Modified By (Name/Id): Shelva Suggs/00561000002Dp3eAAC
************************************************************
************************************************************
FileName: reports/NEUS/FY17_18_Gold_Chapter_Events_in_Cvent.report
FullName/Id: NEUS/FY17_18_Gold_Chapter_Events_in_Cvent/00O61000004EEiZEAW
Manageable State: unmanaged
Namespace Prefix: null
Created By (Name/Id): Shelva Suggs/00561000002Dp3eAAC
Last Modified By (Name/Id): Shelva Suggs/00561000002Dp3eAAC
************************************************************
