************************************************************
FileName: reports/Regional_Reports_Africa/YPO_Chapter_Health_Data_Africa.report
FullName/Id: Regional_Reports_Africa/YPO_Chapter_Health_Data_Africa/00O610000042lZLEAY
Manageable State: unmanaged
Namespace Prefix: null
Created By (Name/Id): Danny Smith/00561000002BqLRAA0
Last Modified By (Name/Id): Danny Smith/00561000002BqLRAA0
************************************************************
************************************************************
FileName: reports/Regional_Reports_Africa/Chapter_Visits_Africa.report
FullName/Id: Regional_Reports_Africa/Chapter_Visits_Africa/00O610000049r2HEAQ
Manageable State: unmanaged
Namespace Prefix: null
Created By (Name/Id): Danny Smith/00561000002BqLRAA0
Last Modified By (Name/Id): Danny Smith/00561000002BqLRAA0
************************************************************
************************************************************
FileName: reports/Regional_Reports_Africa/YPO_Gold_CBMS2.report
FullName/Id: Regional_Reports_Africa/YPO_Gold_CBMS2/00O610000042jPiEAI
Manageable State: unmanaged
Namespace Prefix: null
Created By (Name/Id): Danny Smith/00561000002BqLRAA0
Last Modified By (Name/Id): Danny Smith/00561000002BqLRAA0
************************************************************
************************************************************
FileName: reports/Regional_Reports_Africa/YPO_Chapter_Health_Metrics_Africa.report
FullName/Id: Regional_Reports_Africa/YPO_Chapter_Health_Metrics_Africa/00O610000042lb7EAA
Manageable State: unmanaged
Namespace Prefix: null
Created By (Name/Id): Danny Smith/00561000002BqLRAA0
Last Modified By (Name/Id): Danny Smith/00561000002BqLRAA0
************************************************************
************************************************************
FileName: reports/Regional_Reports_Africa/X2018_Singapore_EDGE_Member_List1.report
FullName/Id: Regional_Reports_Africa/X2018_Singapore_EDGE_Member_List1/00O610000042pWQEAY
Manageable State: unmanaged
Namespace Prefix: null
Created By (Name/Id): Danny Smith/00561000002BqLRAA0
Last Modified By (Name/Id): Danny Smith/00561000002BqLRAA0
************************************************************
************************************************************
FileName: reports/Regional_Reports_Africa/FY19_Chapter_Officers_Attd_GLC_Africa.report
FullName/Id: Regional_Reports_Africa/FY19_Chapter_Officers_Attd_GLC_Africa/00O610000042mHXEAY
Manageable State: unmanaged
Namespace Prefix: null
Created By (Name/Id): Danny Smith/00561000002BqLRAA0
Last Modified By (Name/Id): Danny Smith/00561000002BqLRAA0
************************************************************
************************************************************
FileName: reports/Regional_Reports_Africa/Africa_Past_Chapter_Officers1.report
FullName/Id: Regional_Reports_Africa/Africa_Past_Chapter_Officers1/00O610000042mwBEAQ
Manageable State: unmanaged
Namespace Prefix: null
Created By (Name/Id): Debbie Masson/00561000002Dp16AAC
Last Modified By (Name/Id): Debbie Masson/00561000002Dp16AAC
************************************************************
************************************************************
FileName: reports/Regional_Reports_Africa/YPO_Chapter_Heath_Metrics_Africa_Chart.report
FullName/Id: Regional_Reports_Africa/YPO_Chapter_Heath_Metrics_Africa_Chart/00O610000042mwQEAQ
Manageable State: unmanaged
Namespace Prefix: null
Created By (Name/Id): Kelli Do/00561000001PrKOAA0
Last Modified By (Name/Id): Kelli Do/00561000001PrKOAA0
************************************************************
************************************************************
FileName: reports/Regional_Reports_Africa/Renewal_Progress_Status_FY18_19_Africa.report
FullName/Id: Regional_Reports_Africa/Renewal_Progress_Status_FY18_19_Africa/00O61000004EDSfEAO
Manageable State: unmanaged
Namespace Prefix: null
Created By (Name/Id): Danny Smith/00561000002BqLRAA0
Last Modified By (Name/Id): Danny Smith/00561000002BqLRAA0
************************************************************
************************************************************
FileName: reports/Regional_Reports_Africa/FY19_Reg_Officers_Reg_for_GLC_Africa.report
FullName/Id: Regional_Reports_Africa/FY19_Reg_Officers_Reg_for_GLC_Africa/00O610000042kvQEAQ
Manageable State: unmanaged
Namespace Prefix: null
Created By (Name/Id): Danny Smith/00561000002BqLRAA0
Last Modified By (Name/Id): Danny Smith/00561000002BqLRAA0
************************************************************
************************************************************
FileName: reports/Regional_Reports_Africa/Edge_Report_Linda1.report
FullName/Id: Regional_Reports_Africa/Edge_Report_Linda1/00O610000042v80EAA
Manageable State: unmanaged
Namespace Prefix: null
Created By (Name/Id): Danny Smith/00561000002BqLRAA0
Last Modified By (Name/Id): Danny Smith/00561000002BqLRAA0
************************************************************
************************************************************
FileName: reports/Regional_Reports_Africa/YPO_Renewal_Projection_Report_Africa.report
FullName/Id: Regional_Reports_Africa/YPO_Renewal_Projection_Report_Africa/00O61000004ELCpEAO
Manageable State: unmanaged
Namespace Prefix: null
Created By (Name/Id): Danny Smith/00561000002BqLRAA0
Last Modified By (Name/Id): Danny Smith/00561000002BqLRAA0
************************************************************
************************************************************
FileName: reports/Regional_Reports_Africa/YPO_Africa_Gender_Report.report
FullName/Id: Regional_Reports_Africa/YPO_Africa_Gender_Report/00O61000004EnvyEAC
Manageable State: unmanaged
Namespace Prefix: null
Created By (Name/Id): Emma Boling/00561000002Doy5AAC
Last Modified By (Name/Id): Emma Boling/00561000002Doy5AAC
************************************************************
************************************************************
FileName: reports/Regional_Reports_Africa/YPO_Africa_Prospect_leads_by_chapter.report
FullName/Id: Regional_Reports_Africa/YPO_Africa_Prospect_leads_by_chapter/00O61000004EnvtEAC
Manageable State: unmanaged
Namespace Prefix: null
Created By (Name/Id): Emma Boling/00561000002Doy5AAC
Last Modified By (Name/Id): Emma Boling/00561000002Doy5AAC
************************************************************
************************************************************
FileName: reports/Regional_Reports_Africa/YPO_Member_Profile_Report_Africa.report
FullName/Id: Regional_Reports_Africa/YPO_Member_Profile_Report_Africa/00O610000042lXeEAI
Manageable State: unmanaged
Namespace Prefix: null
Created By (Name/Id): Danny Smith/00561000002BqLRAA0
Last Modified By (Name/Id): Danny Smith/00561000002BqLRAA0
************************************************************
************************************************************
FileName: reports/Regional_Reports_Africa/FY19_Officers_Attd_CLW_Europe_Africa.report
FullName/Id: Regional_Reports_Africa/FY19_Officers_Attd_CLW_Europe_Africa/00O610000042mHcEAI
Manageable State: unmanaged
Namespace Prefix: null
Created By (Name/Id): Danny Smith/00561000002BqLRAA0
Last Modified By (Name/Id): Danny Smith/00561000002BqLRAA0
************************************************************
************************************************************
FileName: reports/Regional_Reports_Africa/YPO_CBMS3.report
FullName/Id: Regional_Reports_Africa/YPO_CBMS3/00O610000042ky0EAA
Manageable State: unmanaged
Namespace Prefix: null
Created By (Name/Id): Danny Smith/00561000002BqLRAA0
Last Modified By (Name/Id): Danny Smith/00561000002BqLRAA0
************************************************************
************************************************************
FileName: reports/Regional_Reports_Africa/FY19_Chapter_Officers_ID_Africa.report
FullName/Id: Regional_Reports_Africa/FY19_Chapter_Officers_ID_Africa/00O610000042mHNEAY
Manageable State: unmanaged
Namespace Prefix: null
Created By (Name/Id): Danny Smith/00561000002BqLRAA0
Last Modified By (Name/Id): Danny Smith/00561000002BqLRAA0
************************************************************
************************************************************
FileName: reports/Regional_Reports_Africa/FY19_Officer_Attd_CLW_America_Africa.report
FullName/Id: Regional_Reports_Africa/FY19_Officer_Attd_CLW_America_Africa/00O610000042mHhEAI
Manageable State: unmanaged
Namespace Prefix: null
Created By (Name/Id): Danny Smith/00561000002BqLRAA0
Last Modified By (Name/Id): Danny Smith/00561000002BqLRAA0
************************************************************
************************************************************
FileName: reports/Regional_Reports_Africa/FY19_CC_Not_Registered_for_Training.report
FullName/Id: Regional_Reports_Africa/FY19_CC_Not_Registered_for_Training/00O6100000435jcEAA
Manageable State: unmanaged
Namespace Prefix: null
Created By (Name/Id): Danny Smith/00561000002BqLRAA0
Last Modified By (Name/Id): Danny Smith/00561000002BqLRAA0
************************************************************
************************************************************
FileName: reports/Regional_Reports_Africa/YPO_Africa_New_Members_FY19.report
FullName/Id: Regional_Reports_Africa/YPO_Africa_New_Members_FY19/00O61000004EnvoEAC
Manageable State: unmanaged
Namespace Prefix: null
Created By (Name/Id): Emma Boling/00561000002Doy5AAC
Last Modified By (Name/Id): Emma Boling/00561000002Doy5AAC
************************************************************
************************************************************
FileName: reports/Regional_Reports_Africa/Edge_Report_Linda.report
FullName/Id: Regional_Reports_Africa/Edge_Report_Linda/00O610000042ubGEAQ
Manageable State: unmanaged
Namespace Prefix: null
Created By (Name/Id): Linda Reich/00561000002Dp2xAAC
Last Modified By (Name/Id): Linda Reich/00561000002Dp2xAAC
************************************************************
************************************************************
FileName: reports/Regional_Reports_Africa/Africa_Membership_Database.report
FullName/Id: Regional_Reports_Africa/Africa_Membership_Database/00O610000042mw1EAA
Manageable State: unmanaged
Namespace Prefix: null
Created By (Name/Id): Debbie Masson/00561000002Dp16AAC
Last Modified By (Name/Id): Debbie Masson/00561000002Dp16AAC
************************************************************
************************************************************
FileName: reports/Regional_Reports_Africa/FY18_Lifetime_Members_Africa.report
FullName/Id: Regional_Reports_Africa/FY18_Lifetime_Members_Africa/00O61000004ELOvEAO
Manageable State: unmanaged
Namespace Prefix: null
Created By (Name/Id): Danny Smith/00561000002BqLRAA0
Last Modified By (Name/Id): Danny Smith/00561000002BqLRAA0
************************************************************
