************************************************************
FileName: email/VSTrackIT2__VSTrackIT/Alert_that_Email_has_changed.email
FullName/Id: VSTrackIT2__VSTrackIT/Alert_that_Email_has_changed/00X61000000dRI9EAM
Manageable State: unmanaged
Namespace Prefix: null
Created By (Name/Id): Louis Nguyen/00561000001OazKAAS
Last Modified By (Name/Id): System Administrator/00561000002DrZyAAK
************************************************************
************************************************************
FileName: email/VSTrackIT2__VSTrackIT/VSTrackIT2__Out_of_office_notification.email
FullName/Id: VSTrackIT2__VSTrackIT/VSTrackIT2__Out_of_office_notification/00X61000000MqpOEAS
Manageable State: installed
Namespace Prefix: VSTrackIT2
Created By (Name/Id): System Administrator/00561000002DrZyAAK
Last Modified By (Name/Id): System Administrator/00561000002DrZyAAK
************************************************************
************************************************************
FileName: email/VSTrackIT2__VSTrackIT/Resignation_Request_Received_from_Member1.email
FullName/Id: VSTrackIT2__VSTrackIT/Resignation_Request_Received_from_Member1/00X61000000dQeIEAU
Manageable State: unmanaged
Namespace Prefix: null
Created By (Name/Id): Joyce Jamengo/00561000001ucsrAAA
Last Modified By (Name/Id): Joyce Jamengo/00561000001ucsrAAA
************************************************************
