************************************************************
FileName: reports/YPO_Prospects/Prospects_Detailed_Listing_DB.report
FullName/Id: YPO_Prospects/Prospects_Detailed_Listing_DB/00O61000003muO9EAI
Manageable State: unmanaged
Namespace Prefix: null
Created By (Name/Id): Kelli Do/00561000001PrKOAA0
Last Modified By (Name/Id): Kelli Do/00561000001PrKOAA0
************************************************************
************************************************************
FileName: reports/YPO_Prospects/Prospect_Applications_Received_by_Region.report
FullName/Id: YPO_Prospects/Prospect_Applications_Received_by_Region/00O61000003mta4EAA
Manageable State: unmanaged
Namespace Prefix: null
Created By (Name/Id): Kelli Do/00561000001PrKOAA0
Last Modified By (Name/Id): Kelli Do/00561000001PrKOAA0
************************************************************
************************************************************
FileName: reports/YPO_Prospects/Chapter_City_Lookup.report
FullName/Id: YPO_Prospects/Chapter_City_Lookup/00O61000003nWTkEAM
Manageable State: unmanaged
Namespace Prefix: null
Created By (Name/Id): Joyce Jamengo/00561000001ucsrAAA
Last Modified By (Name/Id): Joyce Jamengo/00561000001ucsrAAA
************************************************************
************************************************************
FileName: reports/YPO_Prospects/Global_One_with_SF_Address.report
FullName/Id: YPO_Prospects/Global_One_with_SF_Address/00O61000003nXoKEAU
Manageable State: unmanaged
Namespace Prefix: null
Created By (Name/Id): Thomas Cook/00561000002EIpGAAW
Last Modified By (Name/Id): Thomas Cook/00561000002EIpGAAW
************************************************************
************************************************************
FileName: reports/YPO_Prospects/Unqualified_Leads_TC.report
FullName/Id: YPO_Prospects/Unqualified_Leads_TC/00O61000004ESHhEAO
Manageable State: unmanaged
Namespace Prefix: null
Created By (Name/Id): Thomas Cook/00561000002EIpGAAW
Last Modified By (Name/Id): Thomas Cook/00561000002EIpGAAW
************************************************************
************************************************************
FileName: reports/YPO_Prospects/New_Members_by_Year_Pacific_US_DB.report
FullName/Id: YPO_Prospects/New_Members_by_Year_Pacific_US_DB/00O61000001ZlBvEAK
Manageable State: unmanaged
Namespace Prefix: null
Created By (Name/Id): Jordan Marsillo/00561000003GV5gAAG
Last Modified By (Name/Id): Jordan Marsillo/00561000003GV5gAAG
************************************************************
************************************************************
FileName: reports/YPO_Prospects/Lead_History.report
FullName/Id: YPO_Prospects/Lead_History/00O61000004691rEAA
Manageable State: unmanaged
Namespace Prefix: null
Created By (Name/Id): Dana Kobernusz/00561000001QTMrAAO
Last Modified By (Name/Id): Dana Kobernusz/00561000001QTMrAAO
************************************************************
************************************************************
FileName: reports/YPO_Prospects/Leads_to_Reassign_to_Another_Chapter.report
FullName/Id: YPO_Prospects/Leads_to_Reassign_to_Another_Chapter/00O610000042NRREA2
Manageable State: unmanaged
Namespace Prefix: null
Created By (Name/Id): Dana Kobernusz/00561000001QTMrAAO
Last Modified By (Name/Id): Dana Kobernusz/00561000001QTMrAAO
************************************************************
************************************************************
FileName: reports/YPO_Prospects/RENO_CHAPTER.report
FullName/Id: YPO_Prospects/RENO_CHAPTER/00O610000042Tj7EAE
Manageable State: unmanaged
Namespace Prefix: null
Created By (Name/Id): Elizabeth Simental/00561000002Dp3NAAS
Last Modified By (Name/Id): Elizabeth Simental/00561000002Dp3NAAS
************************************************************
************************************************************
FileName: reports/YPO_Prospects/Total_New_Members_by_Month_DB.report
FullName/Id: YPO_Prospects/Total_New_Members_by_Month_DB/00O6100000433UjEAI
Manageable State: unmanaged
Namespace Prefix: null
Created By (Name/Id): Thomas Cook/00561000002EIpGAAW
Last Modified By (Name/Id): Jordan Marsillo/00561000003GV5gAAG
************************************************************
************************************************************
FileName: reports/YPO_Prospects/Active_Leads_in_Africa.report
FullName/Id: YPO_Prospects/Active_Leads_in_Africa/00O610000042RQrEAM
Manageable State: unmanaged
Namespace Prefix: null
Created By (Name/Id): Dana Kobernusz/00561000001QTMrAAO
Last Modified By (Name/Id): Dana Kobernusz/00561000001QTMrAAO
************************************************************
************************************************************
FileName: reports/YPO_Prospects/Prospects_Pending_Payments_by_Region_DB.report
FullName/Id: YPO_Prospects/Prospects_Pending_Payments_by_Region_DB/00O6100000433UoEAI
Manageable State: unmanaged
Namespace Prefix: null
Created By (Name/Id): Thomas Cook/00561000002EIpGAAW
Last Modified By (Name/Id): Thomas Cook/00561000002EIpGAAW
************************************************************
************************************************************
FileName: reports/YPO_Prospects/Active_Leads_with_Blank_Target_Chapters.report
FullName/Id: YPO_Prospects/Active_Leads_with_Blank_Target_Chapters/00O61000004EKxuEAG
Manageable State: unmanaged
Namespace Prefix: null
Created By (Name/Id): Kelli Do/00561000001PrKOAA0
Last Modified By (Name/Id): Kelli Do/00561000001PrKOAA0
************************************************************
************************************************************
FileName: reports/YPO_Prospects/NM_without_Code_of_Conduct_Acceptance.report
FullName/Id: YPO_Prospects/NM_without_Code_of_Conduct_Acceptance/00O610000042UtNEAU
Manageable State: unmanaged
Namespace Prefix: null
Created By (Name/Id): Dana Kobernusz/00561000001QTMrAAO
Last Modified By (Name/Id): Dana Kobernusz/00561000001QTMrAAO
************************************************************
************************************************************
FileName: reports/YPO_Prospects/Test_Jordan_and_KE.report
FullName/Id: YPO_Prospects/Test_Jordan_and_KE/00O61000001ZmXYEA0
Manageable State: unmanaged
Namespace Prefix: null
Created By (Name/Id): Hector Piedra/0056100000318MjAAI
Last Modified By (Name/Id): Hector Piedra/0056100000318MjAAI
************************************************************
************************************************************
FileName: reports/YPO_Prospects/C_E_S_New_Members_by_Region_for_the_Mont.report
FullName/Id: YPO_Prospects/C_E_S_New_Members_by_Region_for_the_Mont/00O61000004E69MEAS
Manageable State: unmanaged
Namespace Prefix: null
Created By (Name/Id): Lauren Lesch/00561000002Dp00AAC
Last Modified By (Name/Id): Lauren Lesch/00561000002Dp00AAC
************************************************************
************************************************************
FileName: reports/YPO_Prospects/YPO_Chicagoland_Conversions.report
FullName/Id: YPO_Prospects/YPO_Chicagoland_Conversions/00O610000042b1VEAQ
Manageable State: unmanaged
Namespace Prefix: null
Created By (Name/Id): Dana Kobernusz/00561000001QTMrAAO
Last Modified By (Name/Id): Dana Kobernusz/00561000001QTMrAAO
************************************************************
************************************************************
FileName: reports/YPO_Prospects/New_Members_Africa.report
FullName/Id: YPO_Prospects/New_Members_Africa/00O610000042RiHEAU
Manageable State: unmanaged
Namespace Prefix: null
Created By (Name/Id): Dana Kobernusz/00561000001QTMrAAO
Last Modified By (Name/Id): Dana Kobernusz/00561000001QTMrAAO
************************************************************
************************************************************
FileName: reports/YPO_Prospects/C_E_S_Eligible_for_Reassignment_DB.report
FullName/Id: YPO_Prospects/C_E_S_Eligible_for_Reassignment_DB/00O61000004E67VEAS
Manageable State: unmanaged
Namespace Prefix: null
Created By (Name/Id): Lauren Lesch/00561000002Dp00AAC
Last Modified By (Name/Id): Lauren Lesch/00561000002Dp00AAC
************************************************************
************************************************************
FileName: reports/YPO_Prospects/Lead_by_Region_by_Lead_Status_DB.report
FullName/Id: YPO_Prospects/Lead_by_Region_by_Lead_Status_DB/00O610000042ZYpEAM
Manageable State: unmanaged
Namespace Prefix: null
Created By (Name/Id): Kelli Do/00561000001PrKOAA0
Last Modified By (Name/Id): Kelli Do/00561000001PrKOAA0
************************************************************
************************************************************
FileName: reports/YPO_Prospects/Month_End_Applications_ReceivedTC.report
FullName/Id: YPO_Prospects/Month_End_Applications_ReceivedTC/00O61000004Eo4vEAC
Manageable State: unmanaged
Namespace Prefix: null
Created By (Name/Id): Thomas Cook/00561000002EIpGAAW
Last Modified By (Name/Id): Thomas Cook/00561000002EIpGAAW
************************************************************
************************************************************
FileName: reports/YPO_Prospects/Approved_Waivers_by_Region.report
FullName/Id: YPO_Prospects/Approved_Waivers_by_Region/00O61000004Ea3OEAS
Manageable State: unmanaged
Namespace Prefix: null
Created By (Name/Id): Thomas Cook/00561000002EIpGAAW
Last Modified By (Name/Id): Thomas Cook/00561000002EIpGAAW
************************************************************
************************************************************
FileName: reports/YPO_Prospects/Month_End_Applications_Received.report
FullName/Id: YPO_Prospects/Month_End_Applications_Received/00O61000003nUiTEAU
Manageable State: unmanaged
Namespace Prefix: null
Created By (Name/Id): Dana Kobernusz/00561000001QTMrAAO
Last Modified By (Name/Id): Dana Kobernusz/00561000001QTMrAAO
************************************************************
************************************************************
FileName: reports/YPO_Prospects/Unqualified_Leads.report
FullName/Id: YPO_Prospects/Unqualified_Leads/00O610000042RXEEA2
Manageable State: unmanaged
Namespace Prefix: null
Created By (Name/Id): Dana Kobernusz/00561000001QTMrAAO
Last Modified By (Name/Id): Dana Kobernusz/00561000001QTMrAAO
************************************************************
************************************************************
FileName: reports/YPO_Prospects/Active_Leads_by_Chapter_DB.report
FullName/Id: YPO_Prospects/Active_Leads_by_Chapter_DB/00O6100000433UUEAY
Manageable State: unmanaged
Namespace Prefix: null
Created By (Name/Id): Thomas Cook/00561000002EIpGAAW
Last Modified By (Name/Id): Thomas Cook/00561000002EIpGAAW
************************************************************
************************************************************
FileName: reports/YPO_Prospects/Leads_Docusign_Accepted_Sts_Requested.report
FullName/Id: YPO_Prospects/Leads_Docusign_Accepted_Sts_Requested/00O61000004ER8UEAW
Manageable State: unmanaged
Namespace Prefix: null
Created By (Name/Id): Thomas Cook/00561000002EIpGAAW
Last Modified By (Name/Id): Thomas Cook/00561000002EIpGAAW
************************************************************
************************************************************
FileName: reports/YPO_Prospects/New_Monthly_35_Members_PAC_US_DB.report
FullName/Id: YPO_Prospects/New_Monthly_35_Members_PAC_US_DB/00O61000004E60FEAS
Manageable State: unmanaged
Namespace Prefix: null
Created By (Name/Id): Jordan Marsillo/00561000003GV5gAAG
Last Modified By (Name/Id): Jordan Marsillo/00561000003GV5gAAG
************************************************************
************************************************************
FileName: reports/YPO_Prospects/New_Members_by_Reg_Chap_for_the_Month_DB.report
FullName/Id: YPO_Prospects/New_Members_by_Reg_Chap_for_the_Month_DB/00O61000004EnoOEAS
Manageable State: unmanaged
Namespace Prefix: null
Created By (Name/Id): Thomas Cook/00561000002EIpGAAW
Last Modified By (Name/Id): Thomas Cook/00561000002EIpGAAW
************************************************************
************************************************************
FileName: reports/YPO_Prospects/LATAM_Active_Leads.report
FullName/Id: YPO_Prospects/LATAM_Active_Leads/00O61000004EEFmEAO
Manageable State: unmanaged
Namespace Prefix: null
Created By (Name/Id): Hector Piedra/0056100000318MjAAI
Last Modified By (Name/Id): Hector Piedra/0056100000318MjAAI
************************************************************
************************************************************
FileName: reports/YPO_Prospects/Partner_Users_last_login_date.report
FullName/Id: YPO_Prospects/Partner_Users_last_login_date/00O61000003nNgYEAU
Manageable State: unmanaged
Namespace Prefix: null
Created By (Name/Id): Lynn Phillips/00561000000JTJQAA4
Last Modified By (Name/Id): Lynn Phillips/00561000000JTJQAA4
************************************************************
************************************************************
FileName: reports/YPO_Prospects/Prospects_in_Payment_Received.report
FullName/Id: YPO_Prospects/Prospects_in_Payment_Received/00O610000042u05EAA
Manageable State: unmanaged
Namespace Prefix: null
Created By (Name/Id): Kelli Do/00561000001PrKOAA0
Last Modified By (Name/Id): Kelli Do/00561000001PrKOAA0
************************************************************
************************************************************
FileName: reports/YPO_Prospects/Chapter_Prospect_Report.report
FullName/Id: YPO_Prospects/Chapter_Prospect_Report/00O6100000465ClEAI
Manageable State: unmanaged
Namespace Prefix: null
Created By (Name/Id): Dana Kobernusz/00561000001QTMrAAO
Last Modified By (Name/Id): Dana Kobernusz/00561000001QTMrAAO
************************************************************
************************************************************
FileName: reports/YPO_Prospects/New_Members_by_Region_for_the_Month_DB.report
FullName/Id: YPO_Prospects/New_Members_by_Region_for_the_Month_DB/00O6100000433UeEAI
Manageable State: unmanaged
Namespace Prefix: null
Created By (Name/Id): Thomas Cook/00561000002EIpGAAW
Last Modified By (Name/Id): Thomas Cook/00561000002EIpGAAW
************************************************************
************************************************************
FileName: reports/YPO_Prospects/Qualified_Unqualified_Prospects.report
FullName/Id: YPO_Prospects/Qualified_Unqualified_Prospects/00O61000003muAgEAI
Manageable State: unmanaged
Namespace Prefix: null
Created By (Name/Id): Kelli Do/00561000001PrKOAA0
Last Modified By (Name/Id): Kelli Do/00561000001PrKOAA0
************************************************************
************************************************************
FileName: reports/YPO_Prospects/Leads_Awaiting_Chapter_Approval_DB.report
FullName/Id: YPO_Prospects/Leads_Awaiting_Chapter_Approval_DB/00O6100000437eeEAA
Manageable State: unmanaged
Namespace Prefix: null
Created By (Name/Id): Thomas Cook/00561000002EIpGAAW
Last Modified By (Name/Id): Thomas Cook/00561000002EIpGAAW
************************************************************
************************************************************
FileName: reports/YPO_Prospects/Prospects_Detailed.report
FullName/Id: YPO_Prospects/Prospects_Detailed/00O61000003mvwWEAQ
Manageable State: unmanaged
Namespace Prefix: null
Created By (Name/Id): Kelli Do/00561000001PrKOAA0
Last Modified By (Name/Id): Kelli Do/00561000001PrKOAA0
************************************************************
************************************************************
FileName: reports/YPO_Prospects/Leads_with_Third_Party_Requested.report
FullName/Id: YPO_Prospects/Leads_with_Third_Party_Requested/00O61000004ERCREA4
Manageable State: unmanaged
Namespace Prefix: null
Created By (Name/Id): Thomas Cook/00561000002EIpGAAW
Last Modified By (Name/Id): Thomas Cook/00561000002EIpGAAW
************************************************************
************************************************************
FileName: reports/YPO_Prospects/Active_Leads_by_Region.report
FullName/Id: YPO_Prospects/Active_Leads_by_Region/00O6100000433UZEAY
Manageable State: unmanaged
Namespace Prefix: null
Created By (Name/Id): Thomas Cook/00561000002EIpGAAW
Last Modified By (Name/Id): Thomas Cook/00561000002EIpGAAW
************************************************************
************************************************************
FileName: reports/YPO_Prospects/Apps_with_Referring_Member_Listed.report
FullName/Id: YPO_Prospects/Apps_with_Referring_Member_Listed/00O610000042OChEAM
Manageable State: unmanaged
Namespace Prefix: null
Created By (Name/Id): Dana Kobernusz/00561000001QTMrAAO
Last Modified By (Name/Id): Dana Kobernusz/00561000001QTMrAAO
************************************************************
************************************************************
FileName: reports/YPO_Prospects/NEUS_Western_Canada_CMOs.report
FullName/Id: YPO_Prospects/NEUS_Western_Canada_CMOs/00O61000001ZmSJEA0
Manageable State: unmanaged
Namespace Prefix: null
Created By (Name/Id): Dana Kobernusz/00561000001QTMrAAO
Last Modified By (Name/Id): Dana Kobernusz/00561000001QTMrAAO
************************************************************
************************************************************
FileName: reports/YPO_Prospects/Pacific_US_Total_New_Members_DB.report
FullName/Id: YPO_Prospects/Pacific_US_Total_New_Members_DB/00O61000001ZlBWEA0
Manageable State: unmanaged
Namespace Prefix: null
Created By (Name/Id): Jordan Marsillo/00561000003GV5gAAG
Last Modified By (Name/Id): Jordan Marsillo/00561000003GV5gAAG
************************************************************
************************************************************
FileName: reports/YPO_Prospects/Chapter_Prospects_DB.report
FullName/Id: YPO_Prospects/Chapter_Prospects_DB/00O61000003muPWEAY
Manageable State: unmanaged
Namespace Prefix: null
Created By (Name/Id): Kelli Do/00561000001PrKOAA0
Last Modified By (Name/Id): Kelli Do/00561000001PrKOAA0
************************************************************
************************************************************
FileName: reports/YPO_Prospects/Closed_Won_yet_Prospect.report
FullName/Id: YPO_Prospects/Closed_Won_yet_Prospect/00O610000043Bh3EAE
Manageable State: unmanaged
Namespace Prefix: null
Created By (Name/Id): Kelli Do/00561000001PrKOAA0
Last Modified By (Name/Id): Kelli Do/00561000001PrKOAA0
************************************************************
************************************************************
FileName: reports/YPO_Prospects/New_Members_by_Year_and_Gender_DB.report
FullName/Id: YPO_Prospects/New_Members_by_Year_and_Gender_DB/00O61000004EUQ2EAO
Manageable State: unmanaged
Namespace Prefix: null
Created By (Name/Id): Thomas Cook/00561000002EIpGAAW
Last Modified By (Name/Id): Thomas Cook/00561000002EIpGAAW
************************************************************
************************************************************
FileName: reports/YPO_Prospects/Active_Leads.report
FullName/Id: YPO_Prospects/Active_Leads/00O610000042ScFEAU
Manageable State: unmanaged
Namespace Prefix: null
Created By (Name/Id): Dana Kobernusz/00561000001QTMrAAO
Last Modified By (Name/Id): Dana Kobernusz/00561000001QTMrAAO
************************************************************
************************************************************
FileName: reports/YPO_Prospects/C_E_SActive_Leads_by_Chapter_DB.report
FullName/Id: YPO_Prospects/C_E_SActive_Leads_by_Chapter_DB/00O61000004E68xEAC
Manageable State: unmanaged
Namespace Prefix: null
Created By (Name/Id): Lauren Lesch/00561000002Dp00AAC
Last Modified By (Name/Id): Lauren Lesch/00561000002Dp00AAC
************************************************************
************************************************************
FileName: reports/YPO_Prospects/Month_End_Prospect_Detailed_List.report
FullName/Id: YPO_Prospects/Month_End_Prospect_Detailed_List/00O61000004Eo5KEAS
Manageable State: unmanaged
Namespace Prefix: null
Created By (Name/Id): Thomas Cook/00561000002EIpGAAW
Last Modified By (Name/Id): Thomas Cook/00561000002EIpGAAW
************************************************************
************************************************************
FileName: reports/YPO_Prospects/Active_leads_in_Europe.report
FullName/Id: YPO_Prospects/Active_leads_in_Europe/00O61000001ZlZ9EAK
Manageable State: unmanaged
Namespace Prefix: null
Created By (Name/Id): Alina Eskinazi/00561000002DoyrAAC
Last Modified By (Name/Id): Alina Eskinazi/00561000002DoyrAAC
************************************************************
************************************************************
FileName: reports/YPO_Prospects/Chapter_Assignment_History_TC.report
FullName/Id: YPO_Prospects/Chapter_Assignment_History_TC/00O61000001ZYyBEAW
Manageable State: unmanaged
Namespace Prefix: null
Created By (Name/Id): Thomas Cook/00561000002EIpGAAW
Last Modified By (Name/Id): Thomas Cook/00561000002EIpGAAW
************************************************************
************************************************************
FileName: reports/YPO_Prospects/Open_Lead_Opps_JustinSenato.report
FullName/Id: YPO_Prospects/Open_Lead_Opps_JustinSenato/00O610000042ZZsEAM
Manageable State: unmanaged
Namespace Prefix: null
Created By (Name/Id): Kelli Do/00561000001PrKOAA0
Last Modified By (Name/Id): Kelli Do/00561000001PrKOAA0
************************************************************
************************************************************
FileName: reports/YPO_Prospects/Leads_Awaiting_Chapter_Approval_10_Day.report
FullName/Id: YPO_Prospects/Leads_Awaiting_Chapter_Approval_10_Day/00O610000043EaKEAU
Manageable State: unmanaged
Namespace Prefix: null
Created By (Name/Id): Thomas Cook/00561000002EIpGAAW
Last Modified By (Name/Id): Thomas Cook/00561000002EIpGAAW
************************************************************
************************************************************
FileName: reports/YPO_Prospects/Unverified_Leads.report
FullName/Id: YPO_Prospects/Unverified_Leads/00O610000042jWAEAY
Manageable State: unmanaged
Namespace Prefix: null
Created By (Name/Id): Dana Kobernusz/00561000001QTMrAAO
Last Modified By (Name/Id): Dana Kobernusz/00561000001QTMrAAO
************************************************************
************************************************************
FileName: reports/YPO_Prospects/Lead_Search_by_ZIP_CODE.report
FullName/Id: YPO_Prospects/Lead_Search_by_ZIP_CODE/00O610000042U61EAE
Manageable State: unmanaged
Namespace Prefix: null
Created By (Name/Id): Thomas Cook/00561000002EIpGAAW
Last Modified By (Name/Id): Thomas Cook/00561000002EIpGAAW
************************************************************
************************************************************
FileName: reports/YPO_Prospects/FY17_New_Members_by_Join_Date.report
FullName/Id: YPO_Prospects/FY17_New_Members_by_Join_Date/00O61000003nIg8EAE
Manageable State: unmanaged
Namespace Prefix: null
Created By (Name/Id): Dana Kobernusz/00561000001QTMrAAO
Last Modified By (Name/Id): Dana Kobernusz/00561000001QTMrAAO
************************************************************
************************************************************
FileName: reports/YPO_Prospects/Lead_Status_DB.report
FullName/Id: YPO_Prospects/Lead_Status_DB/00O610000042ZYfEAM
Manageable State: unmanaged
Namespace Prefix: null
Created By (Name/Id): Kelli Do/00561000001PrKOAA0
Last Modified By (Name/Id): Kelli Do/00561000001PrKOAA0
************************************************************
************************************************************
FileName: reports/YPO_Prospects/Prospects_by_Source_by_Region_DB.report
FullName/Id: YPO_Prospects/Prospects_by_Source_by_Region_DB/00O61000003muOYEAY
Manageable State: unmanaged
Namespace Prefix: null
Created By (Name/Id): Kelli Do/00561000001PrKOAA0
Last Modified By (Name/Id): Kelli Do/00561000001PrKOAA0
************************************************************
************************************************************
FileName: reports/YPO_Prospects/Will_Not_Pursue_Leads_with_Target_Chpt.report
FullName/Id: YPO_Prospects/Will_Not_Pursue_Leads_with_Target_Chpt/00O61000003nUXGEA2
Manageable State: unmanaged
Namespace Prefix: null
Created By (Name/Id): Dana Kobernusz/00561000001QTMrAAO
Last Modified By (Name/Id): Dana Kobernusz/00561000001QTMrAAO
************************************************************
************************************************************
FileName: reports/YPO_Prospects/Old_Leads.report
FullName/Id: YPO_Prospects/Old_Leads/00O61000003n7mTEAQ
Manageable State: unmanaged
Namespace Prefix: null
Created By (Name/Id): Lynn Phillips/00561000000JTJQAA4
Last Modified By (Name/Id): Lynn Phillips/00561000000JTJQAA4
************************************************************
************************************************************
FileName: reports/YPO_Prospects/Lead_by_Region_JustinSenato.report
FullName/Id: YPO_Prospects/Lead_by_Region_JustinSenato/00O610000042ZZdEAM
Manageable State: unmanaged
Namespace Prefix: null
Created By (Name/Id): Kelli Do/00561000001PrKOAA0
Last Modified By (Name/Id): Kelli Do/00561000001PrKOAA0
************************************************************
************************************************************
FileName: reports/YPO_Prospects/Active_Leads_Total_DB.report
FullName/Id: YPO_Prospects/Active_Leads_Total_DB/00O6100000433UyEAI
Manageable State: unmanaged
Namespace Prefix: null
Created By (Name/Id): Thomas Cook/00561000002EIpGAAW
Last Modified By (Name/Id): Thomas Cook/00561000002EIpGAAW
************************************************************
************************************************************
FileName: reports/YPO_Prospects/Qualified_Not_Pursed_Fin_Institution.report
FullName/Id: YPO_Prospects/Qualified_Not_Pursed_Fin_Institution/00O61000004EtyAEAS
Manageable State: unmanaged
Namespace Prefix: null
Created By (Name/Id): Thomas Cook/00561000002EIpGAAW
Last Modified By (Name/Id): Thomas Cook/00561000002EIpGAAW
************************************************************
************************************************************
FileName: reports/YPO_Prospects/Prospects_Source_by_Region.report
FullName/Id: YPO_Prospects/Prospects_Source_by_Region/00O61000003mtqWEAQ
Manageable State: unmanaged
Namespace Prefix: null
Created By (Name/Id): Kelli Do/00561000001PrKOAA0
Last Modified By (Name/Id): Kelli Do/00561000001PrKOAA0
************************************************************
************************************************************
FileName: reports/YPO_Prospects/Members_Paid_Showing_as_New_Members.report
FullName/Id: YPO_Prospects/Members_Paid_Showing_as_New_Members/00O61000004E0F4EAK
Manageable State: unmanaged
Namespace Prefix: null
Created By (Name/Id): Kelli Do/00561000001PrKOAA0
Last Modified By (Name/Id): Kelli Do/00561000001PrKOAA0
************************************************************
************************************************************
FileName: reports/YPO_Prospects/Lead_Rejections_NEUS.report
FullName/Id: YPO_Prospects/Lead_Rejections_NEUS/00O610000042Z2yEAE
Manageable State: unmanaged
Namespace Prefix: null
Created By (Name/Id): Dana Kobernusz/00561000001QTMrAAO
Last Modified By (Name/Id): Dana Kobernusz/00561000001QTMrAAO
************************************************************
************************************************************
FileName: reports/YPO_Prospects/Former_Chapter_members.report
FullName/Id: YPO_Prospects/Former_Chapter_members/00O61000004625vEAA
Manageable State: unmanaged
Namespace Prefix: null
Created By (Name/Id): Joyce Jamengo/00561000001ucsrAAA
Last Modified By (Name/Id): Joyce Jamengo/00561000001ucsrAAA
************************************************************
************************************************************
FileName: reports/YPO_Prospects/Eligible_for_Reassignment_PAC_US_DB.report
FullName/Id: YPO_Prospects/Eligible_for_Reassignment_PAC_US_DB/00O61000001ZlCZEA0
Manageable State: unmanaged
Namespace Prefix: null
Created By (Name/Id): Jordan Marsillo/00561000003GV5gAAG
Last Modified By (Name/Id): Jordan Marsillo/00561000003GV5gAAG
************************************************************
************************************************************
FileName: reports/YPO_Prospects/New_Members_by_Reg_Chapter_Year_DB.report
FullName/Id: YPO_Prospects/New_Members_by_Reg_Chapter_Year_DB/00O61000004EnoiEAC
Manageable State: unmanaged
Namespace Prefix: null
Created By (Name/Id): Thomas Cook/00561000002EIpGAAW
Last Modified By (Name/Id): Thomas Cook/00561000002EIpGAAW
************************************************************
************************************************************
FileName: reports/YPO_Prospects/Active_Leads_by_Region_PAC_US_DB.report
FullName/Id: YPO_Prospects/Active_Leads_by_Region_PAC_US_DB/00O61000001ZlDNEA0
Manageable State: unmanaged
Namespace Prefix: null
Created By (Name/Id): Jordan Marsillo/00561000003GV5gAAG
Last Modified By (Name/Id): Jordan Marsillo/00561000003GV5gAAG
************************************************************
************************************************************
FileName: reports/YPO_Prospects/Bay_area_FY18_new_members_30112017.report
FullName/Id: YPO_Prospects/Bay_area_FY18_new_members_30112017/00O610000042n8CEAQ
Manageable State: unmanaged
Namespace Prefix: null
Created By (Name/Id): Elizabeth Simental/00561000002Dp3NAAS
Last Modified By (Name/Id): Elizabeth Simental/00561000002Dp3NAAS
************************************************************
************************************************************
FileName: reports/YPO_Prospects/San_Francisco_recruitment1.report
FullName/Id: YPO_Prospects/San_Francisco_recruitment1/00O61000003nXXJEA2
Manageable State: unmanaged
Namespace Prefix: null
Created By (Name/Id): Elizabeth Simental/00561000002Dp3NAAS
Last Modified By (Name/Id): Elizabeth Simental/00561000002Dp3NAAS
************************************************************
************************************************************
FileName: reports/YPO_Prospects/C_E_S_Awaiting_Chapter_Approval_DB.report
FullName/Id: YPO_Prospects/C_E_S_Awaiting_Chapter_Approval_DB/00O61000004E684EAC
Manageable State: unmanaged
Namespace Prefix: null
Created By (Name/Id): Lauren Lesch/00561000002Dp00AAC
Last Modified By (Name/Id): Lauren Lesch/00561000002Dp00AAC
************************************************************
************************************************************
FileName: reports/YPO_Prospects/San_Francisco_Recruitment2.report
FullName/Id: YPO_Prospects/San_Francisco_Recruitment2/00O61000003nXo5EAE
Manageable State: unmanaged
Namespace Prefix: null
Created By (Name/Id): Thomas Cook/00561000002EIpGAAW
Last Modified By (Name/Id): Thomas Cook/00561000002EIpGAAW
************************************************************
************************************************************
FileName: reports/YPO_Prospects/X2018_Converted_Leads_With_Waiver_Info.report
FullName/Id: YPO_Prospects/X2018_Converted_Leads_With_Waiver_Info/00O61000004EjZ0EAK
Manageable State: unmanaged
Namespace Prefix: null
Created By (Name/Id): Thomas Cook/00561000002EIpGAAW
Last Modified By (Name/Id): Thomas Cook/00561000002EIpGAAW
************************************************************
************************************************************
FileName: reports/YPO_Prospects/C_E_S_Total_New_Members_by_Month_DB.report
FullName/Id: YPO_Prospects/C_E_S_Total_New_Members_by_Month_DB/00O61000004E65oEAC
Manageable State: unmanaged
Namespace Prefix: null
Created By (Name/Id): Lauren Lesch/00561000002Dp00AAC
Last Modified By (Name/Id): Lauren Lesch/00561000002Dp00AAC
************************************************************
************************************************************
FileName: reports/YPO_Prospects/Funnel_Active_Leads_DB.report
FullName/Id: YPO_Prospects/Funnel_Active_Leads_DB/00O6100000433gkEAA
Manageable State: unmanaged
Namespace Prefix: null
Created By (Name/Id): Thomas Cook/00561000002EIpGAAW
Last Modified By (Name/Id): Thomas Cook/00561000002EIpGAAW
************************************************************
************************************************************
FileName: reports/YPO_Prospects/Leads_Awaiting_Chapter_Approval_PAC_US.report
FullName/Id: YPO_Prospects/Leads_Awaiting_Chapter_Approval_PAC_US/00O61000001ZlCFEA0
Manageable State: unmanaged
Namespace Prefix: null
Created By (Name/Id): Jordan Marsillo/00561000003GV5gAAG
Last Modified By (Name/Id): Jordan Marsillo/00561000003GV5gAAG
************************************************************
************************************************************
FileName: reports/YPO_Prospects/Prospects_Pending_Pmt_EMEA_by_Region_DB.report
FullName/Id: YPO_Prospects/Prospects_Pending_Pmt_EMEA_by_Region_DB/00O61000001ZlBREA0
Manageable State: unmanaged
Namespace Prefix: null
Created By (Name/Id): Thomas Cook/00561000002EIpGAAW
Last Modified By (Name/Id): Thomas Cook/00561000002EIpGAAW
************************************************************
************************************************************
FileName: reports/YPO_Prospects/Leads_with_Pending_Waivers.report
FullName/Id: YPO_Prospects/Leads_with_Pending_Waivers/00O61000003nWxGEAU
Manageable State: unmanaged
Namespace Prefix: null
Created By (Name/Id): Dana Kobernusz/00561000001QTMrAAO
Last Modified By (Name/Id): Justin Senato/00561000002Dp3GAAS
************************************************************
************************************************************
FileName: reports/YPO_Prospects/Active_Leads_South_Asia.report
FullName/Id: YPO_Prospects/Active_Leads_South_Asia/00O610000042SbHEAU
Manageable State: unmanaged
Namespace Prefix: null
Created By (Name/Id): Dana Kobernusz/00561000001QTMrAAO
Last Modified By (Name/Id): Dana Kobernusz/00561000001QTMrAAO
************************************************************
************************************************************
FileName: reports/YPO_Prospects/C_E_S_Active_Leads_by_Region_DB.report
FullName/Id: YPO_Prospects/C_E_S_Active_Leads_by_Region_DB/00O61000004E69CEAS
Manageable State: unmanaged
Namespace Prefix: null
Created By (Name/Id): Lauren Lesch/00561000002Dp00AAC
Last Modified By (Name/Id): Lauren Lesch/00561000002Dp00AAC
************************************************************
************************************************************
FileName: reports/YPO_Prospects/Pacific_US_qualified_not_assigned_leads.report
FullName/Id: YPO_Prospects/Pacific_US_qualified_not_assigned_leads/00O610000042oQREAY
Manageable State: unmanaged
Namespace Prefix: null
Created By (Name/Id): Elizabeth Simental/00561000002Dp3NAAS
Last Modified By (Name/Id): Elizabeth Simental/00561000002Dp3NAAS
************************************************************
************************************************************
FileName: reports/YPO_Prospects/Qualified_Leads_Not_Pursued.report
FullName/Id: YPO_Prospects/Qualified_Leads_Not_Pursued/00O61000004EZyYEAW
Manageable State: unmanaged
Namespace Prefix: null
Created By (Name/Id): Thomas Cook/00561000002EIpGAAW
Last Modified By (Name/Id): Thomas Cook/00561000002EIpGAAW
************************************************************
************************************************************
FileName: reports/YPO_Prospects/Leads_with_DocuSign_Status.report
FullName/Id: YPO_Prospects/Leads_with_DocuSign_Status/00O610000042QlFEAU
Manageable State: unmanaged
Namespace Prefix: null
Created By (Name/Id): Kelli Do/00561000001PrKOAA0
Last Modified By (Name/Id): Dana Kobernusz/00561000001QTMrAAO
************************************************************
************************************************************
FileName: reports/YPO_Prospects/Converted_Test.report
FullName/Id: YPO_Prospects/Converted_Test/00O61000003nUzjEAE
Manageable State: unmanaged
Namespace Prefix: null
Created By (Name/Id): Dana Kobernusz/00561000001QTMrAAO
Last Modified By (Name/Id): Kelli Do/00561000001PrKOAA0
************************************************************
************************************************************
FileName: reports/YPO_Prospects/C_E_S_Total_New_Members_by_Quarter_DB.report
FullName/Id: YPO_Prospects/C_E_S_Total_New_Members_by_Quarter_DB/00O61000004E66hEAC
Manageable State: unmanaged
Namespace Prefix: null
Created By (Name/Id): Lauren Lesch/00561000002Dp00AAC
Last Modified By (Name/Id): Lauren Lesch/00561000002Dp00AAC
************************************************************
************************************************************
FileName: reports/YPO_Prospects/CMO_last_login_date_by_Chapter.report
FullName/Id: YPO_Prospects/CMO_last_login_date_by_Chapter/00O61000003nNq4EAE
Manageable State: unmanaged
Namespace Prefix: null
Created By (Name/Id): Lynn Phillips/00561000000JTJQAA4
Last Modified By (Name/Id): Lynn Phillips/00561000000JTJQAA4
************************************************************
************************************************************
FileName: reports/YPO_Prospects/Prospects_Pending_Payment_PAC_US_DB.report
FullName/Id: YPO_Prospects/Prospects_Pending_Payment_PAC_US_DB/00O61000001ZlCjEAK
Manageable State: unmanaged
Namespace Prefix: null
Created By (Name/Id): Jordan Marsillo/00561000003GV5gAAG
Last Modified By (Name/Id): Jordan Marsillo/00561000003GV5gAAG
************************************************************
************************************************************
FileName: reports/YPO_Prospects/Chapter_Prospects_by_Source_DB.report
FullName/Id: YPO_Prospects/Chapter_Prospects_by_Source_DB/00O61000003muPbEAI
Manageable State: unmanaged
Namespace Prefix: null
Created By (Name/Id): Kelli Do/00561000001PrKOAA0
Last Modified By (Name/Id): Kelli Do/00561000001PrKOAA0
************************************************************
************************************************************
FileName: reports/YPO_Prospects/Female_New_Members_Regional_ChaptersDB.report
FullName/Id: YPO_Prospects/Female_New_Members_Regional_ChaptersDB/00O61000004Enp7EAC
Manageable State: unmanaged
Namespace Prefix: null
Created By (Name/Id): Thomas Cook/00561000002EIpGAAW
Last Modified By (Name/Id): Thomas Cook/00561000002EIpGAAW
************************************************************
************************************************************
FileName: reports/YPO_Prospects/Active_Leads_Southeast_US_and_Caribbean.report
FullName/Id: YPO_Prospects/Active_Leads_Southeast_US_and_Caribbean/00O610000042Sz4EAE
Manageable State: unmanaged
Namespace Prefix: null
Created By (Name/Id): Dana Kobernusz/00561000001QTMrAAO
Last Modified By (Name/Id): Dana Kobernusz/00561000001QTMrAAO
************************************************************
************************************************************
FileName: reports/YPO_Prospects/New_Members_by_Quarter_Pacific_US_DB.report
FullName/Id: YPO_Prospects/New_Members_by_Quarter_Pacific_US_DB/00O61000001ZlBlEAK
Manageable State: unmanaged
Namespace Prefix: null
Created By (Name/Id): Jordan Marsillo/00561000003GV5gAAG
Last Modified By (Name/Id): Jordan Marsillo/00561000003GV5gAAG
************************************************************
************************************************************
FileName: reports/YPO_Prospects/Leads_Awaiting_Chapter_Approval_Europe.report
FullName/Id: YPO_Prospects/Leads_Awaiting_Chapter_Approval_Europe/00O61000001ZlBgEAK
Manageable State: unmanaged
Namespace Prefix: null
Created By (Name/Id): Thomas Cook/00561000002EIpGAAW
Last Modified By (Name/Id): Thomas Cook/00561000002EIpGAAW
************************************************************
************************************************************
FileName: reports/YPO_Prospects/New_Members_by_Year_DB.report
FullName/Id: YPO_Prospects/New_Members_by_Year_DB/00O6100000433V8EAI
Manageable State: unmanaged
Namespace Prefix: null
Created By (Name/Id): Thomas Cook/00561000002EIpGAAW
Last Modified By (Name/Id): Thomas Cook/00561000002EIpGAAW
************************************************************
************************************************************
FileName: reports/YPO_Prospects/Active_Leads_by_Chapter.report
FullName/Id: YPO_Prospects/Active_Leads_by_Chapter/00O61000003nTM2EAM
Manageable State: unmanaged
Namespace Prefix: null
Created By (Name/Id): Dana Kobernusz/00561000001QTMrAAO
Last Modified By (Name/Id): Thomas Cook/00561000002EIpGAAW
************************************************************
************************************************************
FileName: reports/YPO_Prospects/YPO_Chapters_with_Higher_Criteria.report
FullName/Id: YPO_Prospects/YPO_Chapters_with_Higher_Criteria/00O610000042bgiEAA
Manageable State: unmanaged
Namespace Prefix: null
Created By (Name/Id): Dana Kobernusz/00561000001QTMrAAO
Last Modified By (Name/Id): Dana Kobernusz/00561000001QTMrAAO
************************************************************
************************************************************
FileName: reports/YPO_Prospects/C_E_S_Prospects_Pending_Payments_by_Regi.report
FullName/Id: YPO_Prospects/C_E_S_Prospects_Pending_Payments_by_Regi/00O61000004E68dEAC
Manageable State: unmanaged
Namespace Prefix: null
Created By (Name/Id): Lauren Lesch/00561000002Dp00AAC
Last Modified By (Name/Id): Lauren Lesch/00561000002Dp00AAC
************************************************************
************************************************************
FileName: reports/YPO_Prospects/Total_New_Members_by_Month_EMEA_DB.report
FullName/Id: YPO_Prospects/Total_New_Members_by_Month_EMEA_DB/00O61000001ZlB7EAK
Manageable State: unmanaged
Namespace Prefix: null
Created By (Name/Id): Thomas Cook/00561000002EIpGAAW
Last Modified By (Name/Id): Thomas Cook/00561000002EIpGAAW
************************************************************
************************************************************
FileName: reports/YPO_Prospects/Active_Leads_by_Chapter_Pacific_US_DB.report
FullName/Id: YPO_Prospects/Active_Leads_by_Chapter_Pacific_US_DB/00O61000001ZlCtEAK
Manageable State: unmanaged
Namespace Prefix: null
Created By (Name/Id): Jordan Marsillo/00561000003GV5gAAG
Last Modified By (Name/Id): Jordan Marsillo/00561000003GV5gAAG
************************************************************
************************************************************
FileName: reports/YPO_Prospects/Qualified_Unqualified_DB.report
FullName/Id: YPO_Prospects/Qualified_Unqualified_DB/00O61000003muPHEAY
Manageable State: unmanaged
Namespace Prefix: null
Created By (Name/Id): Kelli Do/00561000001PrKOAA0
Last Modified By (Name/Id): Kelli Do/00561000001PrKOAA0
************************************************************
************************************************************
FileName: reports/YPO_Prospects/Leads_with_Qualification_Info.report
FullName/Id: YPO_Prospects/Leads_with_Qualification_Info/00O610000042d5tEAA
Manageable State: unmanaged
Namespace Prefix: null
Created By (Name/Id): Dana Kobernusz/00561000001QTMrAAO
Last Modified By (Name/Id): Dana Kobernusz/00561000001QTMrAAO
************************************************************
************************************************************
FileName: reports/YPO_Prospects/Female_New_Members_by_Region_DB.report
FullName/Id: YPO_Prospects/Female_New_Members_by_Region_DB/00O61000004EmlJEAS
Manageable State: unmanaged
Namespace Prefix: null
Created By (Name/Id): Thomas Cook/00561000002EIpGAAW
Last Modified By (Name/Id): Thomas Cook/00561000002EIpGAAW
************************************************************
************************************************************
FileName: reports/YPO_Prospects/Leads_with_Rejection_History.report
FullName/Id: YPO_Prospects/Leads_with_Rejection_History/00O610000042nqYEAQ
Manageable State: unmanaged
Namespace Prefix: null
Created By (Name/Id): Kelli Do/00561000001PrKOAA0
Last Modified By (Name/Id): Dana Kobernusz/00561000001QTMrAAO
************************************************************
************************************************************
FileName: reports/YPO_Prospects/New_Monthly_Female_Members_PAC_US_DB.report
FullName/Id: YPO_Prospects/New_Monthly_Female_Members_PAC_US_DB/00O61000004E5vPEAS
Manageable State: unmanaged
Namespace Prefix: null
Created By (Name/Id): Jordan Marsillo/00561000003GV5gAAG
Last Modified By (Name/Id): Jordan Marsillo/00561000003GV5gAAG
************************************************************
************************************************************
FileName: reports/YPO_Prospects/Kittu_Potential_Leads.report
FullName/Id: YPO_Prospects/Kittu_Potential_Leads/00O610000042jWPEAY
Manageable State: unmanaged
Namespace Prefix: null
Created By (Name/Id): Dana Kobernusz/00561000001QTMrAAO
Last Modified By (Name/Id): Dana Kobernusz/00561000001QTMrAAO
************************************************************
************************************************************
FileName: reports/YPO_Prospects/Members_with_Join_Date_Application_D.report
FullName/Id: YPO_Prospects/Members_with_Join_Date_Application_D/00O61000003nZobEAE
Manageable State: unmanaged
Namespace Prefix: null
Created By (Name/Id): Dana Kobernusz/00561000001QTMrAAO
Last Modified By (Name/Id): Dana Kobernusz/00561000001QTMrAAO
************************************************************
************************************************************
FileName: reports/YPO_Prospects/TCook_Pacific_Prospect_Report.report
FullName/Id: YPO_Prospects/TCook_Pacific_Prospect_Report/00O610000046OCcEAM
Manageable State: unmanaged
Namespace Prefix: null
Created By (Name/Id): Thomas Cook/00561000002EIpGAAW
Last Modified By (Name/Id): Thomas Cook/00561000002EIpGAAW
************************************************************
************************************************************
FileName: reports/YPO_Prospects/Int_Prospects_by_Lead_Status_Count_DB.report
FullName/Id: YPO_Prospects/Int_Prospects_by_Lead_Status_Count_DB/00O61000003muV0EAI
Manageable State: unmanaged
Namespace Prefix: null
Created By (Name/Id): Kelli Do/00561000001PrKOAA0
Last Modified By (Name/Id): Kelli Do/00561000001PrKOAA0
************************************************************
************************************************************
FileName: reports/YPO_Prospects/C_E_S_New_Members_by_Year_DB.report
FullName/Id: YPO_Prospects/C_E_S_New_Members_by_Year_DB/00O61000004E67BEAS
Manageable State: unmanaged
Namespace Prefix: null
Created By (Name/Id): Lauren Lesch/00561000002Dp00AAC
Last Modified By (Name/Id): Lauren Lesch/00561000002Dp00AAC
************************************************************
************************************************************
FileName: reports/YPO_Prospects/Chapter_Qualified_Unqualified_DB.report
FullName/Id: YPO_Prospects/Chapter_Qualified_Unqualified_DB/00O61000003muPgEAI
Manageable State: unmanaged
Namespace Prefix: null
Created By (Name/Id): Kelli Do/00561000001PrKOAA0
Last Modified By (Name/Id): Kelli Do/00561000001PrKOAA0
************************************************************
************************************************************
FileName: reports/YPO_Prospects/TEST_Qualified_Prospects_Not_With_Chap.report
FullName/Id: YPO_Prospects/TEST_Qualified_Prospects_Not_With_Chap/00O61000003nPHcEAM
Manageable State: unmanaged
Namespace Prefix: null
Created By (Name/Id): Thomas Cook/00561000002EIpGAAW
Last Modified By (Name/Id): Thomas Cook/00561000002EIpGAAW
************************************************************
************************************************************
FileName: reports/YPO_Prospects/Leads_Awaiting_Chapter_Approval.report
FullName/Id: YPO_Prospects/Leads_Awaiting_Chapter_Approval/00O610000043609EAA
Manageable State: unmanaged
Namespace Prefix: null
Created By (Name/Id): Thomas Cook/00561000002EIpGAAW
Last Modified By (Name/Id): Thomas Cook/00561000002EIpGAAW
************************************************************
************************************************************
FileName: reports/YPO_Prospects/TC_Payment_Received_by_Not_Closed_Won.report
FullName/Id: YPO_Prospects/TC_Payment_Received_by_Not_Closed_Won/00O61000004EeTlEAK
Manageable State: unmanaged
Namespace Prefix: null
Created By (Name/Id): Thomas Cook/00561000002EIpGAAW
Last Modified By (Name/Id): Thomas Cook/00561000002EIpGAAW
************************************************************
************************************************************
FileName: reports/YPO_Prospects/Open_Lead_Opportunities_by_RegChpt_DB.report
FullName/Id: YPO_Prospects/Open_Lead_Opportunities_by_RegChpt_DB/00O610000042ZZ9EAM
Manageable State: unmanaged
Namespace Prefix: null
Created By (Name/Id): Kelli Do/00561000001PrKOAA0
Last Modified By (Name/Id): Kelli Do/00561000001PrKOAA0
************************************************************
************************************************************
FileName: reports/YPO_Prospects/Lead_Status.report
FullName/Id: YPO_Prospects/Lead_Status/00O610000042ZXcEAM
Manageable State: unmanaged
Namespace Prefix: null
Created By (Name/Id): Dana Kobernusz/00561000001QTMrAAO
Last Modified By (Name/Id): Dana Kobernusz/00561000001QTMrAAO
************************************************************
************************************************************
FileName: reports/YPO_Prospects/Eligible_for_Reassignment_DB.report
FullName/Id: YPO_Prospects/Eligible_for_Reassignment_DB/00O6100000433UtEAI
Manageable State: unmanaged
Namespace Prefix: null
Created By (Name/Id): Thomas Cook/00561000002EIpGAAW
Last Modified By (Name/Id): Thomas Cook/00561000002EIpGAAW
************************************************************
