************************************************************
FileName: reports/Southeast_Asia_Report/YPO_SEA_Prospect_Leads_by_Chapter.report
FullName/Id: Southeast_Asia_Report/YPO_SEA_Prospect_Leads_by_Chapter/00O61000004ElQZEA0
Manageable State: unmanaged
Namespace Prefix: null
Created By (Name/Id): Susana Tan/00561000002Dp3kAAC
Last Modified By (Name/Id): Susana Tan/00561000002Dp3kAAC
************************************************************
************************************************************
FileName: reports/Southeast_Asia_Report/Gender_Report1.report
FullName/Id: Southeast_Asia_Report/Gender_Report1/00O61000004ElQPEA0
Manageable State: unmanaged
Namespace Prefix: null
Created By (Name/Id): Susana Tan/00561000002Dp3kAAC
Last Modified By (Name/Id): Susana Tan/00561000002Dp3kAAC
************************************************************
************************************************************
FileName: reports/Southeast_Asia_Report/YPO_Gold_CBMS_Status.report
FullName/Id: Southeast_Asia_Report/YPO_Gold_CBMS_Status/00O61000004EdH0EAK
Manageable State: unmanaged
Namespace Prefix: null
Created By (Name/Id): Jennifer Tan/00561000002Dp3jAAC
Last Modified By (Name/Id): Jennifer Tan/00561000002Dp3jAAC
************************************************************
************************************************************
FileName: reports/Southeast_Asia_Report/New_Members_FY19.report
FullName/Id: Southeast_Asia_Report/New_Members_FY19/00O61000004ElQ5EAK
Manageable State: unmanaged
Namespace Prefix: null
Created By (Name/Id): Susana Tan/00561000002Dp3kAAC
Last Modified By (Name/Id): Susana Tan/00561000002Dp3kAAC
************************************************************
************************************************************
FileName: reports/Southeast_Asia_Report/YPO_Gold_CBMS20.report
FullName/Id: Southeast_Asia_Report/YPO_Gold_CBMS20/00O610000042l0aEAA
Manageable State: unmanaged
Namespace Prefix: null
Created By (Name/Id): Danny Smith/00561000002BqLRAA0
Last Modified By (Name/Id): Danny Smith/00561000002BqLRAA0
************************************************************
************************************************************
FileName: reports/Southeast_Asia_Report/FY18_Lifetime_Members_Southeast_Asia.report
FullName/Id: Southeast_Asia_Report/FY18_Lifetime_Members_Southeast_Asia/00O61000004ELOgEAO
Manageable State: unmanaged
Namespace Prefix: null
Created By (Name/Id): Danny Smith/00561000002BqLRAA0
Last Modified By (Name/Id): Danny Smith/00561000002BqLRAA0
************************************************************
************************************************************
FileName: reports/Southeast_Asia_Report/Dashboard_Chp_Event_Participation.report
FullName/Id: Southeast_Asia_Report/Dashboard_Chp_Event_Participation/00O61000004ElPREA0
Manageable State: unmanaged
Namespace Prefix: null
Created By (Name/Id): Danny Smith/00561000002BqLRAA0
Last Modified By (Name/Id): Danny Smith/00561000002BqLRAA0
************************************************************
************************************************************
FileName: reports/Southeast_Asia_Report/YPO_Renewal_Projection_Report_SEA.report
FullName/Id: Southeast_Asia_Report/YPO_Renewal_Projection_Report_SEA/00O61000004EL9bEAG
Manageable State: unmanaged
Namespace Prefix: null
Created By (Name/Id): Danny Smith/00561000002BqLRAA0
Last Modified By (Name/Id): Danny Smith/00561000002BqLRAA0
************************************************************
************************************************************
FileName: reports/Southeast_Asia_Report/YPO_CBMS_Status.report
FullName/Id: Southeast_Asia_Report/YPO_CBMS_Status/00O61000004EdGvEAK
Manageable State: unmanaged
Namespace Prefix: null
Created By (Name/Id): Jennifer Tan/00561000002Dp3jAAC
Last Modified By (Name/Id): Jennifer Tan/00561000002Dp3jAAC
************************************************************
************************************************************
FileName: reports/Southeast_Asia_Report/SEA_Y_Members.report
FullName/Id: Southeast_Asia_Report/SEA_Y_Members/00O610000049opLEAQ
Manageable State: unmanaged
Namespace Prefix: null
Created By (Name/Id): Jennifer Tan/00561000002Dp3jAAC
Last Modified By (Name/Id): Jennifer Tan/00561000002Dp3jAAC
************************************************************
************************************************************
FileName: reports/Southeast_Asia_Report/YPO_Member_Profile_Report_Southeast_Asia.report
FullName/Id: Southeast_Asia_Report/YPO_Member_Profile_Report_Southeast_Asia/00O610000042lYwEAI
Manageable State: unmanaged
Namespace Prefix: null
Created By (Name/Id): Danny Smith/00561000002BqLRAA0
Last Modified By (Name/Id): Danny Smith/00561000002BqLRAA0
************************************************************
************************************************************
FileName: reports/Southeast_Asia_Report/SEA_Current_Officers_Regional_Chapter.report
FullName/Id: Southeast_Asia_Report/SEA_Current_Officers_Regional_Chapter/00O610000042WA5EAM
Manageable State: unmanaged
Namespace Prefix: null
Created By (Name/Id): Jennifer Tan/00561000002Dp3jAAC
Last Modified By (Name/Id): Jennifer Tan/00561000002Dp3jAAC
************************************************************
************************************************************
FileName: reports/Southeast_Asia_Report/All_Active_SEA_Members.report
FullName/Id: Southeast_Asia_Report/All_Active_SEA_Members/00O61000004EFqeEAG
Manageable State: unmanaged
Namespace Prefix: null
Created By (Name/Id): Jennifer Tan/00561000002Dp3jAAC
Last Modified By (Name/Id): Jennifer Tan/00561000002Dp3jAAC
************************************************************
************************************************************
FileName: reports/Southeast_Asia_Report/SEA_NMV_FFV_FFS.report
FullName/Id: Southeast_Asia_Report/SEA_NMV_FFV_FFS/00O61000004ElSGEA0
Manageable State: unmanaged
Namespace Prefix: null
Created By (Name/Id): Susana Tan/00561000002Dp3kAAC
Last Modified By (Name/Id): Susana Tan/00561000002Dp3kAAC
************************************************************
************************************************************
FileName: reports/Southeast_Asia_Report/FY19_Regional_Officer_ID_SE_Asia.report
FullName/Id: Southeast_Asia_Report/FY19_Regional_Officer_ID_SE_Asia/00O610000042l0uEAA
Manageable State: unmanaged
Namespace Prefix: null
Created By (Name/Id): Danny Smith/00561000002BqLRAA0
Last Modified By (Name/Id): Jennifer Tan/00561000002Dp3jAAC
************************************************************
************************************************************
FileName: reports/Southeast_Asia_Report/All_SEA_Female_Officers.report
FullName/Id: Southeast_Asia_Report/All_SEA_Female_Officers/00O61000004EHGTEA4
Manageable State: unmanaged
Namespace Prefix: null
Created By (Name/Id): Jennifer Tan/00561000002Dp3jAAC
Last Modified By (Name/Id): Jennifer Tan/00561000002Dp3jAAC
************************************************************
************************************************************
FileName: reports/Southeast_Asia_Report/SEA_Chapter_Officers_Elect.report
FullName/Id: Southeast_Asia_Report/SEA_Chapter_Officers_Elect/00O610000042mpUEAQ
Manageable State: unmanaged
Namespace Prefix: null
Created By (Name/Id): Jennifer Tan/00561000002Dp3jAAC
Last Modified By (Name/Id): Jennifer Tan/00561000002Dp3jAAC
************************************************************
************************************************************
FileName: reports/Southeast_Asia_Report/YPO_Chapter_Health_Metrics_Southeast_Asi.report
FullName/Id: Southeast_Asia_Report/YPO_Chapter_Health_Metrics_Southeast_Asi/00O610000042lcoEAA
Manageable State: unmanaged
Namespace Prefix: null
Created By (Name/Id): Danny Smith/00561000002BqLRAA0
Last Modified By (Name/Id): Danny Smith/00561000002BqLRAA0
************************************************************
************************************************************
FileName: reports/Southeast_Asia_Report/YPO_SEA_New_Member_Vouchers_not_used.report
FullName/Id: Southeast_Asia_Report/YPO_SEA_New_Member_Vouchers_not_used/00O61000004ElR8EAK
Manageable State: unmanaged
Namespace Prefix: null
Created By (Name/Id): Susana Tan/00561000002Dp3kAAC
Last Modified By (Name/Id): Susana Tan/00561000002Dp3kAAC
************************************************************
************************************************************
FileName: reports/Southeast_Asia_Report/SEA_Members_in_Intl_Committee1.report
FullName/Id: Southeast_Asia_Report/SEA_Members_in_Intl_Committee1/00O610000042WAAEA2
Manageable State: unmanaged
Namespace Prefix: null
Created By (Name/Id): Jennifer Tan/00561000002Dp3jAAC
Last Modified By (Name/Id): Jennifer Tan/00561000002Dp3jAAC
************************************************************
************************************************************
FileName: reports/Southeast_Asia_Report/YPO_Chapter_Health_Data_Southeast_Asia.report
FullName/Id: Southeast_Asia_Report/YPO_Chapter_Health_Data_Southeast_Asia/00O610000042ladEAA
Manageable State: unmanaged
Namespace Prefix: null
Created By (Name/Id): Danny Smith/00561000002BqLRAA0
Last Modified By (Name/Id): Danny Smith/00561000002BqLRAA0
************************************************************
************************************************************
FileName: reports/Southeast_Asia_Report/Chapter_Member_w_Add_and_Contact_Info1.report
FullName/Id: Southeast_Asia_Report/Chapter_Member_w_Add_and_Contact_Info1/00O610000042voLEAQ
Manageable State: unmanaged
Namespace Prefix: null
Created By (Name/Id): Jennifer Tan/00561000002Dp3jAAC
Last Modified By (Name/Id): Jennifer Tan/00561000002Dp3jAAC
************************************************************
************************************************************
FileName: reports/Southeast_Asia_Report/YPO_Singapore_New_Members_FY181.report
FullName/Id: Southeast_Asia_Report/YPO_Singapore_New_Members_FY181/00O61000004EUsuEAG
Manageable State: unmanaged
Namespace Prefix: null
Created By (Name/Id): Danny Smith/00561000002BqLRAA0
Last Modified By (Name/Id): Danny Smith/00561000002BqLRAA0
************************************************************
************************************************************
FileName: reports/Southeast_Asia_Report/Member_Profile_Completion_by_Chapter.report
FullName/Id: Southeast_Asia_Report/Member_Profile_Completion_by_Chapter/00O61000004E1ojEAC
Manageable State: unmanaged
Namespace Prefix: null
Created By (Name/Id): Jennifer Tan/00561000002Dp3jAAC
Last Modified By (Name/Id): Jennifer Tan/00561000002Dp3jAAC
************************************************************
************************************************************
FileName: reports/Southeast_Asia_Report/Member_by_Industry.report
FullName/Id: Southeast_Asia_Report/Member_by_Industry/00O610000042mETEAY
Manageable State: unmanaged
Namespace Prefix: null
Created By (Name/Id): Jennifer Tan/00561000002Dp3jAAC
Last Modified By (Name/Id): Jennifer Tan/00561000002Dp3jAAC
************************************************************
************************************************************
FileName: reports/Southeast_Asia_Report/SEA_CA_Listing_by_Chapter.report
FullName/Id: Southeast_Asia_Report/SEA_CA_Listing_by_Chapter/00O610000049mSZEAY
Manageable State: unmanaged
Namespace Prefix: null
Created By (Name/Id): Jennifer Tan/00561000002Dp3jAAC
Last Modified By (Name/Id): Jennifer Tan/00561000002Dp3jAAC
************************************************************
************************************************************
FileName: reports/Southeast_Asia_Report/FY19_Chapter_Officer_Attd_GLC_SE_Asia.report
FullName/Id: Southeast_Asia_Report/FY19_Chapter_Officer_Attd_GLC_SE_Asia/00O610000042mVUEAY
Manageable State: unmanaged
Namespace Prefix: null
Created By (Name/Id): Danny Smith/00561000002BqLRAA0
Last Modified By (Name/Id): Danny Smith/00561000002BqLRAA0
************************************************************
************************************************************
FileName: reports/Southeast_Asia_Report/FY19_Officer_Attd_CLW_America_SE_Asia.report
FullName/Id: Southeast_Asia_Report/FY19_Officer_Attd_CLW_America_SE_Asia/00O610000042mWrEAI
Manageable State: unmanaged
Namespace Prefix: null
Created By (Name/Id): Danny Smith/00561000002BqLRAA0
Last Modified By (Name/Id): Danny Smith/00561000002BqLRAA0
************************************************************
************************************************************
FileName: reports/Southeast_Asia_Report/FY19_Officer_Attd_CLW_Europe_SE_Asia.report
FullName/Id: Southeast_Asia_Report/FY19_Officer_Attd_CLW_Europe_SE_Asia/00O610000042mW3EAI
Manageable State: unmanaged
Namespace Prefix: null
Created By (Name/Id): Danny Smith/00561000002BqLRAA0
Last Modified By (Name/Id): Danny Smith/00561000002BqLRAA0
************************************************************
************************************************************
FileName: reports/Southeast_Asia_Report/SEA_Renewals_Members_Not_Renewed.report
FullName/Id: Southeast_Asia_Report/SEA_Renewals_Members_Not_Renewed/00O61000004EnuMEAS
Manageable State: unmanaged
Namespace Prefix: null
Created By (Name/Id): Jennifer Tan/00561000002Dp3jAAC
Last Modified By (Name/Id): Jennifer Tan/00561000002Dp3jAAC
************************************************************
************************************************************
FileName: reports/Southeast_Asia_Report/Sample_with_charts_officer_identificat.report
FullName/Id: Southeast_Asia_Report/Sample_with_charts_officer_identificat/00O610000042mzjEAA
Manageable State: unmanaged
Namespace Prefix: null
Created By (Name/Id): Susana Tan/00561000002Dp3kAAC
Last Modified By (Name/Id): Susana Tan/00561000002Dp3kAAC
************************************************************
************************************************************
FileName: reports/Southeast_Asia_Report/Chapter_Health_Status.report
FullName/Id: Southeast_Asia_Report/Chapter_Health_Status/00O610000042bZcEAI
Manageable State: unmanaged
Namespace Prefix: null
Created By (Name/Id): Jennifer Tan/00561000002Dp3jAAC
Last Modified By (Name/Id): Jennifer Tan/00561000002Dp3jAAC
************************************************************
************************************************************
FileName: reports/Southeast_Asia_Report/Chapter_Visits_Southeast_Asia.report
FullName/Id: Southeast_Asia_Report/Chapter_Visits_Southeast_Asia/00O61000004E1dqEAC
Manageable State: unmanaged
Namespace Prefix: null
Created By (Name/Id): Danny Smith/00561000002BqLRAA0
Last Modified By (Name/Id): Danny Smith/00561000002BqLRAA0
************************************************************
************************************************************
FileName: reports/Southeast_Asia_Report/Chapter_Health_Progress.report
FullName/Id: Southeast_Asia_Report/Chapter_Health_Progress/00O61000004DyPgEAK
Manageable State: unmanaged
Namespace Prefix: null
Created By (Name/Id): Jennifer Tan/00561000002Dp3jAAC
Last Modified By (Name/Id): Jennifer Tan/00561000002Dp3jAAC
************************************************************
************************************************************
FileName: reports/Southeast_Asia_Report/SEA_Members_230118.report
FullName/Id: Southeast_Asia_Report/SEA_Members_230118/00O610000042ygUEAQ
Manageable State: unmanaged
Namespace Prefix: null
Created By (Name/Id): Susana Tan/00561000002Dp3kAAC
Last Modified By (Name/Id): Jennifer Tan/00561000002Dp3jAAC
************************************************************
************************************************************
FileName: reports/Southeast_Asia_Report/Chapter_member_Profile_Completion.report
FullName/Id: Southeast_Asia_Report/Chapter_member_Profile_Completion/00O610000042e8HEAQ
Manageable State: unmanaged
Namespace Prefix: null
Created By (Name/Id): Jennifer Tan/00561000002Dp3jAAC
Last Modified By (Name/Id): Jennifer Tan/00561000002Dp3jAAC
************************************************************
************************************************************
FileName: reports/Southeast_Asia_Report/Dashboard_Report_Profile_Completion4.report
FullName/Id: Southeast_Asia_Report/Dashboard_Report_Profile_Completion4/00O61000004ElP2EAK
Manageable State: unmanaged
Namespace Prefix: null
Created By (Name/Id): Susana Tan/00561000002Dp3kAAC
Last Modified By (Name/Id): Susana Tan/00561000002Dp3kAAC
************************************************************
************************************************************
FileName: reports/Southeast_Asia_Report/New_Member_Voucher.report
FullName/Id: Southeast_Asia_Report/New_Member_Voucher/00O610000042h52EAA
Manageable State: unmanaged
Namespace Prefix: null
Created By (Name/Id): Jennifer Tan/00561000002Dp3jAAC
Last Modified By (Name/Id): Jennifer Tan/00561000002Dp3jAAC
************************************************************
************************************************************
FileName: reports/Southeast_Asia_Report/SEA_Members_by_Business_Industry.report
FullName/Id: Southeast_Asia_Report/SEA_Members_by_Business_Industry/00O610000042mEYEAY
Manageable State: unmanaged
Namespace Prefix: null
Created By (Name/Id): Jennifer Tan/00561000002Dp3jAAC
Last Modified By (Name/Id): Jennifer Tan/00561000002Dp3jAAC
************************************************************
************************************************************
FileName: reports/Southeast_Asia_Report/FY19_Reg_Officers_Reg_for_GLC_SEAsia.report
FullName/Id: Southeast_Asia_Report/FY19_Reg_Officers_Reg_for_GLC_SEAsia/00O610000042ku3EAA
Manageable State: unmanaged
Namespace Prefix: null
Created By (Name/Id): Danny Smith/00561000002BqLRAA0
Last Modified By (Name/Id): Danny Smith/00561000002BqLRAA0
************************************************************
************************************************************
FileName: reports/Southeast_Asia_Report/Chapter_Health_Score.report
FullName/Id: Southeast_Asia_Report/Chapter_Health_Score/00O610000042bBuEAI
Manageable State: unmanaged
Namespace Prefix: null
Created By (Name/Id): Jennifer Tan/00561000002Dp3jAAC
Last Modified By (Name/Id): Jennifer Tan/00561000002Dp3jAAC
************************************************************
************************************************************
FileName: reports/Southeast_Asia_Report/YPO_CBMS20.report
FullName/Id: Southeast_Asia_Report/YPO_CBMS20/00O610000042l0fEAA
Manageable State: unmanaged
Namespace Prefix: null
Created By (Name/Id): Danny Smith/00561000002BqLRAA0
Last Modified By (Name/Id): Danny Smith/00561000002BqLRAA0
************************************************************
************************************************************
FileName: reports/Southeast_Asia_Report/Renewal_Progress_Status_FY18_19_SE_Asia.report
FullName/Id: Southeast_Asia_Report/Renewal_Progress_Status_FY18_19_SE_Asia/00O61000004EDSaEAO
Manageable State: unmanaged
Namespace Prefix: null
Created By (Name/Id): Danny Smith/00561000002BqLRAA0
Last Modified By (Name/Id): Jennifer Tan/00561000002Dp3jAAC
************************************************************
************************************************************
FileName: reports/Southeast_Asia_Report/Chapter_Members_w_Add_Info.report
FullName/Id: Southeast_Asia_Report/Chapter_Members_w_Add_Info/00O610000042oGWEAY
Manageable State: unmanaged
Namespace Prefix: null
Created By (Name/Id): Jennifer Tan/00561000002Dp3jAAC
Last Modified By (Name/Id): Jennifer Tan/00561000002Dp3jAAC
************************************************************
************************************************************
FileName: reports/Southeast_Asia_Report/FY19_Chapter_Officer_ID_Southeast_Asia.report
FullName/Id: Southeast_Asia_Report/FY19_Chapter_Officer_ID_Southeast_Asia/00O610000042mUqEAI
Manageable State: unmanaged
Namespace Prefix: null
Created By (Name/Id): Danny Smith/00561000002BqLRAA0
Last Modified By (Name/Id): Danny Smith/00561000002BqLRAA0
************************************************************
************************************************************
FileName: reports/Southeast_Asia_Report/Chapter_Members_w_Add_Info1.report
FullName/Id: Southeast_Asia_Report/Chapter_Members_w_Add_Info1/00O610000042oGbEAI
Manageable State: unmanaged
Namespace Prefix: null
Created By (Name/Id): Jennifer Tan/00561000002Dp3jAAC
Last Modified By (Name/Id): Jennifer Tan/00561000002Dp3jAAC
************************************************************
************************************************************
FileName: reports/Southeast_Asia_Report/SEA_Y_Officers_Under_35.report
FullName/Id: Southeast_Asia_Report/SEA_Y_Officers_Under_35/00O61000004EkNUEA0
Manageable State: unmanaged
Namespace Prefix: null
Created By (Name/Id): Susana Tan/00561000002Dp3kAAC
Last Modified By (Name/Id): Susana Tan/00561000002Dp3kAAC
************************************************************
************************************************************
FileName: reports/Southeast_Asia_Report/All_SEA_Female_Active_Members.report
FullName/Id: Southeast_Asia_Report/All_SEA_Female_Active_Members/00O61000004EHG9EAO
Manageable State: unmanaged
Namespace Prefix: null
Created By (Name/Id): Jennifer Tan/00561000002Dp3jAAC
Last Modified By (Name/Id): Jennifer Tan/00561000002Dp3jAAC
************************************************************
