************************************************************
FileName: reports/Carol_Issues_to_Monitor/Reinstated_Members.report
FullName/Id: Carol_Issues_to_Monitor/Reinstated_Members/00O610000046UMKEA2
Manageable State: unmanaged
Namespace Prefix: null
Created By (Name/Id): Carol Kramer/00561000000JTJaAAO
Last Modified By (Name/Id): Carol Kramer/00561000000JTJaAAO
************************************************************
************************************************************
FileName: reports/Carol_Issues_to_Monitor/Welcome_Call_Owner_Opportunity.report
FullName/Id: Carol_Issues_to_Monitor/Welcome_Call_Owner_Opportunity/00O6100000430qcEAA
Manageable State: unmanaged
Namespace Prefix: null
Created By (Name/Id): Carol Kramer/00561000000JTJaAAO
Last Modified By (Name/Id): Carol Kramer/00561000000JTJaAAO
************************************************************
************************************************************
FileName: reports/Carol_Issues_to_Monitor/History_Cleanup.report
FullName/Id: Carol_Issues_to_Monitor/History_Cleanup/00O610000040Qr5EAE
Manageable State: unmanaged
Namespace Prefix: null
Created By (Name/Id): Booker Franklin/00561000002SYY2AAO
Last Modified By (Name/Id): Booker Franklin/00561000002SYY2AAO
************************************************************
************************************************************
FileName: reports/Carol_Issues_to_Monitor/Waiver_Exception_Lead.report
FullName/Id: Carol_Issues_to_Monitor/Waiver_Exception_Lead/00O610000046Ys0EAE
Manageable State: unmanaged
Namespace Prefix: null
Created By (Name/Id): Carol Kramer/00561000000JTJaAAO
Last Modified By (Name/Id): Carol Kramer/00561000000JTJaAAO
************************************************************
************************************************************
FileName: reports/Carol_Issues_to_Monitor/Issues_with_Ranking.report
FullName/Id: Carol_Issues_to_Monitor/Issues_with_Ranking/00O610000046PA8EAM
Manageable State: unmanaged
Namespace Prefix: null
Created By (Name/Id): Carol Kramer/00561000000JTJaAAO
Last Modified By (Name/Id): Carol Kramer/00561000000JTJaAAO
************************************************************
************************************************************
FileName: reports/Carol_Issues_to_Monitor/User_Stories_List.report
FullName/Id: Carol_Issues_to_Monitor/User_Stories_List/00O610000042ZVbEAM
Manageable State: unmanaged
Namespace Prefix: null
Created By (Name/Id): Carol Kramer/00561000000JTJaAAO
Last Modified By (Name/Id): Lynn Phillips/00561000000JTJQAA4
************************************************************
************************************************************
FileName: reports/Carol_Issues_to_Monitor/Lead_Counts.report
FullName/Id: Carol_Issues_to_Monitor/Lead_Counts/00O610000042RxbEAE
Manageable State: unmanaged
Namespace Prefix: null
Created By (Name/Id): Carol Kramer/00561000000JTJaAAO
Last Modified By (Name/Id): Dana Kobernusz/00561000001QTMrAAO
************************************************************
************************************************************
FileName: reports/Carol_Issues_to_Monitor/Assign_Feature.report
FullName/Id: Carol_Issues_to_Monitor/Assign_Feature/00O610000046OWwEAM
Manageable State: unmanaged
Namespace Prefix: null
Created By (Name/Id): Carol Kramer/00561000000JTJaAAO
Last Modified By (Name/Id): Carol Kramer/00561000000JTJaAAO
************************************************************
************************************************************
FileName: reports/Carol_Issues_to_Monitor/User_Stories.report
FullName/Id: Carol_Issues_to_Monitor/User_Stories/00O610000046N5uEAE
Manageable State: unmanaged
Namespace Prefix: null
Created By (Name/Id): Carol Kramer/00561000000JTJaAAO
Last Modified By (Name/Id): Carol Kramer/00561000000JTJaAAO
************************************************************
************************************************************
FileName: reports/Carol_Issues_to_Monitor/Waiver_Exception_Report.report
FullName/Id: Carol_Issues_to_Monitor/Waiver_Exception_Report/00O610000046YrlEAE
Manageable State: unmanaged
Namespace Prefix: null
Created By (Name/Id): Carol Kramer/00561000000JTJaAAO
Last Modified By (Name/Id): Carol Kramer/00561000000JTJaAAO
************************************************************
************************************************************
FileName: reports/Carol_Issues_to_Monitor/Contact_Position_Start_Dates.report
FullName/Id: Carol_Issues_to_Monitor/Contact_Position_Start_Dates/00O610000042VuCEAU
Manageable State: unmanaged
Namespace Prefix: null
Created By (Name/Id): Carol Kramer/00561000000JTJaAAO
Last Modified By (Name/Id): Carol Kramer/00561000000JTJaAAO
************************************************************
************************************************************
FileName: reports/Carol_Issues_to_Monitor/Active_Chapter_AA_with_no_End_Date.report
FullName/Id: Carol_Issues_to_Monitor/Active_Chapter_AA_with_no_End_Date/00O610000042wpjEAA
Manageable State: unmanaged
Namespace Prefix: null
Created By (Name/Id): Carol Kramer/00561000000JTJaAAO
Last Modified By (Name/Id): Carol Kramer/00561000000JTJaAAO
************************************************************
************************************************************
FileName: reports/Carol_Issues_to_Monitor/Membership_History_1.report
FullName/Id: Carol_Issues_to_Monitor/Membership_History_1/00O610000046YnKEAU
Manageable State: unmanaged
Namespace Prefix: null
Created By (Name/Id): Carol Kramer/00561000000JTJaAAO
Last Modified By (Name/Id): Carol Kramer/00561000000JTJaAAO
************************************************************
************************************************************
FileName: reports/Carol_Issues_to_Monitor/Cert_Status_4_26_18aaa.report
FullName/Id: Carol_Issues_to_Monitor/Cert_Status_4_26_18aaa/00O61000001ZZmQEAW
Manageable State: unmanaged
Namespace Prefix: null
Created By (Name/Id): Carol Kramer/00561000000JTJaAAO
Last Modified By (Name/Id): Carol Kramer/00561000000JTJaAAO
************************************************************
************************************************************
FileName: reports/Carol_Issues_to_Monitor/transfer_AA_update_Contact_type.report
FullName/Id: Carol_Issues_to_Monitor/transfer_AA_update_Contact_type/00O6100000430dOEAQ
Manageable State: unmanaged
Namespace Prefix: null
Created By (Name/Id): Carol Kramer/00561000000JTJaAAO
Last Modified By (Name/Id): Carol Kramer/00561000000JTJaAAO
************************************************************
************************************************************
FileName: reports/Carol_Issues_to_Monitor/Cert_Status_4_26_18.report
FullName/Id: Carol_Issues_to_Monitor/Cert_Status_4_26_18/00O61000001ZZm6EAG
Manageable State: unmanaged
Namespace Prefix: null
Created By (Name/Id): Carol Kramer/00561000000JTJaAAO
Last Modified By (Name/Id): Carol Kramer/00561000000JTJaAAO
************************************************************
************************************************************
FileName: reports/Carol_Issues_to_Monitor/Members_w_BusAA_wo_Start_Date.report
FullName/Id: Carol_Issues_to_Monitor/Members_w_BusAA_wo_Start_Date/00O610000042nlEEAQ
Manageable State: unmanaged
Namespace Prefix: null
Created By (Name/Id): Cheryl Willman/00561000002bZFIAA2
Last Modified By (Name/Id): Cheryl Willman/00561000002bZFIAA2
************************************************************
************************************************************
FileName: reports/Carol_Issues_to_Monitor/End_Date_Acct_Aff.report
FullName/Id: Carol_Issues_to_Monitor/End_Date_Acct_Aff/00O610000046MnWEAU
Manageable State: unmanaged
Namespace Prefix: null
Created By (Name/Id): Carol Kramer/00561000000JTJaAAO
Last Modified By (Name/Id): Carol Kramer/00561000000JTJaAAO
************************************************************
************************************************************
FileName: reports/Carol_Issues_to_Monitor/Lead_Counts_2.report
FullName/Id: Carol_Issues_to_Monitor/Lead_Counts_2/00O610000042TH8EAM
Manageable State: unmanaged
Namespace Prefix: null
Created By (Name/Id): Cheryl Willman/00561000002bZFIAA2
Last Modified By (Name/Id): Cheryl Willman/00561000002bZFIAA2
************************************************************
************************************************************
FileName: reports/Carol_Issues_to_Monitor/No_Cert_Needed_Opps.report
FullName/Id: Carol_Issues_to_Monitor/No_Cert_Needed_Opps/00O61000004DzZDEA0
Manageable State: unmanaged
Namespace Prefix: null
Created By (Name/Id): Carol Kramer/00561000000JTJaAAO
Last Modified By (Name/Id): Lynn Phillips/00561000000JTJQAA4
************************************************************
************************************************************
FileName: reports/Carol_Issues_to_Monitor/SARAH_Lead_Approval_2.report
FullName/Id: Carol_Issues_to_Monitor/SARAH_Lead_Approval_2/00O610000046N3oEAE
Manageable State: unmanaged
Namespace Prefix: null
Created By (Name/Id): Carol Kramer/00561000000JTJaAAO
Last Modified By (Name/Id): Carol Kramer/00561000000JTJaAAO
************************************************************
************************************************************
FileName: reports/Carol_Issues_to_Monitor/Chapter_List.report
FullName/Id: Carol_Issues_to_Monitor/Chapter_List/00O610000046YvJEAU
Manageable State: unmanaged
Namespace Prefix: null
Created By (Name/Id): Carol Kramer/00561000000JTJaAAO
Last Modified By (Name/Id): Carol Kramer/00561000000JTJaAAO
************************************************************
