************************************************************
FileName: reports/ca_collab_2_0__Misc_Communities_Reports/ca_collab_2_0__Insights_S_Escalated_to_Case_Closed_1_0.report
FullName/Id: ca_collab_2_0__Misc_Communities_Reports/ca_collab_2_0__Insights_S_Escalated_to_Case_Closed_1_0/00O61000003xCnvEAE
Manageable State: installed
Namespace Prefix: ca_collab_2_0
Created By (Name/Id): Jonathan Bernd/00561000000ImwtAAC
Last Modified By (Name/Id): Jonathan Bernd/00561000000ImwtAAC
************************************************************
************************************************************
FileName: reports/ca_collab_2_0__Misc_Communities_Reports/ca_collab_2_0__Insights_M_Messages_From_New_Members_1_0.report
FullName/Id: ca_collab_2_0__Misc_Communities_Reports/ca_collab_2_0__Insights_M_Messages_From_New_Members_1_0/00O61000003xCntEAE
Manageable State: installed
Namespace Prefix: ca_collab_2_0
Created By (Name/Id): Jonathan Bernd/00561000000ImwtAAC
Last Modified By (Name/Id): Jonathan Bernd/00561000000ImwtAAC
************************************************************
************************************************************
FileName: reports/ca_collab_2_0__Misc_Communities_Reports/ca_collab_2_0__H_Questions_Escalated_Weekly_Trend_1_0.report
FullName/Id: ca_collab_2_0__Misc_Communities_Reports/ca_collab_2_0__H_Questions_Escalated_Weekly_Trend_1_0/00O61000003xCnsEAE
Manageable State: installed
Namespace Prefix: ca_collab_2_0
Created By (Name/Id): Jonathan Bernd/00561000000ImwtAAC
Last Modified By (Name/Id): Jonathan Bernd/00561000000ImwtAAC
************************************************************
************************************************************
FileName: reports/ca_collab_2_0__Misc_Communities_Reports/ca_collab_2_0__Insights_S_Escalated_to_Case_1_0.report
FullName/Id: ca_collab_2_0__Misc_Communities_Reports/ca_collab_2_0__Insights_S_Escalated_to_Case_1_0/00O61000003xCnuEAE
Manageable State: installed
Namespace Prefix: ca_collab_2_0
Created By (Name/Id): Jonathan Bernd/00561000000ImwtAAC
Last Modified By (Name/Id): Jonathan Bernd/00561000000ImwtAAC
************************************************************
************************************************************
FileName: reports/ca_collab_2_0__Misc_Communities_Reports/ca_collab_2_0__H_Questions_Escalated_Monthly_Trend_1_0.report
FullName/Id: ca_collab_2_0__Misc_Communities_Reports/ca_collab_2_0__H_Questions_Escalated_Monthly_Trend_1_0/00O61000003xCnrEAE
Manageable State: installed
Namespace Prefix: ca_collab_2_0
Created By (Name/Id): Jonathan Bernd/00561000000ImwtAAC
Last Modified By (Name/Id): Jonathan Bernd/00561000000ImwtAAC
************************************************************
************************************************************
FileName: reports/ca_collab_2_0__Misc_Communities_Reports/ca_collab_2_0__H_Metric_Cases_1_0.report
FullName/Id: ca_collab_2_0__Misc_Communities_Reports/ca_collab_2_0__H_Metric_Cases_1_0/00O61000003xCnqEAE
Manageable State: installed
Namespace Prefix: ca_collab_2_0
Created By (Name/Id): Jonathan Bernd/00561000000ImwtAAC
Last Modified By (Name/Id): Jonathan Bernd/00561000000ImwtAAC
************************************************************
