************************************************************
FileName: dashboards/YPO_Events/Event_Strategy_Dashboard1.dashboard
FullName/Id: YPO_Events/Event_Strategy_Dashboard1/01Z61000000OHmgEAG
Manageable State: unmanaged
Namespace Prefix: null
Created By (Name/Id): Joy Akwarandu/00561000002DoxoAAC
Last Modified By (Name/Id): Joy Akwarandu/00561000002DoxoAAC
************************************************************
************************************************************
FileName: dashboards/YPO_Events/Network_Events_Dashboard.dashboard
FullName/Id: YPO_Events/Network_Events_Dashboard/01Z61000000OJ7lEAG
Manageable State: unmanaged
Namespace Prefix: null
Created By (Name/Id): Joy Akwarandu/00561000002DoxoAAC
Last Modified By (Name/Id): Joy Akwarandu/00561000002DoxoAAC
************************************************************
************************************************************
FileName: dashboards/YPO_Events/Event_Strategy_Dashboard.dashboard
FullName/Id: YPO_Events/Event_Strategy_Dashboard/01Z61000000OHeIEAW
Manageable State: unmanaged
Namespace Prefix: null
Created By (Name/Id): Joy Akwarandu/00561000002DoxoAAC
Last Modified By (Name/Id): Joy Akwarandu/00561000002DoxoAAC
************************************************************
************************************************************
FileName: dashboards/YPO_Events/Vancouver_GLC_2017.dashboard
FullName/Id: YPO_Events/Vancouver_GLC_2017/01Z610000006wo1EAA
Manageable State: unmanaged
Namespace Prefix: null
Created By (Name/Id): Kelli Do/00561000001PrKOAA0
Last Modified By (Name/Id): Kelli Do/00561000001PrKOAA0
************************************************************
************************************************************
FileName: dashboards/YPO_Events/Capacity_Dashboard.dashboard
FullName/Id: YPO_Events/Capacity_Dashboard/01Z61000000OIb1EAG
Manageable State: unmanaged
Namespace Prefix: null
Created By (Name/Id): Joy Akwarandu/00561000002DoxoAAC
Last Modified By (Name/Id): Joy Akwarandu/00561000002DoxoAAC
************************************************************
************************************************************
FileName: dashboards/YPO_Events/Non_Chapter_Events_by_Region_FY.dashboard
FullName/Id: YPO_Events/Non_Chapter_Events_by_Region_FY/01Z610000006xt7EAA
Manageable State: unmanaged
Namespace Prefix: null
Created By (Name/Id): Carolyn Keeling/00561000002DjPvAAK
Last Modified By (Name/Id): Carolyn Keeling/00561000002DjPvAAK
************************************************************
