************************************************************
FileName: dashboards/LATAM_YPO/YPO_Sao_Paulo_Interior.dashboard
FullName/Id: LATAM_YPO/YPO_Sao_Paulo_Interior/01Z61000000eRQIEA2
Manageable State: unmanaged
Namespace Prefix: null
Created By (Name/Id): Hector Piedra/0056100000318MjAAI
Last Modified By (Name/Id): Hector Piedra/0056100000318MjAAI
************************************************************
************************************************************
FileName: dashboards/LATAM_YPO/Demo2019.dashboard
FullName/Id: LATAM_YPO/Demo2019/01Z61000000hkDpEAI
Manageable State: unmanaged
Namespace Prefix: null
Created By (Name/Id): Hector Piedra/0056100000318MjAAI
Last Modified By (Name/Id): Hector Piedra/0056100000318MjAAI
************************************************************
************************************************************
FileName: dashboards/LATAM_YPO/LATAM_YPO.dashboard
FullName/Id: LATAM_YPO/LATAM_YPO/01Z61000000eRBXEA2
Manageable State: unmanaged
Namespace Prefix: null
Created By (Name/Id): Hector Piedra/0056100000318MjAAI
Last Modified By (Name/Id): Hector Piedra/0056100000318MjAAI
************************************************************
