************************************************************
FileName: reports/ffxp__ffdc5_FinancialForce_Management_Reports/ffxp__ffdc5_Summary_YTD_BS_by_GLA.report
FullName/Id: ffxp__ffdc5_FinancialForce_Management_Reports/ffxp__ffdc5_Summary_YTD_BS_by_GLA/00O610000042zkWEAQ
Manageable State: installed
Namespace Prefix: ffxp
Created By (Name/Id): TEMPORARY FF Onboarding Login/00561000002zrVwAAI
Last Modified By (Name/Id): TEMPORARY FF Onboarding Login/00561000002zrVwAAI
************************************************************
************************************************************
FileName: reports/ffxp__ffdc5_FinancialForce_Management_Reports/ffxp__ffdc5_Summary_YTD_TB_by_GLA.report
FullName/Id: ffxp__ffdc5_FinancialForce_Management_Reports/ffxp__ffdc5_Summary_YTD_TB_by_GLA/00O610000042zkYEAQ
Manageable State: installed
Namespace Prefix: ffxp
Created By (Name/Id): TEMPORARY FF Onboarding Login/00561000002zrVwAAI
Last Modified By (Name/Id): TEMPORARY FF Onboarding Login/00561000002zrVwAAI
************************************************************
************************************************************
FileName: reports/ffxp__ffdc5_FinancialForce_Management_Reports/ffxp__ffdc5_Summary_YTD_P_L_by_GLA.report
FullName/Id: ffxp__ffdc5_FinancialForce_Management_Reports/ffxp__ffdc5_Summary_YTD_P_L_by_GLA/00O610000042zkXEAQ
Manageable State: installed
Namespace Prefix: ffxp
Created By (Name/Id): TEMPORARY FF Onboarding Login/00561000002zrVwAAI
Last Modified By (Name/Id): TEMPORARY FF Onboarding Login/00561000002zrVwAAI
************************************************************
************************************************************
FileName: reports/ffxp__ffdc5_FinancialForce_Management_Reports/ffxp__ffdc5_Transaction_details_by_GLA.report
FullName/Id: ffxp__ffdc5_FinancialForce_Management_Reports/ffxp__ffdc5_Transaction_details_by_GLA/00O610000042zkaEAA
Manageable State: installed
Namespace Prefix: ffxp
Created By (Name/Id): TEMPORARY FF Onboarding Login/00561000002zrVwAAI
Last Modified By (Name/Id): TEMPORARY FF Onboarding Login/00561000002zrVwAAI
************************************************************
************************************************************
FileName: reports/ffxp__ffdc5_FinancialForce_Management_Reports/ffxp__ffdc5_Transaction_details_by_Account.report
FullName/Id: ffxp__ffdc5_FinancialForce_Management_Reports/ffxp__ffdc5_Transaction_details_by_Account/00O610000042zkZEAQ
Manageable State: installed
Namespace Prefix: ffxp
Created By (Name/Id): TEMPORARY FF Onboarding Login/00561000002zrVwAAI
Last Modified By (Name/Id): TEMPORARY FF Onboarding Login/00561000002zrVwAAI
************************************************************
