************************************************************
FileName: dashboards/alm_qa__Bluewolf_ALM/Critical_Stories_by_Business_Departments_by_Story_Level_Progress.dashboard
FullName/Id: alm_qa__Bluewolf_ALM/Critical_Stories_by_Business_Departments_by_Story_Level_Progress/01Z61000000dyJAEAY
Manageable State: unmanaged
Namespace Prefix: null
Created By (Name/Id): Mike Sadigov/00561000001QblaAAC
Last Modified By (Name/Id): Mike Sadigov/00561000001QblaAAC
************************************************************
************************************************************
FileName: dashboards/alm_qa__Bluewolf_ALM/Backlog_Breakdown.dashboard
FullName/Id: alm_qa__Bluewolf_ALM/Backlog_Breakdown/01Z61000000Yr8nEAC
Manageable State: unmanaged
Namespace Prefix: null
Created By (Name/Id): Nicolas Dubernard/00561000001QSbCAAW
Last Modified By (Name/Id): Nicolas Dubernard/00561000001QSbCAAW
************************************************************
************************************************************
FileName: dashboards/alm_qa__Bluewolf_ALM/Test_Script_Status.dashboard
FullName/Id: alm_qa__Bluewolf_ALM/Test_Script_Status/01Z61000000YloIEAS
Manageable State: unmanaged
Namespace Prefix: null
Created By (Name/Id): Lily Kubota/00561000000ImxXAAS
Last Modified By (Name/Id): Lily Kubota/00561000000ImxXAAS
************************************************************
************************************************************
FileName: dashboards/alm_qa__Bluewolf_ALM/alm_qa__QA_Dashboard.dashboard
FullName/Id: alm_qa__Bluewolf_ALM/alm_qa__QA_Dashboard/01Z610000005KBBEA2
Manageable State: installed
Namespace Prefix: alm_qa
Created By (Name/Id): Lily Kubota/00561000000ImxXAAS
Last Modified By (Name/Id): Nicolas Dubernard/00561000001QSbCAAW
************************************************************
************************************************************
FileName: dashboards/alm_qa__Bluewolf_ALM/WKPR.dashboard
FullName/Id: alm_qa__Bluewolf_ALM/WKPR/01Z61000000BGBoEAO
Manageable State: unmanaged
Namespace Prefix: null
Created By (Name/Id): Stephanie Mayfield/00561000001mCdYAAU
Last Modified By (Name/Id): Stephanie Mayfield/00561000001mCdYAAU
************************************************************
************************************************************
FileName: dashboards/alm_qa__Bluewolf_ALM/Critical_High_Stories.dashboard
FullName/Id: alm_qa__Bluewolf_ALM/Critical_High_Stories/01Z61000000dyRPEAY
Manageable State: unmanaged
Namespace Prefix: null
Created By (Name/Id): Mike Sadigov/00561000001QblaAAC
Last Modified By (Name/Id): Mike Sadigov/00561000001QblaAAC
************************************************************
************************************************************
FileName: dashboards/alm_qa__Bluewolf_ALM/Bluewolf_Dashboard.dashboard
FullName/Id: alm_qa__Bluewolf_ALM/Bluewolf_Dashboard/01Z61000000YpmPEAS
Manageable State: unmanaged
Namespace Prefix: null
Created By (Name/Id): Nicolas Dubernard/00561000001QSbCAAW
Last Modified By (Name/Id): Nicolas Dubernard/00561000001QSbCAAW
************************************************************
************************************************************
FileName: dashboards/alm_qa__Bluewolf_ALM/Critical_by_Departments_Progress_on_Stories.dashboard
FullName/Id: alm_qa__Bluewolf_ALM/Critical_by_Departments_Progress_on_Stories/01Z61000000dyJ5EAI
Manageable State: unmanaged
Namespace Prefix: null
Created By (Name/Id): Mike Sadigov/00561000001QblaAAC
Last Modified By (Name/Id): Mike Sadigov/00561000001QblaAAC
************************************************************
