************************************************************
FileName: reports/ECUS_Report/YPO_Chapter_Health_Data_ECUS.report
FullName/Id: ECUS_Report/YPO_Chapter_Health_Data_ECUS/00O610000042lZfEAI
Manageable State: unmanaged
Namespace Prefix: null
Created By (Name/Id): Danny Smith/00561000002BqLRAA0
Last Modified By (Name/Id): Danny Smith/00561000002BqLRAA0
************************************************************
************************************************************
FileName: reports/ECUS_Report/YPO_Gold_CBMS9.report
FullName/Id: ECUS_Report/YPO_Gold_CBMS9/00O610000042kyjEAA
Manageable State: unmanaged
Namespace Prefix: null
Created By (Name/Id): Danny Smith/00561000002BqLRAA0
Last Modified By (Name/Id): Danny Smith/00561000002BqLRAA0
************************************************************
************************************************************
FileName: reports/ECUS_Report/past_current_postions.report
FullName/Id: ECUS_Report/past_current_postions/00O610000042kK5EAI
Manageable State: unmanaged
Namespace Prefix: null
Created By (Name/Id): Paula Szyper/00561000002Dp3gAAC
Last Modified By (Name/Id): Paula Szyper/00561000002Dp3gAAC
************************************************************
************************************************************
FileName: reports/ECUS_Report/Chapter_Visits_East_Central_US_Region.report
FullName/Id: ECUS_Report/Chapter_Visits_East_Central_US_Region/00O610000049rFpEAI
Manageable State: unmanaged
Namespace Prefix: null
Created By (Name/Id): Danny Smith/00561000002BqLRAA0
Last Modified By (Name/Id): Danny Smith/00561000002BqLRAA0
************************************************************
************************************************************
FileName: reports/ECUS_Report/YPO_Member_Profile_Report_ECUS.report
FullName/Id: ECUS_Report/YPO_Member_Profile_Report_ECUS/00O610000042lY3EAI
Manageable State: unmanaged
Namespace Prefix: null
Created By (Name/Id): Danny Smith/00561000002BqLRAA0
Last Modified By (Name/Id): Danny Smith/00561000002BqLRAA0
************************************************************
************************************************************
FileName: reports/ECUS_Report/YPO_CBMS10.report
FullName/Id: ECUS_Report/YPO_CBMS10/00O610000042kyoEAA
Manageable State: unmanaged
Namespace Prefix: null
Created By (Name/Id): Danny Smith/00561000002BqLRAA0
Last Modified By (Name/Id): Danny Smith/00561000002BqLRAA0
************************************************************
************************************************************
FileName: reports/ECUS_Report/FY19_Current_Chpt_Off_Mid_America_US.report
FullName/Id: ECUS_Report/FY19_Current_Chpt_Off_Mid_America_US/00O61000004EouXEAS
Manageable State: unmanaged
Namespace Prefix: null
Created By (Name/Id): Danny Smith/00561000002BqLRAA0
Last Modified By (Name/Id): Danny Smith/00561000002BqLRAA0
************************************************************
************************************************************
FileName: reports/ECUS_Report/YPO_Renewal_Projection_Report_ECUS.report
FullName/Id: ECUS_Report/YPO_Renewal_Projection_Report_ECUS/00O61000004ELCGEA4
Manageable State: unmanaged
Namespace Prefix: null
Created By (Name/Id): Danny Smith/00561000002BqLRAA0
Last Modified By (Name/Id): Danny Smith/00561000002BqLRAA0
************************************************************
************************************************************
FileName: reports/ECUS_Report/Officer_ID_YPO_Matrix.report
FullName/Id: ECUS_Report/Officer_ID_YPO_Matrix/00O610000042ZC5EAM
Manageable State: unmanaged
Namespace Prefix: null
Created By (Name/Id): Paula Szyper/00561000002Dp3gAAC
Last Modified By (Name/Id): Paula Szyper/00561000002Dp3gAAC
************************************************************
************************************************************
FileName: reports/ECUS_Report/YPO_Maumee_Valley_Renewals_w_Transit_Sta.report
FullName/Id: ECUS_Report/YPO_Maumee_Valley_Renewals_w_Transit_Sta/00O61000004EZsVEAW
Manageable State: unmanaged
Namespace Prefix: null
Created By (Name/Id): Danny Smith/00561000002BqLRAA0
Last Modified By (Name/Id): Danny Smith/00561000002BqLRAA0
************************************************************
************************************************************
FileName: reports/ECUS_Report/FY18_Lifetime_Members_East_Central_US.report
FullName/Id: ECUS_Report/FY18_Lifetime_Members_East_Central_US/00O61000004ELPKEA4
Manageable State: unmanaged
Namespace Prefix: null
Created By (Name/Id): Danny Smith/00561000002BqLRAA0
Last Modified By (Name/Id): Danny Smith/00561000002BqLRAA0
************************************************************
************************************************************
FileName: reports/ECUS_Report/FY19_Reg_Officers_Reg_for_GLC_ECUS.report
FullName/Id: ECUS_Report/FY19_Reg_Officers_Reg_for_GLC_ECUS/00O610000042kuwEAA
Manageable State: unmanaged
Namespace Prefix: null
Created By (Name/Id): Danny Smith/00561000002BqLRAA0
Last Modified By (Name/Id): Danny Smith/00561000002BqLRAA0
************************************************************
************************************************************
FileName: reports/ECUS_Report/Renewal_Progress_Status_FY18_19_ECUS.report
FullName/Id: ECUS_Report/Renewal_Progress_Status_FY18_19_ECUS/00O61000004EDRcEAO
Manageable State: unmanaged
Namespace Prefix: null
Created By (Name/Id): Danny Smith/00561000002BqLRAA0
Last Modified By (Name/Id): Danny Smith/00561000002BqLRAA0
************************************************************
************************************************************
FileName: reports/ECUS_Report/FY19_Events.report
FullName/Id: ECUS_Report/FY19_Events/00O61000004EVKjEAO
Manageable State: unmanaged
Namespace Prefix: null
Created By (Name/Id): Paula Szyper/00561000002Dp3gAAC
Last Modified By (Name/Id): Paula Szyper/00561000002Dp3gAAC
************************************************************
************************************************************
FileName: reports/ECUS_Report/X13_Health_Metrics.report
FullName/Id: ECUS_Report/X13_Health_Metrics/00O610000042kOqEAI
Manageable State: unmanaged
Namespace Prefix: null
Created By (Name/Id): Paula Szyper/00561000002Dp3gAAC
Last Modified By (Name/Id): Paula Szyper/00561000002Dp3gAAC
************************************************************
************************************************************
FileName: reports/ECUS_Report/FY19_Chapter_Officer_Attd_GLC_ECUS.report
FullName/Id: ECUS_Report/FY19_Chapter_Officer_Attd_GLC_ECUS/00O610000042mK7EAI
Manageable State: unmanaged
Namespace Prefix: null
Created By (Name/Id): Danny Smith/00561000002BqLRAA0
Last Modified By (Name/Id): Danny Smith/00561000002BqLRAA0
************************************************************
************************************************************
FileName: reports/ECUS_Report/Officer_Elect.report
FullName/Id: ECUS_Report/Officer_Elect/00O610000042Wa4EAE
Manageable State: unmanaged
Namespace Prefix: null
Created By (Name/Id): Paula Szyper/00561000002Dp3gAAC
Last Modified By (Name/Id): Paula Szyper/00561000002Dp3gAAC
************************************************************
************************************************************
FileName: reports/ECUS_Report/Paid_but_not_complete.report
FullName/Id: ECUS_Report/Paid_but_not_complete/00O61000004EcSlEAK
Manageable State: unmanaged
Namespace Prefix: null
Created By (Name/Id): Paula Szyper/00561000002Dp3gAAC
Last Modified By (Name/Id): Paula Szyper/00561000002Dp3gAAC
************************************************************
************************************************************
FileName: reports/ECUS_Report/YPO_Chapter_Officers.report
FullName/Id: ECUS_Report/YPO_Chapter_Officers/00O610000046Y1fEAE
Manageable State: unmanaged
Namespace Prefix: null
Created By (Name/Id): Paula Szyper/00561000002Dp3gAAC
Last Modified By (Name/Id): Paula Szyper/00561000002Dp3gAAC
************************************************************
************************************************************
FileName: reports/ECUS_Report/Renewal_Report_YPO_ECUS.report
FullName/Id: ECUS_Report/Renewal_Report_YPO_ECUS/00O61000004DyBKEA0
Manageable State: unmanaged
Namespace Prefix: null
Created By (Name/Id): Paula Szyper/00561000002Dp3gAAC
Last Modified By (Name/Id): Paula Szyper/00561000002Dp3gAAC
************************************************************
************************************************************
FileName: reports/ECUS_Report/List_of_chapters.report
FullName/Id: ECUS_Report/List_of_chapters/00O610000043GGNEA2
Manageable State: unmanaged
Namespace Prefix: null
Created By (Name/Id): Paula Szyper/00561000002Dp3gAAC
Last Modified By (Name/Id): Paula Szyper/00561000002Dp3gAAC
************************************************************
************************************************************
FileName: reports/ECUS_Report/FY19_Chapter_Off_ID_Not_Registered_ECUS.report
FullName/Id: ECUS_Report/FY19_Chapter_Off_ID_Not_Registered_ECUS/00O610000042pZPEAY
Manageable State: unmanaged
Namespace Prefix: null
Created By (Name/Id): Danny Smith/00561000002BqLRAA0
Last Modified By (Name/Id): Danny Smith/00561000002BqLRAA0
************************************************************
************************************************************
FileName: reports/ECUS_Report/Health_Metrics_Report.report
FullName/Id: ECUS_Report/Health_Metrics_Report/00O610000042kMBEAY
Manageable State: unmanaged
Namespace Prefix: null
Created By (Name/Id): Paula Szyper/00561000002Dp3gAAC
Last Modified By (Name/Id): Paula Szyper/00561000002Dp3gAAC
************************************************************
************************************************************
FileName: reports/ECUS_Report/ECUS_Regional_Officers.report
FullName/Id: ECUS_Report/ECUS_Regional_Officers/00O610000046Y1zEAE
Manageable State: unmanaged
Namespace Prefix: null
Created By (Name/Id): Paula Szyper/00561000002Dp3gAAC
Last Modified By (Name/Id): Paula Szyper/00561000002Dp3gAAC
************************************************************
************************************************************
FileName: reports/ECUS_Report/REX_Officer_Mailing.report
FullName/Id: ECUS_Report/REX_Officer_Mailing/00O610000042aptEAA
Manageable State: unmanaged
Namespace Prefix: null
Created By (Name/Id): Paula Szyper/00561000002Dp3gAAC
Last Modified By (Name/Id): Paula Szyper/00561000002Dp3gAAC
************************************************************
************************************************************
FileName: reports/ECUS_Report/ECUS_Health_Metrics.report
FullName/Id: ECUS_Report/ECUS_Health_Metrics/00O610000046Y1VEAU
Manageable State: unmanaged
Namespace Prefix: null
Created By (Name/Id): Paula Szyper/00561000002Dp3gAAC
Last Modified By (Name/Id): Paula Szyper/00561000002Dp3gAAC
************************************************************
************************************************************
FileName: reports/ECUS_Report/Chapter_Admins1.report
FullName/Id: ECUS_Report/Chapter_Admins1/00O610000042P5SEAU
Manageable State: unmanaged
Namespace Prefix: null
Created By (Name/Id): Paula Szyper/00561000002Dp3gAAC
Last Modified By (Name/Id): Paula Szyper/00561000002Dp3gAAC
************************************************************
************************************************************
FileName: reports/ECUS_Report/YPO_YPO_Gold_Members.report
FullName/Id: ECUS_Report/YPO_YPO_Gold_Members/00O610000046Y1uEAE
Manageable State: unmanaged
Namespace Prefix: null
Created By (Name/Id): Paula Szyper/00561000002Dp3gAAC
Last Modified By (Name/Id): Paula Szyper/00561000002Dp3gAAC
************************************************************
************************************************************
FileName: reports/ECUS_Report/All_Officers.report
FullName/Id: ECUS_Report/All_Officers/00O610000042anYEAQ
Manageable State: unmanaged
Namespace Prefix: null
Created By (Name/Id): Paula Szyper/00561000002Dp3gAAC
Last Modified By (Name/Id): Paula Szyper/00561000002Dp3gAAC
************************************************************
************************************************************
FileName: reports/ECUS_Report/FY19_Chapter_Officers_ID_ECUS.report
FullName/Id: ECUS_Report/FY19_Chapter_Officers_ID_ECUS/00O610000042mJsEAI
Manageable State: unmanaged
Namespace Prefix: null
Created By (Name/Id): Danny Smith/00561000002BqLRAA0
Last Modified By (Name/Id): Danny Smith/00561000002BqLRAA0
************************************************************
************************************************************
FileName: reports/ECUS_Report/YPO_Chapter_Health_Metrics_ECUS.report
FullName/Id: ECUS_Report/YPO_Chapter_Health_Metrics_ECUS/00O610000042lbbEAA
Manageable State: unmanaged
Namespace Prefix: null
Created By (Name/Id): Danny Smith/00561000002BqLRAA0
Last Modified By (Name/Id): Danny Smith/00561000002BqLRAA0
************************************************************
************************************************************
FileName: reports/ECUS_Report/Chapter_Health_Data.report
FullName/Id: ECUS_Report/Chapter_Health_Data/00O610000042kCLEAY
Manageable State: unmanaged
Namespace Prefix: null
Created By (Name/Id): Paula Szyper/00561000002Dp3gAAC
Last Modified By (Name/Id): Paula Szyper/00561000002Dp3gAAC
************************************************************
************************************************************
FileName: reports/ECUS_Report/FY18_List_of_Lifetime_Members_ECUS.report
FullName/Id: ECUS_Report/FY18_List_of_Lifetime_Members_ECUS/00O61000004EISGEA4
Manageable State: unmanaged
Namespace Prefix: null
Created By (Name/Id): Danny Smith/00561000002BqLRAA0
Last Modified By (Name/Id): Danny Smith/00561000002BqLRAA0
************************************************************
************************************************************
FileName: reports/ECUS_Report/Members_in_Networks_ECUS.report
FullName/Id: ECUS_Report/Members_in_Networks_ECUS/00O6100000431YKEAY
Manageable State: unmanaged
Namespace Prefix: null
Created By (Name/Id): Paula Szyper/00561000002Dp3gAAC
Last Modified By (Name/Id): Paula Szyper/00561000002Dp3gAAC
************************************************************
************************************************************
FileName: reports/ECUS_Report/Merged_Region_Individual_Officer_List.report
FullName/Id: ECUS_Report/Merged_Region_Individual_Officer_List/00O61000004EaN4EAK
Manageable State: unmanaged
Namespace Prefix: null
Created By (Name/Id): Paula Szyper/00561000002Dp3gAAC
Last Modified By (Name/Id): Paula Szyper/00561000002Dp3gAAC
************************************************************
************************************************************
FileName: reports/ECUS_Report/List_of_chapters1.report
FullName/Id: ECUS_Report/List_of_chapters1/00O610000043GGSEA2
Manageable State: unmanaged
Namespace Prefix: null
Created By (Name/Id): Paula Szyper/00561000002Dp3gAAC
Last Modified By (Name/Id): Paula Szyper/00561000002Dp3gAAC
************************************************************
************************************************************
FileName: reports/ECUS_Report/Chapter_Chairs6.report
FullName/Id: ECUS_Report/Chapter_Chairs6/00O61000004EGWBEA4
Manageable State: unmanaged
Namespace Prefix: null
Created By (Name/Id): Paula Szyper/00561000002Dp3gAAC
Last Modified By (Name/Id): Paula Szyper/00561000002Dp3gAAC
************************************************************
************************************************************
FileName: reports/ECUS_Report/FY19_Officers_Attd_CLW_Europe_ECUS.report
FullName/Id: ECUS_Report/FY19_Officers_Attd_CLW_Europe_ECUS/00O610000042mKREAY
Manageable State: unmanaged
Namespace Prefix: null
Created By (Name/Id): Danny Smith/00561000002BqLRAA0
Last Modified By (Name/Id): Danny Smith/00561000002BqLRAA0
************************************************************
************************************************************
FileName: reports/ECUS_Report/FY19_Officer_Attd_CLW_America_ECUS.report
FullName/Id: ECUS_Report/FY19_Officer_Attd_CLW_America_ECUS/00O610000042mKqEAI
Manageable State: unmanaged
Namespace Prefix: null
Created By (Name/Id): Danny Smith/00561000002BqLRAA0
Last Modified By (Name/Id): Danny Smith/00561000002BqLRAA0
************************************************************
