************************************************************
FileName: reports/Sprint_Reports/Backlog_Current_Non_Renewals_All_Status.report
FullName/Id: Sprint_Reports/Backlog_Current_Non_Renewals_All_Status/00O6100000432HPEAY
Manageable State: unmanaged
Namespace Prefix: null
Created By (Name/Id): Ty East/00561000001PrKTAA0
Last Modified By (Name/Id): Ty East/00561000001PrKTAA0
************************************************************
************************************************************
FileName: reports/Sprint_Reports/Backlog_To_Be_Groomed.report
FullName/Id: Sprint_Reports/Backlog_To_Be_Groomed/00O610000042zIsEAI
Manageable State: unmanaged
Namespace Prefix: null
Created By (Name/Id): Lynn Phillips/00561000000JTJQAA4
Last Modified By (Name/Id): Lynn Phillips/00561000000JTJQAA4
************************************************************
************************************************************
FileName: reports/Sprint_Reports/Backlog_Renewal_Items_to_Report_v2.report
FullName/Id: Sprint_Reports/Backlog_Renewal_Items_to_Report_v2/00O61000001Zl3cEAC
Manageable State: unmanaged
Namespace Prefix: null
Created By (Name/Id): Cheryl Willman/00561000002bZFIAA2
Last Modified By (Name/Id): Cheryl Willman/00561000002bZFIAA2
************************************************************
************************************************************
FileName: reports/Sprint_Reports/Backlog_Blocked_Stories.report
FullName/Id: Sprint_Reports/Backlog_Blocked_Stories/00O610000042zJMEAY
Manageable State: unmanaged
Namespace Prefix: null
Created By (Name/Id): Lynn Phillips/00561000000JTJQAA4
Last Modified By (Name/Id): Lynn Phillips/00561000000JTJQAA4
************************************************************
************************************************************
FileName: reports/Sprint_Reports/Backlog_Sprint_18_Renewal_Items.report
FullName/Id: Sprint_Reports/Backlog_Sprint_18_Renewal_Items/00O61000001ZZgDEAW
Manageable State: unmanaged
Namespace Prefix: null
Created By (Name/Id): Cheryl Willman/00561000002bZFIAA2
Last Modified By (Name/Id): Cheryl Willman/00561000002bZFIAA2
************************************************************
************************************************************
FileName: reports/Sprint_Reports/Renewals_FY19_Defects_To_Review.report
FullName/Id: Sprint_Reports/Renewals_FY19_Defects_To_Review/00O610000049pD8EAI
Manageable State: unmanaged
Namespace Prefix: null
Created By (Name/Id): Cheryl Willman/00561000002bZFIAA2
Last Modified By (Name/Id): Cheryl Willman/00561000002bZFIAA2
************************************************************
************************************************************
FileName: reports/Sprint_Reports/Backlog_Renewal_Items_to_Report.report
FullName/Id: Sprint_Reports/Backlog_Renewal_Items_to_Report/00O61000001ZZl8EAG
Manageable State: unmanaged
Namespace Prefix: null
Created By (Name/Id): Cheryl Willman/00561000002bZFIAA2
Last Modified By (Name/Id): Cheryl Willman/00561000002bZFIAA2
************************************************************
************************************************************
FileName: reports/Sprint_Reports/Complete_backlog_dump_v2.report
FullName/Id: Sprint_Reports/Complete_backlog_dump_v2/00O61000004EMLYEA4
Manageable State: unmanaged
Namespace Prefix: null
Created By (Name/Id): Lynn Phillips/00561000000JTJQAA4
Last Modified By (Name/Id): Lynn Phillips/00561000000JTJQAA4
************************************************************
************************************************************
FileName: reports/Sprint_Reports/Complete_Backlog_Dump2.report
FullName/Id: Sprint_Reports/Complete_Backlog_Dump2/00O61000004ELeeEAG
Manageable State: unmanaged
Namespace Prefix: null
Created By (Name/Id): Lynn Phillips/00561000000JTJQAA4
Last Modified By (Name/Id): Kelli Do/00561000001PrKOAA0
************************************************************
************************************************************
FileName: reports/Sprint_Reports/Backlog_Current_items.report
FullName/Id: Sprint_Reports/Backlog_Current_items/00O610000042zInEAI
Manageable State: unmanaged
Namespace Prefix: null
Created By (Name/Id): Lynn Phillips/00561000000JTJQAA4
Last Modified By (Name/Id): Cheryl Willman/00561000002bZFIAA2
************************************************************
************************************************************
FileName: reports/Sprint_Reports/Backlog_Solution_Review.report
FullName/Id: Sprint_Reports/Backlog_Solution_Review/00O610000042zJ7EAI
Manageable State: unmanaged
Namespace Prefix: null
Created By (Name/Id): Lynn Phillips/00561000000JTJQAA4
Last Modified By (Name/Id): Cheryl Willman/00561000002bZFIAA2
************************************************************
************************************************************
FileName: reports/Sprint_Reports/Open_Items_Membership_Membership_Dev.report
FullName/Id: Sprint_Reports/Open_Items_Membership_Membership_Dev/00O6100000436TLEAY
Manageable State: unmanaged
Namespace Prefix: null
Created By (Name/Id): Carol Kramer/00561000000JTJaAAO
Last Modified By (Name/Id): Cheryl Willman/00561000002bZFIAA2
************************************************************
************************************************************
FileName: reports/Sprint_Reports/Renewals_FY19_Completed_Work.report
FullName/Id: Sprint_Reports/Renewals_FY19_Completed_Work/00O610000049qFyEAI
Manageable State: unmanaged
Namespace Prefix: null
Created By (Name/Id): Cheryl Willman/00561000002bZFIAA2
Last Modified By (Name/Id): Cheryl Willman/00561000002bZFIAA2
************************************************************
************************************************************
FileName: reports/Sprint_Reports/Backlog_Renewals_FY_19_All_Status.report
FullName/Id: Sprint_Reports/Backlog_Renewals_FY_19_All_Status/00O6100000432HtEAI
Manageable State: unmanaged
Namespace Prefix: null
Created By (Name/Id): Ty East/00561000001PrKTAA0
Last Modified By (Name/Id): Ty East/00561000001PrKTAA0
************************************************************
************************************************************
FileName: reports/Sprint_Reports/Backlog_End_of_Year.report
FullName/Id: Sprint_Reports/Backlog_End_of_Year/00O61000001Zih3EAC
Manageable State: unmanaged
Namespace Prefix: null
Created By (Name/Id): Cheryl Willman/00561000002bZFIAA2
Last Modified By (Name/Id): Cheryl Willman/00561000002bZFIAA2
************************************************************
************************************************************
FileName: reports/Sprint_Reports/Renewals_Priorities.report
FullName/Id: Sprint_Reports/Renewals_Priorities/00O610000049khSEAQ
Manageable State: unmanaged
Namespace Prefix: null
Created By (Name/Id): Cheryl Willman/00561000002bZFIAA2
Last Modified By (Name/Id): Cheryl Willman/00561000002bZFIAA2
************************************************************
************************************************************
FileName: reports/Sprint_Reports/Backlog_Renewals_FY19_Defects.report
FullName/Id: Sprint_Reports/Backlog_Renewals_FY19_Defects/00O610000043FyiEAE
Manageable State: unmanaged
Namespace Prefix: null
Created By (Name/Id): Lynn Phillips/00561000000JTJQAA4
Last Modified By (Name/Id): Lynn Phillips/00561000000JTJQAA4
************************************************************
************************************************************
FileName: reports/Sprint_Reports/Users_by_Locale_and_Profile.report
FullName/Id: Sprint_Reports/Users_by_Locale_and_Profile/00O61000004DxsmEAC
Manageable State: unmanaged
Namespace Prefix: null
Created By (Name/Id): Cheryl Willman/00561000002bZFIAA2
Last Modified By (Name/Id): Cheryl Willman/00561000002bZFIAA2
************************************************************
************************************************************
FileName: reports/Sprint_Reports/Backlog_Prod_Support_Items.report
FullName/Id: Sprint_Reports/Backlog_Prod_Support_Items/00O61000004E3TdEAK
Manageable State: unmanaged
Namespace Prefix: null
Created By (Name/Id): Cheryl Willman/00561000002bZFIAA2
Last Modified By (Name/Id): Cheryl Willman/00561000002bZFIAA2
************************************************************
************************************************************
FileName: reports/Sprint_Reports/Backlog_All_Items.report
FullName/Id: Sprint_Reports/Backlog_All_Items/00O61000004EKdGEAW
Manageable State: unmanaged
Namespace Prefix: null
Created By (Name/Id): Cheryl Willman/00561000002bZFIAA2
Last Modified By (Name/Id): Cheryl Willman/00561000002bZFIAA2
************************************************************
************************************************************
FileName: reports/Sprint_Reports/Renewals_FY19_Post_Go_Live.report
FullName/Id: Sprint_Reports/Renewals_FY19_Post_Go_Live/00O61000004E2bqEAC
Manageable State: unmanaged
Namespace Prefix: null
Created By (Name/Id): Cheryl Willman/00561000002bZFIAA2
Last Modified By (Name/Id): Cheryl Willman/00561000002bZFIAA2
************************************************************
