************************************************************
FileName: dashboards/Sales_Marketing_Dashboards/Salesperson_Dashboard.dashboard
FullName/Id: Sales_Marketing_Dashboards/Salesperson_Dashboard/01Z61000000DfKYEA0
Manageable State: unmanaged
Namespace Prefix: null
Created By (Name/Id): Todd Reed/00561000000IfUJAA0
Last Modified By (Name/Id): Todd Reed/00561000000IfUJAA0
************************************************************
************************************************************
FileName: dashboards/Sales_Marketing_Dashboards/Sales_Manager_Dashboard.dashboard
FullName/Id: Sales_Marketing_Dashboards/Sales_Manager_Dashboard/01Z61000000DfKXEA0
Manageable State: unmanaged
Namespace Prefix: null
Created By (Name/Id): Todd Reed/00561000000IfUJAA0
Last Modified By (Name/Id): Todd Reed/00561000000IfUJAA0
************************************************************
************************************************************
FileName: dashboards/Sales_Marketing_Dashboards/Marketing_Executive_Dashboard.dashboard
FullName/Id: Sales_Marketing_Dashboards/Marketing_Executive_Dashboard/01Z61000000DfKWEA0
Manageable State: unmanaged
Namespace Prefix: null
Created By (Name/Id): Todd Reed/00561000000IfUJAA0
Last Modified By (Name/Id): Todd Reed/00561000000IfUJAA0
************************************************************
************************************************************
FileName: dashboards/Sales_Marketing_Dashboards/Sales_Executive_Dashboard.dashboard
FullName/Id: Sales_Marketing_Dashboards/Sales_Executive_Dashboard/01Z61000000DfKSEA0
Manageable State: unmanaged
Namespace Prefix: null
Created By (Name/Id): Todd Reed/00561000000IfUJAA0
Last Modified By (Name/Id): Ike Irozuru/00561000001QT3QAAW
************************************************************
