************************************************************
FileName: dashboards/ffxp__ffdc5_CompanyDashboards/ffxp__ffdc5_Company_Financial_Dashboard.dashboard
FullName/Id: ffxp__ffdc5_CompanyDashboards/ffxp__ffdc5_Company_Financial_Dashboard/01Z61000000OIJxEAO
Manageable State: installed
Namespace Prefix: ffxp
Created By (Name/Id): TEMPORARY FF Onboarding Login/00561000002zrVwAAI
Last Modified By (Name/Id): TEMPORARY FF Onboarding Login/00561000002zrVwAAI
************************************************************
************************************************************
FileName: dashboards/ffxp__ffdc5_CompanyDashboards/ffxp__ffdc5_Cash_Management_Dashboard.dashboard
FullName/Id: ffxp__ffdc5_CompanyDashboards/ffxp__ffdc5_Cash_Management_Dashboard/01Z61000000OIJwEAO
Manageable State: installed
Namespace Prefix: ffxp
Created By (Name/Id): TEMPORARY FF Onboarding Login/00561000002zrVwAAI
Last Modified By (Name/Id): TEMPORARY FF Onboarding Login/00561000002zrVwAAI
************************************************************
************************************************************
FileName: dashboards/ffxp__ffdc5_CompanyDashboards/ffxp__ffdc5_Accounts_Receivable_Dashboard.dashboard
FullName/Id: ffxp__ffdc5_CompanyDashboards/ffxp__ffdc5_Accounts_Receivable_Dashboard/01Z61000000OIJvEAO
Manageable State: installed
Namespace Prefix: ffxp
Created By (Name/Id): TEMPORARY FF Onboarding Login/00561000002zrVwAAI
Last Modified By (Name/Id): TEMPORARY FF Onboarding Login/00561000002zrVwAAI
************************************************************
************************************************************
FileName: dashboards/ffxp__ffdc5_CompanyDashboards/ffxp__ffdc5_Accounts_Payable_Dashboard.dashboard
FullName/Id: ffxp__ffdc5_CompanyDashboards/ffxp__ffdc5_Accounts_Payable_Dashboard/01Z61000000OIJuEAO
Manageable State: installed
Namespace Prefix: ffxp
Created By (Name/Id): TEMPORARY FF Onboarding Login/00561000002zrVwAAI
Last Modified By (Name/Id): TEMPORARY FF Onboarding Login/00561000002zrVwAAI
************************************************************
