************************************************************
FileName: reports/YPO_Chapter_Region_Health/Dashboard_Report_Female_Mem_in_LA_2_02.report
FullName/Id: YPO_Chapter_Region_Health/Dashboard_Report_Female_Mem_in_LA_2_02/00O61000004ERAzEAO
Manageable State: unmanaged
Namespace Prefix: null
Created By (Name/Id): Danny Smith/00561000002BqLRAA0
Last Modified By (Name/Id): Danny Smith/00561000002BqLRAA0
************************************************************
************************************************************
FileName: reports/YPO_Chapter_Region_Health/MEO_w_past_current_position_matrix.report
FullName/Id: YPO_Chapter_Region_Health/MEO_w_past_current_position_matrix/00O610000042jexEAA
Manageable State: unmanaged
Namespace Prefix: null
Created By (Name/Id): Danny Smith/00561000002BqLRAA0
Last Modified By (Name/Id): Danny Smith/00561000002BqLRAA0
************************************************************
************************************************************
FileName: reports/YPO_Chapter_Region_Health/Current_YPO_Gold_Reg_Mem_Engage_Off.report
FullName/Id: YPO_Chapter_Region_Health/Current_YPO_Gold_Reg_Mem_Engage_Off/00O6100000433OWEAY
Manageable State: unmanaged
Namespace Prefix: null
Created By (Name/Id): Danny Smith/00561000002BqLRAA0
Last Modified By (Name/Id): Danny Smith/00561000002BqLRAA0
************************************************************
************************************************************
FileName: reports/YPO_Chapter_Region_Health/Dashboard_Report_Profile_Completion2.report
FullName/Id: YPO_Chapter_Region_Health/Dashboard_Report_Profile_Completion2/00O61000004EKVbEAO
Manageable State: unmanaged
Namespace Prefix: null
Created By (Name/Id): Danny Smith/00561000002BqLRAA0
Last Modified By (Name/Id): Danny Smith/00561000002BqLRAA0
************************************************************
************************************************************
FileName: reports/YPO_Chapter_Region_Health/Past_Committee_Participation_BOD.report
FullName/Id: YPO_Chapter_Region_Health/Past_Committee_Participation_BOD/00O61000004357NEAQ
Manageable State: unmanaged
Namespace Prefix: null
Created By (Name/Id): Danny Smith/00561000002BqLRAA0
Last Modified By (Name/Id): Danny Smith/00561000002BqLRAA0
************************************************************
************************************************************
FileName: reports/YPO_Chapter_Region_Health/List_of_Current_Regional_Specialist.report
FullName/Id: YPO_Chapter_Region_Health/List_of_Current_Regional_Specialist/00O61000001ZZwkEAG
Manageable State: unmanaged
Namespace Prefix: null
Created By (Name/Id): Danny Smith/00561000002BqLRAA0
Last Modified By (Name/Id): Danny Smith/00561000002BqLRAA0
************************************************************
************************************************************
FileName: reports/YPO_Chapter_Region_Health/Officer_list_non_CEO_YPO_BOD.report
FullName/Id: YPO_Chapter_Region_Health/Officer_list_non_CEO_YPO_BOD/00O6100000461euEAA
Manageable State: unmanaged
Namespace Prefix: null
Created By (Name/Id): Kirsten Mallow/00561000001QSV9AAO
Last Modified By (Name/Id): Kirsten Mallow/00561000001QSV9AAO
************************************************************
************************************************************
FileName: reports/YPO_Chapter_Region_Health/YPO_Regional_Officers_Current_FY.report
FullName/Id: YPO_Chapter_Region_Health/YPO_Regional_Officers_Current_FY/00O610000042lTrEAI
Manageable State: unmanaged
Namespace Prefix: null
Created By (Name/Id): Danny Smith/00561000002BqLRAA0
Last Modified By (Name/Id): Danny Smith/00561000002BqLRAA0
************************************************************
************************************************************
FileName: reports/YPO_Chapter_Region_Health/FY2018_Chapter_Officer_Report.report
FullName/Id: YPO_Chapter_Region_Health/FY2018_Chapter_Officer_Report/00O610000042uVXEAY
Manageable State: unmanaged
Namespace Prefix: null
Created By (Name/Id): Danny Smith/00561000002BqLRAA0
Last Modified By (Name/Id): Danny Smith/00561000002BqLRAA0
************************************************************
************************************************************
FileName: reports/YPO_Chapter_Region_Health/Forum_Officers_Elect.report
FullName/Id: YPO_Chapter_Region_Health/Forum_Officers_Elect/00O61000003nZ5gEAE
Manageable State: unmanaged
Namespace Prefix: null
Created By (Name/Id): Danny Smith/00561000002BqLRAA0
Last Modified By (Name/Id): Danny Smith/00561000002BqLRAA0
************************************************************
************************************************************
FileName: reports/YPO_Chapter_Region_Health/Regional_Officers_FY17_FY18.report
FullName/Id: YPO_Chapter_Region_Health/Regional_Officers_FY17_FY18/00O61000003nYKkEAM
Manageable State: unmanaged
Namespace Prefix: null
Created By (Name/Id): Danny Smith/00561000002BqLRAA0
Last Modified By (Name/Id): Kelli Do/00561000001PrKOAA0
************************************************************
************************************************************
FileName: reports/YPO_Chapter_Region_Health/Integrated_Chapters5.report
FullName/Id: YPO_Chapter_Region_Health/Integrated_Chapters5/00O610000042NI0EAM
Manageable State: unmanaged
Namespace Prefix: null
Created By (Name/Id): Danny Smith/00561000002BqLRAA0
Last Modified By (Name/Id): Danny Smith/00561000002BqLRAA0
************************************************************
************************************************************
FileName: reports/YPO_Chapter_Region_Health/YPO_Renewal_Projection_Report.report
FullName/Id: YPO_Chapter_Region_Health/YPO_Renewal_Projection_Report/00O61000004EL8dEAG
Manageable State: unmanaged
Namespace Prefix: null
Created By (Name/Id): Danny Smith/00561000002BqLRAA0
Last Modified By (Name/Id): Danny Smith/00561000002BqLRAA0
************************************************************
************************************************************
FileName: reports/YPO_Chapter_Region_Health/Officer_list_non_CEO_Network.report
FullName/Id: YPO_Chapter_Region_Health/Officer_list_non_CEO_Network/00O610000046A4dEAE
Manageable State: unmanaged
Namespace Prefix: null
Created By (Name/Id): Danny Smith/00561000002BqLRAA0
Last Modified By (Name/Id): Danny Smith/00561000002BqLRAA0
************************************************************
************************************************************
FileName: reports/YPO_Chapter_Region_Health/Active_Chapters_by_Region.report
FullName/Id: YPO_Chapter_Region_Health/Active_Chapters_by_Region/00O61000003nFloEAE
Manageable State: unmanaged
Namespace Prefix: null
Created By (Name/Id): Kelli Do/00561000001PrKOAA0
Last Modified By (Name/Id): Kelli Do/00561000001PrKOAA0
************************************************************
************************************************************
FileName: reports/YPO_Chapter_Region_Health/YPO_CBMS2.report
FullName/Id: YPO_Chapter_Region_Health/YPO_CBMS2/00O610000042axJEAQ
Manageable State: unmanaged
Namespace Prefix: null
Created By (Name/Id): Danny Smith/00561000002BqLRAA0
Last Modified By (Name/Id): Danny Smith/00561000002BqLRAA0
************************************************************
************************************************************
FileName: reports/YPO_Chapter_Region_Health/FY19_Chapter_Officers_NOT_Attd_GLC.report
FullName/Id: YPO_Chapter_Region_Health/FY19_Chapter_Officers_NOT_Attd_GLC/00O610000049n7mEAA
Manageable State: unmanaged
Namespace Prefix: null
Created By (Name/Id): Danny Smith/00561000002BqLRAA0
Last Modified By (Name/Id): Danny Smith/00561000002BqLRAA0
************************************************************
************************************************************
FileName: reports/YPO_Chapter_Region_Health/MEO_GLC_2018_Past_Positions1.report
FullName/Id: YPO_Chapter_Region_Health/MEO_GLC_2018_Past_Positions1/00O6100000435PHEAY
Manageable State: unmanaged
Namespace Prefix: null
Created By (Name/Id): Danny Smith/00561000002BqLRAA0
Last Modified By (Name/Id): Danny Smith/00561000002BqLRAA0
************************************************************
************************************************************
FileName: reports/YPO_Chapter_Region_Health/YPO_Regional_Chapters1.report
FullName/Id: YPO_Chapter_Region_Health/YPO_Regional_Chapters1/00O61000004EYqiEAG
Manageable State: unmanaged
Namespace Prefix: null
Created By (Name/Id): Danny Smith/00561000002BqLRAA0
Last Modified By (Name/Id): Danny Smith/00561000002BqLRAA0
************************************************************
************************************************************
FileName: reports/YPO_Chapter_Region_Health/Mangement_Team_C_R.report
FullName/Id: YPO_Chapter_Region_Health/Mangement_Team_C_R/00O61000004309SEAQ
Manageable State: unmanaged
Namespace Prefix: null
Created By (Name/Id): Danny Smith/00561000002BqLRAA0
Last Modified By (Name/Id): Danny Smith/00561000002BqLRAA0
************************************************************
************************************************************
FileName: reports/YPO_Chapter_Region_Health/FY19_Regional_Officer_ID1.report
FullName/Id: YPO_Chapter_Region_Health/FY19_Regional_Officer_ID1/00O610000042eW9EAI
Manageable State: unmanaged
Namespace Prefix: null
Created By (Name/Id): Danny Smith/00561000002BqLRAA0
Last Modified By (Name/Id): Danny Smith/00561000002BqLRAA0
************************************************************
************************************************************
FileName: reports/YPO_Chapter_Region_Health/YPO_Chapter_Health_Metrics.report
FullName/Id: YPO_Chapter_Region_Health/YPO_Chapter_Health_Metrics/00O610000042lWCEAY
Manageable State: unmanaged
Namespace Prefix: null
Created By (Name/Id): Danny Smith/00561000002BqLRAA0
Last Modified By (Name/Id): Danny Smith/00561000002BqLRAA0
************************************************************
************************************************************
FileName: reports/YPO_Chapter_Region_Health/FY18_Y_Members_S_P_serving_in_YG_Chps.report
FullName/Id: YPO_Chapter_Region_Health/FY18_Y_Members_S_P_serving_in_YG_Chps/00O610000042dTOEAY
Manageable State: unmanaged
Namespace Prefix: null
Created By (Name/Id): Danny Smith/00561000002BqLRAA0
Last Modified By (Name/Id): Danny Smith/00561000002BqLRAA0
************************************************************
************************************************************
FileName: reports/YPO_Chapter_Region_Health/List_of_FY19_CC_CLO_CMO_CFO_w_Gender1.report
FullName/Id: YPO_Chapter_Region_Health/List_of_FY19_CC_CLO_CMO_CFO_w_Gender1/00O61000004EbOsEAK
Manageable State: unmanaged
Namespace Prefix: null
Created By (Name/Id): Danny Smith/00561000002BqLRAA0
Last Modified By (Name/Id): Danny Smith/00561000002BqLRAA0
************************************************************
************************************************************
FileName: reports/YPO_Chapter_Region_Health/Current_YPO_YPO_Gold_Chp_Admin.report
FullName/Id: YPO_Chapter_Region_Health/Current_YPO_YPO_Gold_Chp_Admin/00O61000004309IEAQ
Manageable State: unmanaged
Namespace Prefix: null
Created By (Name/Id): Danny Smith/00561000002BqLRAA0
Last Modified By (Name/Id): Danny Smith/00561000002BqLRAA0
************************************************************
************************************************************
FileName: reports/YPO_Chapter_Region_Health/MEO_with_past_current_positions.report
FullName/Id: YPO_Chapter_Region_Health/MEO_with_past_current_positions/00O610000042i6VEAQ
Manageable State: unmanaged
Namespace Prefix: null
Created By (Name/Id): Kelli Do/00561000001PrKOAA0
Last Modified By (Name/Id): Kelli Do/00561000001PrKOAA0
************************************************************
************************************************************
FileName: reports/YPO_Chapter_Region_Health/Active_Members_by_Gender_by_Region.report
FullName/Id: YPO_Chapter_Region_Health/Active_Members_by_Gender_by_Region/00O61000003nXyUEAU
Manageable State: unmanaged
Namespace Prefix: null
Created By (Name/Id): Kelli Do/00561000001PrKOAA0
Last Modified By (Name/Id): Kelli Do/00561000001PrKOAA0
************************************************************
************************************************************
FileName: reports/YPO_Chapter_Region_Health/Officer_list_non_CEO_Regional_Officers1.report
FullName/Id: YPO_Chapter_Region_Health/Officer_list_non_CEO_Regional_Officers1/00O6100000461ekEAA
Manageable State: unmanaged
Namespace Prefix: null
Created By (Name/Id): Kirsten Mallow/00561000001QSV9AAO
Last Modified By (Name/Id): Kelli Do/00561000001PrKOAA0
************************************************************
************************************************************
FileName: reports/YPO_Chapter_Region_Health/MENA_FY18_Goals.report
FullName/Id: YPO_Chapter_Region_Health/MENA_FY18_Goals/00O610000042ZY6EAM
Manageable State: unmanaged
Namespace Prefix: null
Created By (Name/Id): Ruby Ibrahim/00561000002DozRAAS
Last Modified By (Name/Id): Ruby Ibrahim/00561000002DozRAAS
************************************************************
************************************************************
FileName: reports/YPO_Chapter_Region_Health/Prim_and_Sec_Chapter_Mbrs_for_Spec_Chapt.report
FullName/Id: YPO_Chapter_Region_Health/Prim_and_Sec_Chapter_Mbrs_for_Spec_Chapt/00O610000042iE0EAI
Manageable State: unmanaged
Namespace Prefix: null
Created By (Name/Id): Kelli Do/00561000001PrKOAA0
Last Modified By (Name/Id): Kelli Do/00561000001PrKOAA0
************************************************************
************************************************************
FileName: reports/YPO_Chapter_Region_Health/YPO_YPO_Gold_Current_Chapter_Chairs.report
FullName/Id: YPO_Chapter_Region_Health/YPO_YPO_Gold_Current_Chapter_Chairs/00O61000004302qEAA
Manageable State: unmanaged
Namespace Prefix: null
Created By (Name/Id): Danny Smith/00561000002BqLRAA0
Last Modified By (Name/Id): Danny Smith/00561000002BqLRAA0
************************************************************
************************************************************
FileName: reports/YPO_Chapter_Region_Health/Region_Chapter_Goals.report
FullName/Id: YPO_Chapter_Region_Health/Region_Chapter_Goals/00O61000003nEEnEAM
Manageable State: unmanaged
Namespace Prefix: null
Created By (Name/Id): Kelli Do/00561000001PrKOAA0
Last Modified By (Name/Id): Kelli Do/00561000001PrKOAA0
************************************************************
************************************************************
FileName: reports/YPO_Chapter_Region_Health/Integrated_Chapters_w_of_Members1.report
FullName/Id: YPO_Chapter_Region_Health/Integrated_Chapters_w_of_Members1/00O610000042jO6EAI
Manageable State: unmanaged
Namespace Prefix: null
Created By (Name/Id): Danny Smith/00561000002BqLRAA0
Last Modified By (Name/Id): Danny Smith/00561000002BqLRAA0
************************************************************
************************************************************
FileName: reports/YPO_Chapter_Region_Health/List_of_all_FY19_Chapter_Off_w_Gender.report
FullName/Id: YPO_Chapter_Region_Health/List_of_all_FY19_Chapter_Off_w_Gender/00O61000004EbOxEAK
Manageable State: unmanaged
Namespace Prefix: null
Created By (Name/Id): Danny Smith/00561000002BqLRAA0
Last Modified By (Name/Id): Danny Smith/00561000002BqLRAA0
************************************************************
************************************************************
FileName: reports/YPO_Chapter_Region_Health/YPO_Gold_CBMS1.report
FullName/Id: YPO_Chapter_Region_Health/YPO_Gold_CBMS1/00O610000042N48EAE
Manageable State: unmanaged
Namespace Prefix: null
Created By (Name/Id): Danny Smith/00561000002BqLRAA0
Last Modified By (Name/Id): Danny Smith/00561000002BqLRAA0
************************************************************
************************************************************
FileName: reports/YPO_Chapter_Region_Health/YPO_Chapter_Visits1.report
FullName/Id: YPO_Chapter_Region_Health/YPO_Chapter_Visits1/00O61000001ZZzyEAG
Manageable State: unmanaged
Namespace Prefix: null
Created By (Name/Id): Danny Smith/00561000002BqLRAA0
Last Modified By (Name/Id): Danny Smith/00561000002BqLRAA0
************************************************************
************************************************************
FileName: reports/YPO_Chapter_Region_Health/FY19_Elect_CNO_CIO_ID1.report
FullName/Id: YPO_Chapter_Region_Health/FY19_Elect_CNO_CIO_ID1/00O610000042eYKEAY
Manageable State: unmanaged
Namespace Prefix: null
Created By (Name/Id): Danny Smith/00561000002BqLRAA0
Last Modified By (Name/Id): Danny Smith/00561000002BqLRAA0
************************************************************
************************************************************
FileName: reports/YPO_Chapter_Region_Health/FY19_Chapter_Officer_ID.report
FullName/Id: YPO_Chapter_Region_Health/FY19_Chapter_Officer_ID/00O610000042eVuEAI
Manageable State: unmanaged
Namespace Prefix: null
Created By (Name/Id): Danny Smith/00561000002BqLRAA0
Last Modified By (Name/Id): Danny Smith/00561000002BqLRAA0
************************************************************
************************************************************
FileName: reports/YPO_Chapter_Region_Health/FY19_Officers_Attd_CLW_Europe.report
FullName/Id: YPO_Chapter_Region_Health/FY19_Officers_Attd_CLW_Europe/00O610000042eVQEAY
Manageable State: unmanaged
Namespace Prefix: null
Created By (Name/Id): Danny Smith/00561000002BqLRAA0
Last Modified By (Name/Id): Danny Smith/00561000002BqLRAA0
************************************************************
************************************************************
FileName: reports/YPO_Chapter_Region_Health/Renewal_Projection_Report_All_Members.report
FullName/Id: YPO_Chapter_Region_Health/Renewal_Projection_Report_All_Members/00O61000004E37SEAS
Manageable State: unmanaged
Namespace Prefix: null
Created By (Name/Id): Danny Smith/00561000002BqLRAA0
Last Modified By (Name/Id): Danny Smith/00561000002BqLRAA0
************************************************************
************************************************************
FileName: reports/YPO_Chapter_Region_Health/Available_NMV_by_Region.report
FullName/Id: YPO_Chapter_Region_Health/Available_NMV_by_Region/00O61000003nXvuEAE
Manageable State: unmanaged
Namespace Prefix: null
Created By (Name/Id): Kelli Do/00561000001PrKOAA0
Last Modified By (Name/Id): Kelli Do/00561000001PrKOAA0
************************************************************
************************************************************
FileName: reports/YPO_Chapter_Region_Health/Officers_without_Event_Regs_by_Region.report
FullName/Id: YPO_Chapter_Region_Health/Officers_without_Event_Regs_by_Region/00O61000003nXzDEAU
Manageable State: unmanaged
Namespace Prefix: null
Created By (Name/Id): Kelli Do/00561000001PrKOAA0
Last Modified By (Name/Id): Kelli Do/00561000001PrKOAA0
************************************************************
************************************************************
FileName: reports/YPO_Chapter_Region_Health/All_YPO_Members_w_Pri_Sec_Acct_Aff.report
FullName/Id: YPO_Chapter_Region_Health/All_YPO_Members_w_Pri_Sec_Acct_Aff/00O610000042zXsEAI
Manageable State: unmanaged
Namespace Prefix: null
Created By (Name/Id): Danny Smith/00561000002BqLRAA0
Last Modified By (Name/Id): Danny Smith/00561000002BqLRAA0
************************************************************
************************************************************
FileName: reports/YPO_Chapter_Region_Health/Officer_list_non_CEO_Networks1.report
FullName/Id: YPO_Chapter_Region_Health/Officer_list_non_CEO_Networks1/00O6100000461fJEAQ
Manageable State: unmanaged
Namespace Prefix: null
Created By (Name/Id): Kirsten Mallow/00561000001QSV9AAO
Last Modified By (Name/Id): Kirsten Mallow/00561000001QSV9AAO
************************************************************
************************************************************
FileName: reports/YPO_Chapter_Region_Health/FY19_Chapter_Officers_Attd_GLC.report
FullName/Id: YPO_Chapter_Region_Health/FY19_Chapter_Officers_Attd_GLC/00O610000042eVGEAY
Manageable State: unmanaged
Namespace Prefix: null
Created By (Name/Id): Danny Smith/00561000002BqLRAA0
Last Modified By (Name/Id): Danny Smith/00561000002BqLRAA0
************************************************************
************************************************************
FileName: reports/YPO_Chapter_Region_Health/MEO_with_past_current_positions1.report
FullName/Id: YPO_Chapter_Region_Health/MEO_with_past_current_positions1/00O610000042i6uEAA
Manageable State: unmanaged
Namespace Prefix: null
Created By (Name/Id): Kirsten Mallow/00561000001QSV9AAO
Last Modified By (Name/Id): Kirsten Mallow/00561000001QSV9AAO
************************************************************
************************************************************
FileName: reports/YPO_Chapter_Region_Health/Current_Membership_Officers.report
FullName/Id: YPO_Chapter_Region_Health/Current_Membership_Officers/00O610000042xJKEAY
Manageable State: unmanaged
Namespace Prefix: null
Created By (Name/Id): Danny Smith/00561000002BqLRAA0
Last Modified By (Name/Id): Brady Kazar/00561000002BqLgAAK
************************************************************
************************************************************
FileName: reports/YPO_Chapter_Region_Health/Dashboard_Report_Chapter_Health_Status1.report
FullName/Id: YPO_Chapter_Region_Health/Dashboard_Report_Chapter_Health_Status1/00O61000004EKVlEAO
Manageable State: unmanaged
Namespace Prefix: null
Created By (Name/Id): Danny Smith/00561000002BqLRAA0
Last Modified By (Name/Id): Danny Smith/00561000002BqLRAA0
************************************************************
************************************************************
FileName: reports/YPO_Chapter_Region_Health/Chapter_Status_Platinum_Silver_Bronze2.report
FullName/Id: YPO_Chapter_Region_Health/Chapter_Status_Platinum_Silver_Bronze2/00O610000049s15EAA
Manageable State: unmanaged
Namespace Prefix: null
Created By (Name/Id): Danny Smith/00561000002BqLRAA0
Last Modified By (Name/Id): Danny Smith/00561000002BqLRAA0
************************************************************
************************************************************
FileName: reports/YPO_Chapter_Region_Health/FY19_Regional_Officers_Attd_GLC.report
FullName/Id: YPO_Chapter_Region_Health/FY19_Regional_Officers_Attd_GLC/00O610000042eVaEAI
Manageable State: unmanaged
Namespace Prefix: null
Created By (Name/Id): Danny Smith/00561000002BqLRAA0
Last Modified By (Name/Id): Danny Smith/00561000002BqLRAA0
************************************************************
************************************************************
FileName: reports/YPO_Chapter_Region_Health/Current_Region_Membership_Off.report
FullName/Id: YPO_Chapter_Region_Health/Current_Region_Membership_Off/00O61000004309rEAA
Manageable State: unmanaged
Namespace Prefix: null
Created By (Name/Id): Danny Smith/00561000002BqLRAA0
Last Modified By (Name/Id): Danny Smith/00561000002BqLRAA0
************************************************************
************************************************************
FileName: reports/YPO_Chapter_Region_Health/Postitions_Retired_at_the_End_of_FY2018.report
FullName/Id: YPO_Chapter_Region_Health/Postitions_Retired_at_the_End_of_FY2018/00O6100000430RSEAY
Manageable State: unmanaged
Namespace Prefix: null
Created By (Name/Id): Danny Smith/00561000002BqLRAA0
Last Modified By (Name/Id): Danny Smith/00561000002BqLRAA0
************************************************************
************************************************************
FileName: reports/YPO_Chapter_Region_Health/FY18_Y_Gold_Members_S_P_serving_in_Y_Ch.report
FullName/Id: YPO_Chapter_Region_Health/FY18_Y_Gold_Members_S_P_serving_in_Y_Ch/00O6100000430RwEAI
Manageable State: unmanaged
Namespace Prefix: null
Created By (Name/Id): Danny Smith/00561000002BqLRAA0
Last Modified By (Name/Id): Danny Smith/00561000002BqLRAA0
************************************************************
************************************************************
FileName: reports/YPO_Chapter_Region_Health/Dashboard_Report_Profile_Completion1.report
FullName/Id: YPO_Chapter_Region_Health/Dashboard_Report_Profile_Completion1/00O61000001ZZJTEA4
Manageable State: unmanaged
Namespace Prefix: null
Created By (Name/Id): Danny Smith/00561000002BqLRAA0
Last Modified By (Name/Id): Danny Smith/00561000002BqLRAA0
************************************************************
************************************************************
FileName: reports/YPO_Chapter_Region_Health/FY18_List_of_Lifetime_Members_All_YPO2.report
FullName/Id: YPO_Chapter_Region_Health/FY18_List_of_Lifetime_Members_All_YPO2/00O61000004ELJHEA4
Manageable State: unmanaged
Namespace Prefix: null
Created By (Name/Id): Danny Smith/00561000002BqLRAA0
Last Modified By (Name/Id): Danny Smith/00561000002BqLRAA0
************************************************************
************************************************************
FileName: reports/YPO_Chapter_Region_Health/Management_Team_Membership.report
FullName/Id: YPO_Chapter_Region_Health/Management_Team_Membership/00O6100000430QFEAY
Manageable State: unmanaged
Namespace Prefix: null
Created By (Name/Id): Danny Smith/00561000002BqLRAA0
Last Modified By (Name/Id): Danny Smith/00561000002BqLRAA0
************************************************************
************************************************************
FileName: reports/YPO_Chapter_Region_Health/Current_YPO_Gold_Chp_Memb_Interg_Off.report
FullName/Id: YPO_Chapter_Region_Health/Current_YPO_Gold_Chp_Memb_Interg_Off/00O610000043030EAA
Manageable State: unmanaged
Namespace Prefix: null
Created By (Name/Id): Danny Smith/00561000002BqLRAA0
Last Modified By (Name/Id): Danny Smith/00561000002BqLRAA0
************************************************************
************************************************************
FileName: reports/YPO_Chapter_Region_Health/FY19_Officers_Attd_CLW_America.report
FullName/Id: YPO_Chapter_Region_Health/FY19_Officers_Attd_CLW_America/00O610000042eVLEAY
Manageable State: unmanaged
Namespace Prefix: null
Created By (Name/Id): Danny Smith/00561000002BqLRAA0
Last Modified By (Name/Id): Danny Smith/00561000002BqLRAA0
************************************************************
************************************************************
FileName: reports/YPO_Chapter_Region_Health/Current_Chapter_Membership_Officers.report
FullName/Id: YPO_Chapter_Region_Health/Current_Chapter_Membership_Officers/00O61000004302vEAA
Manageable State: unmanaged
Namespace Prefix: null
Created By (Name/Id): Danny Smith/00561000002BqLRAA0
Last Modified By (Name/Id): Danny Smith/00561000002BqLRAA0
************************************************************
************************************************************
FileName: reports/YPO_Chapter_Region_Health/FY18_CRC_Current_Members.report
FullName/Id: YPO_Chapter_Region_Health/FY18_CRC_Current_Members/00O610000042xOtEAI
Manageable State: unmanaged
Namespace Prefix: null
Created By (Name/Id): Danny Smith/00561000002BqLRAA0
Last Modified By (Name/Id): Brady Kazar/00561000002BqLgAAK
************************************************************
************************************************************
FileName: reports/YPO_Chapter_Region_Health/Chapter_Visits.report
FullName/Id: YPO_Chapter_Region_Health/Chapter_Visits/00O610000042j8SEAQ
Manageable State: unmanaged
Namespace Prefix: null
Created By (Name/Id): Kelli Do/00561000001PrKOAA0
Last Modified By (Name/Id): Kelli Do/00561000001PrKOAA0
************************************************************
************************************************************
FileName: reports/YPO_Chapter_Region_Health/Region_Goals.report
FullName/Id: YPO_Chapter_Region_Health/Region_Goals/00O61000003nNEUEA2
Manageable State: unmanaged
Namespace Prefix: null
Created By (Name/Id): Kelli Do/00561000001PrKOAA0
Last Modified By (Name/Id): Kelli Do/00561000001PrKOAA0
************************************************************
************************************************************
FileName: reports/YPO_Chapter_Region_Health/FY18_Current_Committee_Members.report
FullName/Id: YPO_Chapter_Region_Health/FY18_Current_Committee_Members/00O610000049rsrEAA
Manageable State: unmanaged
Namespace Prefix: null
Created By (Name/Id): Danny Smith/00561000002BqLRAA0
Last Modified By (Name/Id): Danny Smith/00561000002BqLRAA0
************************************************************
************************************************************
FileName: reports/YPO_Chapter_Region_Health/SEC_CA_List_FY19.report
FullName/Id: YPO_Chapter_Region_Health/SEC_CA_List_FY19/00O61000004EgY9EAK
Manageable State: unmanaged
Namespace Prefix: null
Created By (Name/Id): Karen Wing/00561000002DozYAAS
Last Modified By (Name/Id): Karen Wing/00561000002DozYAAS
************************************************************
************************************************************
FileName: reports/YPO_Chapter_Region_Health/Chapter_Projection_Report_by_Opp_Account.report
FullName/Id: YPO_Chapter_Region_Health/Chapter_Projection_Report_by_Opp_Account/00O61000004EHeQEAW
Manageable State: unmanaged
Namespace Prefix: null
Created By (Name/Id): Kelli Do/00561000001PrKOAA0
Last Modified By (Name/Id): Kelli Do/00561000001PrKOAA0
************************************************************
************************************************************
FileName: reports/YPO_Chapter_Region_Health/Current_Region_Officers_YPO_YPO_Gold.report
FullName/Id: YPO_Chapter_Region_Health/Current_Region_Officers_YPO_YPO_Gold/00O61000004302lEAA
Manageable State: unmanaged
Namespace Prefix: null
Created By (Name/Id): Danny Smith/00561000002BqLRAA0
Last Modified By (Name/Id): Danny Smith/00561000002BqLRAA0
************************************************************
