************************************************************
FileName: reports/Dawn_Report_Writing/Item_04578_Draft.report
FullName/Id: Dawn_Report_Writing/Item_04578_Draft/00O61000003mhmpEAA
Manageable State: unmanaged
Namespace Prefix: null
Created By (Name/Id): Dawn Kent/005610000022ex6AAA
Last Modified By (Name/Id): Dawn Kent/005610000022ex6AAA
************************************************************
************************************************************
FileName: reports/Dawn_Report_Writing/Item_04571.report
FullName/Id: Dawn_Report_Writing/Item_04571/00O61000003mhixEAA
Manageable State: unmanaged
Namespace Prefix: null
Created By (Name/Id): Dawn Kent/005610000022ex6AAA
Last Modified By (Name/Id): Dawn Kent/005610000022ex6AAA
************************************************************
************************************************************
FileName: reports/Dawn_Report_Writing/Item_04596_DRAFT_Events.report
FullName/Id: Dawn_Report_Writing/Item_04596_DRAFT_Events/00O61000003mhdxEAA
Manageable State: unmanaged
Namespace Prefix: null
Created By (Name/Id): Dawn Kent/005610000022ex6AAA
Last Modified By (Name/Id): Dawn Kent/005610000022ex6AAA
************************************************************
************************************************************
FileName: reports/Dawn_Report_Writing/Item_04596_DRAFT_Positions.report
FullName/Id: Dawn_Report_Writing/Item_04596_DRAFT_Positions/00O61000003mhQZEAY
Manageable State: unmanaged
Namespace Prefix: null
Created By (Name/Id): Dawn Kent/005610000022ex6AAA
Last Modified By (Name/Id): Dawn Kent/005610000022ex6AAA
************************************************************
************************************************************
FileName: reports/Dawn_Report_Writing/Item_04596_DRAFT_Join.report
FullName/Id: Dawn_Report_Writing/Item_04596_DRAFT_Join/00O61000003mhgIEAQ
Manageable State: unmanaged
Namespace Prefix: null
Created By (Name/Id): Dawn Kent/005610000022ex6AAA
Last Modified By (Name/Id): Dawn Kent/005610000022ex6AAA
************************************************************
************************************************************
FileName: reports/Dawn_Report_Writing/Item_03982_Blocked.report
FullName/Id: Dawn_Report_Writing/Item_03982_Blocked/00O61000003mjwPEAQ
Manageable State: unmanaged
Namespace Prefix: null
Created By (Name/Id): Dawn Kent/005610000022ex6AAA
Last Modified By (Name/Id): Dawn Kent/005610000022ex6AAA
************************************************************
************************************************************
FileName: reports/Dawn_Report_Writing/Kelli_Reports_to_be_Developed_for_DAWN.report
FullName/Id: Dawn_Report_Writing/Kelli_Reports_to_be_Developed_for_DAWN/00O61000003mduNEAQ
Manageable State: unmanaged
Namespace Prefix: null
Created By (Name/Id): Dawn Kent/005610000022ex6AAA
Last Modified By (Name/Id): Dawn Kent/005610000022ex6AAA
************************************************************
************************************************************
FileName: reports/Dawn_Report_Writing/Item_03982_Contact_Pos_Look_up.report
FullName/Id: Dawn_Report_Writing/Item_03982_Contact_Pos_Look_up/00O61000003mjwyEAA
Manageable State: unmanaged
Namespace Prefix: null
Created By (Name/Id): Dawn Kent/005610000022ex6AAA
Last Modified By (Name/Id): Dawn Kent/005610000022ex6AAA
************************************************************
************************************************************
FileName: reports/Dawn_Report_Writing/Item_03982_Dawn2.report
FullName/Id: Dawn_Report_Writing/Item_03982_Dawn2/00O61000003mjo1EAA
Manageable State: unmanaged
Namespace Prefix: null
Created By (Name/Id): Dawn Kent/005610000022ex6AAA
Last Modified By (Name/Id): Dawn Kent/005610000022ex6AAA
************************************************************
