************************************************************
FileName: email/ffxp__ffdc5_emailTemplates/ffxp__ffdc5_Remittances.email
FullName/Id: ffxp__ffdc5_emailTemplates/ffxp__ffdc5_Remittances/00X61000000ZtTNEA0
Manageable State: installed
Namespace Prefix: ffxp
Created By (Name/Id): TEMPORARY FF Onboarding Login/00561000002zrVwAAI
Last Modified By (Name/Id): TEMPORARY FF Onboarding Login/00561000002zrVwAAI
************************************************************
************************************************************
FileName: email/ffxp__ffdc5_emailTemplates/ffxp__ffdc5_Statement.email
FullName/Id: ffxp__ffdc5_emailTemplates/ffxp__ffdc5_Statement/00X61000000ZtTOEA0
Manageable State: installed
Namespace Prefix: ffxp
Created By (Name/Id): TEMPORARY FF Onboarding Login/00561000002zrVwAAI
Last Modified By (Name/Id): TEMPORARY FF Onboarding Login/00561000002zrVwAAI
************************************************************
************************************************************
FileName: email/ffxp__ffdc5_emailTemplates/ffxp__ffdc5_Reminderlevel2.email
FullName/Id: ffxp__ffdc5_emailTemplates/ffxp__ffdc5_Reminderlevel2/00X61000000ZtTLEA0
Manageable State: installed
Namespace Prefix: ffxp
Created By (Name/Id): TEMPORARY FF Onboarding Login/00561000002zrVwAAI
Last Modified By (Name/Id): TEMPORARY FF Onboarding Login/00561000002zrVwAAI
************************************************************
************************************************************
FileName: email/ffxp__ffdc5_emailTemplates/ffxp__ffdc5_Reminderlevel1.email
FullName/Id: ffxp__ffdc5_emailTemplates/ffxp__ffdc5_Reminderlevel1/00X61000000ZtTKEA0
Manageable State: installed
Namespace Prefix: ffxp
Created By (Name/Id): TEMPORARY FF Onboarding Login/00561000002zrVwAAI
Last Modified By (Name/Id): TEMPORARY FF Onboarding Login/00561000002zrVwAAI
************************************************************
************************************************************
FileName: email/ffxp__ffdc5_emailTemplates/ffxp__ffdc5_Reminderlevel3.email
FullName/Id: ffxp__ffdc5_emailTemplates/ffxp__ffdc5_Reminderlevel3/00X61000000ZtTMEA0
Manageable State: installed
Namespace Prefix: ffxp
Created By (Name/Id): TEMPORARY FF Onboarding Login/00561000002zrVwAAI
Last Modified By (Name/Id): TEMPORARY FF Onboarding Login/00561000002zrVwAAI
************************************************************
