************************************************************
FileName: reports/ffrr_exa__RevenueForecastReports/ffrr_exa__RevenueForecastByAccount.report
FullName/Id: ffrr_exa__RevenueForecastReports/ffrr_exa__RevenueForecastByAccount/00O610000042znBEAQ
Manageable State: installed
Namespace Prefix: ffrr_exa
Created By (Name/Id): TEMPORARY FF Onboarding Login/00561000002zrVwAAI
Last Modified By (Name/Id): TEMPORARY FF Onboarding Login/00561000002zrVwAAI
************************************************************
************************************************************
FileName: reports/ffrr_exa__RevenueForecastReports/ffrr_exa__ActualvsForcastByPeriod.report
FullName/Id: ffrr_exa__RevenueForecastReports/ffrr_exa__ActualvsForcastByPeriod/00O610000042zn7EAA
Manageable State: installed
Namespace Prefix: ffrr_exa
Created By (Name/Id): TEMPORARY FF Onboarding Login/00561000002zrVwAAI
Last Modified By (Name/Id): TEMPORARY FF Onboarding Login/00561000002zrVwAAI
************************************************************
************************************************************
FileName: reports/ffrr_exa__RevenueForecastReports/ffrr_exa__RevenueForecastTrans_Draft.report
FullName/Id: ffrr_exa__RevenueForecastReports/ffrr_exa__RevenueForecastTrans_Draft/00O610000042znIEAQ
Manageable State: installed
Namespace Prefix: ffrr_exa
Created By (Name/Id): TEMPORARY FF Onboarding Login/00561000002zrVwAAI
Last Modified By (Name/Id): TEMPORARY FF Onboarding Login/00561000002zrVwAAI
************************************************************
************************************************************
FileName: reports/ffrr_exa__RevenueForecastReports/ffrr_exa__RevenueForecastByDimension3.report
FullName/Id: ffrr_exa__RevenueForecastReports/ffrr_exa__RevenueForecastByDimension3/00O610000042znEEAQ
Manageable State: installed
Namespace Prefix: ffrr_exa
Created By (Name/Id): TEMPORARY FF Onboarding Login/00561000002zrVwAAI
Last Modified By (Name/Id): TEMPORARY FF Onboarding Login/00561000002zrVwAAI
************************************************************
************************************************************
FileName: reports/ffrr_exa__RevenueForecastReports/ffrr_exa__RevenueForecastByDimension4.report
FullName/Id: ffrr_exa__RevenueForecastReports/ffrr_exa__RevenueForecastByDimension4/00O610000042znFEAQ
Manageable State: installed
Namespace Prefix: ffrr_exa
Created By (Name/Id): TEMPORARY FF Onboarding Login/00561000002zrVwAAI
Last Modified By (Name/Id): TEMPORARY FF Onboarding Login/00561000002zrVwAAI
************************************************************
************************************************************
FileName: reports/ffrr_exa__RevenueForecastReports/ffrr_exa__Revenue_Forecast_Trans_Saved.report
FullName/Id: ffrr_exa__RevenueForecastReports/ffrr_exa__Revenue_Forecast_Trans_Saved/00O610000042znJEAQ
Manageable State: installed
Namespace Prefix: ffrr_exa
Created By (Name/Id): TEMPORARY FF Onboarding Login/00561000002zrVwAAI
Last Modified By (Name/Id): TEMPORARY FF Onboarding Login/00561000002zrVwAAI
************************************************************
************************************************************
FileName: reports/ffrr_exa__RevenueForecastReports/ffrr_exa__ActualvsForecastRevenuebyAccount.report
FullName/Id: ffrr_exa__RevenueForecastReports/ffrr_exa__ActualvsForecastRevenuebyAccount/00O610000042zn9EAA
Manageable State: installed
Namespace Prefix: ffrr_exa
Created By (Name/Id): TEMPORARY FF Onboarding Login/00561000002zrVwAAI
Last Modified By (Name/Id): TEMPORARY FF Onboarding Login/00561000002zrVwAAI
************************************************************
************************************************************
FileName: reports/ffrr_exa__RevenueForecastReports/ffrr_exa__ActualvsForecastRevenueByCredit.report
FullName/Id: ffrr_exa__RevenueForecastReports/ffrr_exa__ActualvsForecastRevenueByCredit/00O610000042zn8EAA
Manageable State: installed
Namespace Prefix: ffrr_exa
Created By (Name/Id): TEMPORARY FF Onboarding Login/00561000002zrVwAAI
Last Modified By (Name/Id): TEMPORARY FF Onboarding Login/00561000002zrVwAAI
************************************************************
************************************************************
FileName: reports/ffrr_exa__RevenueForecastReports/ffrr_exa__RevenueForecastBySalesCreditNote.report
FullName/Id: ffrr_exa__RevenueForecastReports/ffrr_exa__RevenueForecastBySalesCreditNote/00O610000042znGEAQ
Manageable State: installed
Namespace Prefix: ffrr_exa
Created By (Name/Id): TEMPORARY FF Onboarding Login/00561000002zrVwAAI
Last Modified By (Name/Id): TEMPORARY FF Onboarding Login/00561000002zrVwAAI
************************************************************
************************************************************
FileName: reports/ffrr_exa__RevenueForecastReports/ffrr_exa__ActualvsForecastRevenuebyInvoice.report
FullName/Id: ffrr_exa__RevenueForecastReports/ffrr_exa__ActualvsForecastRevenuebyInvoice/00O610000042znAEAQ
Manageable State: installed
Namespace Prefix: ffrr_exa
Created By (Name/Id): TEMPORARY FF Onboarding Login/00561000002zrVwAAI
Last Modified By (Name/Id): TEMPORARY FF Onboarding Login/00561000002zrVwAAI
************************************************************
************************************************************
FileName: reports/ffrr_exa__RevenueForecastReports/ffrr_exa__RevenueForecastByDimension1.report
FullName/Id: ffrr_exa__RevenueForecastReports/ffrr_exa__RevenueForecastByDimension1/00O610000042znCEAQ
Manageable State: installed
Namespace Prefix: ffrr_exa
Created By (Name/Id): TEMPORARY FF Onboarding Login/00561000002zrVwAAI
Last Modified By (Name/Id): TEMPORARY FF Onboarding Login/00561000002zrVwAAI
************************************************************
************************************************************
FileName: reports/ffrr_exa__RevenueForecastReports/ffrr_exa__RevenueForecastByDimension2.report
FullName/Id: ffrr_exa__RevenueForecastReports/ffrr_exa__RevenueForecastByDimension2/00O610000042znDEAQ
Manageable State: installed
Namespace Prefix: ffrr_exa
Created By (Name/Id): TEMPORARY FF Onboarding Login/00561000002zrVwAAI
Last Modified By (Name/Id): TEMPORARY FF Onboarding Login/00561000002zrVwAAI
************************************************************
************************************************************
FileName: reports/ffrr_exa__RevenueForecastReports/ffrr_exa__RevenueForecastBySalesInvoice.report
FullName/Id: ffrr_exa__RevenueForecastReports/ffrr_exa__RevenueForecastBySalesInvoice/00O610000042znHEAQ
Manageable State: installed
Namespace Prefix: ffrr_exa
Created By (Name/Id): TEMPORARY FF Onboarding Login/00561000002zrVwAAI
Last Modified By (Name/Id): TEMPORARY FF Onboarding Login/00561000002zrVwAAI
************************************************************
