************************************************************
FileName: reports/North_Asia_Report
FullName/Id: North_Asia_Report/00l61000000duDaAAI
Manageable State: unmanaged
Namespace Prefix: null
Created By (Name/Id): Miho Watanabe/00561000002Dp4AAAS
Last Modified By (Name/Id): Lynn Phillips/00561000000JTJQAA4
************************************************************
************************************************************
FileName: reports/ffxp__ffdc5_FinancialForce_Period_Close_Reports
FullName/Id: ffxp__ffdc5_FinancialForce_Period_Close_Reports/00l61000000bS2ZAAU
Manageable State: installed
Namespace Prefix: ffxp
Created By (Name/Id): TEMPORARY FF Onboarding Login/00561000002zrVwAAI
Last Modified By (Name/Id): TEMPORARY FF Onboarding Login/00561000002zrVwAAI
************************************************************
************************************************************
FileName: reports/APXTConga4__CongaSP_Composer_Starter_Pack_Reports
FullName/Id: APXTConga4__CongaSP_Composer_Starter_Pack_Reports/00l61000000bS6WAAU
Manageable State: installed
Namespace Prefix: APXTConga4
Created By (Name/Id): TEMPORARY FF Onboarding Login/00561000002zrVwAAI
Last Modified By (Name/Id): TEMPORARY FF Onboarding Login/00561000002zrVwAAI
************************************************************
************************************************************
FileName: reports/Testing_Reports
FullName/Id: Testing_Reports/00l61000000ksVwAAI
Manageable State: unmanaged
Namespace Prefix: null
Created By (Name/Id): Lily Kubota/00561000000ImxXAAS
Last Modified By (Name/Id): Lily Kubota/00561000000ImxXAAS
************************************************************
************************************************************
FileName: reports/Europe_Region
FullName/Id: Europe_Region/00l61000000OLWNAA4
Manageable State: unmanaged
Namespace Prefix: null
Created By (Name/Id): Michelle Moore/00561000002CiOzAAK
Last Modified By (Name/Id): Lynn Phillips/00561000000JTJQAA4
************************************************************
************************************************************
FileName: reports/DashboardReportsAdoption
FullName/Id: DashboardReportsAdoption/00l61000000R8gjAAC
Manageable State: unmanaged
Namespace Prefix: null
Created By (Name/Id): Todd Reed/00561000000IfUJAA0
Last Modified By (Name/Id): Todd Reed/00561000000IfUJAA0
************************************************************
************************************************************
FileName: reports/Western_US_Reports
FullName/Id: Western_US_Reports/00l61000000OKOCAA4
Manageable State: unmanaged
Namespace Prefix: null
Created By (Name/Id): Liz Jang/00561000002DozTAAS
Last Modified By (Name/Id): Lynn Phillips/00561000000JTJQAA4
************************************************************
************************************************************
FileName: reports/ffxp__ffdc5_FinancialForce_Audit_Reports
FullName/Id: ffxp__ffdc5_FinancialForce_Audit_Reports/00l61000000bS2XAAU
Manageable State: installed
Namespace Prefix: ffxp
Created By (Name/Id): TEMPORARY FF Onboarding Login/00561000002zrVwAAI
Last Modified By (Name/Id): TEMPORARY FF Onboarding Login/00561000002zrVwAAI
************************************************************
************************************************************
FileName: reports/Data_Team_Networks
FullName/Id: Data_Team_Networks/00l61000000bPbgAAE
Manageable State: unmanaged
Namespace Prefix: null
Created By (Name/Id): Lynn Phillips/00561000000JTJQAA4
Last Modified By (Name/Id): Lynn Phillips/00561000000JTJQAA4
************************************************************
************************************************************
FileName: reports/Regional_Reports_Central_US
FullName/Id: Regional_Reports_Central_US/00l61000000bR4AAAU
Manageable State: unmanaged
Namespace Prefix: null
Created By (Name/Id): Lynn Phillips/00561000000JTJQAA4
Last Modified By (Name/Id): Lynn Phillips/00561000000JTJQAA4
************************************************************
************************************************************
FileName: reports/Sales_Marketing_Dashboard_Reports
FullName/Id: Sales_Marketing_Dashboard_Reports/00l61000000R8gkAAC
Manageable State: unmanaged
Namespace Prefix: null
Created By (Name/Id): Todd Reed/00561000000IfUJAA0
Last Modified By (Name/Id): Todd Reed/00561000000IfUJAA0
************************************************************
************************************************************
FileName: reports/YPO_Admin
FullName/Id: YPO_Admin/00l61000000OKLDAA4
Manageable State: unmanaged
Namespace Prefix: null
Created By (Name/Id): Kelli Do/00561000001PrKOAA0
Last Modified By (Name/Id): Kelli Do/00561000001PrKOAA0
************************************************************
************************************************************
FileName: reports/Regional_Reports_Canada
FullName/Id: Regional_Reports_Canada/00l61000000bR45AAE
Manageable State: unmanaged
Namespace Prefix: null
Created By (Name/Id): Lynn Phillips/00561000000JTJQAA4
Last Modified By (Name/Id): Lynn Phillips/00561000000JTJQAA4
************************************************************
************************************************************
FileName: reports/alm_qa__Testing_BUTR_Reports
FullName/Id: alm_qa__Testing_BUTR_Reports/00l61000000MlfrAAC
Manageable State: installed
Namespace Prefix: alm_qa
Created By (Name/Id): Lily Kubota/00561000000ImxXAAS
Last Modified By (Name/Id): Lily Kubota/00561000000ImxXAAS
************************************************************
************************************************************
FileName: reports/Einstein_Analytics
FullName/Id: Einstein_Analytics/00l610000016cWgAAI
Manageable State: unmanaged
Namespace Prefix: null
Created By (Name/Id): System Administrator/00561000002DrZyAAK
Last Modified By (Name/Id): System Administrator/00561000002DrZyAAK
************************************************************
************************************************************
FileName: reports/Issues_to_monitor
FullName/Id: Issues_to_monitor/00l61000000du4dAAA
Manageable State: unmanaged
Namespace Prefix: null
Created By (Name/Id): Lynn Phillips/00561000000JTJQAA4
Last Modified By (Name/Id): Lynn Phillips/00561000000JTJQAA4
************************************************************
************************************************************
FileName: reports/Backlog_by_Iteration
FullName/Id: Backlog_by_Iteration/00l610000011n3TAAQ
Manageable State: unmanaged
Namespace Prefix: null
Created By (Name/Id): Todd Reed/00561000000IfUJAA0
Last Modified By (Name/Id): Todd Reed/00561000000IfUJAA0
************************************************************
************************************************************
FileName: reports/Membership_Email_Lists
FullName/Id: Membership_Email_Lists/00l61000000bSEaAAM
Manageable State: unmanaged
Namespace Prefix: null
Created By (Name/Id): Ike Irozuru/00561000001QT3QAAW
Last Modified By (Name/Id): Ike Irozuru/00561000001QT3QAAW
************************************************************
************************************************************
FileName: reports/YPO_Membership_Renewals
FullName/Id: YPO_Membership_Renewals/00l61000000dtSZAAY
Manageable State: unmanaged
Namespace Prefix: null
Created By (Name/Id): Taylor Poppell/00561000002SlNbAAK
Last Modified By (Name/Id): Taylor Poppell/00561000002SlNbAAK
************************************************************
************************************************************
FileName: reports/Pacific_US
FullName/Id: Pacific_US/00l61000000OL69AAG
Manageable State: unmanaged
Namespace Prefix: null
Created By (Name/Id): Mikki Delci/00561000002DoykAAC
Last Modified By (Name/Id): Lynn Phillips/00561000000JTJQAA4
************************************************************
************************************************************
FileName: reports/alm_pm2__Bluewolf_ALM
FullName/Id: alm_pm2__Bluewolf_ALM/00l61000000MlfmAAC
Manageable State: installed
Namespace Prefix: alm_pm2
Created By (Name/Id): Lily Kubota/00561000000ImxXAAS
Last Modified By (Name/Id): Lily Kubota/00561000000ImxXAAS
************************************************************
************************************************************
FileName: reports/NEUS
FullName/Id: NEUS/00l61000000OKVXAA4
Manageable State: unmanaged
Namespace Prefix: null
Created By (Name/Id): Shelva Suggs/00561000002Dp3eAAC
Last Modified By (Name/Id): Shelva Suggs/00561000002Dp3eAAC
************************************************************
************************************************************
FileName: reports/Regional_Reports_Americas
FullName/Id: Regional_Reports_Americas/00l61000000bR4KAAU
Manageable State: unmanaged
Namespace Prefix: null
Created By (Name/Id): Lynn Phillips/00561000000JTJQAA4
Last Modified By (Name/Id): Lynn Phillips/00561000000JTJQAA4
************************************************************
************************************************************
FileName: reports/ffbext__OneTouch_Reports
FullName/Id: ffbext__OneTouch_Reports/00l61000000bS2PAAU
Manageable State: installed
Namespace Prefix: ffbext
Created By (Name/Id): TEMPORARY FF Onboarding Login/00561000002zrVwAAI
Last Modified By (Name/Id): TEMPORARY FF Onboarding Login/00561000002zrVwAAI
************************************************************
************************************************************
FileName: reports/FAM__Fixed_Asset_Reports
FullName/Id: FAM__Fixed_Asset_Reports/00l61000000bS33AAE
Manageable State: installed
Namespace Prefix: FAM
Created By (Name/Id): TEMPORARY FF Onboarding Login/00561000002zrVwAAI
Last Modified By (Name/Id): TEMPORARY FF Onboarding Login/00561000002zrVwAAI
************************************************************
************************************************************
FileName: reports/YPO_Einstein_Analytics
FullName/Id: YPO_Einstein_Analytics/00l61000000dvKrAAI
Manageable State: unmanaged
Namespace Prefix: null
Created By (Name/Id): Hung Bui/00561000001hWrwAAE
Last Modified By (Name/Id): Hung Bui/00561000001hWrwAAE
************************************************************
************************************************************
FileName: reports/ffaci__CongaSP_Conga_Solution_Utilities_Reports
FullName/Id: ffaci__CongaSP_Conga_Solution_Utilities_Reports/00l61000000bS6CAAU
Manageable State: installed
Namespace Prefix: ffaci
Created By (Name/Id): TEMPORARY FF Onboarding Login/00561000002zrVwAAI
Last Modified By (Name/Id): TEMPORARY FF Onboarding Login/00561000002zrVwAAI
************************************************************
************************************************************
FileName: reports/X1_1_Prioritization
FullName/Id: X1_1_Prioritization/00l61000000kvktAAA
Manageable State: unmanaged
Namespace Prefix: null
Created By (Name/Id): Lily Kubota/00561000000ImxXAAS
Last Modified By (Name/Id): Lily Kubota/00561000000ImxXAAS
************************************************************
************************************************************
FileName: reports/ca_collab_2_0__SfdcCommunitiesPulseDefaultContent_20
FullName/Id: ca_collab_2_0__SfdcCommunitiesPulseDefaultContent_20/00l61000000kxSMAAY
Manageable State: installed
Namespace Prefix: ca_collab_2_0
Created By (Name/Id): Jonathan Bernd/00561000000ImwtAAC
Last Modified By (Name/Id): Jonathan Bernd/00561000000ImwtAAC
************************************************************
************************************************************
FileName: reports/LATAM
FullName/Id: LATAM/00l61000000vdcdAAA
Manageable State: unmanaged
Namespace Prefix: null
Created By (Name/Id): Hector Piedra/0056100000318MjAAI
Last Modified By (Name/Id): Hector Piedra/0056100000318MjAAI
************************************************************
************************************************************
FileName: reports/Regional_Reports_APAC
FullName/Id: Regional_Reports_APAC/00l61000000bR4PAAU
Manageable State: unmanaged
Namespace Prefix: null
Created By (Name/Id): Lynn Phillips/00561000000JTJQAA4
Last Modified By (Name/Id): Lynn Phillips/00561000000JTJQAA4
************************************************************
************************************************************
FileName: reports/ca_collab_2_0__SfdcCommunitiesPulseDefaultActivity_20
FullName/Id: ca_collab_2_0__SfdcCommunitiesPulseDefaultActivity_20/00l61000000kxSLAAY
Manageable State: installed
Namespace Prefix: ca_collab_2_0
Created By (Name/Id): Jonathan Bernd/00561000000ImwtAAC
Last Modified By (Name/Id): Jonathan Bernd/00561000000ImwtAAC
************************************************************
************************************************************
FileName: reports/My_Shared_Reports
FullName/Id: My_Shared_Reports/00l61000000dvKmAAI
Manageable State: unmanaged
Namespace Prefix: null
Created By (Name/Id): Bill Rivers/00561000002Dp32AAC
Last Modified By (Name/Id): Bill Rivers/00561000002Dp32AAC
************************************************************
************************************************************
FileName: reports/YPO_MarCom
FullName/Id: YPO_MarCom/00l61000000OM1kAAG
Manageable State: unmanaged
Namespace Prefix: null
Created By (Name/Id): Kelli Do/00561000001PrKOAA0
Last Modified By (Name/Id): Kelli Do/00561000001PrKOAA0
************************************************************
************************************************************
FileName: reports/ca_collab_2_0__Misc_Communities_Reports
FullName/Id: ca_collab_2_0__Misc_Communities_Reports/00l61000000kxSKAAY
Manageable State: installed
Namespace Prefix: ca_collab_2_0
Created By (Name/Id): Jonathan Bernd/00561000000ImwtAAC
Last Modified By (Name/Id): Jonathan Bernd/00561000000ImwtAAC
************************************************************
************************************************************
FileName: reports/Product_Management_Reports
FullName/Id: Product_Management_Reports/00l61000000OIGZAA4
Manageable State: unmanaged
Namespace Prefix: null
Created By (Name/Id): Brandon Sherman/00561000001uIe1AAE
Last Modified By (Name/Id): Brandon Sherman/00561000001uIe1AAE
************************************************************
************************************************************
FileName: reports/Data_Cleanup
FullName/Id: Data_Cleanup/00l610000012dF3AAI
Manageable State: unmanaged
Namespace Prefix: null
Created By (Name/Id): Lynn Phillips/00561000000JTJQAA4
Last Modified By (Name/Id): Lynn Phillips/00561000000JTJQAA4
************************************************************
************************************************************
FileName: reports/ffxp__As_of_Aging
FullName/Id: ffxp__As_of_Aging/00l61000000bS2UAAU
Manageable State: installed
Namespace Prefix: ffxp
Created By (Name/Id): TEMPORARY FF Onboarding Login/00561000002zrVwAAI
Last Modified By (Name/Id): TEMPORARY FF Onboarding Login/00561000002zrVwAAI
************************************************************
************************************************************
FileName: reports/YPO_Chapter_Region_Health
FullName/Id: YPO_Chapter_Region_Health/00l61000000OKLIAA4
Manageable State: unmanaged
Namespace Prefix: null
Created By (Name/Id): Kelli Do/00561000001PrKOAA0
Last Modified By (Name/Id): Kelli Do/00561000001PrKOAA0
************************************************************
************************************************************
FileName: reports/ca_collab_2_0__SfdcCommunitiesPulseDefaultModeration_20
FullName/Id: ca_collab_2_0__SfdcCommunitiesPulseDefaultModeration_20/00l61000000kxSPAAY
Manageable State: installed
Namespace Prefix: ca_collab_2_0
Created By (Name/Id): Jonathan Bernd/00561000000ImwtAAC
Last Modified By (Name/Id): Jonathan Bernd/00561000000ImwtAAC
************************************************************
************************************************************
FileName: reports/APXTConga4__Conga_PointMerge_Reports
FullName/Id: APXTConga4__Conga_PointMerge_Reports/00l61000000OGnKAAW
Manageable State: installed
Namespace Prefix: APXTConga4
Created By (Name/Id): Andrew Aasen/00561000001cqr9AAA
Last Modified By (Name/Id): Andrew Aasen/00561000001cqr9AAA
************************************************************
************************************************************
FileName: reports/APXTConga4__Conga_Reports
FullName/Id: APXTConga4__Conga_Reports/00l61000000OGnLAAW
Manageable State: installed
Namespace Prefix: APXTConga4
Created By (Name/Id): Andrew Aasen/00561000001cqr9AAA
Last Modified By (Name/Id): Andrew Aasen/00561000001cqr9AAA
************************************************************
************************************************************
FileName: reports/ffxp__FinancialForce_Period_Close_Reports_11
FullName/Id: ffxp__FinancialForce_Period_Close_Reports_11/00l61000000bS2WAAU
Manageable State: installed
Namespace Prefix: ffxp
Created By (Name/Id): TEMPORARY FF Onboarding Login/00561000002zrVwAAI
Last Modified By (Name/Id): TEMPORARY FF Onboarding Login/00561000002zrVwAAI
************************************************************
************************************************************
FileName: reports/YPO_Membership
FullName/Id: YPO_Membership/00l61000000b3NSAAY
Manageable State: unmanaged
Namespace Prefix: null
Created By (Name/Id): Lynn Phillips/00561000000JTJQAA4
Last Modified By (Name/Id): Lynn Phillips/00561000000JTJQAA4
************************************************************
************************************************************
FileName: reports/DATA_MIGRATION
FullName/Id: DATA_MIGRATION/00l61000000ky52AAA
Manageable State: unmanaged
Namespace Prefix: null
Created By (Name/Id): Data_Migration/00561000001Obe8AAC
Last Modified By (Name/Id): Data_Migration/00561000001Obe8AAC
************************************************************
************************************************************
FileName: reports/Regional_Reports_Africa
FullName/Id: Regional_Reports_Africa/00l61000000bR40AAE
Manageable State: unmanaged
Namespace Prefix: null
Created By (Name/Id): Lynn Phillips/00561000000JTJQAA4
Last Modified By (Name/Id): Lynn Phillips/00561000000JTJQAA4
************************************************************
************************************************************
FileName: reports/Best_Practice_Service_Reports
FullName/Id: Best_Practice_Service_Reports/00l61000000R8giAAC
Manageable State: unmanaged
Namespace Prefix: null
Created By (Name/Id): Todd Reed/00561000000IfUJAA0
Last Modified By (Name/Id): Todd Reed/00561000000IfUJAA0
************************************************************
************************************************************
FileName: reports/Sprint_Reports
FullName/Id: Sprint_Reports/00l61000000bRyhAAE
Manageable State: unmanaged
Namespace Prefix: null
Created By (Name/Id): Lynn Phillips/00561000000JTJQAA4
Last Modified By (Name/Id): Lynn Phillips/00561000000JTJQAA4
************************************************************
************************************************************
FileName: reports/YPO_Prospects
FullName/Id: YPO_Prospects/00l61000000OGxjAAG
Manageable State: unmanaged
Namespace Prefix: null
Created By (Name/Id): Kelli Do/00561000001PrKOAA0
Last Modified By (Name/Id): Kelli Do/00561000001PrKOAA0
************************************************************
************************************************************
FileName: reports/YPO_Champions
FullName/Id: YPO_Champions/00l61000000vFuCAAU
Manageable State: unmanaged
Namespace Prefix: null
Created By (Name/Id): Lynn Phillips/00561000000JTJQAA4
Last Modified By (Name/Id): Lynn Phillips/00561000000JTJQAA4
************************************************************
************************************************************
FileName: reports/ffxp__FinancialForce_Intercompany_Reports
FullName/Id: ffxp__FinancialForce_Intercompany_Reports/00l61000000bS2VAAU
Manageable State: installed
Namespace Prefix: ffxp
Created By (Name/Id): TEMPORARY FF Onboarding Login/00561000002zrVwAAI
Last Modified By (Name/Id): TEMPORARY FF Onboarding Login/00561000002zrVwAAI
************************************************************
************************************************************
FileName: reports/QA_Folder
FullName/Id: QA_Folder/00l61000000vDMXAA2
Manageable State: unmanaged
Namespace Prefix: null
Created By (Name/Id): Kristin Mikula/00561000001QCO4AAO
Last Modified By (Name/Id): Kristin Mikula/00561000001QCO4AAO
************************************************************
************************************************************
FileName: reports/Act_On_Importing_Reports
FullName/Id: Act_On_Importing_Reports/00l61000000dwIIAAY
Manageable State: unmanaged
Namespace Prefix: null
Created By (Name/Id): Lauren Edwards/00561000002DoyoAAC
Last Modified By (Name/Id): Lauren Edwards/00561000002DoyoAAC
************************************************************
************************************************************
FileName: reports/Epics_User_Stories
FullName/Id: Epics_User_Stories/00l61000000OIqJAAW
Manageable State: unmanaged
Namespace Prefix: null
Created By (Name/Id): Bharathi Duvvuru/00561000001NTCSAA4
Last Modified By (Name/Id): Bharathi Duvvuru/00561000001NTCSAA4
************************************************************
************************************************************
FileName: reports/Dawn_Kent_Reports
FullName/Id: Dawn_Kent_Reports/00l61000000OGm2AAG
Manageable State: unmanaged
Namespace Prefix: null
Created By (Name/Id): Kelli Do/00561000001PrKOAA0
Last Modified By (Name/Id): Kelli Do/00561000001PrKOAA0
************************************************************
************************************************************
FileName: reports/ffxp__ffdc5_FinancialForce_Management_Reports
FullName/Id: ffxp__ffdc5_FinancialForce_Management_Reports/00l61000000bS2YAAU
Manageable State: installed
Namespace Prefix: ffxp
Created By (Name/Id): TEMPORARY FF Onboarding Login/00561000002zrVwAAI
Last Modified By (Name/Id): TEMPORARY FF Onboarding Login/00561000002zrVwAAI
************************************************************
************************************************************
FileName: reports/ca_collab_2_0__Communities_Reports
FullName/Id: ca_collab_2_0__Communities_Reports/00l61000000kxSIAAY
Manageable State: installed
Namespace Prefix: ca_collab_2_0
Created By (Name/Id): Jonathan Bernd/00561000000ImwtAAC
Last Modified By (Name/Id): Jonathan Bernd/00561000000ImwtAAC
************************************************************
************************************************************
FileName: reports/Membership_Month_End_Reports
FullName/Id: Membership_Month_End_Reports/00l61000000bRJFAA2
Manageable State: unmanaged
Namespace Prefix: null
Created By (Name/Id): Shola Ogunrayi/00561000002ENj2AAG
Last Modified By (Name/Id): Ike Irozuru/00561000001QT3QAAW
************************************************************
************************************************************
FileName: reports/Adoption_User_report
FullName/Id: Adoption_User_report/00l61000000OKR1AAO
Manageable State: unmanaged
Namespace Prefix: null
Created By (Name/Id): Lynn Phillips/00561000000JTJQAA4
Last Modified By (Name/Id): Lynn Phillips/00561000000JTJQAA4
************************************************************
************************************************************
FileName: reports/setuprep__Setup_Record_Reports
FullName/Id: setuprep__Setup_Record_Reports/00l61000000OKIdAAO
Manageable State: installed
Namespace Prefix: setuprep
Created By (Name/Id): System Administrator/00561000002DrZyAAK
Last Modified By (Name/Id): System Administrator/00561000002DrZyAAK
************************************************************
************************************************************
FileName: reports/Carol_Issues_to_Monitor
FullName/Id: Carol_Issues_to_Monitor/00l61000000dw7jAAA
Manageable State: unmanaged
Namespace Prefix: null
Created By (Name/Id): Carol Kramer/00561000000JTJaAAO
Last Modified By (Name/Id): Carol Kramer/00561000000JTJaAAO
************************************************************
************************************************************
FileName: reports/ca_collab_2_0__Chatter_Reports
FullName/Id: ca_collab_2_0__Chatter_Reports/00l61000000kxSHAAY
Manageable State: installed
Namespace Prefix: ca_collab_2_0
Created By (Name/Id): Jonathan Bernd/00561000000ImwtAAC
Last Modified By (Name/Id): Jonathan Bernd/00561000000ImwtAAC
************************************************************
************************************************************
FileName: reports/Membership_Reports
FullName/Id: Membership_Reports/00l61000000bRMTAA2
Manageable State: unmanaged
Namespace Prefix: null
Created By (Name/Id): Ike Irozuru/00561000001QT3QAAW
Last Modified By (Name/Id): Shola Ogunrayi/00561000002ENj2AAG
************************************************************
************************************************************
FileName: reports/ffct__ConsultantTools
FullName/Id: ffct__ConsultantTools/00l61000000bS2tAAE
Manageable State: installed
Namespace Prefix: ffct
Created By (Name/Id): TEMPORARY FF Onboarding Login/00561000002zrVwAAI
Last Modified By (Name/Id): TEMPORARY FF Onboarding Login/00561000002zrVwAAI
************************************************************
************************************************************
FileName: reports/YPO_Strategic_Alliances
FullName/Id: YPO_Strategic_Alliances/00l610000016dkeAAA
Manageable State: unmanaged
Namespace Prefix: null
Created By (Name/Id): Kelli Do/00561000001PrKOAA0
Last Modified By (Name/Id): Kelli Do/00561000001PrKOAA0
************************************************************
************************************************************
FileName: reports/Regional_Reports_Mid_America_US
FullName/Id: Regional_Reports_Mid_America_US/00l610000016dBPAAY
Manageable State: unmanaged
Namespace Prefix: null
Created By (Name/Id): Kelli Do/00561000001PrKOAA0
Last Modified By (Name/Id): Kelli Do/00561000001PrKOAA0
************************************************************
************************************************************
FileName: reports/Dawn_Report_Writing
FullName/Id: Dawn_Report_Writing/00l61000000FzshAAC
Manageable State: unmanaged
Namespace Prefix: null
Created By (Name/Id): Dawn Kent/005610000022ex6AAA
Last Modified By (Name/Id): Dawn Kent/005610000022ex6AAA
************************************************************
************************************************************
FileName: reports/ffxp__ffdc5_FinancialForce_Reports
FullName/Id: ffxp__ffdc5_FinancialForce_Reports/00l61000000bS2aAAE
Manageable State: installed
Namespace Prefix: ffxp
Created By (Name/Id): TEMPORARY FF Onboarding Login/00561000002zrVwAAI
Last Modified By (Name/Id): TEMPORARY FF Onboarding Login/00561000002zrVwAAI
************************************************************
************************************************************
FileName: reports/Renewals_FY18_Reports
FullName/Id: Renewals_FY18_Reports/00l61000000OLABAA4
Manageable State: unmanaged
Namespace Prefix: null
Created By (Name/Id): Bharathi Duvvuru/00561000001NTCSAA4
Last Modified By (Name/Id): Bharathi Duvvuru/00561000001NTCSAA4
************************************************************
************************************************************
FileName: reports/Event_Reports
FullName/Id: Event_Reports/00l61000000OKQwAAO
Manageable State: unmanaged
Namespace Prefix: null
Created By (Name/Id): Lynn Phillips/00561000000JTJQAA4
Last Modified By (Name/Id): Lynn Phillips/00561000000JTJQAA4
************************************************************
************************************************************
FileName: reports/YPO_Awards
FullName/Id: YPO_Awards/00l61000000vFboAAE
Manageable State: unmanaged
Namespace Prefix: null
Created By (Name/Id): Lynn Phillips/00561000000JTJQAA4
Last Modified By (Name/Id): Lynn Phillips/00561000000JTJQAA4
************************************************************
************************************************************
FileName: reports/ca_collab_2_0__SfdcCommunitiesPulseDefaultSelfService20
FullName/Id: ca_collab_2_0__SfdcCommunitiesPulseDefaultSelfService20/00l61000000kxSQAAY
Manageable State: installed
Namespace Prefix: ca_collab_2_0
Created By (Name/Id): Jonathan Bernd/00561000000ImwtAAC
Last Modified By (Name/Id): Jonathan Bernd/00561000000ImwtAAC
************************************************************
************************************************************
FileName: reports/Forum_Reports
FullName/Id: Forum_Reports/00l61000000OIU3AAO
Manageable State: unmanaged
Namespace Prefix: null
Created By (Name/Id): Cory Chorpenning/00561000001cxaZAAQ
Last Modified By (Name/Id): Kelli Do/00561000001PrKOAA0
************************************************************
************************************************************
FileName: reports/GLC_CLW_Workshop_Reports
FullName/Id: GLC_CLW_Workshop_Reports/00l61000000bR4FAAU
Manageable State: unmanaged
Namespace Prefix: null
Created By (Name/Id): Lynn Phillips/00561000000JTJQAA4
Last Modified By (Name/Id): Lynn Phillips/00561000000JTJQAA4
************************************************************
************************************************************
FileName: reports/YPO_Governance
FullName/Id: YPO_Governance/00l61000000du1tAAA
Manageable State: unmanaged
Namespace Prefix: null
Created By (Name/Id): Kelli Do/00561000001PrKOAA0
Last Modified By (Name/Id): Kelli Do/00561000001PrKOAA0
************************************************************
************************************************************
FileName: reports/VSTrackIT2__VSTrackIT
FullName/Id: VSTrackIT2__VSTrackIT/00l61000000OKW1AAO
Manageable State: installed
Namespace Prefix: VSTrackIT2
Created By (Name/Id): System Administrator/00561000002DrZyAAK
Last Modified By (Name/Id): System Administrator/00561000002DrZyAAK
************************************************************
************************************************************
FileName: reports/YPO_Education
FullName/Id: YPO_Education/00l61000000b3N3AAI
Manageable State: unmanaged
Namespace Prefix: null
Created By (Name/Id): Lynn Phillips/00561000000JTJQAA4
Last Modified By (Name/Id): Kelli Do/00561000001PrKOAA0
************************************************************
************************************************************
FileName: reports/YPO_Chapter_Admin
FullName/Id: YPO_Chapter_Admin/00l61000000vFbyAAE
Manageable State: unmanaged
Namespace Prefix: null
Created By (Name/Id): Lynn Phillips/00561000000JTJQAA4
Last Modified By (Name/Id): Lynn Phillips/00561000000JTJQAA4
************************************************************
************************************************************
FileName: reports/Release_Management
FullName/Id: Release_Management/00l61000000vH3QAAU
Manageable State: unmanaged
Namespace Prefix: null
Created By (Name/Id): Kristin Mikula/00561000001QCO4AAO
Last Modified By (Name/Id): Kristin Mikula/00561000001QCO4AAO
************************************************************
************************************************************
FileName: reports/ca_collab_2_0__SfdcCommunitiesPulseDefaultTopics_20
FullName/Id: ca_collab_2_0__SfdcCommunitiesPulseDefaultTopics_20/00l61000000kxSRAAY
Manageable State: installed
Namespace Prefix: ca_collab_2_0
Created By (Name/Id): Jonathan Bernd/00561000000ImwtAAC
Last Modified By (Name/Id): Jonathan Bernd/00561000000ImwtAAC
************************************************************
************************************************************
FileName: reports/FY19_Dashboards
FullName/Id: FY19_Dashboards/00l61000000vdr9AAA
Manageable State: unmanaged
Namespace Prefix: null
Created By (Name/Id): Will Cravens/00561000002d4lhAAA
Last Modified By (Name/Id): Will Cravens/00561000002d4lhAAA
************************************************************
************************************************************
FileName: reports/YPO_Service_Desk
FullName/Id: YPO_Service_Desk/00l61000000b3NmAAI
Manageable State: unmanaged
Namespace Prefix: null
Created By (Name/Id): Lynn Phillips/00561000000JTJQAA4
Last Modified By (Name/Id): Lynn Phillips/00561000000JTJQAA4
************************************************************
************************************************************
FileName: reports/ca_collab_2_0__SfdcCommunitiesPulseDefaultMember_20
FullName/Id: ca_collab_2_0__SfdcCommunitiesPulseDefaultMember_20/00l61000000kxSOAAY
Manageable State: installed
Namespace Prefix: ca_collab_2_0
Created By (Name/Id): Jonathan Bernd/00561000000ImwtAAC
Last Modified By (Name/Id): Jonathan Bernd/00561000000ImwtAAC
************************************************************
************************************************************
FileName: unfiled$public
FullName/Id: unfiled$public/
Manageable State: unmanaged
Namespace Prefix: 
Created By (Name/Id): Viswanath Chereddy/005Z0000004CxIbIAK
Last Modified By (Name/Id): Viswanath Chereddy/005Z0000004CxIbIAK
************************************************************
************************************************************
FileName: reports/ffrr_exa__Revenue_Recognition_Reports
FullName/Id: ffrr_exa__Revenue_Recognition_Reports/00l61000000bS2zAAE
Manageable State: installed
Namespace Prefix: ffrr_exa
Created By (Name/Id): TEMPORARY FF Onboarding Login/00561000002zrVwAAI
Last Modified By (Name/Id): TEMPORARY FF Onboarding Login/00561000002zrVwAAI
************************************************************
************************************************************
FileName: reports/Sprint_ReportsLPP
FullName/Id: Sprint_ReportsLPP/00l61000000bPncAAE
Manageable State: unmanaged
Namespace Prefix: null
Created By (Name/Id): Lynn Phillips/00561000000JTJQAA4
Last Modified By (Name/Id): Lynn Phillips/00561000000JTJQAA4
************************************************************
************************************************************
FileName: reports/ffxp__ffdc5_FinancialForce_Tax_Reports
FullName/Id: ffxp__ffdc5_FinancialForce_Tax_Reports/00l61000000bS2bAAE
Manageable State: installed
Namespace Prefix: ffxp
Created By (Name/Id): TEMPORARY FF Onboarding Login/00561000002zrVwAAI
Last Modified By (Name/Id): TEMPORARY FF Onboarding Login/00561000002zrVwAAI
************************************************************
************************************************************
FileName: reports/dsfs__DocuSign_Reports
FullName/Id: dsfs__DocuSign_Reports/00l61000000kqvjAAA
Manageable State: installed
Namespace Prefix: dsfs
Created By (Name/Id): Jonathan Bernd/00561000000ImwtAAC
Last Modified By (Name/Id): Jonathan Bernd/00561000000ImwtAAC
************************************************************
************************************************************
FileName: reports/YPO_Events
FullName/Id: YPO_Events/00l61000000b3NDAAY
Manageable State: unmanaged
Namespace Prefix: null
Created By (Name/Id): Lynn Phillips/00561000000JTJQAA4
Last Modified By (Name/Id): Kelli Do/00561000001PrKOAA0
************************************************************
************************************************************
FileName: reports/FingerTip__FT_Decision_Reports
FullName/Id: FingerTip__FT_Decision_Reports/00l61000000OLmVAAW
Manageable State: installed
Namespace Prefix: FingerTip
Created By (Name/Id): Joe Aho/00561000002SXOVAA4
Last Modified By (Name/Id): Joe Aho/00561000002SXOVAA4
************************************************************
************************************************************
FileName: reports/ca_collab_2_0__SfdcCommunitiesPulseDefaultGroup_20
FullName/Id: ca_collab_2_0__SfdcCommunitiesPulseDefaultGroup_20/00l61000000kxSNAAY
Manageable State: installed
Namespace Prefix: ca_collab_2_0
Created By (Name/Id): Jonathan Bernd/00561000000ImwtAAC
Last Modified By (Name/Id): Jonathan Bernd/00561000000ImwtAAC
************************************************************
************************************************************
FileName: reports/Aust_NZ_Reports
FullName/Id: Aust_NZ_Reports/00l61000000dtf4AAA
Manageable State: unmanaged
Namespace Prefix: null
Created By (Name/Id): Emma Boling/00561000002Doy5AAC
Last Modified By (Name/Id): Lynn Phillips/00561000000JTJQAA4
************************************************************
************************************************************
FileName: reports/Membership_Test_Scenarios
FullName/Id: Membership_Test_Scenarios/00l61000000bSRyAAM
Manageable State: unmanaged
Namespace Prefix: null
Created By (Name/Id): Ike Irozuru/00561000001QT3QAAW
Last Modified By (Name/Id): Ike Irozuru/00561000001QT3QAAW
************************************************************
************************************************************
FileName: reports/Regional_Reports_EMEA
FullName/Id: Regional_Reports_EMEA/00l61000000bR4ZAAU
Manageable State: unmanaged
Namespace Prefix: null
Created By (Name/Id): Lynn Phillips/00561000000JTJQAA4
Last Modified By (Name/Id): Lynn Phillips/00561000000JTJQAA4
************************************************************
************************************************************
FileName: reports/For_CAs
FullName/Id: For_CAs/00l61000000kxg8AAA
Manageable State: unmanaged
Namespace Prefix: null
Created By (Name/Id): Jonathan Bernd/00561000000ImwtAAC
Last Modified By (Name/Id): Jonathan Bernd/00561000000ImwtAAC
************************************************************
************************************************************
FileName: reports/NVMContactWorld__NVM_Call_Data
FullName/Id: NVMContactWorld__NVM_Call_Data/00l610000016biWAAQ
Manageable State: installed
Namespace Prefix: NVMContactWorld
Created By (Name/Id): Kelli Do/00561000001PrKOAA0
Last Modified By (Name/Id): Kelli Do/00561000001PrKOAA0
************************************************************
************************************************************
FileName: reports/LATAM_Reports
FullName/Id: LATAM_Reports/00l61000000duDuAAI
Manageable State: unmanaged
Namespace Prefix: null
Created By (Name/Id): Lynn Phillips/00561000000JTJQAA4
Last Modified By (Name/Id): Lynn Phillips/00561000000JTJQAA4
************************************************************
************************************************************
FileName: reports/UAT_Reports
FullName/Id: UAT_Reports/00l61000000vHXQAA2
Manageable State: unmanaged
Namespace Prefix: null
Created By (Name/Id): Lynn Phillips/00561000000JTJQAA4
Last Modified By (Name/Id): Lynn Phillips/00561000000JTJQAA4
************************************************************
************************************************************
FileName: reports/Epic_Backlog_Items
FullName/Id: Epic_Backlog_Items/00l61000000OJmcAAG
Manageable State: unmanaged
Namespace Prefix: null
Created By (Name/Id): Andrew Aasen/00561000001cqr9AAA
Last Modified By (Name/Id): Andrew Aasen/00561000001cqr9AAA
************************************************************
************************************************************
FileName: reports/Partner_Reports
FullName/Id: Partner_Reports/00l61000000kxg9AAA
Manageable State: unmanaged
Namespace Prefix: null
Created By (Name/Id): Jonathan Bernd/00561000000ImwtAAC
Last Modified By (Name/Id): Jonathan Bernd/00561000000ImwtAAC
************************************************************
************************************************************
FileName: reports/YPO_Committees
FullName/Id: YPO_Committees/00l61000000b3MoAAI
Manageable State: unmanaged
Namespace Prefix: null
Created By (Name/Id): Lynn Phillips/00561000000JTJQAA4
Last Modified By (Name/Id): Kelli Do/00561000001PrKOAA0
************************************************************
************************************************************
FileName: reports/ffrr_exa__RevenueForecastReports
FullName/Id: ffrr_exa__RevenueForecastReports/00l61000000bS2yAAE
Manageable State: installed
Namespace Prefix: ffrr_exa
Created By (Name/Id): TEMPORARY FF Onboarding Login/00561000002zrVwAAI
Last Modified By (Name/Id): TEMPORARY FF Onboarding Login/00561000002zrVwAAI
************************************************************
************************************************************
FileName: reports/SEC_Reports
FullName/Id: SEC_Reports/00l61000000OMB1AAO
Manageable State: unmanaged
Namespace Prefix: null
Created By (Name/Id): Melinda Henrickson/00561000002DozMAAS
Last Modified By (Name/Id): Lynn Phillips/00561000000JTJQAA4
************************************************************
************************************************************
FileName: reports/ca_collab_2_0__Community_Management_Home_Reports
FullName/Id: ca_collab_2_0__Community_Management_Home_Reports/00l61000000kxSJAAY
Manageable State: installed
Namespace Prefix: ca_collab_2_0
Created By (Name/Id): Jonathan Bernd/00561000000ImwtAAC
Last Modified By (Name/Id): Jonathan Bernd/00561000000ImwtAAC
************************************************************
************************************************************
FileName: reports/FinancialForce_Custom_Reports
FullName/Id: FinancialForce_Custom_Reports/00l61000000bSrcAAE
Manageable State: unmanaged
Namespace Prefix: null
Created By (Name/Id): System Administrator/00561000002DrZyAAK
Last Modified By (Name/Id): System Administrator/00561000002DrZyAAK
************************************************************
************************************************************
FileName: reports/YPO_Family
FullName/Id: YPO_Family/00l61000000OKJ7AAO
Manageable State: unmanaged
Namespace Prefix: null
Created By (Name/Id): Kelli Do/00561000001PrKOAA0
Last Modified By (Name/Id): Kelli Do/00561000001PrKOAA0
************************************************************
************************************************************
FileName: reports/MENA_Reports
FullName/Id: MENA_Reports/00l61000000OLoqAAG
Manageable State: unmanaged
Namespace Prefix: null
Created By (Name/Id): Diana Noueihed/00561000002Dp1hAAC
Last Modified By (Name/Id): Lynn Phillips/00561000000JTJQAA4
************************************************************
************************************************************
FileName: reports/YPO_Networks_Dashboards
FullName/Id: YPO_Networks_Dashboards/00l61000000bR8CAAU
Manageable State: unmanaged
Namespace Prefix: null
Created By (Name/Id): Lynn Phillips/00561000000JTJQAA4
Last Modified By (Name/Id): Lynn Phillips/00561000000JTJQAA4
************************************************************
************************************************************
FileName: reports/YPO_Networks
FullName/Id: YPO_Networks/00l61000000b3NXAAY
Manageable State: unmanaged
Namespace Prefix: null
Created By (Name/Id): Lynn Phillips/00561000000JTJQAA4
Last Modified By (Name/Id): Lynn Phillips/00561000000JTJQAA4
************************************************************
************************************************************
FileName: reports/ECUS_Report
FullName/Id: ECUS_Report/00l61000000dxLwAAI
Manageable State: unmanaged
Namespace Prefix: null
Created By (Name/Id): Paula Szyper/00561000002Dp3gAAC
Last Modified By (Name/Id): Lynn Phillips/00561000000JTJQAA4
************************************************************
************************************************************
FileName: reports/South_Asia_reports
FullName/Id: South_Asia_reports/00l61000000OLp0AAG
Manageable State: unmanaged
Namespace Prefix: null
Created By (Name/Id): Preeti Singh/00561000002EIpCAAW
Last Modified By (Name/Id): Lynn Phillips/00561000000JTJQAA4
************************************************************
************************************************************
FileName: reports/Kinetic_Growth_Build_Items
FullName/Id: Kinetic_Growth_Build_Items/00l610000011TYcAAM
Manageable State: unmanaged
Namespace Prefix: null
Created By (Name/Id): Todd Reed/00561000000IfUJAA0
Last Modified By (Name/Id): Todd Reed/00561000000IfUJAA0
************************************************************
************************************************************
FileName: reports/YPO_Finance
FullName/Id: YPO_Finance/00l61000000b3NcAAI
Manageable State: unmanaged
Namespace Prefix: null
Created By (Name/Id): Lynn Phillips/00561000000JTJQAA4
Last Modified By (Name/Id): Lynn Phillips/00561000000JTJQAA4
************************************************************
************************************************************
FileName: reports/Southeast_Asia_Report
FullName/Id: Southeast_Asia_Report/00l61000000bPrZAAU
Manageable State: unmanaged
Namespace Prefix: null
Created By (Name/Id): Jennifer Tan/00561000002Dp3jAAC
Last Modified By (Name/Id): Jennifer Tan/00561000002Dp3jAAC
************************************************************
************************************************************
FileName: reports/Will_s_FY19_Validation_Reports
FullName/Id: Will_s_FY19_Validation_Reports/00l61000000vdg6AAA
Manageable State: unmanaged
Namespace Prefix: null
Created By (Name/Id): Will Cravens/00561000002d4lhAAA
Last Modified By (Name/Id): Will Cravens/00561000002d4lhAAA
************************************************************
