************************************************************
FileName: reports/ffxp__ffdc5_FinancialForce_Period_Close_Reports/ffxp__ffdc5_Current_Liability_Analysis.report
FullName/Id: ffxp__ffdc5_FinancialForce_Period_Close_Reports/ffxp__ffdc5_Current_Liability_Analysis/00O610000042zkjEAA
Manageable State: installed
Namespace Prefix: ffxp
Created By (Name/Id): TEMPORARY FF Onboarding Login/00561000002zrVwAAI
Last Modified By (Name/Id): TEMPORARY FF Onboarding Login/00561000002zrVwAAI
************************************************************
************************************************************
FileName: reports/ffxp__ffdc5_FinancialForce_Period_Close_Reports/ffxp__ffdc5_Month_End_Close_Trial_Balance.report
FullName/Id: ffxp__ffdc5_FinancialForce_Period_Close_Reports/ffxp__ffdc5_Month_End_Close_Trial_Balance/00O610000042zkoEAA
Manageable State: installed
Namespace Prefix: ffxp
Created By (Name/Id): TEMPORARY FF Onboarding Login/00561000002zrVwAAI
Last Modified By (Name/Id): TEMPORARY FF Onboarding Login/00561000002zrVwAAI
************************************************************
************************************************************
FileName: reports/ffxp__ffdc5_FinancialForce_Period_Close_Reports/ffxp__ffdc5_BalanceSheet.report
FullName/Id: ffxp__ffdc5_FinancialForce_Period_Close_Reports/ffxp__ffdc5_BalanceSheet/00O610000042zkcEAA
Manageable State: installed
Namespace Prefix: ffxp
Created By (Name/Id): TEMPORARY FF Onboarding Login/00561000002zrVwAAI
Last Modified By (Name/Id): TEMPORARY FF Onboarding Login/00561000002zrVwAAI
************************************************************
************************************************************
FileName: reports/ffxp__ffdc5_FinancialForce_Period_Close_Reports/ffxp__ffdc5_Journal_Status_Report.report
FullName/Id: ffxp__ffdc5_FinancialForce_Period_Close_Reports/ffxp__ffdc5_Journal_Status_Report/00O610000042zklEAA
Manageable State: installed
Namespace Prefix: ffxp
Created By (Name/Id): TEMPORARY FF Onboarding Login/00561000002zrVwAAI
Last Modified By (Name/Id): TEMPORARY FF Onboarding Login/00561000002zrVwAAI
************************************************************
************************************************************
FileName: reports/ffxp__ffdc5_FinancialForce_Period_Close_Reports/ffxp__ffdc5_Profit_and_Loss_Actual_v_Budget_Report.report
FullName/Id: ffxp__ffdc5_FinancialForce_Period_Close_Reports/ffxp__ffdc5_Profit_and_Loss_Actual_v_Budget_Report/00O610000042zkrEAA
Manageable State: installed
Namespace Prefix: ffxp
Created By (Name/Id): TEMPORARY FF Onboarding Login/00561000002zrVwAAI
Last Modified By (Name/Id): TEMPORARY FF Onboarding Login/00561000002zrVwAAI
************************************************************
************************************************************
FileName: reports/ffxp__ffdc5_FinancialForce_Period_Close_Reports/ffxp__ffdc5_Balance_Sheet_Period_Movements.report
FullName/Id: ffxp__ffdc5_FinancialForce_Period_Close_Reports/ffxp__ffdc5_Balance_Sheet_Period_Movements/00O610000042zkdEAA
Manageable State: installed
Namespace Prefix: ffxp
Created By (Name/Id): TEMPORARY FF Onboarding Login/00561000002zrVwAAI
Last Modified By (Name/Id): TEMPORARY FF Onboarding Login/00561000002zrVwAAI
************************************************************
************************************************************
FileName: reports/ffxp__ffdc5_FinancialForce_Period_Close_Reports/ffxp__ffdc5_Profit_and_Loss_Period_Movements.report
FullName/Id: ffxp__ffdc5_FinancialForce_Period_Close_Reports/ffxp__ffdc5_Profit_and_Loss_Period_Movements/00O610000042zksEAA
Manageable State: installed
Namespace Prefix: ffxp
Created By (Name/Id): TEMPORARY FF Onboarding Login/00561000002zrVwAAI
Last Modified By (Name/Id): TEMPORARY FF Onboarding Login/00561000002zrVwAAI
************************************************************
************************************************************
FileName: reports/ffxp__ffdc5_FinancialForce_Period_Close_Reports/ffxp__ffdc5_TrialBalanceSummary.report
FullName/Id: ffxp__ffdc5_FinancialForce_Period_Close_Reports/ffxp__ffdc5_TrialBalanceSummary/00O610000042zkyEAA
Manageable State: installed
Namespace Prefix: ffxp
Created By (Name/Id): TEMPORARY FF Onboarding Login/00561000002zrVwAAI
Last Modified By (Name/Id): TEMPORARY FF Onboarding Login/00561000002zrVwAAI
************************************************************
************************************************************
FileName: reports/ffxp__ffdc5_FinancialForce_Period_Close_Reports/ffxp__ffdc5_Profit_and_Loss_Summary.report
FullName/Id: ffxp__ffdc5_FinancialForce_Period_Close_Reports/ffxp__ffdc5_Profit_and_Loss_Summary/00O610000042zktEAA
Manageable State: installed
Namespace Prefix: ffxp
Created By (Name/Id): TEMPORARY FF Onboarding Login/00561000002zrVwAAI
Last Modified By (Name/Id): TEMPORARY FF Onboarding Login/00561000002zrVwAAI
************************************************************
************************************************************
FileName: reports/ffxp__ffdc5_FinancialForce_Period_Close_Reports/ffxp__ffdc5_Payables_Invoice_Status.report
FullName/Id: ffxp__ffdc5_FinancialForce_Period_Close_Reports/ffxp__ffdc5_Payables_Invoice_Status/00O610000042zkqEAA
Manageable State: installed
Namespace Prefix: ffxp
Created By (Name/Id): TEMPORARY FF Onboarding Login/00561000002zrVwAAI
Last Modified By (Name/Id): TEMPORARY FF Onboarding Login/00561000002zrVwAAI
************************************************************
************************************************************
FileName: reports/ffxp__ffdc5_FinancialForce_Period_Close_Reports/ffxp__ffdc5_ProfitandLoss.report
FullName/Id: ffxp__ffdc5_FinancialForce_Period_Close_Reports/ffxp__ffdc5_ProfitandLoss/00O610000042zkuEAA
Manageable State: installed
Namespace Prefix: ffxp
Created By (Name/Id): TEMPORARY FF Onboarding Login/00561000002zrVwAAI
Last Modified By (Name/Id): TEMPORARY FF Onboarding Login/00561000002zrVwAAI
************************************************************
************************************************************
FileName: reports/ffxp__ffdc5_FinancialForce_Period_Close_Reports/ffxp__ffdc5_Current_Assets_Analysis.report
FullName/Id: ffxp__ffdc5_FinancialForce_Period_Close_Reports/ffxp__ffdc5_Current_Assets_Analysis/00O610000042zkiEAA
Manageable State: installed
Namespace Prefix: ffxp
Created By (Name/Id): TEMPORARY FF Onboarding Login/00561000002zrVwAAI
Last Modified By (Name/Id): TEMPORARY FF Onboarding Login/00561000002zrVwAAI
************************************************************
************************************************************
FileName: reports/ffxp__ffdc5_FinancialForce_Period_Close_Reports/ffxp__ffdc5_AccountBalanceReport.report
FullName/Id: ffxp__ffdc5_FinancialForce_Period_Close_Reports/ffxp__ffdc5_AccountBalanceReport/00O610000042zkbEAA
Manageable State: installed
Namespace Prefix: ffxp
Created By (Name/Id): TEMPORARY FF Onboarding Login/00561000002zrVwAAI
Last Modified By (Name/Id): TEMPORARY FF Onboarding Login/00561000002zrVwAAI
************************************************************
************************************************************
FileName: reports/ffxp__ffdc5_FinancialForce_Period_Close_Reports/ffxp__ffdc5_Check_Register.report
FullName/Id: ffxp__ffdc5_FinancialForce_Period_Close_Reports/ffxp__ffdc5_Check_Register/00O610000042zkhEAA
Manageable State: installed
Namespace Prefix: ffxp
Created By (Name/Id): TEMPORARY FF Onboarding Login/00561000002zrVwAAI
Last Modified By (Name/Id): TEMPORARY FF Onboarding Login/00561000002zrVwAAI
************************************************************
************************************************************
FileName: reports/ffxp__ffdc5_FinancialForce_Period_Close_Reports/ffxp__ffdc5_TrialBalanceDetails.report
FullName/Id: ffxp__ffdc5_FinancialForce_Period_Close_Reports/ffxp__ffdc5_TrialBalanceDetails/00O610000042zkxEAA
Manageable State: installed
Namespace Prefix: ffxp
Created By (Name/Id): TEMPORARY FF Onboarding Login/00561000002zrVwAAI
Last Modified By (Name/Id): TEMPORARY FF Onboarding Login/00561000002zrVwAAI
************************************************************
************************************************************
FileName: reports/ffxp__ffdc5_FinancialForce_Period_Close_Reports/ffxp__ffdc5_Bank_Rec_Status.report
FullName/Id: ffxp__ffdc5_FinancialForce_Period_Close_Reports/ffxp__ffdc5_Bank_Rec_Status/00O610000042zkgEAA
Manageable State: installed
Namespace Prefix: ffxp
Created By (Name/Id): TEMPORARY FF Onboarding Login/00561000002zrVwAAI
Last Modified By (Name/Id): TEMPORARY FF Onboarding Login/00561000002zrVwAAI
************************************************************
************************************************************
FileName: reports/ffxp__ffdc5_FinancialForce_Period_Close_Reports/ffxp__ffdc5_TrialBalance.report
FullName/Id: ffxp__ffdc5_FinancialForce_Period_Close_Reports/ffxp__ffdc5_TrialBalance/00O610000042zkwEAA
Manageable State: installed
Namespace Prefix: ffxp
Created By (Name/Id): TEMPORARY FF Onboarding Login/00561000002zrVwAAI
Last Modified By (Name/Id): TEMPORARY FF Onboarding Login/00561000002zrVwAAI
************************************************************
************************************************************
FileName: reports/ffxp__ffdc5_FinancialForce_Period_Close_Reports/ffxp__ffdc5_OutstandingAccountTransactions.report
FullName/Id: ffxp__ffdc5_FinancialForce_Period_Close_Reports/ffxp__ffdc5_OutstandingAccountTransactions/00O610000042zkpEAA
Manageable State: installed
Namespace Prefix: ffxp
Created By (Name/Id): TEMPORARY FF Onboarding Login/00561000002zrVwAAI
Last Modified By (Name/Id): Ted Poulos/00561000002jcyXAAQ
************************************************************
************************************************************
FileName: reports/ffxp__ffdc5_FinancialForce_Period_Close_Reports/ffxp__ffdc5_Sales_Invoice_Status.report
FullName/Id: ffxp__ffdc5_FinancialForce_Period_Close_Reports/ffxp__ffdc5_Sales_Invoice_Status/00O610000042zkvEAA
Manageable State: installed
Namespace Prefix: ffxp
Created By (Name/Id): TEMPORARY FF Onboarding Login/00561000002zrVwAAI
Last Modified By (Name/Id): TEMPORARY FF Onboarding Login/00561000002zrVwAAI
************************************************************
************************************************************
FileName: reports/ffxp__ffdc5_FinancialForce_Period_Close_Reports/ffxp__ffdc5_Bank_Balances.report
FullName/Id: ffxp__ffdc5_FinancialForce_Period_Close_Reports/ffxp__ffdc5_Bank_Balances/00O610000042zkfEAA
Manageable State: installed
Namespace Prefix: ffxp
Created By (Name/Id): TEMPORARY FF Onboarding Login/00561000002zrVwAAI
Last Modified By (Name/Id): TEMPORARY FF Onboarding Login/00561000002zrVwAAI
************************************************************
************************************************************
FileName: reports/ffxp__ffdc5_FinancialForce_Period_Close_Reports/ffxp__ffdc5_Month_End_Close_BalanceSheet.report
FullName/Id: ffxp__ffdc5_FinancialForce_Period_Close_Reports/ffxp__ffdc5_Month_End_Close_BalanceSheet/00O610000042zkmEAA
Manageable State: installed
Namespace Prefix: ffxp
Created By (Name/Id): TEMPORARY FF Onboarding Login/00561000002zrVwAAI
Last Modified By (Name/Id): TEMPORARY FF Onboarding Login/00561000002zrVwAAI
************************************************************
************************************************************
FileName: reports/ffxp__ffdc5_FinancialForce_Period_Close_Reports/ffxp__ffdc5_Balance_Sheet_Summary.report
FullName/Id: ffxp__ffdc5_FinancialForce_Period_Close_Reports/ffxp__ffdc5_Balance_Sheet_Summary/00O610000042zkeEAA
Manageable State: installed
Namespace Prefix: ffxp
Created By (Name/Id): TEMPORARY FF Onboarding Login/00561000002zrVwAAI
Last Modified By (Name/Id): TEMPORARY FF Onboarding Login/00561000002zrVwAAI
************************************************************
************************************************************
FileName: reports/ffxp__ffdc5_FinancialForce_Period_Close_Reports/ffxp__ffdc5_Month_End_Close_P_L_report.report
FullName/Id: ffxp__ffdc5_FinancialForce_Period_Close_Reports/ffxp__ffdc5_Month_End_Close_P_L_report/00O610000042zknEAA
Manageable State: installed
Namespace Prefix: ffxp
Created By (Name/Id): TEMPORARY FF Onboarding Login/00561000002zrVwAAI
Last Modified By (Name/Id): TEMPORARY FF Onboarding Login/00561000002zrVwAAI
************************************************************
************************************************************
FileName: reports/ffxp__ffdc5_FinancialForce_Period_Close_Reports/ffxp__ffdc5_Customer_Balances.report
FullName/Id: ffxp__ffdc5_FinancialForce_Period_Close_Reports/ffxp__ffdc5_Customer_Balances/00O610000042zkkEAA
Manageable State: installed
Namespace Prefix: ffxp
Created By (Name/Id): TEMPORARY FF Onboarding Login/00561000002zrVwAAI
Last Modified By (Name/Id): TEMPORARY FF Onboarding Login/00561000002zrVwAAI
************************************************************
