************************************************************
FileName: dashboards/YPO_Networks/WYN_Dashboard_In_progress.dashboard
FullName/Id: YPO_Networks/WYN_Dashboard_In_progress/01Z61000000OHOPEA4
Manageable State: unmanaged
Namespace Prefix: null
Created By (Name/Id): Kyla Paulsen/00561000002ETjXAAW
Last Modified By (Name/Id): Kyla Paulsen/00561000002ETjXAAW
************************************************************
************************************************************
FileName: dashboards/YPO_Networks/NLO.dashboard
FullName/Id: YPO_Networks/NLO/01Z61000000OIn2EAG
Manageable State: unmanaged
Namespace Prefix: null
Created By (Name/Id): Bill Rivers/00561000002Dp32AAC
Last Modified By (Name/Id): Bill Rivers/00561000002Dp32AAC
************************************************************
************************************************************
FileName: dashboards/YPO_Networks/Test_for_Lite_Licenses.dashboard
FullName/Id: YPO_Networks/Test_for_Lite_Licenses/01Z61000000OIRpEAO
Manageable State: unmanaged
Namespace Prefix: null
Created By (Name/Id): Bill Rivers-Lite/00561000002zeHNAAY
Last Modified By (Name/Id): Bill Rivers-Lite/00561000002zeHNAAY
************************************************************
************************************************************
FileName: dashboards/YPO_Networks/WYN_Rough_Draft.dashboard
FullName/Id: YPO_Networks/WYN_Rough_Draft/01Z61000000OHNlEAO
Manageable State: unmanaged
Namespace Prefix: null
Created By (Name/Id): Bill Rivers/00561000002Dp32AAC
Last Modified By (Name/Id): Bill Rivers/00561000002Dp32AAC
************************************************************
************************************************************
FileName: dashboards/YPO_Networks/WYN_Dashboard_For_Review.dashboard
FullName/Id: YPO_Networks/WYN_Dashboard_For_Review/01Z61000000eRLwEAM
Manageable State: unmanaged
Namespace Prefix: null
Created By (Name/Id): Bill Rivers-Lite/00561000002zeHNAAY
Last Modified By (Name/Id): Bill Rivers-Lite/00561000002zeHNAAY
************************************************************
************************************************************
FileName: dashboards/YPO_Networks/Dashboard_Filter_Test.dashboard
FullName/Id: YPO_Networks/Dashboard_Filter_Test/01Z61000000hj7vEAA
Manageable State: unmanaged
Namespace Prefix: null
Created By (Name/Id): Fenix Wang/00561000003GjThAAK
Last Modified By (Name/Id): Fenix Wang/00561000003GjThAAK
************************************************************
************************************************************
FileName: dashboards/YPO_Networks/Test_Networks_Dashboard1.dashboard
FullName/Id: YPO_Networks/Test_Networks_Dashboard1/01Z61000000OGaHEAW
Manageable State: unmanaged
Namespace Prefix: null
Created By (Name/Id): Merry Boegner/00561000001uquYAAQ
Last Modified By (Name/Id): Merry Boegner/00561000001uquYAAQ
************************************************************
************************************************************
FileName: dashboards/YPO_Networks/WYN_Dashboard_For_Review1.dashboard
FullName/Id: YPO_Networks/WYN_Dashboard_For_Review1/01Z61000000eRM1EAM
Manageable State: unmanaged
Namespace Prefix: null
Created By (Name/Id): Bill Rivers-Lite/00561000002zeHNAAY
Last Modified By (Name/Id): Bill Rivers-Lite/00561000002zeHNAAY
************************************************************
