************************************************************
FileName: dashboards/Product_Management_Dashboards/Chapter_Health_Metrics_by_Region.dashboard
FullName/Id: Product_Management_Dashboards/Chapter_Health_Metrics_by_Region/01Z610000006wmCEAQ
Manageable State: unmanaged
Namespace Prefix: null
Created By (Name/Id): Brandon Sherman/00561000001uIe1AAE
Last Modified By (Name/Id): System Administrator/00561000002DrZyAAK
************************************************************
************************************************************
FileName: dashboards/Product_Management_Dashboards/Chapter_Health_Dashboard.dashboard
FullName/Id: Product_Management_Dashboards/Chapter_Health_Dashboard/01Z610000006wmBEAQ
Manageable State: unmanaged
Namespace Prefix: null
Created By (Name/Id): Brandon Sherman/00561000001uIe1AAE
Last Modified By (Name/Id): Brandon Sherman/00561000001uIe1AAE
************************************************************
************************************************************
FileName: dashboards/Product_Management_Dashboards/Chapter_Prospect_Dashboard.dashboard
FullName/Id: Product_Management_Dashboards/Chapter_Prospect_Dashboard/01Z610000006yQMEAY
Manageable State: unmanaged
Namespace Prefix: null
Created By (Name/Id): Lynn Phillips/00561000000JTJQAA4
Last Modified By (Name/Id): Lynn Phillips/00561000000JTJQAA4
************************************************************
************************************************************
FileName: dashboards/Product_Management_Dashboards/Number_of_Events_by_Region.dashboard
FullName/Id: Product_Management_Dashboards/Number_of_Events_by_Region/01Z610000006xiiEAA
Manageable State: unmanaged
Namespace Prefix: null
Created By (Name/Id): Carolyn Keeling/00561000002DjPvAAK
Last Modified By (Name/Id): Lynn Phillips/00561000000JTJQAA4
************************************************************
************************************************************
FileName: dashboards/Product_Management_Dashboards/Chapter_Region_Health_Dashboard.dashboard
FullName/Id: Product_Management_Dashboards/Chapter_Region_Health_Dashboard/01Z610000006xlhEAA
Manageable State: unmanaged
Namespace Prefix: null
Created By (Name/Id): Carolyn Keeling/00561000002DjPvAAK
Last Modified By (Name/Id): Lynn Phillips/00561000000JTJQAA4
************************************************************
