************************************************************
FileName: reports/ca_collab_2_0__SfdcCommunitiesPulseDefaultSelfService20/ca_collab_2_0__Insights_S_Questions_Without_A_Best_Answer_2_0.report
FullName/Id: ca_collab_2_0__SfdcCommunitiesPulseDefaultSelfService20/ca_collab_2_0__Insights_S_Questions_Without_A_Best_Answer_2_0/00O61000003xCoSEAU
Manageable State: installed
Namespace Prefix: ca_collab_2_0
Created By (Name/Id): Jonathan Bernd/00561000000ImwtAAC
Last Modified By (Name/Id): Jonathan Bernd/00561000000ImwtAAC
************************************************************
************************************************************
FileName: reports/ca_collab_2_0__SfdcCommunitiesPulseDefaultSelfService20/ca_collab_2_0__Insights_S_Best_Answers_2_0.report
FullName/Id: ca_collab_2_0__SfdcCommunitiesPulseDefaultSelfService20/ca_collab_2_0__Insights_S_Best_Answers_2_0/00O61000003xCoMEAU
Manageable State: installed
Namespace Prefix: ca_collab_2_0
Created By (Name/Id): Jonathan Bernd/00561000000ImwtAAC
Last Modified By (Name/Id): Jonathan Bernd/00561000000ImwtAAC
************************************************************
************************************************************
FileName: reports/ca_collab_2_0__SfdcCommunitiesPulseDefaultSelfService20/ca_collab_2_0__Insights_S_Questions_Without_Answers_2_0.report
FullName/Id: ca_collab_2_0__SfdcCommunitiesPulseDefaultSelfService20/ca_collab_2_0__Insights_S_Questions_Without_Answers_2_0/00O61000003xCoTEAU
Manageable State: installed
Namespace Prefix: ca_collab_2_0
Created By (Name/Id): Jonathan Bernd/00561000000ImwtAAC
Last Modified By (Name/Id): Jonathan Bernd/00561000000ImwtAAC
************************************************************
************************************************************
FileName: reports/ca_collab_2_0__SfdcCommunitiesPulseDefaultSelfService20/ca_collab_2_0__Insights_S_Questions_2_0.report
FullName/Id: ca_collab_2_0__SfdcCommunitiesPulseDefaultSelfService20/ca_collab_2_0__Insights_S_Questions_2_0/00O61000003xCoOEAU
Manageable State: installed
Namespace Prefix: ca_collab_2_0
Created By (Name/Id): Jonathan Bernd/00561000000ImwtAAC
Last Modified By (Name/Id): Jonathan Bernd/00561000000ImwtAAC
************************************************************
************************************************************
FileName: reports/ca_collab_2_0__SfdcCommunitiesPulseDefaultSelfService20/ca_collab_2_0__Insights_S_Questions_With_Answers_From_New_Members_2_0.report
FullName/Id: ca_collab_2_0__SfdcCommunitiesPulseDefaultSelfService20/ca_collab_2_0__Insights_S_Questions_With_Answers_From_New_Members_2_0/00O61000003xCoQEAU
Manageable State: installed
Namespace Prefix: ca_collab_2_0
Created By (Name/Id): Jonathan Bernd/00561000000ImwtAAC
Last Modified By (Name/Id): Jonathan Bernd/00561000000ImwtAAC
************************************************************
************************************************************
FileName: reports/ca_collab_2_0__SfdcCommunitiesPulseDefaultSelfService20/ca_collab_2_0__Insights_S_Best_Answers_From_External_Members_2_0.report
FullName/Id: ca_collab_2_0__SfdcCommunitiesPulseDefaultSelfService20/ca_collab_2_0__Insights_S_Best_Answers_From_External_Members_2_0/00O61000003xCoNEAU
Manageable State: installed
Namespace Prefix: ca_collab_2_0
Created By (Name/Id): Jonathan Bernd/00561000000ImwtAAC
Last Modified By (Name/Id): Jonathan Bernd/00561000000ImwtAAC
************************************************************
************************************************************
FileName: reports/ca_collab_2_0__SfdcCommunitiesPulseDefaultSelfService20/ca_collab_2_0__Insights_S_Questions_From_New_Members_2_0.report
FullName/Id: ca_collab_2_0__SfdcCommunitiesPulseDefaultSelfService20/ca_collab_2_0__Insights_S_Questions_From_New_Members_2_0/00O61000003xCoPEAU
Manageable State: installed
Namespace Prefix: ca_collab_2_0
Created By (Name/Id): Jonathan Bernd/00561000000ImwtAAC
Last Modified By (Name/Id): Jonathan Bernd/00561000000ImwtAAC
************************************************************
************************************************************
FileName: reports/ca_collab_2_0__SfdcCommunitiesPulseDefaultSelfService20/ca_collab_2_0__Insights_S_Questions_With_New_Answers_2_0.report
FullName/Id: ca_collab_2_0__SfdcCommunitiesPulseDefaultSelfService20/ca_collab_2_0__Insights_S_Questions_With_New_Answers_2_0/00O61000003xCoREAU
Manageable State: installed
Namespace Prefix: ca_collab_2_0
Created By (Name/Id): Jonathan Bernd/00561000000ImwtAAC
Last Modified By (Name/Id): Jonathan Bernd/00561000000ImwtAAC
************************************************************
