************************************************************
FileName: reports/Regional_Reports_Mid_America_US/Members_Not_Renewed3.report
FullName/Id: Regional_Reports_Mid_America_US/Members_Not_Renewed3/00O61000004EiwhEAC
Manageable State: unmanaged
Namespace Prefix: null
Created By (Name/Id): Paula Szyper/00561000002Dp3gAAC
Last Modified By (Name/Id): Paula Szyper/00561000002Dp3gAAC
************************************************************
************************************************************
FileName: reports/Regional_Reports_Mid_America_US/Current_Regional_Officers1.report
FullName/Id: Regional_Reports_Mid_America_US/Current_Regional_Officers1/00O61000004EpjuEAC
Manageable State: unmanaged
Namespace Prefix: null
Created By (Name/Id): Paula Szyper/00561000002Dp3gAAC
Last Modified By (Name/Id): Paula Szyper/00561000002Dp3gAAC
************************************************************
************************************************************
FileName: reports/Regional_Reports_Mid_America_US/members_by_age_group_mid_america.report
FullName/Id: Regional_Reports_Mid_America_US/members_by_age_group_mid_america/00O61000004EiwcEAC
Manageable State: unmanaged
Namespace Prefix: null
Created By (Name/Id): Paula Szyper/00561000002Dp3gAAC
Last Modified By (Name/Id): Paula Szyper/00561000002Dp3gAAC
************************************************************
************************************************************
FileName: reports/Regional_Reports_Mid_America_US/Mid_America_Members_not_Renewed.report
FullName/Id: Regional_Reports_Mid_America_US/Mid_America_Members_not_Renewed/00O61000004EndkEAC
Manageable State: unmanaged
Namespace Prefix: null
Created By (Name/Id): Paula Szyper/00561000002Dp3gAAC
Last Modified By (Name/Id): Paula Szyper/00561000002Dp3gAAC
************************************************************
************************************************************
FileName: reports/Regional_Reports_Mid_America_US/Chapter_Chairs7.report
FullName/Id: Regional_Reports_Mid_America_US/Chapter_Chairs7/00O61000004EpjzEAC
Manageable State: unmanaged
Namespace Prefix: null
Created By (Name/Id): Paula Szyper/00561000002Dp3gAAC
Last Modified By (Name/Id): Paula Szyper/00561000002Dp3gAAC
************************************************************
