************************************************************
FileName: dashboards/ca_collab_2_0__Lightning_Communities_Dashboards/ca_collab_2_0__SfdcCommunitiesAnalyticsDefaultContent_1_0.dashboard
FullName/Id: ca_collab_2_0__Lightning_Communities_Dashboards/ca_collab_2_0__SfdcCommunitiesAnalyticsDefaultContent_1_0/01Z61000000YqAIEA0
Manageable State: installed
Namespace Prefix: ca_collab_2_0
Created By (Name/Id): Jonathan Bernd/00561000000ImwtAAC
Last Modified By (Name/Id): Chetan Chavan/00561000001buuKAAQ
************************************************************
************************************************************
FileName: dashboards/ca_collab_2_0__Lightning_Communities_Dashboards/ca_collab_2_0__SfdcCommunitiesAnalyticsDefaultTopics_1_0.dashboard
FullName/Id: ca_collab_2_0__Lightning_Communities_Dashboards/ca_collab_2_0__SfdcCommunitiesAnalyticsDefaultTopics_1_0/01Z61000000YqAQEA0
Manageable State: installed
Namespace Prefix: ca_collab_2_0
Created By (Name/Id): Jonathan Bernd/00561000000ImwtAAC
Last Modified By (Name/Id): Chetan Chavan/00561000001buuKAAQ
************************************************************
************************************************************
FileName: dashboards/ca_collab_2_0__Lightning_Communities_Dashboards/ca_collab_2_0__SfdcCommunitiesAnalyticsDefaultQA_1_0.dashboard
FullName/Id: ca_collab_2_0__Lightning_Communities_Dashboards/ca_collab_2_0__SfdcCommunitiesAnalyticsDefaultQA_1_0/01Z61000000YqAOEA0
Manageable State: installed
Namespace Prefix: ca_collab_2_0
Created By (Name/Id): Jonathan Bernd/00561000000ImwtAAC
Last Modified By (Name/Id): Chetan Chavan/00561000001buuKAAQ
************************************************************
************************************************************
FileName: dashboards/ca_collab_2_0__Lightning_Communities_Dashboards/ca_collab_2_0__SfdcCommunitiesAnalyticsDefaultGroups_1_0.dashboard
FullName/Id: ca_collab_2_0__Lightning_Communities_Dashboards/ca_collab_2_0__SfdcCommunitiesAnalyticsDefaultGroups_1_0/01Z61000000YqAKEA0
Manageable State: installed
Namespace Prefix: ca_collab_2_0
Created By (Name/Id): Jonathan Bernd/00561000000ImwtAAC
Last Modified By (Name/Id): Chetan Chavan/00561000001buuKAAQ
************************************************************
************************************************************
FileName: dashboards/ca_collab_2_0__Lightning_Communities_Dashboards/ca_collab_2_0__SfdcCommunitiesAnalyticsDefaultActivity_1_0.dashboard
FullName/Id: ca_collab_2_0__Lightning_Communities_Dashboards/ca_collab_2_0__SfdcCommunitiesAnalyticsDefaultActivity_1_0/01Z61000000YqAHEA0
Manageable State: installed
Namespace Prefix: ca_collab_2_0
Created By (Name/Id): Jonathan Bernd/00561000000ImwtAAC
Last Modified By (Name/Id): Chetan Chavan/00561000001buuKAAQ
************************************************************
************************************************************
FileName: dashboards/ca_collab_2_0__Lightning_Communities_Dashboards/ca_collab_2_0__SfdcCommunitiesAnalyticsDefault_Home_SelfService_12M_2_0.dashboard
FullName/Id: ca_collab_2_0__Lightning_Communities_Dashboards/ca_collab_2_0__SfdcCommunitiesAnalyticsDefault_Home_SelfService_12M_2_0/01Z61000000YqATEA0
Manageable State: installed
Namespace Prefix: ca_collab_2_0
Created By (Name/Id): Jonathan Bernd/00561000000ImwtAAC
Last Modified By (Name/Id): Chetan Chavan/00561000001buuKAAQ
************************************************************
************************************************************
FileName: dashboards/ca_collab_2_0__Lightning_Communities_Dashboards/ca_collab_2_0__SfdcCommunitiesAnalyticsDefaultModeration_1_0.dashboard
FullName/Id: ca_collab_2_0__Lightning_Communities_Dashboards/ca_collab_2_0__SfdcCommunitiesAnalyticsDefaultModeration_1_0/01Z61000000YqAMEA0
Manageable State: installed
Namespace Prefix: ca_collab_2_0
Created By (Name/Id): Jonathan Bernd/00561000000ImwtAAC
Last Modified By (Name/Id): Chetan Chavan/00561000001buuKAAQ
************************************************************
************************************************************
FileName: dashboards/ca_collab_2_0__Lightning_Communities_Dashboards/ca_collab_2_0__SfdcCommunitiesAnalyticsDefaultCustomRec_1_0.dashboard
FullName/Id: ca_collab_2_0__Lightning_Communities_Dashboards/ca_collab_2_0__SfdcCommunitiesAnalyticsDefaultCustomRec_1_0/01Z61000000YqAJEA0
Manageable State: installed
Namespace Prefix: ca_collab_2_0
Created By (Name/Id): Jonathan Bernd/00561000000ImwtAAC
Last Modified By (Name/Id): Chetan Chavan/00561000001buuKAAQ
************************************************************
************************************************************
FileName: dashboards/ca_collab_2_0__Lightning_Communities_Dashboards/ca_collab_2_0__SfdcCommunitiesAnalyticsDefault_Home_Chatter_L90D_1_0.dashboard
FullName/Id: ca_collab_2_0__Lightning_Communities_Dashboards/ca_collab_2_0__SfdcCommunitiesAnalyticsDefault_Home_Chatter_L90D_1_0/01Z61000000YqASEA0
Manageable State: installed
Namespace Prefix: ca_collab_2_0
Created By (Name/Id): Jonathan Bernd/00561000000ImwtAAC
Last Modified By (Name/Id): Chetan Chavan/00561000001buuKAAQ
************************************************************
************************************************************
FileName: dashboards/ca_collab_2_0__Lightning_Communities_Dashboards/ca_collab_2_0__SfdcCommunitiesAnalyticsDefaultMembers_1_0.dashboard
FullName/Id: ca_collab_2_0__Lightning_Communities_Dashboards/ca_collab_2_0__SfdcCommunitiesAnalyticsDefaultMembers_1_0/01Z61000000YqALEA0
Manageable State: installed
Namespace Prefix: ca_collab_2_0
Created By (Name/Id): Jonathan Bernd/00561000000ImwtAAC
Last Modified By (Name/Id): Chetan Chavan/00561000001buuKAAQ
************************************************************
************************************************************
FileName: dashboards/ca_collab_2_0__Lightning_Communities_Dashboards/ca_collab_2_0__SfdcCommunitiesAnalyticsDefaultOverview_1_0.dashboard
FullName/Id: ca_collab_2_0__Lightning_Communities_Dashboards/ca_collab_2_0__SfdcCommunitiesAnalyticsDefaultOverview_1_0/01Z61000000YqANEA0
Manageable State: installed
Namespace Prefix: ca_collab_2_0
Created By (Name/Id): Jonathan Bernd/00561000000ImwtAAC
Last Modified By (Name/Id): Ty East/00561000001PrKTAA0
************************************************************
************************************************************
FileName: dashboards/ca_collab_2_0__Lightning_Communities_Dashboards/ca_collab_2_0__SfdcCommunitiesAnalyticsDefault_Home_Chatter_12M_2_0.dashboard
FullName/Id: ca_collab_2_0__Lightning_Communities_Dashboards/ca_collab_2_0__SfdcCommunitiesAnalyticsDefault_Home_Chatter_12M_2_0/01Z61000000YqAREA0
Manageable State: installed
Namespace Prefix: ca_collab_2_0
Created By (Name/Id): Jonathan Bernd/00561000000ImwtAAC
Last Modified By (Name/Id): Chetan Chavan/00561000001buuKAAQ
************************************************************
************************************************************
FileName: dashboards/ca_collab_2_0__Lightning_Communities_Dashboards/ca_collab_2_0__SfdcCommunitiesAnalyticsDefaultSelfService_1_0.dashboard
FullName/Id: ca_collab_2_0__Lightning_Communities_Dashboards/ca_collab_2_0__SfdcCommunitiesAnalyticsDefaultSelfService_1_0/01Z61000000YqAPEA0
Manageable State: installed
Namespace Prefix: ca_collab_2_0
Created By (Name/Id): Jonathan Bernd/00561000000ImwtAAC
Last Modified By (Name/Id): Chetan Chavan/00561000001buuKAAQ
************************************************************
************************************************************
FileName: dashboards/ca_collab_2_0__Lightning_Communities_Dashboards/ca_collab_2_0__SfdcCommunitiesAnalyticsDefault_Home_SelfService_L90D_1_0.dashboard
FullName/Id: ca_collab_2_0__Lightning_Communities_Dashboards/ca_collab_2_0__SfdcCommunitiesAnalyticsDefault_Home_SelfService_L90D_1_0/01Z61000000YqAUEA0
Manageable State: installed
Namespace Prefix: ca_collab_2_0
Created By (Name/Id): Jonathan Bernd/00561000000ImwtAAC
Last Modified By (Name/Id): Chetan Chavan/00561000001buuKAAQ
************************************************************
