************************************************************
FileName: reports/Epics_User_Stories/Epic_Security_User_Stories_Accepted.report
FullName/Id: Epics_User_Stories/Epic_Security_User_Stories_Accepted/00O61000003mxhdEAA
Manageable State: unmanaged
Namespace Prefix: null
Created By (Name/Id): Bharathi Duvvuru/00561000001NTCSAA4
Last Modified By (Name/Id): Bharathi Duvvuru/00561000001NTCSAA4
************************************************************
************************************************************
FileName: reports/Epics_User_Stories/EpicInt_Team_Mem_User_Stories_All_Status.report
FullName/Id: Epics_User_Stories/EpicInt_Team_Mem_User_Stories_All_Status/00O61000003mxfXEAQ
Manageable State: unmanaged
Namespace Prefix: null
Created By (Name/Id): Bharathi Duvvuru/00561000001NTCSAA4
Last Modified By (Name/Id): Bharathi Duvvuru/00561000001NTCSAA4
************************************************************
************************************************************
FileName: reports/Epics_User_Stories/Epic_Prospect_New_Mbr_UserStories_Accept.report
FullName/Id: Epics_User_Stories/Epic_Prospect_New_Mbr_UserStories_Accept/00O61000003mxiHEAQ
Manageable State: unmanaged
Namespace Prefix: null
Created By (Name/Id): Bharathi Duvvuru/00561000001NTCSAA4
Last Modified By (Name/Id): Bharathi Duvvuru/00561000001NTCSAA4
************************************************************
************************************************************
FileName: reports/Epics_User_Stories/Epic_Mbr_Maintenance_UserStories_Accept.report
FullName/Id: Epics_User_Stories/Epic_Mbr_Maintenance_UserStories_Accept/00O61000003mxi2EAA
Manageable State: unmanaged
Namespace Prefix: null
Created By (Name/Id): Bharathi Duvvuru/00561000001NTCSAA4
Last Modified By (Name/Id): Bharathi Duvvuru/00561000001NTCSAA4
************************************************************
************************************************************
FileName: reports/Epics_User_Stories/Epic_CH_RG_Mgt_User_Stories_Accepte.report
FullName/Id: Epics_User_Stories/Epic_CH_RG_Mgt_User_Stories_Accepte/00O61000003mxhnEAA
Manageable State: unmanaged
Namespace Prefix: null
Created By (Name/Id): Bharathi Duvvuru/00561000001NTCSAA4
Last Modified By (Name/Id): Bharathi Duvvuru/00561000001NTCSAA4
************************************************************
************************************************************
FileName: reports/Epics_User_Stories/Epic_General_User_Stories_Accepted.report
FullName/Id: Epics_User_Stories/Epic_General_User_Stories_Accepted/00O61000003mxiCEAQ
Manageable State: unmanaged
Namespace Prefix: null
Created By (Name/Id): Bharathi Duvvuru/00561000001NTCSAA4
Last Modified By (Name/Id): Bharathi Duvvuru/00561000001NTCSAA4
************************************************************
************************************************************
FileName: reports/Epics_User_Stories/Epic_Awd_Trn_Comm_User_Stories_Accept.report
FullName/Id: Epics_User_Stories/Epic_Awd_Trn_Comm_User_Stories_Accept/00O61000003mxhsEAA
Manageable State: unmanaged
Namespace Prefix: null
Created By (Name/Id): Bharathi Duvvuru/00561000001NTCSAA4
Last Modified By (Name/Id): Bharathi Duvvuru/00561000001NTCSAA4
************************************************************
************************************************************
FileName: reports/Epics_User_Stories/Epic_Vouchers_Events_User_Stories_Acc.report
FullName/Id: Epics_User_Stories/Epic_Vouchers_Events_User_Stories_Acc/00O61000003mxhxEAA
Manageable State: unmanaged
Namespace Prefix: null
Created By (Name/Id): Bharathi Duvvuru/00561000001NTCSAA4
Last Modified By (Name/Id): Bharathi Duvvuru/00561000001NTCSAA4
************************************************************
************************************************************
FileName: reports/Epics_User_Stories/EBT_CLOSED_Defects.report
FullName/Id: Epics_User_Stories/EBT_CLOSED_Defects/00O61000003mziiEAA
Manageable State: unmanaged
Namespace Prefix: null
Created By (Name/Id): Bharathi Duvvuru/00561000001NTCSAA4
Last Modified By (Name/Id): Bharathi Duvvuru/00561000001NTCSAA4
************************************************************
************************************************************
FileName: reports/Epics_User_Stories/Epic_Resig_Transition_stories_All_Statu.report
FullName/Id: Epics_User_Stories/Epic_Resig_Transition_stories_All_Statu/00O61000003mxgGEAQ
Manageable State: unmanaged
Namespace Prefix: null
Created By (Name/Id): Bharathi Duvvuru/00561000001NTCSAA4
Last Modified By (Name/Id): Bharathi Duvvuru/00561000001NTCSAA4
************************************************************
************************************************************
FileName: reports/Epics_User_Stories/Epic_CH_RGMgt_User_Stories_All_Stat.report
FullName/Id: Epics_User_Stories/Epic_CH_RGMgt_User_Stories_All_Stat/00O61000003mxibEAA
Manageable State: unmanaged
Namespace Prefix: null
Created By (Name/Id): Bharathi Duvvuru/00561000001NTCSAA4
Last Modified By (Name/Id): Bharathi Duvvuru/00561000001NTCSAA4
************************************************************
************************************************************
FileName: reports/Epics_User_Stories/Epic_vs_User_Story_All_statuses.report
FullName/Id: Epics_User_Stories/Epic_vs_User_Story_All_statuses/00O61000003mxh4EAA
Manageable State: unmanaged
Namespace Prefix: null
Created By (Name/Id): Bharathi Duvvuru/00561000001NTCSAA4
Last Modified By (Name/Id): Bharathi Duvvuru/00561000001NTCSAA4
************************************************************
************************************************************
FileName: reports/Epics_User_Stories/Epic_Renewals_UserStories_Accepted.report
FullName/Id: Epics_User_Stories/Epic_Renewals_UserStories_Accepted/00O61000003mxiREAQ
Manageable State: unmanaged
Namespace Prefix: null
Created By (Name/Id): Bharathi Duvvuru/00561000001NTCSAA4
Last Modified By (Name/Id): Bharathi Duvvuru/00561000001NTCSAA4
************************************************************
************************************************************
FileName: reports/Epics_User_Stories/Epic_CH_User_Stories_All_Status.report
FullName/Id: Epics_User_Stories/Epic_CH_User_Stories_All_Status/00O61000003mxdqEAA
Manageable State: unmanaged
Namespace Prefix: null
Created By (Name/Id): Bharathi Duvvuru/00561000001NTCSAA4
Last Modified By (Name/Id): Bharathi Duvvuru/00561000001NTCSAA4
************************************************************
************************************************************
FileName: reports/Epics_User_Stories/EBT_OPEN_Defects.report
FullName/Id: Epics_User_Stories/EBT_OPEN_Defects/00O61000003mziOEAQ
Manageable State: unmanaged
Namespace Prefix: null
Created By (Name/Id): Bharathi Duvvuru/00561000001NTCSAA4
Last Modified By (Name/Id): Bharathi Duvvuru/00561000001NTCSAA4
************************************************************
************************************************************
FileName: reports/Epics_User_Stories/Epic_CH_User_Stories_Acce.report
FullName/Id: Epics_User_Stories/Epic_CH_User_Stories_Acce/00O61000003mxhiEAA
Manageable State: unmanaged
Namespace Prefix: null
Created By (Name/Id): Bharathi Duvvuru/00561000001NTCSAA4
Last Modified By (Name/Id): Bharathi Duvvuru/00561000001NTCSAA4
************************************************************
************************************************************
FileName: reports/Epics_User_Stories/Epic_Resig_Transition_UserStories_Accept.report
FullName/Id: Epics_User_Stories/Epic_Resig_Transition_UserStories_Accept/00O61000003mxiWEAQ
Manageable State: unmanaged
Namespace Prefix: null
Created By (Name/Id): Bharathi Duvvuru/00561000001NTCSAA4
Last Modified By (Name/Id): Bharathi Duvvuru/00561000001NTCSAA4
************************************************************
************************************************************
FileName: reports/Epics_User_Stories/Epic_Renewals_User_stories_All_Status.report
FullName/Id: Epics_User_Stories/Epic_Renewals_User_stories_All_Status/00O61000003mxgBEAQ
Manageable State: unmanaged
Namespace Prefix: null
Created By (Name/Id): Bharathi Duvvuru/00561000001NTCSAA4
Last Modified By (Name/Id): Bharathi Duvvuru/00561000001NTCSAA4
************************************************************
************************************************************
FileName: reports/Epics_User_Stories/EpicMember_Maint_User_Stories_All_Status.report
FullName/Id: Epics_User_Stories/EpicMember_Maint_User_Stories_All_Status/00O61000003mxetEAA
Manageable State: unmanaged
Namespace Prefix: null
Created By (Name/Id): Bharathi Duvvuru/00561000001NTCSAA4
Last Modified By (Name/Id): Bharathi Duvvuru/00561000001NTCSAA4
************************************************************
************************************************************
FileName: reports/Epics_User_Stories/Epic_Finance_User_Stories_All_Status.report
FullName/Id: Epics_User_Stories/Epic_Finance_User_Stories_All_Status/00O61000003mxbzEAA
Manageable State: unmanaged
Namespace Prefix: null
Created By (Name/Id): Bharathi Duvvuru/00561000001NTCSAA4
Last Modified By (Name/Id): Bharathi Duvvuru/00561000001NTCSAA4
************************************************************
************************************************************
FileName: reports/Epics_User_Stories/Epic_Forum_User_Stories_All_Status.report
FullName/Id: Epics_User_Stories/Epic_Forum_User_Stories_All_Status/00O61000003mxcxEAA
Manageable State: unmanaged
Namespace Prefix: null
Created By (Name/Id): Bharathi Duvvuru/00561000001NTCSAA4
Last Modified By (Name/Id): Bharathi Duvvuru/00561000001NTCSAA4
************************************************************
************************************************************
FileName: reports/Epics_User_Stories/Epic_Prospect_New_Member_stories_All_Sta.report
FullName/Id: Epics_User_Stories/Epic_Prospect_New_Member_stories_All_Sta/00O61000003mxfwEAA
Manageable State: unmanaged
Namespace Prefix: null
Created By (Name/Id): Bharathi Duvvuru/00561000001NTCSAA4
Last Modified By (Name/Id): Bharathi Duvvuru/00561000001NTCSAA4
************************************************************
************************************************************
FileName: reports/Epics_User_Stories/Epic_Forum_User_Stories_Accepted.report
FullName/Id: Epics_User_Stories/Epic_Forum_User_Stories_Accepted/00O61000003mxciEAA
Manageable State: unmanaged
Namespace Prefix: null
Created By (Name/Id): Bharathi Duvvuru/00561000001NTCSAA4
Last Modified By (Name/Id): Bharathi Duvvuru/00561000001NTCSAA4
************************************************************
************************************************************
FileName: reports/Epics_User_Stories/Epic_Reinstate_Transfer_stories_AllStat.report
FullName/Id: Epics_User_Stories/Epic_Reinstate_Transfer_stories_AllStat/00O61000003mxg6EAA
Manageable State: unmanaged
Namespace Prefix: null
Created By (Name/Id): Bharathi Duvvuru/00561000001NTCSAA4
Last Modified By (Name/Id): Bharathi Duvvuru/00561000001NTCSAA4
************************************************************
************************************************************
FileName: reports/Epics_User_Stories/Epic_Security_User_Stories_All_Status.report
FullName/Id: Epics_User_Stories/Epic_Security_User_Stories_All_Status/00O61000003mxdbEAA
Manageable State: unmanaged
Namespace Prefix: null
Created By (Name/Id): Bharathi Duvvuru/00561000001NTCSAA4
Last Modified By (Name/Id): Bharathi Duvvuru/00561000001NTCSAA4
************************************************************
************************************************************
FileName: reports/Epics_User_Stories/Epic_Network_User_Stories_All_Status.report
FullName/Id: Epics_User_Stories/Epic_Network_User_Stories_All_Status/00O61000003mxdHEAQ
Manageable State: unmanaged
Namespace Prefix: null
Created By (Name/Id): Bharathi Duvvuru/00561000001NTCSAA4
Last Modified By (Name/Id): Bharathi Duvvuru/00561000001NTCSAA4
************************************************************
************************************************************
FileName: reports/Epics_User_Stories/Epic_Finance_User_Stories_Accepted.report
FullName/Id: Epics_User_Stories/Epic_Finance_User_Stories_Accepted/00O61000003mxaSEAQ
Manageable State: unmanaged
Namespace Prefix: null
Created By (Name/Id): Bharathi Duvvuru/00561000001NTCSAA4
Last Modified By (Name/Id): Bharathi Duvvuru/00561000001NTCSAA4
************************************************************
************************************************************
FileName: reports/Epics_User_Stories/EpicVouchers_Evt_User_Stories_All_Status.report
FullName/Id: Epics_User_Stories/EpicVouchers_Evt_User_Stories_All_Status/00O61000003mxeeEAA
Manageable State: unmanaged
Namespace Prefix: null
Created By (Name/Id): Bharathi Duvvuru/00561000001NTCSAA4
Last Modified By (Name/Id): Bharathi Duvvuru/00561000001NTCSAA4
************************************************************
************************************************************
FileName: reports/Epics_User_Stories/Epic_Int_Team_Mbrs_UserStories_Accept.report
FullName/Id: Epics_User_Stories/Epic_Int_Team_Mbrs_UserStories_Accept/00O61000003mxi7EAA
Manageable State: unmanaged
Namespace Prefix: null
Created By (Name/Id): Bharathi Duvvuru/00561000001NTCSAA4
Last Modified By (Name/Id): Bharathi Duvvuru/00561000001NTCSAA4
************************************************************
************************************************************
FileName: reports/Epics_User_Stories/Epic_Network_User_Stories_Accepted.report
FullName/Id: Epics_User_Stories/Epic_Network_User_Stories_Accepted/00O61000003mxhYEAQ
Manageable State: unmanaged
Namespace Prefix: null
Created By (Name/Id): Bharathi Duvvuru/00561000001NTCSAA4
Last Modified By (Name/Id): Bharathi Duvvuru/00561000001NTCSAA4
************************************************************
************************************************************
FileName: reports/Epics_User_Stories/Epic_Awd_Trn_Comm_UserStories_All_Status.report
FullName/Id: Epics_User_Stories/Epic_Awd_Trn_Comm_UserStories_All_Status/00O61000003mxePEAQ
Manageable State: unmanaged
Namespace Prefix: null
Created By (Name/Id): Bharathi Duvvuru/00561000001NTCSAA4
Last Modified By (Name/Id): Bharathi Duvvuru/00561000001NTCSAA4
************************************************************
************************************************************
FileName: reports/Epics_User_Stories/Epic_General_User_Stories_All_Status.report
FullName/Id: Epics_User_Stories/Epic_General_User_Stories_All_Status/00O61000003mxfmEAA
Manageable State: unmanaged
Namespace Prefix: null
Created By (Name/Id): Bharathi Duvvuru/00561000001NTCSAA4
Last Modified By (Name/Id): Bharathi Duvvuru/00561000001NTCSAA4
************************************************************
************************************************************
FileName: reports/Epics_User_Stories/Epic_Reinst_Transfer_UserStories_Acc.report
FullName/Id: Epics_User_Stories/Epic_Reinst_Transfer_UserStories_Acc/00O61000003mxiMEAQ
Manageable State: unmanaged
Namespace Prefix: null
Created By (Name/Id): Bharathi Duvvuru/00561000001NTCSAA4
Last Modified By (Name/Id): Bharathi Duvvuru/00561000001NTCSAA4
************************************************************
