************************************************************
FileName: reports/YPO_Committees/Officers_without_Event_Registrations.report
FullName/Id: YPO_Committees/Officers_without_Event_Registrations/00O61000003mrKREAY
Manageable State: unmanaged
Namespace Prefix: null
Created By (Name/Id): Brandon Sherman/00561000001uIe1AAE
Last Modified By (Name/Id): Kelli Do/00561000001PrKOAA0
************************************************************
************************************************************
FileName: reports/YPO_Committees/Officers_by_Region.report
FullName/Id: YPO_Committees/Officers_by_Region/00O61000003i4e0EAA
Manageable State: unmanaged
Namespace Prefix: null
Created By (Name/Id): Kelli Do/00561000001PrKOAA0
Last Modified By (Name/Id): Kelli Do/00561000001PrKOAA0
************************************************************
************************************************************
FileName: reports/YPO_Committees/Regional_Communications_Officers.report
FullName/Id: YPO_Committees/Regional_Communications_Officers/00O61000004EquZEAS
Manageable State: unmanaged
Namespace Prefix: null
Created By (Name/Id): Alison Weasler/00561000002Dp4DAAS
Last Modified By (Name/Id): Alison Weasler/00561000002Dp4DAAS
************************************************************
************************************************************
FileName: reports/YPO_Committees/Committee_Participations_BOD.report
FullName/Id: YPO_Committees/Committee_Participations_BOD/00O61000003n43VEAQ
Manageable State: unmanaged
Namespace Prefix: null
Created By (Name/Id): Kelli Do/00561000001PrKOAA0
Last Modified By (Name/Id): Kelli Do/00561000001PrKOAA0
************************************************************
************************************************************
FileName: reports/YPO_Committees/Item_02857_Committee_Participation.report
FullName/Id: YPO_Committees/Item_02857_Committee_Participation/00O61000003mjfiEAA
Manageable State: unmanaged
Namespace Prefix: null
Created By (Name/Id): Kelli Do/00561000001PrKOAA0
Last Modified By (Name/Id): Kelli Do/00561000001PrKOAA0
************************************************************
************************************************************
FileName: reports/YPO_Committees/Chapters_Without_Officers.report
FullName/Id: YPO_Committees/Chapters_Without_Officers/00O610000042UAIEA2
Manageable State: unmanaged
Namespace Prefix: null
Created By (Name/Id): Kelli Do/00561000001PrKOAA0
Last Modified By (Name/Id): Kelli Do/00561000001PrKOAA0
************************************************************
************************************************************
FileName: reports/YPO_Committees/Item_03910_Officers_Listing.report
FullName/Id: YPO_Committees/Item_03910_Officers_Listing/00O61000003qDajEAE
Manageable State: unmanaged
Namespace Prefix: null
Created By (Name/Id): Brandon Sherman/00561000001uIe1AAE
Last Modified By (Name/Id): Kelli Do/00561000001PrKOAA0
************************************************************
************************************************************
FileName: reports/YPO_Committees/Chapter_Officers.report
FullName/Id: YPO_Committees/Chapter_Officers/00O61000003nKOCEA2
Manageable State: unmanaged
Namespace Prefix: null
Created By (Name/Id): Kelli Do/00561000001PrKOAA0
Last Modified By (Name/Id): Kelli Do/00561000001PrKOAA0
************************************************************
************************************************************
FileName: reports/YPO_Committees/RLO.report
FullName/Id: YPO_Committees/RLO/00O61000003nTULEA2
Manageable State: unmanaged
Namespace Prefix: null
Created By (Name/Id): Amanda Phillips/00561000001ujJaAAI
Last Modified By (Name/Id): Amanda Phillips/00561000001ujJaAAI
************************************************************
************************************************************
FileName: reports/YPO_Committees/LO_GLC.report
FullName/Id: YPO_Committees/LO_GLC/00O61000003nI2DEAU
Manageable State: unmanaged
Namespace Prefix: null
Created By (Name/Id): Joy Hayes/00561000002DozJAAS
Last Modified By (Name/Id): Joy Hayes/00561000002DozJAAS
************************************************************
************************************************************
FileName: reports/YPO_Committees/Region_Officers.report
FullName/Id: YPO_Committees/Region_Officers/00O6100000462c6EAA
Manageable State: unmanaged
Namespace Prefix: null
Created By (Name/Id): Kelli Do/00561000001PrKOAA0
Last Modified By (Name/Id): Kelli Do/00561000001PrKOAA0
************************************************************
************************************************************
FileName: reports/YPO_Committees/Champions_with_Business_Industry_Info.report
FullName/Id: YPO_Committees/Champions_with_Business_Industry_Info/00O6100000465EDEAY
Manageable State: unmanaged
Namespace Prefix: null
Created By (Name/Id): Kelli Do/00561000001PrKOAA0
Last Modified By (Name/Id): Kelli Do/00561000001PrKOAA0
************************************************************
************************************************************
FileName: reports/YPO_Committees/Chapter_Officers_by_Region_Matrix.report
FullName/Id: YPO_Committees/Chapter_Officers_by_Region_Matrix/00O61000003nNDREA2
Manageable State: unmanaged
Namespace Prefix: null
Created By (Name/Id): Kelli Do/00561000001PrKOAA0
Last Modified By (Name/Id): Kelli Do/00561000001PrKOAA0
************************************************************
************************************************************
FileName: reports/YPO_Committees/Chapter_Officers_by_Position_Status.report
FullName/Id: YPO_Committees/Chapter_Officers_by_Position_Status/00O61000003nKOHEA2
Manageable State: unmanaged
Namespace Prefix: null
Created By (Name/Id): Kelli Do/00561000001PrKOAA0
Last Modified By (Name/Id): Kelli Do/00561000001PrKOAA0
************************************************************
************************************************************
FileName: reports/YPO_Committees/Mentoring_Officers.report
FullName/Id: YPO_Committees/Mentoring_Officers/00O61000003nIiTEAU
Manageable State: unmanaged
Namespace Prefix: null
Created By (Name/Id): Joy Hayes/00561000002DozJAAS
Last Modified By (Name/Id): Joy Hayes/00561000002DozJAAS
************************************************************
************************************************************
FileName: reports/YPO_Committees/Committee_Members_BOD_Acct_Affil.report
FullName/Id: YPO_Committees/Committee_Members_BOD_Acct_Affil/00O61000003n5XCEAY
Manageable State: unmanaged
Namespace Prefix: null
Created By (Name/Id): Kelli Do/00561000001PrKOAA0
Last Modified By (Name/Id): Kelli Do/00561000001PrKOAA0
************************************************************
************************************************************
FileName: reports/YPO_Committees/Officers_Identification_Status_Detail.report
FullName/Id: YPO_Committees/Officers_Identification_Status_Detail/00O61000003nF8bEAE
Manageable State: unmanaged
Namespace Prefix: null
Created By (Name/Id): Kelli Do/00561000001PrKOAA0
Last Modified By (Name/Id): Kelli Do/00561000001PrKOAA0
************************************************************
************************************************************
FileName: reports/YPO_Committees/Chapter_Officers_by_Region.report
FullName/Id: YPO_Committees/Chapter_Officers_by_Region/00O610000046OoWEAU
Manageable State: unmanaged
Namespace Prefix: null
Created By (Name/Id): Kelli Do/00561000001PrKOAA0
Last Modified By (Name/Id): Kelli Do/00561000001PrKOAA0
************************************************************
************************************************************
FileName: reports/YPO_Committees/Chapter_Officers_by_Position_Region.report
FullName/Id: YPO_Committees/Chapter_Officers_by_Position_Region/00O61000003nKOWEA2
Manageable State: unmanaged
Namespace Prefix: null
Created By (Name/Id): Kelli Do/00561000001PrKOAA0
Last Modified By (Name/Id): Kelli Do/00561000001PrKOAA0
************************************************************
************************************************************
FileName: reports/YPO_Committees/Officers_with_Training_Details.report
FullName/Id: YPO_Committees/Officers_with_Training_Details/00O61000003mu71EAA
Manageable State: unmanaged
Namespace Prefix: null
Created By (Name/Id): Brandon Sherman/00561000001uIe1AAE
Last Modified By (Name/Id): Kelli Do/00561000001PrKOAA0
************************************************************
************************************************************
FileName: reports/YPO_Committees/Network_Officers.report
FullName/Id: YPO_Committees/Network_Officers/00O6100000464M0EAI
Manageable State: unmanaged
Namespace Prefix: null
Created By (Name/Id): Kelli Do/00561000001PrKOAA0
Last Modified By (Name/Id): Kelli Do/00561000001PrKOAA0
************************************************************
************************************************************
FileName: reports/YPO_Committees/Learning_Officers_Feb_2017.report
FullName/Id: YPO_Committees/Learning_Officers_Feb_2017/00O61000003nI1yEAE
Manageable State: unmanaged
Namespace Prefix: null
Created By (Name/Id): Sabrina Beleck/00561000002BqLZAA0
Last Modified By (Name/Id): Sabrina Beleck/00561000002BqLZAA0
************************************************************
************************************************************
FileName: reports/YPO_Committees/Chapter_Region_Learning_Officers.report
FullName/Id: YPO_Committees/Chapter_Region_Learning_Officers/00O6100000467zfEAA
Manageable State: unmanaged
Namespace Prefix: null
Created By (Name/Id): Kelli Do/00561000001PrKOAA0
Last Modified By (Name/Id): Kelli Do/00561000001PrKOAA0
************************************************************
************************************************************
FileName: reports/YPO_Committees/Chapter_Admins_Listing.report
FullName/Id: YPO_Committees/Chapter_Admins_Listing/00O610000042cWAEAY
Manageable State: unmanaged
Namespace Prefix: null
Created By (Name/Id): Kelli Do/00561000001PrKOAA0
Last Modified By (Name/Id): Kelli Do/00561000001PrKOAA0
************************************************************
************************************************************
FileName: reports/YPO_Committees/Committee_International_w_Join_Dates.report
FullName/Id: YPO_Committees/Committee_International_w_Join_Dates/00O6100000462d9EAA
Manageable State: unmanaged
Namespace Prefix: null
Created By (Name/Id): Kelli Do/00561000001PrKOAA0
Last Modified By (Name/Id): Kelli Do/00561000001PrKOAA0
************************************************************
************************************************************
FileName: reports/YPO_Committees/Event_Champions.report
FullName/Id: YPO_Committees/Event_Champions/00O61000003mld5EAA
Manageable State: unmanaged
Namespace Prefix: null
Created By (Name/Id): Kelli Do/00561000001PrKOAA0
Last Modified By (Name/Id): Kelli Do/00561000001PrKOAA0
************************************************************
************************************************************
FileName: reports/YPO_Committees/Taskforce_Committee_Positions.report
FullName/Id: YPO_Committees/Taskforce_Committee_Positions/00O610000046NcZEAU
Manageable State: unmanaged
Namespace Prefix: null
Created By (Name/Id): Kelli Do/00561000001PrKOAA0
Last Modified By (Name/Id): Kelli Do/00561000001PrKOAA0
************************************************************
