************************************************************
FileName: email/unfiled$public/Customer_Quote.email
FullName/Id: unfiled$public/Customer_Quote/00X61000000jAOdEAM
Manageable State: unmanaged
Namespace Prefix: null
Created By (Name/Id): Kinetic Growth (YPO Prod)/00561000001NqIIAA0
Last Modified By (Name/Id): Jonathan Bernd/00561000000ImwtAAC
************************************************************
************************************************************
FileName: email/unfiled$public/Third_Party_Verifier_Rejection.email
FullName/Id: unfiled$public/Third_Party_Verifier_Rejection/00X61000000jBmvEAE
Manageable State: unmanaged
Namespace Prefix: null
Created By (Name/Id): Jonathan Bernd/00561000000ImwtAAC
Last Modified By (Name/Id): Jonathan Bernd/00561000000ImwtAAC
************************************************************
************************************************************
FileName: email/unfiled$public/CommunityLockoutEmailTemplate.email
FullName/Id: unfiled$public/CommunityLockoutEmailTemplate/00X610000010odpEAA
Manageable State: unmanaged
Namespace Prefix: null
Created By (Name/Id): Automated Process/00561000000NSubAAG
Last Modified By (Name/Id): Automated Process/00561000000NSubAAG
************************************************************
************************************************************
FileName: email/unfiled$public/Auto_response_if_rejection_at_Initial_stage_1.email
FullName/Id: unfiled$public/Auto_response_if_rejection_at_Initial_stage_1/00X61000000jBmWEAU
Manageable State: unmanaged
Namespace Prefix: null
Created By (Name/Id): Jonathan Bernd/00561000000ImwtAAC
Last Modified By (Name/Id): Brandon Sherman/00561000001uIe1AAE
************************************************************
************************************************************
FileName: email/unfiled$public/User_Updated_Code_of_Conduct.email
FullName/Id: unfiled$public/User_Updated_Code_of_Conduct/00X61000000MrBoEAK
Manageable State: unmanaged
Namespace Prefix: null
Created By (Name/Id): Kristin Mikula/00561000001QCO4AAO
Last Modified By (Name/Id): Kristin Mikula/00561000001QCO4AAO
************************************************************
************************************************************
FileName: email/unfiled$public/X3rd_Party_Verification_Request_7_days_no_reply.email
FullName/Id: unfiled$public/X3rd_Party_Verification_Request_7_days_no_reply/00X61000000MnzrEAC
Manageable State: unmanaged
Namespace Prefix: null
Created By (Name/Id): Brandon Sherman/00561000001uIe1AAE
Last Modified By (Name/Id): Kelli Do/00561000001PrKOAA0
************************************************************
************************************************************
FileName: email/unfiled$public/CommunityVerificationEmailTemplate.email
FullName/Id: unfiled$public/CommunityVerificationEmailTemplate/00XZ0000000aQc1MAE
Manageable State: unmanaged
Namespace Prefix: null
Created By (Name/Id): Automated Process/00561000000NSubAAG
Last Modified By (Name/Id): Automated Process/00561000000NSubAAG
************************************************************
************************************************************
FileName: email/unfiled$public/Auto_response_if_rejection_at_Initial_stage_2.email
FullName/Id: unfiled$public/Auto_response_if_rejection_at_Initial_stage_2/00X61000000jBmXEAU
Manageable State: unmanaged
Namespace Prefix: null
Created By (Name/Id): Jonathan Bernd/00561000000ImwtAAC
Last Modified By (Name/Id): Brandon Sherman/00561000001uIe1AAE
************************************************************
************************************************************
FileName: email/unfiled$public/M2Mx_Request_Confirmation_Email.email
FullName/Id: unfiled$public/M2Mx_Request_Confirmation_Email/00X61000000jBJEEA2
Manageable State: unmanaged
Namespace Prefix: null
Created By (Name/Id): Jonathan Bernd/00561000000ImwtAAC
Last Modified By (Name/Id): Brandon Sherman/00561000001uIe1AAE
************************************************************
************************************************************
FileName: email/unfiled$public/YNG_Notifications_to_Member_and_Child_Opp_Closed_Won.email
FullName/Id: unfiled$public/YNG_Notifications_to_Member_and_Child_Opp_Closed_Won/00X61000000Mtu7EAC
Manageable State: unmanaged
Namespace Prefix: null
Created By (Name/Id): System Administrator/00561000002DrZyAAK
Last Modified By (Name/Id): Mark Frizzell/00561000002J2viAAC
************************************************************
************************************************************
FileName: email/unfiled$public/Request_has_been_answered_email.email
FullName/Id: unfiled$public/Request_has_been_answered_email/00X61000000jBmtEAE
Manageable State: unmanaged
Namespace Prefix: null
Created By (Name/Id): Jonathan Bernd/00561000000ImwtAAC
Last Modified By (Name/Id): Brandon Sherman/00561000001uIe1AAE
************************************************************
************************************************************
FileName: email/unfiled$public/YPO_Generic_Case_Response.email
FullName/Id: unfiled$public/YPO_Generic_Case_Response/00X61000000jAxDEAU
Manageable State: unmanaged
Namespace Prefix: null
Created By (Name/Id): Jonathan Bernd/00561000000ImwtAAC
Last Modified By (Name/Id): Jonathan Bernd/00561000000ImwtAAC
************************************************************
************************************************************
FileName: email/unfiled$public/Send_Lead_for_Chapter_Approval.email
FullName/Id: unfiled$public/Send_Lead_for_Chapter_Approval/00X61000000ZtKIEA0
Manageable State: unmanaged
Namespace Prefix: null
Created By (Name/Id): Mark Frizzell/00561000002J2viAAC
Last Modified By (Name/Id): Kelli Do/00561000001PrKOAA0
************************************************************
************************************************************
FileName: email/unfiled$public/YNG_Notifications_to_Member_and_Child_Closed_Won.email
FullName/Id: unfiled$public/YNG_Notifications_to_Member_and_Child_Closed_Won/00X61000000MnsNEAS
Manageable State: unmanaged
Namespace Prefix: null
Created By (Name/Id): Brandon Sherman/00561000001uIe1AAE
Last Modified By (Name/Id): Mark Frizzell/00561000002J2viAAC
************************************************************
************************************************************
FileName: email/unfiled$public/Administrator_Guide.email
FullName/Id: unfiled$public/Administrator_Guide/00X61000000Mqt1EAC
Manageable State: unmanaged
Namespace Prefix: null
Created By (Name/Id): System Administrator/00561000002DrZyAAK
Last Modified By (Name/Id): System Administrator/00561000002DrZyAAK
************************************************************
************************************************************
FileName: email/unfiled$public/Grace_Status_Denied.email
FullName/Id: unfiled$public/Grace_Status_Denied/00X61000000MnuREAS
Manageable State: unmanaged
Namespace Prefix: null
Created By (Name/Id): Kristin Mikula/00561000001QCO4AAO
Last Modified By (Name/Id): Kristin Mikula/00561000001QCO4AAO
************************************************************
************************************************************
FileName: email/unfiled$public/X3rd_Party_Verification_Request_7_days_no_reply_Prospect.email
FullName/Id: unfiled$public/X3rd_Party_Verification_Request_7_days_no_reply_Prospect/00X61000000MpU7EAK
Manageable State: unmanaged
Namespace Prefix: null
Created By (Name/Id): Ajay Joshi/00561000001buuUAAQ
Last Modified By (Name/Id): Kelli Do/00561000001PrKOAA0
************************************************************
************************************************************
FileName: email/unfiled$public/Acknowledgment_of_New_Case.email
FullName/Id: unfiled$public/Acknowledgment_of_New_Case/00X61000000jBmVEAU
Manageable State: unmanaged
Namespace Prefix: null
Created By (Name/Id): Jonathan Bernd/00561000000ImwtAAC
Last Modified By (Name/Id): Jonathan Bernd/00561000000ImwtAAC
************************************************************
************************************************************
FileName: email/unfiled$public/Demo_Blank.email
FullName/Id: unfiled$public/Demo_Blank/00X61000000jBmcEAE
Manageable State: unmanaged
Namespace Prefix: null
Created By (Name/Id): Jonathan Bernd/00561000000ImwtAAC
Last Modified By (Name/Id): Jonathan Bernd/00561000000ImwtAAC
************************************************************
************************************************************
FileName: email/unfiled$public/Request_Email_Anonymous_do_not_include_Requestor_Information.email
FullName/Id: unfiled$public/Request_Email_Anonymous_do_not_include_Requestor_Information/00X61000000jBJsEAM
Manageable State: unmanaged
Namespace Prefix: null
Created By (Name/Id): Jonathan Bernd/00561000000ImwtAAC
Last Modified By (Name/Id): Brandon Sherman/00561000001uIe1AAE
************************************************************
************************************************************
FileName: email/unfiled$public/Request_Follow_up_Email.email
FullName/Id: unfiled$public/Request_Follow_up_Email/00X61000000jBmpEAE
Manageable State: unmanaged
Namespace Prefix: null
Created By (Name/Id): Jonathan Bernd/00561000000ImwtAAC
Last Modified By (Name/Id): Brandon Sherman/00561000001uIe1AAE
************************************************************
************************************************************
FileName: email/unfiled$public/Evaluation_Reminder_Email.email
FullName/Id: unfiled$public/Evaluation_Reminder_Email/00X61000000jBmfEAE
Manageable State: unmanaged
Namespace Prefix: null
Created By (Name/Id): Jonathan Bernd/00561000000ImwtAAC
Last Modified By (Name/Id): Brandon Sherman/00561000001uIe1AAE
************************************************************
************************************************************
FileName: email/unfiled$public/Request_for_Assistance_Email_to_Medical_Providers.email
FullName/Id: unfiled$public/Request_for_Assistance_Email_to_Medical_Providers/00X61000000jBmrEAE
Manageable State: unmanaged
Namespace Prefix: null
Created By (Name/Id): Jonathan Bernd/00561000000ImwtAAC
Last Modified By (Name/Id): Brandon Sherman/00561000001uIe1AAE
************************************************************
************************************************************
FileName: email/unfiled$public/Chapter_Approval_of_Transition_Account_Affiliation.email
FullName/Id: unfiled$public/Chapter_Approval_of_Transition_Account_Affiliation/00X61000000MpU0EAK
Manageable State: unmanaged
Namespace Prefix: null
Created By (Name/Id): Ajay Joshi/00561000001buuUAAQ
Last Modified By (Name/Id): System Administrator/00561000002DrZyAAK
************************************************************
************************************************************
FileName: email/unfiled$public/Case_Response_with_Solution.email
FullName/Id: unfiled$public/Case_Response_with_Solution/00X61000000jBmZEAU
Manageable State: unmanaged
Namespace Prefix: null
Created By (Name/Id): Jonathan Bernd/00561000000ImwtAAC
Last Modified By (Name/Id): Jonathan Bernd/00561000000ImwtAAC
************************************************************
************************************************************
FileName: email/unfiled$public/delCase_Response_with_Solution.email
FullName/Id: unfiled$public/delCase_Response_with_Solution/00X61000000jBmyEAE
Manageable State: unmanaged
Namespace Prefix: null
Created By (Name/Id): Jonathan Bernd/00561000000ImwtAAC
Last Modified By (Name/Id): Jonathan Bernd/00561000000ImwtAAC
************************************************************
************************************************************
FileName: email/unfiled$public/CommunityChangePasswordEmailTemplate.email
FullName/Id: unfiled$public/CommunityChangePasswordEmailTemplate/00X61000000j2sFEAQ
Manageable State: unmanaged
Namespace Prefix: null
Created By (Name/Id): Jonathan Bernd/00561000000ImwtAAC
Last Modified By (Name/Id): Jonathan Bernd/00561000000ImwtAAC
************************************************************
************************************************************
FileName: email/unfiled$public/Third_Party_Verification_Approved.email
FullName/Id: unfiled$public/Third_Party_Verification_Approved/00X61000000jBmuEAE
Manageable State: unmanaged
Namespace Prefix: null
Created By (Name/Id): Jonathan Bernd/00561000000ImwtAAC
Last Modified By (Name/Id): Brandon Sherman/00561000001uIe1AAE
************************************************************
************************************************************
FileName: email/unfiled$public/CommunityWelcomeEmailTemplate.email
FullName/Id: unfiled$public/CommunityWelcomeEmailTemplate/00X61000000j2sEEAQ
Manageable State: unmanaged
Namespace Prefix: null
Created By (Name/Id): Jonathan Bernd/00561000000ImwtAAC
Last Modified By (Name/Id): Jonathan Bernd/00561000000ImwtAAC
************************************************************
************************************************************
FileName: email/unfiled$public/Notify_Prospect_if_Full_payment_not_received_21_days.email
FullName/Id: unfiled$public/Notify_Prospect_if_Full_payment_not_received_21_days/00X61000000MnoyEAC
Manageable State: unmanaged
Namespace Prefix: null
Created By (Name/Id): Brandon Sherman/00561000001uIe1AAE
Last Modified By (Name/Id): Brandon Sherman/00561000001uIe1AAE
************************************************************
************************************************************
FileName: email/unfiled$public/Case_Closed.email
FullName/Id: unfiled$public/Case_Closed/00X61000000jBmYEAU
Manageable State: unmanaged
Namespace Prefix: null
Created By (Name/Id): Jonathan Bernd/00561000000ImwtAAC
Last Modified By (Name/Id): Brandon Sherman/00561000001uIe1AAE
************************************************************
************************************************************
FileName: email/unfiled$public/Request_Follow_up_Email_for_Medical_Referrals.email
FullName/Id: unfiled$public/Request_Follow_up_Email_for_Medical_Referrals/00X61000000jBmqEAE
Manageable State: unmanaged
Namespace Prefix: null
Created By (Name/Id): Jonathan Bernd/00561000000ImwtAAC
Last Modified By (Name/Id): Brandon Sherman/00561000001uIe1AAE
************************************************************
************************************************************
FileName: email/unfiled$public/Place_holder_email_template.email
FullName/Id: unfiled$public/Place_holder_email_template/00X61000000MnzpEAC
Manageable State: unmanaged
Namespace Prefix: null
Created By (Name/Id): Brandon Sherman/00561000001uIe1AAE
Last Modified By (Name/Id): Brandon Sherman/00561000001uIe1AAE
************************************************************
************************************************************
FileName: email/unfiled$public/Request_for_Assistance_Email_with_Requestor_Information.email
FullName/Id: unfiled$public/Request_for_Assistance_Email_with_Requestor_Information/00X61000000jBKCEA2
Manageable State: unmanaged
Namespace Prefix: null
Created By (Name/Id): Jonathan Bernd/00561000000ImwtAAC
Last Modified By (Name/Id): Brandon Sherman/00561000001uIe1AAE
************************************************************
************************************************************
FileName: email/unfiled$public/Grace_Status_Approved.email
FullName/Id: unfiled$public/Grace_Status_Approved/00X61000000MnuQEAS
Manageable State: unmanaged
Namespace Prefix: null
Created By (Name/Id): Kristin Mikula/00561000001QCO4AAO
Last Modified By (Name/Id): Emily Day/00561000002EuhiAAC
************************************************************
************************************************************
FileName: email/unfiled$public/X3rd_Party_verification_not_approved_by_CMO_and_CC_7_days.email
FullName/Id: unfiled$public/X3rd_Party_verification_not_approved_by_CMO_and_CC_7_days/00X61000000Mnp2EAC
Manageable State: unmanaged
Namespace Prefix: null
Created By (Name/Id): Brandon Sherman/00561000001uIe1AAE
Last Modified By (Name/Id): Kelli Do/00561000001PrKOAA0
************************************************************
************************************************************
FileName: email/unfiled$public/Customer_Invoice_Auto_Payment.email
FullName/Id: unfiled$public/Customer_Invoice_Auto_Payment/00X61000000jBmbEAE
Manageable State: unmanaged
Namespace Prefix: null
Created By (Name/Id): Jonathan Bernd/00561000000ImwtAAC
Last Modified By (Name/Id): Jonathan Bernd/00561000000ImwtAAC
************************************************************
************************************************************
FileName: email/unfiled$public/Contact_Send_Invoice_Email.email
FullName/Id: unfiled$public/Contact_Send_Invoice_Email/00X61000000jBmaEAE
Manageable State: unmanaged
Namespace Prefix: null
Created By (Name/Id): Jonathan Bernd/00561000000ImwtAAC
Last Modified By (Name/Id): Brandon Sherman/00561000001uIe1AAE
************************************************************
************************************************************
FileName: email/unfiled$public/CommunityForgotPasswordEmailTemplate.email
FullName/Id: unfiled$public/CommunityForgotPasswordEmailTemplate/00X61000000j2sGEAQ
Manageable State: unmanaged
Namespace Prefix: null
Created By (Name/Id): Jonathan Bernd/00561000000ImwtAAC
Last Modified By (Name/Id): Jonathan Bernd/00561000000ImwtAAC
************************************************************
************************************************************
FileName: email/unfiled$public/Evaluation_Email.email
FullName/Id: unfiled$public/Evaluation_Email/00X61000000jBmeEAE
Manageable State: unmanaged
Namespace Prefix: null
Created By (Name/Id): Jonathan Bernd/00561000000ImwtAAC
Last Modified By (Name/Id): Brandon Sherman/00561000001uIe1AAE
************************************************************
************************************************************
FileName: email/unfiled$public/X3rd_party_document_has_been_uploaded.email
FullName/Id: unfiled$public/X3rd_party_document_has_been_uploaded/00X61000000jBmxEAE
Manageable State: unmanaged
Namespace Prefix: null
Created By (Name/Id): Jonathan Bernd/00561000000ImwtAAC
Last Modified By (Name/Id): Brandon Sherman/00561000001uIe1AAE
************************************************************
