************************************************************
FileName: reports/Data_Cleanup/Tier_2_cleanup_already_paid_18_may.report
FullName/Id: Data_Cleanup/Tier_2_cleanup_already_paid_18_may/00O61000004EJ0rEAG
Manageable State: unmanaged
Namespace Prefix: null
Created By (Name/Id): Lynn Phillips/00561000000JTJQAA4
Last Modified By (Name/Id): Lynn Phillips/00561000000JTJQAA4
************************************************************
************************************************************
FileName: reports/Data_Cleanup/Backlog_Open_DQ.report
FullName/Id: Data_Cleanup/Backlog_Open_DQ/00O610000042ZaWEAU
Manageable State: unmanaged
Namespace Prefix: null
Created By (Name/Id): Cheryl Willman/00561000002bZFIAA2
Last Modified By (Name/Id): Cheryl Willman/00561000002bZFIAA2
************************************************************
************************************************************
FileName: reports/Data_Cleanup/President_Type_Updates_for_Opps.report
FullName/Id: Data_Cleanup/President_Type_Updates_for_Opps/00O61000004Eok3EAC
Manageable State: unmanaged
Namespace Prefix: null
Created By (Name/Id): Kelli Do/00561000001PrKOAA0
Last Modified By (Name/Id): Kelli Do/00561000001PrKOAA0
************************************************************
************************************************************
FileName: reports/Data_Cleanup/Active_Ex_Spouse_Partner.report
FullName/Id: Data_Cleanup/Active_Ex_Spouse_Partner/00O61000004ESLKEA4
Manageable State: unmanaged
Namespace Prefix: null
Created By (Name/Id): Kelli Do/00561000001PrKOAA0
Last Modified By (Name/Id): Kelli Do/00561000001PrKOAA0
************************************************************
************************************************************
FileName: reports/Data_Cleanup/Tier_2_cleanup_18_May2.report
FullName/Id: Data_Cleanup/Tier_2_cleanup_18_May2/00O61000004EIzFEAW
Manageable State: unmanaged
Namespace Prefix: null
Created By (Name/Id): Lynn Phillips/00561000000JTJQAA4
Last Modified By (Name/Id): Lynn Phillips/00561000000JTJQAA4
************************************************************
************************************************************
FileName: reports/Data_Cleanup/Q4_Benefit_refunds.report
FullName/Id: Data_Cleanup/Q4_Benefit_refunds/00O61000004EuF1EAK
Manageable State: unmanaged
Namespace Prefix: null
Created By (Name/Id): Lynn Phillips/00561000000JTJQAA4
Last Modified By (Name/Id): Lynn Phillips/00561000000JTJQAA4
************************************************************
************************************************************
FileName: reports/Data_Cleanup/Benefit_AAs_for_Activation_FY18_19.report
FullName/Id: Data_Cleanup/Benefit_AAs_for_Activation_FY18_19/00O61000004Eu48EAC
Manageable State: unmanaged
Namespace Prefix: null
Created By (Name/Id): Kelli Do/00561000001PrKOAA0
Last Modified By (Name/Id): Kelli Do/00561000001PrKOAA0
************************************************************
************************************************************
FileName: reports/Data_Cleanup/No_Email_S_P_or_Child2.report
FullName/Id: Data_Cleanup/No_Email_S_P_or_Child2/00O610000040R4iEAE
Manageable State: unmanaged
Namespace Prefix: null
Created By (Name/Id): Lynn Phillips/00561000000JTJQAA4
Last Modified By (Name/Id): Lynn Phillips/00561000000JTJQAA4
************************************************************
************************************************************
FileName: reports/Data_Cleanup/Ex_Spouse_Partner_with_Active_AAs.report
FullName/Id: Data_Cleanup/Ex_Spouse_Partner_with_Active_AAs/00O61000004ESLoEAO
Manageable State: unmanaged
Namespace Prefix: null
Created By (Name/Id): Kelli Do/00561000001PrKOAA0
Last Modified By (Name/Id): Kelli Do/00561000001PrKOAA0
************************************************************
************************************************************
FileName: reports/Data_Cleanup/Inactive_Benefit_AAs_for_FY18_19.report
FullName/Id: Data_Cleanup/Inactive_Benefit_AAs_for_FY18_19/00O61000004EuyGEAS
Manageable State: unmanaged
Namespace Prefix: null
Created By (Name/Id): Lynn Phillips/00561000000JTJQAA4
Last Modified By (Name/Id): Lynn Phillips/00561000000JTJQAA4
************************************************************
************************************************************
FileName: reports/Data_Cleanup/Profile_Completion_LPP.report
FullName/Id: Data_Cleanup/Profile_Completion_LPP/00O61000004EvBFEA0
Manageable State: unmanaged
Namespace Prefix: null
Created By (Name/Id): Lynn Phillips/00561000000JTJQAA4
Last Modified By (Name/Id): Lynn Phillips/00561000000JTJQAA4
************************************************************
************************************************************
FileName: reports/Data_Cleanup/Council_Member_Contact_Position_Cleanup.report
FullName/Id: Data_Cleanup/Council_Member_Contact_Position_Cleanup/00O61000004EjFAEA0
Manageable State: unmanaged
Namespace Prefix: null
Created By (Name/Id): Kelli Do/00561000001PrKOAA0
Last Modified By (Name/Id): Kelli Do/00561000001PrKOAA0
************************************************************
************************************************************
FileName: reports/Data_Cleanup/Data_Quality_Items.report
FullName/Id: Data_Cleanup/Data_Quality_Items/00O610000042UxoEAE
Manageable State: unmanaged
Namespace Prefix: null
Created By (Name/Id): Carol Kramer/00561000000JTJaAAO
Last Modified By (Name/Id): Carol Kramer/00561000000JTJaAAO
************************************************************
************************************************************
FileName: reports/Data_Cleanup/Leads_with_Missing_Lead_Chapter_Officers.report
FullName/Id: Data_Cleanup/Leads_with_Missing_Lead_Chapter_Officers/00O61000004EtuwEAC
Manageable State: unmanaged
Namespace Prefix: null
Created By (Name/Id): Kelli Do/00561000001PrKOAA0
Last Modified By (Name/Id): Kelli Do/00561000001PrKOAA0
************************************************************
************************************************************
FileName: reports/Data_Cleanup/Region_update_for_Opps.report
FullName/Id: Data_Cleanup/Region_update_for_Opps/00O61000004Es5TEAS
Manageable State: unmanaged
Namespace Prefix: null
Created By (Name/Id): Kelli Do/00561000001PrKOAA0
Last Modified By (Name/Id): Kelli Do/00561000001PrKOAA0
************************************************************
************************************************************
FileName: reports/Data_Cleanup/REG_DQ_TEST.report
FullName/Id: Data_Cleanup/REG_DQ_TEST/00O610000042qOSEAY
Manageable State: unmanaged
Namespace Prefix: null
Created By (Name/Id): Robert Giddens/00561000002c4TGAAY
Last Modified By (Name/Id): Robert Giddens/00561000002c4TGAAY
************************************************************
************************************************************
FileName: reports/Data_Cleanup/Facebook_Data_Clean_Up.report
FullName/Id: Data_Cleanup/Facebook_Data_Clean_Up/00O61000004EvD6EAK
Manageable State: unmanaged
Namespace Prefix: null
Created By (Name/Id): Kelli Do/00561000001PrKOAA0
Last Modified By (Name/Id): Kelli Do/00561000001PrKOAA0
************************************************************
************************************************************
FileName: reports/Data_Cleanup/Backlog_Closed_DQ2.report
FullName/Id: Data_Cleanup/Backlog_Closed_DQ2/00O610000042aE4EAI
Manageable State: unmanaged
Namespace Prefix: null
Created By (Name/Id): Cheryl Willman/00561000002bZFIAA2
Last Modified By (Name/Id): Cheryl Willman/00561000002bZFIAA2
************************************************************
************************************************************
FileName: reports/Data_Cleanup/Primary_Business.report
FullName/Id: Data_Cleanup/Primary_Business/00O610000042Su9EAE
Manageable State: unmanaged
Namespace Prefix: null
Created By (Name/Id): Carol Kramer/00561000000JTJaAAO
Last Modified By (Name/Id): Carol Kramer/00561000000JTJaAAO
************************************************************
