************************************************************
FileName: reports/Epic_Backlog_Items/Epic_Chapter_Region_Management.report
FullName/Id: Epic_Backlog_Items/Epic_Chapter_Region_Management/00O61000003n6vUEAQ
Manageable State: unmanaged
Namespace Prefix: null
Created By (Name/Id): Andrew Aasen/00561000001cqr9AAA
Last Modified By (Name/Id): Brandon Sherman/00561000001uIe1AAE
************************************************************
************************************************************
FileName: reports/Epic_Backlog_Items/Epic_Awards_Training_Committees.report
FullName/Id: Epic_Backlog_Items/Epic_Awards_Training_Committees/00O61000003n6w3EAA
Manageable State: unmanaged
Namespace Prefix: null
Created By (Name/Id): Andrew Aasen/00561000001cqr9AAA
Last Modified By (Name/Id): Brandon Sherman/00561000001uIe1AAE
************************************************************
************************************************************
FileName: reports/Epic_Backlog_Items/Epic_Network.report
FullName/Id: Epic_Backlog_Items/Epic_Network/00O61000003n6uREAQ
Manageable State: unmanaged
Namespace Prefix: null
Created By (Name/Id): Andrew Aasen/00561000001cqr9AAA
Last Modified By (Name/Id): Andrew Aasen/00561000001cqr9AAA
************************************************************
************************************************************
FileName: reports/Epic_Backlog_Items/Epic_General.report
FullName/Id: Epic_Backlog_Items/Epic_General/00O61000003n6ydEAA
Manageable State: unmanaged
Namespace Prefix: null
Created By (Name/Id): Andrew Aasen/00561000001cqr9AAA
Last Modified By (Name/Id): Andrew Aasen/00561000001cqr9AAA
************************************************************
************************************************************
FileName: reports/Epic_Backlog_Items/Stories.report
FullName/Id: Epic_Backlog_Items/Stories/00O61000003n5ieEAA
Manageable State: unmanaged
Namespace Prefix: null
Created By (Name/Id): Andrew Aasen/00561000001cqr9AAA
Last Modified By (Name/Id): Andrew Aasen/00561000001cqr9AAA
************************************************************
************************************************************
FileName: reports/Epic_Backlog_Items/Epic_Reinstatement_and_Transfer.report
FullName/Id: Epic_Backlog_Items/Epic_Reinstatement_and_Transfer/00O61000003n6yxEAA
Manageable State: unmanaged
Namespace Prefix: null
Created By (Name/Id): Andrew Aasen/00561000001cqr9AAA
Last Modified By (Name/Id): Andrew Aasen/00561000001cqr9AAA
************************************************************
************************************************************
FileName: reports/Epic_Backlog_Items/Epic_Security2.report
FullName/Id: Epic_Backlog_Items/Epic_Security2/00O61000003n6vtEAA
Manageable State: unmanaged
Namespace Prefix: null
Created By (Name/Id): Andrew Aasen/00561000001cqr9AAA
Last Modified By (Name/Id): Andrew Aasen/00561000001cqr9AAA
************************************************************
************************************************************
FileName: reports/Epic_Backlog_Items/Epic_Chapter_Region_Management2.report
FullName/Id: Epic_Backlog_Items/Epic_Chapter_Region_Management2/00O61000003n6veEAA
Manageable State: unmanaged
Namespace Prefix: null
Created By (Name/Id): Andrew Aasen/00561000001cqr9AAA
Last Modified By (Name/Id): Andrew Aasen/00561000001cqr9AAA
************************************************************
************************************************************
FileName: reports/Epic_Backlog_Items/Epic_Member_Maintenance.report
FullName/Id: Epic_Backlog_Items/Epic_Member_Maintenance/00O61000003n6xfEAA
Manageable State: unmanaged
Namespace Prefix: null
Created By (Name/Id): Andrew Aasen/00561000001cqr9AAA
Last Modified By (Name/Id): Brandon Sherman/00561000001uIe1AAE
************************************************************
************************************************************
FileName: reports/Epic_Backlog_Items/Epic_Internal_Team_Members.report
FullName/Id: Epic_Backlog_Items/Epic_Internal_Team_Members/00O61000003n6yYEAQ
Manageable State: unmanaged
Namespace Prefix: null
Created By (Name/Id): Andrew Aasen/00561000001cqr9AAA
Last Modified By (Name/Id): Andrew Aasen/00561000001cqr9AAA
************************************************************
************************************************************
FileName: reports/Epic_Backlog_Items/Epic_Finance.report
FullName/Id: Epic_Backlog_Items/Epic_Finance/00O61000003n6ysEAA
Manageable State: unmanaged
Namespace Prefix: null
Created By (Name/Id): Andrew Aasen/00561000001cqr9AAA
Last Modified By (Name/Id): Andrew Aasen/00561000001cqr9AAA
************************************************************
************************************************************
FileName: reports/Epic_Backlog_Items/Epic_Security.report
FullName/Id: Epic_Backlog_Items/Epic_Security/00O61000003n6uWEAQ
Manageable State: unmanaged
Namespace Prefix: null
Created By (Name/Id): Andrew Aasen/00561000001cqr9AAA
Last Modified By (Name/Id): Brandon Sherman/00561000001uIe1AAE
************************************************************
************************************************************
FileName: reports/Epic_Backlog_Items/Epic_Network2.report
FullName/Id: Epic_Backlog_Items/Epic_Network2/00O61000003n6voEAA
Manageable State: unmanaged
Namespace Prefix: null
Created By (Name/Id): Andrew Aasen/00561000001cqr9AAA
Last Modified By (Name/Id): Andrew Aasen/00561000001cqr9AAA
************************************************************
************************************************************
FileName: reports/Epic_Backlog_Items/Epic_Forum.report
FullName/Id: Epic_Backlog_Items/Epic_Forum/00O61000003n6u2EAA
Manageable State: unmanaged
Namespace Prefix: null
Created By (Name/Id): Andrew Aasen/00561000001cqr9AAA
Last Modified By (Name/Id): Andrew Aasen/00561000001cqr9AAA
************************************************************
************************************************************
FileName: reports/Epic_Backlog_Items/Epic_Forum2.report
FullName/Id: Epic_Backlog_Items/Epic_Forum2/00O61000003n6vjEAA
Manageable State: unmanaged
Namespace Prefix: null
Created By (Name/Id): Andrew Aasen/00561000001cqr9AAA
Last Modified By (Name/Id): Andrew Aasen/00561000001cqr9AAA
************************************************************
************************************************************
FileName: reports/Epic_Backlog_Items/Epic_Chapter_Health_Stories.report
FullName/Id: Epic_Backlog_Items/Epic_Chapter_Health_Stories/00O61000003n5itEAA
Manageable State: unmanaged
Namespace Prefix: null
Created By (Name/Id): Andrew Aasen/00561000001cqr9AAA
Last Modified By (Name/Id): Andrew Aasen/00561000001cqr9AAA
************************************************************
************************************************************
FileName: reports/Epic_Backlog_Items/Epic_Chapter_Health.report
FullName/Id: Epic_Backlog_Items/Epic_Chapter_Health/00O61000003n6uqEAA
Manageable State: unmanaged
Namespace Prefix: null
Created By (Name/Id): Andrew Aasen/00561000001cqr9AAA
Last Modified By (Name/Id): Brandon Sherman/00561000001uIe1AAE
************************************************************
************************************************************
FileName: reports/Epic_Backlog_Items/Epic_Chapter_Health2.report
FullName/Id: Epic_Backlog_Items/Epic_Chapter_Health2/00O61000003n6vyEAA
Manageable State: unmanaged
Namespace Prefix: null
Created By (Name/Id): Andrew Aasen/00561000001cqr9AAA
Last Modified By (Name/Id): Andrew Aasen/00561000001cqr9AAA
************************************************************
************************************************************
FileName: reports/Epic_Backlog_Items/Epic_Vouchers_Events.report
FullName/Id: Epic_Backlog_Items/Epic_Vouchers_Events/00O61000003n6wDEAQ
Manageable State: unmanaged
Namespace Prefix: null
Created By (Name/Id): Andrew Aasen/00561000001cqr9AAA
Last Modified By (Name/Id): Brandon Sherman/00561000001uIe1AAE
************************************************************
************************************************************
FileName: reports/Epic_Backlog_Items/Epic_Resignation_and_Transition.report
FullName/Id: Epic_Backlog_Items/Epic_Resignation_and_Transition/00O61000003n6zbEAA
Manageable State: unmanaged
Namespace Prefix: null
Created By (Name/Id): Andrew Aasen/00561000001cqr9AAA
Last Modified By (Name/Id): Brandon Sherman/00561000001uIe1AAE
************************************************************
************************************************************
FileName: reports/Epic_Backlog_Items/Epic_Prospect_New_Member.report
FullName/Id: Epic_Backlog_Items/Epic_Prospect_New_Member/00O61000003n6ynEAA
Manageable State: unmanaged
Namespace Prefix: null
Created By (Name/Id): Andrew Aasen/00561000001cqr9AAA
Last Modified By (Name/Id): Andrew Aasen/00561000001cqr9AAA
************************************************************
************************************************************
FileName: reports/Epic_Backlog_Items/Epic_Renewals.report
FullName/Id: Epic_Backlog_Items/Epic_Renewals/00O61000003n6zHEAQ
Manageable State: unmanaged
Namespace Prefix: null
Created By (Name/Id): Andrew Aasen/00561000001cqr9AAA
Last Modified By (Name/Id): Andrew Aasen/00561000001cqr9AAA
************************************************************
