************************************************************
FileName: reports/DATA_MIGRATION/GL_CODING.report
FullName/Id: DATA_MIGRATION/GL_CODING/00O61000003xJGREA2
Manageable State: unmanaged
Namespace Prefix: null
Created By (Name/Id): Data_Migration/00561000001Obe8AAC
Last Modified By (Name/Id): Data_Migration/00561000001Obe8AAC
************************************************************
************************************************************
FileName: reports/DATA_MIGRATION/TRANSACTION.report
FullName/Id: DATA_MIGRATION/TRANSACTION/00O61000003xTrxEAE
Manageable State: unmanaged
Namespace Prefix: null
Created By (Name/Id): Data_Migration/00561000001Obe8AAC
Last Modified By (Name/Id): Data_Migration/00561000001Obe8AAC
************************************************************
************************************************************
FileName: reports/DATA_MIGRATION/ACCOUNTS.report
FullName/Id: DATA_MIGRATION/ACCOUNTS/00O61000003xHLPEA2
Manageable State: unmanaged
Namespace Prefix: null
Created By (Name/Id): Data_Migration/00561000001Obe8AAC
Last Modified By (Name/Id): Data_Migration/00561000001Obe8AAC
************************************************************
************************************************************
FileName: reports/DATA_MIGRATION/MEMBERSHIP_HISTORY.report
FullName/Id: DATA_MIGRATION/MEMBERSHIP_HISTORY/00O61000003xIsyEAE
Manageable State: unmanaged
Namespace Prefix: null
Created By (Name/Id): Data_Migration/00561000001Obe8AAC
Last Modified By (Name/Id): Data_Migration/00561000001Obe8AAC
************************************************************
************************************************************
FileName: reports/DATA_MIGRATION/CONTACT_POSITION.report
FullName/Id: DATA_MIGRATION/CONTACT_POSITION/00O61000003xMZsEAM
Manageable State: unmanaged
Namespace Prefix: null
Created By (Name/Id): Data_Migration/00561000001Obe8AAC
Last Modified By (Name/Id): Data_Migration/00561000001Obe8AAC
************************************************************
************************************************************
FileName: reports/DATA_MIGRATION/CASE.report
FullName/Id: DATA_MIGRATION/CASE/00O61000003xKWkEAM
Manageable State: unmanaged
Namespace Prefix: null
Created By (Name/Id): Data_Migration/00561000001Obe8AAC
Last Modified By (Name/Id): Data_Migration/00561000001Obe8AAC
************************************************************
************************************************************
FileName: reports/DATA_MIGRATION/M2MX_Skillets_Expertise.report
FullName/Id: DATA_MIGRATION/M2MX_Skillets_Expertise/00O61000003xVGKEA2
Manageable State: unmanaged
Namespace Prefix: null
Created By (Name/Id): Data_Migration/00561000001Obe8AAC
Last Modified By (Name/Id): Data_Migration/00561000001Obe8AAC
************************************************************
************************************************************
FileName: reports/DATA_MIGRATION/ACHIEVEMENT.report
FullName/Id: DATA_MIGRATION/ACHIEVEMENT/00O61000003xJHKEA2
Manageable State: unmanaged
Namespace Prefix: null
Created By (Name/Id): Data_Migration/00561000001Obe8AAC
Last Modified By (Name/Id): Data_Migration/00561000001Obe8AAC
************************************************************
************************************************************
FileName: reports/DATA_MIGRATION/RELATIONSHIP.report
FullName/Id: DATA_MIGRATION/RELATIONSHIP/00O61000003xITjEAM
Manageable State: unmanaged
Namespace Prefix: null
Created By (Name/Id): Data_Migration/00561000001Obe8AAC
Last Modified By (Name/Id): Data_Migration/00561000001Obe8AAC
************************************************************
************************************************************
FileName: reports/DATA_MIGRATION/AH.report
FullName/Id: DATA_MIGRATION/AH/00O61000003n7xMEAQ
Manageable State: unmanaged
Namespace Prefix: null
Created By (Name/Id): Data_Migration/00561000001Obe8AAC
Last Modified By (Name/Id): Data_Migration/00561000001Obe8AAC
************************************************************
************************************************************
FileName: reports/DATA_MIGRATION/CONTACT_ACHIEVEMENT.report
FullName/Id: DATA_MIGRATION/CONTACT_ACHIEVEMENT/00O61000003xJo9EAE
Manageable State: unmanaged
Namespace Prefix: null
Created By (Name/Id): Data_Migration/00561000001Obe8AAC
Last Modified By (Name/Id): Data_Migration/00561000001Obe8AAC
************************************************************
************************************************************
FileName: reports/DATA_MIGRATION/GL_BATCH.report
FullName/Id: DATA_MIGRATION/GL_BATCH/00O61000003xLHREA2
Manageable State: unmanaged
Namespace Prefix: null
Created By (Name/Id): Data_Migration/00561000001Obe8AAC
Last Modified By (Name/Id): Data_Migration/00561000001Obe8AAC
************************************************************
************************************************************
FileName: reports/DATA_MIGRATION/LEADS.report
FullName/Id: DATA_MIGRATION/LEADS/00O61000003i5ApEAI
Manageable State: unmanaged
Namespace Prefix: null
Created By (Name/Id): Data_Migration/00561000001Obe8AAC
Last Modified By (Name/Id): Data_Migration/00561000001Obe8AAC
************************************************************
************************************************************
FileName: reports/DATA_MIGRATION/INVOICE2.report
FullName/Id: DATA_MIGRATION/INVOICE2/00O61000003xOJyEAM
Manageable State: unmanaged
Namespace Prefix: null
Created By (Name/Id): Data_Migration/00561000001Obe8AAC
Last Modified By (Name/Id): Data_Migration/00561000001Obe8AAC
************************************************************
************************************************************
FileName: reports/DATA_MIGRATION/Contacts_QA.report
FullName/Id: DATA_MIGRATION/Contacts_QA/00O61000003xRR7EAM
Manageable State: unmanaged
Namespace Prefix: null
Created By (Name/Id): Anthony Kiran/00561000001m6ydAAA
Last Modified By (Name/Id): Anthony Kiran/00561000001m6ydAAA
************************************************************
************************************************************
FileName: reports/DATA_MIGRATION/ACCOUNT_AFFILIATION.report
FullName/Id: DATA_MIGRATION/ACCOUNT_AFFILIATION/00O61000003xJ5TEAU
Manageable State: unmanaged
Namespace Prefix: null
Created By (Name/Id): Data_Migration/00561000001Obe8AAC
Last Modified By (Name/Id): Data_Migration/00561000001Obe8AAC
************************************************************
************************************************************
FileName: reports/DATA_MIGRATION/Data_Defects_Missed_Load2.report
FullName/Id: DATA_MIGRATION/Data_Defects_Missed_Load2/00O61000003q2E4EAI
Manageable State: unmanaged
Namespace Prefix: null
Created By (Name/Id): Data_Migration/00561000001Obe8AAC
Last Modified By (Name/Id): Data_Migration/00561000001Obe8AAC
************************************************************
************************************************************
FileName: reports/DATA_MIGRATION/VOUCHER.report
FullName/Id: DATA_MIGRATION/VOUCHER/00O61000003xMBgEAM
Manageable State: unmanaged
Namespace Prefix: null
Created By (Name/Id): Data_Migration/00561000001Obe8AAC
Last Modified By (Name/Id): Data_Migration/00561000001Obe8AAC
************************************************************
************************************************************
FileName: reports/DATA_MIGRATION/Data_Migration_Load5.report
FullName/Id: DATA_MIGRATION/Data_Migration_Load5/00O61000003mwHeEAI
Manageable State: unmanaged
Namespace Prefix: null
Created By (Name/Id): Data_Migration/00561000001Obe8AAC
Last Modified By (Name/Id): Data_Migration/00561000001Obe8AAC
************************************************************
************************************************************
FileName: reports/DATA_MIGRATION/INVOICE_ITEM_REP.report
FullName/Id: DATA_MIGRATION/INVOICE_ITEM_REP/00O61000003xVfyEAE
Manageable State: unmanaged
Namespace Prefix: null
Created By (Name/Id): Data_Migration/00561000001Obe8AAC
Last Modified By (Name/Id): Data_Migration/00561000001Obe8AAC
************************************************************
************************************************************
FileName: reports/DATA_MIGRATION/Active_Positions.report
FullName/Id: DATA_MIGRATION/Active_Positions/00O61000003nDjkEAE
Manageable State: unmanaged
Namespace Prefix: null
Created By (Name/Id): Lynn Phillips/00561000000JTJQAA4
Last Modified By (Name/Id): Lynn Phillips/00561000000JTJQAA4
************************************************************
************************************************************
FileName: reports/DATA_MIGRATION/TASK.report
FullName/Id: DATA_MIGRATION/TASK/00O61000003xQIxEAM
Manageable State: unmanaged
Namespace Prefix: null
Created By (Name/Id): Data_Migration/00561000001Obe8AAC
Last Modified By (Name/Id): Data_Migration/00561000001Obe8AAC
************************************************************
************************************************************
FileName: reports/DATA_MIGRATION/GL_DETAIL2.report
FullName/Id: DATA_MIGRATION/GL_DETAIL2/00O61000003xT53EAE
Manageable State: unmanaged
Namespace Prefix: null
Created By (Name/Id): Data_Migration/00561000001Obe8AAC
Last Modified By (Name/Id): Data_Migration/00561000001Obe8AAC
************************************************************
************************************************************
FileName: reports/DATA_MIGRATION/OTHER_ADDRESS.report
FullName/Id: DATA_MIGRATION/OTHER_ADDRESS/00O61000003xIGBEA2
Manageable State: unmanaged
Namespace Prefix: null
Created By (Name/Id): Data_Migration/00561000001Obe8AAC
Last Modified By (Name/Id): Data_Migration/00561000001Obe8AAC
************************************************************
************************************************************
FileName: reports/DATA_MIGRATION/DATA_DEFECTS_RETEST_AH.report
FullName/Id: DATA_MIGRATION/DATA_DEFECTS_RETEST_AH/00O61000003q0BNEAY
Manageable State: unmanaged
Namespace Prefix: null
Created By (Name/Id): Data_Migration/00561000001Obe8AAC
Last Modified By (Name/Id): Data_Migration/00561000001Obe8AAC
************************************************************
************************************************************
FileName: reports/DATA_MIGRATION/M2MX_Skillsets.report
FullName/Id: DATA_MIGRATION/M2MX_Skillsets/00O61000003xPeiEAE
Manageable State: unmanaged
Namespace Prefix: null
Created By (Name/Id): Data_Migration/00561000001Obe8AAC
Last Modified By (Name/Id): Data_Migration/00561000001Obe8AAC
************************************************************
************************************************************
FileName: reports/DATA_MIGRATION/CONTACT_EVENT.report
FullName/Id: DATA_MIGRATION/CONTACT_EVENT/00O61000003xLxeEAE
Manageable State: unmanaged
Namespace Prefix: null
Created By (Name/Id): Data_Migration/00561000001Obe8AAC
Last Modified By (Name/Id): Data_Migration/00561000001Obe8AAC
************************************************************
************************************************************
FileName: reports/DATA_MIGRATION/OPPORTUNITY_LINE_ITEMS.report
FullName/Id: DATA_MIGRATION/OPPORTUNITY_LINE_ITEMS/00O61000003xWYZEA2
Manageable State: unmanaged
Namespace Prefix: null
Created By (Name/Id): Data_Migration/00561000001Obe8AAC
Last Modified By (Name/Id): Data_Migration/00561000001Obe8AAC
************************************************************
************************************************************
FileName: reports/DATA_MIGRATION/USERS.report
FullName/Id: DATA_MIGRATION/USERS/00O61000003xHJOEA2
Manageable State: unmanaged
Namespace Prefix: null
Created By (Name/Id): Data_Migration/00561000001Obe8AAC
Last Modified By (Name/Id): Data_Migration/00561000001Obe8AAC
************************************************************
************************************************************
FileName: reports/DATA_MIGRATION/otherAddress_QA.report
FullName/Id: DATA_MIGRATION/otherAddress_QA/00O61000003xR2HEAU
Manageable State: unmanaged
Namespace Prefix: null
Created By (Name/Id): Anthony Kiran/00561000001m6ydAAA
Last Modified By (Name/Id): Anthony Kiran/00561000001m6ydAAA
************************************************************
************************************************************
FileName: reports/DATA_MIGRATION/Contacts_for.report
FullName/Id: DATA_MIGRATION/Contacts_for/00O61000003n0MdEAI
Manageable State: unmanaged
Namespace Prefix: null
Created By (Name/Id): Lynn Phillips/00561000000JTJQAA4
Last Modified By (Name/Id): Lynn Phillips/00561000000JTJQAA4
************************************************************
************************************************************
FileName: reports/DATA_MIGRATION/OPPORTUNITY.report
FullName/Id: DATA_MIGRATION/OPPORTUNITY/00O61000003xMeJEAU
Manageable State: unmanaged
Namespace Prefix: null
Created By (Name/Id): Data_Migration/00561000001Obe8AAC
Last Modified By (Name/Id): Data_Migration/00561000001Obe8AAC
************************************************************
************************************************************
FileName: reports/DATA_MIGRATION/Vouchers_that_need_to_be_expired.report
FullName/Id: DATA_MIGRATION/Vouchers_that_need_to_be_expired/00O61000003nDPfEAM
Manageable State: unmanaged
Namespace Prefix: null
Created By (Name/Id): Lynn Phillips/00561000000JTJQAA4
Last Modified By (Name/Id): Lynn Phillips/00561000000JTJQAA4
************************************************************
************************************************************
FileName: reports/DATA_MIGRATION/CHAPTER_HEALTH2.report
FullName/Id: DATA_MIGRATION/CHAPTER_HEALTH2/00O61000003myoGEAQ
Manageable State: unmanaged
Namespace Prefix: null
Created By (Name/Id): Data_Migration/00561000001Obe8AAC
Last Modified By (Name/Id): Data_Migration/00561000001Obe8AAC
************************************************************
************************************************************
FileName: reports/DATA_MIGRATION/POSITION.report
FullName/Id: DATA_MIGRATION/POSITION/00O61000003xJsGEAU
Manageable State: unmanaged
Namespace Prefix: null
Created By (Name/Id): Data_Migration/00561000001Obe8AAC
Last Modified By (Name/Id): Data_Migration/00561000001Obe8AAC
************************************************************
************************************************************
FileName: reports/DATA_MIGRATION/EXCEPTION2.report
FullName/Id: DATA_MIGRATION/EXCEPTION2/00O61000003xNTYEA2
Manageable State: unmanaged
Namespace Prefix: null
Created By (Name/Id): Data_Migration/00561000001Obe8AAC
Last Modified By (Name/Id): Data_Migration/00561000001Obe8AAC
************************************************************
************************************************************
FileName: reports/DATA_MIGRATION/REGION_HEALTH.report
FullName/Id: DATA_MIGRATION/REGION_HEALTH/00O61000003xP5iEAE
Manageable State: unmanaged
Namespace Prefix: null
Created By (Name/Id): Data_Migration/00561000001Obe8AAC
Last Modified By (Name/Id): Data_Migration/00561000001Obe8AAC
************************************************************
************************************************************
FileName: reports/DATA_MIGRATION/EVENT_ASSOCIATION.report
FullName/Id: DATA_MIGRATION/EVENT_ASSOCIATION/00O61000003i5AaEAI
Manageable State: unmanaged
Namespace Prefix: null
Created By (Name/Id): Data_Migration/00561000001Obe8AAC
Last Modified By (Name/Id): Data_Migration/00561000001Obe8AAC
************************************************************
************************************************************
FileName: reports/DATA_MIGRATION/CONTACTS.report
FullName/Id: DATA_MIGRATION/CONTACTS/00O61000003xHiiEAE
Manageable State: unmanaged
Namespace Prefix: null
Created By (Name/Id): Data_Migration/00561000001Obe8AAC
Last Modified By (Name/Id): Data_Migration/00561000001Obe8AAC
************************************************************
************************************************************
FileName: reports/DATA_MIGRATION/TRAINING.report
FullName/Id: DATA_MIGRATION/TRAINING/00O61000003xKmTEAU
Manageable State: unmanaged
Namespace Prefix: null
Created By (Name/Id): Data_Migration/00561000001Obe8AAC
Last Modified By (Name/Id): Data_Migration/00561000001Obe8AAC
************************************************************
************************************************************
FileName: reports/DATA_MIGRATION/DATA_DEFECTS.report
FullName/Id: DATA_MIGRATION/DATA_DEFECTS/00O61000003xNPWEA2
Manageable State: unmanaged
Namespace Prefix: null
Created By (Name/Id): Data_Migration/00561000001Obe8AAC
Last Modified By (Name/Id): Louis Nguyen/00561000001OazKAAS
************************************************************
************************************************************
FileName: reports/DATA_MIGRATION/EVENT.report
FullName/Id: DATA_MIGRATION/EVENT/00O61000003xKjUEAU
Manageable State: unmanaged
Namespace Prefix: null
Created By (Name/Id): Data_Migration/00561000001Obe8AAC
Last Modified By (Name/Id): Data_Migration/00561000001Obe8AAC
************************************************************
************************************************************
FileName: reports/DATA_MIGRATION/AH_PartnerAccts.report
FullName/Id: DATA_MIGRATION/AH_PartnerAccts/00O61000003n7yUEAQ
Manageable State: unmanaged
Namespace Prefix: null
Created By (Name/Id): Data_Migration/00561000001Obe8AAC
Last Modified By (Name/Id): Data_Migration/00561000001Obe8AAC
************************************************************
